Fri Dec  6 13:52:58 2013 :: ROM is ready to rock on port 6100.
Fri Dec  6 19:52:59 2013 :: Sock.sinaddr:  50.150.41.218
Fri Dec  6 19:53:00 2013 :: Sock.sinaddr:  50.150.41.218
Fri Dec  6 19:53:00 2013 :: Sock.sinaddr:  50.150.41.218
Fri Dec  6 19:53:00 2013 :: Loading Zivilyn.
Fri Dec  6 19:53:00 2013 :: Sock.sinaddr:  50.150.41.218
Fri Dec  6 19:53:00 2013 :: Loading Jasper.
Fri Dec  6 19:53:00 2013 :: Loading Shimai.
Fri Dec  6 19:53:01 2013 :: Loading Yuuko.
Fri Dec  6 19:53:01 2013 :: Look out, Shimai@c-50-150-41-218.hsd1.ga.comcast.net has connected.
Fri Dec  6 19:53:01 2013 :: Look out, Yuuko@c-50-150-41-218.hsd1.ga.comcast.net has connected.
Fri Dec  6 19:53:07 2013 :: Sock.sinaddr:  68.115.14.144
Fri Dec  6 19:53:08 2013 :: Sock.sinaddr:  50.150.41.218
Fri Dec  6 19:53:08 2013 :: Sock.sinaddr:  50.88.66.58
Fri Dec  6 19:53:08 2013 :: Loading Chislev.
Fri Dec  6 19:53:08 2013 :: Look out, Chislev@c-50-150-41-218.hsd1.ga.comcast.net has connected.
Fri Dec  6 19:53:09 2013 :: Look out, Jasper@c-50-150-41-218.hsd1.ga.comcast.net has connected.
Fri Dec  6 19:53:14 2013 :: Loading Zeboim.
Fri Dec  6 19:53:14 2013 :: Loading Hiddukel.
Fri Dec  6 19:53:15 2013 :: Look out, Hiddukel@68-115-14-144.dhcp.stpt.wi.charter.com has connected.
Fri Dec  6 19:53:19 2013 :: Look out, Zeboim@50-88-66-58.res.bhn.net has connected.
Fri Dec  6 19:53:19 2013 :: Look out, Zivilyn@c-50-150-41-218.hsd1.ga.comcast.net has connected.
Fri Dec  6 19:53:36 2013 :: Sock.sinaddr:  50.88.66.58
Fri Dec  6 19:53:39 2013 :: Loading Natascha.
Fri Dec  6 19:53:42 2013 :: Look out, Natascha@50-88-66-58.res.bhn.net has connected.
Fri Dec  6 19:55:04 2013 :: Log Hiddukel: asave changed
Fri Dec  6 19:55:04 2013 :: Log Hiddukel: copyover
Fri Dec  6 13:55:04 2013 :: ROM is ready to rock on port 6100.
Fri Dec  6 13:55:04 2013 :: Copyover recovery initiated
Fri Dec  6 13:55:04 2013 :: Loading Natascha.
Fri Dec  6 13:55:04 2013 :: Loading Zeboim.
Fri Dec  6 13:55:04 2013 :: Loading Chislev.
Fri Dec  6 13:55:04 2013 :: Loading Hiddukel.
Fri Dec  6 13:55:04 2013 :: Loading Yuuko.
Fri Dec  6 13:55:04 2013 :: Loading Shimai.
Fri Dec  6 13:55:04 2013 :: Loading Jasper.
Fri Dec  6 13:55:04 2013 :: Loading Zivilyn.
Fri Dec  6 19:55:54 2013 :: Sock.sinaddr:  71.193.163.171
Fri Dec  6 19:55:59 2013 :: Loading Agravain.
Fri Dec  6 19:56:01 2013 :: Look out, Agravain@c-71-193-163-171.hsd1.wa.comcast.net has connected.
Fri Dec  6 19:58:38 2013 :: Log Hiddukel: asave changed
Fri Dec  6 19:58:38 2013 :: Log Hiddukel: copyover
Fri Dec  6 13:58:38 2013 :: ROM is ready to rock on port 6100.
Fri Dec  6 13:58:38 2013 :: Copyover recovery initiated
Fri Dec  6 13:58:38 2013 :: Loading Agravain.
Fri Dec  6 13:58:38 2013 :: Loading Zivilyn.
Fri Dec  6 13:58:38 2013 :: Loading Jasper.
Fri Dec  6 13:58:38 2013 :: Loading Shimai.
Fri Dec  6 13:58:38 2013 :: Loading Yuuko.
Fri Dec  6 13:58:38 2013 :: Loading Hiddukel.
Fri Dec  6 13:58:38 2013 :: Loading Chislev.
Fri Dec  6 13:58:38 2013 :: Loading Zeboim.
Fri Dec  6 13:58:38 2013 :: Loading Natascha.
Fri Dec  6 20:01:00 2013 :: Agravain has quit.
Fri Dec  6 20:04:34 2013 :: Sock.sinaddr:  72.51.162.59
Fri Dec  6 20:04:42 2013 :: Loading Gilean.
Fri Dec  6 20:04:44 2013 :: Look out, Gilean@host-72-51-162-59.newwavecomm.net has connected.
Fri Dec  6 20:05:20 2013 :: 50-88-66-58.res.bhn.net input spamming!
Fri Dec  6 20:05:48 2013 :: Sock.sinaddr:  72.51.162.59
Fri Dec  6 20:05:49 2013 :: Loading Fraener.
Fri Dec  6 20:05:49 2013 :: Look out, Fraener@host-72-51-162-59.newwavecomm.net has connected.
Fri Dec  6 20:07:15 2013 :: Log Gilean: snoop jasper
Fri Dec  6 20:07:31 2013 :: 50-88-66-58.res.bhn.net input spamming!
Fri Dec  6 20:09:20 2013 :: Log Hiddukel: asp gilean snoop self
Fri Dec  6 20:09:20 2013 :: Log Gilean: snoop self
Fri Dec  6 20:09:32 2013 :: Log Hiddukel: protect jasper
Fri Dec  6 20:09:33 2013 :: Yuuko has quit.
Fri Dec  6 20:09:41 2013 :: Jasper has quit.
Fri Dec  6 20:10:38 2013 :: Log Hiddukel: laston silynt
Fri Dec  6 20:11:28 2013 :: Sock.sinaddr:  72.51.162.59
Fri Dec  6 20:11:28 2013 :: Loading Delacroix.
Fri Dec  6 20:11:29 2013 :: Look out, Delacroix@host-72-51-162-59.newwavecomm.net has connected.
Fri Dec  6 20:12:12 2013 :: Fraener has quit.
Fri Dec  6 20:12:14 2013 :: Delacroix has quit.
Fri Dec  6 20:12:18 2013 :: Sock.sinaddr:  72.51.162.59
Fri Dec  6 20:12:19 2013 :: Loading Sarthis.
Fri Dec  6 20:12:19 2013 :: Look out, Sarthis@host-72-51-162-59.newwavecomm.net has connected.
Fri Dec  6 20:12:30 2013 :: 50-88-66-58.res.bhn.net input spamming!
Fri Dec  6 20:12:42 2013 :: Log Gilean: snoop shimai
Fri Dec  6 20:15:03 2013 :: Sarthis has quit.
Fri Dec  6 20:15:12 2013 :: Sock.sinaddr:  72.51.162.59
Fri Dec  6 20:15:13 2013 :: Loading Uundiel.
Fri Dec  6 20:15:13 2013 :: Look out, Uundiel@host-72-51-162-59.newwavecomm.net has connected.
Fri Dec  6 20:15:52 2013 :: Uundiel has quit.
Fri Dec  6 20:17:55 2013 :: [*****] BUG: buffer overflow past size 16384
Fri Dec  6 20:18:38 2013 :: Log Gilean: fremove zeboim
Fri Dec  6 20:19:27 2013 :: Log Hiddukel: force zeboim fremove gilean
Fri Dec  6 20:19:27 2013 :: Log Zeboim: fremove gilean
Fri Dec  6 20:20:39 2013 :: Log Gilean: fremove hiddukel
Fri Dec  6 20:20:45 2013 :: Log Gilean: fremove hiddukel
Fri Dec  6 20:21:32 2013 :: [*****] BUG: buffer overflow past size 16384
Fri Dec  6 20:21:59 2013 :: [*****] BUG: buffer overflow past size 16384
Fri Dec  6 20:22:28 2013 :: Log Hiddukel: asp gilean fremove hiddukel
Fri Dec  6 20:22:28 2013 :: Log Gilean: fremove hiddukel
Fri Dec  6 20:22:53 2013 :: Log Gilean: snoop self
Fri Dec  6 20:23:02 2013 :: [*****] BUG: buffer overflow past size 16384
Fri Dec  6 20:24:01 2013 :: Log Gilean: fremove hiddukel
Fri Dec  6 20:24:12 2013 :: Log Gilean: smite hiddukel
Fri Dec  6 20:26:44 2013 :: Log Gilean: penalize zeboim 1
Fri Dec  6 20:27:04 2013 :: Log Gilean: teleport
Fri Dec  6 20:29:15 2013 :: [*****] BUG: buffer overflow past size 16384
Fri Dec  6 20:30:27 2013 :: Sock.sinaddr:  74.61.33.247
Fri Dec  6 20:30:34 2013 :: Loading Syrieni.
Fri Dec  6 20:30:40 2013 :: Look out, Syrieni@74-61-33-247.war.clearwire-wmx.net has connected.
Fri Dec  6 20:31:12 2013 :: Log Gilean: lose syr
Fri Dec  6 20:33:43 2013 :: Log Gilean: lose syr
Fri Dec  6 20:33:44 2013 :: Gilean has quit.
Fri Dec  6 20:34:46 2013 :: Syrieni has quit.
Fri Dec  6 20:36:14 2013 :: Log Hiddukel: fslay
Fri Dec  6 20:36:25 2013 :: Log Hiddukel: fslay shimari slit
Fri Dec  6 20:36:32 2013 :: Log Hiddukel: fslay shimai slit
Fri Dec  6 20:38:55 2013 :: Sock.sinaddr:  74.61.33.247
Fri Dec  6 20:39:00 2013 :: Loading Syrieni.
Fri Dec  6 20:39:04 2013 :: Look out, Syrieni@74-61-33-247.war.clearwire-wmx.net has connected.
Fri Dec  6 20:39:53 2013 :: Syrieni has quit.
Fri Dec  6 20:47:11 2013 :: Sock.sinaddr:  74.61.33.247
Fri Dec  6 20:47:16 2013 :: Loading Syrieni.
Fri Dec  6 20:47:20 2013 :: Look out, Syrieni@74-61-33-247.war.clearwire-wmx.net has connected.
Fri Dec  6 20:48:38 2013 :: Syrieni has quit.
Fri Dec  6 20:58:41 2013 :: Log Hiddukel: disable
Fri Dec  6 20:59:39 2013 :: Log Hiddukel: disable send
Fri Dec  6 21:05:57 2013 :: Natascha has quit.
Fri Dec  6 21:09:30 2013 :: Shimai has quit.
Fri Dec  6 21:13:48 2013 :: Sock.sinaddr:  74.61.33.247
Fri Dec  6 21:13:56 2013 :: Loading Syrieni.
Fri Dec  6 21:14:00 2013 :: Look out, Syrieni@74-61-33-247.war.clearwire-wmx.net has connected.
Fri Dec  6 21:14:09 2013 :: Syrieni has quit.
Fri Dec  6 21:18:43 2013 :: Sock.sinaddr:  107.209.90.20
Fri Dec  6 21:18:44 2013 :: Loading Jerrid.
Fri Dec  6 21:18:45 2013 :: Look out, Jerrid@107-209-90-20.lightspeed.miamfl.sbcglobal.net has connected.
Fri Dec  6 21:18:58 2013 :: Jerrid has quit.
Fri Dec  6 21:33:53 2013 :: Sock.sinaddr:  24.26.55.5
Fri Dec  6 21:33:55 2013 :: Loading Yerthorn.
Fri Dec  6 21:33:58 2013 :: Look out, Yerthorn@cpe-24-26-55-5.natwky.res.rr.com has connected.
Fri Dec  6 21:34:02 2013 :: Yerthorn has quit.
Fri Dec  6 21:36:13 2013 :: Sock.sinaddr:  50.88.66.58
Fri Dec  6 21:36:16 2013 :: Loading Natascha.
Fri Dec  6 21:36:18 2013 :: Look out, Natascha@50-88-66-58.res.bhn.net has connected.
Fri Dec  6 21:43:15 2013 :: Sock.sinaddr:  50.150.41.218
Fri Dec  6 21:43:16 2013 :: Loading Shimai.
Fri Dec  6 21:43:16 2013 :: Look out, Shimai@c-50-150-41-218.hsd1.ga.comcast.net has connected.
Fri Dec  6 21:43:32 2013 :: Sock.sinaddr:  76.182.160.90
Fri Dec  6 21:43:33 2013 :: Loading Mikhal.
Fri Dec  6 21:43:34 2013 :: Look out, Mikhal@cpe-076-182-160-090.sc.res.rr.com has connected.
Read_from_descriptor: Connection timed out
Fri Dec  6 21:52:10 2013 :: Closing link to Hiddukel.
Fri Dec  6 22:00:33 2013 :: Mikhal has quit.
Fri Dec  6 22:00:33 2013 :: [*****] BUG: update_char: Trying to work with an invalidated character.

Fri Dec  6 22:01:52 2013 :: Sock.sinaddr:  76.182.160.90
Fri Dec  6 22:01:54 2013 :: Loading Mikhal.
Fri Dec  6 22:01:55 2013 :: Look out, Mikhal@cpe-076-182-160-090.sc.res.rr.com has connected.
Fri Dec  6 22:01:58 2013 :: Mikhal has quit.
