Sat Jun  8 12:37:05 2013 :: ROM is ready to rock on port 6100.
Sat Jun  8 18:37:08 2013 :: Sock.sinaddr:  66.56.38.105
Sat Jun  8 18:37:08 2013 :: Loading Chislev.
Sat Jun  8 18:37:09 2013 :: Look out, Chislev@c-66-56-38-105.hsd1.ga.comcast.net has connected.
Sat Jun  8 18:37:19 2013 :: Sock.sinaddr:  68.117.84.107
Sat Jun  8 18:37:26 2013 :: Loading Hiddukel.
Sat Jun  8 18:37:27 2013 :: Look out, Hiddukel@68-117-84-107.dhcp.eucl.wi.charter.com has connected.
Sat Jun  8 18:43:16 2013 :: Sock.sinaddr:  107.198.75.48
Sat Jun  8 18:43:18 2013 :: Loading Sirrion.
Sat Jun  8 18:43:19 2013 :: Look out, Sirrion@107-198-75-48.lightspeed.nsvltn.sbcglobal.net has connected.
Sat Jun  8 18:44:44 2013 :: Log Hiddukel: pload zivilyn
Sat Jun  8 18:44:44 2013 :: Loading zivilyn.
Sat Jun  8 18:44:53 2013 :: Log Hiddukel: asp zivilyn eq
Sat Jun  8 18:46:34 2013 :: Log Hiddukel: mark zi
Sat Jun  8 18:46:43 2013 :: Log Hiddukel: mark zivilyn Life
Sat Jun  8 18:47:03 2013 :: Log Hiddukel: asp zivilyn eq
Sat Jun  8 18:47:16 2013 :: Log Hiddukel: empower zivilyn 107
Sat Jun  8 18:47:48 2013 :: Chislev has quit.
Sat Jun  8 18:48:01 2013 :: Log Hiddukel: mark as
Sat Jun  8 18:48:08 2013 :: Log Hiddukel: mark zivilyn life
Sat Jun  8 18:48:15 2013 :: Sock.sinaddr:  66.56.38.105
Sat Jun  8 18:48:16 2013 :: Loading Chislev.
Sat Jun  8 18:48:16 2013 :: Look out, Chislev@c-66-56-38-105.hsd1.ga.comcast.net has connected.
Sat Jun  8 18:48:58 2013 :: Log Hiddukel: force zivilyn save
Sat Jun  8 18:49:01 2013 :: Log Hiddukel: punload zivilyn
Sat Jun  8 18:49:01 2013 :: Zivilyn has quit.
Sat Jun  8 18:49:09 2013 :: Log Hiddukel: pload kiri
Sat Jun  8 18:49:09 2013 :: Loading kiri.
Sat Jun  8 18:49:13 2013 :: Log Hiddukel: pload chemosh
Sat Jun  8 18:49:13 2013 :: Loading chemosh.
Sat Jun  8 18:49:25 2013 :: Log Hiddukel: pload sargonnas
Sat Jun  8 18:49:25 2013 :: Loading sargonnas.
Sat Jun  8 18:51:25 2013 :: Log Hiddukel: pload l
Sat Jun  8 18:51:44 2013 :: Log Hiddukel: empower sargonnas 107
Sat Jun  8 18:51:54 2013 :: Log Hiddukel: mark sargonnas destruction
Sat Jun  8 18:51:59 2013 :: Log Hiddukel: force sargonnas save
Sat Jun  8 18:52:02 2013 :: Log Hiddukel: punload sargonnas
Sat Jun  8 18:52:02 2013 :: Sargonnas has quit.
Sat Jun  8 18:52:26 2013 :: Log Hiddukel: empower chemosh 107
Sat Jun  8 18:52:58 2013 :: Log Hiddukel: mark chemosh death
Sat Jun  8 18:53:05 2013 :: Log Hiddukel: force chemosh save
Sat Jun  8 18:53:07 2013 :: Log Hiddukel: punload chemosh
Sat Jun  8 18:53:07 2013 :: Chemosh has quit.
Sat Jun  8 18:53:25 2013 :: Log Hiddukel: empower kiri 104
Sat Jun  8 18:53:35 2013 :: Log Hiddukel: mark kiri justice
Sat Jun  8 18:53:44 2013 :: Log Hiddukel: force kiri save
Sat Jun  8 18:53:46 2013 :: Log Hiddukel: punload kiri
Sat Jun  8 18:53:46 2013 :: Kiri has quit.
Sat Jun  8 18:53:58 2013 :: Log Hiddukel: pload lunitari
Sat Jun  8 18:53:58 2013 :: Loading lunitari.
Sat Jun  8 18:54:07 2013 :: Log Hiddukel: empower lunitari 104
Sat Jun  8 18:54:21 2013 :: Log Hiddukel: mark lunitari redmagic
Sat Jun  8 18:54:33 2013 :: Log Hiddukel: force luni save
Sat Jun  8 18:54:39 2013 :: Log Hiddukel: punload luni
Sat Jun  8 18:54:39 2013 :: Lunitari has quit.
Sat Jun  8 18:55:35 2013 :: Log Hiddukel: empower sirrion 105
Sat Jun  8 18:55:46 2013 :: Log Hiddukel: mark sirrion 
Sat Jun  8 18:55:57 2013 :: Log Hiddukel: mark sirrion flame
Sat Jun  8 18:58:53 2013 :: Sock.sinaddr:  50.88.66.58
Sat Jun  8 18:58:59 2013 :: Loading Zeboim.
Sat Jun  8 18:59:02 2013 :: Look out, Zeboim@50-88-66-58.res.bhn.net has connected.
Sat Jun  8 19:05:33 2013 :: Log Chislev: transfer zeb
Sat Jun  8 19:10:08 2013 :: Sirrion has quit.
Sat Jun  8 19:11:55 2013 :: Sock.sinaddr:  107.198.75.48
Sat Jun  8 19:11:57 2013 :: Loading Sirrion.
Sat Jun  8 19:11:58 2013 :: Look out, Sirrion@107-198-75-48.lightspeed.nsvltn.sbcglobal.net has connected.
Sat Jun  8 19:12:02 2013 :: Log Chislev: lastonimms zivilyn
Sat Jun  8 19:15:50 2013 :: Sirrion has quit.
Sat Jun  8 19:16:52 2013 :: Sock.sinaddr:  50.88.66.58
Sat Jun  8 19:16:54 2013 :: Loading Darkahn.
Sat Jun  8 19:16:55 2013 :: Look out, Darkahn@50-88-66-58.res.bhn.net has connected.
Sat Jun  8 19:17:28 2013 :: Log Chislev: transfer dark
Sat Jun  8 19:21:44 2013 :: Log Zeboim: echo ...as a dolphin.
Sat Jun  8 19:23:00 2013 :: Log Chislev: clone cookie
Sat Jun  8 19:26:41 2013 :: Log Zeboim: echo Zeboim burbles, '{cThere.{X'
Sat Jun  8 19:29:48 2013 :: Log Chislev: restore dark
Sat Jun  8 19:32:51 2013 :: Log Chislev: transfer zeb 1222
Sat Jun  8 19:33:46 2013 :: Log Chislev: transfer dark zeb
Sat Jun  8 19:33:53 2013 :: Sock.sinaddr:  66.56.38.105
Sat Jun  8 19:33:57 2013 :: Loading Zivilyn.
Sat Jun  8 19:34:02 2013 :: Look out, Zivilyn@c-66-56-38-105.hsd1.ga.comcast.net has connected.
Sat Jun  8 19:34:42 2013 :: Log Chislev: FORCE ZIVI USER
Sat Jun  8 19:34:58 2013 :: Log Chislev: force zivi socket
Sat Jun  8 19:37:00 2013 :: Log Chislev: laston immortal
Sat Jun  8 19:37:08 2013 :: Log Chislev: lastonimm
Sat Jun  8 19:37:33 2013 :: Log Chislev: transfer ziv
Sat Jun  8 19:39:12 2013 :: Log Zivilyn: restore
Sat Jun  8 19:40:17 2013 :: Log Chislev: transfer ziv
Sat Jun  8 20:10:40 2013 :: Darkahn has quit.
Sat Jun  8 20:11:12 2013 :: Sock.sinaddr:  66.56.38.105
Sat Jun  8 20:11:13 2013 :: Loading Rita.
Sat Jun  8 20:11:13 2013 :: Look out, Rita@c-66-56-38-105.hsd1.ga.comcast.net has connected.
Sat Jun  8 20:12:42 2013 :: Rita has quit.
Sat Jun  8 20:18:45 2013 :: Sock.sinaddr:  98.215.84.121
Sat Jun  8 20:18:52 2013 :: Loading Zeath.
Sat Jun  8 20:18:55 2013 :: Look out, Zeath@c-98-215-84-121.hsd1.il.comcast.net has connected.
Sat Jun  8 20:20:03 2013 :: Sock.sinaddr:  50.88.66.58
Sat Jun  8 20:20:05 2013 :: Loading Darkahn.
Sat Jun  8 20:20:06 2013 :: Look out, Darkahn@50-88-66-58.res.bhn.net has connected.
Sat Jun  8 20:21:58 2013 :: Darkahn has quit.
Read_from_descriptor: Connection timed out
Sat Jun  8 20:28:48 2013 :: Closing link to Hiddukel.
Sat Jun  8 20:33:31 2013 :: Zeath has quit.
Sat Jun  8 20:33:38 2013 :: Sock.sinaddr:  98.215.84.121
Sat Jun  8 20:34:12 2013 :: Loading Sharpfang.
Sat Jun  8 20:34:17 2013 :: Look out, Sharpfang@c-98-215-84-121.hsd1.il.comcast.net has connected.
Sat Jun  8 20:34:25 2013 :: Log Chislev: reward sharp 100000 nice
Sat Jun  8 20:34:34 2013 :: Log Chislev: reward sharp 100000 nice
Sat Jun  8 20:34:42 2013 :: Log Chislev: reward sharp 5000 nice
Sat Jun  8 20:34:42 2013 :: Sharpfang gained level 74
Sat Jun  8 20:42:45 2013 :: Sharpfang has quit.
Sat Jun  8 20:47:26 2013 :: Sock.sinaddr:  98.215.84.121
Sat Jun  8 20:47:30 2013 :: Loading Sharpfang.
Sat Jun  8 20:47:32 2013 :: Look out, Sharpfang@c-98-215-84-121.hsd1.il.comcast.net has connected.
