Tue Feb  4 19:58:23 2025 :: ROM is ready to rock on port 6100.
Tue Feb  4 19:58:23 2025 :: Could not backup players. Please report to Paladine.
Wed Feb  5 02:00:12 2025 :: Sock.sinaddr:  174.101.8.140
Wed Feb  5 02:00:14 2025 :: Loading Kolf.
Wed Feb  5 02:00:15 2025 :: Look out, Kolf@syn-174-101-008-140.res.spectrum.com has connected.
Wed Feb  5 02:00:26 2025 :: Log Kolf: pload rane
Wed Feb  5 02:00:26 2025 :: Loading rane.
Wed Feb  5 02:00:31 2025 :: Log Kolf: empower rane 10
Wed Feb  5 02:00:31 2025 :: [*****] BUG: Sig handler SIGSEGV
Wed Feb  5 02:00:31 2025 :: Saved zones:
Wed Feb  5 02:00:31 2025 :: None.
Tue Feb  4 20:00:31 2025 :: ROM is ready to rock on port 6100.
Tue Feb  4 20:00:31 2025 :: Could not backup players. Please report to Paladine.
Tue Feb  4 20:00:31 2025 :: Copyover recovery initiated
Tue Feb  4 20:00:31 2025 :: Loading Kolf.
Wed Feb  5 02:00:40 2025 :: Log Kolf: empower rane 3
Wed Feb  5 02:00:44 2025 :: Log Kolf: pload rane
Wed Feb  5 02:00:44 2025 :: Loading rane.
Wed Feb  5 02:00:47 2025 :: Log Kolf: empower rane 3
Wed Feb  5 02:00:50 2025 :: Log Kolf: empower rane 5
Wed Feb  5 02:00:53 2025 :: Log Kolf: empower rane 10
