Tue Feb  4 20:01:08 2025 :: ROM is ready to rock on port 6100.
Tue Feb  4 20:01:08 2025 :: Could not backup players. Please report to Paladine.
Wed Feb  5 02:01:20 2025 :: Sock.sinaddr:  174.101.8.140
Wed Feb  5 02:01:22 2025 :: Loading Kolf.
Wed Feb  5 02:01:23 2025 :: Look out, Kolf@syn-174-101-008-140.res.spectrum.com has connected.
Wed Feb  5 02:01:28 2025 :: Log Kolf: pload rane
Wed Feb  5 02:01:28 2025 :: Loading rane.
Wed Feb  5 02:01:32 2025 :: Log Kolf: asperson rane sco
Wed Feb  5 02:01:44 2025 :: Log Kolf: empower rane 7
Wed Feb  5 02:01:44 2025 :: [*****] BUG: Sig handler SIGSEGV
Wed Feb  5 02:01:44 2025 :: Saved zones:
Wed Feb  5 02:01:44 2025 :: None.
Tue Feb  4 20:01:44 2025 :: ROM is ready to rock on port 6100.
Tue Feb  4 20:01:44 2025 :: Could not backup players. Please report to Paladine.
Tue Feb  4 20:01:44 2025 :: Copyover recovery initiated
Tue Feb  4 20:01:44 2025 :: Loading Kolf.
Wed Feb  5 02:01:46 2025 :: Log Kolf: empower rane 7
Wed Feb  5 02:01:51 2025 :: Log Kolf: pload rane
Wed Feb  5 02:01:51 2025 :: Loading rane.
Wed Feb  5 02:01:54 2025 :: Log Kolf: empower rane 6
