Sun Jan 18 10:35:18 2009 :: ROM is ready to rock on port 6100.
Sun Jan 18 16:35:27 2009 :: Sock.sinaddr:  71.90.69.69
Sun Jan 18 16:35:29 2009 :: Loading Hiddukel.
Sun Jan 18 16:35:30 2009 :: Look out, Hiddukel@71-90-69-69.dhcp.stpt.wi.charter.com has connected.
Sun Jan 18 16:38:01 2009 :: Log Hiddukel: pload branchala
Sun Jan 18 16:38:01 2009 :: Loading branchala.
Sun Jan 18 16:38:05 2009 :: Log Hiddukel: asp branch i
Sun Jan 18 16:38:16 2009 :: Log Hiddukel: asp branch eq
Sun Jan 18 16:38:21 2009 :: Log Hiddukel: asp branch i
Sun Jan 18 16:38:35 2009 :: Log Hiddukel: asp branch l i favor
Sun Jan 18 16:38:41 2009 :: Log Hiddukel: asp branch l i wrath
Sun Jan 18 16:39:22 2009 :: Sock.sinaddr:  74.227.84.18
Sun Jan 18 16:39:24 2009 :: Loading Osseus.
Sun Jan 18 16:39:27 2009 :: Look out, Osseus@adsl-227-84-18.ilm.bellsouth.net has connected.
Sun Jan 18 16:40:12 2009 :: Sock.sinaddr:  24.88.107.233
Sun Jan 18 16:40:16 2009 :: Loading Theriss.
Sun Jan 18 16:40:18 2009 :: Look out, Theriss@cpe-024-088-107-233.sc.res.rr.com has connected.
Sun Jan 18 16:50:15 2009 :: Theriss has quit.
Sun Jan 18 16:54:02 2009 :: Branchala has quit.
Sun Jan 18 16:57:20 2009 :: Osseus has quit.
Sun Jan 18 16:58:41 2009 :: Sock.sinaddr:  99.14.105.217
Sun Jan 18 16:58:45 2009 :: Loading Rylinthai.
Sun Jan 18 16:58:46 2009 :: Look out, Rylinthai@ppp-99-14-105-217.dsl.ipltin.sbcglobal.net has connected.
Sun Jan 18 17:03:48 2009 :: Sock.sinaddr:  98.224.252.243
Sun Jan 18 17:03:53 2009 :: Loading Nymara.
Sun Jan 18 17:03:54 2009 :: Look out, Nymara@c-98-224-252-243.hsd1.mi.comcast.net has connected.
Sun Jan 18 17:04:06 2009 :: Nymara has quit.
Sun Jan 18 17:06:11 2009 :: Log Hiddukel: pload branchala
Sun Jan 18 17:06:11 2009 :: Loading branchala.
Sun Jan 18 17:06:14 2009 :: Log Hiddukel: asp branc i
Sun Jan 18 17:06:19 2009 :: Log Hiddukel: grab instant branch
Sun Jan 18 17:06:22 2009 :: Log Hiddukel: clone scroll
Sun Jan 18 17:06:22 2009 :: Log Hiddukel: clone scroll
Sun Jan 18 17:06:23 2009 :: Log Hiddukel: clone scroll
Sun Jan 18 17:06:23 2009 :: Log Hiddukel: clone scroll
Sun Jan 18 17:06:23 2009 :: Log Hiddukel: clone scroll
Sun Jan 18 17:07:31 2009 :: Log Hiddukel: trans grumpy
Sun Jan 18 17:07:35 2009 :: [*****] BUG: Sig handler SIGSEGV
Sun Jan 18 17:07:35 2009 :: Saved zones:
Sun Jan 18 17:07:35 2009 :: None.
Sun Jan 18 11:07:35 2009 :: ROM is ready to rock on port 6100.
Sun Jan 18 11:07:35 2009 :: Copyover recovery initiated
Sun Jan 18 11:07:35 2009 :: Loading Rylinthai.
Sun Jan 18 11:07:35 2009 :: Loading Hiddukel.
Sun Jan 18 17:08:48 2009 :: Sock.sinaddr:  74.227.84.18
Sun Jan 18 17:08:50 2009 :: Loading Osseus.
Sun Jan 18 17:08:52 2009 :: Look out, Osseus@adsl-227-84-18.ilm.bellsouth.net has connected.
Sun Jan 18 17:15:34 2009 :: Sock.sinaddr:  76.11.168.27
Sun Jan 18 17:15:38 2009 :: Loading Aerius.
Sun Jan 18 17:15:38 2009 :: Look out, Aerius@host-76-11-168-27.newwavecomm.net has connected.
Sun Jan 18 17:17:13 2009 :: Aerius has quit.
Sun Jan 18 17:33:07 2009 :: Log Hiddukel: trans grumpy
