Sun Apr  3 05:06:14 2011 :: ROM is ready to rock on port 6100.
Sun Apr  3 05:06:14 2011 :: Could not backup players. Please report to Paladine.
Sun Apr  3 11:06:17 2011 :: Sock.sinaddr:  75.135.162.91
Sun Apr  3 11:06:18 2011 :: Sock.sinaddr:  24.128.143.173
Sun Apr  3 11:06:20 2011 :: Loading Hiddukel.
Sun Apr  3 11:06:21 2011 :: Look out, Hiddukel@75-135-162-91.dhcp.stpt.wi.charter.com has connected.
Sun Apr  3 11:06:21 2011 :: Loading Kiree.
Sun Apr  3 11:06:23 2011 :: Sock.sinaddr:  74.171.93.18
Sun Apr  3 11:06:23 2011 :: Look out, Kiree@c-24-128-143-173.hsd1.nh.comcast.net has connected.
Sun Apr  3 11:06:26 2011 :: Log Hiddukel: pload linx
Sun Apr  3 11:06:26 2011 :: Loading linx.
Sun Apr  3 11:06:30 2011 :: Log Hiddukel: empower linx 100
Sun Apr  3 11:06:30 2011 :: [*****] BUG: Sig handler SIGSEGV
Sun Apr  3 11:06:30 2011 :: Saved zones:
Sun Apr  3 11:06:30 2011 :: None.
Sun Apr  3 05:06:30 2011 :: ROM is ready to rock on port 6100.
Sun Apr  3 05:06:30 2011 :: Could not backup players. Please report to Paladine.
Sun Apr  3 05:06:30 2011 :: Copyover recovery initiated
Sun Apr  3 05:06:30 2011 :: Loading Kiree.
Sun Apr  3 05:06:30 2011 :: Loading Hiddukel.
Sun Apr  3 11:06:34 2011 :: Sock.sinaddr:  74.171.93.18
Sun Apr  3 11:06:34 2011 :: Sock.sinaddr:  89.152.89.15
Sun Apr  3 11:06:34 2011 :: Loading Shinzo.
Sun Apr  3 11:06:35 2011 :: Look out, Shinzo@a89-152-89-15.cpe.netcabo.pt has connected.
Sun Apr  3 11:06:37 2011 :: Loading Sinjin.
Sun Apr  3 11:06:37 2011 :: Look out, Sinjin@adsl-074-171-093-018.sip.ags.bellsouth.net has connected.
Sun Apr  3 11:06:41 2011 :: Log Hiddukel: trans linx 3054
Sun Apr  3 11:06:42 2011 :: Shinzo has quit.
Sun Apr  3 11:06:44 2011 :: Sock.sinaddr:  89.152.89.15
Sun Apr  3 11:06:45 2011 :: Loading Solinari.
Sun Apr  3 11:06:45 2011 :: Look out, Solinari@a89-152-89-15.cpe.netcabo.pt has connected.
Sun Apr  3 11:07:04 2011 :: Sock.sinaddr:  98.217.215.65
Sun Apr  3 11:07:15 2011 :: Closing link to Haden.
Sun Apr  3 11:07:17 2011 :: Sock.sinaddr:  98.217.215.65
Sun Apr  3 11:07:19 2011 :: Loading Haeden.
Sun Apr  3 11:07:22 2011 :: Look out, Haeden@c-98-217-215-65.hsd1.nh.comcast.net has connected.
Sun Apr  3 11:07:36 2011 :: Log Hiddukel: gecho Testing something real quick folks.. sorry for the crashes
Sun Apr  3 11:07:45 2011 :: Log Hiddukel: trans solinari
Sun Apr  3 11:07:50 2011 :: Log Hiddukel: empower solinari 103
Sun Apr  3 11:07:54 2011 :: Log Hiddukel: empower solinari 104
Sun Apr  3 11:08:48 2011 :: Log Hiddukel: mark so
Sun Apr  3 11:08:52 2011 :: Log Hiddukel: mark solinari WhiteMagic
Sun Apr  3 11:09:21 2011 :: Log Solinari: switch cel
Sun Apr  3 11:10:55 2011 :: Log Hiddukel: pload linx
Sun Apr  3 11:10:55 2011 :: Loading linx.
Sun Apr  3 11:10:58 2011 :: Log Hiddukel: empower linx 100
Sun Apr  3 11:11:25 2011 :: Log Hiddukel: trans linx 3054
Sun Apr  3 11:11:29 2011 :: Log Hiddukel: force linx save
Sun Apr  3 11:11:31 2011 :: Log Hiddukel: punload linx
Sun Apr  3 11:11:31 2011 :: Linx has quit.
Sun Apr  3 11:12:04 2011 :: Log Solinari: string char ether name R2D2
Sun Apr  3 11:12:04 2011 :: Log Solinari: string char r2d2 short R2D2
Sun Apr  3 11:12:04 2011 :: Log Solinari: string char r2d2 long {cR{x2D{c2{x the astromech droid is here, taking care of stuff.
Sun Apr  3 11:12:04 2011 :: Log Solinari: string char r2d2 desc {/   __ {/  /{c__{x\ {/_|_{Do{r.{x_|_{/{c|{x| {c--{x |{c|{/{c|{x| {c--{x |{c|{/{c|{x|____|{c|{x{//\ /\ /\{/
Sun Apr  3 11:12:14 2011 :: Sock.sinaddr:  89.152.89.15
Sun Apr  3 11:12:14 2011 :: Loading Ubaldo.
Sun Apr  3 11:12:14 2011 :: Look out, Ubaldo@a89-152-89-15.cpe.netcabo.pt has connected.
Sun Apr  3 11:12:43 2011 :: Ubaldo has quit.
Sun Apr  3 11:12:52 2011 :: Sock.sinaddr:  89.152.89.15
Sun Apr  3 11:12:53 2011 :: Loading Shinzo.
Sun Apr  3 11:12:53 2011 :: Look out, Shinzo@a89-152-89-15.cpe.netcabo.pt has connected.
Sun Apr  3 11:14:20 2011 :: Sock.sinaddr:  66.57.202.149
Sun Apr  3 11:14:22 2011 :: Loading Reorx.
Sun Apr  3 11:14:22 2011 :: Look out, Reorx@cpe-066-057-202-149.sc.res.rr.com has connected.
Sun Apr  3 11:14:34 2011 :: Sock.sinaddr:  66.57.202.149
Sun Apr  3 11:14:36 2011 :: Loading Oaellaelo.
Sun Apr  3 11:14:36 2011 :: Look out, Oaellaelo@cpe-066-057-202-149.sc.res.rr.com has connected.
Sun Apr  3 11:19:47 2011 :: Kiree has quit.
Sun Apr  3 11:19:50 2011 :: Sock.sinaddr:  24.128.143.173
Sun Apr  3 11:19:53 2011 :: Loading Kilee.
Sun Apr  3 11:19:54 2011 :: Look out, Kilee@c-24-128-143-173.hsd1.nh.comcast.net has connected.
Sun Apr  3 11:22:54 2011 :: Log Hiddukel: mark kilee redmagic
Sun Apr  3 11:23:19 2011 :: Kilee has quit.
Sun Apr  3 11:23:20 2011 :: Sock.sinaddr:  24.128.143.173
Sun Apr  3 11:23:22 2011 :: Loading Kiree.
Sun Apr  3 11:23:25 2011 :: Look out, Kiree@c-24-128-143-173.hsd1.nh.comcast.net has connected.
Sun Apr  3 11:25:27 2011 :: Sock.sinaddr:  66.254.236.154
Sun Apr  3 11:25:29 2011 :: Loading Sirrion.
Sun Apr  3 11:25:30 2011 :: Look out, Sirrion@nd-66-254-236-154.nat.nd.edu has connected.
Sun Apr  3 11:25:34 2011 :: Sock.sinaddr:  66.254.236.154
Sun Apr  3 11:25:35 2011 :: Loading Rayo.
Sun Apr  3 11:25:36 2011 :: Look out, Rayo@nd-66-254-236-154.nat.nd.edu has connected.
Sun Apr  3 11:28:48 2011 :: Log Solinari: clone parch
Sun Apr  3 11:29:02 2011 :: Log Solinari: clone parch
Sun Apr  3 11:32:40 2011 :: Sinjin has quit.
Sun Apr  3 11:32:50 2011 :: Sock.sinaddr:  74.171.93.18
Sun Apr  3 11:35:50 2011 :: nd-66-254-236-154.nat.nd.edu input spamming!
Sun Apr  3 11:45:49 2011 :: Haeden has quit.
Sun Apr  3 11:45:53 2011 :: Sock.sinaddr:  98.217.215.65
Sun Apr  3 11:49:27 2011 :: Morgion@c-98-217-215-65.hsd1.nh.comcast.net new player.
Sun Apr  3 11:49:37 2011 :: cpe-066-057-202-149.sc.res.rr.com input spamming!
Sun Apr  3 11:52:48 2011 :: Shinzo has quit.
Sun Apr  3 11:52:49 2011 :: Log Hiddukel: trans morgion 1209
Sun Apr  3 11:52:53 2011 :: Log Hiddukel: empower morgion 103
Sun Apr  3 11:53:29 2011 :: Log Hiddukel: admit morgion blackorder
Sun Apr  3 11:53:36 2011 :: Log Hiddukel: admit morgion blackorder leader
Sun Apr  3 11:53:53 2011 :: Log Hiddukel: notitle morgion
Sun Apr  3 12:04:01 2011 :: [*****] BUG: buffer overflow past size 16384
Sun Apr  3 12:04:02 2011 :: [*****] BUG: buffer overflow past size 16384
Sun Apr  3 12:04:46 2011 :: [*****] BUG: buffer overflow past size 16384
Sun Apr  3 12:12:43 2011 :: Oaellaelo has quit.
Sun Apr  3 12:13:52 2011 :: Sock.sinaddr:  74.67.31.253
Sun Apr  3 12:14:06 2011 :: Reorx has quit.
Sun Apr  3 12:15:21 2011 :: Luf@cpe-74-67-31-253.nycap.res.rr.com new player.
Sun Apr  3 12:19:31 2011 :: Kiree has quit.
Sun Apr  3 12:19:32 2011 :: Sock.sinaddr:  24.128.143.173
Sun Apr  3 12:19:34 2011 :: Loading Dasku.
Sun Apr  3 12:19:36 2011 :: Look out, Dasku@c-24-128-143-173.hsd1.nh.comcast.net has connected.
Sun Apr  3 12:23:20 2011 :: Log Morgion: fvlist
Sun Apr  3 12:23:33 2011 :: Log Morgion: fvlist room
Sun Apr  3 12:29:27 2011 :: Morgion has quit.
Sun Apr  3 12:34:30 2011 :: Solinari has quit.
Sun Apr  3 12:37:23 2011 :: Sock.sinaddr:  216.135.54.194
Sun Apr  3 12:37:25 2011 :: Loading Delacroix.
Sun Apr  3 12:37:27 2011 :: Look out, Delacroix@client001-static.c044772.customers.cinergycom.net has connected.
Sun Apr  3 12:43:48 2011 :: EOF encountered on read.
Sun Apr  3 12:43:48 2011 :: Closing link to Delacroix.
Sun Apr  3 12:43:59 2011 :: Sock.sinaddr:  216.135.54.194
Sun Apr  3 12:44:02 2011 :: Loading Delacroix.
Sun Apr  3 12:44:03 2011 :: Delacroix@client001-static.c044772.customers.cinergycom.net reconnected.
Sun Apr  3 12:48:21 2011 :: Delacroix has quit.
Sun Apr  3 12:49:34 2011 :: Sock.sinaddr:  66.254.236.154
Sun Apr  3 12:49:36 2011 :: Loading Pilarth.
Sun Apr  3 12:49:36 2011 :: Look out, Pilarth@nd-66-254-236-154.nat.nd.edu has connected.
Sun Apr  3 12:51:43 2011 :: Pilarth has quit.
Sun Apr  3 12:51:45 2011 :: Sock.sinaddr:  66.254.236.154
Sun Apr  3 12:51:47 2011 :: Loading Oroszlan.
Sun Apr  3 12:51:48 2011 :: Look out, Oroszlan@nd-66-254-236-154.nat.nd.edu has connected.
Sun Apr  3 12:52:43 2011 :: Sock.sinaddr:  98.217.215.65
Sun Apr  3 12:52:47 2011 :: Closing link to Morgoin.
Sun Apr  3 12:52:50 2011 :: Sock.sinaddr:  98.217.215.65
Sun Apr  3 12:52:58 2011 :: Closing link to Morgoin.
Sun Apr  3 12:53:01 2011 :: Sock.sinaddr:  98.217.215.65
Sun Apr  3 12:53:10 2011 :: Loading Morgion.
Sun Apr  3 12:53:14 2011 :: Look out, Morgion@c-98-217-215-65.hsd1.nh.comcast.net has connected.
Sun Apr  3 12:55:15 2011 :: Sock.sinaddr:  66.57.202.149
Sun Apr  3 12:55:16 2011 :: Loading Reorx.
Sun Apr  3 12:55:17 2011 :: Look out, Reorx@cpe-066-057-202-149.sc.res.rr.com has connected.
Sun Apr  3 12:55:26 2011 :: Log Hiddukel: laston tyrai
Sun Apr  3 12:55:30 2011 :: Log Hiddukel: laston tyrail
Sun Apr  3 12:57:17 2011 :: Oroszlan has quit.
Sun Apr  3 13:01:39 2011 :: [*****] BUG: buffer overflow past size 16384
Sun Apr  3 13:01:43 2011 :: Log Sirrion: switch cele
Sun Apr  3 13:04:35 2011 :: Sock.sinaddr:  212.112.122.7
Sun Apr  3 13:04:36 2011 :: Loading Tyrail.
Sun Apr  3 13:04:36 2011 :: Look out, Tyrail@212.112.122.7 has connected.
Sun Apr  3 13:06:37 2011 :: Log Sirrion: switch silv
Sun Apr  3 13:06:57 2011 :: Log Sirrion: switch guard
Sun Apr  3 13:07:22 2011 :: Log Morgion: string obj white name The {DWrath{x of {yDisease{x
Sun Apr  3 13:07:23 2011 :: Log Hiddukel: restore all
Sun Apr  3 13:08:15 2011 :: Log Morgion: string obj white short The {DWrath{x of {yDisease{x
Sun Apr  3 13:08:30 2011 :: Log Morgion: string obj tight short The {DWrath{x of {yDisease{x
Sun Apr  3 13:08:40 2011 :: Log Morgion: string obj light short The {DWrath{x of {yDisease{x
Sun Apr  3 13:08:53 2011 :: Tyrail has quit.
Sun Apr  3 13:09:04 2011 :: Log Morgion: string obj lightstaff short The {DWrath{x of {yDisease{x
Sun Apr  3 13:09:50 2011 :: Log Morgion: string obj lightstaff name The {DWrath{x of {yDisease{x
Sun Apr  3 13:10:03 2011 :: Log Morgion: string lightstaff name The {DWrath{x of {yDisease{x
Sun Apr  3 13:10:29 2011 :: Log Morgion: string obj lightstaff ex The {DWrath{x of {yDisease{x
Sun Apr  3 13:10:48 2011 :: Log Morgion: string obj divine ex The {DWrath{x of {yDisease{x
Sun Apr  3 13:10:59 2011 :: Log Morgion: string obj the ex The {DWrath{x of {yDisease{x
Sun Apr  3 13:11:27 2011 :: Log Morgion: string obj ex The {DWrath{x of {yDisease{x
Sun Apr  3 13:13:38 2011 :: Log Morgion: string obj light short The {DWrath{x of {yDisease{x
Sun Apr  3 13:13:57 2011 :: Log Sirrion: string char Dasku title - The {yPlagued{D Occultist{X
Sun Apr  3 13:14:48 2011 :: Reorx has quit.
Sun Apr  3 13:17:37 2011 :: Log Sirrion: string obj wrath name light
Sun Apr  3 13:17:46 2011 :: Log Sirrion: string object white name Wrath of Disease
Sun Apr  3 13:18:08 2011 :: Log Sirrion: string obj white name Wrath of Disease
Sun Apr  3 13:18:15 2011 :: Log Sirrion: string Wrath name wrath of disease
Sun Apr  3 13:18:19 2011 :: Log Sirrion: string obj Wrath name wrath of disease
Sun Apr  3 13:18:33 2011 :: Log Sirrion: string obj disease name wrath of disease
Sun Apr  3 13:19:12 2011 :: Sock.sinaddr:  98.93.109.60
Sun Apr  3 13:19:15 2011 :: Loading Linx.
Sun Apr  3 13:19:17 2011 :: Look out, Linx@adsl-93-109-60.owb.bellsouth.net has connected.
Sun Apr  3 13:19:43 2011 :: Log Sirrion: string obj the name lightstaff
Sun Apr  3 13:19:55 2011 :: Log Sirrion: string obj light short {DWrath{X of {YDisease{X
Sun Apr  3 13:20:12 2011 :: Log Sirrion: string obj light name wrath of disease
Sun Apr  3 13:20:58 2011 :: Log Sirrion: string obj wrath long Her elies a staff of wrath.
Sun Apr  3 13:21:03 2011 :: Hiddukel has quit.
Sun Apr  3 13:23:26 2011 :: adsl-93-109-60.owb.bellsouth.net input spamming!
Sun Apr  3 13:23:42 2011 :: Log Sirrion: switch shadowy
Sun Apr  3 13:24:01 2011 :: Log Sirrion: switch shadow
Sun Apr  3 13:24:11 2011 :: shadowy wraith assassinated by Sirrion at 12062
Sun Apr  3 13:24:50 2011 :: Log Sirrion: questreset sirrion
Sun Apr  3 13:25:18 2011 :: Log Sirrion: questreset sirrion
Sun Apr  3 13:26:01 2011 :: Log Morgion: string obj wrath long Here lies a staff of wrath.
Sun Apr  3 13:26:20 2011 :: Log Morgion: string obj wrath name staff
Sun Apr  3 13:26:39 2011 :: Log Sirrion: questreset sirrion
Sun Apr  3 13:26:44 2011 :: Sock.sinaddr:  98.66.212.17
Sun Apr  3 13:26:48 2011 :: Loading Sera.
Sun Apr  3 13:26:51 2011 :: Look out, Sera@adsl-66-212-17.asm.bellsouth.net has connected.
Sun Apr  3 13:27:43 2011 :: Log Sirrion: questreset
Sun Apr  3 13:27:49 2011 :: Log Sirrion: questreset sirrion
Sun Apr  3 13:27:58 2011 :: Sock.sinaddr:  98.66.212.17
Sun Apr  3 13:28:01 2011 :: Loading Zivilyn.
Sun Apr  3 13:28:04 2011 :: Look out, Zivilyn@adsl-66-212-17.asm.bellsouth.net has connected.
Sun Apr  3 13:28:33 2011 :: Log Morgion: string obj wrath name wrath
Sun Apr  3 13:28:38 2011 :: Log Sirrion: questreset sirrion
Sun Apr  3 13:28:40 2011 :: Log Morgion: string obj spear name wrath
Sun Apr  3 13:28:44 2011 :: Log Sirrion: questreset sirrion
Sun Apr  3 13:28:48 2011 :: Log Morgion: string obj staff name wrath
Sun Apr  3 13:29:05 2011 :: Log Sirrion: questreset rayo
Sun Apr  3 13:29:15 2011 :: Log Sirrion: questreset rayo
Sun Apr  3 13:29:40 2011 :: Sock.sinaddr:  98.66.212.17
Sun Apr  3 13:29:42 2011 :: Loading Evelyn.
Sun Apr  3 13:29:45 2011 :: Look out, Evelyn@adsl-66-212-17.asm.bellsouth.net has connected.
Sun Apr  3 13:31:21 2011 :: Log Zivilyn: snoop desku
Sun Apr  3 13:31:26 2011 :: Log Zivilyn: snoop dasku
Sun Apr  3 13:35:15 2011 :: Log Zivilyn: fslay
Sun Apr  3 13:37:25 2011 :: Log Zivilyn: snoop self
Sun Apr  3 13:38:32 2011 :: Linx has quit.
Sun Apr  3 13:38:33 2011 :: Sock.sinaddr:  98.93.109.60
Sun Apr  3 13:38:36 2011 :: Loading Chidak.
Sun Apr  3 13:38:43 2011 :: Look out, Chidak@adsl-93-109-60.owb.bellsouth.net has connected.
Sun Apr  3 13:39:22 2011 :: Sock.sinaddr:  98.66.212.17
Sun Apr  3 13:39:24 2011 :: Loading Dunith.
Sun Apr  3 13:39:25 2011 :: Look out, Dunith@adsl-66-212-17.asm.bellsouth.net has connected.
Sun Apr  3 13:41:39 2011 :: Sock.sinaddr:  66.254.236.154
Sun Apr  3 13:41:41 2011 :: Loading Pilarth.
Sun Apr  3 13:41:42 2011 :: Look out, Pilarth@nd-66-254-236-154.nat.nd.edu has connected.
Sun Apr  3 13:45:27 2011 :: [*****] BUG: buffer overflow past size 16384
Sun Apr  3 13:46:02 2011 :: [*****] BUG: buffer overflow past size 16384
Sun Apr  3 13:46:57 2011 :: Pilarth has quit.
Sun Apr  3 13:50:57 2011 :: Dasku has quit.
Sun Apr  3 13:55:20 2011 :: Evelyn has quit.
Sun Apr  3 13:55:25 2011 :: Sock.sinaddr:  98.66.212.17
Sun Apr  3 13:55:27 2011 :: Loading Kongol.
Sun Apr  3 13:55:28 2011 :: Look out, Kongol@adsl-66-212-17.asm.bellsouth.net has connected.
Sun Apr  3 13:55:40 2011 :: Kongol has quit.
Sun Apr  3 13:56:16 2011 :: Sock.sinaddr:  98.66.212.17
Sun Apr  3 13:56:23 2011 :: Loading Kongol.
Sun Apr  3 13:56:41 2011 :: Look out, Kongol@adsl-66-212-17.asm.bellsouth.net has connected.
Sun Apr  3 13:58:28 2011 :: Sock.sinaddr:  24.128.143.173
Sun Apr  3 13:58:34 2011 :: Loading Kilee.
Sun Apr  3 13:58:36 2011 :: Kilee. Bad Password. IP: c-24-128-143-173.hsd1.nh.comcast.net> how
Sun Apr  3 13:58:36 2011 :: Closing link to Kilee.
Sun Apr  3 13:58:53 2011 :: Sock.sinaddr:  24.128.143.173
Sun Apr  3 13:58:59 2011 :: Loading Kilee.
Sun Apr  3 13:59:01 2011 :: Look out, Kilee@c-24-128-143-173.hsd1.nh.comcast.net has connected.
Sun Apr  3 13:59:13 2011 :: Sock.sinaddr:  70.171.47.234
Sun Apr  3 13:59:17 2011 :: Loading Aurora.
Sun Apr  3 13:59:18 2011 :: Look out, Aurora@ip70-171-47-234.ga.at.cox.net has connected.
Sun Apr  3 13:59:22 2011 :: Sock.sinaddr:  98.66.212.17
Sun Apr  3 13:59:23 2011 :: Kilee has quit.
Sun Apr  3 13:59:24 2011 :: Loading Aerogos.
Sun Apr  3 13:59:25 2011 :: Sock.sinaddr:  24.128.143.173
Sun Apr  3 13:59:25 2011 :: Look out, Aerogos@adsl-66-212-17.asm.bellsouth.net has connected.
Sun Apr  3 13:59:29 2011 :: Loading Kilee.
Sun Apr  3 13:59:31 2011 :: Look out, Kilee@c-24-128-143-173.hsd1.nh.comcast.net has connected.
Sun Apr  3 13:59:38 2011 :: Aurora has quit.
Sun Apr  3 14:00:18 2011 :: Kilee has quit.
Sun Apr  3 14:03:32 2011 :: Aerogos has quit.
Sun Apr  3 14:07:01 2011 :: Sock.sinaddr:  70.171.47.234
Sun Apr  3 14:07:05 2011 :: Loading Dominique.
Sun Apr  3 14:07:07 2011 :: Look out, Dominique@ip70-171-47-234.ga.at.cox.net has connected.
Sun Apr  3 14:07:22 2011 :: Sock.sinaddr:  98.66.212.17
Sun Apr  3 14:07:24 2011 :: Loading Evelyn.
Sun Apr  3 14:07:25 2011 :: Look out, Evelyn@adsl-66-212-17.asm.bellsouth.net has connected.
Sun Apr  3 14:07:39 2011 :: Sock.sinaddr:  66.254.236.154
Sun Apr  3 14:07:41 2011 :: Loading Xeleo.
Sun Apr  3 14:07:42 2011 :: Look out, Xeleo@nd-66-254-236-154.nat.nd.edu has connected.
Sun Apr  3 14:09:45 2011 :: Log Sirrion: switch mino
Sun Apr  3 14:09:53 2011 :: necromancer minotaur assassinated by Sirrion at 19023
Sun Apr  3 14:11:24 2011 :: Xeleo has quit.
Sun Apr  3 14:12:01 2011 :: Log Sirrion: string char squire short C3PO
Sun Apr  3 14:12:09 2011 :: Log Sirrion: string char squire long C3PO is here.
Sun Apr  3 14:12:18 2011 :: Log Sirrion: string char squire name C3PO
Sun Apr  3 14:12:20 2011 :: Log Sirrion: switch c3
Sun Apr  3 14:13:15 2011 :: Sock.sinaddr:  84.91.41.142
Sun Apr  3 14:13:15 2011 :: Loading Telmus.
Sun Apr  3 14:13:16 2011 :: Look out, Telmus@sm2-84-91-41-142.netvisao.pt has connected.
Sun Apr  3 14:15:04 2011 :: Log Sirrion: switch c3
Sun Apr  3 14:15:55 2011 :: Sock.sinaddr:  84.91.41.142
Sun Apr  3 14:15:55 2011 :: Loading Telmus.
Sun Apr  3 14:15:57 2011 :: Closing link to Telmus.
Sun Apr  3 14:15:57 2011 :: Telmus@sm2-84-91-41-142.netvisao.pt reconnected.
Sun Apr  3 14:16:39 2011 :: Log Morgion: switch c3p0
Sun Apr  3 14:16:46 2011 :: Log Morgion: switch C3P0
Sun Apr  3 14:16:49 2011 :: Sock.sinaddr:  98.66.212.17
Sun Apr  3 14:16:51 2011 :: Loading Aerogos.
Sun Apr  3 14:16:52 2011 :: Look out, Aerogos@adsl-66-212-17.asm.bellsouth.net has connected.
Sun Apr  3 14:17:49 2011 :: Log Morgion: SWITCH C3PO
Sun Apr  3 14:17:56 2011 :: Log Sirrion: switch c3
Sun Apr  3 14:18:24 2011 :: Log Sirrion: switch c3
Sun Apr  3 14:19:11 2011 :: Log Sirrion: switch r2
Sun Apr  3 14:19:59 2011 :: tower guardian assassinated by Chidak at 9467
Sun Apr  3 14:23:55 2011 :: twisted being assassinated by Chidak at 9498
Sun Apr  3 14:24:33 2011 :: Dominique has quit.
Sun Apr  3 14:25:26 2011 :: Chidak has quit.
Sun Apr  3 14:25:26 2011 :: Sock.sinaddr:  98.93.109.60
Sun Apr  3 14:25:30 2011 :: Loading Linx.
Sun Apr  3 14:25:32 2011 :: Look out, Linx@adsl-93-109-60.owb.bellsouth.net has connected.
Sun Apr  3 14:25:43 2011 :: Aerogos has quit.
Sun Apr  3 14:26:13 2011 :: Linx has quit.
Sun Apr  3 14:26:14 2011 :: Sock.sinaddr:  98.93.109.60
Sun Apr  3 14:26:16 2011 :: Loading Chidak.
Sun Apr  3 14:26:21 2011 :: Look out, Chidak@adsl-93-109-60.owb.bellsouth.net has connected.
Sun Apr  3 14:27:01 2011 :: Chidak has quit.
Sun Apr  3 14:27:02 2011 :: Sock.sinaddr:  98.93.109.60
Sun Apr  3 14:27:04 2011 :: Loading Linx.
Sun Apr  3 14:27:07 2011 :: Look out, Linx@adsl-93-109-60.owb.bellsouth.net has connected.
Sun Apr  3 14:27:54 2011 :: adsl-66-212-17.asm.bellsouth.net input spamming!
Sun Apr  3 14:29:16 2011 :: adsl-66-212-17.asm.bellsouth.net input spamming!
Sun Apr  3 14:30:00 2011 :: Linx has quit.
Sun Apr  3 14:30:01 2011 :: Sock.sinaddr:  98.93.109.60
Sun Apr  3 14:30:08 2011 :: EOF encountered on read.
Sun Apr  3 14:32:06 2011 :: Sock.sinaddr:  98.93.110.213
Sun Apr  3 14:32:12 2011 :: Loading Casumi.
Sun Apr  3 14:32:14 2011 :: Look out, Casumi@adsl-93-110-213.owb.bellsouth.net has connected.
Sun Apr  3 14:33:06 2011 :: adsl-66-212-17.asm.bellsouth.net input spamming!
Sun Apr  3 14:33:08 2011 :: Log Morgion: fvlist
Sun Apr  3 14:33:13 2011 :: Log Morgion: fvlist obj
Sun Apr  3 14:36:38 2011 :: Casumi has quit.
Sun Apr  3 14:36:39 2011 :: Log Morgion: string obj staff extended ({mAncient{x)
Sun Apr  3 14:36:47 2011 :: Log Morgion: string obj wrath extended ({mAncient{x)
Sun Apr  3 14:37:51 2011 :: Log Morgion: string obj wrath short ({mAncient{x)
Sun Apr  3 14:38:10 2011 :: adsl-66-212-17.asm.bellsouth.net input spamming!
Sun Apr  3 14:38:36 2011 :: Log Morgion: string obj wrath short {DWrath{x of {yDisease{x
Sun Apr  3 14:39:57 2011 :: adsl-66-212-17.asm.bellsouth.net input spamming!
Sun Apr  3 14:40:37 2011 :: [*****] BUG: buffer overflow past size 16384
Sun Apr  3 14:41:19 2011 :: adsl-66-212-17.asm.bellsouth.net input spamming!
Sun Apr  3 14:41:24 2011 :: Sock.sinaddr:  124.197.44.18
Sun Apr  3 14:41:29 2011 :: Loading Cyvrin.
Sun Apr  3 14:41:32 2011 :: Look out, Cyvrin@124-197-44-18.callplus.net.nz has connected.
Sun Apr  3 14:42:40 2011 :: adsl-66-212-17.asm.bellsouth.net input spamming!
Sun Apr  3 14:46:48 2011 :: Cyvrin has quit.
Sun Apr  3 14:47:42 2011 :: Log Morgion: string obj wrath short ({yDiseased{x) ({DUnholy{x) {DWrath{x of {yDisease{x
Sun Apr  3 14:49:36 2011 :: Log Morgion: string obj wrath long A staff of d\isease lies here on the ground.
Sun Apr  3 14:49:44 2011 :: Log Morgion: string obj wrath long A staff of disease lies here on the ground.
Sun Apr  3 14:50:12 2011 :: Log Morgion: string obj wrath short ({yDiseased{x) ({DUnholy{x) {RWrath{x of {yDisease{x
Sun Apr  3 14:50:27 2011 :: adsl-66-212-17.asm.bellsouth.net input spamming!
Sun Apr  3 14:51:27 2011 :: Sock.sinaddr:  24.88.107.233
Sun Apr  3 14:51:29 2011 :: Loading Chemosh.
Sun Apr  3 14:51:31 2011 :: Look out, Chemosh@cpe-024-088-107-233.sc.res.rr.com has connected.
Sun Apr  3 14:51:48 2011 :: adsl-66-212-17.asm.bellsouth.net input spamming!
Sun Apr  3 14:52:27 2011 :: Log Zivilyn: reward rayo 1500 nice
Sun Apr  3 14:52:37 2011 :: Evelyn has quit.
Sun Apr  3 14:54:01 2011 :: adsl-66-212-17.asm.bellsouth.net input spamming!
Sun Apr  3 14:55:12 2011 :: Sock.sinaddr:  24.128.143.173
Sun Apr  3 14:55:15 2011 :: Loading Kiree.
Sun Apr  3 14:55:17 2011 :: Look out, Kiree@c-24-128-143-173.hsd1.nh.comcast.net has connected.
Sun Apr  3 14:56:16 2011 :: adsl-66-212-17.asm.bellsouth.net input spamming!
Sun Apr  3 14:56:16 2011 :: Kongol gained level 8
Sun Apr  3 14:57:19 2011 :: Log Chemosh: fslay ziv
Sun Apr  3 14:57:37 2011 :: Log Morgion: SWITCH exe
Sun Apr  3 14:57:40 2011 :: Log Zivilyn: apurge self
Sun Apr  3 14:57:46 2011 :: [*****] BUG: Damage: 1566: more than 1200 points!
Sun Apr  3 14:57:46 2011 :: [*****] BUG: Damage: 1598: more than 1200 points!
Sun Apr  3 14:58:49 2011 :: Log Zivilyn: murder chemosh
Sun Apr  3 14:59:00 2011 :: Log Zivilyn: apurge chemosh
Sun Apr  3 14:59:08 2011 :: Log Zivilyn: apurge chemosh
Sun Apr  3 14:59:16 2011 :: Log Zivilyn: apurge chemosh
Sun Apr  3 14:59:24 2011 :: Log Zivilyn: apurge chemosh
Sun Apr  3 14:59:32 2011 :: Log Zivilyn: apurge chemosh
Sun Apr  3 14:59:40 2011 :: Log Zivilyn: apurge chemosh
Sun Apr  3 14:59:48 2011 :: Log Zivilyn: apurge chemosh
Sun Apr  3 14:59:56 2011 :: Log Zivilyn: apurge chemosh
Sun Apr  3 15:00:04 2011 :: Log Zivilyn: apurge chemosh
Sun Apr  3 15:00:12 2011 :: Log Zivilyn: apurge chemosh
Sun Apr  3 15:00:20 2011 :: Log Zivilyn: apurge chemosh
Sun Apr  3 15:00:28 2011 :: Log Zivilyn: apurge chemosh
Sun Apr  3 15:00:56 2011 :: Log Zivilyn: murder sirrion
Sun Apr  3 15:00:59 2011 :: Sirrion organ ruptured by Zivilyn at 1204
Sun Apr  3 15:01:12 2011 :: Sock.sinaddr:  66.57.202.149
Sun Apr  3 15:01:13 2011 :: Log Zivilyn: apurge sirrion
Sun Apr  3 15:01:14 2011 :: Loading Reorx.
Sun Apr  3 15:01:14 2011 :: Look out, Reorx@cpe-066-057-202-149.sc.res.rr.com has connected.
Sun Apr  3 15:01:16 2011 :: Log Zivilyn: restore sirrion
Sun Apr  3 15:01:52 2011 :: adsl-66-212-17.asm.bellsouth.net input spamming!
Sun Apr  3 15:02:21 2011 :: Log Chemosh: apurge self
Sun Apr  3 15:02:26 2011 :: Log Morgion: fvlist
Sun Apr  3 15:02:34 2011 :: Sock.sinaddr:  98.93.123.78
Sun Apr  3 15:02:37 2011 :: Loading Alken.
Sun Apr  3 15:02:39 2011 :: Log Morgion: fvlist hunk
Sun Apr  3 15:02:40 2011 :: Look out, Alken@adsl-93-123-78.owb.bellsouth.net has connected.
Sun Apr  3 15:03:09 2011 :: Sock.sinaddr:  24.88.107.233
Sun Apr  3 15:03:14 2011 :: Log Zivilyn: FSLAY
Sun Apr  3 15:03:15 2011 :: Loading Sinjin.
Sun Apr  3 15:03:16 2011 :: Look out, Sinjin@adsl-074-171-093-018.sip.ags.bellsouth.net has connected.
Sun Apr  3 15:03:19 2011 :: Loading Karthis.
Sun Apr  3 15:03:20 2011 :: Look out, Karthis@cpe-024-088-107-233.sc.res.rr.com has connected.
Sun Apr  3 15:03:25 2011 :: Log Zivilyn: FSLAY REORX 9MM
Sun Apr  3 15:03:31 2011 :: [*****] BUG: buffer overflow past size 16384
Sun Apr  3 15:03:36 2011 :: Log Zivilyn: transfer reorx
Sun Apr  3 15:03:38 2011 :: Log Zivilyn: restore reorx
Sun Apr  3 15:03:45 2011 :: Log Reorx: smite zivilyn
Sun Apr  3 15:04:30 2011 :: Log Chemosh: apurge kar
Sun Apr  3 15:05:10 2011 :: Dunith has quit.
Sun Apr  3 15:05:51 2011 :: adsl-66-212-17.asm.bellsouth.net input spamming!
Sun Apr  3 15:05:54 2011 :: Sock.sinaddr:  173.17.9.71
Sun Apr  3 15:05:58 2011 :: Loading Isekai.
Sun Apr  3 15:06:00 2011 :: Look out, Isekai@173-17-9-71.client.mchsi.com has connected.
Sun Apr  3 15:06:08 2011 :: Alken has quit.
Sun Apr  3 15:07:05 2011 :: Kiree has quit.
Sun Apr  3 15:07:13 2011 :: adsl-66-212-17.asm.bellsouth.net input spamming!
Sun Apr  3 15:08:34 2011 :: adsl-66-212-17.asm.bellsouth.net input spamming!
Sun Apr  3 15:09:55 2011 :: adsl-66-212-17.asm.bellsouth.net input spamming!
Sun Apr  3 15:10:04 2011 :: Sock.sinaddr:  98.66.212.17
Sun Apr  3 15:10:06 2011 :: Loading Evelyn.
Sun Apr  3 15:10:10 2011 :: Look out, Evelyn@adsl-66-212-17.asm.bellsouth.net has connected.
Sun Apr  3 15:10:59 2011 :: Sock.sinaddr:  71.226.174.166
Sun Apr  3 15:11:03 2011 :: Loading Arlanthis.
Sun Apr  3 15:11:05 2011 :: Look out, Arlanthis@c-71-226-174-166.hsd1.sc.comcast.net has connected.
Sun Apr  3 15:11:45 2011 :: Sock.sinaddr:  24.88.107.233
Sun Apr  3 15:11:47 2011 :: Loading Cyrus.
Sun Apr  3 15:11:48 2011 :: Look out, Cyrus@cpe-024-088-107-233.sc.res.rr.com has connected.
Sun Apr  3 15:12:13 2011 :: Log Chemosh: transfer cyrus 3000
Sun Apr  3 15:15:28 2011 :: adsl-66-212-17.asm.bellsouth.net input spamming!
Sun Apr  3 15:15:34 2011 :: adsl-66-212-17.asm.bellsouth.net input spamming!
Sun Apr  3 15:15:38 2011 :: horse assassinated by Cyrus at 3369
Sun Apr  3 15:15:41 2011 :: adsl-66-212-17.asm.bellsouth.net input spamming!
Sun Apr  3 15:16:42 2011 :: Log Zivilyn: snoop sinjin
Sun Apr  3 15:16:45 2011 :: Log Zivilyn: snoop arlanthis
Sun Apr  3 15:16:49 2011 :: Log Zivilyn: snoop evelyn
Sun Apr  3 15:16:51 2011 :: Log Zivilyn: snoop self
Sun Apr  3 15:16:59 2011 :: Log Zivilyn: snoop arlanthis
Sun Apr  3 15:17:02 2011 :: Log Zivilyn: snoop sinjin
Sun Apr  3 15:17:27 2011 :: adsl-66-212-17.asm.bellsouth.net input spamming!
Sun Apr  3 15:17:33 2011 :: adsl-66-212-17.asm.bellsouth.net input spamming!
Sun Apr  3 15:17:54 2011 :: Log Chemosh: switch dranth
Sun Apr  3 15:18:40 2011 :: Sock.sinaddr:  98.66.212.17
Read_from_descriptor: Connection reset by peer
Sun Apr  3 15:19:41 2011 :: Log Zivilyn: snoop self
Sun Apr  3 15:20:29 2011 :: Log Chemosh: snoop arlanthis
Sun Apr  3 15:20:43 2011 :: Log Chemosh: switch dranth
Sun Apr  3 15:20:50 2011 :: Log dranth stable boy: snoop self
Sun Apr  3 15:20:56 2011 :: Log dranth stable boy: murder arl
Sun Apr  3 15:23:14 2011 :: Cyrus has quit.
Sun Apr  3 15:24:40 2011 :: Log Chemosh: snoop arl
Sun Apr  3 15:24:59 2011 :: Log Chemosh: snoop self
Sun Apr  3 15:29:22 2011 :: Log Chemosh: switch celest
Sun Apr  3 15:31:44 2011 :: Log Zivilyn: snoop sinjin
Sun Apr  3 15:33:34 2011 :: Sock.sinaddr:  98.93.109.60
Sun Apr  3 15:33:38 2011 :: Loading Linx.
Sun Apr  3 15:33:40 2011 :: Look out, Linx@adsl-93-109-60.owb.bellsouth.net has connected.
Sun Apr  3 15:35:51 2011 :: Sock.sinaddr:  24.128.143.173
Sun Apr  3 15:35:56 2011 :: Loading Dasku.
Sun Apr  3 15:35:57 2011 :: Look out, Dasku@c-24-128-143-173.hsd1.nh.comcast.net has connected.
Sun Apr  3 15:36:14 2011 :: Sock.sinaddr:  66.57.202.149
Sun Apr  3 15:36:15 2011 :: Loading Druul.
Sun Apr  3 15:36:15 2011 :: Look out, Druul@cpe-066-057-202-149.sc.res.rr.com has connected.
Sun Apr  3 15:36:50 2011 :: Log Zivilyn: laston aleksei
Sun Apr  3 15:41:02 2011 :: Dasku has quit.
Sun Apr  3 15:43:42 2011 :: Log Chemosh: apurge self
Sun Apr  3 15:43:48 2011 :: Sinjin killed by Chemosh at 13789
Sun Apr  3 15:44:02 2011 :: Log Zivilyn: snoop self
Sun Apr  3 15:44:04 2011 :: Log Chemosh: apurge self
Sun Apr  3 15:44:06 2011 :: Log Zivilyn: snoop arlanthis
Sun Apr  3 15:44:13 2011 :: Log Chemosh: load obj skin
Sun Apr  3 15:44:47 2011 :: Log Chemosh: purge
Sun Apr  3 15:45:18 2011 :: Log Chemosh: apurge sinjin
Sun Apr  3 15:45:32 2011 :: Log Chemosh: string obj tat short a tattoo of a fat old lady
Sun Apr  3 15:45:38 2011 :: Log Chemosh: string obj tat name fat old lady
Sun Apr  3 15:45:47 2011 :: Log Chemosh: string obj skin name fat old lady
Sun Apr  3 15:46:07 2011 :: Log Chemosh: string obj skin short a tattoo of a fat old lady
Sun Apr  3 15:46:12 2011 :: Log Chemosh: string obj fat short a tattoo of a fat old lady
Sun Apr  3 15:47:12 2011 :: Rayo has quit.
Sun Apr  3 15:47:25 2011 :: Druul has quit.
Sun Apr  3 15:56:16 2011 :: Sock.sinaddr:  66.57.202.149
Sun Apr  3 15:56:23 2011 :: Loading Druul.
Sun Apr  3 15:56:23 2011 :: Look out, Druul@cpe-066-057-202-149.sc.res.rr.com has connected.
Sun Apr  3 15:56:33 2011 :: Log Reorx: transfer druul 3107
Sun Apr  3 15:57:03 2011 :: Log Chemosh: snoop arl
Sun Apr  3 15:57:11 2011 :: Log Chemosh: snoop sinjin
Sun Apr  3 15:58:32 2011 :: Log Sinjin: murder morg
Sun Apr  3 15:58:34 2011 :: Isekai killed by Morgion at 3005
Sun Apr  3 15:59:55 2011 :: [*****] BUG: Unequip_char: already unequipped.
Sun Apr  3 15:59:55 2011 :: [*****] BUG: Unequip_char: already unequipped.
Sun Apr  3 15:59:55 2011 :: [*****] BUG: Unequip_char: already unequipped.
Sun Apr  3 15:59:55 2011 :: [*****] BUG: Unequip_char: already unequipped.
Sun Apr  3 15:59:55 2011 :: [*****] BUG: Unequip_char: already unequipped.
Sun Apr  3 15:59:55 2011 :: [*****] BUG: Unequip_char: already unequipped.
Sun Apr  3 15:59:55 2011 :: [*****] BUG: Unequip_char: already unequipped.
Sun Apr  3 15:59:55 2011 :: [*****] BUG: Unequip_char: already unequipped.
Sun Apr  3 15:59:55 2011 :: [*****] BUG: Unequip_char: already unequipped.
Sun Apr  3 15:59:55 2011 :: [*****] BUG: Unequip_char: already unequipped.
Sun Apr  3 15:59:55 2011 :: [*****] BUG: Unequip_char: already unequipped.
Sun Apr  3 15:59:55 2011 :: [*****] BUG: Unequip_char: already unequipped.
Sun Apr  3 15:59:55 2011 :: [*****] BUG: Unequip_char: already unequipped.
Sun Apr  3 15:59:55 2011 :: [*****] BUG: Unequip_char: already unequipped.
Sun Apr  3 15:59:55 2011 :: [*****] BUG: Unequip_char: already unequipped.
Sun Apr  3 15:59:55 2011 :: [*****] BUG: Unequip_char: already unequipped.
Sun Apr  3 15:59:55 2011 :: [*****] BUG: Unequip_char: already unequipped.
Sun Apr  3 15:59:55 2011 :: [*****] BUG: Unequip_char: already unequipped.
Sun Apr  3 15:59:55 2011 :: [*****] BUG: Unequip_char: already unequipped.
Sun Apr  3 15:59:55 2011 :: [*****] BUG: Unequip_char: already unequipped.
Sun Apr  3 15:59:55 2011 :: [*****] BUG: Unequip_char: already unequipped.
Sun Apr  3 15:59:55 2011 :: [*****] BUG: Unequip_char: already unequipped.
Sun Apr  3 15:59:55 2011 :: [*****] BUG: Unequip_char: already unequipped.
Sun Apr  3 15:59:55 2011 :: [*****] BUG: Unequip_char: already unequipped.
Sun Apr  3 15:59:55 2011 :: [*****] BUG: Unequip_char: already unequipped.
Sun Apr  3 15:59:55 2011 :: [*****] BUG: Unequip_char: already unequipped.
Sun Apr  3 15:59:55 2011 :: [*****] BUG: Unequip_char: already unequipped.
Sun Apr  3 15:59:55 2011 :: [*****] BUG: Unequip_char: already unequipped.
Sun Apr  3 15:59:55 2011 :: [*****] BUG: Unequip_char: already unequipped.
Sun Apr  3 15:59:55 2011 :: [*****] BUG: Unequip_char: already unequipped.
Sun Apr  3 15:59:55 2011 :: [*****] BUG: Unequip_char: already unequipped.
Sun Apr  3 15:59:55 2011 :: [*****] BUG: Unequip_char: already unequipped.
Sun Apr  3 15:59:55 2011 :: [*****] BUG: Unequip_char: already unequipped.
Sun Apr  3 15:59:55 2011 :: [*****] BUG: Unequip_char: already unequipped.
Sun Apr  3 15:59:55 2011 :: [*****] BUG: Unequip_char: already unequipped.
Sun Apr  3 15:59:55 2011 :: [*****] BUG: Unequip_char: already unequipped.
Sun Apr  3 15:59:55 2011 :: [*****] BUG: Unequip_char: already unequipped.
Sun Apr  3 15:59:55 2011 :: [*****] BUG: Unequip_char: already unequipped.
Sun Apr  3 15:59:55 2011 :: [*****] BUG: Unequip_char: already unequipped.
Sun Apr  3 15:59:55 2011 :: [*****] BUG: Unequip_char: already unequipped.
Sun Apr  3 15:59:55 2011 :: [*****] BUG: Unequip_char: already unequipped.
Sun Apr  3 15:59:55 2011 :: [*****] BUG: Unequip_char: already unequipped.
Sun Apr  3 15:59:55 2011 :: [*****] BUG: Unequip_char: already unequipped.
Sun Apr  3 15:59:55 2011 :: [*****] BUG: Unequip_char: already unequipped.
Sun Apr  3 15:59:55 2011 :: [*****] BUG: Unequip_char: already unequipped.
Sun Apr  3 15:59:55 2011 :: [*****] BUG: Unequip_char: already unequipped.
Sun Apr  3 15:59:55 2011 :: [*****] BUG: Unequip_char: already unequipped.
Sun Apr  3 15:59:55 2011 :: [*****] BUG: Unequip_char: already unequipped.
Sun Apr  3 15:59:55 2011 :: [*****] BUG: Unequip_char: already unequipped.
Sun Apr  3 15:59:55 2011 :: [*****] BUG: Unequip_char: already unequipped.
Sun Apr  3 15:59:55 2011 :: [*****] BUG: Unequip_char: already unequipped.
Sun Apr  3 15:59:55 2011 :: [*****] BUG: Unequip_char: already unequipped.
Sun Apr  3 15:59:55 2011 :: [*****] BUG: Unequip_char: already unequipped.
Sun Apr  3 15:59:55 2011 :: [*****] BUG: Unequip_char: already unequipped.
Sun Apr  3 15:59:55 2011 :: [*****] BUG: Unequip_char: already unequipped.
Sun Apr  3 15:59:55 2011 :: [*****] BUG: Unequip_char: already unequipped.
Sun Apr  3 15:59:55 2011 :: [*****] BUG: Unequip_char: already unequipped.
Sun Apr  3 15:59:55 2011 :: [*****] BUG: Unequip_char: already unequipped.
Sun Apr  3 15:59:55 2011 :: [*****] BUG: Unequip_char: already unequipped.
Sun Apr  3 15:59:55 2011 :: [*****] BUG: Unequip_char: already unequipped.
Sun Apr  3 15:59:55 2011 :: [*****] BUG: Unequip_char: already unequipped.
Sun Apr  3 15:59:55 2011 :: [*****] BUG: Unequip_char: already unequipped.
Sun Apr  3 15:59:55 2011 :: [*****] BUG: Unequip_char: already unequipped.
Sun Apr  3 15:59:55 2011 :: [*****] BUG: Unequip_char: already unequipped.
Sun Apr  3 15:59:55 2011 :: [*****] BUG: Unequip_char: already unequipped.
Sun Apr  3 15:59:55 2011 :: [*****] BUG: Unequip_char: already unequipped.
Sun Apr  3 15:59:55 2011 :: [*****] BUG: Unequip_char: already unequipped.
Sun Apr  3 15:59:55 2011 :: [*****] BUG: Unequip_char: already unequipped.
Sun Apr  3 15:59:55 2011 :: [*****] BUG: Unequip_char: already unequipped.
Sun Apr  3 15:59:55 2011 :: [*****] BUG: Unequip_char: already unequipped.
Sun Apr  3 15:59:55 2011 :: [*****] BUG: Unequip_char: already unequipped.
Sun Apr  3 15:59:55 2011 :: [*****] BUG: Unequip_char: already unequipped.
Sun Apr  3 15:59:55 2011 :: [*****] BUG: Unequip_char: already unequipped.
Sun Apr  3 15:59:55 2011 :: [*****] BUG: Unequip_char: already unequipped.
Sun Apr  3 15:59:55 2011 :: [*****] BUG: Unequip_char: already unequipped.
Sun Apr  3 15:59:59 2011 :: Karthis killed by Crysania at 3005
Sun Apr  3 16:00:56 2011 :: adsl-66-212-17.asm.bellsouth.net input spamming!
Sun Apr  3 16:01:05 2011 :: adsl-66-212-17.asm.bellsouth.net input spamming!
Sun Apr  3 16:01:09 2011 :: Log Zivilyn: snoop self
Sun Apr  3 16:01:11 2011 :: adsl-66-212-17.asm.bellsouth.net input spamming!
Sun Apr  3 16:02:27 2011 :: Evelyn killed by Crysania at 3005
Sun Apr  3 16:03:10 2011 :: Log Zivilyn: clone mark
Sun Apr  3 16:03:58 2011 :: Log Zivilyn: switch alche
Sun Apr  3 16:06:15 2011 :: Log Zivilyn: load obj 9592
Sun Apr  3 16:06:52 2011 :: Telmus has quit.
Sun Apr  3 16:06:56 2011 :: Log Zivilyn: transfer druul crysania
Sun Apr  3 16:07:03 2011 :: Sock.sinaddr:  84.91.41.142
Sun Apr  3 16:07:04 2011 :: Loading Quentin.
Sun Apr  3 16:07:04 2011 :: Look out, Quentin@sm2-84-91-41-142.netvisao.pt has connected.
Sun Apr  3 16:07:27 2011 :: Log Zivilyn: load obj 16457
Sun Apr  3 16:07:28 2011 :: Sock.sinaddr:  74.67.31.253
Read_from_descriptor: Connection reset by peer
Sun Apr  3 16:07:33 2011 :: Sock.sinaddr:  74.67.31.253
Sun Apr  3 16:07:36 2011 :: Quentin has quit.
Sun Apr  3 16:07:37 2011 :: Loading Velsharen.
Sun Apr  3 16:07:39 2011 :: Look out, Velsharen@cpe-74-67-31-253.nycap.res.rr.com has connected.
Sun Apr  3 16:07:43 2011 :: Sock.sinaddr:  84.91.41.142
Sun Apr  3 16:07:43 2011 :: Loading Ragnor.
Sun Apr  3 16:07:44 2011 :: Look out, Ragnor@sm2-84-91-41-142.netvisao.pt has connected.
Sun Apr  3 16:08:20 2011 :: Log Sinjin: murder kart
Sun Apr  3 16:08:27 2011 :: Ragnor has quit.
Sun Apr  3 16:08:35 2011 :: Sock.sinaddr:  84.91.41.142
Sun Apr  3 16:08:35 2011 :: Loading Heragan.
Sun Apr  3 16:08:35 2011 :: Look out, Heragan@sm2-84-91-41-142.netvisao.pt has connected.
Sun Apr  3 16:08:36 2011 :: Heragan gets skill relegate
Sun Apr  3 16:08:38 2011 :: Isekai has quit.
Sun Apr  3 16:09:27 2011 :: Heragan has quit.
Sun Apr  3 16:09:33 2011 :: Sock.sinaddr:  84.91.41.142
Sun Apr  3 16:09:33 2011 :: Loading Marduk.
Sun Apr  3 16:09:33 2011 :: Look out, Marduk@sm2-84-91-41-142.netvisao.pt has connected.
Sun Apr  3 16:09:38 2011 :: Log Chemosh: snoop self
Sun Apr  3 16:10:42 2011 :: Marduk has quit.
Sun Apr  3 16:10:46 2011 :: Sock.sinaddr:  89.152.89.15
Sun Apr  3 16:10:46 2011 :: Loading Solinari.
Sun Apr  3 16:10:46 2011 :: Look out, Solinari@a89-152-89-15.cpe.netcabo.pt has connected.
Sun Apr  3 16:10:48 2011 :: Sock.sinaddr:  84.91.41.142
Sun Apr  3 16:10:49 2011 :: Loading Antonius.
Sun Apr  3 16:10:49 2011 :: Look out, Antonius@sm2-84-91-41-142.netvisao.pt has connected.
Sun Apr  3 16:10:53 2011 :: Velsharen has quit.
Sun Apr  3 16:11:07 2011 :: Linx has quit.
Sun Apr  3 16:11:16 2011 :: Antonius has quit.
Sun Apr  3 16:11:23 2011 :: Sock.sinaddr:  84.91.41.142
Sun Apr  3 16:11:23 2011 :: Loading Bahadur.
Sun Apr  3 16:11:23 2011 :: Look out, Bahadur@sm2-84-91-41-142.netvisao.pt has connected.
Sun Apr  3 16:13:11 2011 :: Sock.sinaddr:  98.66.212.17
Sun Apr  3 16:13:16 2011 :: Loading Gulgor.
Sun Apr  3 16:13:17 2011 :: Look out, Gulgor@adsl-66-212-17.asm.bellsouth.net has connected.
Sun Apr  3 16:13:19 2011 :: Bahadur has quit.
Sun Apr  3 16:13:24 2011 :: Sock.sinaddr:  84.91.41.142
Sun Apr  3 16:13:25 2011 :: Loading Liron.
Sun Apr  3 16:13:25 2011 :: Look out, Liron@sm2-84-91-41-142.netvisao.pt has connected.
Sun Apr  3 16:13:47 2011 :: Log Solinari: switch cel
Sun Apr  3 16:14:03 2011 :: Liron has quit.
Sun Apr  3 16:14:47 2011 :: Gulgor has quit.
Sun Apr  3 16:15:44 2011 :: Sock.sinaddr:  84.91.41.142
Sun Apr  3 16:15:44 2011 :: Loading Bahadur.
Sun Apr  3 16:15:45 2011 :: Look out, Bahadur@sm2-84-91-41-142.netvisao.pt has connected.
Sun Apr  3 16:16:24 2011 :: Karthis has quit.
Sun Apr  3 16:17:00 2011 :: Chemosh has quit.
Sun Apr  3 16:21:17 2011 :: Sock.sinaddr:  24.128.143.173
Sun Apr  3 16:21:53 2011 :: Loading Dasku.
Sun Apr  3 16:21:56 2011 :: Look out, Dasku@c-24-128-143-173.hsd1.nh.comcast.net has connected.
Sun Apr  3 16:25:21 2011 :: Dasku has quit.
Sun Apr  3 16:26:22 2011 :: Evelyn has quit.
Sun Apr  3 16:27:47 2011 :: Bahadur has quit.
Sun Apr  3 16:27:53 2011 :: Sock.sinaddr:  89.152.89.15
Sun Apr  3 16:27:53 2011 :: EOF encountered on read.
Sun Apr  3 16:27:53 2011 :: Sock.sinaddr:  89.152.89.15
Sun Apr  3 16:27:53 2011 :: EOF encountered on read.
Sun Apr  3 16:27:54 2011 :: Loading Solinari.
Sun Apr  3 16:27:55 2011 :: Closing link to Solinari.
Sun Apr  3 16:27:55 2011 :: Solinari@a89-152-89-15.cpe.netcabo.pt reconnected.
Sun Apr  3 16:28:04 2011 :: Sock.sinaddr:  98.66.212.17
Sun Apr  3 16:28:08 2011 :: Loading Gulgor.
Sun Apr  3 16:28:09 2011 :: Look out, Gulgor@adsl-66-212-17.asm.bellsouth.net has connected.
Sun Apr  3 16:28:31 2011 :: Sera has quit.
Sun Apr  3 16:30:27 2011 :: Gulgor has quit.
Sun Apr  3 16:30:32 2011 :: Sock.sinaddr:  98.66.212.17
Sun Apr  3 16:30:34 2011 :: Loading Aerogos.
Sun Apr  3 16:30:35 2011 :: Look out, Aerogos@adsl-66-212-17.asm.bellsouth.net has connected.
Sun Apr  3 16:31:22 2011 :: Sock.sinaddr:  98.66.212.17
Sun Apr  3 16:31:26 2011 :: Loading Sera.
Sun Apr  3 16:31:29 2011 :: Look out, Sera@adsl-66-212-17.asm.bellsouth.net has connected.
Sun Apr  3 16:32:24 2011 :: Log Solinari: switch gol
Sun Apr  3 16:32:24 2011 :: rock stone golem assassinated by Solinari at 19023
Sun Apr  3 16:32:36 2011 :: Sock.sinaddr:  24.63.235.24
Sun Apr  3 16:32:39 2011 :: Loading Dasku.
Sun Apr  3 16:32:46 2011 :: Sock.sinaddr:  24.63.235.24
Sun Apr  3 16:32:46 2011 :: EOF encountered on read.
Sun Apr  3 16:32:46 2011 :: Closing link to Dasku.
Sun Apr  3 16:32:49 2011 :: Loading Kiree.
Sun Apr  3 16:32:51 2011 :: Look out, Kiree@c-24-63-235-24.hsd1.nh.comcast.net has connected.
Sun Apr  3 16:33:37 2011 :: Log Solinari: switch necro
Sun Apr  3 16:33:51 2011 :: Log Solinari: switch necro
Sun Apr  3 16:33:51 2011 :: necromancer minotaur assassinated by Solinari at 19023
Sun Apr  3 16:35:37 2011 :: Morgion has quit.
Sun Apr  3 16:35:45 2011 :: Log Zivilyn: snoop sinjin
Sun Apr  3 16:36:06 2011 :: Log Zivilyn: snoop arlanthis
Sun Apr  3 16:42:58 2011 :: Log Zivilyn: snoop self
Sun Apr  3 16:42:58 2011 :: Log Zivilyn: snoop sinjin
Sun Apr  3 16:44:25 2011 :: Sock.sinaddr:  24.128.143.173
Sun Apr  3 16:44:32 2011 :: Loading Kiree.
Sun Apr  3 16:44:35 2011 :: Closing link to Kiree.
Sun Apr  3 16:44:35 2011 :: Kiree@c-24-128-143-173.hsd1.nh.comcast.net reconnected.
Sun Apr  3 16:45:23 2011 :: Sock.sinaddr:  66.254.236.154
Sun Apr  3 16:45:24 2011 :: Loading Rayo.
Sun Apr  3 16:45:25 2011 :: Look out, Rayo@nd-66-254-236-154.nat.nd.edu has connected.
Sun Apr  3 16:47:02 2011 :: Sock.sinaddr:  66.57.202.149
Sun Apr  3 16:47:04 2011 :: Loading Chemosh.
Sun Apr  3 16:47:05 2011 :: Look out, Chemosh@cpe-066-057-202-149.sc.res.rr.com has connected.
Sun Apr  3 16:47:33 2011 :: Log Chemosh: apurge self
Sun Apr  3 16:47:53 2011 :: Sock.sinaddr:  98.217.215.65
Sun Apr  3 16:47:58 2011 :: Loading Morgion.
Sun Apr  3 16:48:00 2011 :: Log Chemosh: apurge self
Sun Apr  3 16:48:02 2011 :: Look out, Morgion@c-98-217-215-65.hsd1.nh.comcast.net has connected.
Sun Apr  3 16:50:00 2011 :: Log Chemosh: apurge arl
Sun Apr  3 16:50:04 2011 :: Log Chemosh: apurge sinjin
Sun Apr  3 16:50:04 2011 :: nd-66-254-236-154.nat.nd.edu input spamming!
Sun Apr  3 16:50:09 2011 :: Log Chemosh: apurge druul
Sun Apr  3 16:50:09 2011 :: [*****] BUG: buffer overflow past size 16384
Sun Apr  3 16:51:10 2011 :: Sera has quit.
Sun Apr  3 16:52:14 2011 :: Log Solinari: switch cel
Sun Apr  3 16:52:16 2011 :: Sock.sinaddr:  66.57.202.149
Sun Apr  3 16:52:19 2011 :: Loading Karthis.
Sun Apr  3 16:52:20 2011 :: Look out, Karthis@cpe-066-057-202-149.sc.res.rr.com has connected.
Sun Apr  3 16:52:26 2011 :: Log Sirrion: switch gnome
Sun Apr  3 16:52:53 2011 :: Log Solinari: switch cel
Sun Apr  3 16:53:07 2011 :: Sock.sinaddr:  98.66.212.17
Sun Apr  3 16:53:12 2011 :: Loading Sera.
Sun Apr  3 16:53:15 2011 :: Look out, Sera@adsl-66-212-17.asm.bellsouth.net has connected.
Sun Apr  3 16:53:51 2011 :: Kongol gained level 9
Sun Apr  3 16:54:07 2011 :: Sock.sinaddr:  66.57.202.149
Sun Apr  3 16:54:32 2011 :: Loading Theriss.
Sun Apr  3 16:54:34 2011 :: Look out, Theriss@cpe-066-057-202-149.sc.res.rr.com has connected.
Sun Apr  3 16:54:39 2011 :: Log Reorx: transfer druul 3107
Sun Apr  3 16:56:11 2011 :: Solinari has quit.
Sun Apr  3 16:57:32 2011 :: Log Chemosh: snoop morgion
Sun Apr  3 17:00:33 2011 :: Log Zivilyn: snoop self
Sun Apr  3 17:00:36 2011 :: Log Zivilyn: snoop arlanthis
Sun Apr  3 17:00:55 2011 :: Log Sirrion: switch cel
Sun Apr  3 17:00:58 2011 :: Arlanthis has quit.
Sun Apr  3 17:06:32 2011 :: nd-66-254-236-154.nat.nd.edu input spamming!
Sun Apr  3 17:07:21 2011 :: [*****] BUG: Act: missing arg2 for code 78.
Sun Apr  3 17:07:21 2011 :: [*****] BUG: Act: missing arg2 for code 78.
Sun Apr  3 17:07:48 2011 :: [*****] BUG: buffer overflow past size 16384
Sun Apr  3 17:08:31 2011 :: [*****] BUG: buffer overflow past size 16384
Sun Apr  3 17:08:42 2011 :: Log Chemosh: grab staff morgion
Sun Apr  3 17:09:09 2011 :: Log Chemosh: fslay sirrion
Sun Apr  3 17:11:23 2011 :: Log Sirrion: switch wo
Sun Apr  3 17:11:40 2011 :: Sock.sinaddr:  66.57.202.149
Sun Apr  3 17:11:42 2011 :: Loading Oaellaelo.
Sun Apr  3 17:11:42 2011 :: Look out, Oaellaelo@cpe-066-057-202-149.sc.res.rr.com has connected.
Sun Apr  3 17:12:21 2011 :: Log Chemosh: snoop self
Sun Apr  3 17:12:56 2011 :: Log Chemosh: snoop morg
Sun Apr  3 17:15:04 2011 :: Log Chemosh: snoop self
Read_from_descriptor: Connection reset by peer
Sun Apr  3 17:16:11 2011 :: Closing link to Morgion.
Sun Apr  3 17:16:19 2011 :: Sock.sinaddr:  98.217.215.65
Sun Apr  3 17:16:23 2011 :: Loading Morgion.
Sun Apr  3 17:16:26 2011 :: Morgion@c-98-217-215-65.hsd1.nh.comcast.net reconnected.
Sun Apr  3 17:18:49 2011 :: Sock.sinaddr:  124.197.44.18
Sun Apr  3 17:19:16 2011 :: Log Chemosh: snoop morgion
Sun Apr  3 17:19:20 2011 :: Log Chemosh: snoop morgion
Sun Apr  3 17:19:38 2011 :: Loading Cyvrin.
Sun Apr  3 17:19:42 2011 :: Look out, Cyvrin@124-197-44-18.callplus.net.nz has connected.
Sun Apr  3 17:20:00 2011 :: Log Chemosh: snoop self
Sun Apr  3 17:22:34 2011 :: Log Morgion: string obj sword short ({yDiseased{x) ({DUnholy{x) The {RWrath{x of {yDisease{x
Sun Apr  3 17:22:45 2011 :: Log Morgion: string obj sickle short ({yDiseased{x) ({DUnholy{x) The {RWrath{x of {yDisease{x
Sun Apr  3 17:22:53 2011 :: Log Morgion: string obj sickle short ({yDiseased{x) ({DUnholy{x) The {RWrath{x of {yDisease{x
Sun Apr  3 17:22:55 2011 :: Sock.sinaddr:  108.20.149.245
Sun Apr  3 17:23:18 2011 :: Loading Byrch.
Sun Apr  3 17:23:22 2011 :: Look out, Byrch@pool-108-20-149-245.bstnma.fios.verizon.net has connected.
Sun Apr  3 17:23:49 2011 :: Log Morgion: string obj wrath long He lies a staff made of disease.
Sun Apr  3 17:23:57 2011 :: Log Morgion: string obj sickle long He lies a staff made of disease.
Sun Apr  3 17:24:06 2011 :: Log Morgion: string obj sickle long Here lies a staff made of disease.
Sun Apr  3 17:25:41 2011 :: Log Morgion: string obj sickle name staff
Sun Apr  3 17:25:41 2011 :: Byrch gained level 5
Sun Apr  3 17:27:19 2011 :: Sock.sinaddr:  74.67.31.253
Sun Apr  3 17:27:22 2011 :: Loading Velsharen.
Sun Apr  3 17:27:24 2011 :: Look out, Velsharen@cpe-74-67-31-253.nycap.res.rr.com has connected.
Sun Apr  3 17:28:20 2011 :: Theriss has quit.
Sun Apr  3 17:32:01 2011 :: Sock.sinaddr:  98.93.109.60
Sun Apr  3 17:32:04 2011 :: Loading Linx.
Sun Apr  3 17:32:06 2011 :: Look out, Linx@adsl-93-109-60.owb.bellsouth.net has connected.
Sun Apr  3 17:32:11 2011 :: Log Morgion: string obj cloak short ({yDiseased{x) ({DUnholy{x) The {DRobes {x of {yDisease{x
Sun Apr  3 17:32:24 2011 :: Log Zivilyn: snoop linx
Sun Apr  3 17:33:06 2011 :: Log Morgion: string obj cloak long Here lies a cloak made of disease.
Sun Apr  3 17:33:21 2011 :: Log Morgion: string obj cloak short ({yDiseased{x) ({DUnholy{x) The {DCloak {x of {yDisease{x
Sun Apr  3 17:35:41 2011 :: Log Zivilyn: grab vengeance linx
Sun Apr  3 17:35:51 2011 :: Log Zivilyn: clone ven
Sun Apr  3 17:36:26 2011 :: Sock.sinaddr:  71.226.174.166
Sun Apr  3 17:36:31 2011 :: Loading Arlanthis.
Sun Apr  3 17:36:32 2011 :: cpe-066-057-202-149.sc.res.rr.com input spamming!
Sun Apr  3 17:36:33 2011 :: Look out, Arlanthis@c-71-226-174-166.hsd1.sc.comcast.net has connected.
Sun Apr  3 17:38:34 2011 :: Cyvrin has quit.
Sun Apr  3 17:38:40 2011 :: Log Zivilyn: snoop sinjin
Sun Apr  3 17:40:34 2011 :: Log Zivilyn: snoop self
Sun Apr  3 17:40:36 2011 :: Log Zivilyn: snoop linx
Sun Apr  3 17:40:39 2011 :: Log Zivilyn: snoop arlanthis
Sun Apr  3 17:41:07 2011 :: Byrch gained level 6
Sun Apr  3 17:43:07 2011 :: Velsharen gained level 7
Sun Apr  3 17:44:12 2011 :: Log Zivilyn: violate kongol
Sun Apr  3 17:44:16 2011 :: Log Zivilyn: reward kongol 1500 nice
Sun Apr  3 17:44:40 2011 :: Log Morgion: string obj squire short A {DSwarm{x of {yInsects{x
Sun Apr  3 17:44:52 2011 :: Log Morgion: string obj squire short A {DSwarm{x of {yInsects{x
Sun Apr  3 17:45:04 2011 :: Log Morgion: string obj squire short A {DSwarm{x of {yInsects{x
Sun Apr  3 17:45:21 2011 :: Log Morgion: string obj squire short A {DSwarm{x of {yInsects{x
Sun Apr  3 17:45:58 2011 :: Sock.sinaddr:  24.154.97.139
Sun Apr  3 17:46:01 2011 :: Loading Majere.
Sun Apr  3 17:46:03 2011 :: Look out, Majere@dynamic-acs-24-154-97-139.zoominternet.net has connected.
Sun Apr  3 17:46:44 2011 :: Majere has quit.
Sun Apr  3 17:46:55 2011 :: Sinjin has quit.
Sun Apr  3 17:47:07 2011 :: Sock.sinaddr:  74.171.93.18
Sun Apr  3 17:47:07 2011 :: Log Morgion: string char squire short A {DSwarm{x of {yInsects
Sun Apr  3 17:48:00 2011 :: Log Morgion: string char squire short A {DSwarm{x of {yInsects{x
Sun Apr  3 17:48:22 2011 :: [WARNING] Arlanthis tells Morgion: so are you new to the mud or an older player ascended to immortalism?
Sun Apr  3 17:49:32 2011 :: Sock.sinaddr:  216.135.54.194
Sun Apr  3 17:49:42 2011 :: Closing link to Delascroix.
Sun Apr  3 17:49:48 2011 :: Sock.sinaddr:  216.135.54.194
Sun Apr  3 17:49:51 2011 :: Loading Delacroix.
Sun Apr  3 17:49:53 2011 :: Look out, Delacroix@client001-static.c044772.customers.cinergycom.net has connected.
Sun Apr  3 17:50:05 2011 :: Aerogos has quit.
Sun Apr  3 17:50:11 2011 :: Sock.sinaddr:  98.66.212.17
Sun Apr  3 17:50:14 2011 :: Loading Gulgor.
Sun Apr  3 17:50:15 2011 :: Look out, Gulgor@adsl-66-212-17.asm.bellsouth.net has connected.
Sun Apr  3 17:50:39 2011 :: Sock.sinaddr:  216.105.215.66
Sun Apr  3 17:50:45 2011 :: Loading Muira.
Sun Apr  3 17:50:47 2011 :: Look out, Muira@DSLPool-net215-66.wctc.net has connected.
Sun Apr  3 17:50:50 2011 :: Log Morgion: string char squire short A {DSwarm{x of {yInsects{x
Sun Apr  3 17:50:52 2011 :: Delacroix has quit.
Sun Apr  3 17:50:52 2011 :: Log Morgion: string char squire short A {DSwarm{x of {yInsects{x
Sun Apr  3 17:50:53 2011 :: Log Morgion: string char squire short A {DSwarm{x of {yInsects{x
Sun Apr  3 17:51:39 2011 :: Loading Sinjin.
Sun Apr  3 17:51:40 2011 :: Look out, Sinjin@adsl-074-171-093-018.sip.ags.bellsouth.net has connected.
Sun Apr  3 17:52:02 2011 :: Byrch gained level 7
Sun Apr  3 17:52:09 2011 :: Log Morgion: string char squire short A {DSwarm{x of {yInsects{x 
Sun Apr  3 17:53:04 2011 :: Log Morgion: string char squire name Swarm
Sun Apr  3 17:53:33 2011 :: Sock.sinaddr:  66.57.202.149
Sun Apr  3 17:53:35 2011 :: Loading Cyrus.
Sun Apr  3 17:53:36 2011 :: Look out, Cyrus@cpe-066-057-202-149.sc.res.rr.com has connected.
Sun Apr  3 17:54:25 2011 :: Log Morgion: string char squire long A {DSwarm{x of {yInsects{x is here, waiting for its masters commands.
Sun Apr  3 17:54:40 2011 :: Log Morgion: string char squire long A {DSwarm{x of {yInsects{x is here, waiting for its masters commands.
Sun Apr  3 17:54:50 2011 :: Log Morgion: string char squire long A Swarm of Insects is here, waiting for its masters commands.
Sun Apr  3 17:55:06 2011 :: Log Zivilyn: snoop self
Sun Apr  3 17:55:20 2011 :: Log Zivilyn: switch krou
Sun Apr  3 17:55:33 2011 :: Log Morgion: string char swarm long A Swarm of Insects is here, waiting for its masters commands.
Sun Apr  3 17:55:39 2011 :: Log Zivilyn: snoop arlanthis
Sun Apr  3 17:56:16 2011 :: adsl-66-212-17.asm.bellsouth.net input spamming!
Sun Apr  3 17:56:28 2011 :: Log Chemosh: transfer karthis 17843
Sun Apr  3 17:57:16 2011 :: Velsharen gained level 8
Sun Apr  3 17:57:37 2011 :: adsl-66-212-17.asm.bellsouth.net input spamming!
Sun Apr  3 17:58:01 2011 :: Kongol gained level 10
Sun Apr  3 17:58:23 2011 :: Log Zivilyn: snoop self
Sun Apr  3 17:58:35 2011 :: Log Zivilyn: switch krou
Sun Apr  3 17:59:04 2011 :: Log Sirrion: switch knight
Sun Apr  3 17:59:24 2011 :: [*****] BUG: buffer overflow past size 16384
Sun Apr  3 18:04:54 2011 :: Arlanthis has quit.
Sun Apr  3 18:04:57 2011 :: Sock.sinaddr:  71.226.174.166
Sun Apr  3 18:05:01 2011 :: Loading Arlanthis.
Sun Apr  3 18:05:02 2011 :: adsl-66-212-17.asm.bellsouth.net input spamming!
Sun Apr  3 18:05:03 2011 :: Look out, Arlanthis@c-71-226-174-166.hsd1.sc.comcast.net has connected.
Sun Apr  3 18:05:13 2011 :: Arlanthis has quit.
Sun Apr  3 18:05:14 2011 :: Sock.sinaddr:  71.226.174.166
Sun Apr  3 18:05:20 2011 :: Loading Theriss.
Sun Apr  3 18:05:22 2011 :: Byrch gained level 8
Sun Apr  3 18:05:23 2011 :: Theriss. Bad Password. IP: c-71-226-174-166.hsd1.sc.comcast.net> pigalopes
Sun Apr  3 18:05:23 2011 :: Closing link to Theriss.
Sun Apr  3 18:05:26 2011 :: Sock.sinaddr:  71.226.174.166
Sun Apr  3 18:05:30 2011 :: Loading Therin.
Sun Apr  3 18:05:33 2011 :: Look out, Therin@c-71-226-174-166.hsd1.sc.comcast.net has connected.
Sun Apr  3 18:05:45 2011 :: Log Sirrion: echo A wise old man enters the room, laughing.
Sun Apr  3 18:06:23 2011 :: Log Sirrion: echo The old man laughs, 'Are you sure it was real?
Sun Apr  3 18:07:00 2011 :: Velsharen gained level 9
Sun Apr  3 18:07:29 2011 :: Log Sirrion: echo 'A man was doing aweful things to that little girl.'{X HE says, gesturing toward it.
Sun Apr  3 18:07:36 2011 :: Therin has quit.
Sun Apr  3 18:07:39 2011 :: Sock.sinaddr:  71.226.174.166
Sun Apr  3 18:07:43 2011 :: Loading Arlanthis.
Sun Apr  3 18:07:45 2011 :: Look out, Arlanthis@c-71-226-174-166.hsd1.sc.comcast.net has connected.
Sun Apr  3 18:07:58 2011 :: Byrch gained level 9
Sun Apr  3 18:09:13 2011 :: Log Sirrion: echo The little girl turns toward Linx, {w'Why wouldn't I be, sir?'{X She asks. The old man then says, 'It looked like one of those dad-gummed Knights.'
Sun Apr  3 18:11:26 2011 :: Cyrus has quit.
Sun Apr  3 18:11:30 2011 :: Sock.sinaddr:  66.57.202.149
Sun Apr  3 18:11:32 2011 :: Loading Theriss.
Sun Apr  3 18:11:33 2011 :: Look out, Theriss@cpe-066-057-202-149.sc.res.rr.com has connected.
Sun Apr  3 18:11:37 2011 :: Sock.sinaddr:  66.57.202.149
Sun Apr  3 18:11:39 2011 :: Loading Mikhal.
Sun Apr  3 18:11:40 2011 :: Look out, Mikhal@cpe-066-057-202-149.sc.res.rr.com has connected.
Sun Apr  3 18:12:02 2011 :: Log Sirrion: echo The old man nods, quickly, {'Yes, it was one of those. Except he wasn't a Knight the other day...Auxillarly, I believe.
Sun Apr  3 18:12:09 2011 :: Sock.sinaddr:  173.117.236.61
Sun Apr  3 18:12:29 2011 :: Sock.sinaddr:  173.117.236.61
Sun Apr  3 18:12:37 2011 :: Loading Andrina.
Sun Apr  3 18:12:41 2011 :: Look out, Andrina@173-117-236-61.pools.spcsdns.net has connected.
Sun Apr  3 18:13:11 2011 :: Andrina has quit.
Sun Apr  3 18:13:13 2011 :: Sock.sinaddr:  173.117.236.61
Sun Apr  3 18:13:23 2011 :: Loading Mirinya.
Sun Apr  3 18:13:27 2011 :: Look out, Mirinya@173-117-236-61.pools.spcsdns.net has connected.
Sun Apr  3 18:13:33 2011 :: Log Sirrion: echo The little girl walks over to Muira, putting her hand on her knee, {w'Why are you crying?'{X She asks, innocent.
Sun Apr  3 18:14:38 2011 :: Byrch killed by a cleric at 3367
Sun Apr  3 18:16:15 2011 :: Log Sirrion: echo The little girl glances up, {w'What things, miss?'
Sun Apr  3 18:17:10 2011 :: [*****] BUG: buffer overflow past size 16384
Sun Apr  3 18:18:04 2011 :: Log Sirrion: echo {w'But miss...I never stopped jumping rope. I still don't know what things you mean.'
Sun Apr  3 18:18:18 2011 :: Log Chemosh: snoop arlanthis
Sun Apr  3 18:19:08 2011 :: Log Chemosh: snoop self
Sun Apr  3 18:21:19 2011 :: Log Sirrion: echo {wAs I said! We protect this city and deliever justice to all evil! We need the freedom to do whatever we want1
Sun Apr  3 18:21:21 2011 :: Log Sirrion: echo {wAs I said! We protect this city and deliever justice to all evil! We need the freedom to do whatever we want!8
Sun Apr  3 18:22:32 2011 :: Log Chemosh: snoop mik
Sun Apr  3 18:22:46 2011 :: Log Chemosh: snoop self
Sun Apr  3 18:22:50 2011 :: Velsharen gained level 10
Sun Apr  3 18:24:19 2011 :: Log Chemosh: snoop theriss
Sun Apr  3 18:24:26 2011 :: Log Chemosh: snoop self
Sun Apr  3 18:27:36 2011 :: Byrch gained level 10
Sun Apr  3 18:27:36 2011 :: Velsharen gained level 11
Sun Apr  3 18:28:08 2011 :: Log Sirrion: echo An evil laughter is heard from around the courtyard.
Sun Apr  3 18:29:07 2011 :: Log Sirrion: echo The laughter slowly fades, as a mage appears before the people gathered. {R"DOWN WITH THE ORDERS!" The mage screams.
Sun Apr  3 18:29:22 2011 :: centaur keening wind assassinated by Morgion at 3303
Sun Apr  3 18:30:18 2011 :: Log Sirrion: echo {RRemember this lesson, everyone! We renengades are powerful! We can make these Knights are puppets, as you just saw.
Sun Apr  3 18:31:52 2011 :: Log Sirrion: echo The mage just screams, {R'You can't stop me!'{X He then poofs away.
Sun Apr  3 18:32:21 2011 :: Log Sirrion: echo The mage appears here, unaware of the other two, {R'Hehehe,'{X He cackles, {R'And that girl thought it was here the whole time.
Sun Apr  3 18:33:22 2011 :: Log Zivilyn: snoop sera
Sun Apr  3 18:33:27 2011 :: Log Zivilyn: snoop self
Sun Apr  3 18:33:29 2011 :: Log Zivilyn: snoop muira
Sun Apr  3 18:33:39 2011 :: Byrch gained level 11
Sun Apr  3 18:34:25 2011 :: Velsharen gained level 12
Sun Apr  3 18:34:53 2011 :: Log Sirrion: echo {R'Yes...That girl thinks it was that stuck-up Knight, with his "Justice" that did it. That'll show him not to mess with those who come in peace'{X An evil cackle is heard.
Sun Apr  3 18:35:11 2011 :: Log Morgion: string obj buckle short ({Decaying{x) ({yDiseased{x) A belt of {Rflesh{x
Sun Apr  3 18:35:25 2011 :: Log Morgion: string obj buckle short ({DDecaying{x) ({yDiseased{x) A belt of {Rflesh{x
Sun Apr  3 18:35:54 2011 :: Theriss killed by Linx at 3369
Sun Apr  3 18:36:20 2011 :: Log Morgion: string object buckle long A belt of flesh lies here rotting.
Sun Apr  3 18:36:28 2011 :: Log Sirrion: echo {R'Yes...That Knight will now lose his prestige'
Sun Apr  3 18:36:48 2011 :: Log Sirrion: switch cry
Sun Apr  3 18:36:50 2011 :: Log Morgion: string object buckle extended belt
Sun Apr  3 18:39:15 2011 :: Log Morgion: string obj buckle name belt
Sun Apr  3 18:39:17 2011 :: Karthis has quit.
Sun Apr  3 18:40:46 2011 :: Byrch gained level 12
Sun Apr  3 18:42:07 2011 :: Log Morgion: string obj orb short ({DBuzzing{x) ({yDiseased{x) A {DSwarm{x of {yInsects{x
Sun Apr  3 18:42:13 2011 :: Sock.sinaddr:  66.57.202.149
Sun Apr  3 18:42:34 2011 :: Loading Cyrus.
Sun Apr  3 18:42:38 2011 :: Look out, Cyrus@cpe-066-057-202-149.sc.res.rr.com has connected.
Sun Apr  3 18:43:15 2011 :: Log Morgion: string object orb long A swarm of insects are buzzing around here.
Sun Apr  3 18:43:24 2011 :: Log Morgion: string obj orb name swarm
Sun Apr  3 18:44:23 2011 :: Kiree has quit.
Sun Apr  3 18:44:24 2011 :: Sock.sinaddr:  24.128.143.173
Sun Apr  3 18:44:30 2011 :: Loading Dasku.
Sun Apr  3 18:44:32 2011 :: Look out, Dasku@c-24-128-143-173.hsd1.nh.comcast.net has connected.
Sun Apr  3 18:46:40 2011 :: [WARNING] Linx gtells: {R><{WMusical {GForest{R>< {Y lol, i've been off and on this mud for a little over 4 or 5 years.
Sun Apr  3 18:48:14 2011 :: Theriss has quit.
Sun Apr  3 18:52:11 2011 :: Velsharen gained level 13
Sun Apr  3 18:52:45 2011 :: Byrch gained level 13
Sun Apr  3 18:53:38 2011 :: Mikhal has quit.
Sun Apr  3 18:54:35 2011 :: Velsharen gained level 14
Sun Apr  3 18:55:05 2011 :: horse assassinated by Cyrus at 3005
Sun Apr  3 18:55:12 2011 :: hound mercenary assassinated by Cyrus at 3005
Sun Apr  3 18:55:25 2011 :: hound mercenary assassinated by Cyrus at 3005
Sun Apr  3 18:55:36 2011 :: Byrch gained level 14
Sun Apr  3 18:55:40 2011 :: Log Zivilyn: snoop self
Sun Apr  3 18:56:20 2011 :: horse assassinated by Cyrus at 3005
Sun Apr  3 18:57:05 2011 :: Log Zivilyn: snoop sera
Sun Apr  3 18:57:41 2011 :: Linx has quit.
Sun Apr  3 18:58:11 2011 :: horse assassinated by Cyrus at 3054
Sun Apr  3 18:59:44 2011 :: squire young man assassinated by Cyrus at 3005
Sun Apr  3 19:02:00 2011 :: horse assassinated by Cyrus at 3005
Sun Apr  3 19:02:03 2011 :: Log Sinjin: murder dasku
Sun Apr  3 19:02:04 2011 :: [*****] BUG: Unequip_char: already unequipped.
Sun Apr  3 19:02:04 2011 :: [*****] BUG: Unequip_char: already unequipped.
Sun Apr  3 19:02:19 2011 :: Log Sinjin: murder dasku
Sun Apr  3 19:02:22 2011 :: Log Sinjin: murder dasku
Sun Apr  3 19:02:24 2011 :: Log Sinjin: murder dasku
Sun Apr  3 19:02:26 2011 :: Log Sinjin: murder dasku
Sun Apr  3 19:03:11 2011 :: Log Zivilyn: snoop self
Sun Apr  3 19:03:13 2011 :: Log Sinjin: murder dasku
Sun Apr  3 19:03:13 2011 :: [*****] BUG: Unequip_char: already unequipped.
Sun Apr  3 19:03:13 2011 :: [*****] BUG: Unequip_char: already unequipped.
Sun Apr  3 19:03:20 2011 :: horse assassinated by Cyrus at 3054
Sun Apr  3 19:04:19 2011 :: horse assassinated by Cyrus at 3369
Sun Apr  3 19:04:47 2011 :: Log Sinjin: murder cyrus
Sun Apr  3 19:05:51 2011 :: horse assassinated by Cyrus at 3369
Sun Apr  3 19:05:57 2011 :: Velsharen gained level 15
Sun Apr  3 19:06:58 2011 :: warhorse assassinated by Cyrus at 3344
Sun Apr  3 19:07:10 2011 :: Byrch gained level 15
Sun Apr  3 19:07:15 2011 :: warhorse assassinated by Cyrus at 3369
Sun Apr  3 19:08:12 2011 :: Log Sinjin: murder cyrus
Sun Apr  3 19:08:14 2011 :: Log Sinjin: murder cyrus
Sun Apr  3 19:08:26 2011 :: Log Sinjin: murder cyrus
Sun Apr  3 19:10:36 2011 :: horse assassinated by Cyrus at 3054
Sun Apr  3 19:10:42 2011 :: Log Zivilyn: snoop arlanthis
Sun Apr  3 19:10:44 2011 :: Log Zivilyn: snoop sinjin
Sun Apr  3 19:10:47 2011 :: Log Zivilyn: snoop gulgor
Sun Apr  3 19:10:50 2011 :: Log Zivilyn: snoop self
Sun Apr  3 19:10:54 2011 :: Log Zivilyn: protect sinjin
Sun Apr  3 19:10:54 2011 :: Log Chemosh: snoop sinjin
Sun Apr  3 19:10:56 2011 :: Log Zivilyn: protect sinjin
Sun Apr  3 19:10:57 2011 :: Log Zivilyn: protect sinjin
Sun Apr  3 19:11:02 2011 :: Log Zivilyn: snoop sinjin
Sun Apr  3 19:11:08 2011 :: Log Zivilyn: protect arlanthis
Sun Apr  3 19:11:11 2011 :: Log Zivilyn: protect gulgor
Sun Apr  3 19:11:16 2011 :: Log Sinjin: murder cyrus
Sun Apr  3 19:13:14 2011 :: cpe-066-057-202-149.sc.res.rr.com input spamming!
Sun Apr  3 19:13:53 2011 :: EOF encountered on read.
Sun Apr  3 19:13:53 2011 :: Closing link to Cyrus.
Sun Apr  3 19:13:55 2011 :: Mirinya has quit.
Sun Apr  3 19:14:07 2011 :: Log Chemosh: grab convoke arl
Sun Apr  3 19:14:24 2011 :: Chemosh has quit.
Sun Apr  3 19:15:33 2011 :: Log Morgion: strin obj robe short The {DRobes{x of {yDisease{x
Sun Apr  3 19:16:20 2011 :: Log Morgion: strin obj robe long Robes of disease and decay lie here on the floor.
Sun Apr  3 19:16:42 2011 :: Log Morgion: string obj robe name robes
Sun Apr  3 19:16:52 2011 :: Sera has quit.
Sun Apr  3 19:18:13 2011 :: Sock.sinaddr:  24.154.97.139
Sun Apr  3 19:18:16 2011 :: Loading Majere.
Sun Apr  3 19:18:17 2011 :: Look out, Majere@dynamic-acs-24-154-97-139.zoominternet.net has connected.
Sun Apr  3 19:18:46 2011 :: Sock.sinaddr:  173.117.236.61
Sun Apr  3 19:18:56 2011 :: Loading Andrina.
Sun Apr  3 19:19:15 2011 :: Look out, Andrina@173-117-236-61.pools.spcsdns.net has connected.
Sun Apr  3 19:19:38 2011 :: Velsharen gained level 16
Sun Apr  3 19:20:51 2011 :: Byrch gained level 16
Sun Apr  3 19:21:30 2011 :: Sock.sinaddr:  66.57.202.149
Sun Apr  3 19:21:31 2011 :: Loading Druul.
Sun Apr  3 19:21:45 2011 :: Loading Mikhal.
Sun Apr  3 19:21:45 2011 :: Look out, Mikhal@cpe-066-057-202-149.sc.res.rr.com has connected.
Sun Apr  3 19:22:24 2011 :: Andrina has quit.
Sun Apr  3 19:22:26 2011 :: Sock.sinaddr:  173.117.236.61
Sun Apr  3 19:22:34 2011 :: Loading Mirinya.
Sun Apr  3 19:22:42 2011 :: Look out, Mirinya@173-117-236-61.pools.spcsdns.net has connected.
Sun Apr  3 19:22:57 2011 :: Sock.sinaddr:  98.93.110.213
Sun Apr  3 19:23:01 2011 :: Loading Casumi.
Sun Apr  3 19:23:03 2011 :: Look out, Casumi@adsl-93-110-213.owb.bellsouth.net has connected.
Sun Apr  3 19:24:47 2011 :: Casumi has quit.
Sun Apr  3 19:24:55 2011 :: Log Sirrion: echo Foosteps are heard echoing, though nobody is seen.
Sun Apr  3 19:25:35 2011 :: Majere has quit.
Sun Apr  3 19:26:06 2011 :: Sock.sinaddr:  71.163.215.75
Sun Apr  3 19:26:10 2011 :: Log Sirrion: echo Footsteps are heard.
Sun Apr  3 19:26:14 2011 :: Loading Zendfrel.
Sun Apr  3 19:26:16 2011 :: Look out, Zendfrel@pool-71-163-215-75.washdc.east.verizon.net has connected.
Sun Apr  3 19:26:52 2011 :: [WARNING] Byrch gtells: we've been mudding for a lot of years
Sun Apr  3 19:27:43 2011 :: Mirinya has quit.
Sun Apr  3 19:27:48 2011 :: Sock.sinaddr:  173.117.236.61
Sun Apr  3 19:27:55 2011 :: Loading Mirinya.
Sun Apr  3 19:27:59 2011 :: Look out, Mirinya@173-117-236-61.pools.spcsdns.net has connected.
Sun Apr  3 19:28:58 2011 :: Sock.sinaddr:  71.226.174.166
Sun Apr  3 19:29:05 2011 :: Loading Arlanthis.
Write_to_descriptor: Resource temporarily unavailable
Sun Apr  3 19:29:11 2011 :: Closing link to Arlanthis.
Sun Apr  3 19:29:11 2011 :: Arlanthis@c-71-226-174-166.hsd1.sc.comcast.net reconnected.
Sun Apr  3 19:29:45 2011 :: Zendfrel has quit.
Sun Apr  3 19:29:47 2011 :: Sock.sinaddr:  71.163.215.75
Sun Apr  3 19:29:50 2011 :: Cyrus has quit.
Sun Apr  3 19:30:23 2011 :: Gulgor has quit.
Sun Apr  3 19:30:27 2011 :: Byrch gained level 17
Sun Apr  3 19:31:02 2011 :: Velsharen gained level 17
Sun Apr  3 19:32:59 2011 :: Mirinya has quit.
Sun Apr  3 19:33:05 2011 :: Sock.sinaddr:  173.117.236.61
Sun Apr  3 19:33:14 2011 :: Loading Andrina.
Sun Apr  3 19:33:18 2011 :: Look out, Andrina@173-117-236-61.pools.spcsdns.net has connected.
Sun Apr  3 19:34:01 2011 :: Sock.sinaddr:  98.66.212.17
Sun Apr  3 19:34:36 2011 :: Thorantor@adsl-66-212-17.asm.bellsouth.net new player.
Sun Apr  3 19:36:32 2011 :: Log Zivilyn: clone @
Sun Apr  3 19:38:01 2011 :: Log Zivilyn: switch celesta
Sun Apr  3 19:38:25 2011 :: [WARNING] Arlanthis tells Muira: this is such a great and unique mud. i wish more people would play here. its just not advertised well
Sun Apr  3 19:39:05 2011 :: Log Zivilyn: transfer thoran
Sun Apr  3 19:39:20 2011 :: EOF encountered on read.
Sun Apr  3 19:39:20 2011 :: Closing link to Arlanthis.
Sun Apr  3 19:39:28 2011 :: Sock.sinaddr:  71.226.174.166
Sun Apr  3 19:39:31 2011 :: Loading Arlanthis.
Sun Apr  3 19:39:33 2011 :: Arlanthis@c-71-226-174-166.hsd1.sc.comcast.net reconnected.
Sun Apr  3 19:40:33 2011 :: Byrch gained level 18
Sun Apr  3 19:41:05 2011 :: Velsharen gained level 18
Sun Apr  3 19:41:27 2011 :: Log Zivilyn: snoop reorx
Sun Apr  3 19:41:53 2011 :: Log Morgion: rstrip
Sun Apr  3 19:42:05 2011 :: Log Zivilyn: snoop reorx
Sun Apr  3 19:42:11 2011 :: Log Zivilyn: snoop self
Sun Apr  3 19:42:13 2011 :: Log Zivilyn: snoop reorx
Sun Apr  3 19:42:17 2011 :: Log Zivilyn: protect arlanthis
Sun Apr  3 19:42:20 2011 :: Log Zivilyn: protect sinjin
Sun Apr  3 19:42:23 2011 :: [*****] BUG: buffer overflow past size 16384
Sun Apr  3 19:43:08 2011 :: [WARNING] Muira tells Arlanthis: *smiles* It's the website that led me here... had to go to mudconnect.com to find the addy, though, it's not on the website!
Sun Apr  3 19:44:13 2011 :: Log Reorx: transfer dasku 151
Sun Apr  3 19:44:25 2011 :: Log Zivilyn: snoop self
Sun Apr  3 19:44:53 2011 :: Thorantor gained level 2
Sun Apr  3 19:47:30 2011 :: Thorantor has quit.
Sun Apr  3 19:51:05 2011 :: Log Zivilyn: reward andrina 1500 nice
Sun Apr  3 19:51:05 2011 :: Log Zivilyn: reward dasku 1500 nice
Sun Apr  3 19:51:06 2011 :: Log Zivilyn: reward muira 1500 nice
Sun Apr  3 19:51:06 2011 :: Log Zivilyn: reward velsharen 1500 nice
Sun Apr  3 19:51:06 2011 :: Velsharen gained level 19
Sun Apr  3 19:51:06 2011 :: Log Zivilyn: reward byrch 1500 nice
Sun Apr  3 19:51:06 2011 :: Byrch gained level 19
Sun Apr  3 19:51:06 2011 :: Log Zivilyn: reward oaellaelo 1500 nice
Sun Apr  3 19:51:07 2011 :: Log Zivilyn: reward rayo 1500 nice
Sun Apr  3 19:51:07 2011 :: Log Zivilyn: reward druul 1500 nice
Sun Apr  3 19:51:31 2011 :: Log Zivilyn: restore all
Sun Apr  3 19:51:39 2011 :: Log Zivilyn: restore all
Sun Apr  3 19:51:42 2011 :: Log Zivilyn: restore room
Sun Apr  3 19:53:12 2011 :: Log Zivilyn: restore reorx
Sun Apr  3 19:53:12 2011 :: Log Zivilyn: restore morgion
Sun Apr  3 19:53:12 2011 :: Log Zivilyn: restore sirrion
Sun Apr  3 19:53:13 2011 :: Log Zivilyn: restore arlanthis
Sun Apr  3 19:53:13 2011 :: Log Zivilyn: restore andrina
Sun Apr  3 19:53:13 2011 :: Log Zivilyn: restore mikhal
Sun Apr  3 19:53:13 2011 :: Log Zivilyn: restore dasku
Sun Apr  3 19:53:14 2011 :: Log Zivilyn: restore muira
Sun Apr  3 19:53:14 2011 :: Log Zivilyn: restore sinjin
Sun Apr  3 19:53:14 2011 :: Log Zivilyn: restore velsharen
Sun Apr  3 19:53:14 2011 :: Log Zivilyn: restore byrch
Sun Apr  3 19:53:15 2011 :: Log Zivilyn: restore oaellaelo
Sun Apr  3 19:53:15 2011 :: Log Zivilyn: restore rayo
Sun Apr  3 19:53:15 2011 :: Log Zivilyn: restore druul
Sun Apr  3 19:53:21 2011 :: Zivilyn has quit.
Sun Apr  3 19:55:54 2011 :: Mikhal has quit.
Sun Apr  3 19:56:07 2011 :: [WARNING] Muira replies to Sirrion: Was web surfing, actually... on different Legends.  Stumbled across the website and was interested.  Had to go to mudconnect.com to find out how to connect, though, it's not on the lok website!
Sun Apr  3 19:57:23 2011 :: [WARNING] Sirrion replies to Muira: Was this your first mud?
Sun Apr  3 19:58:29 2011 :: Byrch has quit.
Sun Apr  3 20:00:34 2011 :: Loading Lethaeus.
Sun Apr  3 20:00:36 2011 :: Look out, Lethaeus@pool-71-163-215-75.washdc.east.verizon.net has connected.
Sun Apr  3 20:00:58 2011 :: Kongol has quit.
Sun Apr  3 20:01:47 2011 :: Dasku has quit.
Sun Apr  3 20:02:57 2011 :: Sock.sinaddr:  71.226.174.166
Sun Apr  3 20:03:04 2011 :: Loading Arlanthis.
Sun Apr  3 20:03:08 2011 :: Closing link to Arlanthis.
Sun Apr  3 20:03:08 2011 :: Arlanthis@c-71-226-174-166.hsd1.sc.comcast.net reconnected.
Sun Apr  3 20:04:18 2011 :: Druul gained level 96
Sun Apr  3 20:08:16 2011 :: Velsharen has quit.
Sun Apr  3 20:08:25 2011 :: Andrina has quit.
Sun Apr  3 20:18:37 2011 :: Log Morgion: string obj brass short ({DDecaying{x) ({yDiseased{x) {DPauldrons{x of {yDisease{x
Sun Apr  3 20:19:08 2011 :: Log Morgion: string obj brass name pauldrons
Sun Apr  3 20:19:46 2011 :: Log Morgion: string obj pauldrons long Pauldrons with the symbols of disease and decay lie here on the floor.
Read_from_descriptor: Connection reset by peer
Sun Apr  3 20:20:28 2011 :: Closing link to Druul.
Sun Apr  3 20:20:33 2011 :: Sock.sinaddr:  66.57.202.149
Sun Apr  3 20:20:40 2011 :: Loading Druul.
Sun Apr  3 20:20:40 2011 :: Druul@cpe-066-057-202-149.sc.res.rr.com reconnected.
Sun Apr  3 20:22:30 2011 :: Log Sirrion: switch c3
Sun Apr  3 20:24:22 2011 :: Log Morgion: string obj tatt short ({yPlauged{x) ({DUnHoly{x) The {Rmark{x of {yDisease{x
Sun Apr  3 20:24:59 2011 :: Log Morgion: string obj tatt name mark
Sun Apr  3 20:25:08 2011 :: Sock.sinaddr:  173.17.9.71
Sun Apr  3 20:25:14 2011 :: Loading Isekai.
Sun Apr  3 20:25:17 2011 :: Look out, Isekai@173-17-9-71.client.mchsi.com has connected.
Sun Apr  3 20:25:34 2011 :: Log Morgion: string obj mark long A mark of disease eminates evil energy as it rests here.
Sun Apr  3 20:27:25 2011 :: leader figure darinthalas assassinated by Morgion at 3807
Sun Apr  3 20:27:53 2011 :: Sock.sinaddr:  74.67.31.253
Sun Apr  3 20:27:56 2011 :: Loading Velsharen.
Sun Apr  3 20:27:58 2011 :: Look out, Velsharen@cpe-74-67-31-253.nycap.res.rr.com has connected.
Sun Apr  3 20:28:13 2011 :: Sock.sinaddr:  173.117.236.61
Sun Apr  3 20:28:20 2011 :: Loading Andrina.
Sun Apr  3 20:28:27 2011 :: Look out, Andrina@173-117-236-61.pools.spcsdns.net has connected.
Sun Apr  3 20:29:25 2011 :: Sock.sinaddr:  71.226.174.166
Sun Apr  3 20:29:28 2011 :: Log Morgion: string obj gloves short ({DUnHoly{x) ({yPlagued{x) The {RHands {xof {yDisease
Sun Apr  3 20:29:30 2011 :: Loading Arlanthis.
Sun Apr  3 20:29:33 2011 :: Closing link to Arlanthis.
Sun Apr  3 20:29:33 2011 :: Arlanthis@c-71-226-174-166.hsd1.sc.comcast.net reconnected.
Sun Apr  3 20:29:51 2011 :: Log Morgion: string obj gloves long A set of diseased hands lies here.
Sun Apr  3 20:30:02 2011 :: Log Morgion: string obj gloves name hands
Sun Apr  3 20:30:24 2011 :: Log Morgion: string obj gloves short ({DUnHoly{x) ({yPlagued{x) The {RHands {xof {yDisease{x
Sun Apr  3 20:30:31 2011 :: Log Morgion: string obj gloves short ({DUnHoly{x) ({yPlagued{x) The {RHands {xof {yDisease{x
Sun Apr  3 20:30:46 2011 :: Log Morgion: string obj hands short ({DUnHoly{x) ({yPlagued{x) The {RHands {xof {yDisease{x
Sun Apr  3 20:33:05 2011 :: Log Morgion: string obj ring short ({DUnHoly{x) ({cDivine{x) The ring of {yDisease{x
Sun Apr  3 20:33:37 2011 :: Log Morgion: string obj ring long A divine ring lies here bearing the mark of disease.
Sun Apr  3 20:34:04 2011 :: Log Morgion: string obj ring short ({DUnHoly{x) ({cDivine{x) The ring of {DDecay{x
Sun Apr  3 20:34:30 2011 :: Log Morgion: string obj ring long A divine ring lies here with the symbol of Decay.
Sun Apr  3 20:36:11 2011 :: Sock.sinaddr:  216.135.54.194
Sun Apr  3 20:36:16 2011 :: alea woman captain guard assassinated by Morgion at 9869
Sun Apr  3 20:36:17 2011 :: Loading Delacroix.
Sun Apr  3 20:36:29 2011 :: Look out, Delacroix@client001-static.c044772.customers.cinergycom.net has connected.
Sun Apr  3 20:38:05 2011 :: Log Morgion: string obj helmet short ({cDivine{x) ({DUnHoly{x) The {Dcrown{x of {yDisease{x
Sun Apr  3 20:38:25 2011 :: Log Morgion: string obj helmet long A divine crown of the disease is here
Sun Apr  3 20:38:34 2011 :: Log Morgion: string obj helmet name crown
Sun Apr  3 20:43:02 2011 :: Lethaeus has quit.
Sun Apr  3 20:43:03 2011 :: Sock.sinaddr:  71.163.215.75
Sun Apr  3 20:43:08 2011 :: Loading Zendfrel.
Sun Apr  3 20:43:10 2011 :: Look out, Zendfrel@pool-71-163-215-75.washdc.east.verizon.net has connected.
Sun Apr  3 20:47:59 2011 :: Sock.sinaddr:  24.128.143.173
Sun Apr  3 20:48:03 2011 :: Loading Kiree.
Sun Apr  3 20:48:06 2011 :: Look out, Kiree@c-24-128-143-173.hsd1.nh.comcast.net has connected.
Sun Apr  3 20:48:34 2011 :: EOF encountered on read.
Sun Apr  3 20:48:34 2011 :: Closing link to Zendfrel.
Sun Apr  3 20:48:39 2011 :: Sock.sinaddr:  71.163.215.75
Sun Apr  3 20:48:43 2011 :: Loading Zendfrel.
Sun Apr  3 20:48:44 2011 :: Zendfrel@pool-71-163-215-75.washdc.east.verizon.net reconnected.
Sun Apr  3 20:49:41 2011 :: Kiree has quit.
Sun Apr  3 20:49:42 2011 :: Sock.sinaddr:  24.128.143.173
Sun Apr  3 20:49:44 2011 :: Loading Kilee.
Sun Apr  3 20:49:45 2011 :: Look out, Kilee@c-24-128-143-173.hsd1.nh.comcast.net has connected.
Sun Apr  3 20:49:52 2011 :: Sock.sinaddr:  98.217.215.65
Sun Apr  3 20:49:58 2011 :: Loading Haeden.
Sun Apr  3 20:50:03 2011 :: Look out, Haeden@c-98-217-215-65.hsd1.nh.comcast.net has connected.
Sun Apr  3 20:51:41 2011 :: Velsharen gained level 20
Sun Apr  3 20:53:10 2011 :: Log Morgion: string obj cloak short ({DUnHoly{x) ({cDivine{x) A {yCloak{x of {DDecay{x
Sun Apr  3 20:53:38 2011 :: Log Morgion: string obj cloak long A divine cloak of Decay lies on the floor here.
Sun Apr  3 20:54:32 2011 :: Log Morgion: string obj cloak short ({DUnHoly{x) ({cDivine{x) A {DCloak{x of {yDisease{x
Sun Apr  3 20:54:47 2011 :: Log Morgion: string obj cloak long A divine cloak of Disease lies on the floor here.
Write_to_descriptor: Resource temporarily unavailable
Sun Apr  3 20:55:01 2011 :: Closing link to Druul.
Sun Apr  3 20:57:27 2011 :: Sock.sinaddr:  66.57.202.149
Sun Apr  3 20:57:29 2011 :: Loading Druul.
Sun Apr  3 20:57:29 2011 :: Druul@cpe-066-057-202-149.sc.res.rr.com reconnected.
Sun Apr  3 20:58:43 2011 :: Velsharen has quit.
Sun Apr  3 21:02:12 2011 :: anga mayor assassinated by Morgion at 11383
Sun Apr  3 21:02:26 2011 :: Sock.sinaddr:  216.135.54.194
Sun Apr  3 21:02:39 2011 :: Loading Delacroix.
Sun Apr  3 21:02:43 2011 :: Closing link to Delacroix.
Sun Apr  3 21:02:43 2011 :: Delacroix@client001-static.c044772.customers.cinergycom.net reconnected.
Sun Apr  3 21:03:43 2011 :: Sock.sinaddr:  71.226.174.166
Sun Apr  3 21:03:48 2011 :: Loading Arlanthis.
Sun Apr  3 21:03:52 2011 :: Closing link to Arlanthis.
Sun Apr  3 21:03:52 2011 :: Arlanthis@c-71-226-174-166.hsd1.sc.comcast.net reconnected.
Sun Apr  3 21:05:21 2011 :: Delacroix has quit.
Sun Apr  3 21:06:04 2011 :: Sock.sinaddr:  216.135.54.194
Sun Apr  3 21:06:15 2011 :: Loading Iskassa.
Sun Apr  3 21:06:20 2011 :: Look out, Iskassa@client001-static.c044772.customers.cinergycom.net has connected.
Sun Apr  3 21:08:39 2011 :: Iskassa has quit.
Sun Apr  3 21:11:01 2011 :: Log Morgion: string obj sheath short ({mAncient{x) ({cDivine{x) A {DShackle{x of {yDisease{x
Sun Apr  3 21:11:30 2011 :: Log Morgion: string obj sheath long A shackle of disease lies here on the floor, It looks really old.
Sun Apr  3 21:11:34 2011 :: Kilee has quit.
Sun Apr  3 21:11:35 2011 :: Sock.sinaddr:  24.128.143.173
Sun Apr  3 21:11:37 2011 :: Loading Tencha.
Sun Apr  3 21:11:39 2011 :: Look out, Tencha@c-24-128-143-173.hsd1.nh.comcast.net has connected.
Sun Apr  3 21:11:48 2011 :: Tencha has quit.
Sun Apr  3 21:11:50 2011 :: Sock.sinaddr:  24.128.143.173
Sun Apr  3 21:11:52 2011 :: Log Morgion: string obj sheath name shackle
Sun Apr  3 21:11:56 2011 :: Loading Kilee.
Sun Apr  3 21:11:57 2011 :: Look out, Kilee@c-24-128-143-173.hsd1.nh.comcast.net has connected.
Sun Apr  3 21:14:33 2011 :: Log Sirrion: echo Suddenly, in the skies above Palanthas, a roar is heard. A dark shadow passes the gathering area, as a dragon swoops overhead. It is impossible to determine the color of him, or wether it is metallic or not.
Sun Apr  3 21:15:08 2011 :: Sock.sinaddr:  216.135.54.194
Sun Apr  3 21:15:14 2011 :: Loading Delacroix.
Sun Apr  3 21:15:16 2011 :: Look out, Delacroix@client001-static.c044772.customers.cinergycom.net has connected.
Sun Apr  3 21:16:34 2011 :: Log Morgion: string obj sheath short ({mAncient{x) ({cDivine{x) A {yShackle{x of {DDecay{x
Sun Apr  3 21:16:53 2011 :: Log Morgion: string obj sheath long A shackle of decay lies here on the floor, It looks really old.
Sun Apr  3 21:16:59 2011 :: Log Morgion: string obj sheath name shackle
Sun Apr  3 21:18:40 2011 :: Log Sirrion: echo Another roar is heard as the shadow passes back over.
Sun Apr  3 21:21:36 2011 :: Log Sirrion: echo The dragon roars once more, before turning to the north and flying off, dissapearing as it does so.
Sun Apr  3 21:33:31 2011 :: Log Morgion: string obj swarm long A swarm of insects is buzzing around.
Sun Apr  3 21:33:42 2011 :: Log Sirrion: echo Suddenly, an earthquake happens. Luckily, nothing is broken.
Sun Apr  3 21:33:43 2011 :: Log Morgion: string obj swarm long A swarm of insects is buzzing around.
Sun Apr  3 21:33:56 2011 :: Log Morgion: string char swarm long A swarm of insects is buzzing around.
Sun Apr  3 21:35:23 2011 :: alea woman captain guard assassinated by Morgion at 9869
Sun Apr  3 21:39:27 2011 :: Haeden has quit.
Sun Apr  3 21:41:17 2011 :: Sinjin has quit.
Sun Apr  3 21:42:48 2011 :: Log Morgion: string obj golden short (mAncient{x) ({DUnHoly{x) The greaves of {yDisease{x and {DDecay{x
Sun Apr  3 21:43:30 2011 :: Log Morgion: string obj golden long Acient greaves of the god of disease lises here on the floor.
Sun Apr  3 21:43:48 2011 :: Log Morgion: string obj golden name greaves
Sun Apr  3 21:45:48 2011 :: Sock.sinaddr:  98.93.109.60
Sun Apr  3 21:45:51 2011 :: Loading Linx.
Sun Apr  3 21:45:54 2011 :: Look out, Linx@adsl-93-109-60.owb.bellsouth.net has connected.
Sun Apr  3 21:47:39 2011 :: Sock.sinaddr:  173.93.143.97
Sun Apr  3 21:47:42 2011 :: Loading Chemosh.
Sun Apr  3 21:47:44 2011 :: Look out, Chemosh@cpe-173-093-143-097.sc.res.rr.com has connected.
Read_from_descriptor: Connection reset by peer
Sun Apr  3 21:47:52 2011 :: Closing link to Druul.
Sun Apr  3 21:47:55 2011 :: Sock.sinaddr:  66.57.202.149
Sun Apr  3 21:47:57 2011 :: Loading Druul.
Sun Apr  3 21:47:58 2011 :: Druul@cpe-066-057-202-149.sc.res.rr.com reconnected.
Sun Apr  3 21:48:53 2011 :: Sock.sinaddr:  173.93.143.97
Sun Apr  3 21:49:03 2011 :: Loading Cyrus.
Sun Apr  3 21:49:05 2011 :: Look out, Cyrus@cpe-173-093-143-097.sc.res.rr.com has connected.
Sun Apr  3 21:51:55 2011 :: Sock.sinaddr:  76.2.177.215
Sun Apr  3 21:52:22 2011 :: Loading Mogu.
Sun Apr  3 21:53:17 2011 :: Look out, Mogu@mo-76-2-177-215.dhcp.embarqhsd.net has connected.
Sun Apr  3 21:55:15 2011 :: EOF encountered on read.
Sun Apr  3 21:55:15 2011 :: Closing link to Cyrus.
Sun Apr  3 21:55:17 2011 :: EOF encountered on read.
Sun Apr  3 21:55:17 2011 :: Closing link to Chemosh.
Sun Apr  3 21:56:11 2011 :: Sock.sinaddr:  98.93.86.125
Sun Apr  3 21:56:15 2011 :: Loading Gael.
Sun Apr  3 21:56:19 2011 :: Look out, Gael@adsl-93-86-125.owb.bellsouth.net has connected.
Sun Apr  3 21:57:19 2011 :: Gael has quit.
Sun Apr  3 21:58:11 2011 :: Sock.sinaddr:  98.93.86.125
Sun Apr  3 21:58:14 2011 :: Loading Gael.
Sun Apr  3 21:58:18 2011 :: Look out, Gael@adsl-93-86-125.owb.bellsouth.net has connected.
Sun Apr  3 22:00:03 2011 :: Gael has quit.
Sun Apr  3 22:00:05 2011 :: Sock.sinaddr:  204.209.44.14
Sun Apr  3 22:00:07 2011 :: Loading Kanis.
Sun Apr  3 22:00:09 2011 :: Look out, Kanis@mudconnector.com has connected.
Sun Apr  3 22:00:10 2011 :: Mogu has quit.
Sun Apr  3 22:00:38 2011 :: Kilee has quit.
Sun Apr  3 22:00:39 2011 :: Sock.sinaddr:  24.128.143.173
Sun Apr  3 22:00:48 2011 :: Loading Kiree.
Sun Apr  3 22:00:50 2011 :: Look out, Kiree@c-24-128-143-173.hsd1.nh.comcast.net has connected.
Sun Apr  3 22:00:58 2011 :: Kiree has quit.
Sun Apr  3 22:00:59 2011 :: Sock.sinaddr:  24.128.143.173
Sun Apr  3 22:01:01 2011 :: Loading Dasku.
Sun Apr  3 22:01:03 2011 :: Look out, Dasku@c-24-128-143-173.hsd1.nh.comcast.net has connected.
Sun Apr  3 22:01:57 2011 :: Kanis has quit.
Sun Apr  3 22:02:43 2011 :: Sock.sinaddr:  98.93.86.125
Sun Apr  3 22:02:46 2011 :: Loading Gael.
Sun Apr  3 22:02:50 2011 :: Look out, Gael@adsl-93-86-125.owb.bellsouth.net has connected.
Sun Apr  3 22:02:54 2011 :: Log Sirrion: echo Once again, the dragon roars. This time in the distance.
Sun Apr  3 22:03:07 2011 :: Log Reorx: switch crys
Sun Apr  3 22:04:04 2011 :: Dasku has quit.
Sun Apr  3 22:04:05 2011 :: Sock.sinaddr:  24.128.143.173
Sun Apr  3 22:04:08 2011 :: Loading Tenchu.
Sun Apr  3 22:04:11 2011 :: Look out, Tenchu@c-24-128-143-173.hsd1.nh.comcast.net has connected.
Sun Apr  3 22:05:26 2011 :: crown knight assassinated by Morgion at 13744
Sun Apr  3 22:06:45 2011 :: Sock.sinaddr:  204.209.44.14
Sun Apr  3 22:06:48 2011 :: Loading Kanis.
Sun Apr  3 22:06:49 2011 :: Look out, Kanis@mudconnector.com has connected.
Sun Apr  3 22:09:45 2011 :: Kanis has quit.
Sun Apr  3 22:09:52 2011 :: Sock.sinaddr:  204.209.44.14
Sun Apr  3 22:10:04 2011 :: Loading Knoll.
Sun Apr  3 22:10:07 2011 :: Look out, Knoll@mudconnector.com has connected.
Sun Apr  3 22:11:02 2011 :: Chemosh has quit.
Sun Apr  3 22:11:47 2011 :: Cyrus has quit.
Sun Apr  3 22:12:12 2011 :: Oaellaelo has quit.
Sun Apr  3 22:12:28 2011 :: Druul has quit.
Sun Apr  3 22:12:37 2011 :: Reorx has quit.
Sun Apr  3 22:12:57 2011 :: Gael has quit.
Sun Apr  3 22:15:47 2011 :: tinker dell assassinated by Morgion at 1622
Sun Apr  3 22:18:04 2011 :: Knoll has quit.
Sun Apr  3 22:19:51 2011 :: Log Sirrion: switch tinker
Sun Apr  3 22:22:19 2011 :: Log Morgion: string obj tribal short The face of {yDisease{x and {DDecay{x
Sun Apr  3 22:23:43 2011 :: Log Morgion: string obj tribal short ({DUnHoly{x) ({yDiseased{x) The face of {yDisease{x and {DDecay{x
Sun Apr  3 22:24:13 2011 :: Log Morgion: string obj tribal long Am ancient mask of disease lies here.
Sun Apr  3 22:24:25 2011 :: Log Morgion: string obj tribal name face
Sun Apr  3 22:24:31 2011 :: Sock.sinaddr:  204.209.44.14
Sun Apr  3 22:24:33 2011 :: Loading Kanis.
Sun Apr  3 22:24:34 2011 :: Look out, Kanis@mudconnector.com has connected.
Sun Apr  3 22:26:34 2011 :: Sock.sinaddr:  70.171.47.234
Sun Apr  3 22:26:38 2011 :: Loading Celebriel.
Sun Apr  3 22:26:40 2011 :: Look out, Celebriel@ip70-171-47-234.ga.at.cox.net has connected.
Sun Apr  3 22:27:53 2011 :: Log Morgion: string obj boots short ({RBlistery{x) ({yPlagued{x) The {Rfeet{x of {yDisease{x
Sun Apr  3 22:27:59 2011 :: Sock.sinaddr:  184.234.111.81
Sun Apr  3 22:28:09 2011 :: Loading Andrina.
Sun Apr  3 22:28:24 2011 :: Closing link to Andrina.
Sun Apr  3 22:28:24 2011 :: Andrina@184-234-111-81.pools.spcsdns.net reconnected.
Sun Apr  3 22:29:07 2011 :: Log Morgion: string obj boots long A pair of bloody boildcovered feet lies here.
Sun Apr  3 22:29:17 2011 :: Log Morgion: string obj boots name feet
Sun Apr  3 22:29:41 2011 :: EOF encountered on read.
Sun Apr  3 22:29:41 2011 :: Closing link to Kanis.
Sun Apr  3 22:29:58 2011 :: Sock.sinaddr:  75.81.251.160
Sun Apr  3 22:30:01 2011 :: Loading Kanis.
Sun Apr  3 22:30:02 2011 :: Kanis@cpe-75-81-251-160.we.res.rr.com reconnected.
Sun Apr  3 22:31:51 2011 :: Celebriel has quit.
Sun Apr  3 22:31:53 2011 :: Sock.sinaddr:  70.171.47.234
Sun Apr  3 22:31:57 2011 :: Closing link to Mariah.
Sun Apr  3 22:32:02 2011 :: Sock.sinaddr:  70.171.47.234
Sun Apr  3 22:32:06 2011 :: Loading Aurora.
Sun Apr  3 22:32:08 2011 :: Look out, Aurora@ip70-171-47-234.ga.at.cox.net has connected.
Sun Apr  3 22:36:00 2011 :: Sock.sinaddr:  66.254.236.154
Sun Apr  3 22:36:06 2011 :: Loading Pilarth.
Sun Apr  3 22:36:07 2011 :: Look out, Pilarth@nd-66-254-236-154.nat.nd.edu has connected.
Sun Apr  3 22:37:47 2011 :: Sock.sinaddr:  24.15.46.93
Sun Apr  3 22:37:47 2011 :: Loading Nuitari.
Sun Apr  3 22:37:48 2011 :: Look out, Nuitari@c-24-15-46-93.hsd1.in.comcast.net has connected.
Sun Apr  3 22:38:22 2011 :: Sock.sinaddr:  24.154.97.139
Sun Apr  3 22:38:24 2011 :: Loading Majere.
Sun Apr  3 22:38:25 2011 :: Look out, Majere@dynamic-acs-24-154-97-139.zoominternet.net has connected.
Sun Apr  3 22:39:05 2011 :: Pilarth has quit.
Sun Apr  3 22:39:29 2011 :: Log Morgion: switch officer
Sun Apr  3 22:39:45 2011 :: Majere has quit.
Sun Apr  3 22:40:03 2011 :: Log city guard officer: switch Morgion
Sun Apr  3 22:40:04 2011 :: Tenchu has quit.
Sun Apr  3 22:40:22 2011 :: Log city guard officer: switch
Sun Apr  3 22:40:32 2011 :: Log city guard officer: switch Morgion
Sun Apr  3 22:41:07 2011 :: Nuitari has quit.
Sun Apr  3 22:42:12 2011 :: Andrina has quit.
Sun Apr  3 22:42:21 2011 :: Sock.sinaddr:  129.71.250.254
Sun Apr  3 22:43:17 2011 :: Zendfrel has quit.
Sun Apr  3 22:43:19 2011 :: Eamai@pat.dot.state.wv.us new player.
Sun Apr  3 22:43:40 2011 :: Log Morgion: string obj sleeves short ({DUnHoly{x) ({mAncient{x) The sleeves of {yDisease{x 
Sun Apr  3 22:43:55 2011 :: Sock.sinaddr:  161.6.236.33
Sun Apr  3 22:43:58 2011 :: Loading Delacom.
Sun Apr  3 22:43:59 2011 :: Look out, Delacom@ip033-236.wlan-zone4.WKU.EDU has connected.
Sun Apr  3 22:44:38 2011 :: Log Morgion: string obj sleeves long Sleeves seeming to be really old lie here bearing the symbol of disease.
Sun Apr  3 22:45:25 2011 :: Delacom has quit.
Sun Apr  3 22:45:26 2011 :: Sock.sinaddr:  161.6.236.33
Sun Apr  3 22:45:32 2011 :: Loading Jaerick.
Sun Apr  3 22:45:33 2011 :: Look out, Jaerick@ip033-236.wlan-zone4.WKU.EDU has connected.
Sun Apr  3 22:46:14 2011 :: Sock.sinaddr:  184.234.111.81
Sun Apr  3 22:46:21 2011 :: Loading Siryn.
Sun Apr  3 22:46:26 2011 :: Look out, Siryn@184-234-111-81.pools.spcsdns.net has connected.
Sun Apr  3 22:49:49 2011 :: Sock.sinaddr:  173.93.143.97
Sun Apr  3 22:49:51 2011 :: Loading Chemosh.
Sun Apr  3 22:49:53 2011 :: Look out, Chemosh@cpe-173-093-143-097.sc.res.rr.com has connected.
Sun Apr  3 22:51:18 2011 :: Log Chemosh: snoop srl
Sun Apr  3 22:51:28 2011 :: Muira has quit.
Sun Apr  3 22:51:28 2011 :: Log Chemosh: snoop linx
Sun Apr  3 22:54:11 2011 :: Sock.sinaddr:  75.135.162.91
Sun Apr  3 22:54:12 2011 :: EOF encountered on read.
Sun Apr  3 22:55:38 2011 :: Delacroix has quit.
Sun Apr  3 22:55:39 2011 :: Sock.sinaddr:  216.135.54.194
Sun Apr  3 22:55:41 2011 :: Loading Iskassa.
Sun Apr  3 22:55:42 2011 :: Look out, Iskassa@client001-static.c044772.customers.cinergycom.net has connected.
Sun Apr  3 22:56:01 2011 :: Eamai gained level 2
Sun Apr  3 22:57:12 2011 :: Sock.sinaddr:  173.93.143.97
Sun Apr  3 22:57:18 2011 :: Loading Cyrus.
Sun Apr  3 22:57:21 2011 :: Look out, Cyrus@cpe-173-093-143-097.sc.res.rr.com has connected.
Sun Apr  3 22:57:39 2011 :: Log Chemosh: snoop self
Sun Apr  3 22:57:55 2011 :: Log Chemosh: transfer cyrus 1904
Sun Apr  3 22:58:11 2011 :: cpe-173-093-143-097.sc.res.rr.com input spamming!
Sun Apr  3 22:58:35 2011 :: Log Chemosh: snoop arlanthis
Sun Apr  3 23:01:54 2011 :: Eamai gained level 3
Sun Apr  3 23:05:44 2011 :: Siryn has quit.
Sun Apr  3 23:06:24 2011 :: Jaerick has quit.
Sun Apr  3 23:06:25 2011 :: Sock.sinaddr:  161.6.236.33
Sun Apr  3 23:06:28 2011 :: Loading Delacom.
Sun Apr  3 23:06:29 2011 :: Look out, Delacom@ip033-236.wlan-zone4.WKU.EDU has connected.
Sun Apr  3 23:09:44 2011 :: Kanis has quit.
Sun Apr  3 23:10:35 2011 :: Iskassa has quit.
Sun Apr  3 23:10:37 2011 :: Sock.sinaddr:  216.135.54.194
Sun Apr  3 23:10:39 2011 :: Loading Delacroix.
Sun Apr  3 23:10:40 2011 :: Look out, Delacroix@client001-static.c044772.customers.cinergycom.net has connected.
Sun Apr  3 23:11:09 2011 :: Eamai gained level 4
Sun Apr  3 23:13:30 2011 :: Aurora has quit.
Sun Apr  3 23:13:30 2011 :: EOF encountered on read.
Sun Apr  3 23:13:30 2011 :: Closing link to Cyrus.
Sun Apr  3 23:13:43 2011 :: EOF encountered on read.
Sun Apr  3 23:13:43 2011 :: Closing link to Chemosh.
Sun Apr  3 23:13:44 2011 :: Sock.sinaddr:  70.171.47.234
Sun Apr  3 23:13:46 2011 :: Loading Dominique.
Sun Apr  3 23:13:48 2011 :: Look out, Dominique@ip70-171-47-234.ga.at.cox.net has connected.
Sun Apr  3 23:15:36 2011 :: Log Sirrion: string char title dominique - Lady of {DDeath
Sun Apr  3 23:15:40 2011 :: Eamai gained level 5
Sun Apr  3 23:15:42 2011 :: Log Sirrion: string char dominique title - Lady of {DDeath
Sun Apr  3 23:25:49 2011 :: Rayo has quit.
Sun Apr  3 23:27:07 2011 :: Log Sirrion: switch cry
Sun Apr  3 23:28:08 2011 :: Log Sirrion: switch cry
Sun Apr  3 23:29:19 2011 :: Cyrus has quit.
Sun Apr  3 23:30:04 2011 :: Chemosh has quit.
Sun Apr  3 23:32:52 2011 :: Linx has quit.
Sun Apr  3 23:33:19 2011 :: Eamai gained level 6
Sun Apr  3 23:34:48 2011 :: Sock.sinaddr:  184.234.111.81
Sun Apr  3 23:35:03 2011 :: Loading Phiaera.
Sun Apr  3 23:35:08 2011 :: Look out, Phiaera@184-234-111-81.pools.spcsdns.net has connected.
Sun Apr  3 23:35:56 2011 :: Phiaera has quit.
Sun Apr  3 23:36:51 2011 :: Sirrion has quit.
Sun Apr  3 23:40:29 2011 :: Delacom has quit.
Sun Apr  3 23:41:30 2011 :: c-98-217-215-65.hsd1.nh.comcast.net input spamming!
Sun Apr  3 23:42:02 2011 :: c-98-217-215-65.hsd1.nh.comcast.net input spamming!
Sun Apr  3 23:42:20 2011 :: c-98-217-215-65.hsd1.nh.comcast.net input spamming!
Sun Apr  3 23:43:02 2011 :: c-98-217-215-65.hsd1.nh.comcast.net input spamming!
Sun Apr  3 23:43:25 2011 :: c-98-217-215-65.hsd1.nh.comcast.net input spamming!
Sun Apr  3 23:45:16 2011 :: c-98-217-215-65.hsd1.nh.comcast.net input spamming!
Sun Apr  3 23:45:42 2011 :: c-98-217-215-65.hsd1.nh.comcast.net input spamming!
Sun Apr  3 23:47:12 2011 :: Arlanthis has quit.
Sun Apr  3 23:50:51 2011 :: Sock.sinaddr:  24.88.107.233
Sun Apr  3 23:50:52 2011 :: Loading Chemosh.
Sun Apr  3 23:50:54 2011 :: Look out, Chemosh@cpe-024-088-107-233.sc.res.rr.com has connected.
Sun Apr  3 23:51:42 2011 :: Log Chemosh: snoop dominique
Sun Apr  3 23:52:56 2011 :: Sock.sinaddr:  24.88.107.233
Sun Apr  3 23:53:01 2011 :: Loading Karthis.
Sun Apr  3 23:53:02 2011 :: Look out, Karthis@cpe-024-088-107-233.sc.res.rr.com has connected.
Sun Apr  3 23:53:18 2011 :: Log Chemosh: snoop self
Sun Apr  3 23:53:37 2011 :: Dominique has quit.
