Sat Jan 24 12:55:48 2004 :: ROM is ready to rock on port 6100.
Sat Jan 24 12:55:58 2004 :: Sock.sinaddr:  24.213.42.2
Sat Jan 24 12:56:03 2004 :: Loading Hiddukel.
Sat Jan 24 12:56:04 2004 :: Look out, Hiddukel@24.213.42.2.up.mi.chartermi.net has connected.
Sat Jan 24 12:56:05 2004 :: Sock.sinaddr:  137.110.38.123
Sat Jan 24 12:56:17 2004 :: Loading Frazzle.
Sat Jan 24 12:56:19 2004 :: Look out, Frazzle@kdherbst.extern.ucsd.edu has connected.
Sat Jan 24 12:58:39 2004 :: Sock.sinaddr:  24.154.35.243
Sat Jan 24 12:58:43 2004 :: Loading Majere.
Sat Jan 24 12:58:44 2004 :: Look out, Majere@acs-24-154-35-243.zoominternet.net has connected.
Sat Jan 24 13:02:42 2004 :: Sock.sinaddr:  81.84.193.60
Sat Jan 24 13:02:44 2004 :: Loading Molik.
Sat Jan 24 13:02:44 2004 :: Look out, Molik@81.84.193.60 has connected.
Sat Jan 24 13:08:01 2004 :: Sock.sinaddr:  81.193.206.67
Sat Jan 24 13:08:04 2004 :: Loading Slade.
Sat Jan 24 13:08:04 2004 :: Look out, Slade@81.193.206.67 has connected.
Sat Jan 24 13:11:02 2004 :: Sock.sinaddr:  81.84.78.148
Sat Jan 24 13:11:08 2004 :: Loading Storri.
Sat Jan 24 13:11:09 2004 :: Look out, Storri@81.84.78.148 has connected.
Sat Jan 24 13:16:44 2004 :: Sock.sinaddr:  65.41.97.227
Sat Jan 24 13:17:48 2004 :: Sock.sinaddr:  209.179.229.202
Sat Jan 24 13:17:50 2004 :: Loading Danon.
Sat Jan 24 13:17:52 2004 :: Look out, Danon@pool0967.cvx12-bradley.dialup.earthlink.net has connected.
Sat Jan 24 13:19:24 2004 :: Leslila@user227.net676.mo.sprint-hsd.net new player.
Sat Jan 24 13:22:14 2004 :: Log Hiddukel: check
Sat Jan 24 13:24:17 2004 :: Sock.sinaddr:  81.193.17.250
Sat Jan 24 13:24:19 2004 :: Loading Nospheratus.
Sat Jan 24 13:24:19 2004 :: Look out, Nospheratus@81.193.17.250 has connected.
Sat Jan 24 13:24:26 2004 :: Sock.sinaddr:  81.193.17.250
Sat Jan 24 13:24:28 2004 :: Loading Sphera.
Sat Jan 24 13:24:28 2004 :: Look out, Sphera@81.193.17.250 has connected.
Sat Jan 24 13:25:22 2004 :: Log Hiddukel: restore all
Sat Jan 24 13:25:59 2004 :: [WARNING] Nospheratus replies to Hiddukel: The mud "exploded" because i cast an iceblast in the thieves clahall in the anti-theft dummy, the one that is bleding to death...
Sat Jan 24 13:26:56 2004 :: Sock.sinaddr:  156.34.54.119
Sat Jan 24 13:27:08 2004 :: Log Hiddukel: snoop danon
Sat Jan 24 13:27:14 2004 :: Log Hiddukel: force danon replay
Sat Jan 24 13:27:17 2004 :: Log Hiddukel: snoop self
Sat Jan 24 13:27:27 2004 :: Loading Damion.
floating discSat Jan 24 13:27:27 2004 :: [*****] BUG: Fread_char: unknown skill. 
Sat Jan 24 13:27:30 2004 :: Damion. Bad Password. IP: hlfx03-156034054120.ns.aliant.net> dragon
Sat Jan 24 13:27:30 2004 :: Closing link to Damion.
Sat Jan 24 13:27:35 2004 :: Sock.sinaddr:  156.34.54.119
Sat Jan 24 13:29:43 2004 :: Sock.sinaddr:  68.147.32.250
Sat Jan 24 13:29:45 2004 :: Loading Alik.
Sat Jan 24 13:29:46 2004 :: Look out, Alik@h68-147-32-250.cg.shawcable.net has connected.
Sat Jan 24 13:30:33 2004 :: Sock.sinaddr:  81.193.48.232
Sat Jan 24 13:30:35 2004 :: Loading Magyar.
Sat Jan 24 13:30:35 2004 :: Look out, Magyar@adslsapo-b4-48-232.telepac.pt has connected.
Sat Jan 24 13:33:15 2004 :: Craven@hlfx03-156034054120.ns.aliant.net new player.
Sat Jan 24 13:35:29 2004 :: EOF encountered on read.
Sat Jan 24 13:35:29 2004 :: Closing link to Leslila.
Sat Jan 24 13:37:11 2004 :: [WARNING] Craven tells Hiddukel: sorry to bother u but can u tell me the addy to this mud so i can put it into my mud client
Sat Jan 24 13:40:16 2004 :: Sock.sinaddr:  66.58.231.12
Sat Jan 24 13:40:18 2004 :: Loading Mishakal.
Sat Jan 24 13:40:19 2004 :: Look out, Mishakal@12-231-58-66.gci.net has connected.
Sat Jan 24 13:41:12 2004 :: [WARNING] Craven says: first i need to know what the address for this mud is and the ip is so i  can log on on my mud client
Sat Jan 24 13:41:22 2004 :: [WARNING] Craven says: this is my first mud
Sat Jan 24 13:43:32 2004 :: Sock.sinaddr:  156.34.54.119
Sat Jan 24 13:43:50 2004 :: EOF encountered on read.
Sat Jan 24 13:45:04 2004 :: Sock.sinaddr:  156.34.54.119
Sat Jan 24 13:46:03 2004 :: EOF encountered on read.
Sat Jan 24 13:46:03 2004 :: Closing link to Daku.
Sat Jan 24 13:46:04 2004 :: Sock.sinaddr:  156.34.54.119
Sat Jan 24 13:46:11 2004 :: EOF encountered on read.
Sat Jan 24 13:46:36 2004 :: Sock.sinaddr:  156.34.54.119
Sat Jan 24 13:48:53 2004 :: Deku@hlfx03-156034054120.ns.aliant.net new player.
Sat Jan 24 13:49:28 2004 :: 81.193.206.67 input spamming!
Sat Jan 24 13:49:34 2004 :: 81.193.206.67 input spamming!
Sat Jan 24 13:50:24 2004 :: Log Hiddukel: restore all
Sat Jan 24 13:50:27 2004 :: Log Hiddukel: check
Sat Jan 24 13:50:44 2004 :: Magyar has quit.
Sat Jan 24 13:50:54 2004 :: Log Hiddukel: snoop mish
Sat Jan 24 13:52:55 2004 :: 81.193.17.250 input spamming!
Sat Jan 24 13:55:07 2004 :: Alik gained level 28
Sat Jan 24 13:55:57 2004 :: Log Majere: asperson mish not elist
Sat Jan 24 13:56:01 2004 :: Log Majere: asperson mish note list
Sat Jan 24 13:56:17 2004 :: Log Hiddukel: snoop self
Sat Jan 24 13:56:32 2004 :: Log Hiddukel: snoop majere
Sat Jan 24 13:59:34 2004 :: Sphera has quit.
Sat Jan 24 13:59:52 2004 :: Slade has quit.
Sat Jan 24 14:01:49 2004 :: Alik has quit.
Sat Jan 24 14:01:50 2004 :: Sock.sinaddr:  68.147.32.250
Sat Jan 24 14:02:10 2004 :: Ruru@h68-147-32-250.cg.shawcable.net new player.
Sat Jan 24 14:02:41 2004 :: Deku gained level 2
Sat Jan 24 14:02:47 2004 :: Sock.sinaddr:  68.147.32.250
Sat Jan 24 14:02:49 2004 :: Loading Alik.
Sat Jan 24 14:02:50 2004 :: Look out, Alik@h68-147-32-250.cg.shawcable.net has connected.
Sat Jan 24 14:06:28 2004 :: Sock.sinaddr:  68.147.124.2
Sat Jan 24 14:06:31 2004 :: Loading Theodore.
Sat Jan 24 14:06:32 2004 :: Log Majere: snoop nos
Sat Jan 24 14:06:34 2004 :: Look out, Theodore@h68-147-124-2.cg.shawcable.net has connected.
Sat Jan 24 14:07:53 2004 :: Log Majere: snoop seld
Sat Jan 24 14:07:57 2004 :: Log Majere: snoop self
Sat Jan 24 14:10:00 2004 :: Log Deku: delete
Sat Jan 24 14:10:01 2004 :: Log Deku: delete
Sat Jan 24 14:10:06 2004 :: Sock.sinaddr:  156.34.54.119
Sat Jan 24 14:12:58 2004 :: Log Majere: asperson storri inven
Sat Jan 24 14:13:04 2004 :: Log Majere: asperson storri look in shroud
Sat Jan 24 14:13:10 2004 :: Log Majere: asperson storri open shroud
Sat Jan 24 14:13:16 2004 :: Log Majere: asperson storri open back
Sat Jan 24 14:13:22 2004 :: Log Majere: asperson storri look in back
Sat Jan 24 14:15:14 2004 :: Sock.sinaddr:  81.193.206.67
Sat Jan 24 14:15:17 2004 :: Loading Slade.
Sat Jan 24 14:15:18 2004 :: Look out, Slade@81.193.206.67 has connected.
Sat Jan 24 14:18:02 2004 :: Theodore gained level 26
Sat Jan 24 14:18:08 2004 :: Molik has quit.
Sat Jan 24 14:18:14 2004 :: Sock.sinaddr:  81.84.193.60
Sat Jan 24 14:18:15 2004 :: Loading Harlon.
Sat Jan 24 14:18:16 2004 :: Look out, Harlon@81.84.193.60 has connected.
Sat Jan 24 14:19:03 2004 :: Log Majere: asperson storri note list
Sat Jan 24 14:19:08 2004 :: Log Majere: asperson danon note list
Sat Jan 24 14:21:50 2004 :: Inyuyasha@hlfx03-156034054120.ns.aliant.net new player.
Sat Jan 24 14:27:27 2004 :: Log Hiddukel: trans mish 1200
Sat Jan 24 14:27:51 2004 :: Sock.sinaddr:  213.13.226.179
Sat Jan 24 14:29:41 2004 :: Log Hiddukel: snoop self
Sat Jan 24 14:32:43 2004 :: Sock.sinaddr:  193.136.33.200
Sat Jan 24 14:32:45 2004 :: Loading Xadaman.
Sat Jan 24 14:32:46 2004 :: Look out, Xadaman@aulas-i-p2.fe.up.pt has connected.
Sat Jan 24 14:33:00 2004 :: Sock.sinaddr:  204.39.208.109
Sat Jan 24 14:33:15 2004 :: Loading Dirthok.
Sat Jan 24 14:33:17 2004 :: Look out, Dirthok@213.13.226.179 has connected.
Sat Jan 24 14:33:23 2004 :: Log Hiddukel: laston maedhros
Sat Jan 24 14:33:24 2004 :: Loading Quakkat.
Sat Jan 24 14:33:29 2004 :: Look out, Quakkat@pm799-03.dialip.mich.net has connected.
Sat Jan 24 14:33:39 2004 :: Log Hiddukel: laston skorn
Sat Jan 24 14:35:34 2004 :: Log Mishakal: last on quakkat
Sat Jan 24 14:35:39 2004 :: Log Mishakal: laston quakkat
Sat Jan 24 14:37:29 2004 :: Frazzle has quit.
Sat Jan 24 14:38:18 2004 :: Log Hiddukel: snoop maje
Sat Jan 24 14:38:38 2004 :: Log Hiddukel: snoop self
Sat Jan 24 14:38:45 2004 :: Log Hiddukel: restore all
Sat Jan 24 14:46:56 2004 :: Log Inyuyasha: delete
Sat Jan 24 14:46:59 2004 :: Log Inyuyasha: delete
Sat Jan 24 14:48:07 2004 :: 81.84.78.148 input spamming!
Sat Jan 24 14:49:00 2004 :: Slade has quit.
Sat Jan 24 14:51:18 2004 :: Log Hiddukel: snoop majere
Sat Jan 24 14:52:21 2004 :: Log Hiddukel: laston dekyos
Sat Jan 24 14:52:22 2004 :: Alik gained level 29
Sat Jan 24 14:52:25 2004 :: Dirthok has quit.
Sat Jan 24 14:52:27 2004 :: Sock.sinaddr:  213.13.226.179
Sat Jan 24 14:52:30 2004 :: Loading Xazam.
Sat Jan 24 14:52:33 2004 :: Look out, Xazam@213.13.226.179 has connected.
Sat Jan 24 14:54:39 2004 :: Theodore gained level 27
Sat Jan 24 14:58:04 2004 :: Sock.sinaddr:  66.58.231.12
Sat Jan 24 14:58:07 2004 :: Loading Allyria.
Sat Jan 24 14:58:07 2004 :: Look out, Allyria@12-231-58-66.gci.net has connected.
Sat Jan 24 14:58:09 2004 :: Quakkat has quit.
Sat Jan 24 15:01:09 2004 :: [WARNING] Theodore says: it is hard on gmud
Sat Jan 24 15:01:11 2004 :: [WARNING] Alik says: are you on zmud?
Sat Jan 24 15:01:42 2004 :: Xadaman has quit.
Sat Jan 24 15:07:08 2004 :: Log Hiddukel: reward xazam 5000
Sat Jan 24 15:09:36 2004 :: [WARNING] Theodore gtells: does spencer play this mud too?
Sat Jan 24 15:11:36 2004 :: Storri has quit.
Sat Jan 24 15:14:43 2004 :: Theodore gained level 28
Sat Jan 24 15:15:28 2004 :: Alik gained level 30
Sat Jan 24 15:15:44 2004 :: Log Hiddukel: losereply Allyria
Sat Jan 24 15:15:44 2004 :: Log Hiddukel: losereply Xazam
Sat Jan 24 15:15:44 2004 :: Log Hiddukel: losereply Harlon
Sat Jan 24 15:15:44 2004 :: Log Hiddukel: losereply Theodore
Sat Jan 24 15:15:44 2004 :: Log Hiddukel: losereply Alik
Sat Jan 24 15:15:44 2004 :: Log Hiddukel: losereply Mishakal
Sat Jan 24 15:15:44 2004 :: Log Hiddukel: losereply Nospheratus
Sat Jan 24 15:15:44 2004 :: Log Hiddukel: losereply Danon
Sat Jan 24 15:15:44 2004 :: Log Hiddukel: losereply Majere
Sat Jan 24 15:16:43 2004 :: Sock.sinaddr:  81.84.11.106
Sat Jan 24 15:16:45 2004 :: Loading Sievel.
Sat Jan 24 15:16:45 2004 :: Look out, Sievel@81.84.11.106 has connected.
Sat Jan 24 15:17:00 2004 :: Sievel has quit.
Sat Jan 24 15:17:04 2004 :: Sock.sinaddr:  81.84.11.106
Sat Jan 24 15:17:05 2004 :: Loading Darthirien.
Sat Jan 24 15:17:05 2004 :: Look out, Darthirien@81.84.11.106 has connected.
Sat Jan 24 15:17:15 2004 :: Log Hiddukel: asp darth note list
Sat Jan 24 15:17:22 2004 :: Log Hiddukel: asp darth note read 69
Sat Jan 24 15:20:52 2004 :: Log Hiddukel: snoop self
Sat Jan 24 15:20:53 2004 :: Hiddukel has quit.
Sat Jan 24 15:21:01 2004 :: Allyria has quit.
Sat Jan 24 15:21:11 2004 :: Mishakal has quit.
Sat Jan 24 15:22:57 2004 :: Xazam gained level 30
Sat Jan 24 15:23:57 2004 :: Sock.sinaddr:  68.147.140.175
Sat Jan 24 15:24:04 2004 :: Loading Felthor.
Sat Jan 24 15:24:06 2004 :: Look out, Felthor@h68-147-140-175.cg.shawcable.net has connected.
Sat Jan 24 15:29:49 2004 :: Danon has quit.
Sat Jan 24 15:31:49 2004 :: [*****] BUG: Act: bad code 103.
Sat Jan 24 15:31:49 2004 :: [*****] BUG: Act: bad code 103.
Sat Jan 24 15:31:49 2004 :: [*****] BUG: Act: bad code 103.
Sat Jan 24 15:31:49 2004 :: [*****] BUG: Act: bad code 103.
Sat Jan 24 15:33:30 2004 :: Sock.sinaddr:  66.140.98.193
Sat Jan 24 15:33:36 2004 :: Loading Braum.
Sat Jan 24 15:33:38 2004 :: Look out, Braum@ppp-66-140-98-193.dialup.lbcktx.swbell.net has connected.
Sat Jan 24 15:35:04 2004 :: Harlon has quit.
Sat Jan 24 15:35:08 2004 :: Sock.sinaddr:  81.84.193.60
Sat Jan 24 15:35:10 2004 :: Loading Marlok.
Sat Jan 24 15:35:10 2004 :: Look out, Marlok@81.84.193.60 has connected.
Sat Jan 24 15:41:23 2004 :: [WARNING] Theodore gtells: to imms spell you up on this mud?
Sat Jan 24 15:46:27 2004 :: Theodore gained level 29
Sat Jan 24 15:49:31 2004 :: [WARNING] Felthor says: yah, did you ever play on the old mud?
Sat Jan 24 15:50:18 2004 :: Braum gained level 30
Sat Jan 24 15:53:56 2004 :: Nospheratus has quit.
Sat Jan 24 15:55:03 2004 :: Sock.sinaddr:  81.193.17.250
Sat Jan 24 15:55:06 2004 :: Loading Sirob.
Sat Jan 24 15:55:07 2004 :: Look out, Sirob@81.193.17.250 has connected.
Sat Jan 24 15:57:50 2004 :: [WARNING] Theodore gtells: that is xavier from the old mud
Sat Jan 24 15:58:18 2004 :: [WARNING] Felthor gtells: no way...i just talked to him bout the old mud
Sat Jan 24 15:58:33 2004 :: [WARNING] Felthor gtells: about an old mud
Sat Jan 24 15:58:34 2004 :: Log Majere: snoop felt
Sat Jan 24 16:00:03 2004 :: Log Majere: snoop self
Sat Jan 24 16:02:58 2004 :: Alik gained level 31
Sat Jan 24 16:03:26 2004 :: Felthor gained level 27
Sat Jan 24 16:08:21 2004 :: Log Majere: notitle darth
Sat Jan 24 16:08:23 2004 :: Sirob has quit.
Sat Jan 24 16:08:44 2004 :: Log Majere: string char darth title - {rScion{x of the {DDark{x Moon
Sat Jan 24 16:13:46 2004 :: Sock.sinaddr:  81.193.18.47
Sat Jan 24 16:13:48 2004 :: Loading Adrastos.
Sat Jan 24 16:13:48 2004 :: Look out, Adrastos@adslsapo-b4-18-47.telepac.pt has connected.
Sat Jan 24 16:14:54 2004 :: Marlok has quit.
Sat Jan 24 16:14:59 2004 :: Sock.sinaddr:  81.84.193.60
Sat Jan 24 16:15:01 2004 :: Loading Harlon.
Sat Jan 24 16:15:01 2004 :: Look out, Harlon@81.84.193.60 has connected.
Sat Jan 24 16:15:09 2004 :: Sock.sinaddr:  81.193.206.67
Sat Jan 24 16:15:14 2004 :: Loading Slade.
Sat Jan 24 16:15:14 2004 :: Look out, Slade@81.193.206.67 has connected.
Sat Jan 24 16:17:34 2004 :: Xazam killed by city guard at 17747
Sat Jan 24 16:21:43 2004 :: 81.193.206.67 input spamming!
Sat Jan 24 16:26:17 2004 :: Theodore gained level 30
Sat Jan 24 16:27:39 2004 :: Felthor gained level 28
Sat Jan 24 16:30:50 2004 :: Theodore has quit.
Sat Jan 24 16:32:21 2004 :: Sock.sinaddr:  81.193.18.47
Sat Jan 24 16:32:25 2004 :: Loading Sirob.
Sat Jan 24 16:32:25 2004 :: Look out, Sirob@adslsapo-b4-18-47.telepac.pt has connected.
Sat Jan 24 16:36:03 2004 :: Alik has quit.
Sat Jan 24 16:38:36 2004 :: Braum gained level 31
Sat Jan 24 16:39:22 2004 :: Sock.sinaddr:  68.248.144.168
Sat Jan 24 16:39:57 2004 :: Loading Zeak.
Sat Jan 24 16:39:58 2004 :: Look out, Zeak@adsl-68-248-144-168.dsl.ipltin.ameritech.net has connected.
Sat Jan 24 16:40:06 2004 :: Zeak has quit.
Sat Jan 24 16:40:09 2004 :: Sock.sinaddr:  68.248.144.168
Sat Jan 24 16:40:12 2004 :: Loading Kuku.
Sat Jan 24 16:40:13 2004 :: Look out, Kuku@adsl-68-248-144-168.dsl.ipltin.ameritech.net has connected.
Sat Jan 24 16:40:52 2004 :: 81.193.206.67 input spamming!
Sat Jan 24 16:41:29 2004 :: ppp-66-140-98-193.dialup.lbcktx.swbell.net input spamming!
Sat Jan 24 16:42:05 2004 :: Xazam killed by A sivak draconian at 988
Sat Jan 24 16:42:49 2004 :: 81.84.11.106 input spamming!
Sat Jan 24 16:43:40 2004 :: EOF encountered on read.
Sat Jan 24 16:43:40 2004 :: Closing link to Adrastos.
Sat Jan 24 16:43:43 2004 :: Sock.sinaddr:  81.193.18.47
Sat Jan 24 16:43:45 2004 :: Loading Adrastos.
Sat Jan 24 16:43:45 2004 :: Adrastos. Bad Password. IP: adslsapo-b4-18-47.telepac.pt> leandro
Sat Jan 24 16:43:45 2004 :: Closing link to Adrastos.
Sat Jan 24 16:44:05 2004 :: Sock.sinaddr:  81.193.18.47
Sat Jan 24 16:44:07 2004 :: Loading Adrastos.
Sat Jan 24 16:44:07 2004 :: Adrastos@adslsapo-b4-18-47.telepac.pt reconnected.
Sat Jan 24 16:47:50 2004 :: Felthor has quit.
Sat Jan 24 16:54:37 2004 :: Sock.sinaddr:  209.179.233.164
Sat Jan 24 16:54:50 2004 :: Loading Danon.
Sat Jan 24 16:54:51 2004 :: Look out, Danon@pool0419.cvx17-bradley.dialup.earthlink.net has connected.
Sat Jan 24 16:58:53 2004 :: Log Majere: asperson xazam desc
Sat Jan 24 16:59:04 2004 :: Log Majere: asperson braum desc
Sat Jan 24 16:59:12 2004 :: Log Majere: asperson kuku desc
Sat Jan 24 16:59:34 2004 :: Sock.sinaddr:  35.12.20.162
Sat Jan 24 16:59:36 2004 :: Loading Gilean.
Sat Jan 24 16:59:36 2004 :: Look out, Gilean@pm791-10.dialip.mich.net has connected.
Sat Jan 24 17:00:34 2004 :: Log Majere: gecho Quote from the MOTD: * You MUST have a description for your character by level 5! Failure
Sat Jan 24 17:04:04 2004 :: Sock.sinaddr:  193.126.176.244
Sat Jan 24 17:04:06 2004 :: Loading Kudgar.
Sat Jan 24 17:04:06 2004 :: Look out, Kudgar@d176244.prt.net.KPNQwest.pt has connected.
Sat Jan 24 17:05:08 2004 :: Sock.sinaddr:  204.39.208.110
Sat Jan 24 17:05:52 2004 :: Loading Quakkat.
Sat Jan 24 17:06:03 2004 :: Look out, Quakkat@pm799-04.dialip.mich.net has connected.
Sat Jan 24 17:06:45 2004 :: Kuku has quit.
Sat Jan 24 17:06:48 2004 :: Sock.sinaddr:  68.248.144.168
Sat Jan 24 17:06:49 2004 :: Loading Zoe.
Sat Jan 24 17:06:51 2004 :: Look out, Zoe@adsl-68-248-144-168.dsl.ipltin.ameritech.net has connected.
Sat Jan 24 17:10:25 2004 :: Sock.sinaddr:  66.140.98.193
Sat Jan 24 17:10:28 2004 :: Loading Braum.
Sat Jan 24 17:10:31 2004 :: [*****] BUG: Sig handler SIGSEGV
Sat Jan 24 17:10:31 2004 :: Saved zones:
Sat Jan 24 17:10:31 2004 :: None.
Sat Jan 24 17:10:31 2004 :: Closing link to Braum.
Sat Jan 24 17:10:31 2004 :: ROM is ready to rock on port 6100.
Sat Jan 24 17:10:31 2004 :: Copyover recovery initiated
Sat Jan 24 17:10:31 2004 :: Loading Zoe.
Sat Jan 24 17:10:31 2004 :: Loading Quakkat.
Sat Jan 24 17:10:31 2004 :: Loading Kudgar.
Sat Jan 24 17:10:31 2004 :: Loading Gilean.
Sat Jan 24 17:10:31 2004 :: Loading Danon.
Sat Jan 24 17:10:31 2004 :: Loading Adrastos.
Sat Jan 24 17:10:31 2004 :: Loading Sirob.
Sat Jan 24 17:10:31 2004 :: Loading Slade.
Sat Jan 24 17:10:31 2004 :: Loading Harlon.
Sat Jan 24 17:10:31 2004 :: Loading Braum.
Sat Jan 24 17:10:31 2004 :: Loading Darthirien.
Sat Jan 24 17:10:31 2004 :: Loading Xazam.
Sat Jan 24 17:10:31 2004 :: Loading Majere.
Sat Jan 24 17:10:43 2004 :: Sock.sinaddr:  66.140.98.193
Sat Jan 24 17:10:48 2004 :: Loading Braum.
Sat Jan 24 17:10:51 2004 :: Closing link to Braum.
Sat Jan 24 17:10:51 2004 :: Braum@ppp-66-140-98-193.dialup.lbcktx.swbell.net reconnected.
Sat Jan 24 17:10:55 2004 :: Harlon has quit.
Sat Jan 24 17:11:51 2004 :: Darthirien has quit.
Sat Jan 24 17:11:54 2004 :: Sock.sinaddr:  81.84.11.106
Sat Jan 24 17:11:57 2004 :: Loading Sievel.
Sat Jan 24 17:11:57 2004 :: Look out, Sievel@81.84.11.106 has connected.
Sat Jan 24 17:12:11 2004 :: Sock.sinaddr:  66.233.11.249
Sat Jan 24 17:12:14 2004 :: Loading Dekyos.
Sat Jan 24 17:12:15 2004 :: Look out, Dekyos@cdm-66-233-11-249.fayt.cox-internet.com has connected.
Sat Jan 24 17:12:47 2004 :: Dekyos has quit.
Sat Jan 24 17:16:53 2004 :: [WARNING] Majere replies to Sievel: Blah, it's my index finger, and I've got like 6 windows open, 3 chat rooms, two message boards and a mud window. :P
Sat Jan 24 17:20:20 2004 :: Sock.sinaddr:  156.34.60.39
Sat Jan 24 17:21:19 2004 :: Sock.sinaddr:  35.12.20.162
Sat Jan 24 17:21:21 2004 :: Loading Kaillen.
Sat Jan 24 17:21:21 2004 :: Look out, Kaillen@pm791-10.dialip.mich.net has connected.
Sat Jan 24 17:21:27 2004 :: Log Majere: asperson kaillen note list
Sat Jan 24 17:21:37 2004 :: Log Gilean: reward kaillen 750
Sat Jan 24 17:21:38 2004 :: Log Gilean: reward kaillen 750
Sat Jan 24 17:21:39 2004 :: Log Gilean: reward kaillen 750
Sat Jan 24 17:21:39 2004 :: Log Gilean: reward kaillen 750
Sat Jan 24 17:21:40 2004 :: Log Gilean: reward kaillen 750
Sat Jan 24 17:21:40 2004 :: Log Gilean: reward kaillen 750
Sat Jan 24 17:21:40 2004 :: Log Gilean: reward kaillen 750
Sat Jan 24 17:21:40 2004 :: Log Gilean: reward kaillen 750
Sat Jan 24 17:21:41 2004 :: Log Gilean: reward kaillen 750
Sat Jan 24 17:21:41 2004 :: Log Gilean: reward kaillen 750
Sat Jan 24 17:21:41 2004 :: Log Gilean: reward kaillen 750
Sat Jan 24 17:21:41 2004 :: Log Gilean: reward kaillen 750
Sat Jan 24 17:21:42 2004 :: Log Gilean: reward kaillen 750
Sat Jan 24 17:21:42 2004 :: Log Gilean: reward kaillen 750
Sat Jan 24 17:21:42 2004 :: Log Gilean: reward kaillen 750
Sat Jan 24 17:21:42 2004 :: Log Gilean: reward kaillen 750
Sat Jan 24 17:21:43 2004 :: Log Gilean: reward kaillen 750
Sat Jan 24 17:21:43 2004 :: Log Gilean: reward kaillen 750
Sat Jan 24 17:21:43 2004 :: Log Gilean: reward kaillen 750
Sat Jan 24 17:21:44 2004 :: Log Gilean: reward kaillen 750
Sat Jan 24 17:21:44 2004 :: Log Gilean: reward kaillen 750
Sat Jan 24 17:21:44 2004 :: Log Gilean: reward kaillen 750
Sat Jan 24 17:21:44 2004 :: Log Gilean: reward kaillen 750
Sat Jan 24 17:21:45 2004 :: Log Gilean: reward kaillen 750
Sat Jan 24 17:21:45 2004 :: Log Gilean: reward kaillen 750
Sat Jan 24 17:21:50 2004 :: pm791-10.dialip.mich.net input spamming!
Sat Jan 24 17:21:50 2004 :: Log Gilean: reward kaillen 750
Sat Jan 24 17:21:51 2004 :: Log Gilean: reward kaillen 750
Sat Jan 24 17:21:51 2004 :: Log Gilean: reward kaillen 750
Sat Jan 24 17:21:52 2004 :: Log Gilean: reward kaillen 750
Sat Jan 24 17:21:52 2004 :: Log Gilean: reward kaillen 750
Sat Jan 24 17:21:52 2004 :: Log Gilean: reward kaillen 750
Sat Jan 24 17:21:53 2004 :: Log Gilean: reward kaillen 750
Sat Jan 24 17:21:53 2004 :: Log Gilean: reward kaillen 750
Sat Jan 24 17:21:53 2004 :: Log Gilean: reward kaillen 750
Sat Jan 24 17:21:54 2004 :: Log Gilean: reward kaillen 750
Sat Jan 24 17:21:54 2004 :: Log Gilean: reward kaillen 750
Sat Jan 24 17:21:54 2004 :: Log Gilean: reward kaillen 750
Sat Jan 24 17:21:54 2004 :: Log Gilean: reward kaillen 750
Sat Jan 24 17:21:55 2004 :: Log Gilean: reward kaillen 750
Sat Jan 24 17:21:55 2004 :: Log Gilean: reward kaillen 750
Sat Jan 24 17:21:55 2004 :: Log Gilean: reward kaillen 750
Sat Jan 24 17:21:55 2004 :: Log Gilean: reward kaillen 750
Sat Jan 24 17:21:56 2004 :: Log Gilean: reward kaillen 750
Sat Jan 24 17:21:56 2004 :: Log Gilean: reward kaillen 750
Sat Jan 24 17:21:56 2004 :: Log Gilean: reward kaillen 750
Sat Jan 24 17:21:56 2004 :: Log Gilean: reward kaillen 750
Sat Jan 24 17:21:57 2004 :: Log Gilean: reward kaillen 750
Sat Jan 24 17:21:57 2004 :: Log Gilean: reward kaillen 750
Sat Jan 24 17:21:57 2004 :: Log Gilean: reward kaillen 750
Sat Jan 24 17:21:57 2004 :: Log Gilean: reward kaillen 750
Sat Jan 24 17:22:03 2004 :: Kaillen has quit.
Sat Jan 24 17:23:20 2004 :: Log Gilean: snoop adras
Sat Jan 24 17:24:13 2004 :: Shalafi@hlfx02-1063.ns.aliant.net new player.
Sat Jan 24 17:24:31 2004 :: Log Gilean: snoop gil
Sat Jan 24 17:27:36 2004 :: Log Shalafi: delete
Sat Jan 24 17:27:37 2004 :: Log Shalafi: delete
Sat Jan 24 17:29:39 2004 :: EOF encountered on read.
Sat Jan 24 17:29:39 2004 :: Closing link to Zoe.
Sat Jan 24 17:30:26 2004 :: Log Gilean: reward quakkat 500
Sat Jan 24 17:31:42 2004 :: Xazam gained level 31
Sat Jan 24 17:31:55 2004 :: Sievel has quit.
Sat Jan 24 17:31:58 2004 :: Sock.sinaddr:  81.84.11.106
Sat Jan 24 17:32:00 2004 :: Loading Darthirien.
Sat Jan 24 17:32:00 2004 :: Look out, Darthirien@81.84.11.106 has connected.
Sat Jan 24 17:34:23 2004 :: Sock.sinaddr:  156.34.60.39
Sat Jan 24 17:35:54 2004 :: Sock.sinaddr:  68.248.144.168
Sat Jan 24 17:35:59 2004 :: Loading Zoe.
Sat Jan 24 17:36:00 2004 :: Vorigmor@hlfx02-1063.ns.aliant.net new player.
Sat Jan 24 17:36:00 2004 :: Zoe@adsl-68-248-144-168.dsl.ipltin.ameritech.net reconnected.
Sat Jan 24 17:37:40 2004 :: Zoe gained level 40
Sat Jan 24 17:40:08 2004 :: Log Gilean: gecho EVIL DOES /NOT/ WEAR A BONNETT!!!
Sat Jan 24 17:41:39 2004 :: Log Gilean: gecho wow...you all need to go see Cats & Dogs...  ;P
Sat Jan 24 17:43:05 2004 :: Log Gilean: restore slade
Sat Jan 24 17:43:09 2004 :: Log Gilean: restore adras
Sat Jan 24 17:44:30 2004 :: Gilean has quit.
Sat Jan 24 17:45:58 2004 :: Adrastos has quit.
Sat Jan 24 17:46:13 2004 :: Vorigmor gained level 2
Sat Jan 24 17:46:22 2004 :: Sirob has quit.
Sat Jan 24 17:46:24 2004 :: Sock.sinaddr:  81.193.18.47
Sat Jan 24 17:46:25 2004 :: Loading Adamastor.
Sat Jan 24 17:46:25 2004 :: Look out, Adamastor@adslsapo-b4-18-47.telepac.pt has connected.
Sat Jan 24 17:46:28 2004 :: Sock.sinaddr:  81.193.18.47
Sat Jan 24 17:46:30 2004 :: Loading Nospheratus.
Sat Jan 24 17:46:30 2004 :: Look out, Nospheratus@adslsapo-b4-18-47.telepac.pt has connected.
Sat Jan 24 17:48:57 2004 :: Nospheratus has quit.
Sat Jan 24 17:49:02 2004 :: Adamastor has quit.
Sat Jan 24 17:49:58 2004 :: Sock.sinaddr:  66.58.231.12
Sat Jan 24 17:50:00 2004 :: Loading Allyria.
Sat Jan 24 17:50:01 2004 :: Look out, Allyria@12-231-58-66.gci.net has connected.
Sat Jan 24 17:50:03 2004 :: Sock.sinaddr:  66.58.231.12
Sat Jan 24 17:50:05 2004 :: Loading Mishakal.
Sat Jan 24 17:50:06 2004 :: Look out, Mishakal@12-231-58-66.gci.net has connected.
Sat Jan 24 17:50:27 2004 :: 81.193.206.67 input spamming!
Sat Jan 24 17:52:20 2004 :: Darthirien gained level 41
Sat Jan 24 17:53:15 2004 :: Sock.sinaddr:  209.179.232.201
Read_from_descriptor: Connection reset by peer
Sat Jan 24 17:53:23 2004 :: Closing link to Danon.
Sat Jan 24 17:53:24 2004 :: Loading Danon.
Sat Jan 24 17:53:27 2004 :: Danon@pool0201.cvx17-bradley.dialup.earthlink.net reconnected.
Sat Jan 24 17:54:04 2004 :: Log Vorigmor: delete
Sat Jan 24 17:54:06 2004 :: Vorigmor killed by a chained criminal at 3710
Sat Jan 24 17:54:09 2004 :: Log Vorigmor: delete
Sat Jan 24 17:55:09 2004 :: Log Vorigmor: delete
Sat Jan 24 17:55:10 2004 :: Log Vorigmor: delete
Sat Jan 24 17:55:16 2004 :: Sock.sinaddr:  156.34.60.39
Sat Jan 24 17:57:43 2004 :: Sock.sinaddr:  137.110.38.123
Sat Jan 24 17:58:07 2004 :: Loading Frazzle.
Sat Jan 24 17:58:10 2004 :: Look out, Frazzle@kdherbst.extern.ucsd.edu has connected.
Sat Jan 24 17:58:41 2004 :: Calhamere@hlfx02-1063.ns.aliant.net new player.
Sat Jan 24 17:59:50 2004 :: Kudgar has quit.
Sat Jan 24 18:00:36 2004 :: Zoe has quit.
Sat Jan 24 18:00:39 2004 :: Sock.sinaddr:  68.248.144.168
Sat Jan 24 18:00:47 2004 :: Loading Cathrine.
Sat Jan 24 18:00:49 2004 :: Look out, Cathrine@adsl-68-248-144-168.dsl.ipltin.ameritech.net has connected.
Sat Jan 24 18:01:06 2004 :: Cathrine has quit.
Sat Jan 24 18:01:09 2004 :: Sock.sinaddr:  68.248.144.168
Sat Jan 24 18:01:16 2004 :: EOF encountered on read.
Sat Jan 24 18:01:30 2004 :: Quakkat has quit.
Sat Jan 24 18:03:21 2004 :: Frazzle gained level 13
Sat Jan 24 18:07:03 2004 :: Sock.sinaddr:  24.154.35.243
Sat Jan 24 18:07:07 2004 :: Loading Roman.
Sat Jan 24 18:07:08 2004 :: Look out, Roman@acs-24-154-35-243.zoominternet.net has connected.
Sat Jan 24 18:07:13 2004 :: Calhamere gained level 2
Sat Jan 24 18:08:40 2004 :: Sock.sinaddr:  63.231.121.48
Sat Jan 24 18:08:41 2004 :: Sock.sinaddr:  63.231.121.48
Sat Jan 24 18:08:44 2004 :: Loading Serie.
Sat Jan 24 18:08:45 2004 :: Look out, Serie@63-231-121-48.albq.qwest.net has connected.
Sat Jan 24 18:09:04 2004 :: Calhamere gained level 3
Sat Jan 24 18:10:27 2004 :: Allyria gained level 32
Sat Jan 24 18:11:10 2004 :: Calhamere gained level 4
Sat Jan 24 18:13:13 2004 :: Sock.sinaddr:  66.140.98.193
Sat Jan 24 18:13:16 2004 :: Loading Braum.
Sat Jan 24 18:13:19 2004 :: Closing link to Braum.
Sat Jan 24 18:13:19 2004 :: Braum@ppp-66-140-98-193.dialup.lbcktx.swbell.net reconnected.
Sat Jan 24 18:14:28 2004 :: Calhamere gained level 5
Sat Jan 24 18:17:56 2004 :: Xazam gained level 32
Sat Jan 24 18:24:08 2004 :: Darthirien killed by a sailor at 17772
Sat Jan 24 18:29:36 2004 :: Allyria has quit.
Sat Jan 24 18:29:41 2004 :: Sock.sinaddr:  66.58.231.12
Sat Jan 24 18:29:44 2004 :: Loading Talionis.
Sat Jan 24 18:29:44 2004 :: Look out, Talionis@12-231-58-66.gci.net has connected.
Sat Jan 24 18:29:50 2004 :: Log Calhamere: delete
Sat Jan 24 18:29:52 2004 :: Log Calhamere: delete
Sat Jan 24 18:29:55 2004 :: Sock.sinaddr:  156.34.60.39
Sat Jan 24 18:30:15 2004 :: EOF encountered on read.
Sat Jan 24 18:30:15 2004 :: Closing link to Doomhammer.
Sat Jan 24 18:30:16 2004 :: Sock.sinaddr:  156.34.60.39
Sat Jan 24 18:30:41 2004 :: Xazam has quit.
Sat Jan 24 18:31:08 2004 :: Darthirien has quit.
Sat Jan 24 18:31:44 2004 :: Serie gained level 55
Sat Jan 24 18:32:09 2004 :: Delhare@hlfx02-1063.ns.aliant.net new player.
Sat Jan 24 18:34:40 2004 :: Talionis has quit.
Sat Jan 24 18:34:41 2004 :: Sock.sinaddr:  172.138.172.101
Sat Jan 24 18:34:44 2004 :: Sock.sinaddr:  66.58.231.12
Sat Jan 24 18:34:46 2004 :: Loading Allyria.
Sat Jan 24 18:34:46 2004 :: Look out, Allyria@12-231-58-66.gci.net has connected.
Sat Jan 24 18:34:48 2004 :: Loading Requi.
Sat Jan 24 18:34:49 2004 :: Look out, Requi@AC8AAC65.ipt.aol.com has connected.
Sat Jan 24 18:35:08 2004 :: Braum has quit.
Sat Jan 24 18:35:20 2004 :: Delhare gained level 2
Sat Jan 24 18:35:48 2004 :: Requi has quit.
Sat Jan 24 18:35:51 2004 :: Sock.sinaddr:  172.138.172.101
Sat Jan 24 18:35:54 2004 :: Loading Jible.
Sat Jan 24 18:35:55 2004 :: Look out, Jible@AC8AAC65.ipt.aol.com has connected.
Sat Jan 24 18:37:24 2004 :: Delhare gained level 3
Sat Jan 24 18:39:00 2004 :: Delhare gained level 4
Sat Jan 24 18:39:28 2004 :: 63-231-121-48.albq.qwest.net input spamming!
Sat Jan 24 18:41:06 2004 :: Delhare gained level 5
Sat Jan 24 18:42:57 2004 :: [WARNING] Frazzle tells Delhare: no idea, i'm only about two weeks into this mud
Sat Jan 24 18:46:40 2004 :: Allyria gained level 33
Sat Jan 24 18:57:55 2004 :: EOF encountered on read.
Sat Jan 24 18:57:55 2004 :: Closing link to Jible.
Sat Jan 24 18:58:58 2004 :: Delhare gained level 6
Sat Jan 24 19:00:30 2004 :: Frazzle has quit.
Sat Jan 24 19:12:38 2004 :: Sock.sinaddr:  66.140.98.88
Sat Jan 24 19:12:42 2004 :: Loading Braum.
Sat Jan 24 19:12:45 2004 :: Look out, Braum@ppp-66-140-98-88.dialup.lbcktx.swbell.net has connected.
Sat Jan 24 19:13:55 2004 :: Jible has quit.
Sat Jan 24 19:13:55 2004 :: [*****] BUG: update_char: Trying to work with an invalidated character.

Sat Jan 24 19:14:03 2004 :: Log Allyria: devote zeboim
Sat Jan 24 19:14:10 2004 :: Log Allyria: devote sargonnas
Sat Jan 24 19:18:28 2004 :: Sock.sinaddr:  24.68.105.206
Sat Jan 24 19:18:33 2004 :: Loading Lerokuo.
Sat Jan 24 19:18:35 2004 :: Look out, Lerokuo@24.68.105.206 has connected.
Sat Jan 24 19:20:26 2004 :: Allyria has quit.
Sat Jan 24 19:20:29 2004 :: Sock.sinaddr:  66.58.231.12
Sat Jan 24 19:20:31 2004 :: Loading Allyria.
Sat Jan 24 19:20:31 2004 :: Look out, Allyria@12-231-58-66.gci.net has connected.
Sat Jan 24 19:22:46 2004 :: Sock.sinaddr:  213.22.159.240
Sat Jan 24 19:22:48 2004 :: Loading Xadaman.
Sat Jan 24 19:22:48 2004 :: Look out, Xadaman@a213-22-159-240.netcabo.pt has connected.
Sat Jan 24 19:23:07 2004 :: ppp-66-140-98-88.dialup.lbcktx.swbell.net input spamming!
Sat Jan 24 19:26:11 2004 :: Log Majere: string obj orb name a deathjewel
Sat Jan 24 19:26:22 2004 :: Log Majere: string obj death short a {Ddeathjewel{x
Sat Jan 24 19:27:09 2004 :: Log Majere: string orb death long A strange jewel that seems to trap mystical life and death inside of it.
Sat Jan 24 19:27:32 2004 :: Log Majere: string obj death long A strange jewel that seems to trap mystical life and death inside of it.
Sat Jan 24 19:27:45 2004 :: Log Majere: string obj death name a deathjewel jewel
Sat Jan 24 19:28:20 2004 :: Slade has quit.
Sat Jan 24 19:31:05 2004 :: Log Majere: string obj ice name a ring of dark power
Sat Jan 24 19:31:39 2004 :: Log Majere: string obj ring short ({DGlowing{x) a ring of {Ddark{Y powers{x
Sat Jan 24 19:31:49 2004 :: Log Majere: string obj ring long A ring made out of fury and darkness.
Sat Jan 24 19:32:06 2004 :: Sock.sinaddr:  68.248.144.168
Sat Jan 24 19:32:10 2004 :: Log Delhare: delete
Sat Jan 24 19:32:13 2004 :: Log Delhare: delete
Sat Jan 24 19:32:13 2004 :: Log Delhare: delete
Sat Jan 24 19:32:15 2004 :: EOF encountered on read.
Sat Jan 24 19:32:15 2004 :: Closing link to Goliath.
Sat Jan 24 19:32:15 2004 :: Sock.sinaddr:  68.248.144.168
Sat Jan 24 19:32:17 2004 :: Sock.sinaddr:  156.34.60.39
Sat Jan 24 19:32:31 2004 :: Sock.sinaddr:  68.248.144.168
Sat Jan 24 19:32:31 2004 :: EOF encountered on read.
Sat Jan 24 19:32:31 2004 :: Closing link to Golieth.
Sat Jan 24 19:32:39 2004 :: Sock.sinaddr:  68.248.144.168
Sat Jan 24 19:32:39 2004 :: EOF encountered on read.
Sat Jan 24 19:32:39 2004 :: Closing link to Goliathe.
Sat Jan 24 19:32:43 2004 :: Loading Quile.
Sat Jan 24 19:32:44 2004 :: Look out, Quile@adsl-68-248-144-168.dsl.ipltin.ameritech.net has connected.
Sat Jan 24 19:33:16 2004 :: Quile has quit.
Sat Jan 24 19:33:19 2004 :: Sock.sinaddr:  68.248.144.168
Sat Jan 24 19:33:24 2004 :: Loading Zeak.
Sat Jan 24 19:33:25 2004 :: Look out, Zeak@adsl-68-248-144-168.dsl.ipltin.ameritech.net has connected.
Sat Jan 24 19:34:43 2004 :: Log Majere: clone ring
Sat Jan 24 19:35:12 2004 :: Tobby@hlfx02-1063.ns.aliant.net new player.
Sat Jan 24 19:35:29 2004 :: [WARNING] Roman gtells: Real or mud?
Sat Jan 24 19:36:49 2004 :: Log Majere: string obj ring name a ring of dark powers
Sat Jan 24 19:37:36 2004 :: Log Majere: string obj powers short ({DGlowing{x) a ring of {Ddark{Y powers{x
Sat Jan 24 19:37:42 2004 :: Danon gained level 61
Sat Jan 24 19:38:08 2004 :: Log Majere: string obj ring long string obj ring long A ring made out of fury and darkness.
Sat Jan 24 19:38:23 2004 :: Log Majere: string obj ring long A ring made out of fury and darkness.
Sat Jan 24 19:39:49 2004 :: Log Majere: string obj ring name a ring of the abyss
Sat Jan 24 19:40:02 2004 :: Zeak has quit.
Sat Jan 24 19:40:04 2004 :: Sock.sinaddr:  68.248.144.168
Sat Jan 24 19:40:06 2004 :: Loading Zoe.
Sat Jan 24 19:40:07 2004 :: Look out, Zoe@adsl-68-248-144-168.dsl.ipltin.ameritech.net has connected.
Sat Jan 24 19:40:12 2004 :: Log Majere: string obj ring short ({DEngraved{x) a ring of the {DAbyss{x
Sat Jan 24 19:40:16 2004 :: Roman gained level 56
Sat Jan 24 19:40:23 2004 :: Log Majere: string obj ring long A ring of twisted, abyssmal shadows lies here upon the ground.
Sat Jan 24 19:40:28 2004 :: Log Majere: clone ring
Sat Jan 24 19:41:19 2004 :: Log Majere: asperson lero inven
Sat Jan 24 19:43:12 2004 :: Log Majere: string obj ring name an obsidian ring
Sat Jan 24 19:43:13 2004 :: Log Tobby: delete
Sat Jan 24 19:43:14 2004 :: Log Tobby: delete
Sat Jan 24 19:43:17 2004 :: Sock.sinaddr:  156.34.60.39
Sat Jan 24 19:43:29 2004 :: Log Majere: string obj ring short an {Dobsidian{x ring
Sat Jan 24 19:43:32 2004 :: EOF encountered on read.
Sat Jan 24 19:43:32 2004 :: Closing link to Dacar.
Sat Jan 24 19:43:33 2004 :: Sock.sinaddr:  156.34.60.39
Sat Jan 24 19:43:45 2004 :: EOF encountered on read.
Sat Jan 24 19:43:45 2004 :: Sock.sinaddr:  156.34.60.39
Sat Jan 24 19:43:52 2004 :: Log Majere: string obj ring long A strange obsidian ring that glows blacklyA strange obsidian ring that glows blackly.
Sat Jan 24 19:44:31 2004 :: Deckar@hlfx02-1063.ns.aliant.net new player.
Sat Jan 24 19:44:34 2004 :: Roman has quit.
Sat Jan 24 19:44:52 2004 :: Majere has quit.
Sat Jan 24 19:46:54 2004 :: Xadaman has quit.
Sat Jan 24 19:47:22 2004 :: Lerokuo has quit.
Sat Jan 24 19:52:13 2004 :: Deckar gained level 2
Sat Jan 24 19:53:55 2004 :: Deckar gained level 3
Sat Jan 24 20:03:40 2004 :: Zoe has quit.
Sat Jan 24 20:03:45 2004 :: Sock.sinaddr:  68.248.144.168
Sat Jan 24 20:03:55 2004 :: Loading Lothar.
Sat Jan 24 20:03:57 2004 :: Look out, Lothar@adsl-68-248-144-168.dsl.ipltin.ameritech.net has connected.
Sat Jan 24 20:05:20 2004 :: Lothar has quit.
Sat Jan 24 20:05:22 2004 :: Sock.sinaddr:  68.248.144.168
Sat Jan 24 20:05:26 2004 :: Loading Zeak.
Sat Jan 24 20:05:27 2004 :: Deckar gained level 4
Sat Jan 24 20:05:28 2004 :: Look out, Zeak@adsl-68-248-144-168.dsl.ipltin.ameritech.net has connected.
Sat Jan 24 20:08:03 2004 :: Zeak has quit.
Sat Jan 24 20:08:05 2004 :: Sock.sinaddr:  68.248.144.168
Sat Jan 24 20:08:10 2004 :: Loading Quile.
Sat Jan 24 20:08:12 2004 :: Look out, Quile@adsl-68-248-144-168.dsl.ipltin.ameritech.net has connected.
Sat Jan 24 20:09:47 2004 :: Quile has quit.
Sat Jan 24 20:09:49 2004 :: Sock.sinaddr:  68.248.144.168
Sat Jan 24 20:10:22 2004 :: Deckar gained level 5
Sat Jan 24 20:11:17 2004 :: Seri@adsl-68-248-144-168.dsl.ipltin.ameritech.net new player.
Sat Jan 24 20:11:56 2004 :: Allyria gained level 34
Sat Jan 24 20:13:11 2004 :: Serie gained level 56
Sat Jan 24 20:14:14 2004 :: Danon has quit.
Sat Jan 24 20:15:00 2004 :: Log Deckar: delete
Sat Jan 24 20:15:00 2004 :: Log Deckar: delete
Sat Jan 24 20:15:03 2004 :: Sock.sinaddr:  156.34.60.39
Sat Jan 24 20:16:06 2004 :: Inyuyasha@hlfx02-1063.ns.aliant.net new player.
Sat Jan 24 20:16:28 2004 :: Sock.sinaddr:  172.197.175.186
Sat Jan 24 20:16:38 2004 :: Loading Dyrex.
Sat Jan 24 20:16:40 2004 :: Look out, Dyrex@ACC5AFBA.ipt.aol.com has connected.
Sat Jan 24 20:19:06 2004 :: Allyria has quit.
Sat Jan 24 20:19:10 2004 :: Sock.sinaddr:  66.58.231.12
Sat Jan 24 20:19:12 2004 :: Loading Talionis.
Sat Jan 24 20:19:12 2004 :: Look out, Talionis@12-231-58-66.gci.net has connected.
Sat Jan 24 20:20:35 2004 :: Dyrex has quit.
Sat Jan 24 20:20:39 2004 :: Sock.sinaddr:  172.197.175.186
Sat Jan 24 20:20:41 2004 :: Loading Kulgash.
Sat Jan 24 20:20:43 2004 :: Look out, Kulgash@ACC5AFBA.ipt.aol.com has connected.
Sat Jan 24 20:23:43 2004 :: Kulgash gained level 11
Sat Jan 24 20:24:02 2004 :: Seri gained level 2
Sat Jan 24 20:24:17 2004 :: Inyuyasha gained level 2
Sat Jan 24 20:24:26 2004 :: Seri gained level 3
Sat Jan 24 20:24:53 2004 :: Inyuyasha gained level 3
Sat Jan 24 20:24:53 2004 :: Seri gained level 4
Sat Jan 24 20:25:14 2004 :: Inyuyasha gained level 4
Sat Jan 24 20:25:20 2004 :: Seri gained level 5
Sat Jan 24 20:25:47 2004 :: Talionis gained level 12
Sat Jan 24 20:25:50 2004 :: Inyuyasha gained level 5
Sat Jan 24 20:26:38 2004 :: ACC5AFBA.ipt.aol.com input spamming!
Sat Jan 24 20:26:39 2004 :: Seri gained level 6
Sat Jan 24 20:27:36 2004 :: Inyuyasha gained level 6
Sat Jan 24 20:27:45 2004 :: Kulgash gained level 12
Sat Jan 24 20:29:05 2004 :: Seri gained level 7
Sat Jan 24 20:30:26 2004 :: Inyuyasha gained level 7
Sat Jan 24 20:31:53 2004 :: Talionis gained level 13
Sat Jan 24 20:33:25 2004 :: Kulgash gained level 13
Sat Jan 24 20:35:29 2004 :: Talionis gained level 14
Sat Jan 24 20:36:28 2004 :: Sock.sinaddr:  204.39.208.180
Sat Jan 24 20:36:29 2004 :: Braum gained level 32
Sat Jan 24 20:36:33 2004 :: Loading Quakkat.
Sat Jan 24 20:36:37 2004 :: Look out, Quakkat@pm800-26.dialip.mich.net has connected.
Sat Jan 24 20:39:15 2004 :: Kulgash gained level 14
Sat Jan 24 20:41:21 2004 :: Sock.sinaddr:  24.68.105.206
Sat Jan 24 20:41:29 2004 :: Loading Lerokuo.
Sat Jan 24 20:41:32 2004 :: Look out, Lerokuo@24.68.105.206 has connected.
Sat Jan 24 20:43:34 2004 :: Seri gained level 8
Sat Jan 24 20:43:49 2004 :: Talionis gained level 15
Sat Jan 24 20:44:40 2004 :: Inyuyasha gained level 8
Sat Jan 24 20:44:50 2004 :: ppp-66-140-98-88.dialup.lbcktx.swbell.net input spamming!
Sat Jan 24 20:45:40 2004 :: Seri gained level 9
Sat Jan 24 20:48:11 2004 :: Inyuyasha gained level 9
Sat Jan 24 20:49:07 2004 :: Serie has quit.
Sat Jan 24 20:50:10 2004 :: Sock.sinaddr:  63.231.121.48
Sat Jan 24 20:50:15 2004 :: Loading Brennilmira.
Sat Jan 24 20:50:16 2004 :: Look out, Brennilmira@63-231-121-48.albq.qwest.net has connected.
Sat Jan 24 20:52:08 2004 :: Seri gained level 10
Sat Jan 24 20:53:17 2004 :: Sock.sinaddr:  193.136.33.200
Sat Jan 24 20:53:21 2004 :: Loading Slathren.
Sat Jan 24 20:53:23 2004 :: Inyuyasha gained level 10
Sat Jan 24 20:53:23 2004 :: Look out, Slathren@aulas-i-p2.fe.up.pt has connected.
Sat Jan 24 20:55:24 2004 :: Kulgash gained level 15
Sat Jan 24 21:00:10 2004 :: Talionis gained level 16
Sat Jan 24 21:00:26 2004 :: ppp-66-140-98-88.dialup.lbcktx.swbell.net input spamming!
Sat Jan 24 21:03:56 2004 :: Kulgash gained level 16
Sat Jan 24 21:07:13 2004 :: Quakkat has quit.
Sat Jan 24 21:07:15 2004 :: Seri gained level 11
Sat Jan 24 21:07:48 2004 :: Inyuyasha gained level 11
Sat Jan 24 21:10:05 2004 :: aulas-i-p2.fe.up.pt input spamming!
Sat Jan 24 21:10:36 2004 :: Seri gained level 12
Sat Jan 24 21:11:13 2004 :: Inyuyasha gained level 12
Sat Jan 24 21:15:53 2004 :: Talionis gained level 17
Sat Jan 24 21:17:01 2004 :: Braum has quit.
Sat Jan 24 21:17:30 2004 :: Kulgash gained level 17
Sat Jan 24 21:20:37 2004 :: Lerokuo has quit.
Sat Jan 24 21:22:32 2004 :: Talionis has quit.
Sat Jan 24 21:22:36 2004 :: Sock.sinaddr:  66.58.231.12
Sat Jan 24 21:22:38 2004 :: Sock.sinaddr:  68.232.128.98
Sat Jan 24 21:22:40 2004 :: Loading Allyria.
Sat Jan 24 21:22:40 2004 :: Look out, Allyria@12-231-58-66.gci.net has connected.
Sat Jan 24 21:23:40 2004 :: Seri gained level 13
Sat Jan 24 21:24:28 2004 :: Filimus@68-232-128-98.chvlva.adelphia.net new player.
Sat Jan 24 21:26:16 2004 :: Inyuyasha gained level 13
Sat Jan 24 21:30:29 2004 :: Brennilmira gained level 27
Sat Jan 24 21:31:20 2004 :: Filimus gained level 2
Sat Jan 24 21:32:24 2004 :: Inyuyasha has quit.
Sat Jan 24 21:32:32 2004 :: Filimus gained level 3
Sat Jan 24 21:33:53 2004 :: Seri gained level 14
Sat Jan 24 21:34:56 2004 :: Log Brennilmira: devote sargonnas
Sat Jan 24 21:35:11 2004 :: Filimus gained level 4
Sat Jan 24 21:39:09 2004 :: Kulgash gained level 18
Sat Jan 24 21:39:09 2004 :: Seri gained level 15
Sat Jan 24 21:41:46 2004 :: Filimus has quit.
Sat Jan 24 21:42:08 2004 :: Seri has quit.
Sat Jan 24 21:42:10 2004 :: Sock.sinaddr:  68.248.144.168
Sat Jan 24 21:42:12 2004 :: Loading Kuku.
Sat Jan 24 21:42:13 2004 :: Kuku. Bad Password. IP: adsl-68-248-144-168.dsl.ipltin.ameritech.net> lawles
Sat Jan 24 21:42:13 2004 :: Closing link to Kuku.
Sat Jan 24 21:42:16 2004 :: Sock.sinaddr:  68.248.144.168
Sat Jan 24 21:42:24 2004 :: Sock.sinaddr:  68.248.144.168
Sat Jan 24 21:42:24 2004 :: EOF encountered on read.
Sat Jan 24 21:42:24 2004 :: Closing link to Lawless.
Sat Jan 24 21:42:27 2004 :: Loading Kuku.
Sat Jan 24 21:42:28 2004 :: Look out, Kuku@adsl-68-248-144-168.dsl.ipltin.ameritech.net has connected.
Sat Jan 24 21:44:04 2004 :: Kulgash has quit.
Sat Jan 24 21:44:08 2004 :: Sock.sinaddr:  172.197.175.186
Sat Jan 24 21:44:11 2004 :: Loading Kilgor.
Sat Jan 24 21:44:14 2004 :: Look out, Kilgor@ACC5AFBA.ipt.aol.com has connected.
Sat Jan 24 21:44:19 2004 :: Kuku has quit.
Sat Jan 24 21:44:22 2004 :: Sock.sinaddr:  68.248.144.168
Sat Jan 24 21:44:23 2004 :: Loading Zoe.
Sat Jan 24 21:44:25 2004 :: Look out, Zoe@adsl-68-248-144-168.dsl.ipltin.ameritech.net has connected.
Sat Jan 24 21:49:08 2004 :: Sock.sinaddr:  64.40.55.178
Sat Jan 24 21:49:10 2004 :: Loading Paladine.
Sat Jan 24 21:49:11 2004 :: Look out, Paladine@64-40-55-178.ncplus.net has connected.
Sat Jan 24 21:50:05 2004 :: Log Paladine: snoop ally
Sat Jan 24 21:50:09 2004 :: Log Paladine: snoop self
Sat Jan 24 21:56:52 2004 :: Zoe has quit.
Sat Jan 24 21:56:55 2004 :: Sock.sinaddr:  68.248.144.168
Sat Jan 24 21:57:04 2004 :: Loading Kuku.
Sat Jan 24 21:57:05 2004 :: Look out, Kuku@adsl-68-248-144-168.dsl.ipltin.ameritech.net has connected.
Sat Jan 24 21:58:14 2004 :: Slathren has quit.
Sat Jan 24 21:59:19 2004 :: Log Paladine: laston ripper
Sat Jan 24 21:59:21 2004 :: Log Paladine: ille ripper
Sat Jan 24 22:05:43 2004 :: Kilgor has quit.
Sat Jan 24 22:06:03 2004 :: Brennilmira gained level 28
Sat Jan 24 22:08:21 2004 :: Log Paladine: sno
Sat Jan 24 22:08:50 2004 :: Kuku gained level 25
Sat Jan 24 22:09:50 2004 :: Log Paladine: force all save
Sat Jan 24 22:10:03 2004 :: [WARNING] Brennilmira gtells: Or we could just wait for the mud to reboot...
Sat Jan 24 22:10:17 2004 :: [*****] BUG: Sig handler SIGTERM.
Sat Jan 24 22:10:17 2004 :: Saved zones:
Sat Jan 24 22:10:17 2004 :: None.

/* Wolfpaw Rebooted the server */
