Sat Jan 24 22:12:47 2004 :: ROM is ready to rock on port 6100.
Sat Jan 24 22:12:48 2004 :: Sock.sinaddr:  63.231.121.48
Sat Jan 24 22:12:51 2004 :: Loading Brennilmira.
Sat Jan 24 22:12:51 2004 :: Look out, Brennilmira@63-231-121-48.albq.qwest.net has connected.
Sat Jan 24 22:12:55 2004 :: Sock.sinaddr:  64.40.55.178
Sat Jan 24 22:12:58 2004 :: Loading Paladine.
Sat Jan 24 22:12:58 2004 :: Look out, Paladine@64-40-55-178.ncplus.net has connected.
Sat Jan 24 22:13:38 2004 :: Sock.sinaddr:  68.248.144.168
Sat Jan 24 22:13:41 2004 :: Loading Kuku.
Sat Jan 24 22:13:43 2004 :: Look out, Kuku@adsl-68-248-144-168.dsl.ipltin.ameritech.net has connected.
Sat Jan 24 22:14:45 2004 :: [WARNING] Brennilmira says: {c*{mo{bo{mc{c*{w I was gonna say, though, before mud crashed, serenity will stop a fight (mostly works on PCs only) and journey will refresh movement
Sat Jan 24 22:15:11 2004 :: Log Paladine: gecho Sorry for any inconvenience, fokls, that was Wolfpaw's server being rebooted. 
Sat Jan 24 22:15:19 2004 :: Log Paladine: gecho Err... folks
Sat Jan 24 22:19:38 2004 :: Sock.sinaddr:  64.40.55.178
Sat Jan 24 22:19:42 2004 :: Loading Kougyoku.
Sat Jan 24 22:19:44 2004 :: Look out, Kougyoku@64-40-55-178.ncplus.net has connected.
Sat Jan 24 22:22:20 2004 :: Sock.sinaddr:  66.58.231.12
Sat Jan 24 22:22:23 2004 :: Loading Mishakal.
Sat Jan 24 22:22:23 2004 :: Look out, Mishakal@12-231-58-66.gci.net has connected.
Sat Jan 24 22:22:37 2004 :: Sock.sinaddr:  66.58.231.12
Sat Jan 24 22:22:39 2004 :: Loading Allyria.
Sat Jan 24 22:22:39 2004 :: Look out, Allyria@12-231-58-66.gci.net has connected.
Sat Jan 24 22:31:43 2004 :: Log Paladine: force all save
Sat Jan 24 22:31:56 2004 :: Log Paladine: gecho WOlfpaw is rebooting again.. sorry for the inconvenience!
Sat Jan 24 22:33:18 2004 :: Sock.sinaddr:  204.39.208.176
Sat Jan 24 22:33:25 2004 :: [WARNING] Brennilmira gtells: Waiting for the mud to reboot
Sat Jan 24 22:33:32 2004 :: Closing link to Quakat.
Sat Jan 24 22:33:38 2004 :: Sock.sinaddr:  204.39.208.176
Sat Jan 24 22:33:48 2004 :: Loading Quakkat.
Sat Jan 24 22:33:51 2004 :: Look out, Quakkat@pm800-22.dialip.mich.net has connected.
Sat Jan 24 22:34:54 2004 :: Log Paladine: gecho Server is rebooting now..
Sat Jan 24 22:35:00 2004 :: [*****] BUG: Sig handler SIGTERM.
Sat Jan 24 22:35:00 2004 :: Saved zones:
Sat Jan 24 22:35:00 2004 :: None.
Sat Jan 24 22:35:01 2004 :: ROM is ready to rock on port 6100.
Sat Jan 24 22:35:01 2004 :: Copyover recovery initiated
Sat Jan 24 22:35:01 2004 :: Loading Quakkat.
Sat Jan 24 22:35:01 2004 :: Loading Allyria.
Sat Jan 24 22:35:01 2004 :: Loading Mishakal.
Sat Jan 24 22:35:01 2004 :: Loading Kougyoku.
Sat Jan 24 22:35:01 2004 :: Loading Kuku.
Sat Jan 24 22:35:01 2004 :: Loading Paladine.
Sat Jan 24 22:35:01 2004 :: Loading Brennilmira.
