Tue Feb 17 22:53:35 2004 :: ROM is ready to rock on port 6100.
Tue Feb 17 22:53:36 2004 :: Sock.sinaddr:  24.59.93.34
Tue Feb 17 22:53:38 2004 :: Sock.sinaddr:  172.199.7.235
Tue Feb 17 22:53:39 2004 :: Sock.sinaddr:  24.59.93.34
Tue Feb 17 22:53:41 2004 :: Sock.sinaddr:  64.40.51.177
Tue Feb 17 22:53:43 2004 :: Loading Kulgash.
Tue Feb 17 22:53:44 2004 :: Loading Paladine.
Tue Feb 17 22:53:44 2004 :: Look out, Paladine@64-40-51-177.ncplus.net has connected.
Tue Feb 17 22:53:46 2004 :: Look out, Kulgash@ACC707EB.ipt.aol.com has connected.
Tue Feb 17 22:53:49 2004 :: Sock.sinaddr:  137.229.152.139
Tue Feb 17 22:53:54 2004 :: Loading Solinari.
Tue Feb 17 22:53:55 2004 :: Loading Donik.
Tue Feb 17 22:53:56 2004 :: Look out, Donik@your-xhtr8hvc4p.uaa.alaska.edu has connected.
Tue Feb 17 22:53:57 2004 :: Look out, Solinari@syr-24-59-93-34.twcny.rr.com has connected.
Tue Feb 17 22:54:05 2004 :: Loading Gallion.
Tue Feb 17 22:54:10 2004 :: Look out, Gallion@syr-24-59-93-34.twcny.rr.com has connected.
Tue Feb 17 22:58:07 2004 :: Log Paladine: laston chainer
Tue Feb 17 22:58:10 2004 :: Log Paladine: pload chainer
Tue Feb 17 22:58:10 2004 :: Loading chainer.
Tue Feb 17 22:58:12 2004 :: Log Paladine: deny chainer
Tue Feb 17 22:58:12 2004 :: Chainer has quit.
Tue Feb 17 22:58:15 2004 :: Log Paladine: illegal chainer
Tue Feb 17 22:58:44 2004 :: Log Paladine: pload elefantior
Tue Feb 17 22:58:44 2004 :: Loading elefantior.
Tue Feb 17 22:58:49 2004 :: Log Paladine: deny elefantior
Tue Feb 17 22:58:49 2004 :: Elefantior has quit.
Tue Feb 17 22:58:57 2004 :: Log Paladine: illegal elefantior
Tue Feb 17 22:59:28 2004 :: Log Paladine: laston bishibosh
Tue Feb 17 22:59:31 2004 :: Log Paladine: ille bishibosh
Tue Feb 17 22:59:43 2004 :: Sock.sinaddr:  172.198.142.239
Tue Feb 17 22:59:55 2004 :: Log Paladine: laston devillaria
Tue Feb 17 23:00:34 2004 :: Zato@ACC68EEF.ipt.aol.com new player.
Tue Feb 17 23:00:52 2004 :: Log Paladine: illegal devillaria
Tue Feb 17 23:01:03 2004 :: Log Paladine: pload devillaria
Tue Feb 17 23:01:03 2004 :: Loading devillaria.
Tue Feb 17 23:01:15 2004 :: Log Paladine: deny decil
Tue Feb 17 23:01:17 2004 :: Log Paladine: deny devil
Tue Feb 17 23:01:17 2004 :: Devillaria has quit.
Tue Feb 17 23:01:19 2004 :: Log Paladine: ille devil
Tue Feb 17 23:01:49 2004 :: Sock.sinaddr:  66.233.11.249
Tue Feb 17 23:01:52 2004 :: Loading Dekyos.
Tue Feb 17 23:01:53 2004 :: Look out, Dekyos@cdm-66-233-11-249.fayt.cox-internet.com has connected.
Tue Feb 17 23:02:08 2004 :: Sock.sinaddr:  67.41.15.214
Tue Feb 17 23:02:15 2004 :: EOF encountered on read.
Tue Feb 17 23:03:03 2004 :: [WARNING] Dekyos heros: she got the new zmud and is having a hard time
Tue Feb 17 23:03:38 2004 :: Zato gained level 2
Tue Feb 17 23:05:26 2004 :: Zato gained level 3
Tue Feb 17 23:05:38 2004 :: Sock.sinaddr:  67.41.15.214
Tue Feb 17 23:05:41 2004 :: Sock.sinaddr:  67.41.15.214
Tue Feb 17 23:06:01 2004 :: EOF encountered on read.
Read_from_descriptor: Connection reset by peer
Tue Feb 17 23:09:23 2004 :: Zato gained level 4
Tue Feb 17 23:09:30 2004 :: Log Solinari: notitle Gallion
Tue Feb 17 23:10:24 2004 :: Log Solinari: string char gallion title Uth Drasten - Knight Of The {WC{Do{Rn{Wc{Dl{Ra{Wv{De{X
Tue Feb 17 23:10:32 2004 :: Donik gained level 9
Tue Feb 17 23:10:54 2004 :: Log Paladine: string char gallion title Uth Drasten - Knight Of The Conclave
Tue Feb 17 23:11:31 2004 :: Solinari has quit.
Tue Feb 17 23:11:31 2004 :: [*****] BUG: Norm-Apply: 0
Tue Feb 17 23:11:31 2004 :: [*****] BUG: location = 26
Tue Feb 17 23:11:31 2004 :: [*****] BUG: type = 32
Tue Feb 17 23:11:31 2004 :: [*****] BUG: Norm-Apply: 0
Tue Feb 17 23:11:31 2004 :: [*****] BUG: location = 26
Tue Feb 17 23:11:31 2004 :: [*****] BUG: type = 33
Tue Feb 17 23:11:31 2004 :: [*****] BUG: Norm-Apply: 0
Tue Feb 17 23:11:31 2004 :: [*****] BUG: location = 26
Tue Feb 17 23:11:31 2004 :: [*****] BUG: type = 36
Tue Feb 17 23:11:31 2004 :: [*****] BUG: Norm-Apply: 0
Tue Feb 17 23:11:31 2004 :: [*****] BUG: location = 26
Tue Feb 17 23:11:31 2004 :: [*****] BUG: type = 35
Tue Feb 17 23:11:31 2004 :: [*****] BUG: Norm-Apply: 0
Tue Feb 17 23:11:31 2004 :: [*****] BUG: location = 26
Tue Feb 17 23:11:31 2004 :: [*****] BUG: type = 31
Tue Feb 17 23:11:31 2004 :: [*****] BUG: Norm-Apply: 0
Tue Feb 17 23:11:31 2004 :: [*****] BUG: location = 26
Tue Feb 17 23:11:31 2004 :: [*****] BUG: type = 338
Tue Feb 17 23:11:31 2004 :: [*****] BUG: Norm-Apply: 0
Tue Feb 17 23:11:31 2004 :: [*****] BUG: location = 26
Tue Feb 17 23:11:31 2004 :: [*****] BUG: type = 115
Tue Feb 17 23:11:46 2004 :: Sock.sinaddr:  24.59.93.34
Tue Feb 17 23:11:50 2004 :: Log Zato: delete
Tue Feb 17 23:11:51 2004 :: Loading Solinari.
Tue Feb 17 23:11:52 2004 :: Log Zato: delete
Tue Feb 17 23:11:57 2004 :: Look out, Solinari@syr-24-59-93-34.twcny.rr.com has connected.
Tue Feb 17 23:12:42 2004 :: Sock.sinaddr:  67.41.15.214
Tue Feb 17 23:12:43 2004 :: Sock.sinaddr:  67.41.15.214
Tue Feb 17 23:12:45 2004 :: Sock.sinaddr:  67.41.15.214
Tue Feb 17 23:12:52 2004 :: Loading Chislev.
Tue Feb 17 23:12:52 2004 :: Look out, Chislev@67-41-15-214.albq.qwest.net has connected.
Tue Feb 17 23:18:03 2004 :: [WARNING] Chislev imms: If my zMUD doesn't crash again heh
Tue Feb 17 23:20:05 2004 :: [*****] BUG: Sig handler SIGTERM.
Tue Feb 17 23:20:05 2004 :: Saved zones:
Tue Feb 17 23:20:05 2004 :: None.
Tue Feb 17 23:20:05 2004 :: ROM is ready to rock on port 6100.
Tue Feb 17 23:20:05 2004 :: Copyover recovery initiated
Tue Feb 17 23:20:05 2004 :: Loading Chislev.
Tue Feb 17 23:20:05 2004 :: Loading Solinari.
Tue Feb 17 23:20:05 2004 :: Loading Dekyos.
Tue Feb 17 23:20:05 2004 :: Loading Donik.
Tue Feb 17 23:20:05 2004 :: Loading Paladine.
Tue Feb 17 23:20:05 2004 :: Loading Kulgash.
Tue Feb 17 23:20:05 2004 :: Loading Gallion.
