Wed Feb 18 23:39:40 2004 :: ROM is ready to rock on port 6100.
Wed Feb 18 23:39:42 2004 :: Sock.sinaddr:  67.41.15.214
Wed Feb 18 23:39:43 2004 :: Sock.sinaddr:  67.41.15.214
Wed Feb 18 23:39:45 2004 :: Sock.sinaddr:  64.40.51.36
Wed Feb 18 23:39:47 2004 :: Loading Paladine.
Wed Feb 18 23:39:48 2004 :: Look out, Paladine@64-40-51-36.ncplus.net has connected.
Wed Feb 18 23:39:55 2004 :: Sock.sinaddr:  137.229.152.139
Wed Feb 18 23:39:59 2004 :: Loading Jarek.
Wed Feb 18 23:40:00 2004 :: Look out, Jarek@your-xhtr8hvc4p.uaa.alaska.edu has connected.
Wed Feb 18 23:40:04 2004 :: EOF encountered on read.
Wed Feb 18 23:40:27 2004 :: Jarek has quit.
Read_from_descriptor: Connection reset by peer
Wed Feb 18 23:40:54 2004 :: Sock.sinaddr:  172.193.176.202
Wed Feb 18 23:41:01 2004 :: Loading Kilgor.
Wed Feb 18 23:41:02 2004 :: Look out, Kilgor@ACC1B0CA.ipt.aol.com has connected.
Wed Feb 18 23:42:13 2004 :: Sock.sinaddr:  67.41.15.214
Wed Feb 18 23:42:14 2004 :: Sock.sinaddr:  67.41.15.214
Wed Feb 18 23:43:22 2004 :: Loading Chislev.
Wed Feb 18 23:43:25 2004 :: Look out, Chislev@67-41-15-214.albq.qwest.net has connected.
Wed Feb 18 23:43:33 2004 :: Kilgor has quit.
Wed Feb 18 23:44:28 2004 :: Sock.sinaddr:  67.41.15.214
Wed Feb 18 23:44:35 2004 :: Loading Serie.
Wed Feb 18 23:44:37 2004 :: Look out, Serie@67-41-15-214.albq.qwest.net has connected.
Wed Feb 18 23:46:49 2004 :: Sock.sinaddr:  193.126.166.159
Wed Feb 18 23:46:59 2004 :: Loading Alberigan.
Wed Feb 18 23:47:02 2004 :: Alberigan. Bad Password. IP: d166159.prt.net.KPNQwest.pt> jloobato
Wed Feb 18 23:47:02 2004 :: Closing link to Alberigan.
Wed Feb 18 23:47:04 2004 :: Sock.sinaddr:  193.126.166.159
Wed Feb 18 23:47:06 2004 :: Log Paladine: check process
Wed Feb 18 23:47:08 2004 :: Loading Alberigan.
Wed Feb 18 23:47:11 2004 :: Look out, Alberigan@d166159.prt.net.KPNQwest.pt has connected.
Wed Feb 18 23:47:49 2004 :: Log Paladine: check process
Read_from_descriptor: Connection reset by peer
Wed Feb 18 23:48:36 2004 :: Closing link to Serie.
Read_from_descriptor: Connection reset by peer
Wed Feb 18 23:48:36 2004 :: Closing link to Chislev.
Read_from_descriptor: Connection reset by peer
Wed Feb 18 23:48:46 2004 :: Log Paladine: punload serie
Wed Feb 18 23:48:46 2004 :: Serie has quit.
Wed Feb 18 23:48:49 2004 :: Log Paladine: punload chislev
Wed Feb 18 23:48:49 2004 :: Chislev has quit.
Wed Feb 18 23:49:38 2004 :: Log Paladine: restore all
Wed Feb 18 23:49:38 2004 :: Log Paladine: force all save
Wed Feb 18 23:49:38 2004 :: Log Paladine: asave changed
Wed Feb 18 23:49:39 2004 :: Log Paladine: copyover
Wed Feb 18 23:49:39 2004 :: ROM is ready to rock on port 6100.
Wed Feb 18 23:49:39 2004 :: Copyover recovery initiated
Wed Feb 18 23:49:39 2004 :: Loading Alberigan.
Wed Feb 18 23:49:39 2004 :: Loading Paladine.
Wed Feb 18 23:50:30 2004 :: Log Paladine: gecho Sorry for the inconvenience.. but i need to restart the mud again..
Wed Feb 18 23:50:42 2004 :: Log Paladine: gecho The mud will be back up in 30 seconds
Wed Feb 18 23:50:50 2004 :: Log Paladine: force all save
Wed Feb 18 23:50:54 2004 :: Log Paladine: asave changed
Wed Feb 18 23:50:56 2004 :: Log Paladine: shutdown
Wed Feb 18 23:50:56 2004 :: Closing link to Paladine.
Wed Feb 18 23:50:56 2004 :: Closing link to Alberigan.
Wed Feb 18 23:50:56 2004 :: Normal termination of game.
