Wed Feb 18 23:51:30 2004 :: ROM is ready to rock on port 6100.
Wed Feb 18 23:51:32 2004 :: Sock.sinaddr:  64.40.51.36
Wed Feb 18 23:51:34 2004 :: Loading Paladine.
Wed Feb 18 23:51:35 2004 :: Look out, Paladine@64-40-51-36.ncplus.net has connected.
Wed Feb 18 23:51:38 2004 :: Sock.sinaddr:  193.126.166.159
Wed Feb 18 23:51:43 2004 :: Loading Alberigan.
Wed Feb 18 23:51:48 2004 :: Look out, Alberigan@d166159.prt.net.KPNQwest.pt has connected.
Wed Feb 18 23:52:04 2004 :: Sock.sinaddr:  172.150.6.231
Read_from_descriptor: Connection reset by peer
Wed Feb 18 23:52:23 2004 :: Log Paladine: check process
Wed Feb 18 23:52:34 2004 :: Sock.sinaddr:  35.12.17.81
Wed Feb 18 23:52:36 2004 :: Loading Gilean.
Wed Feb 18 23:52:36 2004 :: Look out, Gilean@pm672-29.dialip.mich.net has connected.
Wed Feb 18 23:52:52 2004 :: Log Paladine: gecho holy smokes.. I got a MEM problem.. please wait another min while I load up on the Debugger..
Wed Feb 18 23:53:03 2004 :: Log Paladine: check process
Wed Feb 18 23:53:09 2004 :: Log Paladine: asave changed
Wed Feb 18 23:53:11 2004 :: Log Paladine: shutdown
Wed Feb 18 23:53:11 2004 :: Closing link to Gilean.
Wed Feb 18 23:53:11 2004 :: Closing link to Alberigan.
Wed Feb 18 23:53:11 2004 :: Closing link to Paladine.
Wed Feb 18 23:53:11 2004 :: Normal termination of game.
