Sun Mar 28 12:09:16 2004 :: ROM is ready to rock on port 6100.
Sun Mar 28 12:09:17 2004 :: Sock.sinaddr:  172.170.179.62
Sun Mar 28 12:09:19 2004 :: Sock.sinaddr:  81.193.164.127
Sun Mar 28 12:09:21 2004 :: Sock.sinaddr:  81.193.61.135
Sun Mar 28 12:09:21 2004 :: Loading Pesmerga.
Sun Mar 28 12:09:23 2004 :: Sock.sinaddr:  213.13.235.15
Sun Mar 28 12:09:23 2004 :: Look out, Pesmerga@81.193.164.127 has connected.
Sun Mar 28 12:09:25 2004 :: Sock.sinaddr:  66.140.98.189
Sun Mar 28 12:09:25 2004 :: Loading Nospheratus.
Sun Mar 28 12:09:26 2004 :: Sock.sinaddr:  193.136.33.234
Sun Mar 28 12:09:26 2004 :: Look out, Nospheratus@213.13.235.15 has connected.
Sun Mar 28 12:09:28 2004 :: Sock.sinaddr:  67.20.206.206
Sun Mar 28 12:09:30 2004 :: Sock.sinaddr:  81.84.11.161
Sun Mar 28 12:09:32 2004 :: Sock.sinaddr:  204.209.44.14
Write_to_descriptor: Broken pipe
Write_to_descriptor: Broken pipe
Write_to_descriptor: Broken pipe
Sun Mar 28 12:09:32 2004 :: Loading Sievel.
Sun Mar 28 12:09:32 2004 :: Loading Gulthar.
Sun Mar 28 12:09:33 2004 :: Sock.sinaddr:  66.233.11.249
Write_to_descriptor: Broken pipe
Write_to_descriptor: Broken pipe
Write_to_descriptor: Broken pipe
Write_to_descriptor: Broken pipe
Write_to_descriptor: Broken pipe
Write_to_descriptor: Broken pipe
Write_to_descriptor: Broken pipe
Sun Mar 28 12:09:33 2004 :: EOF encountered on read.
Sun Mar 28 12:09:33 2004 :: Look out, Sievel@a81-84-11-161.netcabo.pt has connected.
Sun Mar 28 12:09:35 2004 :: Sock.sinaddr:  81.193.21.99
Sun Mar 28 12:09:35 2004 :: EOF encountered on read.
Sun Mar 28 12:09:35 2004 :: Look out, Gulthar@ppp-66-140-98-189.dialup.lbcktx.swbell.net has connected.
Sun Mar 28 12:09:37 2004 :: Sock.sinaddr:  172.170.179.62
Sun Mar 28 12:09:37 2004 :: Loading Shogum.
Sun Mar 28 12:09:37 2004 :: Loading Rhillyn.
Sun Mar 28 12:09:39 2004 :: Sock.sinaddr:  172.171.124.89
Sun Mar 28 12:09:39 2004 :: Look out, Shogum@adslsapo-b4-21-99.telepac.pt has connected.
Sun Mar 28 12:09:41 2004 :: Sock.sinaddr:  69.19.129.208
Sun Mar 28 12:09:41 2004 :: Look out, Rhillyn@co-colspgs-u4-c4c-206.clspco.adelphia.net has connected.
Sun Mar 28 12:09:43 2004 :: Loading Crysella.
Sun Mar 28 12:09:45 2004 :: Sock.sinaddr:  81.84.78.24
Sun Mar 28 12:09:47 2004 :: Loading Tanween.
Sun Mar 28 12:09:47 2004 :: Look out, Crysella@ACAAB33E.ipt.aol.com has connected.
Sun Mar 28 12:09:47 2004 :: Closing link to Hide.
Sun Mar 28 12:09:48 2004 :: Look out, Tanween@host-69-19-129-208.rev.o1.com has connected.
Sun Mar 28 12:09:49 2004 :: Loading Storri.
Sun Mar 28 12:09:49 2004 :: Look out, Storri@a81-84-78-24.netcabo.pt has connected.
Sun Mar 28 12:09:50 2004 :: Sock.sinaddr:  193.136.33.234
Sun Mar 28 12:09:54 2004 :: Loading Simos.
Sun Mar 28 12:09:54 2004 :: Shogum has quit.
Sun Mar 28 12:09:59 2004 :: Look out, Simos@193.136.33.234 has connected.
Sun Mar 28 12:10:01 2004 :: Sock.sinaddr:  81.193.21.99
Sun Mar 28 12:10:03 2004 :: Loading Aeson.
Sun Mar 28 12:10:03 2004 :: Look out, Aeson@adslsapo-b4-21-99.telepac.pt has connected.
Sun Mar 28 12:10:08 2004 :: Brakum@81.193.61.135 new player.
Sun Mar 28 12:10:10 2004 :: Sock.sinaddr:  204.209.44.14
Sun Mar 28 12:10:18 2004 :: EOF encountered on read.
Sun Mar 28 12:10:20 2004 :: Sock.sinaddr:  193.136.33.234
Sun Mar 28 12:10:25 2004 :: Loading Elaron.
Sun Mar 28 12:10:29 2004 :: Sock.sinaddr:  66.233.11.249
Sun Mar 28 12:10:30 2004 :: Look out, Elaron@193.136.33.234 has connected.
Sun Mar 28 12:10:33 2004 :: Loading Gyom.
Sun Mar 28 12:10:34 2004 :: Look out, Gyom@cdm-66-233-11-249.fayt.cox-internet.com has connected.
Sun Mar 28 12:10:37 2004 :: Sock.sinaddr:  172.171.124.89
Sun Mar 28 12:10:39 2004 :: Log Gyom: who
Sun Mar 28 12:10:52 2004 :: Log Gyom: tell aeson whoa I got rolled back
Sun Mar 28 12:10:54 2004 :: Log Gyom: l
Sun Mar 28 12:10:58 2004 :: Loading Karst.
Sun Mar 28 12:10:59 2004 :: Look out, Karst@ACAB7C59.ipt.aol.com has connected.
Sun Mar 28 12:11:04 2004 :: Log Gyom: score
Sun Mar 28 12:11:05 2004 :: Log Gyom: idea
Sun Mar 28 12:11:15 2004 :: Log Gyom: idea
Sun Mar 28 12:11:16 2004 :: Log Gyom: 
Sun Mar 28 12:11:21 2004 :: Rhillyn has quit.
Sun Mar 28 12:11:23 2004 :: Log Gyom: 
Sun Mar 28 12:11:24 2004 :: Log Gyom: 
Sun Mar 28 12:11:25 2004 :: Log Gyom: 
Sun Mar 28 12:11:27 2004 :: Log Gyom: 
Sun Mar 28 12:11:28 2004 :: Log Gyom: 
Sun Mar 28 12:11:30 2004 :: Log Gyom: who
Sun Mar 28 12:11:32 2004 :: Log Gyom: buy horse
Sun Mar 28 12:11:34 2004 :: Log Gyom: mount horse
Sun Mar 28 12:11:36 2004 :: Log Gyom: 
Sun Mar 28 12:11:37 2004 :: Log Gyom: 
Sun Mar 28 12:11:37 2004 :: Log Gyom: 
Sun Mar 28 12:11:38 2004 :: Log Gyom: 
Sun Mar 28 12:11:38 2004 :: Log Gyom: 
Sun Mar 28 12:11:39 2004 :: Log Gyom: 
Sun Mar 28 12:12:10 2004 :: Log Gyom: pmote looks around as if he doesn't know what Sievel is talking about.
Sun Mar 28 12:12:20 2004 :: Log Gyom: who
Sun Mar 28 12:13:10 2004 :: Log Gyom: tell simos OH MAN I need to get right on that
Sun Mar 28 12:13:24 2004 :: Aeson has quit.
Sun Mar 28 12:13:33 2004 :: Log Gyom: tell simos I believe in a little thing called roleplaying, now leave me alone before I turn quiet mode on
Sun Mar 28 12:13:34 2004 :: Log Gyom: who
Sun Mar 28 12:13:41 2004 :: Sock.sinaddr:  81.193.21.99
Sun Mar 28 12:13:43 2004 :: Loading Circe.
Sun Mar 28 12:13:43 2004 :: Look out, Circe@adslsapo-b4-21-99.telepac.pt has connected.
Sun Mar 28 12:14:09 2004 :: Circe has quit.
Sun Mar 28 12:14:19 2004 :: Log Gyom: tell simos I dunno, maybe the fact that everyone wants a blacksmith to be an OOC tool to make them so much better
Sun Mar 28 12:14:21 2004 :: Sock.sinaddr:  81.193.21.99
Sun Mar 28 12:14:23 2004 :: Loading Circe.
Sun Mar 28 12:14:23 2004 :: Look out, Circe@adslsapo-b4-21-99.telepac.pt has connected.
Sun Mar 28 12:14:31 2004 :: Log Gyom: tell simos maybe the fact that no one ever LOOKs for a blacksmith
Sun Mar 28 12:14:38 2004 :: Log Gyom: tell sievel Elaron just slapped me..
Sun Mar 28 12:15:03 2004 :: Sock.sinaddr:  65.141.107.200
Sun Mar 28 12:15:05 2004 :: Circe has quit.
Sun Mar 28 12:15:05 2004 :: Log Gyom: tell simos maybe the fact that I'm expected to tell any idiot who sends me a tell where I am, or I'm supposed to travel to them so I can make a measley 100 steel
Sun Mar 28 12:15:09 2004 :: Loading Mattrim.
Sun Mar 28 12:15:11 2004 :: Mattrim. Bad Password. IP: 0-3pool107-200.nas9.louisville1.ky.us.da.qwest.net> jacen
Sun Mar 28 12:15:11 2004 :: Closing link to Mattrim.
Sun Mar 28 12:15:13 2004 :: Sock.sinaddr:  81.193.21.99
Sun Mar 28 12:15:15 2004 :: Loading Aeson.
Sun Mar 28 12:15:15 2004 :: Look out, Aeson@adslsapo-b4-21-99.telepac.pt has connected.
Sun Mar 28 12:15:16 2004 :: Sock.sinaddr:  65.141.107.200
Sun Mar 28 12:15:20 2004 :: Loading Matthew.
Sun Mar 28 12:15:22 2004 :: Look out, Matthew@0-3pool107-200.nas9.louisville1.ky.us.da.qwest.net has connected.
Sun Mar 28 12:15:34 2004 :: Sock.sinaddr:  81.84.194.100
Sun Mar 28 12:15:36 2004 :: Loading Marlok.
Sun Mar 28 12:15:36 2004 :: Look out, Marlok@81.84.194.100 has connected.
Sun Mar 28 12:15:43 2004 :: Log Gyom: l
Sun Mar 28 12:16:01 2004 :: [WARNING] Pesmerga replies to Marlok: o mud foi abaixo
Sun Mar 28 12:16:40 2004 :: Log Gyom: tell elaron next time just type get pie pack twice instead of spamming us, jerk
Sun Mar 28 12:16:50 2004 :: Nospheratus has quit.
Sun Mar 28 12:17:09 2004 :: a81-84-78-24.netcabo.pt input spamming!
Sun Mar 28 12:17:12 2004 :: Log Gyom: tell elaron you fuck off asshole
Sun Mar 28 12:17:34 2004 :: Log Gyom: whisper aeson I suggest we don't do any work for Mister Elaron.. he's known for killing my horses
Sun Mar 28 12:17:43 2004 :: Sock.sinaddr:  24.154.35.243
Sun Mar 28 12:17:47 2004 :: Loading Majere.
Sun Mar 28 12:17:48 2004 :: Look out, Majere@acs-24-154-35-243.zoominternet.net has connected.
Sun Mar 28 12:17:50 2004 :: Log Gyom: say Pemerga may I inspect yer weapon?
Sun Mar 28 12:17:51 2004 :: Matthew has quit.
Sun Mar 28 12:18:08 2004 :: Log Gyom: lore sword
Sun Mar 28 12:19:15 2004 :: Log Gyom: whisper pesmerga 21330 steel will be the cost of perfecting this weapon, Aeson and I can meet you at the Last Call Tavern in Port O'Call
Sun Mar 28 12:19:19 2004 :: Karst gained level 3
Sun Mar 28 12:19:23 2004 :: Log Gyom: group aes
Sun Mar 28 12:19:32 2004 :: Log Gyom: tell aeson follow me, we're leaving town
Sun Mar 28 12:19:40 2004 :: Log Gyom: group aes
Sun Mar 28 12:20:05 2004 :: Log Gyom: gtell soon as I switch clients so I can use my macro
Sun Mar 28 12:20:21 2004 :: Sock.sinaddr:  66.233.11.249
Sun Mar 28 12:20:31 2004 :: Loading Gyom.
Sun Mar 28 12:20:32 2004 :: Closing link to Gyom.
Sun Mar 28 12:20:32 2004 :: Gyom@cdm-66-233-11-249.fayt.cox-internet.com reconnected.
Sun Mar 28 12:20:36 2004 :: Log Gyom: l
Sun Mar 28 12:20:44 2004 :: Log Gyom: 
Sun Mar 28 12:20:45 2004 :: Log Gyom: 
Sun Mar 28 12:20:45 2004 :: Log Gyom: 
Sun Mar 28 12:20:46 2004 :: Log Gyom: 
Sun Mar 28 12:20:46 2004 :: Log Gyom: 
Sun Mar 28 12:20:47 2004 :: Log Gyom: 
Sun Mar 28 12:20:47 2004 :: Log Gyom: 
Sun Mar 28 12:20:48 2004 :: Log Gyom: 
Sun Mar 28 12:20:48 2004 :: Log Gyom: 
Sun Mar 28 12:20:49 2004 :: Log Gyom: 
Sun Mar 28 12:20:49 2004 :: Log Gyom: 
Sun Mar 28 12:20:50 2004 :: Log Gyom: 
Sun Mar 28 12:20:50 2004 :: Log Majere: snoop gyom
Sun Mar 28 12:20:50 2004 :: Log Gyom: 
Sun Mar 28 12:20:51 2004 :: Log Gyom: 
Sun Mar 28 12:20:51 2004 :: Log Gyom: 
Sun Mar 28 12:20:52 2004 :: Log Gyom: 
Sun Mar 28 12:20:52 2004 :: Log Gyom: 
Sun Mar 28 12:20:53 2004 :: Log Gyom: 
Sun Mar 28 12:20:53 2004 :: Log Gyom: 
Sun Mar 28 12:20:54 2004 :: Log Gyom: 
Sun Mar 28 12:20:54 2004 :: Log Gyom: 
Sun Mar 28 12:20:55 2004 :: Log Gyom: 
Sun Mar 28 12:20:55 2004 :: Log Gyom: 
Sun Mar 28 12:20:56 2004 :: Log Gyom: 
Sun Mar 28 12:20:56 2004 :: Log Gyom: 
Sun Mar 28 12:20:57 2004 :: Log Gyom: 
Sun Mar 28 12:20:57 2004 :: Log Gyom: 
Sun Mar 28 12:20:58 2004 :: Log Gyom: 
Sun Mar 28 12:20:58 2004 :: Log Gyom: 
Sun Mar 28 12:20:59 2004 :: Log Gyom: 
Sun Mar 28 12:20:59 2004 :: Log Gyom: 
Sun Mar 28 12:21:00 2004 :: Log Gyom: 
Sun Mar 28 12:21:00 2004 :: Log Gyom: 
Sun Mar 28 12:21:01 2004 :: Log Gyom: 
Sun Mar 28 12:21:01 2004 :: Log Gyom: 
Sun Mar 28 12:21:02 2004 :: Log Gyom: 
Sun Mar 28 12:21:02 2004 :: Log Gyom: 
Sun Mar 28 12:21:03 2004 :: Log Majere: snoop self
Sun Mar 28 12:21:03 2004 :: Log Gyom: 
Sun Mar 28 12:21:03 2004 :: Log Gyom: 
Sun Mar 28 12:21:04 2004 :: Log Gyom: 
Sun Mar 28 12:21:04 2004 :: Log Gyom: 
Sun Mar 28 12:21:05 2004 :: Log Gyom: 
Sun Mar 28 12:21:05 2004 :: Log Gyom: 
Sun Mar 28 12:21:06 2004 :: Log Gyom: 
Sun Mar 28 12:21:06 2004 :: Log Gyom: 
Sun Mar 28 12:21:07 2004 :: Log Gyom: 
Sun Mar 28 12:21:07 2004 :: Log Gyom: 
Sun Mar 28 12:21:08 2004 :: Log Gyom: 
Sun Mar 28 12:21:08 2004 :: Log Gyom: 
Sun Mar 28 12:21:09 2004 :: Log Gyom: 
Sun Mar 28 12:21:09 2004 :: Log Gyom: 
Sun Mar 28 12:21:10 2004 :: Log Gyom: 
Sun Mar 28 12:21:10 2004 :: Log Gyom: 
Sun Mar 28 12:21:11 2004 :: Log Gyom: 
Sun Mar 28 12:21:11 2004 :: Log Gyom: 
Sun Mar 28 12:21:12 2004 :: Log Gyom: 
Sun Mar 28 12:21:12 2004 :: Log Gyom: 
Sun Mar 28 12:21:13 2004 :: Log Gyom: 
Sun Mar 28 12:21:13 2004 :: Log Gyom: 
Sun Mar 28 12:21:14 2004 :: Log Gyom: 
Sun Mar 28 12:21:14 2004 :: Log Gyom: 
Sun Mar 28 12:21:15 2004 :: Log Gyom: 
Sun Mar 28 12:21:15 2004 :: Log Gyom: 
Sun Mar 28 12:21:16 2004 :: Log Gyom: 
Sun Mar 28 12:21:16 2004 :: Log Gyom: 
Sun Mar 28 12:21:17 2004 :: Log Gyom: 
Sun Mar 28 12:21:17 2004 :: Log Gyom: 
Sun Mar 28 12:21:18 2004 :: Log Gyom: 
Sun Mar 28 12:21:18 2004 :: Log Gyom: 
Sun Mar 28 12:21:19 2004 :: Log Gyom: 
Sun Mar 28 12:21:19 2004 :: Log Gyom: 
Sun Mar 28 12:21:20 2004 :: Log Gyom: 
Sun Mar 28 12:21:20 2004 :: Log Gyom: 
Sun Mar 28 12:21:21 2004 :: Log Gyom: 
Sun Mar 28 12:21:21 2004 :: Log Gyom: 
Sun Mar 28 12:21:22 2004 :: Log Gyom: 
Sun Mar 28 12:21:22 2004 :: Log Gyom: 
Sun Mar 28 12:21:23 2004 :: Log Gyom: 
Sun Mar 28 12:21:23 2004 :: Log Gyom: 
Sun Mar 28 12:21:24 2004 :: Log Gyom: 
Sun Mar 28 12:21:24 2004 :: Log Gyom: 
Sun Mar 28 12:21:25 2004 :: Log Gyom: 
Sun Mar 28 12:21:25 2004 :: Log Gyom: 
Sun Mar 28 12:21:26 2004 :: Log Gyom: 
Sun Mar 28 12:21:26 2004 :: Log Gyom: 
Sun Mar 28 12:21:27 2004 :: Log Gyom: 
Sun Mar 28 12:21:28 2004 :: Log Gyom: 
Sun Mar 28 12:21:28 2004 :: Log Gyom: 
Sun Mar 28 12:21:29 2004 :: Log Gyom: 
Sun Mar 28 12:21:29 2004 :: Log Gyom: 
Sun Mar 28 12:21:30 2004 :: Log Gyom: 
Sun Mar 28 12:21:30 2004 :: Log Gyom: 
Sun Mar 28 12:21:31 2004 :: Log Gyom: 
Sun Mar 28 12:21:31 2004 :: Log Gyom: 
Sun Mar 28 12:21:32 2004 :: Log Gyom: 
Sun Mar 28 12:21:32 2004 :: Log Gyom: 
Sun Mar 28 12:21:33 2004 :: Log Gyom: 
Sun Mar 28 12:21:33 2004 :: Log Gyom: 
Sun Mar 28 12:21:34 2004 :: Log Gyom: 
Sun Mar 28 12:21:34 2004 :: Log Gyom: 
Sun Mar 28 12:21:35 2004 :: Log Gyom: 
Sun Mar 28 12:21:35 2004 :: Log Gyom: 
Sun Mar 28 12:21:36 2004 :: Log Gyom: 
Sun Mar 28 12:21:36 2004 :: Log Gyom: 
Sun Mar 28 12:21:37 2004 :: Log Gyom: 
Sun Mar 28 12:21:37 2004 :: Log Gyom: 
Sun Mar 28 12:21:38 2004 :: Log Gyom: 
Sun Mar 28 12:21:38 2004 :: Log Gyom: 
Sun Mar 28 12:21:39 2004 :: Log Gyom: 
Sun Mar 28 12:21:39 2004 :: Log Gyom: 
Sun Mar 28 12:21:40 2004 :: Log Gyom: 
Sun Mar 28 12:21:40 2004 :: Log Gyom: 
Sun Mar 28 12:21:41 2004 :: Log Gyom: 
Sun Mar 28 12:21:41 2004 :: Log Gyom: 
Sun Mar 28 12:21:42 2004 :: Log Gyom: 
Sun Mar 28 12:21:42 2004 :: Log Gyom: 
Sun Mar 28 12:21:43 2004 :: Log Gyom: 
Sun Mar 28 12:21:43 2004 :: Log Gyom: 
Sun Mar 28 12:21:44 2004 :: Log Gyom: 
Sun Mar 28 12:21:44 2004 :: Log Gyom: 
Sun Mar 28 12:21:45 2004 :: Log Gyom: 
Sun Mar 28 12:21:45 2004 :: Log Gyom: 
Sun Mar 28 12:21:46 2004 :: Log Gyom: 
Sun Mar 28 12:21:46 2004 :: Log Gyom: 
Sun Mar 28 12:21:47 2004 :: Log Gyom: 
Sun Mar 28 12:21:47 2004 :: Log Gyom: 
Sun Mar 28 12:21:48 2004 :: Log Gyom: 
Sun Mar 28 12:21:48 2004 :: Log Gyom: 
Sun Mar 28 12:21:49 2004 :: Log Gyom: 
Sun Mar 28 12:21:49 2004 :: Log Gyom: 
Sun Mar 28 12:21:50 2004 :: Log Gyom: 
Sun Mar 28 12:21:50 2004 :: Log Gyom: 
Sun Mar 28 12:21:51 2004 :: Log Gyom: 
Sun Mar 28 12:21:51 2004 :: Log Gyom: 
Sun Mar 28 12:21:52 2004 :: Log Gyom: 
Sun Mar 28 12:21:52 2004 :: Log Gyom: 
Sun Mar 28 12:21:53 2004 :: Log Gyom: 
Sun Mar 28 12:21:53 2004 :: Log Gyom: 
Sun Mar 28 12:21:54 2004 :: Log Gyom: 
Sun Mar 28 12:21:54 2004 :: Log Gyom: 
Sun Mar 28 12:21:55 2004 :: Log Gyom: 
Sun Mar 28 12:21:55 2004 :: Log Gyom: 
Sun Mar 28 12:21:56 2004 :: Log Gyom: 
Sun Mar 28 12:21:56 2004 :: Log Gyom: 
Sun Mar 28 12:21:57 2004 :: Log Gyom: 
Sun Mar 28 12:21:57 2004 :: Log Gyom: 
Sun Mar 28 12:21:58 2004 :: Log Gyom: 
Sun Mar 28 12:21:58 2004 :: Log Gyom: 
Sun Mar 28 12:21:59 2004 :: Log Gyom: 
Sun Mar 28 12:21:59 2004 :: Log Gyom: 
Sun Mar 28 12:22:00 2004 :: Log Gyom: 
Sun Mar 28 12:22:00 2004 :: Log Gyom: 
Sun Mar 28 12:22:01 2004 :: Log Gyom: 
Sun Mar 28 12:22:01 2004 :: Log Gyom: 
Sun Mar 28 12:22:02 2004 :: Log Gyom: 
Sun Mar 28 12:22:02 2004 :: Log Gyom: 
Sun Mar 28 12:22:03 2004 :: Log Gyom: 
Sun Mar 28 12:22:03 2004 :: Log Gyom: 
Sun Mar 28 12:22:04 2004 :: Log Gyom: 
Sun Mar 28 12:22:04 2004 :: Log Gyom: 
Sun Mar 28 12:22:05 2004 :: Log Gyom: 
Sun Mar 28 12:22:05 2004 :: Log Gyom: 
Sun Mar 28 12:22:06 2004 :: Log Gyom: 
Sun Mar 28 12:22:06 2004 :: Log Gyom: 
Sun Mar 28 12:22:07 2004 :: Log Gyom: 
Sun Mar 28 12:22:07 2004 :: Log Gyom: 
Sun Mar 28 12:22:08 2004 :: Log Gyom: 
Sun Mar 28 12:22:08 2004 :: Log Gyom: 
Sun Mar 28 12:22:09 2004 :: Log Gyom: 
Sun Mar 28 12:22:09 2004 :: Log Gyom: 
Sun Mar 28 12:22:10 2004 :: Log Gyom: 
Sun Mar 28 12:22:10 2004 :: Log Gyom: 
Sun Mar 28 12:22:11 2004 :: Log Gyom: 
Sun Mar 28 12:22:11 2004 :: Log Gyom: 
Sun Mar 28 12:22:12 2004 :: Log Gyom: 
Sun Mar 28 12:22:12 2004 :: Log Gyom: 
Sun Mar 28 12:22:13 2004 :: Log Gyom: 
Sun Mar 28 12:22:13 2004 :: Log Gyom: 
Sun Mar 28 12:22:14 2004 :: Log Gyom: tell sievel bbiab
Sun Mar 28 12:22:19 2004 :: Log Gyom: dismount
Sun Mar 28 12:22:20 2004 :: Log Gyom: 
Sun Mar 28 12:22:22 2004 :: Log Gyom: teth horse
Sun Mar 28 12:22:23 2004 :: Log Gyom: who
Sun Mar 28 12:22:37 2004 :: EOF encountered on read.
Sun Mar 28 12:22:37 2004 :: Closing link to Aeson.
Sun Mar 28 12:22:43 2004 :: Log Gyom: 
Sun Mar 28 12:23:20 2004 :: Log Gyom: tell pesmerga Aeson is in a bit of a hurry
Sun Mar 28 12:23:25 2004 :: Log Gyom: c 'create flame
Sun Mar 28 12:23:30 2004 :: Log Gyom: c 'create an
Sun Mar 28 12:23:35 2004 :: Log Gyom: c 'create grind
Sun Mar 28 12:23:40 2004 :: Log Gyom: c 'create bar
Sun Mar 28 12:23:46 2004 :: Log Gyom: c 'create furn
Sun Mar 28 12:23:51 2004 :: Log Gyom: c 'create bar
Sun Mar 28 12:23:56 2004 :: Log Gyom: c 'create grind
Sun Mar 28 12:24:01 2004 :: Log Gyom: l
Sun Mar 28 12:24:10 2004 :: Log Gyom: masterwork sword
Sun Mar 28 12:24:21 2004 :: Log Gyom: sigh
Sun Mar 28 12:24:23 2004 :: Log Gyom: tell pesm let me recalculate for ya
Sun Mar 28 12:24:24 2004 :: Log Majere: snoop gyom
Sun Mar 28 12:24:44 2004 :: Log Gyom: reply 15540
Sun Mar 28 12:24:49 2004 :: Log Gyom: who
Sun Mar 28 12:25:46 2004 :: Log Gyom: masterwork sword
Sun Mar 28 12:25:57 2004 :: Log Gyom: sigh
Sun Mar 28 12:25:59 2004 :: Sock.sinaddr:  68.33.86.33
Sun Mar 28 12:26:02 2004 :: Log Gyom: tell pesm that's the first time that's happened in months
Sun Mar 28 12:26:15 2004 :: Log Gyom: tell pes I'm at 95% masterwork, soon as I get some money I'll get it to 100%
Sun Mar 28 12:26:16 2004 :: Log Gyom: i
Sun Mar 28 12:26:19 2004 :: Log Gyom: give sword pes
Sun Mar 28 12:26:22 2004 :: Log Gyom: score
Sun Mar 28 12:28:07 2004 :: Log Gyom: say my apologies sir
Sun Mar 28 12:28:50 2004 :: Marvieck@pcp036446pcs.aberdn01.md.comcast.net new player.
Sun Mar 28 12:29:17 2004 :: Log Gyom: nod
Sun Mar 28 12:29:25 2004 :: Majere has quit.
Sun Mar 28 12:30:04 2004 :: Log Gyom: bow
Sun Mar 28 12:30:41 2004 :: Log Gyom: who
Sun Mar 28 12:31:04 2004 :: Log Gyom: who
Sun Mar 28 12:31:06 2004 :: Gulthar gained level 31
Sun Mar 28 12:31:42 2004 :: Tanween gained level 9
Sun Mar 28 12:32:29 2004 :: Log Gyom: quit
Sun Mar 28 12:32:29 2004 :: Gyom has quit.
Sun Mar 28 12:33:21 2004 :: Karst gained level 4
Sun Mar 28 12:33:21 2004 :: Storri has quit.
Sun Mar 28 12:35:09 2004 :: [WARNING] Marvieck tells Pesmerga: i get the same thing on the other mud i paly. and this is strange have to get used to doing things here
Sun Mar 28 12:37:45 2004 :: Tanween gained level 10
Sun Mar 28 12:37:51 2004 :: Gulthar has quit.
Sun Mar 28 12:38:36 2004 :: Aeson has quit.
Sun Mar 28 12:43:45 2004 :: Brakum gained level 2
Sun Mar 28 12:44:47 2004 :: Sock.sinaddr:  81.84.78.24
Sun Mar 28 12:44:52 2004 :: Loading Storri.
Sun Mar 28 12:44:52 2004 :: Look out, Storri@a81-84-78-24.netcabo.pt has connected.
Sun Mar 28 12:45:10 2004 :: Brakum gained level 3
Sun Mar 28 12:45:56 2004 :: Brakum gained level 4
Sun Mar 28 12:49:26 2004 :: Pesmerga has quit.
Sun Mar 28 12:52:56 2004 :: Tanween gained level 11
Sun Mar 28 12:53:08 2004 :: Karst has quit.
Sun Mar 28 12:53:45 2004 :: Sock.sinaddr:  65.100.127.11
Sun Mar 28 12:53:47 2004 :: Loading Chislev.
Sun Mar 28 12:53:48 2004 :: Look out, Chislev@65-100-127-11.albq.qwest.net has connected.
Sun Mar 28 12:55:23 2004 :: Brakum gained level 5
Sun Mar 28 12:57:58 2004 :: 81.84.194.100 input spamming!
Sun Mar 28 12:59:23 2004 :: Sock.sinaddr:  65.100.127.11
Sun Mar 28 12:59:24 2004 :: Sock.sinaddr:  68.99.148.39
Sun Mar 28 12:59:27 2004 :: Loading Serie.
Sun Mar 28 12:59:27 2004 :: Look out, Serie@65-100-127-11.albq.qwest.net has connected.
Sun Mar 28 12:59:27 2004 :: Loading Tyrail.
Sun Mar 28 12:59:29 2004 :: Look out, Tyrail@ip68-99-148-39.mc.at.cox.net has connected.
Sun Mar 28 12:59:51 2004 :: Serie has quit.
Sun Mar 28 13:00:53 2004 :: Tyrail has quit.
Sun Mar 28 13:01:45 2004 :: Log Chislev: string obj mask short a pair of {rglowing red{x eyes
Sun Mar 28 13:01:55 2004 :: Log Chislev: string obj mask long Sievel's eyes glow with an evil hatred and undefinable rage.
Sun Mar 28 13:02:24 2004 :: Log Chislev: string obj mask name glowing red eyes
Sun Mar 28 13:02:44 2004 :: Tanween gained level 12
Sun Mar 28 13:03:24 2004 :: Brakum gained level 6
Sun Mar 28 13:03:45 2004 :: Sock.sinaddr:  66.141.209.158
Sun Mar 28 13:03:48 2004 :: Loading Tattiana.
Sun Mar 28 13:03:49 2004 :: Look out, Tattiana@adsl-66-141-209-158.dsl.tulsok.swbell.net has connected.
Sun Mar 28 13:07:45 2004 :: Brakum gained level 7
Sun Mar 28 13:07:56 2004 :: Log Chislev: string obj orb short ({WFlowing{x) Sievel's {DShadow{x
Sun Mar 28 13:08:24 2004 :: Log Chislev: string obj orb long The shadow of the demon flows and ebbs like a living thing.
Sun Mar 28 13:08:39 2004 :: Log Chislev: string obj orb name seivels shadow
Sun Mar 28 13:10:02 2004 :: Log Chislev: string obj tattoo short ({dCurse{x) Seal of {DNecromantic{x Binding
Sun Mar 28 13:10:20 2004 :: Log Chislev: string obj tatt long The Seal placed by Chemosh that binds Sievel from using Necromancy.
Sun Mar 28 13:10:37 2004 :: Log Chislev: string obj tatto name seal necromantic binding
Sun Mar 28 13:12:15 2004 :: Sievel has quit.
Sun Mar 28 13:13:21 2004 :: Sock.sinaddr:  65.100.127.11
Sun Mar 28 13:13:23 2004 :: Loading Serie.
Sun Mar 28 13:13:24 2004 :: Look out, Serie@65-100-127-11.albq.qwest.net has connected.
Sun Mar 28 13:15:55 2004 :: Sock.sinaddr:  24.154.35.243
Sun Mar 28 13:16:00 2004 :: Loading Majere.
Sun Mar 28 13:16:01 2004 :: Look out, Majere@acs-24-154-35-243.zoominternet.net has connected.
Sun Mar 28 13:17:16 2004 :: Brakum gained level 8
Read_from_descriptor: Connection reset by peer
Sun Mar 28 13:19:13 2004 :: Closing link to Majere.
Sun Mar 28 13:20:43 2004 :: Sock.sinaddr:  24.154.35.243
Sun Mar 28 13:20:48 2004 :: Loading Majere.
Sun Mar 28 13:20:49 2004 :: Majere@acs-24-154-35-243.zoominternet.net reconnected.
Sun Mar 28 13:20:52 2004 :: Crysella gained level 19
Sun Mar 28 13:25:34 2004 :: Simos has quit.
Sun Mar 28 13:25:56 2004 :: Crysella has quit.
Sun Mar 28 13:27:47 2004 :: Tanween gained level 13
Sun Mar 28 13:28:46 2004 :: Sock.sinaddr:  193.136.33.234
Sun Mar 28 13:28:50 2004 :: Loading Simos.
Sun Mar 28 13:28:53 2004 :: Look out, Simos@193.136.33.234 has connected.
Sun Mar 28 13:31:18 2004 :: Simos has quit.
Sun Mar 28 13:34:11 2004 :: Serie has quit.
Sun Mar 28 13:34:26 2004 :: Chislev has quit.
Sun Mar 28 13:36:34 2004 :: Sock.sinaddr:  213.13.236.97
Sun Mar 28 13:36:36 2004 :: Loading Fenix.
Sun Mar 28 13:36:36 2004 :: Look out, Fenix@adslsapo-b3-236-97.telepac.pt has connected.
Sun Mar 28 13:38:11 2004 :: EOF encountered on read.
Sun Mar 28 13:38:11 2004 :: Closing link to Tanween.
Sun Mar 28 13:40:35 2004 :: Sock.sinaddr:  69.19.132.65
Sun Mar 28 13:40:42 2004 :: Loading Tanween.
Sun Mar 28 13:40:43 2004 :: Tanween@host-69-19-132-65.rev.o1.com reconnected.
Sun Mar 28 13:40:48 2004 :: Fenix has quit.
Sun Mar 28 13:41:11 2004 :: Storri has quit.
Sun Mar 28 13:41:17 2004 :: Sock.sinaddr:  81.84.78.24
Sun Mar 28 13:41:20 2004 :: Loading Ranald.
Sun Mar 28 13:41:21 2004 :: Look out, Ranald@a81-84-78-24.netcabo.pt has connected.
Sun Mar 28 13:41:59 2004 :: Ranald has quit.
Sun Mar 28 13:42:04 2004 :: Sock.sinaddr:  81.84.78.24
Sun Mar 28 13:42:06 2004 :: Loading Yazeram.
Sun Mar 28 13:42:06 2004 :: Look out, Yazeram@a81-84-78-24.netcabo.pt has connected.
Sun Mar 28 13:45:13 2004 :: Sock.sinaddr:  64.223.237.253
Sun Mar 28 13:45:15 2004 :: Loading Deirdrius.
Sun Mar 28 13:45:25 2004 :: Look out, Deirdrius@pool-64-223-237-253.port.east.verizon.net has connected.
Sun Mar 28 13:48:06 2004 :: Majere has quit.
Sun Mar 28 13:48:27 2004 :: Sock.sinaddr:  213.13.236.97
Sun Mar 28 13:48:28 2004 :: Loading Fenix.
Sun Mar 28 13:48:28 2004 :: Look out, Fenix@adslsapo-b3-236-97.telepac.pt has connected.
Sun Mar 28 13:49:08 2004 :: [WARNING] Brakum tells Tanween: i've been playing in this mud for some time
Sun Mar 28 13:52:07 2004 :: Brakum gained level 9
Sun Mar 28 13:53:04 2004 :: Sock.sinaddr:  209.179.216.10
Sun Mar 28 13:53:10 2004 :: Loading Kierke.
Sun Mar 28 13:53:10 2004 :: Look out, Kierke@pool0010.cvx25-bradley.dialup.earthlink.net has connected.
Sun Mar 28 13:53:44 2004 :: Brakum has quit.
Sun Mar 28 13:53:45 2004 :: Sock.sinaddr:  81.193.61.135
Sun Mar 28 13:53:51 2004 :: Loading Dirthok.
Sun Mar 28 13:53:53 2004 :: Look out, Dirthok@adslsapo-b4-61-135.telepac.pt has connected.
Sun Mar 28 13:54:13 2004 :: Dirthok has quit.
Sun Mar 28 13:54:14 2004 :: Sock.sinaddr:  81.193.61.135
Sun Mar 28 13:54:16 2004 :: Loading Brakum.
Sun Mar 28 13:54:18 2004 :: Look out, Brakum@adslsapo-b4-61-135.telepac.pt has connected.
Sun Mar 28 13:54:26 2004 :: Sock.sinaddr:  172.153.121.197
Sun Mar 28 13:54:35 2004 :: Loading Crysella.
Sun Mar 28 13:54:37 2004 :: Look out, Crysella@AC9979C5.ipt.aol.com has connected.
Sun Mar 28 13:56:19 2004 :: Kierke has quit.
Sun Mar 28 13:56:21 2004 :: Sock.sinaddr:  209.179.216.10
Sun Mar 28 13:56:24 2004 :: Loading Danon.
Sun Mar 28 13:56:25 2004 :: Look out, Danon@pool0010.cvx25-bradley.dialup.earthlink.net has connected.
Sun Mar 28 13:57:36 2004 :: Danon has quit.
Sun Mar 28 13:58:12 2004 :: Tanween killed by a Palanthas guard at 3005
Sun Mar 28 13:58:29 2004 :: Crysella has quit.
Sun Mar 28 13:58:38 2004 :: Sock.sinaddr:  172.153.121.197
Sun Mar 28 13:58:43 2004 :: Loading Crysella.
Sun Mar 28 13:58:46 2004 :: Look out, Crysella@AC9979C5.ipt.aol.com has connected.
Sun Mar 28 14:00:24 2004 :: Sock.sinaddr:  68.99.148.39
Sun Mar 28 14:00:29 2004 :: Loading Lan.
Sun Mar 28 14:00:31 2004 :: Look out, Lan@ip68-99-148-39.mc.at.cox.net has connected.
Sun Mar 28 14:01:25 2004 :: Fenix has quit.
Sun Mar 28 14:01:43 2004 :: Sock.sinaddr:  213.13.236.97
Sun Mar 28 14:01:44 2004 :: Loading Zephid.
Sun Mar 28 14:01:44 2004 :: Look out, Zephid@adslsapo-b3-236-97.telepac.pt has connected.
Sun Mar 28 14:02:33 2004 :: Zephid has quit.
Sun Mar 28 14:02:40 2004 :: Sock.sinaddr:  213.13.236.97
Sun Mar 28 14:02:42 2004 :: Loading Protous.
Sun Mar 28 14:02:42 2004 :: Look out, Protous@adslsapo-b3-236-97.telepac.pt has connected.
Sun Mar 28 14:03:09 2004 :: Lan has quit.
Sun Mar 28 14:03:13 2004 :: Sock.sinaddr:  68.99.148.39
Sun Mar 28 14:03:18 2004 :: Loading Chath.
Sun Mar 28 14:03:19 2004 :: Look out, Chath@ip68-99-148-39.mc.at.cox.net has connected.
Sun Mar 28 14:03:26 2004 :: Chath has quit.
Sun Mar 28 14:03:28 2004 :: Sock.sinaddr:  68.99.148.39
Sun Mar 28 14:03:31 2004 :: Loading Tyrail.
Sun Mar 28 14:03:33 2004 :: Look out, Tyrail@ip68-99-148-39.mc.at.cox.net has connected.
Sun Mar 28 14:03:43 2004 :: Tyrail has quit.
Sun Mar 28 14:03:46 2004 :: Sock.sinaddr:  68.99.148.39
Sun Mar 28 14:03:48 2004 :: Loading Lan.
Sun Mar 28 14:03:51 2004 :: Look out, Lan@ip68-99-148-39.mc.at.cox.net has connected.
Sun Mar 28 14:04:43 2004 :: Protous has quit.
Sun Mar 28 14:04:52 2004 :: Sock.sinaddr:  81.193.220.120
Sun Mar 28 14:04:53 2004 :: Loading Aeson.
Sun Mar 28 14:04:54 2004 :: Look out, Aeson@81.193.220.120 has connected.
Sun Mar 28 14:05:31 2004 :: Aeson has quit.
Sun Mar 28 14:05:36 2004 :: Sock.sinaddr:  81.193.220.120
Sun Mar 28 14:05:38 2004 :: Loading Faunos.
Sun Mar 28 14:05:38 2004 :: Look out, Faunos@81.193.220.120 has connected.
Sun Mar 28 14:06:28 2004 :: Brakum gained level 10
Sun Mar 28 14:07:38 2004 :: Sock.sinaddr:  81.193.162.9
Sun Mar 28 14:07:43 2004 :: Loading Elaron.
Sun Mar 28 14:07:43 2004 :: Tanween gained level 14
Sun Mar 28 14:07:47 2004 :: Closing link to Elaron.
Sun Mar 28 14:07:47 2004 :: Elaron@81.193.162.9 reconnected.
Sun Mar 28 14:11:44 2004 :: Lan has quit.
Sun Mar 28 14:11:46 2004 :: Sock.sinaddr:  68.99.148.39
Sun Mar 28 14:11:49 2004 :: Loading Tyrail.
Sun Mar 28 14:11:51 2004 :: Look out, Tyrail@ip68-99-148-39.mc.at.cox.net has connected.
Sun Mar 28 14:13:01 2004 :: Faunos has quit.
Sun Mar 28 14:14:52 2004 :: Sock.sinaddr:  81.193.220.120
Sun Mar 28 14:14:54 2004 :: Loading Faunos.
Sun Mar 28 14:14:54 2004 :: Look out, Faunos@81.193.220.120 has connected.
Sun Mar 28 14:15:12 2004 :: 81.193.220.120 input spamming!
Sun Mar 28 14:16:34 2004 :: Faunos has quit.
Sun Mar 28 14:18:11 2004 :: Crysella gained level 20
Sun Mar 28 14:23:18 2004 :: Sock.sinaddr:  68.99.148.39
Sun Mar 28 14:24:55 2004 :: Loading Tyrail.
Sun Mar 28 14:25:00 2004 :: Closing link to Tyrail.
Sun Mar 28 14:25:00 2004 :: Tyrail@ip68-99-148-39.mc.at.cox.net reconnected.
Sun Mar 28 14:25:01 2004 :: Sock.sinaddr:  81.193.217.97
Sun Mar 28 14:25:04 2004 :: Loading Kulox.
Sun Mar 28 14:25:04 2004 :: Look out, Kulox@81.193.217.97 has connected.
Sun Mar 28 14:29:37 2004 :: Crysella has quit.
Sun Mar 28 14:29:38 2004 :: Sock.sinaddr:  24.154.35.243
Sun Mar 28 14:29:42 2004 :: Loading Majere.
Sun Mar 28 14:29:43 2004 :: Look out, Majere@acs-24-154-35-243.zoominternet.net has connected.
Sun Mar 28 14:32:31 2004 :: Sock.sinaddr:  171.75.70.179
Read_from_descriptor: Connection reset by peer
Sun Mar 28 14:35:06 2004 :: Brakum has quit.
Sun Mar 28 14:35:22 2004 :: Sock.sinaddr:  81.193.220.120
Sun Mar 28 14:35:23 2004 :: Loading Faunos.
Sun Mar 28 14:35:24 2004 :: Look out, Faunos@81.193.220.120 has connected.
Sun Mar 28 14:36:55 2004 :: Sock.sinaddr:  81.193.61.135
Sun Mar 28 14:36:59 2004 :: Loading Brakum.
Sun Mar 28 14:37:01 2004 :: Look out, Brakum@adslsapo-b4-61-135.telepac.pt has connected.
Sun Mar 28 14:38:49 2004 :: Brakum has quit.
Sun Mar 28 14:38:50 2004 :: Sock.sinaddr:  81.193.61.135
Sun Mar 28 14:38:53 2004 :: Loading Solymr.
Sun Mar 28 14:38:55 2004 :: Look out, Solymr@adslsapo-b4-61-135.telepac.pt has connected.
Sun Mar 28 14:39:24 2004 :: Sock.sinaddr:  213.13.236.97
Sun Mar 28 14:39:25 2004 :: Loading Fenix.
Sun Mar 28 14:39:26 2004 :: Look out, Fenix@adslsapo-b3-236-97.telepac.pt has connected.
Sun Mar 28 14:39:56 2004 :: Sock.sinaddr:  81.193.164.127
Sun Mar 28 14:39:58 2004 :: Loading Celadon.
Sun Mar 28 14:39:59 2004 :: Look out, Celadon@81.193.164.127 has connected.
Sun Mar 28 14:41:07 2004 :: Sock.sinaddr:  81.193.48.181
Sun Mar 28 14:41:08 2004 :: Loading Adrastos.
Sun Mar 28 14:41:09 2004 :: Look out, Adrastos@adslsapo-b4-48-181.telepac.pt has connected.
Sun Mar 28 14:41:22 2004 :: Faunos gained level 12
Sun Mar 28 14:42:15 2004 :: Solymr has quit.
Sun Mar 28 14:42:17 2004 :: Sock.sinaddr:  81.193.61.135
Sun Mar 28 14:42:20 2004 :: Loading Damien.
Sun Mar 28 14:42:22 2004 :: Look out, Damien@adslsapo-b4-61-135.telepac.pt has connected.
Sun Mar 28 14:42:45 2004 :: Sock.sinaddr:  24.154.35.243
Sun Mar 28 14:42:50 2004 :: Loading Roman.
Sun Mar 28 14:42:51 2004 :: Look out, Roman@acs-24-154-35-243.zoominternet.net has connected.
Sun Mar 28 14:44:15 2004 :: Faunos has quit.
Sun Mar 28 14:44:21 2004 :: Sock.sinaddr:  81.193.220.120
Sun Mar 28 14:44:22 2004 :: Loading Shogum.
Sun Mar 28 14:44:23 2004 :: Look out, Shogum@81.193.220.120 has connected.
Sun Mar 28 14:44:40 2004 :: 81.193.220.120 input spamming!
Sun Mar 28 14:44:50 2004 :: Damien has quit.
Sun Mar 28 14:44:51 2004 :: Sock.sinaddr:  81.193.61.135
Sun Mar 28 14:44:54 2004 :: Loading Brakum.
Sun Mar 28 14:44:56 2004 :: Look out, Brakum@adslsapo-b4-61-135.telepac.pt has connected.
Sun Mar 28 14:46:13 2004 :: Tanween gained level 15
Sun Mar 28 14:46:49 2004 :: Yazeram has quit.
Sun Mar 28 14:46:53 2004 :: Sock.sinaddr:  81.84.78.24
Sun Mar 28 14:46:56 2004 :: Loading Storri.
Sun Mar 28 14:46:56 2004 :: Look out, Storri@a81-84-78-24.netcabo.pt has connected.
Sun Mar 28 14:47:02 2004 :: Sock.sinaddr:  69.19.182.151
Sun Mar 28 14:47:05 2004 :: Loading Diana.
Sun Mar 28 14:47:07 2004 :: Look out, Diana@host-69-19-182-151.rev.o1.com has connected.
Sun Mar 28 14:48:48 2004 :: Brakum has quit.
Sun Mar 28 14:49:57 2004 :: Log Majere: asperson diana look in can
Sun Mar 28 14:50:16 2004 :: Celadon has quit.
Sun Mar 28 14:50:20 2004 :: Sock.sinaddr:  81.193.164.127
Sun Mar 28 14:50:22 2004 :: Loading Pesmerga.
Sun Mar 28 14:50:22 2004 :: Look out, Pesmerga@81.193.164.127 has connected.
Sun Mar 28 14:51:53 2004 :: Diana has quit.
Sun Mar 28 14:52:58 2004 :: Kulox has quit.
Sun Mar 28 14:54:38 2004 :: Elaron has quit.
Sun Mar 28 14:57:41 2004 :: Shogum killed by Adrastos at 9466
Sun Mar 28 14:57:44 2004 :: 81.84.194.100 input spamming!
Sun Mar 28 14:58:43 2004 :: Tanween has quit.
Sun Mar 28 14:58:55 2004 :: Sock.sinaddr:  64.223.237.253
Sun Mar 28 14:59:00 2004 :: Loading Miramir.
Sun Mar 28 14:59:02 2004 :: Look out, Miramir@pool-64-223-237-253.port.east.verizon.net has connected.
Sun Mar 28 14:59:03 2004 :: Sock.sinaddr:  69.19.132.65
Sun Mar 28 14:59:08 2004 :: EOF encountered on read.
Sun Mar 28 15:02:19 2004 :: Sock.sinaddr:  69.19.128.197
Sun Mar 28 15:02:30 2004 :: Loading Tanween.
Sun Mar 28 15:02:33 2004 :: Look out, Tanween@host-69-19-128-197.rev.o1.com has connected.
Sun Mar 28 15:02:42 2004 :: EOF encountered on read.
Sun Mar 28 15:02:42 2004 :: Closing link to Adrastos.
Sun Mar 28 15:02:44 2004 :: Sock.sinaddr:  81.193.48.181
Sun Mar 28 15:02:46 2004 :: Loading Adrastos.
Sun Mar 28 15:02:46 2004 :: Adrastos@adslsapo-b4-48-181.telepac.pt reconnected.
Sun Mar 28 15:04:27 2004 :: Sock.sinaddr:  81.193.25.89
Sun Mar 28 15:04:30 2004 :: Loading Brakum.
Sun Mar 28 15:04:32 2004 :: Look out, Brakum@81.193.25.89 has connected.
Sun Mar 28 15:07:24 2004 :: [WARNING] Pesmerga gtells: vais mudando
Sun Mar 28 15:09:31 2004 :: Tattiana has quit.
Sun Mar 28 15:09:32 2004 :: Sock.sinaddr:  66.141.209.158
Sun Mar 28 15:09:37 2004 :: Loading Jetuliz.
Sun Mar 28 15:09:38 2004 :: Look out, Jetuliz@adsl-66-141-209-158.dsl.tulsok.swbell.net has connected.
Sun Mar 28 15:10:36 2004 :: Brakum gained level 11
Sun Mar 28 15:10:41 2004 :: Sock.sinaddr:  64.158.187.42
Sun Mar 28 15:10:48 2004 :: Loading Ralmus.
Sun Mar 28 15:10:48 2004 :: Look out, Ralmus@dialup-64.158.187.42.Dial1.NewYork1.Level3.net has connected.
Sun Mar 28 15:14:18 2004 :: Roman has quit.
Sun Mar 28 15:14:21 2004 :: Majere has quit.
Sun Mar 28 15:15:44 2004 :: Sock.sinaddr:  24.154.35.243
Sun Mar 28 15:15:49 2004 :: Loading Majere.
Sun Mar 28 15:15:50 2004 :: Look out, Majere@acs-24-154-35-243.zoominternet.net has connected.
Sun Mar 28 15:16:32 2004 :: Brakum has quit.
Sun Mar 28 15:16:33 2004 :: Sock.sinaddr:  81.193.25.89
Sun Mar 28 15:16:36 2004 :: Loading Solymr.
Sun Mar 28 15:16:39 2004 :: Look out, Solymr@81.193.25.89 has connected.
Sun Mar 28 15:18:16 2004 :: Sock.sinaddr:  65.56.193.247
Sun Mar 28 15:19:21 2004 :: Solymr has quit.
Sun Mar 28 15:19:21 2004 :: Majere has quit.
Sun Mar 28 15:19:22 2004 :: Sock.sinaddr:  81.193.25.89
Sun Mar 28 15:19:24 2004 :: Loading Brakum.
Sun Mar 28 15:19:26 2004 :: Look out, Brakum@81.193.25.89 has connected.
Sun Mar 28 15:20:34 2004 :: Sock.sinaddr:  81.84.11.161
Sun Mar 28 15:20:35 2004 :: Loading Sievel.
Sun Mar 28 15:20:36 2004 :: Look out, Sievel@a81-84-11-161.netcabo.pt has connected.
Sun Mar 28 15:20:50 2004 :: 81.193.220.120 input spamming!
Sun Mar 28 15:21:31 2004 :: Pendorilan@dialup-65.56.193.247.Dial1.Charlotte1.Level3.net new player.
Sun Mar 28 15:21:52 2004 :: Sock.sinaddr:  66.140.98.22
Sun Mar 28 15:21:56 2004 :: Loading Braum.
Sun Mar 28 15:21:57 2004 :: Look out, Braum@ppp-66-140-98-22.dialup.lbcktx.swbell.net has connected.
Sun Mar 28 15:22:46 2004 :: Brakum gained level 12
Sun Mar 28 15:24:21 2004 :: Braum has quit.
Sun Mar 28 15:24:24 2004 :: Sock.sinaddr:  66.140.98.22
Sun Mar 28 15:24:27 2004 :: Loading Gulthar.
Sun Mar 28 15:24:28 2004 :: Look out, Gulthar@ppp-66-140-98-22.dialup.lbcktx.swbell.net has connected.
Sun Mar 28 15:24:32 2004 :: EOF encountered on read.
Sun Mar 28 15:24:32 2004 :: Closing link to Fenix.
Sun Mar 28 15:24:54 2004 :: Sock.sinaddr:  213.13.236.97
Sun Mar 28 15:24:55 2004 :: Loading Fenix.
Sun Mar 28 15:24:56 2004 :: Fenix@adslsapo-b3-236-97.telepac.pt reconnected.
Sun Mar 28 15:25:07 2004 :: Sock.sinaddr:  204.209.44.14
Sun Mar 28 15:25:15 2004 :: EOF encountered on read.
Sun Mar 28 15:25:25 2004 :: Sock.sinaddr:  66.109.195.165
Sun Mar 28 15:25:43 2004 :: Brakum killed by a street cleaner at 953
Sun Mar 28 15:26:45 2004 :: Raeton@66-109-195-165.nocharge.com new player.
Read_from_descriptor: Connection reset by peer
Sun Mar 28 15:27:55 2004 :: Closing link to Raeton.
Sun Mar 28 15:27:57 2004 :: Sock.sinaddr:  66.109.195.165
Read_from_descriptor: Connection reset by peer
Sun Mar 28 15:28:26 2004 :: Closing link to Pendorilan.
Sun Mar 28 15:28:27 2004 :: Raeton@66-109-195-165.nocharge.com new player.
Sun Mar 28 15:28:51 2004 :: EOF encountered on read.
Sun Mar 28 15:28:51 2004 :: Closing link to Raeton.
Sun Mar 28 15:29:20 2004 :: Sock.sinaddr:  66.109.195.165
Sun Mar 28 15:30:02 2004 :: Raeton@66-109-195-165.nocharge.com new player.
Sun Mar 28 15:30:19 2004 :: EOF encountered on read.
Sun Mar 28 15:30:19 2004 :: Closing link to Raeton.
Sun Mar 28 15:31:27 2004 :: Sock.sinaddr:  66.109.195.165
Sun Mar 28 15:31:47 2004 :: Raeton@66-109-195-165.nocharge.com new player.
Sun Mar 28 15:31:49 2004 :: Sock.sinaddr:  81.193.25.89
Sun Mar 28 15:31:51 2004 :: Loading Damien.
Sun Mar 28 15:31:52 2004 :: Look out, Damien@81.193.25.89 has connected.
Sun Mar 28 15:32:05 2004 :: Damien has quit.
Sun Mar 28 15:34:29 2004 :: Gulthar has quit.
Sun Mar 28 15:34:31 2004 :: Sock.sinaddr:  66.140.98.22
Sun Mar 28 15:34:34 2004 :: Loading Braum.
Sun Mar 28 15:34:36 2004 :: Look out, Braum@ppp-66-140-98-22.dialup.lbcktx.swbell.net has connected.
Sun Mar 28 15:34:43 2004 :: EOF encountered on read.
Sun Mar 28 15:34:43 2004 :: Closing link to Raeton.
Sun Mar 28 15:35:26 2004 :: Tanween gained level 16
Sun Mar 28 15:35:33 2004 :: Braum has quit.
Sun Mar 28 15:36:51 2004 :: 81.193.220.120 input spamming!
Sun Mar 28 15:37:25 2004 :: Sock.sinaddr:  66.109.195.165
Sun Mar 28 15:37:29 2004 :: Loading Raeton.
Sun Mar 28 15:37:32 2004 :: Raeton@66-109-195-165.nocharge.com reconnected.
Sun Mar 28 15:41:29 2004 :: ip68-99-148-39.mc.at.cox.net input spamming!
Sun Mar 28 15:41:49 2004 :: ip68-99-148-39.mc.at.cox.net input spamming!
Sun Mar 28 15:42:03 2004 :: ip68-99-148-39.mc.at.cox.net input spamming!
Sun Mar 28 15:42:15 2004 :: Raeton killed by a chained criminal at 3716
Sun Mar 28 15:45:17 2004 :: Sock.sinaddr:  68.73.155.44
Sun Mar 28 15:45:21 2004 :: Loading Quile.
Sun Mar 28 15:45:23 2004 :: Look out, Quile@adsl-68-73-155-44.dsl.ipltin.ameritech.net has connected.
Sun Mar 28 15:47:58 2004 :: Raeton killed by a chained criminal at 3716
Sun Mar 28 15:50:58 2004 :: Ralmus has quit.
Read_from_descriptor: Connection reset by peer
Sun Mar 28 15:51:18 2004 :: Closing link to Tyrail.
Sun Mar 28 15:52:04 2004 :: Sock.sinaddr:  68.99.148.39
Sun Mar 28 15:52:06 2004 :: Loading Tyrail.
Sun Mar 28 15:52:07 2004 :: Tyrail@ip68-99-148-39.mc.at.cox.net reconnected.
Sun Mar 28 15:52:28 2004 :: Sock.sinaddr:  81.193.162.9
Sun Mar 28 15:52:31 2004 :: Tanween gained level 17
Sun Mar 28 15:52:31 2004 :: Brakum gained level 13
Sun Mar 28 15:52:37 2004 :: Loading Elaron.
Sun Mar 28 15:52:40 2004 :: Look out, Elaron@81.193.162.9 has connected.
Sun Mar 28 15:53:01 2004 :: Storri has quit.
Sun Mar 28 15:53:51 2004 :: 81.193.220.120 input spamming!
Sun Mar 28 15:54:28 2004 :: Raeton gained level 2
Sun Mar 28 15:54:38 2004 :: Elaron has quit.
Sun Mar 28 15:54:54 2004 :: Sock.sinaddr:  81.193.162.9
Sun Mar 28 15:54:58 2004 :: Loading Elaron.
Sun Mar 28 15:55:01 2004 :: Look out, Elaron@81.193.162.9 has connected.
Sun Mar 28 15:57:04 2004 :: Sock.sinaddr:  67.119.179.55
Sun Mar 28 15:57:13 2004 :: Raeton gained level 3
Sun Mar 28 15:57:14 2004 :: Loading Vilae.
Sun Mar 28 15:57:16 2004 :: Look out, Vilae@ppp-67-119-179-55.dialup.pltn13.pacbell.net has connected.
Sun Mar 28 15:58:20 2004 :: EOF encountered on read.
Sun Mar 28 15:58:20 2004 :: Closing link to Tanween.
Sun Mar 28 16:00:33 2004 :: Brakum has quit.
Sun Mar 28 16:01:14 2004 :: Adrastos has quit.
Sun Mar 28 16:01:17 2004 :: Shogum has quit.
Sun Mar 28 16:01:29 2004 :: Raeton gained level 4
Sun Mar 28 16:02:12 2004 :: Quile has quit.
Sun Mar 28 16:02:14 2004 :: Sock.sinaddr:  68.73.155.44
Sun Mar 28 16:02:19 2004 :: Loading Falix.
Sun Mar 28 16:02:20 2004 :: Look out, Falix@adsl-68-73-155-44.dsl.ipltin.ameritech.net has connected.
Sun Mar 28 16:05:00 2004 :: Sock.sinaddr:  67.76.3.113
Sun Mar 28 16:05:03 2004 :: Loading Hyperion.
Sun Mar 28 16:05:03 2004 :: Look out, Hyperion@user113.net1607.fl.sprint-hsd.net has connected.
Sun Mar 28 16:06:35 2004 :: Hyperion has quit.
Sun Mar 28 16:06:44 2004 :: Raeton gained level 5
Sun Mar 28 16:07:39 2004 :: Jetuliz gained level 36
Sun Mar 28 16:08:11 2004 :: [*****] BUG: Act: bad code 103.
Sun Mar 28 16:08:11 2004 :: [*****] BUG: Act: bad code 103.
Sun Mar 28 16:08:11 2004 :: Pesmerga gained level 81
Sun Mar 28 16:09:27 2004 :: Fenix has quit.
Sun Mar 28 16:09:49 2004 :: Sock.sinaddr:  193.136.33.194
Sun Mar 28 16:09:54 2004 :: Loading Somader.
Sun Mar 28 16:09:57 2004 :: Look out, Somader@aulas-a.fe.up.pt has connected.
Sun Mar 28 16:10:22 2004 :: [WARNING] Sievel replies to Vilae: well they are beasts quite huge. In the mud you dont get that idea but theyre kind of BIG
Sun Mar 28 16:11:21 2004 :: Somader has quit.
Sun Mar 28 16:11:59 2004 :: Sock.sinaddr:  193.136.33.194
Sun Mar 28 16:12:02 2004 :: Loading Somader.
Sun Mar 28 16:12:04 2004 :: Look out, Somader@aulas-a.fe.up.pt has connected.
Sun Mar 28 16:12:48 2004 :: Sock.sinaddr:  213.13.236.97
Sun Mar 28 16:12:50 2004 :: Loading Fenix.
Sun Mar 28 16:12:50 2004 :: Look out, Fenix@adslsapo-b3-236-97.telepac.pt has connected.
Sun Mar 28 16:13:33 2004 :: Miramir gained level 25
Sun Mar 28 16:13:39 2004 :: Raeton gained level 6
Sun Mar 28 16:14:15 2004 :: Log Raeton: devote paladine
Sun Mar 28 16:14:18 2004 :: Tanween has quit.
Sun Mar 28 16:14:59 2004 :: [WARNING] Fenix tells Somader: e eu tive direito a note e mudana d nome nem por isso :P
Sun Mar 28 16:15:45 2004 :: Fenix has quit.
Sun Mar 28 16:18:59 2004 :: Jetuliz has quit.
Sun Mar 28 16:19:01 2004 :: Sock.sinaddr:  66.141.209.158
Sun Mar 28 16:19:04 2004 :: Loading Tattiana.
Sun Mar 28 16:19:05 2004 :: Look out, Tattiana@adsl-66-141-209-158.dsl.tulsok.swbell.net has connected.
Sun Mar 28 16:19:58 2004 :: Sock.sinaddr:  64.158.187.42
Sun Mar 28 16:20:03 2004 :: Loading Ralmus.
Sun Mar 28 16:20:03 2004 :: Look out, Ralmus@dialup-64.158.187.42.Dial1.NewYork1.Level3.net has connected.
Sun Mar 28 16:21:10 2004 :: Sievel has quit.
Sun Mar 28 16:22:06 2004 :: Falix has quit.
Sun Mar 28 16:25:04 2004 :: Elaron killed by city guard at 17715
Sun Mar 28 16:27:46 2004 :: Pesmerga has quit.
Sun Mar 28 16:29:50 2004 :: Marlok has quit.
Sun Mar 28 16:30:22 2004 :: Sock.sinaddr:  81.84.194.100
Sun Mar 28 16:30:25 2004 :: Loading Zerix.
Sun Mar 28 16:30:25 2004 :: Look out, Zerix@81.84.194.100 has connected.
Sun Mar 28 16:30:29 2004 :: Tattiana has quit.
Sun Mar 28 16:30:34 2004 :: Sock.sinaddr:  66.141.209.158
Sun Mar 28 16:30:39 2004 :: Loading Tattiana.
Sun Mar 28 16:30:41 2004 :: EOF encountered on read.
Sun Mar 28 16:30:41 2004 :: Closing link to Tattiana.
Sun Mar 28 16:30:41 2004 :: Sock.sinaddr:  66.141.209.158
Sun Mar 28 16:30:46 2004 :: Loading Jetuliz.
Sun Mar 28 16:30:48 2004 :: Look out, Jetuliz@adsl-66-141-209-158.dsl.tulsok.swbell.net has connected.
Sun Mar 28 16:32:22 2004 :: Raeton has quit.
Sun Mar 28 16:33:00 2004 :: Zerix has quit.
Sun Mar 28 16:33:19 2004 :: Sock.sinaddr:  81.84.194.100
Sun Mar 28 16:33:21 2004 :: Loading Orpheus.
Sun Mar 28 16:33:21 2004 :: Look out, Orpheus@81.84.194.100 has connected.
Read_from_descriptor: Connection reset by peer
Sun Mar 28 16:34:09 2004 :: Closing link to Tyrail.
Sun Mar 28 16:35:43 2004 :: Orpheus has quit.
Sun Mar 28 16:36:53 2004 :: Sock.sinaddr:  68.99.148.39
Sun Mar 28 16:36:55 2004 :: Loading Tyrail.
Sun Mar 28 16:36:57 2004 :: Tyrail@ip68-99-148-39.mc.at.cox.net reconnected.
Sun Mar 28 16:47:59 2004 :: Sock.sinaddr:  65.100.127.11
Sun Mar 28 16:48:01 2004 :: Sock.sinaddr:  65.100.127.11
Sun Mar 28 16:48:04 2004 :: Loading Chislev.
Sun Mar 28 16:48:04 2004 :: Look out, Chislev@65-100-127-11.albq.qwest.net has connected.
Sun Mar 28 16:52:21 2004 :: Jetuliz gained level 37
Sun Mar 28 16:53:13 2004 :: Vilae has quit.
Sun Mar 28 16:53:16 2004 :: Sock.sinaddr:  67.119.179.55
Sun Mar 28 16:53:21 2004 :: Loading Aleksei.
Sun Mar 28 16:53:23 2004 :: Look out, Aleksei@ppp-67-119-179-55.dialup.pltn13.pacbell.net has connected.
Read_from_descriptor: Connection reset by peer
Sun Mar 28 16:54:08 2004 :: Closing link to Chislev.
Read_from_descriptor: Connection reset by peer
Sun Mar 28 16:57:17 2004 :: Sock.sinaddr:  65.100.127.11
Sun Mar 28 16:57:19 2004 :: Sock.sinaddr:  65.100.127.11
Sun Mar 28 16:57:21 2004 :: Loading Chislev.
Sun Mar 28 16:57:22 2004 :: Chislev@65-100-127-11.albq.qwest.net reconnected.
Sun Mar 28 16:59:35 2004 :: Log Chislev: string obj staff short {YGoldence {WLance{x
Sun Mar 28 16:59:54 2004 :: Log Chislev: string obj staff long A shining lance of highly polished gold has been discarded here.
Sun Mar 28 17:01:34 2004 :: Log Chislev: string obj staff long A lance made of highly polished gold, wrapped and melded with platinum and silver braces to provide strength, has been discarded here.
Sun Mar 28 17:01:41 2004 :: Log Chislev: string obj staff name golden lance
Sun Mar 28 17:01:51 2004 :: Log Chislev: string obj lance short {YGolden{W Lance{x
Sun Mar 28 17:02:17 2004 :: Chislev has quit.
Sun Mar 28 17:02:25 2004 :: aulas-a.fe.up.pt input spamming!
Sun Mar 28 17:02:29 2004 :: Tyrail has quit.
Sun Mar 28 17:04:27 2004 :: Sock.sinaddr:  213.106.201.16
Sun Mar 28 17:04:34 2004 :: Loading Sunder.
Sun Mar 28 17:04:36 2004 :: Elaron has quit.
Sun Mar 28 17:04:37 2004 :: Look out, Sunder@spc1-roch1-5-0-cust16.manc.broadband.ntl.com has connected.
Sun Mar 28 17:04:41 2004 :: Somader has quit.
Sun Mar 28 17:04:43 2004 :: Sock.sinaddr:  81.193.162.9
Sun Mar 28 17:04:47 2004 :: Loading Elaron.
Sun Mar 28 17:04:50 2004 :: Look out, Elaron@81.193.162.9 has connected.
Sun Mar 28 17:06:37 2004 :: Aleksei has quit.
Sun Mar 28 17:06:40 2004 :: Sock.sinaddr:  67.119.179.55
Sun Mar 28 17:06:45 2004 :: Loading Hrakal.
Sun Mar 28 17:06:47 2004 :: Look out, Hrakal@ppp-67-119-179-55.dialup.pltn13.pacbell.net has connected.
Sun Mar 28 17:07:27 2004 :: Hrakal has quit.
Sun Mar 28 17:07:30 2004 :: Sock.sinaddr:  67.119.179.55
Sun Mar 28 17:07:36 2004 :: Loading Aleksei.
Sun Mar 28 17:07:39 2004 :: Look out, Aleksei@ppp-67-119-179-55.dialup.pltn13.pacbell.net has connected.
Sun Mar 28 17:13:34 2004 :: Elaron has quit.
Sun Mar 28 17:17:35 2004 :: Sock.sinaddr:  65.100.127.11
Sun Mar 28 17:17:43 2004 :: Loading Chislev.
Sun Mar 28 17:17:43 2004 :: Look out, Chislev@65-100-127-11.albq.qwest.net has connected.
Read_from_descriptor: Connection reset by peer
Sun Mar 28 17:21:32 2004 :: Closing link to Chislev.
Sun Mar 28 17:24:41 2004 :: Sock.sinaddr:  65.100.127.11
Sun Mar 28 17:24:45 2004 :: Loading Chislev.
Sun Mar 28 17:24:45 2004 :: Chislev@65-100-127-11.albq.qwest.net reconnected.
Sun Mar 28 17:25:31 2004 :: Sock.sinaddr:  65.100.127.11
Sun Mar 28 17:25:36 2004 :: Loading Serie.
Sun Mar 28 17:25:36 2004 :: Look out, Serie@65-100-127-11.albq.qwest.net has connected.
Sun Mar 28 17:34:13 2004 :: Ralmus has quit.
Sun Mar 28 17:35:50 2004 :: Sock.sinaddr:  130.245.194.22
Sun Mar 28 17:36:34 2004 :: Loading Crysella.
Sun Mar 28 17:36:35 2004 :: Look out, Crysella@194-022.resnet.stonybrook.edu has connected.
Sun Mar 28 17:39:46 2004 :: Sock.sinaddr:  68.73.155.44
Sun Mar 28 17:39:55 2004 :: Loading Quile.
Sun Mar 28 17:39:57 2004 :: Look out, Quile@adsl-68-73-155-44.dsl.ipltin.ameritech.net has connected.
Sun Mar 28 17:44:27 2004 :: spc1-roch1-5-0-cust16.manc.broadband.ntl.com input spamming!
Sun Mar 28 17:45:27 2004 :: Sock.sinaddr:  66.140.98.209
Sun Mar 28 17:45:30 2004 :: Loading Braum.
Sun Mar 28 17:45:32 2004 :: Look out, Braum@ppp-66-140-98-209.dialup.lbcktx.swbell.net has connected.
Sun Mar 28 17:49:36 2004 :: spc1-roch1-5-0-cust16.manc.broadband.ntl.com input spamming!
Sun Mar 28 17:52:53 2004 :: Deirdrius gained level 47
Sun Mar 28 17:53:29 2004 :: Serie has quit.
Sun Mar 28 17:53:45 2004 :: Sock.sinaddr:  24.11.190.21
Sun Mar 28 17:53:49 2004 :: Loading Quakkat.
Sun Mar 28 17:53:51 2004 :: Look out, Quakkat@c-24-11-190-21.client.comcast.net has connected.
Sun Mar 28 17:54:07 2004 :: Sock.sinaddr:  65.100.127.11
Sun Mar 28 17:54:09 2004 :: Sock.sinaddr:  65.100.127.11
Sun Mar 28 17:54:16 2004 :: Loading Serie.
Sun Mar 28 17:54:16 2004 :: Look out, Serie@65-100-127-11.albq.qwest.net has connected.
Sun Mar 28 17:55:22 2004 :: Quakkat has quit.
Sun Mar 28 17:55:25 2004 :: Sock.sinaddr:  24.11.190.21
Sun Mar 28 17:55:27 2004 :: Loading Drathil.
Sun Mar 28 17:55:29 2004 :: Look out, Drathil@c-24-11-190-21.client.comcast.net has connected.
Sun Mar 28 17:56:42 2004 :: Sunder has quit.
Sun Mar 28 17:56:44 2004 :: Drathil has quit.
Sun Mar 28 18:01:54 2004 :: Jetuliz gained level 38
Sun Mar 28 18:16:44 2004 :: Sock.sinaddr:  66.90.229.241
Sun Mar 28 18:18:10 2004 :: Sock.sinaddr:  68.73.155.44
Sun Mar 28 18:18:21 2004 :: Loading Quile.
Sun Mar 28 18:18:24 2004 :: EOF encountered on read.
Sun Mar 28 18:18:24 2004 :: Closing link to Quile.
Sun Mar 28 18:18:28 2004 :: Quile@adsl-68-73-155-44.dsl.ipltin.ameritech.net reconnected.
Sun Mar 28 18:18:56 2004 :: Deks@66-90-229-241.dyn.grandenetworks.net new player.
Sun Mar 28 18:20:19 2004 :: Log Deks: delete
Sun Mar 28 18:20:20 2004 :: Log Deks: delete
Sun Mar 28 18:22:02 2004 :: Miramir gained level 26
Read_from_descriptor: Connection reset by peer
Sun Mar 28 18:22:29 2004 :: Closing link to Quile.
Sun Mar 28 18:22:32 2004 :: Sock.sinaddr:  68.73.155.44
Sun Mar 28 18:22:36 2004 :: Loading Quile.
Sun Mar 28 18:22:38 2004 :: Quile@adsl-68-73-155-44.dsl.ipltin.ameritech.net reconnected.
Sun Mar 28 18:24:33 2004 :: Sock.sinaddr:  68.99.148.39
Sun Mar 28 18:24:36 2004 :: Loading Tyrail.
Sun Mar 28 18:24:37 2004 :: Look out, Tyrail@ip68-99-148-39.mc.at.cox.net has connected.
Sun Mar 28 18:25:01 2004 :: Sock.sinaddr:  216.180.80.20
Read_from_descriptor: Connection reset by peer
Sun Mar 28 18:27:07 2004 :: Sock.sinaddr:  24.11.190.21
Sun Mar 28 18:27:10 2004 :: Loading Quakkat.
Sun Mar 28 18:27:12 2004 :: Look out, Quakkat@c-24-11-190-21.client.comcast.net has connected.
Sun Mar 28 18:27:58 2004 :: Quakkat has quit.
Sun Mar 28 18:29:56 2004 :: Sock.sinaddr:  193.136.33.194
Sun Mar 28 18:30:01 2004 :: Loading Somader.
Sun Mar 28 18:30:04 2004 :: Look out, Somader@aulas-a.fe.up.pt has connected.
Sun Mar 28 18:48:44 2004 :: Braum has quit.
Sun Mar 28 18:50:52 2004 :: Jetuliz gained level 39
Sun Mar 28 18:53:08 2004 :: Somader gained level 70
Sun Mar 28 18:53:36 2004 :: Crysella gained level 21
Sun Mar 28 18:56:53 2004 :: Sock.sinaddr:  69.19.128.183
Sun Mar 28 18:57:56 2004 :: Loading Tanween.
Sun Mar 28 18:57:57 2004 :: Look out, Tanween@host-69-19-128-183.rev.o1.com has connected.
Sun Mar 28 18:58:33 2004 :: Somader has quit.
Sun Mar 28 18:59:36 2004 :: Sock.sinaddr:  193.136.33.194
Sun Mar 28 18:59:38 2004 :: Loading Somader.
Sun Mar 28 18:59:39 2004 :: Look out, Somader@aulas-a.fe.up.pt has connected.
Sun Mar 28 19:00:11 2004 :: EOF encountered on read.
Sun Mar 28 19:00:11 2004 :: Closing link to Tanween.
Sun Mar 28 19:00:47 2004 :: Sock.sinaddr:  69.19.128.183
Sun Mar 28 19:00:52 2004 :: Loading Tanween.
Sun Mar 28 19:00:53 2004 :: Tanween@host-69-19-128-183.rev.o1.com reconnected.
Sun Mar 28 19:05:44 2004 :: aulas-a.fe.up.pt input spamming!
Sun Mar 28 19:06:35 2004 :: Sock.sinaddr:  67.76.3.113
Sun Mar 28 19:06:38 2004 :: Loading Hyperion.
Sun Mar 28 19:06:38 2004 :: Look out, Hyperion@user113.net1607.fl.sprint-hsd.net has connected.
Sun Mar 28 19:07:58 2004 :: Sock.sinaddr:  65.138.66.118
Sun Mar 28 19:08:01 2004 :: aulas-a.fe.up.pt input spamming!
Sun Mar 28 19:08:05 2004 :: Loading Matthew.
Sun Mar 28 19:08:07 2004 :: Look out, Matthew@0-1pool66-118.nas8.louisville1.ky.us.da.qwest.net has connected.
Read_from_descriptor: Connection reset by peer
Sun Mar 28 19:08:22 2004 :: Closing link to Matthew.
Sun Mar 28 19:08:22 2004 :: Tyrail has quit.
Sun Mar 28 19:09:44 2004 :: aulas-a.fe.up.pt input spamming!
Sun Mar 28 19:14:20 2004 :: Miramir has quit.
Sun Mar 28 19:18:06 2004 :: aulas-a.fe.up.pt input spamming!
Sun Mar 28 19:19:27 2004 :: aulas-a.fe.up.pt input spamming!
Sun Mar 28 19:19:37 2004 :: Somader has quit.
Sun Mar 28 19:22:16 2004 :: Aleksei has quit.
Sun Mar 28 19:22:20 2004 :: Sock.sinaddr:  67.119.179.55
Sun Mar 28 19:22:23 2004 :: Loading Vilae.
Sun Mar 28 19:22:26 2004 :: Look out, Vilae@ppp-67-119-179-55.dialup.pltn13.pacbell.net has connected.
Sun Mar 28 19:24:24 2004 :: Matthew has quit.
Sun Mar 28 19:26:26 2004 :: Hyperion has quit.
Sun Mar 28 19:42:39 2004 :: [WARNING] Crysella gtells: rotflol actually i'm not suppose to use it, it's something i use to use on the old mud
Sun Mar 28 19:42:49 2004 :: Jetuliz gained level 40
Sun Mar 28 19:43:08 2004 :: Sock.sinaddr:  66.140.98.162
Sun Mar 28 19:43:13 2004 :: Loading Braum.
Sun Mar 28 19:43:15 2004 :: Look out, Braum@ppp-66-140-98-162.dialup.lbcktx.swbell.net has connected.
Sun Mar 28 19:44:26 2004 :: Deirdrius gained level 48
Sun Mar 28 19:48:47 2004 :: Tanween gained level 18
Sun Mar 28 19:53:02 2004 :: Jetuliz has quit.
Sun Mar 28 19:53:23 2004 :: Crysella has quit.
Sun Mar 28 19:56:13 2004 :: Deirdrius has quit.
Sun Mar 28 20:00:54 2004 :: EOF encountered on read.
Sun Mar 28 20:00:54 2004 :: Closing link to Quile.
Read_from_descriptor: Connection reset by peer
Sun Mar 28 20:05:35 2004 :: Closing link to Serie.
Read_from_descriptor: Connection reset by peer
Read_from_descriptor: Connection reset by peer
Sun Mar 28 20:05:35 2004 :: Closing link to Chislev.
Sun Mar 28 20:17:00 2004 :: Quile has quit.
Sun Mar 28 20:17:30 2004 :: Tanween has quit.
Sun Mar 28 20:21:55 2004 :: Sock.sinaddr:  67.25.45.127
Sun Mar 28 20:21:58 2004 :: Loading Ralmus.
Sun Mar 28 20:21:58 2004 :: Look out, Ralmus@dialup-67.25.45.127.Dial1.NewYork1.Level3.net has connected.
Sun Mar 28 20:22:46 2004 :: Ralmus has quit.
Sun Mar 28 20:27:27 2004 :: Sock.sinaddr:  193.136.33.194
Sun Mar 28 20:27:31 2004 :: Loading Somader.
Sun Mar 28 20:27:31 2004 :: Braum gained level 48
Sun Mar 28 20:27:34 2004 :: Look out, Somader@aulas-a.fe.up.pt has connected.
Sun Mar 28 20:31:16 2004 :: Sock.sinaddr:  68.73.155.44
Sun Mar 28 20:31:23 2004 :: Loading Quile.
Sun Mar 28 20:31:25 2004 :: Look out, Quile@adsl-68-73-155-44.dsl.ipltin.ameritech.net has connected.
Sun Mar 28 20:31:28 2004 :: aulas-a.fe.up.pt input spamming!
Sun Mar 28 20:33:42 2004 :: aulas-a.fe.up.pt input spamming!
Sun Mar 28 20:33:48 2004 :: Quile has quit.
Sun Mar 28 20:33:51 2004 :: Sock.sinaddr:  68.73.155.44
Sun Mar 28 20:33:56 2004 :: Loading Falix.
Sun Mar 28 20:33:57 2004 :: Look out, Falix@adsl-68-73-155-44.dsl.ipltin.ameritech.net has connected.
Sun Mar 28 20:35:55 2004 :: aulas-a.fe.up.pt input spamming!
Sun Mar 28 20:37:27 2004 :: adsl-68-73-155-44.dsl.ipltin.ameritech.net input spamming!
Sun Mar 28 20:37:34 2004 :: adsl-68-73-155-44.dsl.ipltin.ameritech.net input spamming!
Sun Mar 28 20:38:34 2004 :: adsl-68-73-155-44.dsl.ipltin.ameritech.net input spamming!
Sun Mar 28 20:39:43 2004 :: aulas-a.fe.up.pt input spamming!
Sun Mar 28 20:39:54 2004 :: adsl-68-73-155-44.dsl.ipltin.ameritech.net input spamming!
Sun Mar 28 20:40:02 2004 :: adsl-68-73-155-44.dsl.ipltin.ameritech.net input spamming!
Sun Mar 28 20:40:10 2004 :: adsl-68-73-155-44.dsl.ipltin.ameritech.net input spamming!
Sun Mar 28 20:40:55 2004 :: adsl-68-73-155-44.dsl.ipltin.ameritech.net input spamming!
Sun Mar 28 20:41:36 2004 :: adsl-68-73-155-44.dsl.ipltin.ameritech.net input spamming!
Sun Mar 28 20:42:12 2004 :: adsl-68-73-155-44.dsl.ipltin.ameritech.net input spamming!
Sun Mar 28 20:42:26 2004 :: aulas-a.fe.up.pt input spamming!
Sun Mar 28 20:42:43 2004 :: adsl-68-73-155-44.dsl.ipltin.ameritech.net input spamming!
Sun Mar 28 20:42:51 2004 :: adsl-68-73-155-44.dsl.ipltin.ameritech.net input spamming!
Sun Mar 28 20:42:57 2004 :: adsl-68-73-155-44.dsl.ipltin.ameritech.net input spamming!
Sun Mar 28 20:43:03 2004 :: adsl-68-73-155-44.dsl.ipltin.ameritech.net input spamming!
Sun Mar 28 20:43:19 2004 :: adsl-68-73-155-44.dsl.ipltin.ameritech.net input spamming!
Sun Mar 28 20:43:31 2004 :: adsl-68-73-155-44.dsl.ipltin.ameritech.net input spamming!
Sun Mar 28 20:43:52 2004 :: Falix has quit.
Sun Mar 28 20:46:19 2004 :: Vilae has quit.
Sun Mar 28 20:47:21 2004 :: aulas-a.fe.up.pt input spamming!
Sun Mar 28 20:49:57 2004 :: Sock.sinaddr:  213.106.201.16
Sun Mar 28 20:50:01 2004 :: Loading Sunder.
Sun Mar 28 20:50:03 2004 :: Look out, Sunder@spc1-roch1-5-0-cust16.manc.broadband.ntl.com has connected.
Sun Mar 28 20:54:08 2004 :: Braum has quit.
Sun Mar 28 21:21:36 2004 :: Sock.sinaddr:  67.119.179.55
Sun Mar 28 21:21:43 2004 :: Loading Vilae.
Sun Mar 28 21:21:47 2004 :: Look out, Vilae@ppp-67-119-179-55.dialup.pltn13.pacbell.net has connected.
Sun Mar 28 21:34:02 2004 :: Sock.sinaddr:  67.25.45.127
Sun Mar 28 21:34:06 2004 :: Loading Ralmus.
Sun Mar 28 21:34:07 2004 :: Look out, Ralmus@dialup-67.25.45.127.Dial1.NewYork1.Level3.net has connected.
Sun Mar 28 21:36:37 2004 :: Sock.sinaddr:  64.40.55.183
Sun Mar 28 21:37:02 2004 :: Closing link to Paladine.
Sun Mar 28 21:37:10 2004 :: Sock.sinaddr:  64.40.55.183
Sun Mar 28 21:37:18 2004 :: Loading Kougyoku.
Sun Mar 28 21:37:20 2004 :: Look out, Kougyoku@64-40-55-183.ncplus.net has connected.
Sun Mar 28 21:37:55 2004 :: Kougyoku has quit.
Sun Mar 28 21:39:42 2004 :: Sock.sinaddr:  64.223.237.253
Sun Mar 28 21:40:02 2004 :: Loading Miramir.
Sun Mar 28 21:40:04 2004 :: Look out, Miramir@pool-64-223-237-253.port.east.verizon.net has connected.
Sun Mar 28 21:45:21 2004 :: Sock.sinaddr:  24.117.23.226
Sun Mar 28 21:45:26 2004 :: Loading Takhisis.
Sun Mar 28 21:45:28 2004 :: Look out, Takhisis@24-117-23-226.cpe.cableone.net has connected.
Sun Mar 28 21:47:26 2004 :: Sock.sinaddr:  24.117.23.226
Sun Mar 28 21:47:30 2004 :: Loading Sarven.
Sun Mar 28 21:47:34 2004 :: Look out, Sarven@24-117-23-226.cpe.cableone.net has connected.
Sun Mar 28 21:49:42 2004 :: EOF encountered on read.
Sun Mar 28 21:49:42 2004 :: Closing link to Vilae.
Sun Mar 28 21:49:49 2004 :: Sock.sinaddr:  67.119.179.55
Sun Mar 28 21:49:55 2004 :: Loading Aleksei.
Sun Mar 28 21:49:57 2004 :: Look out, Aleksei@ppp-67-119-179-55.dialup.pltn13.pacbell.net has connected.
Sun Mar 28 21:53:08 2004 :: Ralmus has quit.
Sun Mar 28 21:53:41 2004 :: Somader has quit.
Sun Mar 28 21:54:21 2004 :: Sunder has quit.
Sun Mar 28 21:57:42 2004 :: Sock.sinaddr:  67.119.179.39
Sun Mar 28 21:57:46 2004 :: Loading Aleksei.
Sun Mar 28 21:57:50 2004 :: Closing link to Aleksei.
Sun Mar 28 21:57:50 2004 :: Aleksei@ppp-67-119-179-39.dialup.pltn13.pacbell.net reconnected.
Sun Mar 28 22:01:15 2004 :: Sock.sinaddr:  67.25.45.127
Sun Mar 28 22:01:17 2004 :: Loading Ralmus.
Sun Mar 28 22:01:18 2004 :: Look out, Ralmus@dialup-67.25.45.127.Dial1.NewYork1.Level3.net has connected.
Sun Mar 28 22:03:37 2004 :: Sock.sinaddr:  64.40.55.183
Sun Mar 28 22:03:44 2004 :: Loading Paladine.
Sun Mar 28 22:03:47 2004 :: Look out, Paladine@64-40-55-183.ncplus.net has connected.
Sun Mar 28 22:04:12 2004 :: Log Paladine: gecho The MUD will be rebooting in 30 seconds. Please pick up all Tents or equipment off the ground.
Sun Mar 28 22:05:33 2004 :: Log Paladine: restore all
Sun Mar 28 22:05:35 2004 :: Log Paladine: force all save
Sun Mar 28 22:05:49 2004 :: Log Paladine: asave changed
Sun Mar 28 22:05:49 2004 :: Log Paladine: shutdown
Sun Mar 28 22:05:49 2004 :: Closing link to Paladine.
Sun Mar 28 22:05:49 2004 :: Closing link to Ralmus.
Sun Mar 28 22:05:49 2004 :: Closing link to Aleksei.
Sun Mar 28 22:05:49 2004 :: Closing link to Sarven.
Sun Mar 28 22:05:49 2004 :: Closing link to Takhisis.
Sun Mar 28 22:05:49 2004 :: Closing link to Miramir.
Sun Mar 28 22:05:50 2004 :: Normal termination of game.
