Mon Apr 12 02:08:15 2004 :: ROM is ready to rock on port 6100.
Mon Apr 12 02:08:23 2004 :: Sock.sinaddr:  137.110.38.123
Mon Apr 12 02:08:38 2004 :: Sock.sinaddr:  24.247.71.44
Mon Apr 12 02:08:41 2004 :: EOF encountered on read.
Mon Apr 12 02:08:42 2004 :: Sock.sinaddr:  137.110.38.123
Mon Apr 12 02:08:46 2004 :: Loading Hiddukel.
Mon Apr 12 02:08:47 2004 :: Look out, Hiddukel@24.247.71.44.up.mi.chartermi.net has connected.
Mon Apr 12 02:08:49 2004 :: Loading Johann.
Mon Apr 12 02:08:51 2004 :: Look out, Johann@kdherbst.extern.ucsd.edu has connected.
Mon Apr 12 02:09:18 2004 :: Sock.sinaddr:  193.136.33.200
Mon Apr 12 02:09:20 2004 :: Loading Draecan.
Mon Apr 12 02:09:21 2004 :: Look out, Draecan@aulas-i-p2.fe.up.pt has connected.
Mon Apr 12 02:09:52 2004 :: Sock.sinaddr:  81.84.10.2
Mon Apr 12 02:09:54 2004 :: Loading Sievel.
Mon Apr 12 02:09:55 2004 :: Look out, Sievel@a81-84-10-2.netcabo.pt has connected.
Mon Apr 12 02:21:46 2004 :: Sock.sinaddr:  35.12.20.61
Mon Apr 12 02:21:48 2004 :: Loading Gilean.
Mon Apr 12 02:21:48 2004 :: Look out, Gilean@pm730-09.dialip.mich.net has connected.
Mon Apr 12 02:28:13 2004 :: Hiddukel has quit.
Mon Apr 12 02:29:00 2004 :: Sievel has quit.
Mon Apr 12 02:33:28 2004 :: Log Gilean: slay drag
Mon Apr 12 02:33:32 2004 :: Johann gained level 16
Mon Apr 12 02:34:11 2004 :: Log Gilean: slay priestess
Mon Apr 12 02:42:14 2004 :: Johann has quit.
Mon Apr 12 02:42:52 2004 :: Sock.sinaddr:  203.82.85.99
Mon Apr 12 02:42:57 2004 :: EOF encountered on read.
Mon Apr 12 02:45:50 2004 :: Log Gilean: asave area
Mon Apr 12 02:56:05 2004 :: Sock.sinaddr:  35.12.20.61
Mon Apr 12 02:56:06 2004 :: Loading Astaria.
Mon Apr 12 02:56:06 2004 :: Look out, Astaria@pm730-09.dialip.mich.net has connected.
Mon Apr 12 03:17:44 2004 :: Sock.sinaddr:  81.84.10.2
Mon Apr 12 03:17:46 2004 :: Loading Sievel.
Mon Apr 12 03:17:46 2004 :: Look out, Sievel@a81-84-10-2.netcabo.pt has connected.
Mon Apr 12 03:20:23 2004 :: Sock.sinaddr:  81.193.22.34
Mon Apr 12 03:20:25 2004 :: Loading Shogum.
Mon Apr 12 03:20:25 2004 :: Look out, Shogum@adslsapo-b4-22-34.telepac.pt has connected.
Mon Apr 12 03:22:42 2004 :: Draecan has quit.
Mon Apr 12 03:22:45 2004 :: Sock.sinaddr:  193.136.33.200
Mon Apr 12 03:22:46 2004 :: Loading Draecan.
Mon Apr 12 03:22:46 2004 :: Look out, Draecan@aulas-i-p2.fe.up.pt has connected.
Mon Apr 12 03:23:27 2004 :: Draecan has quit.
Mon Apr 12 03:23:34 2004 :: Sock.sinaddr:  193.136.33.200
Mon Apr 12 03:23:36 2004 :: Loading Halig.
Mon Apr 12 03:23:36 2004 :: Look out, Halig@aulas-i-p2.fe.up.pt has connected.
Mon Apr 12 03:23:57 2004 :: Log Gilean: asave area
Mon Apr 12 03:25:43 2004 :: Log Gilean: purge
Mon Apr 12 03:25:54 2004 :: Log Gilean: load mob 17525
Mon Apr 12 03:26:15 2004 :: Log Gilean: asave area
Mon Apr 12 03:34:55 2004 :: [*****] BUG: Buffer overflow. Closing.

Write_to_descriptor: Resource temporarily unavailable
Mon Apr 12 03:34:55 2004 :: Closing link to Shogum.
Mon Apr 12 03:37:55 2004 :: Log Gilean: purge
Mon Apr 12 03:37:59 2004 :: Log Gilean: load mob 2600
Mon Apr 12 03:38:26 2004 :: Log Gilean: asave area
Mon Apr 12 03:39:49 2004 :: aulas-i-p2.fe.up.pt input spamming!
Mon Apr 12 03:42:05 2004 :: Astaria has quit.
Mon Apr 12 03:44:53 2004 :: Log Gilean: asave area
Mon Apr 12 03:45:01 2004 :: Log Gilean: purge
Mon Apr 12 03:45:22 2004 :: Log Gilean: load mob 3164
Mon Apr 12 03:48:15 2004 :: Shogum has quit.
Mon Apr 12 03:53:29 2004 :: Halig has quit.
Mon Apr 12 03:53:37 2004 :: Sock.sinaddr:  193.136.33.200
Mon Apr 12 03:53:38 2004 :: Loading Draecan.
Mon Apr 12 03:53:38 2004 :: Look out, Draecan@aulas-i-p2.fe.up.pt has connected.
Mon Apr 12 03:57:24 2004 :: Log Gilean: asave area
Mon Apr 12 03:58:00 2004 :: Log Gilean: restore draec
Mon Apr 12 03:58:04 2004 :: Log Gilean: restore sievel
Mon Apr 12 03:58:23 2004 :: Log Gilean: gecho G'night folks :)
Mon Apr 12 03:58:49 2004 :: Gilean has quit.
Mon Apr 12 04:48:02 2004 :: Sievel has quit.
Mon Apr 12 04:57:13 2004 :: Sock.sinaddr:  81.84.10.2
Mon Apr 12 04:57:15 2004 :: Loading Sievel.
Mon Apr 12 04:57:15 2004 :: Look out, Sievel@a81-84-10-2.netcabo.pt has connected.
Mon Apr 12 05:02:51 2004 :: a81-84-10-2.netcabo.pt input spamming!
Mon Apr 12 05:03:32 2004 :: Sock.sinaddr:  81.84.79.57
Mon Apr 12 05:03:39 2004 :: Loading Storri.
Mon Apr 12 05:03:40 2004 :: Look out, Storri@a81-84-79-57.netcabo.pt has connected.
Mon Apr 12 05:06:43 2004 :: Draecan has quit.
Mon Apr 12 05:06:51 2004 :: Sock.sinaddr:  193.136.33.200
Mon Apr 12 05:06:53 2004 :: Loading Halig.
Mon Apr 12 05:06:53 2004 :: Look out, Halig@aulas-i-p2.fe.up.pt has connected.
Mon Apr 12 05:12:59 2004 :: Sievel has quit.
Mon Apr 12 05:28:17 2004 :: Storri has quit.
Mon Apr 12 05:28:36 2004 :: Halig has quit.
Mon Apr 12 05:33:47 2004 :: Sock.sinaddr:  193.136.33.200
Mon Apr 12 05:33:55 2004 :: Loading Somader.
Mon Apr 12 05:33:55 2004 :: Look out, Somader@aulas-i-p2.fe.up.pt has connected.
Mon Apr 12 05:35:54 2004 :: Sock.sinaddr:  193.136.33.200
Mon Apr 12 05:36:46 2004 :: Loading Velhucius.
Mon Apr 12 05:36:49 2004 :: Look out, Velhucius@aulas-i-p2.fe.up.pt has connected.
Mon Apr 12 05:40:06 2004 :: aulas-i-p2.fe.up.pt input spamming!
Mon Apr 12 05:41:27 2004 :: aulas-i-p2.fe.up.pt input spamming!
Mon Apr 12 05:42:48 2004 :: aulas-i-p2.fe.up.pt input spamming!
Mon Apr 12 05:42:54 2004 :: aulas-i-p2.fe.up.pt input spamming!
Mon Apr 12 05:44:10 2004 :: aulas-i-p2.fe.up.pt input spamming!
Mon Apr 12 05:44:48 2004 :: aulas-i-p2.fe.up.pt input spamming!
Mon Apr 12 05:47:09 2004 :: aulas-i-p2.fe.up.pt input spamming!
Mon Apr 12 05:47:58 2004 :: Sock.sinaddr:  204.95.3.152
Mon Apr 12 05:48:01 2004 :: Loading Avari.
Mon Apr 12 05:48:02 2004 :: Look out, Avari@mper-ad152.gtcom.net has connected.
Mon Apr 12 05:49:06 2004 :: Avari has quit.
Mon Apr 12 05:51:05 2004 :: aulas-i-p2.fe.up.pt input spamming!
Mon Apr 12 05:52:37 2004 :: aulas-i-p2.fe.up.pt input spamming!
Mon Apr 12 05:53:58 2004 :: aulas-i-p2.fe.up.pt input spamming!
Mon Apr 12 05:55:19 2004 :: aulas-i-p2.fe.up.pt input spamming!
Mon Apr 12 05:57:33 2004 :: aulas-i-p2.fe.up.pt input spamming!
Mon Apr 12 05:59:11 2004 :: aulas-i-p2.fe.up.pt input spamming!
Mon Apr 12 06:04:30 2004 :: aulas-i-p2.fe.up.pt input spamming!
Mon Apr 12 06:05:51 2004 :: aulas-i-p2.fe.up.pt input spamming!
Mon Apr 12 06:06:09 2004 :: aulas-i-p2.fe.up.pt input spamming!
Mon Apr 12 06:07:13 2004 :: aulas-i-p2.fe.up.pt input spamming!
Mon Apr 12 06:07:59 2004 :: aulas-i-p2.fe.up.pt input spamming!
Mon Apr 12 06:09:28 2004 :: aulas-i-p2.fe.up.pt input spamming!
Mon Apr 12 06:11:00 2004 :: Sock.sinaddr:  68.73.152.248
Mon Apr 12 06:11:04 2004 :: Loading Falix.
Mon Apr 12 06:11:07 2004 :: Look out, Falix@adsl-68-73-152-248.dsl.ipltin.ameritech.net has connected.
Mon Apr 12 06:16:03 2004 :: aulas-i-p2.fe.up.pt input spamming!
Mon Apr 12 06:17:24 2004 :: aulas-i-p2.fe.up.pt input spamming!
Mon Apr 12 06:19:39 2004 :: aulas-i-p2.fe.up.pt input spamming!
Mon Apr 12 06:21:00 2004 :: aulas-i-p2.fe.up.pt input spamming!
Mon Apr 12 06:25:23 2004 :: Sock.sinaddr:  68.1.73.74
Mon Apr 12 06:25:27 2004 :: Sock.sinaddr:  193.136.33.200
Mon Apr 12 06:25:29 2004 :: Loading Xadaman.
Mon Apr 12 06:25:29 2004 :: Loading Kagorin.
Mon Apr 12 06:25:29 2004 :: Look out, Xadaman@aulas-i-p2.fe.up.pt has connected.
Mon Apr 12 06:25:30 2004 :: Look out, Kagorin@ip68-1-73-74.pn.at.cox.net has connected.
Mon Apr 12 06:25:55 2004 :: aulas-i-p2.fe.up.pt input spamming!
Mon Apr 12 06:26:03 2004 :: aulas-i-p2.fe.up.pt input spamming!
Mon Apr 12 06:27:16 2004 :: aulas-i-p2.fe.up.pt input spamming!
Mon Apr 12 06:27:55 2004 :: aulas-i-p2.fe.up.pt input spamming!
Mon Apr 12 06:29:43 2004 :: aulas-i-p2.fe.up.pt input spamming!
Mon Apr 12 06:33:28 2004 :: Sock.sinaddr:  81.84.79.57
Mon Apr 12 06:33:31 2004 :: Loading Storri.
Mon Apr 12 06:33:31 2004 :: Storri. Bad Password. IP: a81-84-79-57.netcabo.pt> rosamor76
Mon Apr 12 06:33:31 2004 :: Closing link to Storri.
Mon Apr 12 06:33:33 2004 :: Sock.sinaddr:  81.84.79.57
Mon Apr 12 06:33:36 2004 :: Loading Storri.
Mon Apr 12 06:33:37 2004 :: Look out, Storri@a81-84-79-57.netcabo.pt has connected.
Mon Apr 12 06:34:37 2004 :: Kagorin has quit.
Mon Apr 12 06:34:42 2004 :: Sock.sinaddr:  68.1.73.74
Mon Apr 12 06:34:45 2004 :: Loading Kagonir.
Mon Apr 12 06:34:47 2004 :: Look out, Kagonir@ip68-1-73-74.pn.at.cox.net has connected.
Mon Apr 12 06:36:25 2004 :: Kagonir has quit.
Mon Apr 12 06:36:30 2004 :: Sock.sinaddr:  68.1.73.74
Mon Apr 12 06:36:33 2004 :: Loading Kagorin.
Mon Apr 12 06:36:35 2004 :: Look out, Kagorin@ip68-1-73-74.pn.at.cox.net has connected.
Mon Apr 12 06:36:47 2004 :: Falix has quit.
Read_from_descriptor: Connection reset by peer
Mon Apr 12 06:38:24 2004 :: Closing link to Velhucius.
Read_from_descriptor: Connection reset by peer
Mon Apr 12 06:38:26 2004 :: Closing link to Somader.
Read_from_descriptor: Connection reset by peer
Mon Apr 12 06:40:22 2004 :: Closing link to Xadaman.
Mon Apr 12 06:54:44 2004 :: Somader has quit.
Mon Apr 12 06:55:29 2004 :: Velhucius has quit.
Mon Apr 12 06:56:15 2004 :: Xadaman has quit.
Mon Apr 12 06:58:31 2004 :: Sock.sinaddr:  68.73.152.248
Mon Apr 12 06:58:35 2004 :: Loading Falix.
Mon Apr 12 06:58:38 2004 :: Look out, Falix@adsl-68-73-152-248.dsl.ipltin.ameritech.net has connected.
Mon Apr 12 07:03:25 2004 :: Kagorin has quit.
Mon Apr 12 07:08:04 2004 :: Falix has quit.
Mon Apr 12 07:12:46 2004 :: Storri has quit.
Mon Apr 12 07:29:07 2004 :: Sock.sinaddr:  68.1.73.74
Mon Apr 12 07:29:12 2004 :: Loading Kagorin.
Mon Apr 12 07:29:19 2004 :: Look out, Kagorin@ip68-1-73-74.pn.at.cox.net has connected.
Mon Apr 12 07:35:19 2004 :: Kagorin has quit.
Mon Apr 12 07:35:24 2004 :: Sock.sinaddr:  68.1.73.74
Mon Apr 12 07:35:29 2004 :: Loading Kagonir.
Mon Apr 12 07:35:31 2004 :: Look out, Kagonir@ip68-1-73-74.pn.at.cox.net has connected.
Mon Apr 12 07:40:02 2004 :: Kagonir has quit.
Mon Apr 12 07:40:09 2004 :: Sock.sinaddr:  68.1.73.74
Mon Apr 12 07:40:12 2004 :: Loading Kagorin.
Mon Apr 12 07:40:13 2004 :: Look out, Kagorin@ip68-1-73-74.pn.at.cox.net has connected.
Mon Apr 12 07:49:04 2004 :: Sock.sinaddr:  193.136.33.200
Mon Apr 12 07:49:07 2004 :: Loading Xadaman.
Mon Apr 12 07:49:07 2004 :: Look out, Xadaman@aulas-i-p2.fe.up.pt has connected.
Mon Apr 12 07:52:06 2004 :: Sock.sinaddr:  193.136.33.200
Mon Apr 12 07:52:09 2004 :: Loading Xendrilah.
Mon Apr 12 07:52:10 2004 :: Look out, Xendrilah@aulas-i-p2.fe.up.pt has connected.
Mon Apr 12 07:52:58 2004 :: Kagorin has quit.
Mon Apr 12 07:53:13 2004 :: Xendrilah has quit.
Mon Apr 12 07:56:25 2004 :: Sock.sinaddr:  193.136.33.200
Mon Apr 12 07:56:28 2004 :: Loading Halig.
Mon Apr 12 07:56:28 2004 :: Look out, Halig@aulas-i-p2.fe.up.pt has connected.
Mon Apr 12 07:59:41 2004 :: Halig has quit.
Mon Apr 12 07:59:46 2004 :: Sock.sinaddr:  68.1.73.74
Mon Apr 12 07:59:50 2004 :: Loading Kagorin.
Mon Apr 12 07:59:51 2004 :: Look out, Kagorin@ip68-1-73-74.pn.at.cox.net has connected.
Mon Apr 12 08:04:14 2004 :: Xadaman has quit.
Mon Apr 12 08:12:41 2004 :: Sock.sinaddr:  193.136.33.200
Mon Apr 12 08:12:44 2004 :: Loading Somader.
Mon Apr 12 08:12:45 2004 :: Look out, Somader@aulas-i-p2.fe.up.pt has connected.
Mon Apr 12 08:12:55 2004 :: Sock.sinaddr:  193.136.33.200
Mon Apr 12 08:12:58 2004 :: Loading Velhucius.
Mon Apr 12 08:13:02 2004 :: Look out, Velhucius@aulas-i-p2.fe.up.pt has connected.
Mon Apr 12 08:13:03 2004 :: Sock.sinaddr:  213.106.201.16
Mon Apr 12 08:13:11 2004 :: Loading Bjorn.
Mon Apr 12 08:13:14 2004 :: Look out, Bjorn@spc1-roch1-5-0-cust16.manc.broadband.ntl.com has connected.
Mon Apr 12 08:14:39 2004 :: Bjorn has quit.
Mon Apr 12 08:14:40 2004 :: Sock.sinaddr:  213.106.201.16
Mon Apr 12 08:14:44 2004 :: Loading Sunder.
Mon Apr 12 08:14:47 2004 :: Look out, Sunder@spc1-roch1-5-0-cust16.manc.broadband.ntl.com has connected.
Mon Apr 12 08:16:31 2004 :: aulas-i-p2.fe.up.pt input spamming!
Mon Apr 12 08:16:33 2004 :: aulas-i-p2.fe.up.pt input spamming!
Mon Apr 12 08:17:53 2004 :: aulas-i-p2.fe.up.pt input spamming!
Mon Apr 12 08:17:53 2004 :: Sock.sinaddr:  24.154.35.243
Mon Apr 12 08:17:59 2004 :: Loading Majere.
Mon Apr 12 08:18:00 2004 :: Look out, Majere@acs-24-154-35-243.zoominternet.net has connected.
Mon Apr 12 08:18:09 2004 :: aulas-i-p2.fe.up.pt input spamming!
Mon Apr 12 08:18:26 2004 :: Majere has quit.
Mon Apr 12 08:19:29 2004 :: aulas-i-p2.fe.up.pt input spamming!
Mon Apr 12 08:21:09 2004 :: Kagorin has quit.
Mon Apr 12 08:21:14 2004 :: Sock.sinaddr:  68.1.73.74
Mon Apr 12 08:21:17 2004 :: Loading Kagorin.
Mon Apr 12 08:21:19 2004 :: Look out, Kagorin@ip68-1-73-74.pn.at.cox.net has connected.
Mon Apr 12 08:21:45 2004 :: aulas-i-p2.fe.up.pt input spamming!
Mon Apr 12 08:21:59 2004 :: Kagorin has quit.
Mon Apr 12 08:22:04 2004 :: Sock.sinaddr:  68.1.73.74
Mon Apr 12 08:22:51 2004 :: Kangor@ip68-1-73-74.pn.at.cox.net new player.
Mon Apr 12 08:23:46 2004 :: aulas-i-p2.fe.up.pt input spamming!
Mon Apr 12 08:29:40 2004 :: aulas-i-p2.fe.up.pt input spamming!
Mon Apr 12 08:32:03 2004 :: aulas-i-p2.fe.up.pt input spamming!
Mon Apr 12 08:32:53 2004 :: Sock.sinaddr:  68.1.73.74
Mon Apr 12 08:32:56 2004 :: Loading Kagorin.
Mon Apr 12 08:32:58 2004 :: Look out, Kagorin@ip68-1-73-74.pn.at.cox.net has connected.
Mon Apr 12 08:34:37 2004 :: aulas-i-p2.fe.up.pt input spamming!
Mon Apr 12 08:35:12 2004 :: aulas-i-p2.fe.up.pt input spamming!
Mon Apr 12 08:35:58 2004 :: aulas-i-p2.fe.up.pt input spamming!
Mon Apr 12 08:36:37 2004 :: aulas-i-p2.fe.up.pt input spamming!
Mon Apr 12 08:39:05 2004 :: Kagorin has quit.
Mon Apr 12 08:39:21 2004 :: Sock.sinaddr:  68.1.73.74
Mon Apr 12 08:39:52 2004 :: Sunder has quit.
Mon Apr 12 08:39:54 2004 :: Kagor@ip68-1-73-74.pn.at.cox.net new player.
Mon Apr 12 08:42:01 2004 :: Sock.sinaddr:  68.1.73.74
Mon Apr 12 08:42:20 2004 :: Kagor@ip68-1-73-74.pn.at.cox.net new player.
Mon Apr 12 08:49:35 2004 :: Sock.sinaddr:  193.136.33.200
Mon Apr 12 08:49:38 2004 :: Loading Storri.
Mon Apr 12 08:49:39 2004 :: Look out, Storri@aulas-i-p2.fe.up.pt has connected.
Mon Apr 12 08:49:55 2004 :: Sock.sinaddr:  193.136.33.200
Mon Apr 12 08:49:58 2004 :: Loading Halig.
Mon Apr 12 08:49:58 2004 :: Look out, Halig@aulas-i-p2.fe.up.pt has connected.
Mon Apr 12 08:52:21 2004 :: Sock.sinaddr:  193.136.33.200
Mon Apr 12 08:52:25 2004 :: Loading Nospheratus.
Mon Apr 12 08:52:25 2004 :: Look out, Nospheratus@aulas-i-p2.fe.up.pt has connected.
Mon Apr 12 08:53:02 2004 :: Somader has quit.
Mon Apr 12 08:53:47 2004 :: Velhucius has quit.
Mon Apr 12 08:54:15 2004 :: Sock.sinaddr:  68.1.73.74
Mon Apr 12 08:54:18 2004 :: Loading Kagorin.
Mon Apr 12 08:54:20 2004 :: Look out, Kagorin@ip68-1-73-74.pn.at.cox.net has connected.
Mon Apr 12 08:55:01 2004 :: Kagorin has quit.
Mon Apr 12 08:57:57 2004 :: Sock.sinaddr:  66.57.68.200
Mon Apr 12 09:07:04 2004 :: EOF encountered on read.
Mon Apr 12 09:07:04 2004 :: Closing link to Bahrin.
Mon Apr 12 09:07:08 2004 :: Sock.sinaddr:  66.57.68.200
Mon Apr 12 09:07:56 2004 :: EOF encountered on read.
Mon Apr 12 09:07:56 2004 :: Closing link to Tosh.
Mon Apr 12 09:07:57 2004 :: Sock.sinaddr:  66.57.68.200
Mon Apr 12 09:09:01 2004 :: Vanamir@rdu57-68-200.nc.rr.com new player.
Mon Apr 12 09:33:42 2004 :: Sock.sinaddr:  193.136.33.200
Mon Apr 12 09:33:49 2004 :: Sock.sinaddr:  193.136.33.200
Mon Apr 12 09:33:52 2004 :: Loading Somader.
Mon Apr 12 09:33:53 2004 :: Look out, Somader@aulas-i-p2.fe.up.pt has connected.
Mon Apr 12 09:35:17 2004 :: Loading Velhucius.
Mon Apr 12 09:35:19 2004 :: Look out, Velhucius@aulas-i-p2.fe.up.pt has connected.
Mon Apr 12 09:40:19 2004 :: Sock.sinaddr:  68.1.73.74
Mon Apr 12 09:40:29 2004 :: Loading Kagorin.
Mon Apr 12 09:40:30 2004 :: Look out, Kagorin@ip68-1-73-74.pn.at.cox.net has connected.
Mon Apr 12 09:41:12 2004 :: Kagorin has quit.
Mon Apr 12 09:43:37 2004 :: aulas-i-p2.fe.up.pt input spamming!
Mon Apr 12 09:44:05 2004 :: aulas-i-p2.fe.up.pt input spamming!
Mon Apr 12 09:45:06 2004 :: aulas-i-p2.fe.up.pt input spamming!
Mon Apr 12 09:46:19 2004 :: aulas-i-p2.fe.up.pt input spamming!
Mon Apr 12 09:48:09 2004 :: aulas-i-p2.fe.up.pt input spamming!
Mon Apr 12 09:48:15 2004 :: Sock.sinaddr:  193.136.33.200
Mon Apr 12 09:48:18 2004 :: Loading Xadaman.
Mon Apr 12 09:48:19 2004 :: Look out, Xadaman@aulas-i-p2.fe.up.pt has connected.
Mon Apr 12 09:48:40 2004 :: Sock.sinaddr:  165.121.137.130
Mon Apr 12 09:49:31 2004 :: aulas-i-p2.fe.up.pt input spamming!
Mon Apr 12 09:51:02 2004 :: Morganna@user-uinj2c2.dialup.mindspring.com new player.
Mon Apr 12 09:51:46 2004 :: Velhucius gained level 71
Mon Apr 12 09:53:21 2004 :: aulas-i-p2.fe.up.pt input spamming!
Mon Apr 12 09:54:35 2004 :: aulas-i-p2.fe.up.pt input spamming!
Mon Apr 12 09:54:40 2004 :: aulas-i-p2.fe.up.pt input spamming!
Mon Apr 12 09:56:34 2004 :: aulas-i-p2.fe.up.pt input spamming!
Mon Apr 12 09:57:03 2004 :: aulas-i-p2.fe.up.pt input spamming!
Mon Apr 12 09:59:46 2004 :: Sock.sinaddr:  68.1.73.74
Mon Apr 12 09:59:49 2004 :: Loading Kagorin.
Mon Apr 12 09:59:52 2004 :: Look out, Kagorin@ip68-1-73-74.pn.at.cox.net has connected.
Mon Apr 12 09:59:54 2004 :: Morganna gained level 2
Mon Apr 12 10:01:09 2004 :: Sock.sinaddr:  68.154.172.102
Mon Apr 12 10:01:13 2004 :: Loading Sebastian.
Mon Apr 12 10:01:13 2004 :: Look out, Sebastian@adsl-154-172-102.bna.bellsouth.net has connected.
Mon Apr 12 10:01:49 2004 :: Sock.sinaddr:  81.84.10.2
Mon Apr 12 10:01:53 2004 :: Loading Sievel.
Mon Apr 12 10:01:53 2004 :: Look out, Sievel@a81-84-10-2.netcabo.pt has connected.
Mon Apr 12 10:02:31 2004 :: Sebastian has quit.
Mon Apr 12 10:02:46 2004 :: aulas-i-p2.fe.up.pt input spamming!
Mon Apr 12 10:03:48 2004 :: Sock.sinaddr:  172.136.214.181
Mon Apr 12 10:03:51 2004 :: Loading Kuran.
Mon Apr 12 10:03:52 2004 :: Look out, Kuran@AC88D6B5.ipt.aol.com has connected.
Mon Apr 12 10:04:25 2004 :: aulas-i-p2.fe.up.pt input spamming!
Mon Apr 12 10:04:26 2004 :: Morganna gained level 3
Mon Apr 12 10:07:33 2004 :: aulas-i-p2.fe.up.pt input spamming!
Mon Apr 12 10:07:41 2004 :: Storri has quit.
Mon Apr 12 10:08:08 2004 :: Sock.sinaddr:  193.136.33.200
Mon Apr 12 10:08:11 2004 :: Loading Storri.
Mon Apr 12 10:08:12 2004 :: Look out, Storri@aulas-i-p2.fe.up.pt has connected.
Mon Apr 12 10:08:21 2004 :: Halig has quit.
Mon Apr 12 10:09:09 2004 :: aulas-i-p2.fe.up.pt input spamming!
Mon Apr 12 10:09:46 2004 :: Morganna gained level 4
Mon Apr 12 10:10:31 2004 :: aulas-i-p2.fe.up.pt input spamming!
Mon Apr 12 10:11:48 2004 :: [*****] BUG: Act: bad code 103.
Mon Apr 12 10:11:49 2004 :: Morganna gained level 5
Mon Apr 12 10:12:10 2004 :: Sock.sinaddr:  193.136.33.200
Mon Apr 12 10:12:13 2004 :: Loading Bobius.
Mon Apr 12 10:12:14 2004 :: Look out, Bobius@aulas-i-p2.fe.up.pt has connected.
Mon Apr 12 10:12:35 2004 :: Bobius has quit.
Mon Apr 12 10:12:41 2004 :: aulas-i-p2.fe.up.pt input spamming!
Mon Apr 12 10:12:55 2004 :: Xadaman has quit.
Mon Apr 12 10:12:56 2004 :: Velhucius has quit.
Mon Apr 12 10:13:00 2004 :: Somader has quit.
Mon Apr 12 10:20:09 2004 :: Morganna gained level 6
Mon Apr 12 10:27:53 2004 :: Sock.sinaddr:  66.141.211.167
Mon Apr 12 10:27:57 2004 :: Loading Tattiana.
Mon Apr 12 10:27:58 2004 :: Look out, Tattiana@adsl-66-141-211-167.dsl.tulsok.swbell.net has connected.
Mon Apr 12 10:28:51 2004 :: Kuran has quit.
Mon Apr 12 10:28:54 2004 :: Sock.sinaddr:  172.136.214.181
Mon Apr 12 10:28:59 2004 :: Loading Dreg.
Mon Apr 12 10:29:01 2004 :: Look out, Dreg@AC88D6B5.ipt.aol.com has connected.
Mon Apr 12 10:29:58 2004 :: Morganna killed by a mean troll at 935
Mon Apr 12 10:32:41 2004 :: Log Morganna: devote takhisis
Mon Apr 12 10:36:55 2004 :: Dreg gained level 30
Read_from_descriptor: Connection reset by peer
Mon Apr 12 10:43:15 2004 :: Closing link to Dreg.
Mon Apr 12 10:45:11 2004 :: Sock.sinaddr:  172.129.214.181
Mon Apr 12 10:45:16 2004 :: Loading Dreg.
Mon Apr 12 10:45:18 2004 :: Dreg@AC81D6B5.ipt.aol.com reconnected.
Mon Apr 12 10:45:27 2004 :: Morganna has quit.
Mon Apr 12 10:46:36 2004 :: Sock.sinaddr:  81.193.54.10
Mon Apr 12 10:46:39 2004 :: Loading Shogum.
Mon Apr 12 10:46:39 2004 :: Look out, Shogum@adslsapo-b4-54-10.telepac.pt has connected.
Mon Apr 12 10:46:53 2004 :: Dreg gained level 31
Mon Apr 12 10:50:45 2004 :: Kagorin gained level 34
Mon Apr 12 10:51:16 2004 :: aulas-i-p2.fe.up.pt input spamming!
Mon Apr 12 10:51:29 2004 :: Shogum has quit.
Mon Apr 12 10:51:37 2004 :: Sock.sinaddr:  81.193.54.10
Mon Apr 12 10:51:40 2004 :: Loading Aeson.
Mon Apr 12 10:51:40 2004 :: Look out, Aeson@adslsapo-b4-54-10.telepac.pt has connected.
Mon Apr 12 10:51:49 2004 :: aulas-i-p2.fe.up.pt input spamming!
Mon Apr 12 10:58:39 2004 :: Dreg gained level 32
Mon Apr 12 11:08:05 2004 :: Kagorin gained level 35
Mon Apr 12 11:14:06 2004 :: Dreg gained level 33
Mon Apr 12 11:14:39 2004 :: Sock.sinaddr:  24.247.71.44
Mon Apr 12 11:14:48 2004 :: Loading Hiddukel.
Mon Apr 12 11:14:49 2004 :: Look out, Hiddukel@24.247.71.44.up.mi.chartermi.net has connected.
Mon Apr 12 11:17:21 2004 :: Tattiana has quit.
Mon Apr 12 11:20:21 2004 :: Sock.sinaddr:  4.3.129.145
Mon Apr 12 11:20:26 2004 :: Loading Paladine.
Mon Apr 12 11:20:27 2004 :: Look out, Paladine@evrtwa1-ar12-4-3-129-145.evrtwa1.dsl-verizon.net has connected.
Mon Apr 12 11:25:31 2004 :: Kagorin gained level 36
Mon Apr 12 11:27:57 2004 :: Dreg gained level 34
Mon Apr 12 11:28:17 2004 :: Dreg has quit.
Mon Apr 12 11:29:16 2004 :: Sock.sinaddr:  69.19.128.164
Mon Apr 12 11:29:22 2004 :: Sock.sinaddr:  81.37.59.86
Mon Apr 12 11:29:27 2004 :: EOF encountered on read.
Mon Apr 12 11:29:29 2004 :: EOF encountered on read.
Mon Apr 12 11:29:41 2004 :: [WARNING] Sievel replies to Hiddukel: well may be another dumb question of those only I come up with but there was a pair of blue leather boots with one of the twisted beings. last night when i went to get a pair they werent there. I tried a second time later and they werent there again. im just asking if they have been removed from the mud
Mon Apr 12 11:30:13 2004 :: Sock.sinaddr:  69.19.132.241
Mon Apr 12 11:30:48 2004 :: Loading Tanween.
Mon Apr 12 11:30:49 2004 :: Look out, Tanween@host-69-19-132-241.rev.o1.com has connected.
Mon Apr 12 11:31:40 2004 :: Sock.sinaddr:  172.186.122.228
Mon Apr 12 11:31:51 2004 :: Loading Quanto.
Mon Apr 12 11:31:54 2004 :: Look out, Quanto@ACBA7AE4.ipt.aol.com has connected.
Mon Apr 12 11:37:02 2004 :: [WARNING] Kagorin replies to Tanween: might get on it later hard to find groups on this mud
Mon Apr 12 11:38:54 2004 :: Quanto has quit.
Mon Apr 12 11:41:52 2004 :: Log Tanween: devote takhisis
Mon Apr 12 11:42:42 2004 :: Log Kagorin: devote
Mon Apr 12 11:43:20 2004 :: Log Tanween: devote takhisis
Mon Apr 12 11:43:32 2004 :: Log Kagorin: devote
Mon Apr 12 11:43:38 2004 :: Log Tanween: devote takhisis
Mon Apr 12 11:44:53 2004 :: Nospheratus has quit.
Mon Apr 12 11:45:05 2004 :: Storri has quit.
Mon Apr 12 11:49:08 2004 :: Log Hiddukel: restore all
Mon Apr 12 11:51:15 2004 :: Log Paladine: noe
Mon Apr 12 11:51:20 2004 :: Hiddukel has quit.
Mon Apr 12 11:52:52 2004 :: [WARNING] Tanween replies to Kagorin: Not playing DBZ mud anymore?
Mon Apr 12 12:04:35 2004 :: Sock.sinaddr:  81.84.79.57
Mon Apr 12 12:04:41 2004 :: Loading Storri.
Mon Apr 12 12:04:41 2004 :: Look out, Storri@a81-84-79-57.netcabo.pt has connected.
Mon Apr 12 12:05:13 2004 :: a81-84-79-57.netcabo.pt input spamming!
Mon Apr 12 12:06:06 2004 :: EOF encountered on read.
Mon Apr 12 12:06:06 2004 :: Closing link to Tanween.
Mon Apr 12 12:06:11 2004 :: Sock.sinaddr:  69.19.132.241
Write_to_descriptor: Broken pipe
Write_to_descriptor: Broken pipe
Write_to_descriptor: Broken pipe
Write_to_descriptor: Broken pipe
Mon Apr 12 12:06:20 2004 :: EOF encountered on read.
Mon Apr 12 12:12:58 2004 :: Aeson has quit.
Mon Apr 12 12:13:04 2004 :: Sock.sinaddr:  81.193.54.10
Mon Apr 12 12:13:08 2004 :: Loading Shogum.
Mon Apr 12 12:13:09 2004 :: Look out, Shogum@adslsapo-b4-54-10.telepac.pt has connected.
Mon Apr 12 12:13:49 2004 :: Sock.sinaddr:  206.48.61.232
Mon Apr 12 12:16:43 2004 :: Seryu@pm3p53.cwdom.dm new player.
Mon Apr 12 12:17:46 2004 :: EOF encountered on read.
Mon Apr 12 12:17:46 2004 :: Closing link to Seryu.
Mon Apr 12 12:20:10 2004 :: Kagorin gained level 37
Mon Apr 12 12:22:11 2004 :: Tanween has quit.
Mon Apr 12 12:24:26 2004 :: Kagorin has quit.
Mon Apr 12 12:40:15 2004 :: Sock.sinaddr:  195.23.187.127
Mon Apr 12 12:40:19 2004 :: Loading Viriato.
Mon Apr 12 12:40:19 2004 :: Look out, Viriato@195-23-187-127.nr.ip.pt has connected.
Mon Apr 12 12:41:27 2004 :: Sock.sinaddr:  66.233.11.249
Mon Apr 12 12:41:32 2004 :: Loading Dekyos.
Mon Apr 12 12:41:33 2004 :: Look out, Dekyos@cdm-66-233-11-249.fayt.cox-internet.com has connected.
Mon Apr 12 12:43:24 2004 :: [WARNING] Shogum gtells: mudou :(,removi hoje e passou a ser helm
Mon Apr 12 12:44:04 2004 :: [WARNING] Sievel gtells: nao acho ke foi o hiddukel ke fez um copyover ao mud pa por a sala outra vez direito
Mon Apr 12 12:44:30 2004 :: [WARNING] Storri gtells: as masks mudaram ha muito tempo
Mon Apr 12 12:45:22 2004 :: Sock.sinaddr:  69.19.129.29
Mon Apr 12 12:45:41 2004 :: Loading Tanween.
Mon Apr 12 12:45:42 2004 :: Look out, Tanween@host-69-19-129-29.rev.o1.com has connected.
Mon Apr 12 12:48:19 2004 :: Tanween killed by a noble at 3266
Mon Apr 12 12:49:08 2004 :: Paladine has quit.
Mon Apr 12 12:50:45 2004 :: EOF encountered on read.
Mon Apr 12 12:50:45 2004 :: Closing link to Tanween.
Mon Apr 12 12:53:45 2004 :: Sock.sinaddr:  4.3.129.145
Mon Apr 12 12:53:49 2004 :: Loading Paladine.
Mon Apr 12 12:53:49 2004 :: Look out, Paladine@evrtwa1-ar12-4-3-129-145.evrtwa1.dsl-verizon.net has connected.
Mon Apr 12 12:53:49 2004 :: Sock.sinaddr:  35.12.18.56
Mon Apr 12 12:53:55 2004 :: Loading Gilean.
Mon Apr 12 12:53:55 2004 :: Look out, Gilean@pm676-04.dialip.mich.net has connected.
Mon Apr 12 12:55:36 2004 :: Log Gilean: trans dekyos
Mon Apr 12 12:55:42 2004 :: Log Paladine: snoop deky
Mon Apr 12 12:55:48 2004 :: Log Paladine: snoop self
Mon Apr 12 12:56:36 2004 :: Log Gilean: string obj glow torch light
Mon Apr 12 12:56:42 2004 :: Log Gilean: string obj glow name torch light
Mon Apr 12 12:56:57 2004 :: Log Gilean: string obj torch short A torch
Mon Apr 12 12:57:10 2004 :: Sock.sinaddr:  137.110.38.123
Mon Apr 12 12:57:16 2004 :: Loading Johann.
Mon Apr 12 12:57:19 2004 :: Look out, Johann@kdherbst.extern.ucsd.edu has connected.
Mon Apr 12 12:57:21 2004 :: Log Gilean: string obj torch long A simple torch lies burning on the ground.
Mon Apr 12 12:57:31 2004 :: Log Gilean: grab torch dek
Mon Apr 12 12:57:37 2004 :: Log Gilean: string obj torch short a torch
Mon Apr 12 12:58:08 2004 :: Sievel has quit.
Mon Apr 12 12:58:17 2004 :: Log Gilean: string obj cloak short an {DOnyx{x pendant
Mon Apr 12 12:58:27 2004 :: Log Gilean: string obj cloak name onyx pendant
Mon Apr 12 12:59:10 2004 :: Log Gilean: string obj pendant long An onyx pendant resembling the symbol of Hiddukel lies here on a leather string.
Mon Apr 12 13:00:58 2004 :: Log Gilean: string obj cloak name midnight cloak
Mon Apr 12 13:01:15 2004 :: Sock.sinaddr:  213.13.235.20
Mon Apr 12 13:01:18 2004 :: Loading Fenix.
Mon Apr 12 13:01:18 2004 :: Look out, Fenix@213.13.235.20 has connected.
Mon Apr 12 13:01:20 2004 :: Log Gilean: string obj cloak short a Cloak of {bMidnight{x
Mon Apr 12 13:02:06 2004 :: Log Gilean: string obj cloak long A black hooded cloak the color of midnight lies here on the ground.
Mon Apr 12 13:02:06 2004 :: Sock.sinaddr:  68.1.73.74
Mon Apr 12 13:02:19 2004 :: Loading Kagorin.
Mon Apr 12 13:02:21 2004 :: Look out, Kagorin@ip68-1-73-74.pn.at.cox.net has connected.
Mon Apr 12 13:02:46 2004 :: Sock.sinaddr:  199.0.63.141
Mon Apr 12 13:02:49 2004 :: Loading Darkahn.
Mon Apr 12 13:02:49 2004 :: Look out, Darkahn@lakepoint-cm-141.usa2net.net has connected.
Mon Apr 12 13:03:04 2004 :: Log Gilean: string obj robe name black leather cuirass
Mon Apr 12 13:03:48 2004 :: Log Gilean: string obj cuirass short ({WStudded{x) {DBlack Leather{x Cuirass
Mon Apr 12 13:05:12 2004 :: Shogum killed by Storri at 9421
Mon Apr 12 13:05:28 2004 :: Log Gilean: string obj cuirass A black studded leather cuirass lies here, altered to minimize noise.
Mon Apr 12 13:05:33 2004 :: Log Gilean: string obj cuirass long A black studded leather cuirass lies here, altered to minimize noise.
Mon Apr 12 13:06:49 2004 :: Log Gilean: string obj cloak name ebony crown
Mon Apr 12 13:06:51 2004 :: Tanween has quit.
Mon Apr 12 13:07:07 2004 :: Log Gilean: string obj crown short an {Debony{x crown
Mon Apr 12 13:07:53 2004 :: Log Gilean: string obj crown long An ebony crown lies here, bering the symbol of the DarkBloods.
Mon Apr 12 13:08:07 2004 :: Sock.sinaddr:  68.221.224.116
Mon Apr 12 13:08:22 2004 :: Log Gilean: string obj face name black paint
Mon Apr 12 13:08:39 2004 :: Log Gilean: string obj paint name black face paint
Mon Apr 12 13:09:06 2004 :: Log Gilean: string obj paint short {Dblack{x paint
Mon Apr 12 13:09:29 2004 :: Log Gilean: string obj paint long A bottle of black war-paint sits here.
Mon Apr 12 13:10:28 2004 :: Log Gilean: string obj leg name studded leather leggings
Mon Apr 12 13:10:53 2004 :: Johann gained level 17
Mon Apr 12 13:10:54 2004 :: Log Gilean: string obj leg short ({WStudded{x) {DBlack Leather{x leggings
Mon Apr 12 13:11:14 2004 :: Log Gilean: string obj leg long A pair of black studded leather leggings lie here on the ground.
Mon Apr 12 13:11:51 2004 :: Davin@adsl-221-224-116.pfn.bellsouth.net new player.
Mon Apr 12 13:12:03 2004 :: Log Gilean: string obj ankle name jet anklet
Mon Apr 12 13:12:37 2004 :: Log Gilean: string obj ankle short {D(hidden) Jet{x anklet
Mon Apr 12 13:13:14 2004 :: Log Gilean: string obj ankle long An anklet made of smooth, polished jet lies here forgotten.
Mon Apr 12 13:13:21 2004 :: Sock.sinaddr:  193.136.33.200
Mon Apr 12 13:13:26 2004 :: Loading Nospheratus.
Mon Apr 12 13:13:26 2004 :: Look out, Nospheratus@aulas-i-p2.fe.up.pt has connected.
Mon Apr 12 13:13:34 2004 :: Log Gilean: grab anklet dek
Mon Apr 12 13:13:56 2004 :: Log Gilean: string obj ankle short ({Dhidden{x){D Jet{x anklet
Mon Apr 12 13:14:24 2004 :: Log Gilean: string obj ankle name small knife sheath
Mon Apr 12 13:14:40 2004 :: Log Gilean: string obj sheath short a small knife sheath
Mon Apr 12 13:16:49 2004 :: Log Gilean: string obj sheath long A small boot sheath sits here, missing it's knife..
Mon Apr 12 13:17:38 2004 :: Log Gilean: string obj boots name black boots
Mon Apr 12 13:17:50 2004 :: Log Gilean: string obj boots short a pair of {Dblack{x boots
Mon Apr 12 13:19:24 2004 :: Log Gilean: string obj boots long A pair of black hard leather boots sit here, awaiting their owner.
Mon Apr 12 13:19:59 2004 :: Storri has quit.
Mon Apr 12 13:21:29 2004 :: Log Gilean: string obj vam name black leather bracers
Mon Apr 12 13:21:54 2004 :: Log Gilean: string obj bracers short ({WStudded{x) {DBlack Leather{x bracers
Mon Apr 12 13:22:19 2004 :: Log Gilean: string obj bracers long A pair of black studded leather bracers lie here.
Mon Apr 12 13:22:55 2004 :: Fenix has quit.
Mon Apr 12 13:23:06 2004 :: Viriato has quit.
Mon Apr 12 13:23:08 2004 :: Log Gilean: string obj back name multi weapon sheath
Mon Apr 12 13:23:31 2004 :: Log Gilean: string obj sheath short a Multipocketed weapon sheath
Mon Apr 12 13:23:34 2004 :: Darkahn has quit.
Mon Apr 12 13:24:38 2004 :: Log Gilean: string obj sheath long A large shoulder strap with several sheaths of varying sizes lies here.
Mon Apr 12 13:26:23 2004 :: Log Gilean: string obj shield name black buckler
Mon Apr 12 13:26:40 2004 :: Log Gilean: string obj buckler short a scorched {Dblack{x buckler
Mon Apr 12 13:27:35 2004 :: Log Gilean: string obj buckler long A small buckler lies here, scorched by fire.
Mon Apr 12 13:28:49 2004 :: Log Gilean: string obj belt name sword belt
Mon Apr 12 13:28:58 2004 :: Log Gilean: string obj belt short a sword belt
Mon Apr 12 13:29:45 2004 :: Log Gilean: string obj belt long A simple swordbelt and scabbard lie here on the ground.
Mon Apr 12 13:30:26 2004 :: Sock.sinaddr:  195.23.187.127
Mon Apr 12 13:30:30 2004 :: Loading Tuor.
Mon Apr 12 13:30:30 2004 :: Look out, Tuor@195-23-187-127.nr.ip.pt has connected.
Mon Apr 12 13:30:52 2004 :: Sock.sinaddr:  195.23.187.127
Mon Apr 12 13:30:57 2004 :: Loading Invictus.
Mon Apr 12 13:30:57 2004 :: Tuor has quit.
Mon Apr 12 13:30:57 2004 :: Look out, Invictus@195-23-187-127.nr.ip.pt has connected.
Mon Apr 12 13:31:11 2004 :: Log Gilean: string obj bracer name black opal bracelet
Mon Apr 12 13:32:07 2004 :: Log Gilean: string obj bracelet short a {Dblack opal{x bracelet
Mon Apr 12 13:32:33 2004 :: Log Gilean: string obj bracelet long A bracelet made from black opal lies here on the ground.
Mon Apr 12 13:34:04 2004 :: Log Gilean: string obj bracer name emerald bracelet
Mon Apr 12 13:34:25 2004 :: Log Gilean: string obj bracelet short an {Gemerald{x bracelet
Mon Apr 12 13:35:03 2004 :: Log Gilean: string obj bracelet long A small gold bracelet lies here, its chain fastened with emeralds.
Mon Apr 12 13:35:47 2004 :: Log Gilean: string obj orb name hematite shard
Mon Apr 12 13:36:29 2004 :: Log Gilean: string obj shard short a shard of {Dhematite{x
Mon Apr 12 13:37:16 2004 :: Kagorin gained level 38
Mon Apr 12 13:37:23 2004 :: Log Gilean: string obj shard long A shard of shiny black rock hovers here.
Mon Apr 12 13:37:57 2004 :: Invictus gained level 12
Mon Apr 12 13:38:21 2004 :: Log Gilean: grab tat dek
Mon Apr 12 13:38:24 2004 :: Davin killed by an escaped convict at 3721
Mon Apr 12 13:38:28 2004 :: Sock.sinaddr:  81.84.79.57
Mon Apr 12 13:38:33 2004 :: Loading Storri.
Mon Apr 12 13:38:33 2004 :: Look out, Storri@a81-84-79-57.netcabo.pt has connected.
Mon Apr 12 13:38:36 2004 :: Log Gilean: string obj tat name bloody scythe tattoo
Mon Apr 12 13:38:40 2004 :: Sock.sinaddr:  199.0.63.141
Mon Apr 12 13:38:44 2004 :: Loading Darkahn.
Mon Apr 12 13:38:45 2004 :: Look out, Darkahn@lakepoint-cm-141.usa2net.net has connected.
Mon Apr 12 13:39:00 2004 :: Log Gilean: string obj tat short a tattoo of a {RBloody Scythe{x
Mon Apr 12 13:39:02 2004 :: Paladine has quit.
Mon Apr 12 13:39:05 2004 :: a81-84-79-57.netcabo.pt input spamming!
Mon Apr 12 13:40:30 2004 :: Johann gained level 18
Mon Apr 12 13:41:09 2004 :: Log Gilean: string obj dagger name opal dagger
Mon Apr 12 13:41:30 2004 :: Log Gilean: string obj dagger short an {copal{x-handled dagger
Mon Apr 12 13:42:00 2004 :: Invictus has quit.
Mon Apr 12 13:42:25 2004 :: Log Gilean: string obj dagger long A simple dagger with an intricately carved opal handle lies here on the ground.
Mon Apr 12 13:42:59 2004 :: Sock.sinaddr:  82.154.32.251
Mon Apr 12 13:43:04 2004 :: Loading Adrastos.
Mon Apr 12 13:43:04 2004 :: Look out, Adrastos@82.154.32.251 has connected.
Mon Apr 12 13:44:04 2004 :: Davin killed by a chained criminal at 3716
Mon Apr 12 13:44:19 2004 :: Darkahn gained level 38
Mon Apr 12 13:44:22 2004 :: Sock.sinaddr:  68.221.224.116
Mon Apr 12 13:44:27 2004 :: Sock.sinaddr:  213.106.201.16
Mon Apr 12 13:44:32 2004 :: Loading Sunder.
Mon Apr 12 13:44:38 2004 :: Look out, Sunder@spc1-roch1-5-0-cust16.manc.broadband.ntl.com has connected.
Mon Apr 12 13:45:18 2004 :: Davin@adsl-221-224-116.pfn.bellsouth.net new player.
Mon Apr 12 13:45:26 2004 :: Log Gilean: string obj sword name bleeding copper short sword
Mon Apr 12 13:45:46 2004 :: Log Gilean: string obj sword short ({RBleeding{x) copper short sword
Mon Apr 12 13:45:47 2004 :: Sock.sinaddr:  81.193.220.23
Mon Apr 12 13:45:52 2004 :: Loading Adrastos.
Mon Apr 12 13:45:54 2004 :: Closing link to Adrastos.
Mon Apr 12 13:45:54 2004 :: Adrastos@81.193.220.23 reconnected.
Mon Apr 12 13:46:25 2004 :: Sunder has quit.
Mon Apr 12 13:46:27 2004 :: Sock.sinaddr:  213.106.201.16
Mon Apr 12 13:46:40 2004 :: Loading Thrax.
Mon Apr 12 13:46:43 2004 :: Look out, Thrax@spc1-roch1-5-0-cust16.manc.broadband.ntl.com has connected.
Mon Apr 12 13:47:12 2004 :: Log Gilean: string obj sword long A strange looking short sword lies here, constantly dripping blood.
Mon Apr 12 13:49:50 2004 :: Davin killed by a chained criminal at 3716
Mon Apr 12 13:49:53 2004 :: Log Gilean: asave area
Mon Apr 12 13:54:26 2004 :: Sock.sinaddr:  35.12.18.56
Mon Apr 12 13:54:31 2004 :: Loading Kaillen.
Mon Apr 12 13:54:31 2004 :: Look out, Kaillen@pm676-04.dialip.mich.net has connected.
Mon Apr 12 13:54:41 2004 :: Log Gilean: trans kaillen
Mon Apr 12 13:55:47 2004 :: Log Gilean: trans kaillen
Mon Apr 12 13:55:50 2004 :: Kaillen has quit.
Mon Apr 12 13:55:53 2004 :: Sock.sinaddr:  66.122.5.225
Mon Apr 12 13:55:58 2004 :: Loading Cheekin.
Mon Apr 12 13:56:01 2004 :: Look out, Cheekin@adsl-66-122-5-225.dsl.bkfd14.pacbell.net has connected.
Mon Apr 12 13:56:17 2004 :: Cheekin has quit.
Mon Apr 12 13:58:16 2004 :: Gilean has quit.
Mon Apr 12 13:58:21 2004 :: Sock.sinaddr:  35.12.18.56
Mon Apr 12 13:58:26 2004 :: Loading Kaillen.
Mon Apr 12 13:58:26 2004 :: Look out, Kaillen@pm676-04.dialip.mich.net has connected.
Mon Apr 12 13:58:39 2004 :: Johann has quit.
Mon Apr 12 13:58:52 2004 :: Log Thrax: delete
Mon Apr 12 13:58:56 2004 :: Log Thrax: delete
Mon Apr 12 13:59:20 2004 :: Sock.sinaddr:  213.106.201.16
Mon Apr 12 13:59:32 2004 :: Loading Jayce.
Mon Apr 12 13:59:35 2004 :: Look out, Jayce@spc1-roch1-5-0-cust16.manc.broadband.ntl.com has connected.
Mon Apr 12 14:00:02 2004 :: Sock.sinaddr:  81.84.86.89
Mon Apr 12 14:00:21 2004 :: Loading Legato.
Mon Apr 12 14:00:23 2004 :: Look out, Legato@a81-84-86-89.netcabo.pt has connected.
Mon Apr 12 14:01:03 2004 :: EOF encountered on read.
Mon Apr 12 14:01:03 2004 :: Closing link to Legato.
Mon Apr 12 14:01:18 2004 :: Sock.sinaddr:  81.84.86.89
Mon Apr 12 14:01:23 2004 :: Loading Legato.
Mon Apr 12 14:01:24 2004 :: Legato@a81-84-86-89.netcabo.pt reconnected.
Mon Apr 12 14:01:31 2004 :: Legato has quit.
Read_from_descriptor: Connection reset by peer
Mon Apr 12 14:04:24 2004 :: Closing link to Kaillen.
Mon Apr 12 14:04:45 2004 :: Log Jayce: delete
Mon Apr 12 14:04:47 2004 :: Log Jayce: delete
Mon Apr 12 14:05:06 2004 :: Sock.sinaddr:  213.106.201.16
Mon Apr 12 14:05:12 2004 :: Loading Rhynce.
Mon Apr 12 14:05:15 2004 :: Look out, Rhynce@spc1-roch1-5-0-cust16.manc.broadband.ntl.com has connected.
Mon Apr 12 14:10:20 2004 :: Log Rhynce: delete
Mon Apr 12 14:10:23 2004 :: Log Rhynce: delete
Mon Apr 12 14:10:46 2004 :: Sock.sinaddr:  213.106.201.16
Mon Apr 12 14:10:53 2004 :: Loading Talen.
Mon Apr 12 14:10:56 2004 :: Look out, Talen@spc1-roch1-5-0-cust16.manc.broadband.ntl.com has connected.
Mon Apr 12 14:13:46 2004 :: Log Talen: delete
Mon Apr 12 14:13:47 2004 :: Log Talen: delete
Mon Apr 12 14:14:09 2004 :: Sock.sinaddr:  213.106.201.16
Mon Apr 12 14:14:20 2004 :: Loading Elessar.
Mon Apr 12 14:14:23 2004 :: Look out, Elessar@spc1-roch1-5-0-cust16.manc.broadband.ntl.com has connected.
Mon Apr 12 14:15:37 2004 :: Log Elessar: delete
Mon Apr 12 14:15:39 2004 :: Log Elessar: delete
Mon Apr 12 14:15:51 2004 :: Sock.sinaddr:  213.106.201.16
Mon Apr 12 14:16:04 2004 :: Closing link to Lekar.
Mon Apr 12 14:16:10 2004 :: Sock.sinaddr:  213.106.201.16
Mon Apr 12 14:16:30 2004 :: Closing link to Lekar.
Mon Apr 12 14:16:47 2004 :: Adrastos has quit.
Mon Apr 12 14:16:53 2004 :: Sock.sinaddr:  81.193.220.23
Mon Apr 12 14:16:58 2004 :: Loading Kostadinov.
Mon Apr 12 14:16:58 2004 :: Look out, Kostadinov@81.193.220.23 has connected.
Mon Apr 12 14:19:46 2004 :: Sock.sinaddr:  24.154.35.243
Mon Apr 12 14:19:51 2004 :: Loading Majere.
Mon Apr 12 14:19:51 2004 :: Look out, Majere@acs-24-154-35-243.zoominternet.net has connected.
Mon Apr 12 14:19:52 2004 :: Nospheratus gained level 98
Mon Apr 12 14:22:49 2004 :: Sock.sinaddr:  213.106.201.16
Mon Apr 12 14:24:39 2004 :: Serroda@spc1-roch1-5-0-cust16.manc.broadband.ntl.com new player.
Mon Apr 12 14:27:05 2004 :: Darkahn gained level 39
Mon Apr 12 14:28:51 2004 :: Kagorin gained level 39
Mon Apr 12 14:35:05 2004 :: Serroda gained level 2
Mon Apr 12 14:35:16 2004 :: Kagorin has quit.
Mon Apr 12 14:37:22 2004 :: Darkahn has quit.
Mon Apr 12 14:37:53 2004 :: Dekyos has quit.
Mon Apr 12 14:41:54 2004 :: Sock.sinaddr:  199.0.63.141
Mon Apr 12 14:41:58 2004 :: Loading Darkahn.
Mon Apr 12 14:41:59 2004 :: Look out, Darkahn@lakepoint-cm-141.usa2net.net has connected.
Mon Apr 12 14:42:09 2004 :: Nospheratus has quit.
Mon Apr 12 14:52:26 2004 :: Shogum has quit.
Mon Apr 12 14:52:30 2004 :: Storri has quit.
Mon Apr 12 14:52:46 2004 :: Darkahn has quit.
Mon Apr 12 14:57:31 2004 :: Serroda gained level 3
Mon Apr 12 15:01:25 2004 :: Serroda gained level 4
Mon Apr 12 15:03:17 2004 :: Majere has quit.
Mon Apr 12 15:03:47 2004 :: Serroda killed by the wolf at 3753
Mon Apr 12 15:08:35 2004 :: 81.193.220.23 input spamming!
Mon Apr 12 15:09:12 2004 :: Sock.sinaddr:  199.0.63.141
Mon Apr 12 15:09:16 2004 :: Loading Darkahn.
Mon Apr 12 15:09:17 2004 :: Look out, Darkahn@lakepoint-cm-141.usa2net.net has connected.
Mon Apr 12 15:11:48 2004 :: 81.193.220.23 input spamming!
Mon Apr 12 15:16:48 2004 :: 81.193.220.23 input spamming!
Mon Apr 12 15:17:14 2004 :: Sock.sinaddr:  137.110.38.123
Mon Apr 12 15:18:14 2004 :: 81.193.220.23 input spamming!
Mon Apr 12 15:19:10 2004 :: Loading Johann.
Mon Apr 12 15:19:13 2004 :: Look out, Johann@kdherbst.extern.ucsd.edu has connected.
Mon Apr 12 15:19:35 2004 :: 81.193.220.23 input spamming!
Mon Apr 12 15:20:57 2004 :: 81.193.220.23 input spamming!
Mon Apr 12 15:23:31 2004 :: EOF encountered on read.
Mon Apr 12 15:23:31 2004 :: Closing link to Darkahn.
Mon Apr 12 15:25:41 2004 :: 81.193.220.23 input spamming!
Mon Apr 12 15:27:02 2004 :: 81.193.220.23 input spamming!
Mon Apr 12 15:28:27 2004 :: Johann has quit.
Mon Apr 12 15:29:22 2004 :: 81.193.220.23 input spamming!
Mon Apr 12 15:29:34 2004 :: Sock.sinaddr:  199.0.63.141
Mon Apr 12 15:29:39 2004 :: Loading Darkahn.
Mon Apr 12 15:29:40 2004 :: Darkahn@lakepoint-cm-141.usa2net.net reconnected.
Mon Apr 12 15:30:12 2004 :: Serroda gained level 5
Mon Apr 12 15:32:00 2004 :: Serroda gained level 6
Mon Apr 12 15:33:48 2004 :: 81.193.220.23 input spamming!
Mon Apr 12 15:35:45 2004 :: Serroda killed by the wolf at 3754
Mon Apr 12 15:37:03 2004 :: Sock.sinaddr:  81.84.10.2
Mon Apr 12 15:37:08 2004 :: Loading Sievel.
Mon Apr 12 15:37:09 2004 :: Look out, Sievel@a81-84-10-2.netcabo.pt has connected.
Mon Apr 12 15:37:48 2004 :: Sievel has quit.
Mon Apr 12 15:37:54 2004 :: Darkahn has quit.
Mon Apr 12 15:37:55 2004 :: 81.193.220.23 input spamming!
Mon Apr 12 15:42:38 2004 :: Kostadinov has quit.
Mon Apr 12 15:47:57 2004 :: Sock.sinaddr:  81.193.220.23
Mon Apr 12 15:48:04 2004 :: Loading Kostadinov.
Mon Apr 12 15:48:04 2004 :: Look out, Kostadinov@81.193.220.23 has connected.
Mon Apr 12 15:49:18 2004 :: Serroda gained level 7
Mon Apr 12 15:50:18 2004 :: 81.193.220.23 input spamming!
Mon Apr 12 15:50:45 2004 :: Sock.sinaddr:  68.73.152.248
Mon Apr 12 15:50:51 2004 :: Loading Falix.
Mon Apr 12 15:50:51 2004 :: Kostadinov has quit.
Mon Apr 12 15:50:52 2004 :: Look out, Falix@adsl-68-73-152-248.dsl.ipltin.ameritech.net has connected.
Mon Apr 12 15:52:39 2004 :: Serroda gained level 8
Mon Apr 12 15:52:45 2004 :: Sock.sinaddr:  81.84.10.2
Mon Apr 12 15:52:52 2004 :: Loading Sievel.
Mon Apr 12 15:52:53 2004 :: Look out, Sievel@a81-84-10-2.netcabo.pt has connected.
Mon Apr 12 15:53:44 2004 :: Sievel has quit.
Mon Apr 12 15:55:59 2004 :: Sock.sinaddr:  81.193.54.10
Mon Apr 12 15:56:07 2004 :: Sock.sinaddr:  213.22.158.157
Mon Apr 12 15:56:07 2004 :: Loading Shogum.
Mon Apr 12 15:56:14 2004 :: Loading Xadaman.
Mon Apr 12 15:56:14 2004 :: Look out, Shogum@81.193.54.10 has connected.
Mon Apr 12 15:56:15 2004 :: Look out, Xadaman@a213-22-158-157.netcabo.pt has connected.
Mon Apr 12 15:58:51 2004 :: Falix has quit.
Mon Apr 12 16:00:01 2004 :: Serroda killed by a wild dog at 3050
Mon Apr 12 16:00:02 2004 :: Shogum has quit.
Mon Apr 12 16:00:09 2004 :: Sock.sinaddr:  81.193.54.10
Mon Apr 12 16:00:15 2004 :: Loading Demosthenes.
Mon Apr 12 16:00:15 2004 :: Look out, Demosthenes@81.193.54.10 has connected.
Mon Apr 12 16:02:37 2004 :: Demosthenes has quit.
Mon Apr 12 16:02:42 2004 :: Sock.sinaddr:  81.193.54.10
Mon Apr 12 16:02:47 2004 :: Loading Aeson.
Mon Apr 12 16:02:48 2004 :: Look out, Aeson@81.193.54.10 has connected.
Mon Apr 12 16:03:47 2004 :: Sock.sinaddr:  81.84.10.2
Mon Apr 12 16:03:53 2004 :: Loading Sievel.
Mon Apr 12 16:03:53 2004 :: Look out, Sievel@a81-84-10-2.netcabo.pt has connected.
Mon Apr 12 16:05:36 2004 :: Aeson has quit.
Mon Apr 12 16:06:23 2004 :: Sock.sinaddr:  81.193.54.10
Mon Apr 12 16:06:29 2004 :: Loading Shogum.
Mon Apr 12 16:06:29 2004 :: Look out, Shogum@81.193.54.10 has connected.
Mon Apr 12 16:07:00 2004 :: Serroda has quit.
Mon Apr 12 16:07:03 2004 :: Sock.sinaddr:  213.106.201.16
Mon Apr 12 16:07:10 2004 :: Loading Sunder.
Mon Apr 12 16:07:12 2004 :: Look out, Sunder@spc1-roch1-5-0-cust16.manc.broadband.ntl.com has connected.
Mon Apr 12 16:07:54 2004 :: Sock.sinaddr:  65.31.51.3
Mon Apr 12 16:08:12 2004 :: Loading Marka.
Mon Apr 12 16:08:15 2004 :: Marka. Bad Password. IP: dhcp065-031-051-003.woh.rr.com> jakes
Mon Apr 12 16:08:15 2004 :: Closing link to Marka.
Mon Apr 12 16:08:17 2004 :: Sock.sinaddr:  81.193.220.23
Mon Apr 12 16:08:23 2004 :: Loading Adrastos.
Mon Apr 12 16:08:23 2004 :: Look out, Adrastos@81.193.220.23 has connected.
Mon Apr 12 16:14:06 2004 :: Sock.sinaddr:  68.1.73.74
Mon Apr 12 16:14:12 2004 :: Loading Kagorin.
Mon Apr 12 16:14:13 2004 :: Look out, Kagorin@ip68-1-73-74.pn.at.cox.net has connected.
Mon Apr 12 16:15:09 2004 :: Sock.sinaddr:  24.218.220.60
Mon Apr 12 16:16:22 2004 :: Xadaman has quit.
Mon Apr 12 16:17:08 2004 :: Sharlienne@h00104c11243c.ne.client2.attbi.com new player.
Mon Apr 12 16:18:04 2004 :: Sunder has quit.
Mon Apr 12 16:21:37 2004 :: Sock.sinaddr:  69.196.154.14
Mon Apr 12 16:23:21 2004 :: Syin@CPE0008c7bb84b5-CM000a7369e3ef.cpe.net.cable.rogers.com new player.
Mon Apr 12 16:23:45 2004 :: EOF encountered on read.
Mon Apr 12 16:23:45 2004 :: Closing link to Sharlienne.
Mon Apr 12 16:32:01 2004 :: Adrastos killed by Adrastos at 9466
Mon Apr 12 16:36:48 2004 :: 81.193.54.10 input spamming!
Mon Apr 12 16:37:29 2004 :: Syin gained level 2
Mon Apr 12 16:38:45 2004 :: Adrastos has quit.
Mon Apr 12 16:38:54 2004 :: Syin has quit.
Mon Apr 12 16:38:56 2004 :: Sock.sinaddr:  69.196.154.14
Mon Apr 12 16:40:08 2004 :: Mordekanen@CPE0008c7bb84b5-CM000a7369e3ef.cpe.net.cable.rogers.com new player.
Mon Apr 12 16:44:05 2004 :: Mordekanen gained level 2
Mon Apr 12 16:49:10 2004 :: Sock.sinaddr:  213.22.158.157
Mon Apr 12 16:49:15 2004 :: Loading Xadaman.
Mon Apr 12 16:49:15 2004 :: Look out, Xadaman@a213-22-158-157.netcabo.pt has connected.
Mon Apr 12 16:49:34 2004 :: Xadaman has quit.
Mon Apr 12 16:49:45 2004 :: Sock.sinaddr:  213.22.158.157
Mon Apr 12 16:49:50 2004 :: Loading Cetebelem.
Mon Apr 12 16:49:50 2004 :: Look out, Cetebelem@a213-22-158-157.netcabo.pt has connected.
Mon Apr 12 16:50:21 2004 :: Sock.sinaddr:  64.40.59.145
Mon Apr 12 16:50:57 2004 :: Raeton@64-40-59-145.nocharge.com new player.
Mon Apr 12 16:54:56 2004 :: Sock.sinaddr:  81.84.79.57
Mon Apr 12 16:55:01 2004 :: Loading Robert.
Mon Apr 12 16:55:01 2004 :: Look out, Robert@a81-84-79-57.netcabo.pt has connected.
Mon Apr 12 16:56:01 2004 :: Mordekanen gained level 3
Mon Apr 12 16:56:45 2004 :: a81-84-10-2.netcabo.pt input spamming!
Mon Apr 12 16:56:52 2004 :: [*****] BUG: Act: bad code 103.
Mon Apr 12 16:59:46 2004 :: Mordekanen gained level 4
Mon Apr 12 17:00:14 2004 :: [WARNING] Kagorin replies to Mordekanen: thats what ive spent the past 3 days doing i just started this mud wednesday
Mon Apr 12 17:01:08 2004 :: Sock.sinaddr:  66.141.211.167
Mon Apr 12 17:01:13 2004 :: Loading Tattiana.
Mon Apr 12 17:01:13 2004 :: Look out, Tattiana@adsl-66-141-211-167.dsl.tulsok.swbell.net has connected.
Mon Apr 12 17:02:33 2004 :: Sock.sinaddr:  67.140.133.125
Mon Apr 12 17:04:10 2004 :: Geldaere@h125.133.140.67.ip.alltel.net new player.
Mon Apr 12 17:05:13 2004 :: Mordekanen gained level 5
Mon Apr 12 17:06:19 2004 :: Mordekanen killed by the wolf at 3748
Mon Apr 12 17:06:32 2004 :: EOF encountered on read.
Mon Apr 12 17:06:32 2004 :: Closing link to Mordekanen.
Mon Apr 12 17:06:49 2004 :: Sock.sinaddr:  69.196.154.14
Mon Apr 12 17:07:54 2004 :: Sock.sinaddr:  69.196.154.14
Mon Apr 12 17:07:54 2004 :: EOF encountered on read.
Mon Apr 12 17:07:54 2004 :: Closing link to Devius.
Mon Apr 12 17:08:02 2004 :: Loading Syin.
Mon Apr 12 17:08:04 2004 :: Look out, Syin@CPE0008c7bb84b5-CM000a7369e3ef.cpe.net.cable.rogers.com has connected.
Mon Apr 12 17:11:05 2004 :: Syin gained level 3
Mon Apr 12 17:16:23 2004 :: 81.193.54.10 input spamming!
Mon Apr 12 17:17:46 2004 :: a81-84-10-2.netcabo.pt input spamming!
Mon Apr 12 17:20:43 2004 :: Sock.sinaddr:  69.9.87.10
Mon Apr 12 17:22:45 2004 :: Mordekanen has quit.
Mon Apr 12 17:25:31 2004 :: Sock.sinaddr:  81.193.54.98
Mon Apr 12 17:25:36 2004 :: Loading Fenix.
Mon Apr 12 17:25:36 2004 :: Look out, Fenix@adslsapo-b4-54-98.telepac.pt has connected.
Mon Apr 12 17:27:07 2004 :: Esmere@gbrdialin new player.
Mon Apr 12 17:27:18 2004 :: Sock.sinaddr:  195.23.195.55
Mon Apr 12 17:27:24 2004 :: Loading Viriato.
Mon Apr 12 17:27:24 2004 :: Look out, Viriato@195-23-195-55.nr.ip.pt has connected.
Mon Apr 12 17:30:34 2004 :: Geldaere gained level 2
Mon Apr 12 17:31:19 2004 :: Geldaere has quit.
Mon Apr 12 17:31:22 2004 :: Syin gained level 4
Mon Apr 12 17:36:14 2004 :: a81-84-10-2.netcabo.pt input spamming!
Mon Apr 12 17:38:26 2004 :: Sock.sinaddr:  68.73.152.248
Mon Apr 12 17:38:43 2004 :: Loading Falix.
Mon Apr 12 17:38:44 2004 :: Look out, Falix@adsl-68-73-152-248.dsl.ipltin.ameritech.net has connected.
Mon Apr 12 17:49:42 2004 :: Sock.sinaddr:  69.19.130.203
Write_to_descriptor: Broken pipe
Write_to_descriptor: Broken pipe
Write_to_descriptor: Broken pipe
Mon Apr 12 17:49:42 2004 :: EOF encountered on read.
Mon Apr 12 17:49:48 2004 :: EOF encountered on read.
Mon Apr 12 17:51:32 2004 :: Syin has quit.
Mon Apr 12 17:51:44 2004 :: Sock.sinaddr:  69.196.154.14
Mon Apr 12 17:52:25 2004 :: EOF encountered on read.
Mon Apr 12 17:54:00 2004 :: Sock.sinaddr:  69.19.132.222
Mon Apr 12 17:54:16 2004 :: Loading Tanween.
Mon Apr 12 17:54:18 2004 :: Look out, Tanween@host-69-19-132-222.rev.o1.com has connected.
Mon Apr 12 17:55:42 2004 :: Sock.sinaddr:  69.19.129.136
Mon Apr 12 17:55:52 2004 :: Loading Tanween.
Mon Apr 12 17:55:57 2004 :: Closing link to Tanween.
Mon Apr 12 17:56:03 2004 :: Loading Tanween.
Mon Apr 12 17:56:05 2004 :: Look out, Tanween@host-69-19-129-136.rev.o1.com has connected.
Mon Apr 12 17:58:21 2004 :: EOF encountered on read.
Mon Apr 12 17:58:21 2004 :: Closing link to Tanween.
Mon Apr 12 17:58:35 2004 :: Sock.sinaddr:  69.19.129.136
Mon Apr 12 17:58:41 2004 :: Loading Tanween.
Mon Apr 12 17:58:41 2004 :: Tanween@host-69-19-129-136.rev.o1.com reconnected.
Mon Apr 12 18:00:48 2004 :: Kagorin has quit.
Mon Apr 12 18:02:40 2004 :: Fenix has quit.
Mon Apr 12 18:02:48 2004 :: Sock.sinaddr:  81.193.54.98
Mon Apr 12 18:02:53 2004 :: Loading Protous.
Mon Apr 12 18:02:53 2004 :: Look out, Protous@adslsapo-b4-54-98.telepac.pt has connected.
Mon Apr 12 18:03:39 2004 :: Falix has quit.
Mon Apr 12 18:03:56 2004 :: Sock.sinaddr:  69.19.132.82
Mon Apr 12 18:04:04 2004 :: Loading Tanween.
Mon Apr 12 18:04:07 2004 :: Closing link to Tanween.
Mon Apr 12 18:04:07 2004 :: Tanween@host-69-19-132-82.rev.o1.com reconnected.
Mon Apr 12 18:05:45 2004 :: Protous has quit.
Mon Apr 12 18:05:52 2004 :: Sock.sinaddr:  81.193.54.98
Mon Apr 12 18:05:57 2004 :: Loading Zephid.
Mon Apr 12 18:05:58 2004 :: Look out, Zephid@adslsapo-b4-54-98.telepac.pt has connected.
Mon Apr 12 18:06:24 2004 :: Esmere gained level 2
Mon Apr 12 18:06:51 2004 :: Sievel gained level 91
Mon Apr 12 18:09:15 2004 :: Sock.sinaddr:  69.19.128.40
Mon Apr 12 18:10:06 2004 :: Shogum has quit.
Mon Apr 12 18:10:06 2004 :: Cetebelem has quit.
Mon Apr 12 18:12:38 2004 :: 195-23-195-55.nr.ip.pt input spamming!
Mon Apr 12 18:15:51 2004 :: Tanwin@host-69-19-128-40.rev.o1.com new player.
Mon Apr 12 18:16:38 2004 :: Sock.sinaddr:  69.19.128.40
Mon Apr 12 18:16:42 2004 :: Loading Tanween.
Mon Apr 12 18:16:45 2004 :: Closing link to Tanween.
Mon Apr 12 18:16:45 2004 :: Tanween@host-69-19-128-40.rev.o1.com reconnected.
Mon Apr 12 18:16:50 2004 :: Tanween has quit.
Mon Apr 12 18:17:15 2004 :: Esmere has quit.
Mon Apr 12 18:18:19 2004 :: Log Tanwin: delete
Mon Apr 12 18:18:22 2004 :: Log Tanwin: delete
Mon Apr 12 18:18:30 2004 :: Sock.sinaddr:  69.19.128.40
Mon Apr 12 18:19:27 2004 :: Tannwin@host-69-19-128-40.rev.o1.com new player.
Mon Apr 12 18:20:49 2004 :: Log Tannwin: delete
Mon Apr 12 18:20:50 2004 :: Log Tannwin: delete
Mon Apr 12 18:20:56 2004 :: Sock.sinaddr:  69.19.128.40
Mon Apr 12 18:22:03 2004 :: Tanwin@host-69-19-128-40.rev.o1.com new player.
Mon Apr 12 18:27:12 2004 :: adslsapo-b4-54-98.telepac.pt input spamming!
Mon Apr 12 18:28:20 2004 :: Tanwin killed by a chained criminal at 3716
Mon Apr 12 18:28:39 2004 :: Log Tanwin: delete
Mon Apr 12 18:28:48 2004 :: EOF encountered on read.
Mon Apr 12 18:28:48 2004 :: Closing link to Tanwin.
Mon Apr 12 18:32:07 2004 :: Sock.sinaddr:  68.1.73.74
Mon Apr 12 18:32:10 2004 :: Loading Kagorin.
Mon Apr 12 18:32:13 2004 :: Look out, Kagorin@ip68-1-73-74.pn.at.cox.net has connected.
Mon Apr 12 18:32:50 2004 :: 195-23-195-55.nr.ip.pt input spamming!
Mon Apr 12 18:35:21 2004 :: Kagorin has quit.
Mon Apr 12 18:35:51 2004 :: Sock.sinaddr:  204.209.44.14
Mon Apr 12 18:35:59 2004 :: EOF encountered on read.
Mon Apr 12 18:36:43 2004 :: Sock.sinaddr:  66.233.11.249
Mon Apr 12 18:36:48 2004 :: Loading Dekyos.
Mon Apr 12 18:36:48 2004 :: Look out, Dekyos@cdm-66-233-11-249.fayt.cox-internet.com has connected.
Mon Apr 12 18:37:08 2004 :: Sock.sinaddr:  24.91.130.51
Mon Apr 12 18:37:48 2004 :: Sock.sinaddr:  69.19.128.40
Mon Apr 12 18:38:03 2004 :: Loading Tanween.
Mon Apr 12 18:38:06 2004 :: Look out, Tanween@host-69-19-128-40.rev.o1.com has connected.
Mon Apr 12 18:38:15 2004 :: Tanween has quit.
Mon Apr 12 18:38:21 2004 :: Sock.sinaddr:  69.19.128.40
Mon Apr 12 18:38:27 2004 :: Loading Tanwin.
Mon Apr 12 18:38:29 2004 :: Tanwin@host-69-19-128-40.rev.o1.com reconnected.
Mon Apr 12 18:38:32 2004 :: Log Tanwin: delete
Mon Apr 12 18:38:35 2004 :: Log Tanwin: delete
Mon Apr 12 18:38:41 2004 :: Sock.sinaddr:  69.19.128.40
Mon Apr 12 18:40:44 2004 :: EOF encountered on read.
Mon Apr 12 18:40:44 2004 :: Closing link to Lianare.
Mon Apr 12 18:40:50 2004 :: Sock.sinaddr:  69.19.128.40
Mon Apr 12 18:41:04 2004 :: Kalemonthis@h00402b67a5f2.ne.client2.attbi.com new player.
Mon Apr 12 18:42:09 2004 :: 195-23-195-55.nr.ip.pt input spamming!
Mon Apr 12 18:42:12 2004 :: EOF encountered on read.
Mon Apr 12 18:42:12 2004 :: Closing link to Linare.
Mon Apr 12 18:43:31 2004 :: 195-23-195-55.nr.ip.pt input spamming!
Mon Apr 12 18:44:10 2004 :: Log Kalemonthis: delete
Mon Apr 12 18:44:15 2004 :: Log Kalemonthis: delete
Mon Apr 12 18:44:29 2004 :: Zephid has quit.
Mon Apr 12 18:44:37 2004 :: Sock.sinaddr:  81.193.54.98
Mon Apr 12 18:44:40 2004 :: Loading Fenix.
Mon Apr 12 18:44:40 2004 :: Look out, Fenix@adslsapo-b4-54-98.telepac.pt has connected.
Mon Apr 12 18:45:57 2004 :: Fenix has quit.
Mon Apr 12 18:46:57 2004 :: Viriato has quit.
Mon Apr 12 18:47:14 2004 :: Sock.sinaddr:  195.23.195.55
Mon Apr 12 18:47:19 2004 :: Loading Invictus.
Mon Apr 12 18:47:19 2004 :: Look out, Invictus@195-23-195-55.nr.ip.pt has connected.
Mon Apr 12 18:58:01 2004 :: Sock.sinaddr:  68.73.152.248
Mon Apr 12 18:58:05 2004 :: Loading Falix.
Mon Apr 12 18:58:06 2004 :: Look out, Falix@adsl-68-73-152-248.dsl.ipltin.ameritech.net has connected.
Mon Apr 12 19:01:22 2004 :: Invictus has quit.
Mon Apr 12 19:01:28 2004 :: Sock.sinaddr:  195.23.195.55
Mon Apr 12 19:01:32 2004 :: Loading Invictus.
Mon Apr 12 19:01:32 2004 :: Look out, Invictus@195-23-195-55.nr.ip.pt has connected.
Mon Apr 12 19:01:40 2004 :: Invictus has quit.
Mon Apr 12 19:02:36 2004 :: Robert has quit.
Mon Apr 12 19:03:06 2004 :: Sock.sinaddr:  195.23.195.55
Mon Apr 12 19:03:10 2004 :: Loading Viriato.
Mon Apr 12 19:03:10 2004 :: Look out, Viriato@195-23-195-55.nr.ip.pt has connected.
Mon Apr 12 19:19:33 2004 :: Sock.sinaddr:  68.1.73.74
Mon Apr 12 19:19:38 2004 :: Loading Kagorin.
Mon Apr 12 19:19:39 2004 :: Look out, Kagorin@ip68-1-73-74.pn.at.cox.net has connected.
Mon Apr 12 19:22:09 2004 :: adsl-68-73-152-248.dsl.ipltin.ameritech.net input spamming!
Mon Apr 12 19:24:26 2004 :: Sievel has quit.
Mon Apr 12 19:29:02 2004 :: Falix has quit.
Mon Apr 12 19:30:00 2004 :: Viriato has quit.
Mon Apr 12 19:38:12 2004 :: Dekyos has quit.
Mon Apr 12 19:47:06 2004 :: Tattiana has quit.
Mon Apr 12 19:50:22 2004 :: Kagorin gained level 40
Mon Apr 12 19:50:58 2004 :: Sock.sinaddr:  141.157.91.184
Mon Apr 12 19:51:04 2004 :: Loading Liliana.
Mon Apr 12 19:51:08 2004 :: Look out, Liliana@pool-141-157-91-184.balt.east.verizon.net has connected.
Mon Apr 12 19:51:25 2004 :: Liliana has quit.
Mon Apr 12 19:54:31 2004 :: Sock.sinaddr:  68.73.152.248
Mon Apr 12 19:54:37 2004 :: Loading Falix.
Mon Apr 12 19:54:37 2004 :: Look out, Falix@adsl-68-73-152-248.dsl.ipltin.ameritech.net has connected.
Mon Apr 12 20:01:13 2004 :: Sock.sinaddr:  66.233.11.249
Mon Apr 12 20:01:20 2004 :: Loading Dekyos.
Mon Apr 12 20:01:20 2004 :: Look out, Dekyos@cdm-66-233-11-249.fayt.cox-internet.com has connected.
Mon Apr 12 20:02:49 2004 :: Dekyos has quit.
Mon Apr 12 20:10:13 2004 :: adsl-68-73-152-248.dsl.ipltin.ameritech.net input spamming!
Mon Apr 12 20:10:19 2004 :: adsl-68-73-152-248.dsl.ipltin.ameritech.net input spamming!
Mon Apr 12 20:10:33 2004 :: adsl-68-73-152-248.dsl.ipltin.ameritech.net input spamming!
Mon Apr 12 20:10:39 2004 :: adsl-68-73-152-248.dsl.ipltin.ameritech.net input spamming!
Mon Apr 12 20:11:20 2004 :: adsl-68-73-152-248.dsl.ipltin.ameritech.net input spamming!
Mon Apr 12 20:11:26 2004 :: adsl-68-73-152-248.dsl.ipltin.ameritech.net input spamming!
Mon Apr 12 20:11:32 2004 :: adsl-68-73-152-248.dsl.ipltin.ameritech.net input spamming!
Mon Apr 12 20:11:38 2004 :: adsl-68-73-152-248.dsl.ipltin.ameritech.net input spamming!
Mon Apr 12 20:11:57 2004 :: adsl-68-73-152-248.dsl.ipltin.ameritech.net input spamming!
Mon Apr 12 20:13:26 2004 :: adsl-68-73-152-248.dsl.ipltin.ameritech.net input spamming!
Mon Apr 12 20:13:55 2004 :: adsl-68-73-152-248.dsl.ipltin.ameritech.net input spamming!
Mon Apr 12 20:14:01 2004 :: adsl-68-73-152-248.dsl.ipltin.ameritech.net input spamming!
Mon Apr 12 20:14:17 2004 :: adsl-68-73-152-248.dsl.ipltin.ameritech.net input spamming!
Mon Apr 12 20:14:47 2004 :: adsl-68-73-152-248.dsl.ipltin.ameritech.net input spamming!
Mon Apr 12 20:15:02 2004 :: adsl-68-73-152-248.dsl.ipltin.ameritech.net input spamming!
Mon Apr 12 20:15:09 2004 :: adsl-68-73-152-248.dsl.ipltin.ameritech.net input spamming!
Mon Apr 12 20:15:16 2004 :: adsl-68-73-152-248.dsl.ipltin.ameritech.net input spamming!
Mon Apr 12 20:15:23 2004 :: adsl-68-73-152-248.dsl.ipltin.ameritech.net input spamming!
Mon Apr 12 20:15:33 2004 :: adsl-68-73-152-248.dsl.ipltin.ameritech.net input spamming!
Mon Apr 12 20:15:40 2004 :: adsl-68-73-152-248.dsl.ipltin.ameritech.net input spamming!
Mon Apr 12 20:15:46 2004 :: adsl-68-73-152-248.dsl.ipltin.ameritech.net input spamming!
Mon Apr 12 20:15:58 2004 :: adsl-68-73-152-248.dsl.ipltin.ameritech.net input spamming!
Mon Apr 12 20:16:42 2004 :: adsl-68-73-152-248.dsl.ipltin.ameritech.net input spamming!
Mon Apr 12 20:16:57 2004 :: adsl-68-73-152-248.dsl.ipltin.ameritech.net input spamming!
Mon Apr 12 20:17:05 2004 :: adsl-68-73-152-248.dsl.ipltin.ameritech.net input spamming!
Mon Apr 12 20:17:19 2004 :: Falix has quit.
Mon Apr 12 20:18:15 2004 :: Sock.sinaddr:  65.42.240.11
Mon Apr 12 20:18:22 2004 :: Loading Gilean.
Mon Apr 12 20:18:23 2004 :: Look out, Gilean@adsl-65-42-240-11.dsl.lgnnmi.ameritech.net has connected.
Mon Apr 12 20:20:07 2004 :: Log Gilean: last on drohakon
Mon Apr 12 20:20:14 2004 :: Log Gilean: laston drohakon
Mon Apr 12 20:20:33 2004 :: Sock.sinaddr:  65.42.240.11
Mon Apr 12 20:20:41 2004 :: Loading Kaillen.
Mon Apr 12 20:20:41 2004 :: Kaillen@adsl-65-42-240-11.dsl.lgnnmi.ameritech.net reconnected.
Mon Apr 12 20:21:03 2004 :: Sock.sinaddr:  68.73.152.248
Mon Apr 12 20:21:11 2004 :: Loading Falix.
Mon Apr 12 20:21:11 2004 :: Look out, Falix@adsl-68-73-152-248.dsl.ipltin.ameritech.net has connected.
Mon Apr 12 20:21:14 2004 :: Sock.sinaddr:  63.193.168.177
Mon Apr 12 20:21:24 2004 :: Loading Prodigy.
Mon Apr 12 20:21:25 2004 :: Look out, Prodigy@adsl-63-193-168-177.dsl.mtry01.pacbell.net has connected.
Mon Apr 12 20:21:42 2004 :: Log Gilean: reward kail 750
Mon Apr 12 20:21:43 2004 :: Log Gilean: reward kail 750
Mon Apr 12 20:21:43 2004 :: Log Gilean: reward kail 750
Mon Apr 12 20:21:43 2004 :: Log Gilean: reward kail 750
Mon Apr 12 20:21:44 2004 :: Log Gilean: reward kail 750
Mon Apr 12 20:21:44 2004 :: Log Gilean: reward kail 750
Mon Apr 12 20:21:44 2004 :: Log Gilean: reward kail 750
Mon Apr 12 20:21:44 2004 :: Log Gilean: reward kail 750
Mon Apr 12 20:21:45 2004 :: Log Gilean: reward kail 750
Mon Apr 12 20:21:45 2004 :: Log Gilean: reward kail 750
Mon Apr 12 20:21:45 2004 :: Log Gilean: reward kail 750
Mon Apr 12 20:21:45 2004 :: Log Gilean: reward kail 750
Mon Apr 12 20:21:46 2004 :: Log Gilean: reward kail 750
Mon Apr 12 20:21:46 2004 :: Log Gilean: reward kail 750
Mon Apr 12 20:21:46 2004 :: Log Gilean: reward kail 750
Mon Apr 12 20:21:46 2004 :: Log Gilean: reward kail 750
Mon Apr 12 20:21:47 2004 :: Log Gilean: reward kail 750
Mon Apr 12 20:21:47 2004 :: Log Gilean: reward kail 750
Mon Apr 12 20:21:47 2004 :: Log Gilean: reward kail 750
Mon Apr 12 20:21:47 2004 :: Log Gilean: reward kail 750
Mon Apr 12 20:21:48 2004 :: Log Gilean: reward kail 750
Mon Apr 12 20:21:48 2004 :: Log Gilean: reward kail 750
Mon Apr 12 20:21:48 2004 :: Log Gilean: reward kail 750
Mon Apr 12 20:21:48 2004 :: Log Gilean: reward kail 750
Mon Apr 12 20:21:49 2004 :: Log Gilean: reward kail 750
Mon Apr 12 20:21:49 2004 :: adsl-65-42-240-11.dsl.lgnnmi.ameritech.net input spamming!
Mon Apr 12 20:21:49 2004 :: Log Gilean: reward kail 750
Mon Apr 12 20:21:49 2004 :: Log Gilean: reward kail 750
Mon Apr 12 20:21:49 2004 :: Log Gilean: reward kail 750
Mon Apr 12 20:21:50 2004 :: Log Gilean: reward kail 750
Mon Apr 12 20:21:50 2004 :: Log Gilean: reward kail 750
Mon Apr 12 20:21:50 2004 :: Log Gilean: reward kail 750
Mon Apr 12 20:21:50 2004 :: Log Gilean: reward kail 750
Mon Apr 12 20:21:51 2004 :: Log Gilean: reward kail 750
Mon Apr 12 20:21:51 2004 :: Log Gilean: reward kail 750
Mon Apr 12 20:21:51 2004 :: Log Gilean: reward kail 750
Mon Apr 12 20:21:51 2004 :: Log Gilean: reward kail 750
Mon Apr 12 20:21:52 2004 :: Log Gilean: reward kail 750
Mon Apr 12 20:21:52 2004 :: Log Gilean: reward kail 750
Mon Apr 12 20:21:52 2004 :: Log Gilean: reward kail 750
Mon Apr 12 20:21:52 2004 :: Log Gilean: reward kail 750
Mon Apr 12 20:21:53 2004 :: Log Gilean: reward kail 750
Mon Apr 12 20:21:53 2004 :: Log Gilean: reward kail 750
Mon Apr 12 20:21:53 2004 :: Log Gilean: reward kail 750
Mon Apr 12 20:21:53 2004 :: Log Gilean: reward kail 750
Mon Apr 12 20:21:54 2004 :: Log Gilean: reward kail 750
Mon Apr 12 20:21:54 2004 :: Log Gilean: reward kail 750
Mon Apr 12 20:21:54 2004 :: Log Gilean: reward kail 750
Mon Apr 12 20:21:54 2004 :: Log Gilean: reward kail 750
Mon Apr 12 20:21:55 2004 :: Log Gilean: reward kail 750
Mon Apr 12 20:21:55 2004 :: Log Gilean: reward kail 750
Mon Apr 12 20:21:55 2004 :: adsl-65-42-240-11.dsl.lgnnmi.ameritech.net input spamming!
Mon Apr 12 20:21:55 2004 :: Log Gilean: reward kail 750
Mon Apr 12 20:21:55 2004 :: Log Gilean: reward kail 750
Mon Apr 12 20:21:56 2004 :: Log Gilean: reward kail 750
Mon Apr 12 20:21:56 2004 :: Log Gilean: reward kail 750
Mon Apr 12 20:21:56 2004 :: Log Gilean: reward kail 750
Mon Apr 12 20:21:56 2004 :: Log Gilean: reward kail 750
Mon Apr 12 20:21:57 2004 :: Log Gilean: reward kail 750
Mon Apr 12 20:21:57 2004 :: Log Gilean: reward kail 750
Mon Apr 12 20:21:57 2004 :: Log Gilean: reward kail 750
Mon Apr 12 20:21:57 2004 :: Log Gilean: reward kail 750
Mon Apr 12 20:21:58 2004 :: Log Gilean: reward kail 750
Mon Apr 12 20:21:58 2004 :: Log Gilean: reward kail 750
Mon Apr 12 20:21:58 2004 :: Log Gilean: reward kail 750
Mon Apr 12 20:21:58 2004 :: Log Gilean: reward kail 750
Mon Apr 12 20:21:59 2004 :: Log Gilean: reward kail 750
Mon Apr 12 20:21:59 2004 :: Log Gilean: reward kail 750
Mon Apr 12 20:21:59 2004 :: Log Gilean: reward kail 750
Mon Apr 12 20:21:59 2004 :: Log Gilean: reward kail 750
Mon Apr 12 20:22:00 2004 :: Log Gilean: reward kail 750
Mon Apr 12 20:22:00 2004 :: Log Gilean: reward kail 750
Mon Apr 12 20:22:00 2004 :: Log Gilean: reward kail 750
Mon Apr 12 20:22:00 2004 :: Log Gilean: reward kail 750
Mon Apr 12 20:22:01 2004 :: Log Gilean: reward kail 750
Mon Apr 12 20:22:01 2004 :: Log Gilean: reward kail 750
Mon Apr 12 20:22:01 2004 :: Log Gilean: reward kail 750
Mon Apr 12 20:22:01 2004 :: adsl-65-42-240-11.dsl.lgnnmi.ameritech.net input spamming!
Mon Apr 12 20:22:01 2004 :: Log Gilean: reward kail 750
Mon Apr 12 20:22:02 2004 :: Log Gilean: reward kail 750
Mon Apr 12 20:22:02 2004 :: Log Gilean: reward kail 750
Mon Apr 12 20:22:02 2004 :: Log Gilean: reward kail 750
Mon Apr 12 20:22:02 2004 :: Log Gilean: reward kail 750
Mon Apr 12 20:22:03 2004 :: Log Gilean: reward kail 750
Mon Apr 12 20:22:03 2004 :: Log Gilean: reward kail 750
Mon Apr 12 20:22:03 2004 :: Log Gilean: reward kail 750
Mon Apr 12 20:22:03 2004 :: Log Gilean: reward kail 750
Mon Apr 12 20:22:04 2004 :: Log Gilean: reward kail 750
Mon Apr 12 20:22:04 2004 :: Log Gilean: reward kail 750
Mon Apr 12 20:22:04 2004 :: Log Gilean: reward kail 750
Mon Apr 12 20:22:04 2004 :: Log Gilean: reward kail 750
Mon Apr 12 20:22:05 2004 :: Log Gilean: reward kail 750
Mon Apr 12 20:22:05 2004 :: Log Gilean: reward kail 750
Mon Apr 12 20:22:05 2004 :: Log Gilean: reward kail 750
Mon Apr 12 20:22:05 2004 :: Log Gilean: reward kail 750
Mon Apr 12 20:22:06 2004 :: Log Gilean: reward kail 750
Mon Apr 12 20:22:06 2004 :: Log Gilean: reward kail 750
Mon Apr 12 20:22:06 2004 :: Log Gilean: reward kail 750
Mon Apr 12 20:22:06 2004 :: Log Gilean: reward kail 750
Mon Apr 12 20:22:07 2004 :: Log Gilean: reward kail 750
Mon Apr 12 20:22:07 2004 :: Log Gilean: reward kail 750
Mon Apr 12 20:22:07 2004 :: Log Gilean: reward kail 750
Mon Apr 12 20:22:07 2004 :: Log Gilean: reward kail 750
Mon Apr 12 20:36:11 2004 :: Kagorin gained level 41
Mon Apr 12 20:37:04 2004 :: Kaillen has quit.
Mon Apr 12 20:42:22 2004 :: Kagorin has quit.
Mon Apr 12 20:54:51 2004 :: Falix has quit.
Mon Apr 12 21:19:04 2004 :: Sock.sinaddr:  137.229.152.139
Mon Apr 12 21:19:11 2004 :: Loading Jarek.
Mon Apr 12 21:19:13 2004 :: Look out, Jarek@your-xhtr8hvc4p.uaa.alaska.edu has connected.
Mon Apr 12 21:20:08 2004 :: Jarek has quit.
Mon Apr 12 21:27:23 2004 :: Sock.sinaddr:  69.143.111.153
Mon Apr 12 21:29:10 2004 :: EOF encountered on read.
Mon Apr 12 21:29:10 2004 :: Closing link to Parthos.
Mon Apr 12 21:29:18 2004 :: Sock.sinaddr:  69.143.111.153
Mon Apr 12 21:30:42 2004 :: Ernest@pcp09266958pcs.arlngt01.va.comcast.net new player.
Mon Apr 12 21:33:38 2004 :: EOF encountered on read.
Mon Apr 12 21:33:38 2004 :: Closing link to Ernest.
Mon Apr 12 21:36:36 2004 :: Prodigy has quit.
Mon Apr 12 21:48:29 2004 :: Sock.sinaddr:  63.193.168.177
Mon Apr 12 21:48:37 2004 :: Loading Prodigy.
Mon Apr 12 21:48:38 2004 :: Look out, Prodigy@adsl-63-193-168-177.dsl.mtry01.pacbell.net has connected.
Mon Apr 12 22:01:32 2004 :: Sock.sinaddr:  69.19.129.146
Mon Apr 12 22:02:50 2004 :: Tanwin@host-69-19-129-146.rev.o1.com new player.
Mon Apr 12 22:11:52 2004 :: Tanwin gained level 2
Mon Apr 12 22:12:28 2004 :: Sock.sinaddr:  66.233.11.249
Mon Apr 12 22:12:33 2004 :: Loading Dekyos.
Mon Apr 12 22:12:33 2004 :: Look out, Dekyos@cdm-66-233-11-249.fayt.cox-internet.com has connected.
Mon Apr 12 22:13:25 2004 :: Tanwin gained level 3
Mon Apr 12 22:14:44 2004 :: Dekyos has quit.
Mon Apr 12 22:17:33 2004 :: Sock.sinaddr:  66.109.205.106
Mon Apr 12 22:17:41 2004 :: Loading Paladine.
Mon Apr 12 22:17:42 2004 :: Look out, Paladine@66-109-205-106.ncplus.net has connected.
Mon Apr 12 22:19:00 2004 :: Tanwin has quit.
Mon Apr 12 22:19:06 2004 :: Sock.sinaddr:  69.19.129.146
Mon Apr 12 22:19:15 2004 :: Closing link to Linare.
Mon Apr 12 22:19:21 2004 :: Sock.sinaddr:  69.19.129.146
Mon Apr 12 22:19:42 2004 :: EOF encountered on read.
Mon Apr 12 22:19:42 2004 :: Closing link to Lineare.
Mon Apr 12 22:19:47 2004 :: Sock.sinaddr:  69.19.129.146
Mon Apr 12 22:19:54 2004 :: Loading Tanween.
Mon Apr 12 22:19:55 2004 :: Look out, Tanween@host-69-19-129-146.rev.o1.com has connected.
Mon Apr 12 22:22:47 2004 :: Sock.sinaddr:  24.159.142.237
Mon Apr 12 22:22:52 2004 :: Sock.sinaddr:  24.159.142.237
Mon Apr 12 22:24:50 2004 :: Arizhel@ip-pa-jtown-24-159-142-237.charterpa.com new player.
Mon Apr 12 22:32:53 2004 :: Arizhel killed by a chained criminal at 3710
Mon Apr 12 22:33:00 2004 :: Prodigy has quit.
Mon Apr 12 22:37:57 2004 :: [WARNING] Arizhel tells Tanween: nope... i just found this mud a few days ago :( sorry
Mon Apr 12 22:38:06 2004 :: Log Paladine: snoop arizh
Mon Apr 12 22:39:11 2004 :: Sock.sinaddr:  66.233.11.249
Mon Apr 12 22:39:17 2004 :: Loading Dekyos.
Mon Apr 12 22:39:18 2004 :: Look out, Dekyos@cdm-66-233-11-249.fayt.cox-internet.com has connected.
Mon Apr 12 22:39:40 2004 :: Dekyos has quit.
Mon Apr 12 22:39:55 2004 :: Tanween gained level 21
Mon Apr 12 22:40:08 2004 :: Log Paladine: snoop self
Mon Apr 12 22:42:54 2004 :: Sock.sinaddr:  4.172.99.130
Mon Apr 12 22:43:02 2004 :: Loading Ralmus.
Mon Apr 12 22:43:03 2004 :: Look out, Ralmus@dialup-4.172.99.130.Dial1.NewYork1.Level3.net has connected.
Mon Apr 12 22:43:08 2004 :: Ralmus has quit.
Mon Apr 12 22:44:39 2004 :: Arizhel gained level 2
Mon Apr 12 22:51:01 2004 :: Sock.sinaddr:  199.0.63.141
Mon Apr 12 22:51:08 2004 :: Loading Darkahn.
Mon Apr 12 22:51:09 2004 :: Look out, Darkahn@lakepoint-cm-141.usa2net.net has connected.
Mon Apr 12 22:54:23 2004 :: Arizhel gained level 3
Mon Apr 12 22:57:11 2004 :: Sock.sinaddr:  199.0.63.141
Mon Apr 12 22:57:16 2004 :: Loading Darkahn.
Mon Apr 12 22:58:05 2004 :: Log Gilean: asave area
Mon Apr 12 22:58:52 2004 :: Sock.sinaddr:  199.0.63.141
Mon Apr 12 22:58:58 2004 :: Loading Darkahn.
Mon Apr 12 22:58:58 2004 :: Log Gilean: asave area
Mon Apr 12 22:58:59 2004 :: Closing link to Darkahn.
Mon Apr 12 22:58:59 2004 :: Closing link to Darkahn.
Mon Apr 12 22:58:59 2004 :: Darkahn@lakepoint-cm-141.usa2net.net reconnected.
Mon Apr 12 22:59:12 2004 :: Tanween has quit.
Mon Apr 12 22:59:19 2004 :: Sock.sinaddr:  69.19.129.146
Mon Apr 12 22:59:24 2004 :: Loading Tanween.
Mon Apr 12 22:59:25 2004 :: Look out, Tanween@host-69-19-129-146.rev.o1.com has connected.
Mon Apr 12 23:01:13 2004 :: Log Gilean: asave area
Mon Apr 12 23:02:32 2004 :: Log Gilean: load mob 1202
Mon Apr 12 23:04:12 2004 :: Log Gilean: purge
Mon Apr 12 23:04:22 2004 :: Log Gilean: asave area
Mon Apr 12 23:04:31 2004 :: Log Gilean: load mob 1202
Mon Apr 12 23:05:45 2004 :: Arizhel gained level 4
Mon Apr 12 23:06:15 2004 :: Log Gilean: purge
Mon Apr 12 23:06:20 2004 :: [*****] BUG: Sig handler SIGSEGV
Mon Apr 12 23:06:20 2004 :: Saved zones:
Mon Apr 12 23:06:20 2004 :: Tower of the High Clerist - 'tohc.are'
Mon Apr 12 23:06:20 2004 :: ROM is ready to rock on port 6100.
Mon Apr 12 23:06:20 2004 :: Copyover recovery initiated
Mon Apr 12 23:06:20 2004 :: Loading Tanween.
Mon Apr 12 23:06:20 2004 :: Loading Darkahn.
Mon Apr 12 23:06:20 2004 :: Loading Arizhel.
Mon Apr 12 23:06:20 2004 :: Loading Paladine.
Mon Apr 12 23:06:20 2004 :: Loading Gilean.
Mon Apr 12 23:07:02 2004 :: Tanween has quit.
Read_from_descriptor: Connection reset by peer
Mon Apr 12 23:07:25 2004 :: Closing link to Darkahn.
Mon Apr 12 23:07:28 2004 :: Sock.sinaddr:  199.0.63.141
Mon Apr 12 23:07:34 2004 :: Loading Darkahn.
Mon Apr 12 23:07:36 2004 :: Darkahn@lakepoint-cm-141.usa2net.net reconnected.
Mon Apr 12 23:08:52 2004 :: Sock.sinaddr:  66.233.11.249
Mon Apr 12 23:08:57 2004 :: Loading Dekyos.
Mon Apr 12 23:08:57 2004 :: Look out, Dekyos@cdm-66-233-11-249.fayt.cox-internet.com has connected.
Mon Apr 12 23:09:07 2004 :: Dekyos has quit.
Mon Apr 12 23:09:13 2004 :: Paladine has quit.
Mon Apr 12 23:09:24 2004 :: Sock.sinaddr:  66.109.205.106
Mon Apr 12 23:09:31 2004 :: Loading Paladine.
Mon Apr 12 23:09:31 2004 :: Look out, Paladine@66-109-205-106.ncplus.net has connected.
Mon Apr 12 23:09:38 2004 :: Paladine has quit.
Mon Apr 12 23:09:47 2004 :: Log Gilean: asave area
Mon Apr 12 23:10:49 2004 :: Log Gilean: asave area
Mon Apr 12 23:11:30 2004 :: Sock.sinaddr:  66.81.156.3
Mon Apr 12 23:11:35 2004 :: Loading Johann.
Mon Apr 12 23:11:36 2004 :: Look out, Johann@host-66-81-156-3.rev.o1.com has connected.
Mon Apr 12 23:13:44 2004 :: Log Gilean: asave area
Read_from_descriptor: Connection reset by peer
Mon Apr 12 23:14:38 2004 :: Closing link to Darkahn.
Mon Apr 12 23:16:47 2004 :: Log Gilean: asave area
Mon Apr 12 23:19:24 2004 :: Arizhel has quit.
Mon Apr 12 23:20:15 2004 :: Log Gilean: asave area
Mon Apr 12 23:22:24 2004 :: Log Gilean: asave area
Mon Apr 12 23:23:25 2004 :: Log Gilean: asave area
Mon Apr 12 23:24:28 2004 :: Log Gilean: asave area
Mon Apr 12 23:26:16 2004 :: Log Gilean: asave area
Mon Apr 12 23:28:08 2004 :: Log Gilean: asave area
Mon Apr 12 23:29:20 2004 :: Sock.sinaddr:  64.40.55.55
Mon Apr 12 23:29:27 2004 :: Loading Paladine.
Mon Apr 12 23:29:27 2004 :: Look out, Paladine@64-40-55-55.ncplus.net has connected.
Mon Apr 12 23:30:43 2004 :: Darkahn has quit.
Mon Apr 12 23:31:56 2004 :: Log Gilean: asave area
Mon Apr 12 23:32:01 2004 :: Log Gilean: purge
Mon Apr 12 23:32:07 2004 :: Log Gilean: load mob 3038
Mon Apr 12 23:34:31 2004 :: Log Gilean: asave area
Mon Apr 12 23:38:36 2004 :: Log Gilean: asave area
Mon Apr 12 23:41:32 2004 :: Sock.sinaddr:  199.0.63.141
Mon Apr 12 23:43:00 2004 :: Loading Darkahn.
Mon Apr 12 23:43:01 2004 :: Look out, Darkahn@lakepoint-cm-141.usa2net.net has connected.
Mon Apr 12 23:44:03 2004 :: Log Gilean: asave area
Mon Apr 12 23:45:55 2004 :: Log Gilean: asave area
Mon Apr 12 23:47:42 2004 :: Darkahn has quit.
Mon Apr 12 23:49:53 2004 :: Sock.sinaddr:  65.42.240.11
Read_from_descriptor: Connection reset by peer
Mon Apr 12 23:51:24 2004 :: Closing link to Testgil.
Mon Apr 12 23:56:18 2004 :: Log Gilean: asave area
Mon Apr 12 23:58:33 2004 :: host-66-81-156-3.rev.o1.com input spamming!
Mon Apr 12 23:58:46 2004 :: host-66-81-156-3.rev.o1.com input spamming!
Mon Apr 12 23:58:59 2004 :: host-66-81-156-3.rev.o1.com input spamming!
Mon Apr 12 23:59:12 2004 :: host-66-81-156-3.rev.o1.com input spamming!
Mon Apr 12 23:59:25 2004 :: host-66-81-156-3.rev.o1.com input spamming!
Mon Apr 12 23:59:37 2004 :: host-66-81-156-3.rev.o1.com input spamming!
Mon Apr 12 23:59:50 2004 :: host-66-81-156-3.rev.o1.com input spamming!
Tue Apr 13 00:00:04 2004 :: host-66-81-156-3.rev.o1.com input spamming!
Tue Apr 13 00:00:12 2004 :: host-66-81-156-3.rev.o1.com input spamming!
Tue Apr 13 00:00:18 2004 :: Log Gilean: asave area
Tue Apr 13 00:00:19 2004 :: host-66-81-156-3.rev.o1.com input spamming!
Tue Apr 13 00:00:25 2004 :: host-66-81-156-3.rev.o1.com input spamming!
Tue Apr 13 00:00:31 2004 :: host-66-81-156-3.rev.o1.com input spamming!
Tue Apr 13 00:00:38 2004 :: host-66-81-156-3.rev.o1.com input spamming!
Tue Apr 13 00:00:44 2004 :: host-66-81-156-3.rev.o1.com input spamming!
Tue Apr 13 00:00:50 2004 :: host-66-81-156-3.rev.o1.com input spamming!
Tue Apr 13 00:00:57 2004 :: host-66-81-156-3.rev.o1.com input spamming!
Tue Apr 13 00:01:04 2004 :: host-66-81-156-3.rev.o1.com input spamming!
Tue Apr 13 00:01:10 2004 :: host-66-81-156-3.rev.o1.com input spamming!
Tue Apr 13 00:01:26 2004 :: host-66-81-156-3.rev.o1.com input spamming!
Tue Apr 13 00:01:32 2004 :: host-66-81-156-3.rev.o1.com input spamming!
Tue Apr 13 00:01:42 2004 :: host-66-81-156-3.rev.o1.com input spamming!
Tue Apr 13 00:01:49 2004 :: host-66-81-156-3.rev.o1.com input spamming!
Tue Apr 13 00:01:55 2004 :: host-66-81-156-3.rev.o1.com input spamming!
Tue Apr 13 00:02:02 2004 :: host-66-81-156-3.rev.o1.com input spamming!
Tue Apr 13 00:02:08 2004 :: host-66-81-156-3.rev.o1.com input spamming!
Tue Apr 13 00:02:14 2004 :: host-66-81-156-3.rev.o1.com input spamming!
Tue Apr 13 00:02:20 2004 :: host-66-81-156-3.rev.o1.com input spamming!
Tue Apr 13 00:02:47 2004 :: host-66-81-156-3.rev.o1.com input spamming!
Tue Apr 13 00:02:55 2004 :: Log Gilean: asave area
Tue Apr 13 00:02:55 2004 :: host-66-81-156-3.rev.o1.com input spamming!
Tue Apr 13 00:03:02 2004 :: host-66-81-156-3.rev.o1.com input spamming!
Tue Apr 13 00:03:10 2004 :: host-66-81-156-3.rev.o1.com input spamming!
Tue Apr 13 00:03:16 2004 :: host-66-81-156-3.rev.o1.com input spamming!
Tue Apr 13 00:03:22 2004 :: host-66-81-156-3.rev.o1.com input spamming!
Tue Apr 13 00:03:29 2004 :: host-66-81-156-3.rev.o1.com input spamming!
Tue Apr 13 00:03:35 2004 :: host-66-81-156-3.rev.o1.com input spamming!
Tue Apr 13 00:03:41 2004 :: host-66-81-156-3.rev.o1.com input spamming!
Tue Apr 13 00:03:47 2004 :: host-66-81-156-3.rev.o1.com input spamming!
Tue Apr 13 00:03:54 2004 :: host-66-81-156-3.rev.o1.com input spamming!
Tue Apr 13 00:04:00 2004 :: host-66-81-156-3.rev.o1.com input spamming!
Tue Apr 13 00:04:06 2004 :: host-66-81-156-3.rev.o1.com input spamming!
Tue Apr 13 00:04:12 2004 :: host-66-81-156-3.rev.o1.com input spamming!
Tue Apr 13 00:04:19 2004 :: host-66-81-156-3.rev.o1.com input spamming!
Tue Apr 13 00:04:29 2004 :: host-66-81-156-3.rev.o1.com input spamming!
Tue Apr 13 00:04:36 2004 :: host-66-81-156-3.rev.o1.com input spamming!
Tue Apr 13 00:04:42 2004 :: host-66-81-156-3.rev.o1.com input spamming!
Tue Apr 13 00:04:48 2004 :: host-66-81-156-3.rev.o1.com input spamming!
Tue Apr 13 00:04:54 2004 :: host-66-81-156-3.rev.o1.com input spamming!
Tue Apr 13 00:05:01 2004 :: host-66-81-156-3.rev.o1.com input spamming!
Tue Apr 13 00:05:07 2004 :: host-66-81-156-3.rev.o1.com input spamming!
Tue Apr 13 00:05:13 2004 :: host-66-81-156-3.rev.o1.com input spamming!
Tue Apr 13 00:05:19 2004 :: host-66-81-156-3.rev.o1.com input spamming!
Tue Apr 13 00:05:26 2004 :: host-66-81-156-3.rev.o1.com input spamming!
Tue Apr 13 00:05:32 2004 :: host-66-81-156-3.rev.o1.com input spamming!
Tue Apr 13 00:05:38 2004 :: host-66-81-156-3.rev.o1.com input spamming!
Tue Apr 13 00:05:45 2004 :: host-66-81-156-3.rev.o1.com input spamming!
Tue Apr 13 00:05:53 2004 :: host-66-81-156-3.rev.o1.com input spamming!
Tue Apr 13 00:05:59 2004 :: host-66-81-156-3.rev.o1.com input spamming!
Tue Apr 13 00:06:05 2004 :: host-66-81-156-3.rev.o1.com input spamming!
Tue Apr 13 00:06:12 2004 :: host-66-81-156-3.rev.o1.com input spamming!
Tue Apr 13 00:06:18 2004 :: host-66-81-156-3.rev.o1.com input spamming!
Tue Apr 13 00:06:24 2004 :: host-66-81-156-3.rev.o1.com input spamming!
Tue Apr 13 00:06:30 2004 :: host-66-81-156-3.rev.o1.com input spamming!
Tue Apr 13 00:06:37 2004 :: host-66-81-156-3.rev.o1.com input spamming!
Tue Apr 13 00:06:44 2004 :: host-66-81-156-3.rev.o1.com input spamming!
Tue Apr 13 00:06:50 2004 :: host-66-81-156-3.rev.o1.com input spamming!
Tue Apr 13 00:06:56 2004 :: host-66-81-156-3.rev.o1.com input spamming!
Tue Apr 13 00:07:02 2004 :: host-66-81-156-3.rev.o1.com input spamming!
Tue Apr 13 00:07:09 2004 :: host-66-81-156-3.rev.o1.com input spamming!
Tue Apr 13 00:07:15 2004 :: host-66-81-156-3.rev.o1.com input spamming!
Tue Apr 13 00:07:21 2004 :: host-66-81-156-3.rev.o1.com input spamming!
Tue Apr 13 00:07:28 2004 :: host-66-81-156-3.rev.o1.com input spamming!
Tue Apr 13 00:07:35 2004 :: host-66-81-156-3.rev.o1.com input spamming!
Tue Apr 13 00:07:41 2004 :: host-66-81-156-3.rev.o1.com input spamming!
Tue Apr 13 00:07:47 2004 :: host-66-81-156-3.rev.o1.com input spamming!
Tue Apr 13 00:07:53 2004 :: host-66-81-156-3.rev.o1.com input spamming!
Tue Apr 13 00:08:00 2004 :: host-66-81-156-3.rev.o1.com input spamming!
Tue Apr 13 00:08:06 2004 :: host-66-81-156-3.rev.o1.com input spamming!
Tue Apr 13 00:08:12 2004 :: host-66-81-156-3.rev.o1.com input spamming!
Tue Apr 13 00:08:18 2004 :: host-66-81-156-3.rev.o1.com input spamming!
Tue Apr 13 00:08:25 2004 :: host-66-81-156-3.rev.o1.com input spamming!
Tue Apr 13 00:08:31 2004 :: host-66-81-156-3.rev.o1.com input spamming!
Tue Apr 13 00:08:37 2004 :: host-66-81-156-3.rev.o1.com input spamming!
Tue Apr 13 00:08:43 2004 :: host-66-81-156-3.rev.o1.com input spamming!
Tue Apr 13 00:08:50 2004 :: host-66-81-156-3.rev.o1.com input spamming!
Tue Apr 13 00:08:56 2004 :: host-66-81-156-3.rev.o1.com input spamming!
Tue Apr 13 00:09:02 2004 :: host-66-81-156-3.rev.o1.com input spamming!
Tue Apr 13 00:09:09 2004 :: host-66-81-156-3.rev.o1.com input spamming!
Tue Apr 13 00:09:15 2004 :: host-66-81-156-3.rev.o1.com input spamming!
Tue Apr 13 00:09:21 2004 :: host-66-81-156-3.rev.o1.com input spamming!
Tue Apr 13 00:09:27 2004 :: host-66-81-156-3.rev.o1.com input spamming!
Tue Apr 13 00:09:34 2004 :: host-66-81-156-3.rev.o1.com input spamming!
Tue Apr 13 00:09:40 2004 :: host-66-81-156-3.rev.o1.com input spamming!
Tue Apr 13 00:09:47 2004 :: host-66-81-156-3.rev.o1.com input spamming!
Tue Apr 13 00:09:53 2004 :: host-66-81-156-3.rev.o1.com input spamming!
Tue Apr 13 00:09:59 2004 :: host-66-81-156-3.rev.o1.com input spamming!
Tue Apr 13 00:10:05 2004 :: host-66-81-156-3.rev.o1.com input spamming!
Tue Apr 13 00:10:12 2004 :: host-66-81-156-3.rev.o1.com input spamming!
Tue Apr 13 00:10:18 2004 :: host-66-81-156-3.rev.o1.com input spamming!
Tue Apr 13 00:10:25 2004 :: host-66-81-156-3.rev.o1.com input spamming!
Tue Apr 13 00:10:31 2004 :: host-66-81-156-3.rev.o1.com input spamming!
Tue Apr 13 00:10:37 2004 :: host-66-81-156-3.rev.o1.com input spamming!
Tue Apr 13 00:10:43 2004 :: host-66-81-156-3.rev.o1.com input spamming!
Tue Apr 13 00:10:50 2004 :: host-66-81-156-3.rev.o1.com input spamming!
Tue Apr 13 00:10:56 2004 :: host-66-81-156-3.rev.o1.com input spamming!
Tue Apr 13 00:11:02 2004 :: host-66-81-156-3.rev.o1.com input spamming!
Tue Apr 13 00:11:08 2004 :: host-66-81-156-3.rev.o1.com input spamming!
Tue Apr 13 00:11:15 2004 :: host-66-81-156-3.rev.o1.com input spamming!
Tue Apr 13 00:11:21 2004 :: host-66-81-156-3.rev.o1.com input spamming!
Tue Apr 13 00:11:27 2004 :: host-66-81-156-3.rev.o1.com input spamming!
Tue Apr 13 00:11:33 2004 :: host-66-81-156-3.rev.o1.com input spamming!
Tue Apr 13 00:11:40 2004 :: host-66-81-156-3.rev.o1.com input spamming!
Tue Apr 13 00:11:46 2004 :: host-66-81-156-3.rev.o1.com input spamming!
Tue Apr 13 00:11:52 2004 :: host-66-81-156-3.rev.o1.com input spamming!
Tue Apr 13 00:11:58 2004 :: host-66-81-156-3.rev.o1.com input spamming!
Tue Apr 13 00:12:05 2004 :: host-66-81-156-3.rev.o1.com input spamming!
Tue Apr 13 00:12:13 2004 :: host-66-81-156-3.rev.o1.com input spamming!
Tue Apr 13 00:12:19 2004 :: host-66-81-156-3.rev.o1.com input spamming!
Tue Apr 13 00:12:25 2004 :: host-66-81-156-3.rev.o1.com input spamming!
Tue Apr 13 00:12:32 2004 :: host-66-81-156-3.rev.o1.com input spamming!
Tue Apr 13 00:12:38 2004 :: host-66-81-156-3.rev.o1.com input spamming!
Tue Apr 13 00:12:44 2004 :: host-66-81-156-3.rev.o1.com input spamming!
Tue Apr 13 00:12:50 2004 :: host-66-81-156-3.rev.o1.com input spamming!
Tue Apr 13 00:12:57 2004 :: host-66-81-156-3.rev.o1.com input spamming!
Tue Apr 13 00:13:03 2004 :: host-66-81-156-3.rev.o1.com input spamming!
Tue Apr 13 00:13:09 2004 :: host-66-81-156-3.rev.o1.com input spamming!
Tue Apr 13 00:13:15 2004 :: host-66-81-156-3.rev.o1.com input spamming!
Tue Apr 13 00:13:16 2004 :: Log Gilean: purge
Tue Apr 13 00:13:22 2004 :: host-66-81-156-3.rev.o1.com input spamming!
Tue Apr 13 00:13:28 2004 :: host-66-81-156-3.rev.o1.com input spamming!
Tue Apr 13 00:13:40 2004 :: host-66-81-156-3.rev.o1.com input spamming!
Tue Apr 13 00:13:46 2004 :: host-66-81-156-3.rev.o1.com input spamming!
Tue Apr 13 00:13:50 2004 :: Log Gilean: purge
Tue Apr 13 00:13:52 2004 :: host-66-81-156-3.rev.o1.com input spamming!
Tue Apr 13 00:13:59 2004 :: host-66-81-156-3.rev.o1.com input spamming!
Tue Apr 13 00:14:05 2004 :: host-66-81-156-3.rev.o1.com input spamming!
Tue Apr 13 00:14:11 2004 :: host-66-81-156-3.rev.o1.com input spamming!
Tue Apr 13 00:14:14 2004 :: Log Gilean: purge
Tue Apr 13 00:14:17 2004 :: host-66-81-156-3.rev.o1.com input spamming!
Tue Apr 13 00:14:24 2004 :: host-66-81-156-3.rev.o1.com input spamming!
Tue Apr 13 00:14:30 2004 :: host-66-81-156-3.rev.o1.com input spamming!
Tue Apr 13 00:14:36 2004 :: host-66-81-156-3.rev.o1.com input spamming!
Tue Apr 13 00:14:42 2004 :: host-66-81-156-3.rev.o1.com input spamming!
Tue Apr 13 00:14:49 2004 :: host-66-81-156-3.rev.o1.com input spamming!
Tue Apr 13 00:14:55 2004 :: host-66-81-156-3.rev.o1.com input spamming!
Tue Apr 13 00:15:01 2004 :: host-66-81-156-3.rev.o1.com input spamming!
Tue Apr 13 00:15:07 2004 :: host-66-81-156-3.rev.o1.com input spamming!
Tue Apr 13 00:15:14 2004 :: host-66-81-156-3.rev.o1.com input spamming!
Tue Apr 13 00:15:20 2004 :: host-66-81-156-3.rev.o1.com input spamming!
Tue Apr 13 00:15:26 2004 :: host-66-81-156-3.rev.o1.com input spamming!
Tue Apr 13 00:15:32 2004 :: host-66-81-156-3.rev.o1.com input spamming!
Tue Apr 13 00:15:39 2004 :: host-66-81-156-3.rev.o1.com input spamming!
Tue Apr 13 00:15:45 2004 :: host-66-81-156-3.rev.o1.com input spamming!
Tue Apr 13 00:15:51 2004 :: host-66-81-156-3.rev.o1.com input spamming!
Tue Apr 13 00:15:57 2004 :: host-66-81-156-3.rev.o1.com input spamming!
Tue Apr 13 00:16:04 2004 :: host-66-81-156-3.rev.o1.com input spamming!
Tue Apr 13 00:16:10 2004 :: host-66-81-156-3.rev.o1.com input spamming!
Tue Apr 13 00:16:16 2004 :: host-66-81-156-3.rev.o1.com input spamming!
Tue Apr 13 00:16:22 2004 :: host-66-81-156-3.rev.o1.com input spamming!
Tue Apr 13 00:16:29 2004 :: host-66-81-156-3.rev.o1.com input spamming!
Tue Apr 13 00:16:35 2004 :: host-66-81-156-3.rev.o1.com input spamming!
Tue Apr 13 00:16:41 2004 :: host-66-81-156-3.rev.o1.com input spamming!
Tue Apr 13 00:16:47 2004 :: host-66-81-156-3.rev.o1.com input spamming!
Tue Apr 13 00:16:54 2004 :: host-66-81-156-3.rev.o1.com input spamming!
Tue Apr 13 00:17:00 2004 :: host-66-81-156-3.rev.o1.com input spamming!
Tue Apr 13 00:17:06 2004 :: host-66-81-156-3.rev.o1.com input spamming!
Tue Apr 13 00:17:12 2004 :: host-66-81-156-3.rev.o1.com input spamming!
Tue Apr 13 00:17:19 2004 :: host-66-81-156-3.rev.o1.com input spamming!
Tue Apr 13 00:17:25 2004 :: host-66-81-156-3.rev.o1.com input spamming!
Tue Apr 13 00:17:31 2004 :: host-66-81-156-3.rev.o1.com input spamming!
Tue Apr 13 00:17:37 2004 :: host-66-81-156-3.rev.o1.com input spamming!
Tue Apr 13 00:17:44 2004 :: host-66-81-156-3.rev.o1.com input spamming!
Tue Apr 13 00:17:50 2004 :: host-66-81-156-3.rev.o1.com input spamming!
Tue Apr 13 00:17:56 2004 :: host-66-81-156-3.rev.o1.com input spamming!
Tue Apr 13 00:18:02 2004 :: host-66-81-156-3.rev.o1.com input spamming!
Tue Apr 13 00:18:09 2004 :: host-66-81-156-3.rev.o1.com input spamming!
Tue Apr 13 00:18:15 2004 :: host-66-81-156-3.rev.o1.com input spamming!
Tue Apr 13 00:18:21 2004 :: host-66-81-156-3.rev.o1.com input spamming!
Tue Apr 13 00:18:27 2004 :: host-66-81-156-3.rev.o1.com input spamming!
Tue Apr 13 00:18:34 2004 :: host-66-81-156-3.rev.o1.com input spamming!
Tue Apr 13 00:18:40 2004 :: host-66-81-156-3.rev.o1.com input spamming!
Tue Apr 13 00:18:46 2004 :: host-66-81-156-3.rev.o1.com input spamming!
Tue Apr 13 00:18:52 2004 :: host-66-81-156-3.rev.o1.com input spamming!
Tue Apr 13 00:18:59 2004 :: host-66-81-156-3.rev.o1.com input spamming!
Tue Apr 13 00:19:05 2004 :: host-66-81-156-3.rev.o1.com input spamming!
Tue Apr 13 00:19:11 2004 :: host-66-81-156-3.rev.o1.com input spamming!
Tue Apr 13 00:19:22 2004 :: host-66-81-156-3.rev.o1.com input spamming!
Tue Apr 13 00:20:39 2004 :: host-66-81-156-3.rev.o1.com input spamming!
Tue Apr 13 00:20:48 2004 :: host-66-81-156-3.rev.o1.com input spamming!
Tue Apr 13 00:20:54 2004 :: host-66-81-156-3.rev.o1.com input spamming!
Tue Apr 13 00:21:00 2004 :: host-66-81-156-3.rev.o1.com input spamming!
Tue Apr 13 00:21:07 2004 :: host-66-81-156-3.rev.o1.com input spamming!
Tue Apr 13 00:21:13 2004 :: host-66-81-156-3.rev.o1.com input spamming!
Tue Apr 13 00:21:19 2004 :: host-66-81-156-3.rev.o1.com input spamming!
Tue Apr 13 00:21:25 2004 :: host-66-81-156-3.rev.o1.com input spamming!
Tue Apr 13 00:21:32 2004 :: host-66-81-156-3.rev.o1.com input spamming!
Tue Apr 13 00:21:38 2004 :: host-66-81-156-3.rev.o1.com input spamming!
Tue Apr 13 00:21:44 2004 :: host-66-81-156-3.rev.o1.com input spamming!
Tue Apr 13 00:21:50 2004 :: host-66-81-156-3.rev.o1.com input spamming!
Tue Apr 13 00:21:57 2004 :: host-66-81-156-3.rev.o1.com input spamming!
Tue Apr 13 00:22:03 2004 :: host-66-81-156-3.rev.o1.com input spamming!
Tue Apr 13 00:22:09 2004 :: host-66-81-156-3.rev.o1.com input spamming!
Tue Apr 13 00:22:15 2004 :: host-66-81-156-3.rev.o1.com input spamming!
Tue Apr 13 00:22:22 2004 :: host-66-81-156-3.rev.o1.com input spamming!
Tue Apr 13 00:22:28 2004 :: host-66-81-156-3.rev.o1.com input spamming!
Tue Apr 13 00:22:34 2004 :: host-66-81-156-3.rev.o1.com input spamming!
Tue Apr 13 00:22:40 2004 :: host-66-81-156-3.rev.o1.com input spamming!
Tue Apr 13 00:22:47 2004 :: host-66-81-156-3.rev.o1.com input spamming!
Tue Apr 13 00:22:53 2004 :: host-66-81-156-3.rev.o1.com input spamming!
Tue Apr 13 00:22:59 2004 :: host-66-81-156-3.rev.o1.com input spamming!
Tue Apr 13 00:23:05 2004 :: host-66-81-156-3.rev.o1.com input spamming!
Tue Apr 13 00:23:12 2004 :: host-66-81-156-3.rev.o1.com input spamming!
Tue Apr 13 00:23:18 2004 :: host-66-81-156-3.rev.o1.com input spamming!
Tue Apr 13 00:23:24 2004 :: host-66-81-156-3.rev.o1.com input spamming!
Tue Apr 13 00:23:30 2004 :: host-66-81-156-3.rev.o1.com input spamming!
Tue Apr 13 00:26:06 2004 :: Sock.sinaddr:  69.19.181.20
Tue Apr 13 00:26:12 2004 :: Loading Johann.
Tue Apr 13 00:26:17 2004 :: Closing link to Johann.
Tue Apr 13 00:26:17 2004 :: Johann@host-69-19-181-20.rev.o1.com reconnected.
Tue Apr 13 00:26:52 2004 :: host-69-19-181-20.rev.o1.com input spamming!
Tue Apr 13 00:27:05 2004 :: host-69-19-181-20.rev.o1.com input spamming!
Tue Apr 13 00:27:18 2004 :: host-69-19-181-20.rev.o1.com input spamming!
Tue Apr 13 00:27:31 2004 :: host-69-19-181-20.rev.o1.com input spamming!
Tue Apr 13 00:27:42 2004 :: host-69-19-181-20.rev.o1.com input spamming!
Tue Apr 13 00:27:49 2004 :: host-69-19-181-20.rev.o1.com input spamming!
Tue Apr 13 00:27:55 2004 :: host-69-19-181-20.rev.o1.com input spamming!
Tue Apr 13 00:28:01 2004 :: host-69-19-181-20.rev.o1.com input spamming!
Tue Apr 13 00:28:07 2004 :: host-69-19-181-20.rev.o1.com input spamming!
Tue Apr 13 00:28:14 2004 :: host-69-19-181-20.rev.o1.com input spamming!
Tue Apr 13 00:28:20 2004 :: host-69-19-181-20.rev.o1.com input spamming!
Tue Apr 13 00:28:26 2004 :: host-69-19-181-20.rev.o1.com input spamming!
Tue Apr 13 00:28:32 2004 :: host-69-19-181-20.rev.o1.com input spamming!
Tue Apr 13 00:28:39 2004 :: host-69-19-181-20.rev.o1.com input spamming!
Tue Apr 13 00:28:45 2004 :: host-69-19-181-20.rev.o1.com input spamming!
Tue Apr 13 00:28:51 2004 :: host-69-19-181-20.rev.o1.com input spamming!
Tue Apr 13 00:28:57 2004 :: host-69-19-181-20.rev.o1.com input spamming!
Tue Apr 13 00:29:04 2004 :: host-69-19-181-20.rev.o1.com input spamming!
Tue Apr 13 00:29:10 2004 :: host-69-19-181-20.rev.o1.com input spamming!
Tue Apr 13 00:29:16 2004 :: host-69-19-181-20.rev.o1.com input spamming!
Tue Apr 13 00:29:23 2004 :: host-69-19-181-20.rev.o1.com input spamming!
Tue Apr 13 00:29:29 2004 :: host-69-19-181-20.rev.o1.com input spamming!
Tue Apr 13 00:29:35 2004 :: host-69-19-181-20.rev.o1.com input spamming!
Tue Apr 13 00:29:42 2004 :: host-69-19-181-20.rev.o1.com input spamming!
Tue Apr 13 00:29:48 2004 :: host-69-19-181-20.rev.o1.com input spamming!
Tue Apr 13 00:29:54 2004 :: host-69-19-181-20.rev.o1.com input spamming!
Tue Apr 13 00:30:01 2004 :: host-69-19-181-20.rev.o1.com input spamming!
Tue Apr 13 00:30:07 2004 :: host-69-19-181-20.rev.o1.com input spamming!
Tue Apr 13 00:30:13 2004 :: host-69-19-181-20.rev.o1.com input spamming!
Tue Apr 13 00:30:19 2004 :: host-69-19-181-20.rev.o1.com input spamming!
Tue Apr 13 00:30:26 2004 :: host-69-19-181-20.rev.o1.com input spamming!
Tue Apr 13 00:30:32 2004 :: host-69-19-181-20.rev.o1.com input spamming!
Tue Apr 13 00:30:38 2004 :: host-69-19-181-20.rev.o1.com input spamming!
Tue Apr 13 00:30:44 2004 :: host-69-19-181-20.rev.o1.com input spamming!
Tue Apr 13 00:30:51 2004 :: host-69-19-181-20.rev.o1.com input spamming!
Tue Apr 13 00:30:57 2004 :: host-69-19-181-20.rev.o1.com input spamming!
Tue Apr 13 00:31:03 2004 :: host-69-19-181-20.rev.o1.com input spamming!
Tue Apr 13 00:32:19 2004 :: host-69-19-181-20.rev.o1.com input spamming!
Tue Apr 13 00:32:35 2004 :: host-69-19-181-20.rev.o1.com input spamming!
Tue Apr 13 00:32:47 2004 :: host-69-19-181-20.rev.o1.com input spamming!
Tue Apr 13 00:33:00 2004 :: host-69-19-181-20.rev.o1.com input spamming!
Tue Apr 13 00:33:13 2004 :: host-69-19-181-20.rev.o1.com input spamming!
Tue Apr 13 00:33:25 2004 :: host-69-19-181-20.rev.o1.com input spamming!
Tue Apr 13 00:33:38 2004 :: host-69-19-181-20.rev.o1.com input spamming!
Tue Apr 13 00:33:50 2004 :: host-69-19-181-20.rev.o1.com input spamming!
Tue Apr 13 00:34:03 2004 :: host-69-19-181-20.rev.o1.com input spamming!
Tue Apr 13 00:34:16 2004 :: host-69-19-181-20.rev.o1.com input spamming!
Tue Apr 13 00:34:30 2004 :: host-69-19-181-20.rev.o1.com input spamming!
Tue Apr 13 00:34:36 2004 :: host-69-19-181-20.rev.o1.com input spamming!
Tue Apr 13 00:34:42 2004 :: host-69-19-181-20.rev.o1.com input spamming!
Tue Apr 13 00:34:49 2004 :: host-69-19-181-20.rev.o1.com input spamming!
Tue Apr 13 00:34:55 2004 :: host-69-19-181-20.rev.o1.com input spamming!
Tue Apr 13 00:35:01 2004 :: host-69-19-181-20.rev.o1.com input spamming!
Tue Apr 13 00:35:07 2004 :: host-69-19-181-20.rev.o1.com input spamming!
Tue Apr 13 00:35:14 2004 :: host-69-19-181-20.rev.o1.com input spamming!
Tue Apr 13 00:35:20 2004 :: host-69-19-181-20.rev.o1.com input spamming!
Tue Apr 13 00:35:26 2004 :: host-69-19-181-20.rev.o1.com input spamming!
Tue Apr 13 00:35:33 2004 :: host-69-19-181-20.rev.o1.com input spamming!
Tue Apr 13 00:35:40 2004 :: host-69-19-181-20.rev.o1.com input spamming!
Tue Apr 13 00:35:47 2004 :: host-69-19-181-20.rev.o1.com input spamming!
Tue Apr 13 00:35:53 2004 :: host-69-19-181-20.rev.o1.com input spamming!
Tue Apr 13 00:35:59 2004 :: host-69-19-181-20.rev.o1.com input spamming!
Tue Apr 13 00:36:06 2004 :: host-69-19-181-20.rev.o1.com input spamming!
Tue Apr 13 00:36:12 2004 :: host-69-19-181-20.rev.o1.com input spamming!
Tue Apr 13 00:36:18 2004 :: host-69-19-181-20.rev.o1.com input spamming!
Tue Apr 13 00:36:24 2004 :: host-69-19-181-20.rev.o1.com input spamming!
Tue Apr 13 00:36:31 2004 :: host-69-19-181-20.rev.o1.com input spamming!
Tue Apr 13 00:36:35 2004 :: Log Gilean: asave area
Tue Apr 13 00:36:37 2004 :: host-69-19-181-20.rev.o1.com input spamming!
Tue Apr 13 00:36:43 2004 :: host-69-19-181-20.rev.o1.com input spamming!
Tue Apr 13 00:36:49 2004 :: host-69-19-181-20.rev.o1.com input spamming!
Tue Apr 13 00:36:56 2004 :: host-69-19-181-20.rev.o1.com input spamming!
Tue Apr 13 00:37:02 2004 :: host-69-19-181-20.rev.o1.com input spamming!
Tue Apr 13 00:37:08 2004 :: host-69-19-181-20.rev.o1.com input spamming!
Tue Apr 13 00:37:14 2004 :: host-69-19-181-20.rev.o1.com input spamming!
Tue Apr 13 00:37:21 2004 :: host-69-19-181-20.rev.o1.com input spamming!
Tue Apr 13 00:37:27 2004 :: host-69-19-181-20.rev.o1.com input spamming!
Tue Apr 13 00:37:33 2004 :: host-69-19-181-20.rev.o1.com input spamming!
Tue Apr 13 00:37:39 2004 :: host-69-19-181-20.rev.o1.com input spamming!
Tue Apr 13 00:37:46 2004 :: host-69-19-181-20.rev.o1.com input spamming!
Tue Apr 13 00:37:52 2004 :: host-69-19-181-20.rev.o1.com input spamming!
Tue Apr 13 00:37:58 2004 :: host-69-19-181-20.rev.o1.com input spamming!
Tue Apr 13 00:38:00 2004 :: Log Paladine: check process
Tue Apr 13 00:38:04 2004 :: host-69-19-181-20.rev.o1.com input spamming!
Tue Apr 13 00:38:11 2004 :: host-69-19-181-20.rev.o1.com input spamming!
Tue Apr 13 00:38:17 2004 :: host-69-19-181-20.rev.o1.com input spamming!
Tue Apr 13 00:38:25 2004 :: host-69-19-181-20.rev.o1.com input spamming!
Tue Apr 13 00:38:31 2004 :: host-69-19-181-20.rev.o1.com input spamming!
Tue Apr 13 00:38:37 2004 :: host-69-19-181-20.rev.o1.com input spamming!
Tue Apr 13 00:38:44 2004 :: host-69-19-181-20.rev.o1.com input spamming!
Tue Apr 13 00:38:50 2004 :: host-69-19-181-20.rev.o1.com input spamming!
Tue Apr 13 00:38:56 2004 :: host-69-19-181-20.rev.o1.com input spamming!
Tue Apr 13 00:39:02 2004 :: host-69-19-181-20.rev.o1.com input spamming!
Tue Apr 13 00:39:09 2004 :: host-69-19-181-20.rev.o1.com input spamming!
Tue Apr 13 00:39:15 2004 :: host-69-19-181-20.rev.o1.com input spamming!
Tue Apr 13 00:39:21 2004 :: host-69-19-181-20.rev.o1.com input spamming!
Tue Apr 13 00:39:27 2004 :: host-69-19-181-20.rev.o1.com input spamming!
Tue Apr 13 00:39:34 2004 :: host-69-19-181-20.rev.o1.com input spamming!
Tue Apr 13 00:39:42 2004 :: host-69-19-181-20.rev.o1.com input spamming!
Tue Apr 13 00:39:48 2004 :: host-69-19-181-20.rev.o1.com input spamming!
Tue Apr 13 00:39:54 2004 :: host-69-19-181-20.rev.o1.com input spamming!
Tue Apr 13 00:42:55 2004 :: host-69-19-181-20.rev.o1.com input spamming!
Tue Apr 13 00:44:40 2004 :: Johann has quit.
Tue Apr 13 00:44:51 2004 :: Sock.sinaddr:  69.19.181.20
Tue Apr 13 00:46:54 2004 :: Log Gilean: asave area
Tue Apr 13 00:47:16 2004 :: Log Paladine: force all save
Tue Apr 13 00:47:31 2004 :: Log Paladine: asave changed
Tue Apr 13 00:47:31 2004 :: Log Paladine: shutdown
Tue Apr 13 00:47:31 2004 :: Closing link to Paladine.
Tue Apr 13 00:47:31 2004 :: Closing link to Gilean.
Tue Apr 13 00:47:31 2004 :: Normal termination of game.
