Thu May 13 22:45:49 2004 :: ROM is ready to rock on port 6100.
Thu May 13 22:45:56 2004 :: Sock.sinaddr:  64.40.55.42
Thu May 13 22:46:00 2004 :: Loading Paladine.
Thu May 13 22:46:01 2004 :: Look out, Paladine@64-40-55-42.ncplus.net has connected.
Thu May 13 23:00:59 2004 :: Sock.sinaddr:  172.169.85.149
Thu May 13 23:01:29 2004 :: Closing link to Vant.
Thu May 13 23:01:37 2004 :: Sock.sinaddr:  172.169.85.149
Read_from_descriptor: Connection reset by peer
Thu May 13 23:02:53 2004 :: Closing link to Vang.
Thu May 13 23:03:05 2004 :: Sock.sinaddr:  172.169.85.149
Read_from_descriptor: Connection reset by peer
Thu May 13 23:03:41 2004 :: Closing link to Vantgr.
Thu May 13 23:04:20 2004 :: Sock.sinaddr:  172.169.85.149
Thu May 13 23:08:57 2004 :: Ragen@ACA95595.ipt.aol.com new player.
Thu May 13 23:18:23 2004 :: Log Paladine: check
Thu May 13 23:25:40 2004 :: Log Paladine: disable track
Thu May 13 23:32:11 2004 :: Sock.sinaddr:  66.81.152.105
Thu May 13 23:32:20 2004 :: Loading Johann.
Thu May 13 23:32:36 2004 :: Look out, Johann@host-66-81-152-105.rev.o1.com has connected.
Thu May 13 23:33:20 2004 :: host-66-81-152-105.rev.o1.com input spamming!
Thu May 13 23:33:26 2004 :: host-66-81-152-105.rev.o1.com input spamming!
Thu May 13 23:33:33 2004 :: host-66-81-152-105.rev.o1.com input spamming!
Thu May 13 23:34:02 2004 :: host-66-81-152-105.rev.o1.com input spamming!
Thu May 13 23:34:31 2004 :: host-66-81-152-105.rev.o1.com input spamming!
Thu May 13 23:34:58 2004 :: host-66-81-152-105.rev.o1.com input spamming!
Thu May 13 23:36:03 2004 :: host-66-81-152-105.rev.o1.com input spamming!
Thu May 13 23:36:17 2004 :: host-66-81-152-105.rev.o1.com input spamming!
Thu May 13 23:36:30 2004 :: host-66-81-152-105.rev.o1.com input spamming!
Thu May 13 23:36:43 2004 :: host-66-81-152-105.rev.o1.com input spamming!
Thu May 13 23:36:58 2004 :: host-66-81-152-105.rev.o1.com input spamming!
Thu May 13 23:37:12 2004 :: host-66-81-152-105.rev.o1.com input spamming!
Thu May 13 23:37:25 2004 :: host-66-81-152-105.rev.o1.com input spamming!
Thu May 13 23:37:56 2004 :: host-66-81-152-105.rev.o1.com input spamming!
Thu May 13 23:38:09 2004 :: host-66-81-152-105.rev.o1.com input spamming!
Thu May 13 23:38:21 2004 :: host-66-81-152-105.rev.o1.com input spamming!
Thu May 13 23:38:34 2004 :: host-66-81-152-105.rev.o1.com input spamming!
Thu May 13 23:38:47 2004 :: host-66-81-152-105.rev.o1.com input spamming!
Thu May 13 23:38:59 2004 :: host-66-81-152-105.rev.o1.com input spamming!
Thu May 13 23:39:40 2004 :: host-66-81-152-105.rev.o1.com input spamming!
Thu May 13 23:39:51 2004 :: host-66-81-152-105.rev.o1.com input spamming!
Thu May 13 23:39:57 2004 :: host-66-81-152-105.rev.o1.com input spamming!
Thu May 13 23:40:03 2004 :: host-66-81-152-105.rev.o1.com input spamming!
Thu May 13 23:40:09 2004 :: host-66-81-152-105.rev.o1.com input spamming!
Thu May 13 23:40:16 2004 :: host-66-81-152-105.rev.o1.com input spamming!
Thu May 13 23:44:55 2004 :: Ragen killed by a chained criminal at 3710
Fri May 14 00:05:41 2004 :: Ragen gained level 2
Fri May 14 00:12:55 2004 :: [WARNING] Johann replies to Paladine: why do you want to crash the mud with track so badly?
Fri May 14 00:14:10 2004 :: [WARNING] Johann replies to Paladine: ah, if i recall, when ansalon (the only other mud i played seriously) was at wolfpaw they had problems with track to... you might wanna check with wolfpaw to see what the deal is
Fri May 14 00:16:34 2004 :: [WARNING] Johann replies to Paladine: okay... i'll take your word for it, have you considered asking other coders on other muds about it?
Fri May 14 00:20:17 2004 :: Sock.sinaddr:  193.136.33.200
Fri May 14 00:20:23 2004 :: Loading Elaron.
Fri May 14 00:20:28 2004 :: Look out, Elaron@aulas-i-p2.fe.up.pt has connected.
Fri May 14 00:24:49 2004 :: Log Paladine: smite joh
Fri May 14 00:24:57 2004 :: Log Paladine: restore joh
Fri May 14 00:25:27 2004 :: Sock.sinaddr:  213.13.239.160
Fri May 14 00:25:30 2004 :: Loading Nospheratus.
Fri May 14 00:25:30 2004 :: Look out, Nospheratus@adslsapo-b3-239-160.telepac.pt has connected.
Fri May 14 00:30:57 2004 :: Ragen gained level 3
Fri May 14 00:32:45 2004 :: Sock.sinaddr:  193.136.33.200
Fri May 14 00:32:55 2004 :: Elaron has quit.
Fri May 14 00:33:03 2004 :: Loading Simos.
Fri May 14 00:33:07 2004 :: Look out, Simos@aulas-i-p2.fe.up.pt has connected.
Fri May 14 00:35:38 2004 :: Simos has quit.
Fri May 14 00:35:39 2004 :: Nospheratus has quit.
Fri May 14 00:37:20 2004 :: Log Paladine: purge
Fri May 14 00:41:56 2004 :: Ragen has quit.
Fri May 14 00:42:13 2004 :: Log Paladine: check process
Fri May 14 00:43:25 2004 :: Sock.sinaddr:  81.84.10.197
Fri May 14 00:43:27 2004 :: Loading Sievel.
Fri May 14 00:43:28 2004 :: Look out, Sievel@a81-84-10-197.netcabo.pt has connected.
Fri May 14 00:44:46 2004 :: Sievel has quit.
Fri May 14 00:44:50 2004 :: Sock.sinaddr:  81.84.10.197
Fri May 14 00:44:52 2004 :: Loading Thorax.
Fri May 14 00:44:52 2004 :: Look out, Thorax@a81-84-10-197.netcabo.pt has connected.
Fri May 14 00:47:08 2004 :: Thorax has quit.
Fri May 14 00:47:16 2004 :: Sock.sinaddr:  81.84.10.197
Fri May 14 00:47:18 2004 :: Loading Sievel.
Fri May 14 00:47:18 2004 :: Look out, Sievel@a81-84-10-197.netcabo.pt has connected.
Fri May 14 00:47:23 2004 :: Log Paladine: snoop sievel
Fri May 14 00:47:36 2004 :: Log Paladine: asp sievel prac
Fri May 14 00:47:45 2004 :: Log Paladine: asp sievel skills
Fri May 14 00:48:35 2004 :: Sievel has quit.
Fri May 14 00:48:40 2004 :: Sock.sinaddr:  81.84.10.197
Fri May 14 00:48:42 2004 :: Loading Raxen.
Fri May 14 00:48:43 2004 :: Look out, Raxen@a81-84-10-197.netcabo.pt has connected.
Fri May 14 00:48:48 2004 :: Log Paladine: snoop raxen
Fri May 14 00:50:27 2004 :: a81-84-10-197.netcabo.pt input spamming!
Fri May 14 00:50:49 2004 :: Log Paladine: snoop self
Fri May 14 00:51:47 2004 :: a81-84-10-197.netcabo.pt input spamming!
Fri May 14 00:52:12 2004 :: a81-84-10-197.netcabo.pt input spamming!
Fri May 14 00:52:37 2004 :: a81-84-10-197.netcabo.pt input spamming!
Fri May 14 00:53:43 2004 :: a81-84-10-197.netcabo.pt input spamming!
Fri May 14 00:54:21 2004 :: Raxen has quit.
Fri May 14 01:14:33 2004 :: Sock.sinaddr:  204.209.44.14
