Tue Aug 12 10:08:46 2008 :: ROM is ready to rock on port 6100.
Tue Aug 12 10:10:11 2008 :: Sock.sinaddr:  66.57.203.135
Tue Aug 12 10:10:36 2008 :: Loading Mikhal.
Tue Aug 12 10:10:37 2008 :: Look out, Mikhal@cpe-066-057-203-135.sc.res.rr.com has connected.
Tue Aug 12 10:11:15 2008 :: Sock.sinaddr:  87.196.221.176
Tue Aug 12 10:11:15 2008 :: Loading Adrastos.
Tue Aug 12 10:11:15 2008 :: Look out, Adrastos@87-196-221-176.net.novis.pt has connected.
Tue Aug 12 10:11:37 2008 :: Adrastos has quit.
Tue Aug 12 10:11:41 2008 :: Sock.sinaddr:  87.196.221.176
Tue Aug 12 10:11:41 2008 :: Loading Raylin.
Tue Aug 12 10:11:41 2008 :: Look out, Raylin@87-196-221-176.net.novis.pt has connected.
Tue Aug 12 10:11:48 2008 :: Raylin has quit.
Tue Aug 12 10:11:52 2008 :: Sock.sinaddr:  87.196.221.176
Tue Aug 12 10:11:52 2008 :: Loading Adrastos.
Tue Aug 12 10:11:53 2008 :: Look out, Adrastos@87-196-221-176.net.novis.pt has connected.
Tue Aug 12 10:12:06 2008 :: Sock.sinaddr:  76.182.128.149
Tue Aug 12 10:12:10 2008 :: Loading Sophira.
Tue Aug 12 10:12:12 2008 :: Look out, Sophira@CPE-76-182-128-149.natwky.res.rr.com has connected.
Tue Aug 12 10:16:26 2008 :: Sock.sinaddr:  24.69.248.142
Tue Aug 12 10:16:28 2008 :: Loading Kaytria.
Tue Aug 12 10:16:30 2008 :: Look out, Kaytria@S0106001617503309.gv.shawcable.net has connected.
Tue Aug 12 10:16:43 2008 :: Sock.sinaddr:  97.81.59.37
Tue Aug 12 10:16:48 2008 :: Loading Tyshocktin.
Tue Aug 12 10:16:51 2008 :: Look out, Tyshocktin@97.81.59.37 has connected.
Tue Aug 12 10:18:02 2008 :: Tyshocktin has quit.
Tue Aug 12 10:18:53 2008 :: Sock.sinaddr:  68.57.237.217
Tue Aug 12 10:18:59 2008 :: Loading Varthanorai.
Tue Aug 12 10:19:00 2008 :: Look out, Varthanorai@c-68-57-237-217.hsd1.in.comcast.net has connected.
Tue Aug 12 10:20:04 2008 :: Varthanorai has quit.
Tue Aug 12 10:26:57 2008 :: Sock.sinaddr:  121.223.38.55
Tue Aug 12 10:26:57 2008 :: Loading Jenak.
Tue Aug 12 10:26:57 2008 :: Look out, Jenak@CPE-121-223-38-55.qld.bigpond.net.au has connected.
Tue Aug 12 10:27:12 2008 :: Jenak has quit.
Tue Aug 12 10:27:55 2008 :: Sock.sinaddr:  208.54.94.51
Tue Aug 12 10:27:56 2008 :: Loading Mrail.
Tue Aug 12 10:27:56 2008 :: Look out, Mrail@m335e36d0.tmodns.net has connected.
Tue Aug 12 10:27:57 2008 :: EOF encountered on read.
Tue Aug 12 10:27:57 2008 :: Closing link to Mrail.
Tue Aug 12 10:27:59 2008 :: Sock.sinaddr:  208.54.94.51
Tue Aug 12 10:28:00 2008 :: Loading Mrail.
Tue Aug 12 10:28:00 2008 :: Mrail@m335e36d0.tmodns.net reconnected.
Tue Aug 12 10:28:35 2008 :: Mrail has quit.
Tue Aug 12 10:28:42 2008 :: Sock.sinaddr:  208.54.94.51
Tue Aug 12 10:28:43 2008 :: Loading Hrimoshimo.
Tue Aug 12 10:28:43 2008 :: Look out, Hrimoshimo@m335e36d0.tmodns.net has connected.
Tue Aug 12 10:33:15 2008 :: cpe-066-057-203-135.sc.res.rr.com input spamming!
Tue Aug 12 10:39:43 2008 :: 87-196-221-176.net.novis.pt input spamming!
Tue Aug 12 10:45:22 2008 :: Sophira has quit.
Tue Aug 12 10:49:10 2008 :: Kaytria has quit.
Tue Aug 12 10:50:13 2008 :: Sock.sinaddr:  216.105.208.2
Tue Aug 12 10:50:17 2008 :: Loading Eluana.
Tue Aug 12 10:50:18 2008 :: Look out, Eluana@DSLPool-net208-2.wctc.net has connected.
Tue Aug 12 10:54:07 2008 :: Sock.sinaddr:  98.17.151.166
Tue Aug 12 10:54:10 2008 :: Loading Sargonnas.
Tue Aug 12 10:54:11 2008 :: Look out, Sargonnas@h166.151.17.98.dynamic.ip.windstream.net has connected.
Tue Aug 12 10:54:45 2008 :: Sock.sinaddr:  87.196.26.86
Tue Aug 12 10:54:46 2008 :: Loading Shogun.
Tue Aug 12 10:54:46 2008 :: Look out, Shogun@87-196-26-86.net.novis.pt has connected.
Tue Aug 12 10:57:11 2008 :: Log Sargonnas: nopk shogun
Tue Aug 12 10:57:12 2008 :: Log Sargonnas: nopk adrastos
Tue Aug 12 10:57:53 2008 :: Sock.sinaddr:  66.32.100.215
Tue Aug 12 10:57:56 2008 :: Loading Visex.
Tue Aug 12 10:57:57 2008 :: Look out, Visex@user-1120p6n.dsl.mindspring.com has connected.
Tue Aug 12 10:58:48 2008 :: Visex has quit.
Tue Aug 12 10:59:41 2008 :: Sock.sinaddr:  98.212.151.22
Tue Aug 12 10:59:48 2008 :: Loading Konrad.
Tue Aug 12 10:59:48 2008 :: Look out, Konrad@c-98-212-151-22.hsd1.il.comcast.net has connected.
Tue Aug 12 11:00:34 2008 :: Log Sargonnas: snoop adrastos
Tue Aug 12 11:00:44 2008 :: Sock.sinaddr:  76.182.128.149
Tue Aug 12 11:00:44 2008 :: Log Sargonnas: snoop self
Tue Aug 12 11:00:48 2008 :: Loading Sophira.
Tue Aug 12 11:00:49 2008 :: Look out, Sophira@CPE-76-182-128-149.natwky.res.rr.com has connected.
Tue Aug 12 11:01:16 2008 :: Sock.sinaddr:  66.32.100.215
Tue Aug 12 11:01:19 2008 :: Loading Visex.
Tue Aug 12 11:01:21 2008 :: Look out, Visex@user-1120p6n.dsl.mindspring.com has connected.
Tue Aug 12 11:01:30 2008 :: Sock.sinaddr:  98.220.253.117
Tue Aug 12 11:01:49 2008 :: Log Sargonnas: snoop hrimo
Tue Aug 12 11:02:46 2008 :: Log Sargonnas: snoop konrad
Tue Aug 12 11:06:37 2008 :: Eluana has quit.
Tue Aug 12 11:06:38 2008 :: Sock.sinaddr:  216.105.208.2
Tue Aug 12 11:06:42 2008 :: Loading Cyndalaste.
Tue Aug 12 11:06:44 2008 :: Look out, Cyndalaste@DSLPool-net208-2.wctc.net has connected.
Tue Aug 12 11:06:47 2008 :: Log Cyndalaste: delete
Tue Aug 12 11:06:48 2008 :: Log Cyndalaste: delete
Tue Aug 12 11:06:50 2008 :: Sock.sinaddr:  216.105.208.2
Tue Aug 12 11:07:53 2008 :: Cyndalaste@DSLPool-net208-2.wctc.net new player.
Tue Aug 12 11:09:36 2008 :: Sophira has quit.
Tue Aug 12 11:09:45 2008 :: Sock.sinaddr:  76.182.128.149
Tue Aug 12 11:09:48 2008 :: Loading Camirlya.
Tue Aug 12 11:09:53 2008 :: Look out, Camirlya@CPE-76-182-128-149.natwky.res.rr.com has connected.
Tue Aug 12 11:10:20 2008 :: Log Sargonnas: snoop self
Tue Aug 12 11:10:20 2008 :: Log Sargonnas: snoop konrad
Tue Aug 12 11:10:45 2008 :: EOF encountered on read.
Tue Aug 12 11:11:09 2008 :: Camirlya has quit.
Tue Aug 12 11:11:16 2008 :: Sock.sinaddr:  76.182.128.149
Tue Aug 12 11:11:27 2008 :: Closing link to Ariyla.
Tue Aug 12 11:11:30 2008 :: Sock.sinaddr:  76.182.128.149
Tue Aug 12 11:11:38 2008 :: Log Sargonnas: echo A man in black armor walks into the square and stops by the fountain to take a drink of the clear cool water. After his drink he sits on the edge and seems to just stare at the ground around the fountain.
Tue Aug 12 11:12:01 2008 :: Loading Arisia.
Tue Aug 12 11:12:03 2008 :: Look out, Arisia@CPE-76-182-128-149.natwky.res.rr.com has connected.
Tue Aug 12 11:12:50 2008 :: Log Sargonnas: echo The man looks up and nods to Visex, 'How are things?'
Tue Aug 12 11:13:22 2008 :: Arisia has quit.
Tue Aug 12 11:13:25 2008 :: Sock.sinaddr:  76.182.128.149
Tue Aug 12 11:13:29 2008 :: Loading Sophira.
Tue Aug 12 11:13:30 2008 :: Look out, Sophira@CPE-76-182-128-149.natwky.res.rr.com has connected.
Tue Aug 12 11:13:58 2008 :: Cyndalaste gained level 2
Tue Aug 12 11:14:43 2008 :: Log Sargonnas: echo The man nods and looks over at Konrad, 'And how are things going with you Konrad? How goes recruitment?'
Tue Aug 12 11:15:32 2008 :: Visex has quit.
Tue Aug 12 11:16:37 2008 :: Log Sargonnas: echo The man glances at Konrad and his eyes flash crimson in color, 'You should know who I am Konrad.'
Tue Aug 12 11:17:45 2008 :: Sock.sinaddr:  85.138.65.213
Tue Aug 12 11:17:46 2008 :: Loading Charles.
Tue Aug 12 11:17:48 2008 :: Look out, Charles@85.138.65.213 has connected.
Tue Aug 12 11:20:27 2008 :: 87-196-221-176.net.novis.pt input spamming!
Tue Aug 12 11:20:45 2008 :: Log Sargonnas: echo The mans eyes flare crimson again and he pulls a flaming axe from thin air, 'Are you sure you don't know who I am now? I am the Lord of Destruction.'
Tue Aug 12 11:21:24 2008 :: Cyndalaste gained level 3
Tue Aug 12 11:24:19 2008 :: Log Sargonnas: echo The mand nods, 'Standing is good. Keeps you from being to idle. How does recruitment go?'
Tue Aug 12 11:24:54 2008 :: Cyndalaste gained level 4
Tue Aug 12 11:26:11 2008 :: Log Sargonnas: echo The man nods, 'Look into Visex. He will make a good addition. He has already become one of my highpriests.'
Tue Aug 12 11:26:42 2008 :: Cyndalaste gained level 5
Tue Aug 12 11:27:16 2008 :: Sock.sinaddr:  98.224.250.44
Tue Aug 12 11:27:19 2008 :: Loading Nymara.
Tue Aug 12 11:27:21 2008 :: Look out, Nymara@c-98-224-250-44.hsd1.mi.comcast.net has connected.
Tue Aug 12 11:27:34 2008 :: Sophira has quit.
Tue Aug 12 11:29:06 2008 :: Cyndalaste gained level 6
Tue Aug 12 11:30:16 2008 :: Log Sargonnas: echo The man nods, 'See to it that it happens, and then report to me.' I have things I must attend to. I will be in touch at a later point.' With that he vanishes in a burst of flame, leaving behind a ring.
Tue Aug 12 11:30:37 2008 :: Sock.sinaddr:  68.155.161.73
Tue Aug 12 11:30:40 2008 :: Loading Zivilyn.
Tue Aug 12 11:30:41 2008 :: Look out, Zivilyn@adsl-155-161-73.asm.bellsouth.net has connected.
Tue Aug 12 11:32:35 2008 :: Log Sargonnas: transfer konrad
Tue Aug 12 11:32:40 2008 :: Log Sargonnas: snoop self
Tue Aug 12 11:32:58 2008 :: Log Sargonnas: clone ring
Tue Aug 12 11:34:08 2008 :: Log Sargonnas: string obj ring name destruction ring
Tue Aug 12 11:34:37 2008 :: Sock.sinaddr:  76.115.223.123
Tue Aug 12 11:34:43 2008 :: Loading Ciara.
Tue Aug 12 11:34:45 2008 :: Look out, Ciara@76.115.223.123 has connected.
Tue Aug 12 11:34:50 2008 :: Log Sargonnas: string obj ring short ({RPulsing{x) a {DRing{x of {rDestruction{x
Tue Aug 12 11:35:40 2008 :: Log Sargonnas: string obj ring long Here lies a ring made from volcanic rock, it pulses on the ground with a fiery aura of destruction.
Tue Aug 12 11:37:06 2008 :: Log Zivilyn: laston Aruka
Tue Aug 12 11:38:48 2008 :: Sock.sinaddr:  98.220.253.117
Tue Aug 12 11:38:50 2008 :: Loading Cael.
Tue Aug 12 11:38:51 2008 :: Look out, Cael@c-98-220-253-117.hsd1.il.comcast.net has connected.
Tue Aug 12 11:38:54 2008 :: Sock.sinaddr:  66.32.100.215
Tue Aug 12 11:38:56 2008 :: Loading Visex.
Tue Aug 12 11:38:58 2008 :: Look out, Visex@user-1120p6n.dsl.mindspring.com has connected.
Tue Aug 12 11:39:23 2008 :: Log Sargonnas: reward vis 1500 roleplay
Tue Aug 12 11:39:23 2008 :: Visex gained level 23
Tue Aug 12 11:42:44 2008 :: Visex has quit.
Tue Aug 12 11:43:07 2008 :: Sock.sinaddr:  72.220.48.225
Tue Aug 12 11:43:13 2008 :: Loading Annysia.
Tue Aug 12 11:43:14 2008 :: Look out, Annysia@ip72-220-48-225.sd.sd.cox.net has connected.
Tue Aug 12 11:43:43 2008 :: Sargonnas has quit.
Tue Aug 12 11:44:00 2008 :: Annysia has quit.
Tue Aug 12 11:46:19 2008 :: Cyndalaste has quit.
Tue Aug 12 11:46:30 2008 :: Sock.sinaddr:  216.105.208.2
Tue Aug 12 11:47:06 2008 :: Loading Cyndalaste.
Tue Aug 12 11:47:07 2008 :: Look out, Cyndalaste@DSLPool-net208-2.wctc.net has connected.
Tue Aug 12 11:50:21 2008 :: c-98-220-253-117.hsd1.il.comcast.net input spamming!
Tue Aug 12 11:51:08 2008 :: Sock.sinaddr:  72.220.48.225
Tue Aug 12 11:51:15 2008 :: Loading Sabina.
Tue Aug 12 11:51:17 2008 :: Look out, Sabina@ip72-220-48-225.sd.sd.cox.net has connected.
Tue Aug 12 11:52:25 2008 :: Sock.sinaddr:  24.242.164.178
Tue Aug 12 11:52:25 2008 :: Loading Tyrail.
Tue Aug 12 11:52:26 2008 :: Look out, Tyrail@rrcs-24-242-164-178.sw.biz.rr.com has connected.
Tue Aug 12 11:54:34 2008 :: c-98-220-253-117.hsd1.il.comcast.net input spamming!
Tue Aug 12 11:57:19 2008 :: Tyrail has quit.
Tue Aug 12 11:57:55 2008 :: Sock.sinaddr:  71.89.56.207
Tue Aug 12 11:57:57 2008 :: EOF encountered on read.
Tue Aug 12 12:01:27 2008 :: 87-196-221-176.net.novis.pt input spamming!
Tue Aug 12 12:03:21 2008 :: Adrastos gained level 85
Tue Aug 12 12:03:38 2008 :: EOF encountered on read.
Tue Aug 12 12:03:38 2008 :: Closing link to Charles.
Tue Aug 12 12:05:46 2008 :: Adrastos has quit.
Tue Aug 12 12:06:06 2008 :: Sock.sinaddr:  76.182.128.149
Tue Aug 12 12:06:10 2008 :: Loading Sophira.
Tue Aug 12 12:06:13 2008 :: Look out, Sophira@CPE-76-182-128-149.natwky.res.rr.com has connected.
Tue Aug 12 12:07:28 2008 :: Shogun has quit.
Tue Aug 12 12:08:39 2008 :: Konrad has quit.
Tue Aug 12 12:16:07 2008 :: cpe-066-057-203-135.sc.res.rr.com input spamming!
Tue Aug 12 12:18:05 2008 :: Nymara has quit.
Tue Aug 12 12:19:13 2008 :: Ciara has quit.
Tue Aug 12 12:19:14 2008 :: Sock.sinaddr:  76.115.223.123
Tue Aug 12 12:19:41 2008 :: Loading Liaselle.
Tue Aug 12 12:19:45 2008 :: Look out, Liaselle@76.115.223.123 has connected.
Tue Aug 12 12:19:58 2008 :: Charles has quit.
Tue Aug 12 12:19:58 2008 :: [*****] BUG: update_char: Trying to work with an invalidated character.

Tue Aug 12 12:24:01 2008 :: Liaselle has quit.
Tue Aug 12 12:24:02 2008 :: Sock.sinaddr:  76.115.223.123
Tue Aug 12 12:24:05 2008 :: Loading Grienella.
Tue Aug 12 12:24:07 2008 :: Sabina gained level 40
Tue Aug 12 12:24:07 2008 :: Look out, Grienella@76.115.223.123 has connected.
Tue Aug 12 12:24:20 2008 :: ip72-220-48-225.sd.sd.cox.net input spamming!
Tue Aug 12 12:28:01 2008 :: Sophira has quit.
Tue Aug 12 12:28:11 2008 :: Sock.sinaddr:  76.182.128.149
Tue Aug 12 12:28:13 2008 :: Loading Sophira.
Tue Aug 12 12:28:16 2008 :: Look out, Sophira@CPE-76-182-128-149.natwky.res.rr.com has connected.
Tue Aug 12 12:28:46 2008 :: DSLPool-net208-2.wctc.net input spamming!
Tue Aug 12 12:28:52 2008 :: DSLPool-net208-2.wctc.net input spamming!
Tue Aug 12 12:29:06 2008 :: DSLPool-net208-2.wctc.net input spamming!
Tue Aug 12 12:29:23 2008 :: DSLPool-net208-2.wctc.net input spamming!
Tue Aug 12 12:29:30 2008 :: DSLPool-net208-2.wctc.net input spamming!
Tue Aug 12 12:29:41 2008 :: DSLPool-net208-2.wctc.net input spamming!
Tue Aug 12 12:29:48 2008 :: DSLPool-net208-2.wctc.net input spamming!
Tue Aug 12 12:29:59 2008 :: DSLPool-net208-2.wctc.net input spamming!
Tue Aug 12 12:30:14 2008 :: DSLPool-net208-2.wctc.net input spamming!
Tue Aug 12 12:30:28 2008 :: DSLPool-net208-2.wctc.net input spamming!
Tue Aug 12 12:30:34 2008 :: DSLPool-net208-2.wctc.net input spamming!
Tue Aug 12 12:30:44 2008 :: DSLPool-net208-2.wctc.net input spamming!
Tue Aug 12 12:30:59 2008 :: DSLPool-net208-2.wctc.net input spamming!
Tue Aug 12 12:31:14 2008 :: DSLPool-net208-2.wctc.net input spamming!
Tue Aug 12 12:31:28 2008 :: DSLPool-net208-2.wctc.net input spamming!
Tue Aug 12 12:31:42 2008 :: DSLPool-net208-2.wctc.net input spamming!
Tue Aug 12 12:31:48 2008 :: DSLPool-net208-2.wctc.net input spamming!
Tue Aug 12 12:31:58 2008 :: DSLPool-net208-2.wctc.net input spamming!
Tue Aug 12 12:32:11 2008 :: DSLPool-net208-2.wctc.net input spamming!
Tue Aug 12 12:32:17 2008 :: DSLPool-net208-2.wctc.net input spamming!
Tue Aug 12 12:32:26 2008 :: DSLPool-net208-2.wctc.net input spamming!
Tue Aug 12 12:33:23 2008 :: DSLPool-net208-2.wctc.net input spamming!
Tue Aug 12 12:33:24 2008 :: Sock.sinaddr:  87.196.26.86
Tue Aug 12 12:33:29 2008 :: DSLPool-net208-2.wctc.net input spamming!
Tue Aug 12 12:33:41 2008 :: DSLPool-net208-2.wctc.net input spamming!
Tue Aug 12 12:33:48 2008 :: DSLPool-net208-2.wctc.net input spamming!
Tue Aug 12 12:33:59 2008 :: DSLPool-net208-2.wctc.net input spamming!
Tue Aug 12 12:34:05 2008 :: DSLPool-net208-2.wctc.net input spamming!
Tue Aug 12 12:34:22 2008 :: DSLPool-net208-2.wctc.net input spamming!
Tue Aug 12 12:34:29 2008 :: DSLPool-net208-2.wctc.net input spamming!
Tue Aug 12 12:34:46 2008 :: Eldo@87-196-26-86.net.novis.pt new player.
Tue Aug 12 12:34:50 2008 :: DSLPool-net208-2.wctc.net input spamming!
Tue Aug 12 12:34:56 2008 :: DSLPool-net208-2.wctc.net input spamming!
Tue Aug 12 12:35:10 2008 :: DSLPool-net208-2.wctc.net input spamming!
Tue Aug 12 12:35:16 2008 :: DSLPool-net208-2.wctc.net input spamming!
Tue Aug 12 12:35:31 2008 :: DSLPool-net208-2.wctc.net input spamming!
Tue Aug 12 12:35:37 2008 :: DSLPool-net208-2.wctc.net input spamming!
Tue Aug 12 12:35:49 2008 :: DSLPool-net208-2.wctc.net input spamming!
Tue Aug 12 12:35:56 2008 :: DSLPool-net208-2.wctc.net input spamming!
Tue Aug 12 12:36:07 2008 :: DSLPool-net208-2.wctc.net input spamming!
Tue Aug 12 12:36:13 2008 :: DSLPool-net208-2.wctc.net input spamming!
Tue Aug 12 12:36:23 2008 :: DSLPool-net208-2.wctc.net input spamming!
Tue Aug 12 12:36:29 2008 :: DSLPool-net208-2.wctc.net input spamming!
Tue Aug 12 12:37:17 2008 :: 87-196-26-86.net.novis.pt input spamming!
Tue Aug 12 12:37:24 2008 :: 87-196-26-86.net.novis.pt input spamming!
Tue Aug 12 12:37:32 2008 :: 87-196-26-86.net.novis.pt input spamming!
Tue Aug 12 12:37:41 2008 :: 87-196-26-86.net.novis.pt input spamming!
Tue Aug 12 12:39:00 2008 :: DSLPool-net208-2.wctc.net input spamming!
Tue Aug 12 12:39:07 2008 :: DSLPool-net208-2.wctc.net input spamming!
Tue Aug 12 12:39:15 2008 :: DSLPool-net208-2.wctc.net input spamming!
Tue Aug 12 12:39:29 2008 :: DSLPool-net208-2.wctc.net input spamming!
Tue Aug 12 12:39:36 2008 :: DSLPool-net208-2.wctc.net input spamming!
Tue Aug 12 12:39:48 2008 :: DSLPool-net208-2.wctc.net input spamming!
Tue Aug 12 12:40:08 2008 :: DSLPool-net208-2.wctc.net input spamming!
Tue Aug 12 12:40:22 2008 :: DSLPool-net208-2.wctc.net input spamming!
Tue Aug 12 12:40:38 2008 :: DSLPool-net208-2.wctc.net input spamming!
Tue Aug 12 12:40:51 2008 :: DSLPool-net208-2.wctc.net input spamming!
Tue Aug 12 12:41:11 2008 :: DSLPool-net208-2.wctc.net input spamming!
Tue Aug 12 12:41:28 2008 :: DSLPool-net208-2.wctc.net input spamming!
Tue Aug 12 12:41:34 2008 :: DSLPool-net208-2.wctc.net input spamming!
Tue Aug 12 12:41:48 2008 :: DSLPool-net208-2.wctc.net input spamming!
Tue Aug 12 12:41:54 2008 :: DSLPool-net208-2.wctc.net input spamming!
Tue Aug 12 12:42:07 2008 :: DSLPool-net208-2.wctc.net input spamming!
Tue Aug 12 12:42:16 2008 :: 87-196-26-86.net.novis.pt input spamming!
Tue Aug 12 12:42:21 2008 :: DSLPool-net208-2.wctc.net input spamming!
Tue Aug 12 12:42:23 2008 :: 87-196-26-86.net.novis.pt input spamming!
Tue Aug 12 12:42:30 2008 :: 87-196-26-86.net.novis.pt input spamming!
Tue Aug 12 12:42:35 2008 :: DSLPool-net208-2.wctc.net input spamming!
Tue Aug 12 12:42:39 2008 :: 87-196-26-86.net.novis.pt input spamming!
Tue Aug 12 12:42:47 2008 :: 87-196-26-86.net.novis.pt input spamming!
Tue Aug 12 12:42:48 2008 :: DSLPool-net208-2.wctc.net input spamming!
Tue Aug 12 12:42:55 2008 :: 87-196-26-86.net.novis.pt input spamming!
Tue Aug 12 12:43:05 2008 :: 87-196-26-86.net.novis.pt input spamming!
Tue Aug 12 12:43:17 2008 :: DSLPool-net208-2.wctc.net input spamming!
Tue Aug 12 12:43:24 2008 :: DSLPool-net208-2.wctc.net input spamming!
Tue Aug 12 12:43:27 2008 :: 87-196-26-86.net.novis.pt input spamming!
Tue Aug 12 12:43:33 2008 :: DSLPool-net208-2.wctc.net input spamming!
Tue Aug 12 12:43:34 2008 :: 87-196-26-86.net.novis.pt input spamming!
Tue Aug 12 12:43:39 2008 :: DSLPool-net208-2.wctc.net input spamming!
Tue Aug 12 12:43:42 2008 :: 87-196-26-86.net.novis.pt input spamming!
Tue Aug 12 12:43:42 2008 :: Grienella has quit.
Tue Aug 12 12:43:49 2008 :: DSLPool-net208-2.wctc.net input spamming!
Tue Aug 12 12:43:50 2008 :: 87-196-26-86.net.novis.pt input spamming!
Tue Aug 12 12:43:55 2008 :: DSLPool-net208-2.wctc.net input spamming!
Tue Aug 12 12:43:59 2008 :: 87-196-26-86.net.novis.pt input spamming!
Tue Aug 12 12:44:05 2008 :: DSLPool-net208-2.wctc.net input spamming!
Tue Aug 12 12:44:14 2008 :: 87-196-26-86.net.novis.pt input spamming!
Tue Aug 12 12:44:19 2008 :: DSLPool-net208-2.wctc.net input spamming!
Tue Aug 12 12:44:23 2008 :: 87-196-26-86.net.novis.pt input spamming!
Tue Aug 12 12:44:38 2008 :: 87-196-26-86.net.novis.pt input spamming!
Tue Aug 12 12:44:42 2008 :: DSLPool-net208-2.wctc.net input spamming!
Tue Aug 12 12:44:48 2008 :: DSLPool-net208-2.wctc.net input spamming!
Tue Aug 12 12:44:49 2008 :: Cyndalaste gained level 7
Tue Aug 12 12:45:18 2008 :: 87-196-26-86.net.novis.pt input spamming!
Tue Aug 12 12:45:39 2008 :: 87-196-26-86.net.novis.pt input spamming!
Tue Aug 12 12:46:00 2008 :: 87-196-26-86.net.novis.pt input spamming!
Tue Aug 12 12:46:25 2008 :: 87-196-26-86.net.novis.pt input spamming!
Tue Aug 12 12:46:33 2008 :: DSLPool-net208-2.wctc.net input spamming!
Tue Aug 12 12:46:34 2008 :: 87-196-26-86.net.novis.pt input spamming!
Tue Aug 12 12:46:50 2008 :: DSLPool-net208-2.wctc.net input spamming!
Tue Aug 12 12:46:56 2008 :: DSLPool-net208-2.wctc.net input spamming!
Tue Aug 12 12:47:07 2008 :: DSLPool-net208-2.wctc.net input spamming!
Tue Aug 12 12:47:18 2008 :: DSLPool-net208-2.wctc.net input spamming!
Tue Aug 12 12:47:47 2008 :: DSLPool-net208-2.wctc.net input spamming!
Tue Aug 12 12:47:53 2008 :: DSLPool-net208-2.wctc.net input spamming!
Tue Aug 12 12:48:08 2008 :: DSLPool-net208-2.wctc.net input spamming!
Tue Aug 12 12:48:14 2008 :: 87-196-26-86.net.novis.pt input spamming!
Tue Aug 12 12:48:14 2008 :: DSLPool-net208-2.wctc.net input spamming!
Tue Aug 12 12:48:22 2008 :: 87-196-26-86.net.novis.pt input spamming!
Tue Aug 12 12:48:27 2008 :: DSLPool-net208-2.wctc.net input spamming!
Tue Aug 12 12:48:33 2008 :: DSLPool-net208-2.wctc.net input spamming!
Tue Aug 12 12:48:45 2008 :: Cael has quit.
Tue Aug 12 12:48:47 2008 :: 87-196-26-86.net.novis.pt input spamming!
Tue Aug 12 12:48:48 2008 :: DSLPool-net208-2.wctc.net input spamming!
Tue Aug 12 12:48:54 2008 :: DSLPool-net208-2.wctc.net input spamming!
Tue Aug 12 12:49:01 2008 :: 87-196-26-86.net.novis.pt input spamming!
Tue Aug 12 12:49:09 2008 :: DSLPool-net208-2.wctc.net input spamming!
Tue Aug 12 12:49:15 2008 :: DSLPool-net208-2.wctc.net input spamming!
Tue Aug 12 12:49:18 2008 :: 87-196-26-86.net.novis.pt input spamming!
Tue Aug 12 12:49:24 2008 :: 87-196-26-86.net.novis.pt input spamming!
Tue Aug 12 12:49:28 2008 :: DSLPool-net208-2.wctc.net input spamming!
Tue Aug 12 12:49:34 2008 :: DSLPool-net208-2.wctc.net input spamming!
Tue Aug 12 12:49:35 2008 :: 87-196-26-86.net.novis.pt input spamming!
Tue Aug 12 12:49:42 2008 :: 87-196-26-86.net.novis.pt input spamming!
Tue Aug 12 12:49:44 2008 :: DSLPool-net208-2.wctc.net input spamming!
Tue Aug 12 12:49:51 2008 :: DSLPool-net208-2.wctc.net input spamming!
Tue Aug 12 12:49:51 2008 :: 87-196-26-86.net.novis.pt input spamming!
Tue Aug 12 12:50:00 2008 :: DSLPool-net208-2.wctc.net input spamming!
Tue Aug 12 12:50:06 2008 :: DSLPool-net208-2.wctc.net input spamming!
Tue Aug 12 12:50:12 2008 :: 87-196-26-86.net.novis.pt input spamming!
Tue Aug 12 12:50:19 2008 :: 87-196-26-86.net.novis.pt input spamming!
Tue Aug 12 12:50:19 2008 :: DSLPool-net208-2.wctc.net input spamming!
Tue Aug 12 12:50:25 2008 :: 87-196-26-86.net.novis.pt input spamming!
Tue Aug 12 12:50:25 2008 :: DSLPool-net208-2.wctc.net input spamming!
Tue Aug 12 12:50:31 2008 :: 87-196-26-86.net.novis.pt input spamming!
Tue Aug 12 12:50:36 2008 :: DSLPool-net208-2.wctc.net input spamming!
Tue Aug 12 12:50:37 2008 :: 87-196-26-86.net.novis.pt input spamming!
Tue Aug 12 12:50:42 2008 :: DSLPool-net208-2.wctc.net input spamming!
Tue Aug 12 12:50:44 2008 :: 87-196-26-86.net.novis.pt input spamming!
Tue Aug 12 12:50:50 2008 :: 87-196-26-86.net.novis.pt input spamming!
Tue Aug 12 12:50:55 2008 :: DSLPool-net208-2.wctc.net input spamming!
Tue Aug 12 12:51:01 2008 :: DSLPool-net208-2.wctc.net input spamming!
Tue Aug 12 12:51:05 2008 :: 87-196-26-86.net.novis.pt input spamming!
Tue Aug 12 12:51:11 2008 :: DSLPool-net208-2.wctc.net input spamming!
Tue Aug 12 12:51:12 2008 :: 87-196-26-86.net.novis.pt input spamming!
Tue Aug 12 12:51:17 2008 :: DSLPool-net208-2.wctc.net input spamming!
Tue Aug 12 12:51:23 2008 :: Sabina gained level 41
Tue Aug 12 12:51:26 2008 :: 87-196-26-86.net.novis.pt input spamming!
Tue Aug 12 12:51:27 2008 :: DSLPool-net208-2.wctc.net input spamming!
Tue Aug 12 12:51:32 2008 :: 87-196-26-86.net.novis.pt input spamming!
Tue Aug 12 12:51:38 2008 :: 87-196-26-86.net.novis.pt input spamming!
Tue Aug 12 12:51:45 2008 :: 87-196-26-86.net.novis.pt input spamming!
Tue Aug 12 12:51:51 2008 :: 87-196-26-86.net.novis.pt input spamming!
Tue Aug 12 12:52:00 2008 :: 87-196-26-86.net.novis.pt input spamming!
Tue Aug 12 12:52:06 2008 :: 87-196-26-86.net.novis.pt input spamming!
Tue Aug 12 12:52:21 2008 :: 87-196-26-86.net.novis.pt input spamming!
Tue Aug 12 12:52:27 2008 :: 87-196-26-86.net.novis.pt input spamming!
Tue Aug 12 12:52:40 2008 :: 87-196-26-86.net.novis.pt input spamming!
Tue Aug 12 12:52:46 2008 :: 87-196-26-86.net.novis.pt input spamming!
Tue Aug 12 12:52:52 2008 :: 87-196-26-86.net.novis.pt input spamming!
Tue Aug 12 12:52:58 2008 :: 87-196-26-86.net.novis.pt input spamming!
Tue Aug 12 12:54:06 2008 :: Sock.sinaddr:  68.155.161.73
Tue Aug 12 12:54:08 2008 :: Loading Gulgor.
Tue Aug 12 12:54:10 2008 :: Look out, Gulgor@adsl-155-161-73.asm.bellsouth.net has connected.
Tue Aug 12 12:55:16 2008 :: 87-196-26-86.net.novis.pt input spamming!
Tue Aug 12 12:55:22 2008 :: 87-196-26-86.net.novis.pt input spamming!
Tue Aug 12 12:55:29 2008 :: 87-196-26-86.net.novis.pt input spamming!
Tue Aug 12 12:55:35 2008 :: DSLPool-net208-2.wctc.net input spamming!
Tue Aug 12 12:55:42 2008 :: DSLPool-net208-2.wctc.net input spamming!
Tue Aug 12 12:55:48 2008 :: 87-196-26-86.net.novis.pt input spamming!
Tue Aug 12 12:55:54 2008 :: DSLPool-net208-2.wctc.net input spamming!
Tue Aug 12 12:55:55 2008 :: 87-196-26-86.net.novis.pt input spamming!
Tue Aug 12 12:56:00 2008 :: DSLPool-net208-2.wctc.net input spamming!
Tue Aug 12 12:56:01 2008 :: 87-196-26-86.net.novis.pt input spamming!
Tue Aug 12 12:56:07 2008 :: 87-196-26-86.net.novis.pt input spamming!
Tue Aug 12 12:56:08 2008 :: Sophira has quit.
Tue Aug 12 12:56:13 2008 :: 87-196-26-86.net.novis.pt input spamming!
Tue Aug 12 12:56:20 2008 :: DSLPool-net208-2.wctc.net input spamming!
Tue Aug 12 12:56:23 2008 :: 87-196-26-86.net.novis.pt input spamming!
Tue Aug 12 12:56:27 2008 :: DSLPool-net208-2.wctc.net input spamming!
Tue Aug 12 12:56:29 2008 :: 87-196-26-86.net.novis.pt input spamming!
Tue Aug 12 12:56:47 2008 :: DSLPool-net208-2.wctc.net input spamming!
Tue Aug 12 12:56:48 2008 :: 87-196-26-86.net.novis.pt input spamming!
Tue Aug 12 12:56:53 2008 :: DSLPool-net208-2.wctc.net input spamming!
Tue Aug 12 12:56:54 2008 :: 87-196-26-86.net.novis.pt input spamming!
Tue Aug 12 12:57:01 2008 :: 87-196-26-86.net.novis.pt input spamming!
Tue Aug 12 12:57:04 2008 :: DSLPool-net208-2.wctc.net input spamming!
Tue Aug 12 12:57:10 2008 :: DSLPool-net208-2.wctc.net input spamming!
Tue Aug 12 12:57:17 2008 :: 87-196-26-86.net.novis.pt input spamming!
Tue Aug 12 12:57:19 2008 :: DSLPool-net208-2.wctc.net input spamming!
Tue Aug 12 12:57:23 2008 :: 87-196-26-86.net.novis.pt input spamming!
Tue Aug 12 12:57:26 2008 :: DSLPool-net208-2.wctc.net input spamming!
Tue Aug 12 12:57:29 2008 :: 87-196-26-86.net.novis.pt input spamming!
Tue Aug 12 12:57:32 2008 :: DSLPool-net208-2.wctc.net input spamming!
Tue Aug 12 12:57:36 2008 :: 87-196-26-86.net.novis.pt input spamming!
Tue Aug 12 12:57:41 2008 :: DSLPool-net208-2.wctc.net input spamming!
Tue Aug 12 12:57:47 2008 :: 87-196-26-86.net.novis.pt input spamming!
Tue Aug 12 12:57:47 2008 :: DSLPool-net208-2.wctc.net input spamming!
Tue Aug 12 12:57:53 2008 :: Eldo gained level 2
Tue Aug 12 12:57:59 2008 :: DSLPool-net208-2.wctc.net input spamming!
Tue Aug 12 12:58:05 2008 :: DSLPool-net208-2.wctc.net input spamming!
Tue Aug 12 12:58:16 2008 :: DSLPool-net208-2.wctc.net input spamming!
Tue Aug 12 12:58:21 2008 :: Eldo has quit.
Tue Aug 12 12:58:22 2008 :: DSLPool-net208-2.wctc.net input spamming!
Tue Aug 12 12:58:28 2008 :: DSLPool-net208-2.wctc.net input spamming!
Tue Aug 12 12:58:41 2008 :: DSLPool-net208-2.wctc.net input spamming!
Tue Aug 12 12:58:47 2008 :: DSLPool-net208-2.wctc.net input spamming!
Tue Aug 12 12:59:01 2008 :: DSLPool-net208-2.wctc.net input spamming!
Tue Aug 12 12:59:07 2008 :: DSLPool-net208-2.wctc.net input spamming!
Tue Aug 12 12:59:25 2008 :: DSLPool-net208-2.wctc.net input spamming!
Tue Aug 12 12:59:32 2008 :: DSLPool-net208-2.wctc.net input spamming!
Tue Aug 12 12:59:46 2008 :: DSLPool-net208-2.wctc.net input spamming!
Tue Aug 12 12:59:52 2008 :: DSLPool-net208-2.wctc.net input spamming!
Tue Aug 12 13:00:04 2008 :: DSLPool-net208-2.wctc.net input spamming!
Tue Aug 12 13:00:11 2008 :: DSLPool-net208-2.wctc.net input spamming!
Tue Aug 12 13:00:21 2008 :: DSLPool-net208-2.wctc.net input spamming!
Tue Aug 12 13:00:37 2008 :: DSLPool-net208-2.wctc.net input spamming!
Tue Aug 12 13:00:43 2008 :: DSLPool-net208-2.wctc.net input spamming!
Tue Aug 12 13:00:53 2008 :: DSLPool-net208-2.wctc.net input spamming!
Tue Aug 12 13:01:00 2008 :: DSLPool-net208-2.wctc.net input spamming!
Tue Aug 12 13:01:06 2008 :: DSLPool-net208-2.wctc.net input spamming!
Tue Aug 12 13:01:20 2008 :: DSLPool-net208-2.wctc.net input spamming!
Tue Aug 12 13:01:26 2008 :: DSLPool-net208-2.wctc.net input spamming!
Tue Aug 12 13:01:32 2008 :: DSLPool-net208-2.wctc.net input spamming!
Tue Aug 12 13:01:42 2008 :: DSLPool-net208-2.wctc.net input spamming!
Tue Aug 12 13:01:48 2008 :: DSLPool-net208-2.wctc.net input spamming!
Tue Aug 12 13:01:54 2008 :: DSLPool-net208-2.wctc.net input spamming!
Tue Aug 12 13:02:20 2008 :: DSLPool-net208-2.wctc.net input spamming!
Tue Aug 12 13:02:26 2008 :: DSLPool-net208-2.wctc.net input spamming!
Tue Aug 12 13:02:33 2008 :: DSLPool-net208-2.wctc.net input spamming!
Tue Aug 12 13:02:48 2008 :: DSLPool-net208-2.wctc.net input spamming!
Tue Aug 12 13:02:51 2008 :: Gulgor has quit.
Tue Aug 12 13:02:54 2008 :: DSLPool-net208-2.wctc.net input spamming!
Tue Aug 12 13:03:15 2008 :: DSLPool-net208-2.wctc.net input spamming!
Tue Aug 12 13:03:22 2008 :: DSLPool-net208-2.wctc.net input spamming!
Tue Aug 12 13:03:28 2008 :: DSLPool-net208-2.wctc.net input spamming!
Tue Aug 12 13:03:40 2008 :: DSLPool-net208-2.wctc.net input spamming!
Tue Aug 12 13:03:47 2008 :: DSLPool-net208-2.wctc.net input spamming!
Tue Aug 12 13:04:00 2008 :: DSLPool-net208-2.wctc.net input spamming!
Tue Aug 12 13:08:31 2008 :: Sock.sinaddr:  76.115.223.123
Tue Aug 12 13:08:35 2008 :: Loading Ciara.
Tue Aug 12 13:08:37 2008 :: Look out, Ciara@76.115.223.123 has connected.
Tue Aug 12 13:10:03 2008 :: Sock.sinaddr:  76.182.128.149
Tue Aug 12 13:10:07 2008 :: Loading Sophira.
Tue Aug 12 13:10:08 2008 :: Look out, Sophira@CPE-76-182-128-149.natwky.res.rr.com has connected.
Tue Aug 12 13:10:13 2008 :: Sophira has quit.
Tue Aug 12 13:12:01 2008 :: Hrimoshimo gained level 47
Tue Aug 12 13:12:11 2008 :: Ciara has quit.
Tue Aug 12 13:12:12 2008 :: Sock.sinaddr:  76.115.223.123
Tue Aug 12 13:12:16 2008 :: Loading Grienella.
Tue Aug 12 13:12:19 2008 :: Look out, Grienella@76.115.223.123 has connected.
Tue Aug 12 13:13:31 2008 :: Grienella has quit.
Tue Aug 12 13:13:32 2008 :: Sock.sinaddr:  76.115.223.123
Tue Aug 12 13:13:34 2008 :: Cyndalaste gained level 8
Tue Aug 12 13:13:34 2008 :: Loading Ciara.
Tue Aug 12 13:13:36 2008 :: Look out, Ciara@76.115.223.123 has connected.
Tue Aug 12 13:14:04 2008 :: Sock.sinaddr:  77.54.212.159
Tue Aug 12 13:14:05 2008 :: Loading Nuantho.
Tue Aug 12 13:14:05 2008 :: Look out, Nuantho@159.212.54.77.rev.vodafone.pt has connected.
Tue Aug 12 13:14:32 2008 :: Sabina has quit.
Tue Aug 12 13:14:32 2008 :: [*****] BUG: update_char: Trying to work with an invalidated character.

Tue Aug 12 13:15:06 2008 :: Nuantho has quit.
Tue Aug 12 13:21:55 2008 :: Sock.sinaddr:  66.32.100.215
Tue Aug 12 13:21:58 2008 :: Loading Visex.
Tue Aug 12 13:22:00 2008 :: Look out, Visex@user-1120p6n.dsl.mindspring.com has connected.
Tue Aug 12 13:25:45 2008 :: Sock.sinaddr:  72.220.48.225
Tue Aug 12 13:26:05 2008 :: Loading Sabina.
Tue Aug 12 13:26:09 2008 :: Look out, Sabina@ip72-220-48-225.sd.sd.cox.net has connected.
Tue Aug 12 13:26:32 2008 :: Ciara has quit.
Tue Aug 12 13:26:32 2008 :: Sock.sinaddr:  76.115.223.123
Tue Aug 12 13:26:36 2008 :: Loading Grienella.
Tue Aug 12 13:26:38 2008 :: Look out, Grienella@76.115.223.123 has connected.
Tue Aug 12 13:34:08 2008 :: Grienella has quit.
Tue Aug 12 13:34:09 2008 :: Sock.sinaddr:  76.115.223.123
Tue Aug 12 13:34:13 2008 :: Loading Aaril.
Tue Aug 12 13:34:14 2008 :: Look out, Aaril@76.115.223.123 has connected.
Tue Aug 12 13:34:49 2008 :: Aaril has quit.
Tue Aug 12 13:34:50 2008 :: Sock.sinaddr:  76.115.223.123
Tue Aug 12 13:34:52 2008 :: Loading Ciara.
Tue Aug 12 13:34:54 2008 :: Look out, Ciara@76.115.223.123 has connected.
Tue Aug 12 13:35:15 2008 :: Sock.sinaddr:  76.21.94.67
Tue Aug 12 13:35:18 2008 :: Loading Habbakuk.
Tue Aug 12 13:35:20 2008 :: Habbakuk. Bad Password. IP: c-76-21-94-67.hsd1.ca.comcast.net> 18451
Tue Aug 12 13:35:20 2008 :: Closing link to Habbakuk.
Tue Aug 12 13:35:20 2008 :: [*****] BUG: Norm-Apply: 0
Tue Aug 12 13:35:20 2008 :: [*****] BUG: location = 26
Tue Aug 12 13:35:20 2008 :: [*****] BUG: type = 85
Tue Aug 12 13:35:20 2008 :: [*****] BUG: Norm-Apply: 0
Tue Aug 12 13:35:22 2008 :: Sock.sinaddr:  76.21.94.67
Tue Aug 12 13:35:25 2008 :: Loading Habbakuk.
Tue Aug 12 13:35:26 2008 :: Look out, Habbakuk@c-76-21-94-67.hsd1.ca.comcast.net has connected.
Tue Aug 12 13:42:19 2008 :: Visex has quit.
Tue Aug 12 13:44:23 2008 :: Sabina gained level 42
Tue Aug 12 13:51:41 2008 :: Ciara has quit.
Tue Aug 12 13:55:14 2008 :: Sock.sinaddr:  76.115.223.123
Tue Aug 12 13:55:20 2008 :: Loading Aaril.
Tue Aug 12 13:55:22 2008 :: Look out, Aaril@76.115.223.123 has connected.
Tue Aug 12 13:56:04 2008 :: Sock.sinaddr:  208.54.94.110
Tue Aug 12 13:56:05 2008 :: Loading Hrimoshimo.
Tue Aug 12 13:56:10 2008 :: Closing link to Hrimoshimo.
Tue Aug 12 13:56:10 2008 :: Hrimoshimo@m6e5e36d0.tmodns.net reconnected.
Tue Aug 12 13:59:25 2008 :: Sock.sinaddr:  98.212.151.22
Tue Aug 12 13:59:27 2008 :: Loading Konrad.
Tue Aug 12 13:59:29 2008 :: Look out, Konrad@c-98-212-151-22.hsd1.il.comcast.net has connected.
Tue Aug 12 14:02:09 2008 :: Zivilyn has quit.
Tue Aug 12 14:02:30 2008 :: Sock.sinaddr:  76.182.128.149
Tue Aug 12 14:02:32 2008 :: Loading Sophira.
Tue Aug 12 14:02:33 2008 :: Look out, Sophira@CPE-76-182-128-149.natwky.res.rr.com has connected.
Tue Aug 12 14:04:03 2008 :: Sophira has quit.
Tue Aug 12 14:04:34 2008 :: Sock.sinaddr:  66.57.203.135
Tue Aug 12 14:04:39 2008 :: Loading Mikhal.
Tue Aug 12 14:04:41 2008 :: Closing link to Mikhal.
Tue Aug 12 14:04:41 2008 :: Mikhal@cpe-066-057-203-135.sc.res.rr.com reconnected.
Tue Aug 12 14:05:56 2008 :: Sock.sinaddr:  66.183.189.84
Tue Aug 12 14:06:04 2008 :: Loading Kaytria.
Tue Aug 12 14:06:07 2008 :: Look out, Kaytria@d66-183-189-84.bchsia.telus.net has connected.
Tue Aug 12 14:06:56 2008 :: Sock.sinaddr:  77.54.212.159
Tue Aug 12 14:06:56 2008 :: Loading Nuantho.
Tue Aug 12 14:06:56 2008 :: Look out, Nuantho@159.212.54.77.rev.vodafone.pt has connected.
Tue Aug 12 14:07:05 2008 :: Nuantho has quit.
Tue Aug 12 14:09:04 2008 :: Sock.sinaddr:  68.154.219.175
Tue Aug 12 14:09:06 2008 :: Loading Aruka.
Tue Aug 12 14:09:08 2008 :: Look out, Aruka@adsl-154-219-175.jax.bellsouth.net has connected.
Tue Aug 12 14:09:27 2008 :: Sabina gained level 43
Tue Aug 12 14:13:42 2008 :: Aruka gained level 8
Tue Aug 12 14:17:12 2008 :: Habbakuk has quit.
Tue Aug 12 14:17:12 2008 :: [*****] BUG: Norm-Apply: 0
Tue Aug 12 14:17:12 2008 :: [*****] BUG: location = 26
Tue Aug 12 14:17:12 2008 :: [*****] BUG: type = 85
Tue Aug 12 14:17:12 2008 :: [*****] BUG: Norm-Apply: 0
Tue Aug 12 14:18:06 2008 :: cpe-066-057-203-135.sc.res.rr.com input spamming!
Tue Aug 12 14:19:48 2008 :: Sock.sinaddr:  76.182.128.149
Tue Aug 12 14:19:50 2008 :: Loading Sophira.
Tue Aug 12 14:19:51 2008 :: Look out, Sophira@CPE-76-182-128-149.natwky.res.rr.com has connected.
Tue Aug 12 14:20:25 2008 :: Sophira has quit.
Tue Aug 12 14:23:57 2008 :: Kaytria has quit.
Tue Aug 12 14:29:10 2008 :: Hrimoshimo gained level 48
Tue Aug 12 14:29:40 2008 :: Sock.sinaddr:  76.182.128.149
Tue Aug 12 14:29:43 2008 :: Loading Sophira.
Tue Aug 12 14:29:44 2008 :: Look out, Sophira@CPE-76-182-128-149.natwky.res.rr.com has connected.
Tue Aug 12 14:30:00 2008 :: Aaril gained level 81
Tue Aug 12 14:32:22 2008 :: Sophira has quit.
Tue Aug 12 14:32:24 2008 :: Sock.sinaddr:  98.17.151.166
Tue Aug 12 14:32:27 2008 :: Sock.sinaddr:  76.182.128.149
Tue Aug 12 14:32:27 2008 :: Loading Sargonnas.
Tue Aug 12 14:32:29 2008 :: Look out, Sargonnas@h166.151.17.98.dynamic.ip.windstream.net has connected.
Tue Aug 12 14:32:32 2008 :: Closing link to Camiryle.
Tue Aug 12 14:32:34 2008 :: Sock.sinaddr:  76.182.128.149
Tue Aug 12 14:32:39 2008 :: Loading Camirlya.
Tue Aug 12 14:32:41 2008 :: Look out, Camirlya@CPE-76-182-128-149.natwky.res.rr.com has connected.
Tue Aug 12 14:33:47 2008 :: Camirlya has quit.
Tue Aug 12 14:36:42 2008 :: Hrimoshimo has quit.
Tue Aug 12 14:36:48 2008 :: Sock.sinaddr:  208.54.94.110
Tue Aug 12 14:36:49 2008 :: Loading Hoyt.
Tue Aug 12 14:36:49 2008 :: Look out, Hoyt@m6e5e36d0.tmodns.net has connected.
Tue Aug 12 14:43:40 2008 :: Hoyt has quit.
Tue Aug 12 14:46:48 2008 :: Sock.sinaddr:  98.17.151.166
Tue Aug 12 14:46:50 2008 :: Loading Atule.
Tue Aug 12 14:46:51 2008 :: Look out, Atule@h166.151.17.98.dynamic.ip.windstream.net has connected.
Tue Aug 12 14:47:46 2008 :: Log Sargonnas: transfer atule 17842
Tue Aug 12 14:48:35 2008 :: Log Sargonnas: transfer missionary atule
Tue Aug 12 14:53:03 2008 :: Sabina gained level 44
Tue Aug 12 14:53:18 2008 :: Log Sargonnas: transfer atule 17842
Tue Aug 12 14:55:02 2008 :: Aruka has quit.
Tue Aug 12 14:56:44 2008 :: Log Sargonnas: transfer atule 10672
Tue Aug 12 14:58:06 2008 :: Sock.sinaddr:  76.182.128.149
Tue Aug 12 14:58:09 2008 :: Loading Sophira.
Tue Aug 12 14:58:10 2008 :: Look out, Sophira@CPE-76-182-128-149.natwky.res.rr.com has connected.
Tue Aug 12 14:58:19 2008 :: Cyndalaste has quit.
Tue Aug 12 14:58:26 2008 :: Log Sargonnas: transfer atule 17842
Tue Aug 12 15:04:55 2008 :: Sophira has quit.
Tue Aug 12 15:04:57 2008 :: Sock.sinaddr:  76.182.128.149
Read_from_descriptor: Connection reset by peer
Tue Aug 12 15:05:04 2008 :: Sock.sinaddr:  76.182.128.149
Tue Aug 12 15:05:07 2008 :: Loading Yerthorn.
Tue Aug 12 15:05:08 2008 :: Look out, Yerthorn@CPE-76-182-128-149.natwky.res.rr.com has connected.
Tue Aug 12 15:12:09 2008 :: [WARNING] Mikhal tells Yerthorn: you may have little time on the mud..but when you ARE on. you do yourjob
Tue Aug 12 15:14:10 2008 :: Sabina gained level 45
Tue Aug 12 15:17:35 2008 :: Atule gained level 48
Tue Aug 12 15:18:07 2008 :: cpe-066-057-203-135.sc.res.rr.com input spamming!
Tue Aug 12 15:18:31 2008 :: Sock.sinaddr:  66.183.189.84
Tue Aug 12 15:18:33 2008 :: Loading Kaytria.
Tue Aug 12 15:18:35 2008 :: Look out, Kaytria@d66-183-189-84.bchsia.telus.net has connected.
Tue Aug 12 15:18:38 2008 :: Kaytria has quit.
Tue Aug 12 15:18:39 2008 :: Sock.sinaddr:  66.183.189.84
Tue Aug 12 15:18:42 2008 :: Loading Sitanea.
Tue Aug 12 15:18:45 2008 :: Sitanea. Bad Password. IP: d66-183-189-84.bchsia.telus.net> stringbran
Tue Aug 12 15:18:45 2008 :: Closing link to Sitanea.
Tue Aug 12 15:18:48 2008 :: Sock.sinaddr:  66.183.189.84
Tue Aug 12 15:18:51 2008 :: Closing link to Sitane.
Tue Aug 12 15:18:54 2008 :: Sock.sinaddr:  66.183.189.84
Tue Aug 12 15:18:56 2008 :: Loading Sitanea.
Tue Aug 12 15:18:58 2008 :: Look out, Sitanea@d66-183-189-84.bchsia.telus.net has connected.
Tue Aug 12 15:19:51 2008 :: [WARNING] Mikhal tells Sitanea: DelRivian graces the mud at last .
Tue Aug 12 15:24:56 2008 :: Mikhal has quit.
Tue Aug 12 15:25:00 2008 :: Sock.sinaddr:  66.57.203.135
Tue Aug 12 15:25:02 2008 :: Loading Theriss.
Tue Aug 12 15:25:05 2008 :: Look out, Theriss@cpe-066-057-203-135.sc.res.rr.com has connected.
Tue Aug 12 15:25:54 2008 :: Konrad has quit.
Tue Aug 12 15:26:40 2008 :: Theriss has quit.
Tue Aug 12 15:26:43 2008 :: Sock.sinaddr:  66.57.203.135
Tue Aug 12 15:26:44 2008 :: Loading Theriss.
Tue Aug 12 15:26:47 2008 :: Look out, Theriss@cpe-066-057-203-135.sc.res.rr.com has connected.
Tue Aug 12 15:27:34 2008 :: Theriss has quit.
Tue Aug 12 15:27:37 2008 :: Sock.sinaddr:  66.57.203.135
Tue Aug 12 15:27:39 2008 :: Loading Mikhal.
Tue Aug 12 15:27:40 2008 :: Look out, Mikhal@cpe-066-057-203-135.sc.res.rr.com has connected.
Tue Aug 12 15:37:20 2008 :: Sock.sinaddr:  98.212.160.183
Tue Aug 12 15:37:25 2008 :: Loading Celmarian.
Tue Aug 12 15:37:26 2008 :: Look out, Celmarian@c-98-212-160-183.hsd1.il.comcast.net has connected.
Tue Aug 12 15:45:08 2008 :: Celmarian has quit.
Tue Aug 12 15:45:08 2008 :: Sock.sinaddr:  98.212.160.183
Tue Aug 12 15:45:10 2008 :: Loading Kotoasa.
Tue Aug 12 15:45:12 2008 :: Look out, Kotoasa@c-98-212-160-183.hsd1.il.comcast.net has connected.
Tue Aug 12 15:45:26 2008 :: Sock.sinaddr:  222.154.183.11
Tue Aug 12 15:45:31 2008 :: Loading Sokel.
Tue Aug 12 15:45:33 2008 :: Look out, Sokel@222-154-183-11.jetstream.xtra.co.nz has connected.
Tue Aug 12 15:45:38 2008 :: Sock.sinaddr:  24.69.72.206
Tue Aug 12 15:47:51 2008 :: Mirradin@S010600195b95578e.gv.shawcable.net new player.
Tue Aug 12 15:49:11 2008 :: Sock.sinaddr:  121.72.10.51
Tue Aug 12 15:49:11 2008 :: Sock.sinaddr:  121.72.10.51
Tue Aug 12 15:49:35 2008 :: Loading Sirrion.
Tue Aug 12 15:49:37 2008 :: Look out, Sirrion@121-72-10-51.dsl.telstraclear.net has connected.
Tue Aug 12 15:50:28 2008 :: Sirrion has quit.
Tue Aug 12 15:50:30 2008 :: EOF encountered on read.
Tue Aug 12 15:51:11 2008 :: Log Mikhal: losereply kotoa
Tue Aug 12 15:53:00 2008 :: Sokel has quit.
Tue Aug 12 15:57:17 2008 :: Log Sargonnas: load obj 17547
Tue Aug 12 15:57:25 2008 :: Log Sargonnas: sgive tat atule
Tue Aug 12 15:58:25 2008 :: Mirradin gained level 2
Tue Aug 12 15:59:50 2008 :: Sabina gained level 46
Tue Aug 12 16:00:17 2008 :: Log Yerthorn: admit sitanea conclave
Tue Aug 12 16:00:31 2008 :: Mirradin gained level 3
Tue Aug 12 16:01:48 2008 :: cpe-066-057-203-135.sc.res.rr.com input spamming!
Tue Aug 12 16:02:17 2008 :: Sock.sinaddr:  72.204.22.211
Tue Aug 12 16:02:19 2008 :: Loading Dekyos.
Tue Aug 12 16:02:20 2008 :: Look out, Dekyos@ip72-204-22-211.fv.ks.cox.net has connected.
Tue Aug 12 16:02:45 2008 :: Dekyos has quit.
Tue Aug 12 16:03:01 2008 :: Sock.sinaddr:  98.212.160.183
Tue Aug 12 16:03:04 2008 :: Loading Kotoasa.
Read_from_descriptor: Connection reset by peer
Tue Aug 12 16:03:05 2008 :: Closing link to Kotoasa.
Tue Aug 12 16:03:06 2008 :: Kotoasa@c-98-212-160-183.hsd1.il.comcast.net reconnected.
Tue Aug 12 16:03:10 2008 :: Yerthorn has quit.
Tue Aug 12 16:03:43 2008 :: Kotoasa has quit.
Tue Aug 12 16:05:07 2008 :: Sock.sinaddr:  98.212.160.183
Tue Aug 12 16:05:10 2008 :: Loading Kotoasa.
Tue Aug 12 16:05:11 2008 :: Look out, Kotoasa@c-98-212-160-183.hsd1.il.comcast.net has connected.
Tue Aug 12 16:05:14 2008 :: Kotoasa has quit.
Tue Aug 12 16:05:31 2008 :: [*****] BUG: Sig handler SIGSEGV
Tue Aug 12 16:05:31 2008 :: Saved zones:
Tue Aug 12 16:05:31 2008 :: None.
Tue Aug 12 16:05:31 2008 :: ROM is ready to rock on port 6100.
Tue Aug 12 16:05:31 2008 :: Copyover recovery initiated
Tue Aug 12 16:05:31 2008 :: Loading Mirradin.
Tue Aug 12 16:05:31 2008 :: Loading Mikhal.
Tue Aug 12 16:05:31 2008 :: Loading Sitanea.
Tue Aug 12 16:05:31 2008 :: Loading Atule.
Tue Aug 12 16:05:31 2008 :: Loading Sargonnas.
Tue Aug 12 16:05:31 2008 :: Loading Aaril.
Tue Aug 12 16:05:31 2008 :: Loading Sabina.
Tue Aug 12 16:05:59 2008 :: Log Sargonnas: gecho ** Who broke it o.O ?? **
