Tue Aug 12 16:22:49 2008 :: ROM is ready to rock on port 6100.
Tue Aug 12 16:32:39 2008 :: Sock.sinaddr:  71.89.56.207
Tue Aug 12 16:32:42 2008 :: Loading Hiddukel.
Tue Aug 12 16:32:47 2008 :: Look out, Hiddukel@71-89-56-207.dhcp.stpt.wi.charter.com has connected.
Tue Aug 12 16:34:08 2008 :: Sock.sinaddr:  76.115.223.123
Tue Aug 12 16:34:12 2008 :: Loading Aaril.
Tue Aug 12 16:34:14 2008 :: Look out, Aaril@76.115.223.123 has connected.
Tue Aug 12 16:34:24 2008 :: Sock.sinaddr:  67.36.178.57
Tue Aug 12 16:34:28 2008 :: Loading Aurolite.
Tue Aug 12 16:34:29 2008 :: Look out, Aurolite@adsl-67-36-178-57.dsl.chcgil.ameritech.net has connected.
Tue Aug 12 16:34:40 2008 :: Aurolite has quit.
Tue Aug 12 16:34:44 2008 :: Sock.sinaddr:  72.220.48.225
Tue Aug 12 16:34:49 2008 :: Loading Sabina.
Tue Aug 12 16:34:52 2008 :: Look out, Sabina@ip72-220-48-225.sd.sd.cox.net has connected.
Tue Aug 12 16:35:07 2008 :: Sock.sinaddr:  67.36.178.57
Tue Aug 12 16:35:10 2008 :: Loading Vitrian.
Tue Aug 12 16:35:11 2008 :: Look out, Vitrian@adsl-67-36-178-57.dsl.chcgil.ameritech.net has connected.
Tue Aug 12 16:35:39 2008 :: Sabina has quit.
Tue Aug 12 16:36:03 2008 :: Sock.sinaddr:  72.220.48.225
Tue Aug 12 16:36:11 2008 :: Loading Annysia.
Tue Aug 12 16:36:13 2008 :: Look out, Annysia@ip72-220-48-225.sd.sd.cox.net has connected.
Tue Aug 12 16:38:44 2008 :: Aaril has quit.
Tue Aug 12 16:47:13 2008 :: Log Hiddukel: restore all
Tue Aug 12 16:47:17 2008 :: Log Hiddukel: check
Tue Aug 12 16:48:11 2008 :: Sock.sinaddr:  98.17.151.166
Tue Aug 12 16:48:15 2008 :: Loading Sargonnas.
Tue Aug 12 16:48:16 2008 :: Look out, Sargonnas@h166.151.17.98.dynamic.ip.windstream.net has connected.
Tue Aug 12 16:48:42 2008 :: Sock.sinaddr:  66.57.203.135
Tue Aug 12 16:48:45 2008 :: Loading Mikhal.
Tue Aug 12 16:48:46 2008 :: Look out, Mikhal@cpe-066-057-203-135.sc.res.rr.com has connected.
Tue Aug 12 16:54:23 2008 :: [WARNING] Vitrian replies to Mikhal: at least on this mud
Tue Aug 12 16:55:35 2008 :: Sock.sinaddr:  98.17.151.166
Tue Aug 12 16:55:37 2008 :: Loading Atule.
Tue Aug 12 16:55:38 2008 :: Look out, Atule@h166.151.17.98.dynamic.ip.windstream.net has connected.
Tue Aug 12 16:56:19 2008 :: [WARNING] Mikhal tells Vitrian: atleast your hearing something. some people go un noticed on this mud for years. 
Tue Aug 12 16:57:42 2008 :: Sock.sinaddr:  172.162.173.104
Tue Aug 12 16:58:00 2008 :: Loading Kiri.
Tue Aug 12 16:58:05 2008 :: Look out, Kiri@ACA2AD68.ipt.aol.com has connected.
Tue Aug 12 16:59:01 2008 :: Sock.sinaddr:  98.212.151.22
Tue Aug 12 16:59:04 2008 :: Loading Konrad.
Tue Aug 12 16:59:06 2008 :: Look out, Konrad@c-98-212-151-22.hsd1.il.comcast.net has connected.
Tue Aug 12 17:00:18 2008 :: Sock.sinaddr:  172.162.173.104
Tue Aug 12 17:00:21 2008 :: Loading Skravir.
Tue Aug 12 17:00:21 2008 :: Look out, Skravir@ACA2AD68.ipt.aol.com has connected.
Tue Aug 12 17:00:23 2008 :: Log Sargonnas: transfer konrad
Tue Aug 12 17:01:31 2008 :: Sock.sinaddr:  98.212.160.183
Tue Aug 12 17:01:33 2008 :: Loading Kotoasa.
Tue Aug 12 17:01:34 2008 :: Look out, Kotoasa@c-98-212-160-183.hsd1.il.comcast.net has connected.
Tue Aug 12 17:01:35 2008 :: Hiddukel has quit.
Tue Aug 12 17:01:39 2008 :: Kotoasa has quit.
Tue Aug 12 17:01:40 2008 :: Sock.sinaddr:  98.212.160.183
Tue Aug 12 17:01:43 2008 :: Loading Celmarian.
Tue Aug 12 17:01:47 2008 :: Celmarian. Bad Password. IP: c-98-212-160-183.hsd1.il.comcast.net> l
Tue Aug 12 17:01:47 2008 :: Closing link to Celmarian.
Tue Aug 12 17:01:49 2008 :: Sock.sinaddr:  98.212.160.183
Tue Aug 12 17:01:51 2008 :: Loading Kotoasa.
Tue Aug 12 17:01:53 2008 :: Look out, Kotoasa@c-98-212-160-183.hsd1.il.comcast.net has connected.
Tue Aug 12 17:03:37 2008 :: Atule has quit.
Tue Aug 12 17:07:38 2008 :: Sock.sinaddr:  70.69.169.100
Tue Aug 12 17:07:40 2008 :: Loading Cordani.
Tue Aug 12 17:07:41 2008 :: Look out, Cordani@S0106001d60c94542.va.shawcable.net has connected.
Tue Aug 12 17:08:08 2008 :: Cordani has quit.
Tue Aug 12 17:12:51 2008 :: Sock.sinaddr:  98.212.151.22
Tue Aug 12 17:13:12 2008 :: Loading Konrad.
Tue Aug 12 17:13:16 2008 :: Closing link to Konrad.
Tue Aug 12 17:13:16 2008 :: Konrad@c-98-212-151-22.hsd1.il.comcast.net reconnected.
Tue Aug 12 17:16:10 2008 :: Sock.sinaddr:  172.164.5.49
Tue Aug 12 17:16:15 2008 :: Loading Delshawen.
Tue Aug 12 17:16:17 2008 :: Look out, Delshawen@ACA40531.ipt.aol.com has connected.
Tue Aug 12 17:16:32 2008 :: Delshawen has quit.
Tue Aug 12 17:19:45 2008 :: Sock.sinaddr:  172.164.5.49
Tue Aug 12 17:19:48 2008 :: Loading Vladamir.
Tue Aug 12 17:19:50 2008 :: Look out, Vladamir@ACA40531.ipt.aol.com has connected.
Tue Aug 12 17:20:05 2008 :: Vitrian has quit.
Tue Aug 12 17:20:14 2008 :: Vladamir has quit.
Tue Aug 12 17:21:11 2008 :: Annysia has quit.
Tue Aug 12 17:21:18 2008 :: Sock.sinaddr:  72.220.48.225
Tue Aug 12 17:21:23 2008 :: Loading Phiaera.
Tue Aug 12 17:21:25 2008 :: Look out, Phiaera@ip72-220-48-225.sd.sd.cox.net has connected.
Tue Aug 12 17:21:34 2008 :: Phiaera has quit.
Tue Aug 12 17:21:38 2008 :: Kotoasa has quit.
Tue Aug 12 17:21:40 2008 :: Sock.sinaddr:  72.220.48.225
Tue Aug 12 17:21:45 2008 :: Loading Sabina.
Tue Aug 12 17:21:50 2008 :: Look out, Sabina@ip72-220-48-225.sd.sd.cox.net has connected.
Tue Aug 12 17:24:28 2008 :: Sock.sinaddr:  66.183.189.84
Tue Aug 12 17:24:31 2008 :: Loading Kaytria.
Tue Aug 12 17:24:32 2008 :: Look out, Kaytria@d66-183-189-84.bchsia.telus.net has connected.
Tue Aug 12 17:24:54 2008 :: Kaytria has quit.
Tue Aug 12 17:24:54 2008 :: Sock.sinaddr:  66.183.189.84
Tue Aug 12 17:24:56 2008 :: Loading Sitanea.
Tue Aug 12 17:24:58 2008 :: Look out, Sitanea@d66-183-189-84.bchsia.telus.net has connected.
Tue Aug 12 17:25:30 2008 :: Skravir has quit.
Tue Aug 12 17:28:52 2008 :: Sock.sinaddr:  172.164.5.49
Tue Aug 12 17:28:55 2008 :: Loading Vivienne.
Tue Aug 12 17:28:57 2008 :: Look out, Vivienne@ACA40531.ipt.aol.com has connected.
Tue Aug 12 17:29:19 2008 :: Vivienne has quit.
Tue Aug 12 17:29:23 2008 :: Sock.sinaddr:  172.164.5.49
Tue Aug 12 17:29:26 2008 :: Loading Moriyanna.
Tue Aug 12 17:29:27 2008 :: Look out, Moriyanna@ACA40531.ipt.aol.com has connected.
Tue Aug 12 17:29:46 2008 :: Sock.sinaddr:  98.211.33.243
Tue Aug 12 17:29:52 2008 :: Loading Lythanis.
Tue Aug 12 17:29:52 2008 :: Moriyanna has quit.
Tue Aug 12 17:29:53 2008 :: Look out, Lythanis@c-98-211-33-243.hsd1.tn.comcast.net has connected.
Tue Aug 12 17:30:14 2008 :: [WARNING] Mikhal heros: i grabbed one when the mud booted up. 
Tue Aug 12 17:30:28 2008 :: Sock.sinaddr:  98.235.133.21
Tue Aug 12 17:30:34 2008 :: Loading Gorignak.
Tue Aug 12 17:30:36 2008 :: Look out, Gorignak@c-98-235-133-21.hsd1.pa.comcast.net has connected.
Tue Aug 12 17:30:45 2008 :: Kiri has quit.
Tue Aug 12 17:39:07 2008 :: cpe-066-057-203-135.sc.res.rr.com input spamming!
Tue Aug 12 17:40:05 2008 :: Sargonnas has quit.
Tue Aug 12 17:40:10 2008 :: Konrad has quit.
Tue Aug 12 17:44:41 2008 :: Sock.sinaddr:  72.204.22.211
Tue Aug 12 17:44:43 2008 :: Loading Dekyos.
Tue Aug 12 17:44:44 2008 :: Look out, Dekyos@ip72-204-22-211.fv.ks.cox.net has connected.
Tue Aug 12 17:44:47 2008 :: Dekyos has quit.
Tue Aug 12 17:58:28 2008 :: Sitanea has quit.
Tue Aug 12 18:02:30 2008 :: Sock.sinaddr:  172.130.38.197
Tue Aug 12 18:02:35 2008 :: Loading Mogu.
Tue Aug 12 18:02:36 2008 :: Look out, Mogu@AC8226C5.ipt.aol.com has connected.
Tue Aug 12 18:04:14 2008 :: Gorignak killed by the large pug at 3114
Tue Aug 12 18:05:13 2008 :: Mogu has quit.
Tue Aug 12 18:05:16 2008 :: Sock.sinaddr:  172.130.38.197
Tue Aug 12 18:05:21 2008 :: Loading Jamroar.
Tue Aug 12 18:05:22 2008 :: Look out, Jamroar@AC8226C5.ipt.aol.com has connected.
Tue Aug 12 18:07:18 2008 :: Jamroar has quit.
Tue Aug 12 18:07:22 2008 :: Sock.sinaddr:  172.130.38.197
Tue Aug 12 18:07:24 2008 :: Loading Thilt.
Tue Aug 12 18:07:25 2008 :: Look out, Thilt@AC8226C5.ipt.aol.com has connected.
Tue Aug 12 18:28:37 2008 :: Log Gorignak: devote paladine
Tue Aug 12 18:30:43 2008 :: Lythanis has quit.
Tue Aug 12 18:34:43 2008 :: Log Gorignak: devote paladine
Tue Aug 12 18:37:57 2008 :: Sock.sinaddr:  71.89.56.207
Tue Aug 12 18:38:00 2008 :: Loading Hiddukel.
Tue Aug 12 18:38:01 2008 :: Look out, Hiddukel@71-89-56-207.dhcp.stpt.wi.charter.com has connected.
Tue Aug 12 18:38:07 2008 :: Log Hiddukel: restore all
Tue Aug 12 18:38:39 2008 :: Sock.sinaddr:  172.162.173.104
Tue Aug 12 18:38:40 2008 :: Loading Kiri.
Tue Aug 12 18:38:43 2008 :: Look out, Kiri@ACA2AD68.ipt.aol.com has connected.
Tue Aug 12 18:44:00 2008 :: Sock.sinaddr:  172.162.173.104
Tue Aug 12 18:44:03 2008 :: Loading Lothorian.
Tue Aug 12 18:44:03 2008 :: Look out, Lothorian@ACA2AD68.ipt.aol.com has connected.
Tue Aug 12 18:52:04 2008 :: Thilt has quit.
Tue Aug 12 18:52:04 2008 :: [*****] BUG: update_char: Trying to work with an invalidated character.

Tue Aug 12 18:55:54 2008 :: Sock.sinaddr:  67.219.91.173
Tue Aug 12 18:55:57 2008 :: Loading Thanglo.
Tue Aug 12 18:55:59 2008 :: Look out, Thanglo@h173.91.219.67.cable.wstv.cablerocket.net has connected.
Tue Aug 12 18:57:06 2008 :: h173.91.219.67.cable.wstv.cablerocket.net input spamming!
Tue Aug 12 18:57:37 2008 :: Thanglo has quit.
Tue Aug 12 18:57:44 2008 :: Sock.sinaddr:  67.219.91.173
Tue Aug 12 18:57:47 2008 :: Loading Jerick.
Tue Aug 12 18:57:48 2008 :: Look out, Jerick@h173.91.219.67.cable.wstv.cablerocket.net has connected.
Tue Aug 12 18:58:23 2008 :: Jerick has quit.
Tue Aug 12 19:05:36 2008 :: Sock.sinaddr:  98.212.151.22
Tue Aug 12 19:05:37 2008 :: Loading Konrad.
Tue Aug 12 19:05:39 2008 :: Look out, Konrad@c-98-212-151-22.hsd1.il.comcast.net has connected.
Tue Aug 12 19:05:43 2008 :: Konrad has quit.
Tue Aug 12 19:18:26 2008 :: Sabina has quit.
Tue Aug 12 19:18:30 2008 :: Sock.sinaddr:  72.220.48.225
Tue Aug 12 19:18:35 2008 :: Loading Aiko.
Tue Aug 12 19:18:37 2008 :: Look out, Aiko@ip72-220-48-225.sd.sd.cox.net has connected.
Tue Aug 12 19:19:44 2008 :: Gorignak gained level 7
Tue Aug 12 19:20:13 2008 :: Aiko has quit.
Tue Aug 12 19:20:18 2008 :: Sock.sinaddr:  72.220.48.225
Tue Aug 12 19:20:24 2008 :: Loading Sabina.
Tue Aug 12 19:20:26 2008 :: Look out, Sabina@ip72-220-48-225.sd.sd.cox.net has connected.
Tue Aug 12 19:23:25 2008 :: Sabina gained level 47
Tue Aug 12 19:23:50 2008 :: Lothorian gained level 51
Tue Aug 12 19:32:34 2008 :: Gorignak has quit.
Tue Aug 12 19:40:00 2008 :: Sabina gained level 48
Tue Aug 12 19:40:20 2008 :: cpe-066-057-203-135.sc.res.rr.com input spamming!
Tue Aug 12 19:48:33 2008 :: Lothorian gained level 52
Tue Aug 12 19:52:22 2008 :: Mikhal has quit.
Tue Aug 12 20:00:26 2008 :: Lothorian has quit.
Tue Aug 12 20:00:30 2008 :: Kiri has quit.
Tue Aug 12 20:01:31 2008 :: Sabina has quit.
Tue Aug 12 20:16:04 2008 :: Sock.sinaddr:  204.209.44.14
Write_to_descriptor: Broken pipe
Write_to_descriptor: Broken pipe
Write_to_descriptor: Broken pipe
Write_to_descriptor: Broken pipe
Write_to_descriptor: Broken pipe
Write_to_descriptor: Broken pipe
Write_to_descriptor: Broken pipe
Tue Aug 12 20:16:04 2008 :: EOF encountered on read.
Tue Aug 12 20:16:04 2008 :: EOF encountered on read.
Tue Aug 12 20:19:40 2008 :: Sock.sinaddr:  12.96.43.96
Tue Aug 12 20:19:46 2008 :: Loading Darkahn.
Tue Aug 12 20:19:48 2008 :: Look out, Darkahn@12.96.43.96.usa2net.net has connected.
Tue Aug 12 20:21:16 2008 :: Darkahn has quit.
Tue Aug 12 21:09:53 2008 :: Sock.sinaddr:  204.209.44.14
Tue Aug 12 21:10:01 2008 :: EOF encountered on read.
Tue Aug 12 21:10:21 2008 :: Sock.sinaddr:  66.74.25.48
Tue Aug 12 21:10:29 2008 :: Loading Malkire.
Tue Aug 12 21:10:32 2008 :: Look out, Malkire@cpe-66-74-25-48.dc.res.rr.com has connected.
Tue Aug 12 21:31:01 2008 :: Malkire gained level 32
Tue Aug 12 21:50:04 2008 :: Sock.sinaddr:  87.196.44.245
Tue Aug 12 21:50:04 2008 :: Loading Shogun.
Tue Aug 12 21:50:04 2008 :: Look out, Shogun@87-196-44-245.net.novis.pt has connected.
Tue Aug 12 21:50:19 2008 :: Shogun has quit.
Tue Aug 12 21:50:52 2008 :: Sock.sinaddr:  87.196.225.204
Tue Aug 12 21:50:52 2008 :: Loading Raylin.
Tue Aug 12 21:50:52 2008 :: Look out, Raylin@87-196-225-204.net.novis.pt has connected.
Tue Aug 12 22:01:38 2008 :: Raylin has quit.
Tue Aug 12 22:04:23 2008 :: Sock.sinaddr:  87.196.149.205
Tue Aug 12 22:04:24 2008 :: Loading Adrastos.
Tue Aug 12 22:04:24 2008 :: Look out, Adrastos@87-196-149-205.net.novis.pt has connected.
Tue Aug 12 22:04:37 2008 :: Adrastos has quit.
Tue Aug 12 22:04:57 2008 :: Sock.sinaddr:  87.196.178.12
Tue Aug 12 22:04:58 2008 :: Loading Eldo.
Tue Aug 12 22:04:58 2008 :: Look out, Eldo@87-196-178-12.net.novis.pt has connected.
Tue Aug 12 22:09:02 2008 :: Sock.sinaddr:  68.155.161.73
Tue Aug 12 22:09:04 2008 :: Loading Zivilyn.
Tue Aug 12 22:09:06 2008 :: Look out, Zivilyn@adsl-155-161-73.asm.bellsouth.net has connected.
Tue Aug 12 22:09:10 2008 :: Zivilyn has quit.
Tue Aug 12 22:13:23 2008 :: 87-196-178-12.net.novis.pt input spamming!
Tue Aug 12 22:13:53 2008 :: 87-196-178-12.net.novis.pt input spamming!
Tue Aug 12 22:14:00 2008 :: 87-196-178-12.net.novis.pt input spamming!
Tue Aug 12 22:14:06 2008 :: 87-196-178-12.net.novis.pt input spamming!
Tue Aug 12 22:14:12 2008 :: 87-196-178-12.net.novis.pt input spamming!
Tue Aug 12 22:14:59 2008 :: 87-196-178-12.net.novis.pt input spamming!
Tue Aug 12 22:15:05 2008 :: 87-196-178-12.net.novis.pt input spamming!
Tue Aug 12 22:15:12 2008 :: 87-196-178-12.net.novis.pt input spamming!
Tue Aug 12 22:15:36 2008 :: 87-196-178-12.net.novis.pt input spamming!
Tue Aug 12 22:15:42 2008 :: 87-196-178-12.net.novis.pt input spamming!
Tue Aug 12 22:15:49 2008 :: 87-196-178-12.net.novis.pt input spamming!
Tue Aug 12 22:15:55 2008 :: 87-196-178-12.net.novis.pt input spamming!
Tue Aug 12 22:16:01 2008 :: 87-196-178-12.net.novis.pt input spamming!
Tue Aug 12 22:16:20 2008 :: 87-196-178-12.net.novis.pt input spamming!
Tue Aug 12 22:16:26 2008 :: 87-196-178-12.net.novis.pt input spamming!
Tue Aug 12 22:16:39 2008 :: 87-196-178-12.net.novis.pt input spamming!
Tue Aug 12 22:16:45 2008 :: 87-196-178-12.net.novis.pt input spamming!
Tue Aug 12 22:16:53 2008 :: 87-196-178-12.net.novis.pt input spamming!
Tue Aug 12 22:17:23 2008 :: EOF encountered on read.
Tue Aug 12 22:17:23 2008 :: Closing link to Eldo.
Tue Aug 12 22:17:28 2008 :: Sock.sinaddr:  87.196.178.12
Tue Aug 12 22:17:28 2008 :: Loading Eldo.
Tue Aug 12 22:17:29 2008 :: Eldo@87-196-178-12.net.novis.pt reconnected.
Tue Aug 12 22:17:38 2008 :: 87-196-178-12.net.novis.pt input spamming!
Tue Aug 12 22:17:44 2008 :: 87-196-178-12.net.novis.pt input spamming!
Tue Aug 12 22:17:58 2008 :: 87-196-178-12.net.novis.pt input spamming!
Tue Aug 12 22:18:06 2008 :: 87-196-178-12.net.novis.pt input spamming!
Tue Aug 12 22:18:13 2008 :: 87-196-178-12.net.novis.pt input spamming!
Tue Aug 12 22:18:19 2008 :: 87-196-178-12.net.novis.pt input spamming!
Tue Aug 12 22:18:25 2008 :: 87-196-178-12.net.novis.pt input spamming!
Tue Aug 12 22:18:33 2008 :: 87-196-178-12.net.novis.pt input spamming!
Tue Aug 12 22:19:18 2008 :: 87-196-178-12.net.novis.pt input spamming!
Tue Aug 12 22:19:24 2008 :: 87-196-178-12.net.novis.pt input spamming!
Tue Aug 12 22:19:31 2008 :: 87-196-178-12.net.novis.pt input spamming!
Tue Aug 12 22:19:45 2008 :: 87-196-178-12.net.novis.pt input spamming!
Tue Aug 12 22:19:51 2008 :: 87-196-178-12.net.novis.pt input spamming!
Tue Aug 12 22:19:58 2008 :: 87-196-178-12.net.novis.pt input spamming!
Tue Aug 12 22:20:04 2008 :: 87-196-178-12.net.novis.pt input spamming!
Tue Aug 12 22:20:27 2008 :: 87-196-178-12.net.novis.pt input spamming!
Tue Aug 12 22:20:36 2008 :: 87-196-178-12.net.novis.pt input spamming!
Tue Aug 12 22:20:43 2008 :: 87-196-178-12.net.novis.pt input spamming!
Tue Aug 12 22:20:49 2008 :: 87-196-178-12.net.novis.pt input spamming!
Tue Aug 12 22:20:55 2008 :: 87-196-178-12.net.novis.pt input spamming!
Tue Aug 12 22:21:03 2008 :: Malkire has quit.
Tue Aug 12 22:21:28 2008 :: 87-196-178-12.net.novis.pt input spamming!
Tue Aug 12 22:21:35 2008 :: 87-196-178-12.net.novis.pt input spamming!
Tue Aug 12 22:21:41 2008 :: 87-196-178-12.net.novis.pt input spamming!
Tue Aug 12 22:21:47 2008 :: 87-196-178-12.net.novis.pt input spamming!
Tue Aug 12 22:21:53 2008 :: 87-196-178-12.net.novis.pt input spamming!
Tue Aug 12 22:22:00 2008 :: 87-196-178-12.net.novis.pt input spamming!
Tue Aug 12 22:22:06 2008 :: 87-196-178-12.net.novis.pt input spamming!
Tue Aug 12 22:22:12 2008 :: 87-196-178-12.net.novis.pt input spamming!
Tue Aug 12 22:22:18 2008 :: 87-196-178-12.net.novis.pt input spamming!
Tue Aug 12 22:22:27 2008 :: 87-196-178-12.net.novis.pt input spamming!
Tue Aug 12 22:22:34 2008 :: 87-196-178-12.net.novis.pt input spamming!
Tue Aug 12 22:23:00 2008 :: 87-196-178-12.net.novis.pt input spamming!
Tue Aug 12 22:23:06 2008 :: 87-196-178-12.net.novis.pt input spamming!
Tue Aug 12 22:23:14 2008 :: 87-196-178-12.net.novis.pt input spamming!
Tue Aug 12 22:23:34 2008 :: 87-196-178-12.net.novis.pt input spamming!
Tue Aug 12 22:23:40 2008 :: 87-196-178-12.net.novis.pt input spamming!
Tue Aug 12 22:23:47 2008 :: 87-196-178-12.net.novis.pt input spamming!
Tue Aug 12 22:23:53 2008 :: 87-196-178-12.net.novis.pt input spamming!
Tue Aug 12 22:23:59 2008 :: 87-196-178-12.net.novis.pt input spamming!
Tue Aug 12 22:24:19 2008 :: 87-196-178-12.net.novis.pt input spamming!
Tue Aug 12 22:24:54 2008 :: 87-196-178-12.net.novis.pt input spamming!
Tue Aug 12 22:25:16 2008 :: 87-196-178-12.net.novis.pt input spamming!
Tue Aug 12 22:25:43 2008 :: 87-196-178-12.net.novis.pt input spamming!
Tue Aug 12 22:25:51 2008 :: 87-196-178-12.net.novis.pt input spamming!
Tue Aug 12 22:26:05 2008 :: 87-196-178-12.net.novis.pt input spamming!
Tue Aug 12 22:26:17 2008 :: 87-196-178-12.net.novis.pt input spamming!
Tue Aug 12 22:26:47 2008 :: 87-196-178-12.net.novis.pt input spamming!
Tue Aug 12 22:27:03 2008 :: 87-196-178-12.net.novis.pt input spamming!
Tue Aug 12 22:27:24 2008 :: 87-196-178-12.net.novis.pt input spamming!
Tue Aug 12 22:27:35 2008 :: 87-196-178-12.net.novis.pt input spamming!
Tue Aug 12 22:27:51 2008 :: 87-196-178-12.net.novis.pt input spamming!
Tue Aug 12 22:28:17 2008 :: 87-196-178-12.net.novis.pt input spamming!
Tue Aug 12 22:28:23 2008 :: 87-196-178-12.net.novis.pt input spamming!
Tue Aug 12 22:28:29 2008 :: 87-196-178-12.net.novis.pt input spamming!
Tue Aug 12 22:28:54 2008 :: 87-196-178-12.net.novis.pt input spamming!
Tue Aug 12 22:29:00 2008 :: 87-196-178-12.net.novis.pt input spamming!
Tue Aug 12 22:29:18 2008 :: 87-196-178-12.net.novis.pt input spamming!
Tue Aug 12 22:29:24 2008 :: 87-196-178-12.net.novis.pt input spamming!
Tue Aug 12 22:29:31 2008 :: 87-196-178-12.net.novis.pt input spamming!
Tue Aug 12 22:29:47 2008 :: Sock.sinaddr:  68.57.237.217
Tue Aug 12 22:29:55 2008 :: Loading Varthanorai.
Tue Aug 12 22:29:56 2008 :: Look out, Varthanorai@c-68-57-237-217.hsd1.in.comcast.net has connected.
Tue Aug 12 22:30:10 2008 :: 87-196-178-12.net.novis.pt input spamming!
Tue Aug 12 22:30:44 2008 :: 87-196-178-12.net.novis.pt input spamming!
Tue Aug 12 22:30:50 2008 :: 87-196-178-12.net.novis.pt input spamming!
Tue Aug 12 22:30:57 2008 :: 87-196-178-12.net.novis.pt input spamming!
Tue Aug 12 22:31:13 2008 :: 87-196-178-12.net.novis.pt input spamming!
Tue Aug 12 22:31:19 2008 :: 87-196-178-12.net.novis.pt input spamming!
Tue Aug 12 22:31:30 2008 :: 87-196-178-12.net.novis.pt input spamming!
Tue Aug 12 22:31:37 2008 :: 87-196-178-12.net.novis.pt input spamming!
Tue Aug 12 22:31:43 2008 :: 87-196-178-12.net.novis.pt input spamming!
Tue Aug 12 22:32:05 2008 :: 87-196-178-12.net.novis.pt input spamming!
Tue Aug 12 22:32:11 2008 :: 87-196-178-12.net.novis.pt input spamming!
Tue Aug 12 22:32:17 2008 :: 87-196-178-12.net.novis.pt input spamming!
Tue Aug 12 22:32:57 2008 :: 87-196-178-12.net.novis.pt input spamming!
Tue Aug 12 22:33:03 2008 :: 87-196-178-12.net.novis.pt input spamming!
Tue Aug 12 22:33:09 2008 :: 87-196-178-12.net.novis.pt input spamming!
Tue Aug 12 22:33:19 2008 :: 87-196-178-12.net.novis.pt input spamming!
Tue Aug 12 22:33:28 2008 :: 87-196-178-12.net.novis.pt input spamming!
Tue Aug 12 22:33:35 2008 :: 87-196-178-12.net.novis.pt input spamming!
Tue Aug 12 22:33:41 2008 :: 87-196-178-12.net.novis.pt input spamming!
Tue Aug 12 22:34:02 2008 :: 87-196-178-12.net.novis.pt input spamming!
Tue Aug 12 22:34:09 2008 :: 87-196-178-12.net.novis.pt input spamming!
Tue Aug 12 22:34:17 2008 :: 87-196-178-12.net.novis.pt input spamming!
Tue Aug 12 22:34:24 2008 :: 87-196-178-12.net.novis.pt input spamming!
Tue Aug 12 22:34:32 2008 :: 87-196-178-12.net.novis.pt input spamming!
Tue Aug 12 22:34:48 2008 :: 87-196-178-12.net.novis.pt input spamming!
Tue Aug 12 22:34:54 2008 :: 87-196-178-12.net.novis.pt input spamming!
Tue Aug 12 22:35:07 2008 :: 87-196-178-12.net.novis.pt input spamming!
Tue Aug 12 22:35:14 2008 :: 87-196-178-12.net.novis.pt input spamming!
Tue Aug 12 22:35:20 2008 :: 87-196-178-12.net.novis.pt input spamming!
Tue Aug 12 22:35:50 2008 :: 87-196-178-12.net.novis.pt input spamming!
Tue Aug 12 22:35:56 2008 :: 87-196-178-12.net.novis.pt input spamming!
Tue Aug 12 22:36:09 2008 :: 87-196-178-12.net.novis.pt input spamming!
Tue Aug 12 22:36:15 2008 :: 87-196-178-12.net.novis.pt input spamming!
Tue Aug 12 22:36:22 2008 :: 87-196-178-12.net.novis.pt input spamming!
Tue Aug 12 22:46:07 2008 :: Sock.sinaddr:  87.196.149.205
Tue Aug 12 22:46:07 2008 :: Loading Adrastos.
Tue Aug 12 22:46:07 2008 :: Look out, Adrastos@87-196-149-205.net.novis.pt has connected.
Tue Aug 12 22:46:15 2008 :: Adrastos has quit.
Tue Aug 12 22:48:00 2008 :: Eldo gained level 3
Tue Aug 12 23:08:36 2008 :: Sock.sinaddr:  87.196.149.205
Tue Aug 12 23:08:36 2008 :: Loading Adrastos.
Tue Aug 12 23:08:36 2008 :: Look out, Adrastos@87-196-149-205.net.novis.pt has connected.
Tue Aug 12 23:15:00 2008 :: Varthanorai has quit.
Read_from_descriptor: Connection reset by peer
Tue Aug 12 23:20:14 2008 :: Closing link to Eldo.
Tue Aug 12 23:20:53 2008 :: Adrastos has quit.
Tue Aug 12 23:36:00 2008 :: Eldo has quit.
Tue Aug 12 23:39:27 2008 :: Sock.sinaddr:  67.36.178.57
Tue Aug 12 23:39:30 2008 :: Loading Aurolite.
Tue Aug 12 23:39:31 2008 :: Look out, Aurolite@adsl-67-36-178-57.dsl.chcgil.ameritech.net has connected.
Tue Aug 12 23:43:54 2008 :: Aurolite has quit.
Tue Aug 12 23:44:12 2008 :: Sock.sinaddr:  76.182.128.149
Tue Aug 12 23:44:14 2008 :: Loading Sophira.
Tue Aug 12 23:44:16 2008 :: Look out, Sophira@CPE-76-182-128-149.natwky.res.rr.com has connected.
Tue Aug 12 23:45:09 2008 :: Sophira has quit.
Wed Aug 13 00:08:18 2008 :: Sock.sinaddr:  87.196.149.205
Wed Aug 13 00:08:18 2008 :: Loading Pissas.
Wed Aug 13 00:08:19 2008 :: Look out, Pissas@87-196-149-205.net.novis.pt has connected.
Wed Aug 13 00:12:34 2008 :: Sock.sinaddr:  68.57.237.217
Wed Aug 13 00:12:39 2008 :: Loading Varthanorai.
Wed Aug 13 00:12:39 2008 :: Look out, Varthanorai@c-68-57-237-217.hsd1.in.comcast.net has connected.
Wed Aug 13 00:12:56 2008 :: Varthanorai has quit.
Wed Aug 13 00:20:31 2008 :: Sock.sinaddr:  87.196.149.205
Wed Aug 13 00:20:31 2008 :: Loading Adrastos.
Wed Aug 13 00:20:32 2008 :: Look out, Adrastos@87-196-149-205.net.novis.pt has connected.
Wed Aug 13 00:21:03 2008 :: Adrastos has quit.
Wed Aug 13 00:21:54 2008 :: 87-196-149-205.net.novis.pt input spamming!
Wed Aug 13 00:30:45 2008 :: Sock.sinaddr:  68.179.18.91
Wed Aug 13 00:30:49 2008 :: Loading Asauder.
Wed Aug 13 00:30:51 2008 :: Look out, Asauder@static-68-179-18-91.ptr.terago.net has connected.
Wed Aug 13 00:30:56 2008 :: Asauder has quit.
Wed Aug 13 00:41:14 2008 :: Sock.sinaddr:  63.252.219.34
Wed Aug 13 00:41:17 2008 :: Loading Cael.
Wed Aug 13 00:41:19 2008 :: Look out, Cael@63-252-219-34.ip.mcleodusa.net has connected.
Wed Aug 13 00:41:28 2008 :: Cael has quit.
Wed Aug 13 00:45:33 2008 :: Sock.sinaddr:  216.105.208.2
Wed Aug 13 00:45:38 2008 :: Loading Cyndalaste.
Wed Aug 13 00:45:39 2008 :: Look out, Cyndalaste@DSLPool-net208-2.wctc.net has connected.
Wed Aug 13 00:46:19 2008 :: Cyndalaste killed by a Palanthas guard at 3021
Wed Aug 13 01:01:19 2008 :: Sock.sinaddr:  68.57.237.217
Wed Aug 13 01:01:28 2008 :: Loading Varthanorai.
Wed Aug 13 01:01:29 2008 :: Look out, Varthanorai@c-68-57-237-217.hsd1.in.comcast.net has connected.
Wed Aug 13 01:07:14 2008 :: Cyndalaste has quit.
Wed Aug 13 01:09:39 2008 :: Sock.sinaddr:  89.155.96.49
Wed Aug 13 01:09:39 2008 :: Loading Shinzo.
Wed Aug 13 01:09:40 2008 :: Look out, Shinzo@89.155.96.49 has connected.
Wed Aug 13 01:10:39 2008 :: Varthanorai has quit.
Wed Aug 13 01:10:40 2008 :: Sock.sinaddr:  68.57.237.217
Wed Aug 13 01:10:42 2008 :: Loading Luther.
Wed Aug 13 01:10:43 2008 :: Look out, Luther@c-68-57-237-217.hsd1.in.comcast.net has connected.
Wed Aug 13 01:11:45 2008 :: Pissas gained level 4
Wed Aug 13 01:12:02 2008 :: EOF encountered on read.
Wed Aug 13 01:12:02 2008 :: Closing link to Shinzo.
Wed Aug 13 01:16:44 2008 :: Pissas has quit.
Wed Aug 13 01:16:52 2008 :: Sock.sinaddr:  87.196.149.205
Wed Aug 13 01:16:52 2008 :: Loading Adrastos.
Wed Aug 13 01:16:53 2008 :: Look out, Adrastos@87-196-149-205.net.novis.pt has connected.
Wed Aug 13 01:20:17 2008 :: Sock.sinaddr:  89.155.96.49
Wed Aug 13 01:20:17 2008 :: Loading Shinzo.
Wed Aug 13 01:20:17 2008 :: Shinzo@89.155.96.49 reconnected.
Wed Aug 13 01:20:45 2008 :: EOF encountered on read.
Wed Aug 13 01:20:45 2008 :: Closing link to Shinzo.
Wed Aug 13 01:21:11 2008 :: EOF encountered on read.
Wed Aug 13 01:21:11 2008 :: Closing link to Adrastos.
Wed Aug 13 01:21:14 2008 :: Sock.sinaddr:  87.196.149.205
Wed Aug 13 01:21:15 2008 :: Loading Adrastos.
Wed Aug 13 01:21:15 2008 :: Adrastos@87-196-149-205.net.novis.pt reconnected.
Wed Aug 13 01:37:11 2008 :: Shinzo has quit.
Wed Aug 13 01:41:26 2008 :: 87-196-149-205.net.novis.pt input spamming!
Wed Aug 13 01:48:18 2008 :: EOF encountered on read.
Wed Aug 13 01:48:18 2008 :: Closing link to Adrastos.
Wed Aug 13 01:48:22 2008 :: Sock.sinaddr:  87.196.149.205
Wed Aug 13 01:48:22 2008 :: Loading Adrastos.
Wed Aug 13 01:48:22 2008 :: Adrastos@87-196-149-205.net.novis.pt reconnected.
Wed Aug 13 01:52:04 2008 :: Sock.sinaddr:  216.105.208.2
Wed Aug 13 01:52:09 2008 :: Loading Cyndalaste.
Wed Aug 13 01:52:10 2008 :: Look out, Cyndalaste@DSLPool-net208-2.wctc.net has connected.
Wed Aug 13 01:55:27 2008 :: Cyndalaste gained level 9
Wed Aug 13 02:02:02 2008 :: EOF encountered on read.
Wed Aug 13 02:02:02 2008 :: Closing link to Adrastos.
Wed Aug 13 02:02:07 2008 :: Sock.sinaddr:  87.196.149.205
Wed Aug 13 02:02:07 2008 :: Loading Adrastos.
Wed Aug 13 02:02:07 2008 :: Adrastos@87-196-149-205.net.novis.pt reconnected.
Wed Aug 13 02:02:22 2008 :: Cyndalaste gained level 10
Wed Aug 13 02:06:42 2008 :: EOF encountered on read.
Wed Aug 13 02:06:42 2008 :: Closing link to Adrastos.
Wed Aug 13 02:06:45 2008 :: Sock.sinaddr:  87.196.149.205
Wed Aug 13 02:06:45 2008 :: Loading Adrastos.
Wed Aug 13 02:06:45 2008 :: Adrastos@87-196-149-205.net.novis.pt reconnected.
Wed Aug 13 02:24:09 2008 :: 87-196-149-205.net.novis.pt input spamming!
Wed Aug 13 02:43:50 2008 :: Sock.sinaddr:  87.196.161.96
Wed Aug 13 02:43:51 2008 :: Loading Eldo.
Wed Aug 13 02:43:51 2008 :: Look out, Eldo@87-196-161-96.net.novis.pt has connected.
Wed Aug 13 02:44:03 2008 :: Eldo has quit.
Wed Aug 13 02:46:18 2008 :: Sock.sinaddr:  87.196.161.96
Wed Aug 13 02:46:18 2008 :: Loading Shogun.
Wed Aug 13 02:46:18 2008 :: Look out, Shogun@87-196-161-96.net.novis.pt has connected.
Wed Aug 13 03:00:57 2008 :: Cyndalaste gained level 11
Wed Aug 13 03:01:26 2008 :: Sock.sinaddr:  98.212.151.22
Wed Aug 13 03:01:27 2008 :: Loading Konrad.
Wed Aug 13 03:01:29 2008 :: Look out, Konrad@c-98-212-151-22.hsd1.il.comcast.net has connected.
Wed Aug 13 03:05:13 2008 :: 87-196-149-205.net.novis.pt input spamming!
Wed Aug 13 03:07:12 2008 :: EOF encountered on read.
Wed Aug 13 03:07:12 2008 :: Closing link to Adrastos.
Wed Aug 13 03:07:15 2008 :: Sock.sinaddr:  87.196.149.205
Wed Aug 13 03:07:16 2008 :: Loading Adrastos.
Wed Aug 13 03:07:16 2008 :: Adrastos@87-196-149-205.net.novis.pt reconnected.
Wed Aug 13 03:08:08 2008 :: EOF encountered on read.
Wed Aug 13 03:08:08 2008 :: Closing link to Adrastos.
Wed Aug 13 03:08:11 2008 :: Sock.sinaddr:  87.196.149.205
Wed Aug 13 03:08:11 2008 :: Loading Adrastos.
Wed Aug 13 03:08:11 2008 :: Adrastos@87-196-149-205.net.novis.pt reconnected.
Wed Aug 13 03:08:22 2008 :: Sock.sinaddr:  89.155.96.49
Wed Aug 13 03:08:22 2008 :: Loading Shinzo.
Wed Aug 13 03:08:23 2008 :: Look out, Shinzo@89.155.96.49 has connected.
Read_from_descriptor: Connection reset by peer
Wed Aug 13 03:16:09 2008 :: Closing link to Adrastos.
Wed Aug 13 03:16:13 2008 :: Sock.sinaddr:  87.196.149.205
Wed Aug 13 03:16:13 2008 :: Loading Adrastos.
Wed Aug 13 03:16:14 2008 :: Adrastos@87-196-149-205.net.novis.pt reconnected.
Wed Aug 13 03:17:50 2008 :: 89.155.96.49 input spamming!
Wed Aug 13 03:18:35 2008 :: EOF encountered on read.
Wed Aug 13 03:18:35 2008 :: Closing link to Shogun.
Wed Aug 13 03:21:44 2008 :: Adrastos has quit.
Wed Aug 13 03:25:45 2008 :: 89.155.96.49 input spamming!
Wed Aug 13 03:25:53 2008 :: 89.155.96.49 input spamming!
Wed Aug 13 03:26:00 2008 :: 89.155.96.49 input spamming!
Wed Aug 13 03:26:07 2008 :: 89.155.96.49 input spamming!
Wed Aug 13 03:26:45 2008 :: Konrad has quit.
Wed Aug 13 03:32:02 2008 :: Sock.sinaddr:  24.69.248.142
Wed Aug 13 03:32:03 2008 :: Loading Kaytria.
Wed Aug 13 03:32:05 2008 :: Look out, Kaytria@S0106001617503309.gv.shawcable.net has connected.
Wed Aug 13 03:33:57 2008 :: Sock.sinaddr:  98.211.33.243
Wed Aug 13 03:34:01 2008 :: Loading Lythanis.
Wed Aug 13 03:34:02 2008 :: Look out, Lythanis@c-98-211-33-243.hsd1.tn.comcast.net has connected.
Wed Aug 13 03:39:40 2008 :: Kaytria has quit.
Wed Aug 13 03:39:41 2008 :: Sock.sinaddr:  24.69.248.142
Wed Aug 13 03:39:43 2008 :: Loading Sitanea.
Wed Aug 13 03:39:46 2008 :: Look out, Sitanea@S0106001617503309.gv.shawcable.net has connected.
Wed Aug 13 03:39:56 2008 :: Cyndalaste gained level 12
Wed Aug 13 03:41:10 2008 :: Sock.sinaddr:  71.51.242.171
Wed Aug 13 03:41:12 2008 :: Loading Calan.
Wed Aug 13 03:41:13 2008 :: Look out, Calan@nc-71-51-242-171.dhcp.embarqhsd.net has connected.
Wed Aug 13 03:44:22 2008 :: EOF encountered on read.
Wed Aug 13 03:44:22 2008 :: Closing link to Luther.
Wed Aug 13 03:44:23 2008 :: Sock.sinaddr:  68.57.237.217
Wed Aug 13 03:44:26 2008 :: Loading Luther.
Wed Aug 13 03:44:26 2008 :: Luther@c-68-57-237-217.hsd1.in.comcast.net reconnected.
Wed Aug 13 03:50:20 2008 :: Shogun has quit.
Wed Aug 13 04:01:13 2008 :: Calan has quit.
Wed Aug 13 04:02:41 2008 :: Sock.sinaddr:  66.74.25.48
Wed Aug 13 04:02:50 2008 :: Closing link to Gades.
Wed Aug 13 04:03:10 2008 :: Sock.sinaddr:  66.74.25.48
Wed Aug 13 04:03:15 2008 :: Loading Malkire.
Wed Aug 13 04:03:25 2008 :: Look out, Malkire@cpe-66-74-25-48.dc.res.rr.com has connected.
Wed Aug 13 04:04:54 2008 :: Sock.sinaddr:  98.212.151.22
Wed Aug 13 04:05:04 2008 :: Loading Konrad.
Wed Aug 13 04:05:06 2008 :: Look out, Konrad@c-98-212-151-22.hsd1.il.comcast.net has connected.
Wed Aug 13 04:08:00 2008 :: Sitanea has quit.
Wed Aug 13 04:21:18 2008 :: Sock.sinaddr:  72.204.22.211
Wed Aug 13 04:21:20 2008 :: Loading Dekyos.
Wed Aug 13 04:21:21 2008 :: Look out, Dekyos@ip72-204-22-211.fv.ks.cox.net has connected.
Wed Aug 13 04:21:27 2008 :: Dekyos has quit.
Wed Aug 13 04:28:28 2008 :: Konrad has quit.
Wed Aug 13 04:32:33 2008 :: Lythanis has quit.
Wed Aug 13 04:38:03 2008 :: Malkire gained level 33
Wed Aug 13 04:42:00 2008 :: Cyndalaste has quit.
Wed Aug 13 04:59:24 2008 :: Sock.sinaddr:  98.17.151.166
Wed Aug 13 04:59:27 2008 :: Loading Sargonnas.
Wed Aug 13 04:59:31 2008 :: Look out, Sargonnas@h166.151.17.98.dynamic.ip.windstream.net has connected.
Wed Aug 13 05:01:47 2008 :: Sargonnas has quit.
Wed Aug 13 05:13:30 2008 :: Malkire has quit.
Wed Aug 13 05:18:08 2008 :: Sock.sinaddr:  89.155.96.49
Wed Aug 13 05:18:08 2008 :: Loading Shinzo.
Wed Aug 13 05:18:10 2008 :: Closing link to Shinzo.
Wed Aug 13 05:18:10 2008 :: Shinzo@89.155.96.49 reconnected.
Wed Aug 13 05:46:21 2008 :: Sock.sinaddr:  87.196.149.205
Wed Aug 13 05:46:21 2008 :: Loading Adrastos.
Wed Aug 13 05:46:22 2008 :: Look out, Adrastos@87-196-149-205.net.novis.pt has connected.
Wed Aug 13 05:48:19 2008 :: Sock.sinaddr:  98.212.160.183
Wed Aug 13 05:48:21 2008 :: Loading Kotoasa.
Wed Aug 13 05:48:22 2008 :: Look out, Kotoasa@c-98-212-160-183.hsd1.il.comcast.net has connected.
Wed Aug 13 05:49:21 2008 :: Sock.sinaddr:  66.57.203.135
Wed Aug 13 05:49:25 2008 :: Loading Mikhal.
Wed Aug 13 05:49:26 2008 :: Look out, Mikhal@cpe-066-057-203-135.sc.res.rr.com has connected.
Wed Aug 13 05:51:47 2008 :: EOF encountered on read.
Wed Aug 13 05:51:47 2008 :: Closing link to Adrastos.
Wed Aug 13 05:51:50 2008 :: Sock.sinaddr:  87.196.149.205
Wed Aug 13 05:51:50 2008 :: Loading Adrastos.
Wed Aug 13 05:51:51 2008 :: Adrastos@87-196-149-205.net.novis.pt reconnected.
Wed Aug 13 05:51:53 2008 :: EOF encountered on read.
Wed Aug 13 05:51:53 2008 :: Closing link to Adrastos.
Wed Aug 13 05:51:56 2008 :: Sock.sinaddr:  87.196.149.205
Wed Aug 13 05:51:56 2008 :: Loading Adrastos.
Wed Aug 13 05:51:57 2008 :: Adrastos@87-196-149-205.net.novis.pt reconnected.
Wed Aug 13 06:02:28 2008 :: Sock.sinaddr:  98.212.151.22
Wed Aug 13 06:02:30 2008 :: Loading Konrad.
Wed Aug 13 06:02:32 2008 :: Look out, Konrad@c-98-212-151-22.hsd1.il.comcast.net has connected.
Wed Aug 13 06:02:41 2008 :: Konrad has quit.
Wed Aug 13 06:04:22 2008 :: Kotoasa has quit.
Wed Aug 13 06:05:41 2008 :: Sock.sinaddr:  87.196.98.240
Wed Aug 13 06:05:41 2008 :: Loading Shogun.
Wed Aug 13 06:05:42 2008 :: Look out, Shogun@87-196-98-240.net.novis.pt has connected.
Wed Aug 13 06:06:35 2008 :: c-68-57-237-217.hsd1.in.comcast.net input spamming!
Wed Aug 13 06:14:02 2008 :: 87-196-149-205.net.novis.pt input spamming!
Wed Aug 13 06:15:35 2008 :: Mikhal has quit.
Wed Aug 13 06:15:39 2008 :: Sock.sinaddr:  72.220.48.225
Wed Aug 13 06:15:47 2008 :: Loading Annysia.
Wed Aug 13 06:15:49 2008 :: Look out, Annysia@ip72-220-48-225.sd.sd.cox.net has connected.
Wed Aug 13 06:16:17 2008 :: Annysia has quit.
Wed Aug 13 06:17:04 2008 :: Luther killed by Luther at 4860
Wed Aug 13 06:18:23 2008 :: Sock.sinaddr:  66.57.203.135
Wed Aug 13 06:18:25 2008 :: Loading Mikhal.
Wed Aug 13 06:18:27 2008 :: Look out, Mikhal@cpe-066-057-203-135.sc.res.rr.com has connected.
Wed Aug 13 06:18:40 2008 :: Sock.sinaddr:  98.212.160.183
Wed Aug 13 06:18:42 2008 :: Loading Kotoasa.
Wed Aug 13 06:18:44 2008 :: Look out, Kotoasa@c-98-212-160-183.hsd1.il.comcast.net has connected.
Wed Aug 13 06:18:48 2008 :: Kotoasa has quit.
Wed Aug 13 06:20:19 2008 :: Sock.sinaddr:  98.212.151.22
Wed Aug 13 06:20:20 2008 :: Loading Konrad.
Wed Aug 13 06:20:22 2008 :: Look out, Konrad@c-98-212-151-22.hsd1.il.comcast.net has connected.
Wed Aug 13 06:20:29 2008 :: Konrad has quit.
Wed Aug 13 06:22:18 2008 :: Sock.sinaddr:  98.17.151.166
Wed Aug 13 06:22:23 2008 :: Loading Sargonnas.
Write_to_descriptor: Resource temporarily unavailable
Wed Aug 13 06:22:23 2008 :: Closing link to Shogun.
Write_to_descriptor: Resource temporarily unavailable
Wed Aug 13 06:22:23 2008 :: Closing link to Shinzo.
Wed Aug 13 06:22:24 2008 :: Look out, Sargonnas@h166.151.17.98.dynamic.ip.windstream.net has connected.
Wed Aug 13 06:22:30 2008 :: Sock.sinaddr:  89.155.96.49
Wed Aug 13 06:22:31 2008 :: Loading Shinzo.
Wed Aug 13 06:22:31 2008 :: Shinzo@89.155.96.49 reconnected.
Write_to_descriptor: Resource temporarily unavailable
Wed Aug 13 06:22:34 2008 :: Closing link to Shinzo.
Wed Aug 13 06:22:34 2008 :: Sock.sinaddr:  87.196.98.240
Wed Aug 13 06:22:35 2008 :: Loading Shogun.
Wed Aug 13 06:22:35 2008 :: Shogun@87-196-98-240.net.novis.pt reconnected.
Wed Aug 13 06:22:42 2008 :: Sock.sinaddr:  89.155.96.49
Wed Aug 13 06:22:42 2008 :: Loading Shinzo.
Wed Aug 13 06:22:43 2008 :: Shinzo@89.155.96.49 reconnected.
Wed Aug 13 06:22:46 2008 :: [*****] BUG: Buffer overflow. Closing.

Wed Aug 13 06:22:46 2008 :: Closing link to Adrastos.
Wed Aug 13 06:22:46 2008 :: [*****] BUG: Buffer overflow. Closing.

Write_to_descriptor: Resource temporarily unavailable
Wed Aug 13 06:22:46 2008 :: Closing link to Shinzo.
Wed Aug 13 06:22:46 2008 :: [*****] BUG: Buffer overflow. Closing.

Write_to_descriptor: Resource temporarily unavailable
Wed Aug 13 06:22:46 2008 :: Closing link to Shogun.
Wed Aug 13 06:22:50 2008 :: Sock.sinaddr:  87.196.98.240
Wed Aug 13 06:22:50 2008 :: Loading Shogun.
Wed Aug 13 06:22:50 2008 :: Shogun@87-196-98-240.net.novis.pt reconnected.
Wed Aug 13 06:22:51 2008 :: Sock.sinaddr:  89.155.96.49
Wed Aug 13 06:22:51 2008 :: Sock.sinaddr:  87.196.149.205
Wed Aug 13 06:22:51 2008 :: Loading Shinzo.
Wed Aug 13 06:22:52 2008 :: Loading Adrastos.
Wed Aug 13 06:22:52 2008 :: Shinzo@89.155.96.49 reconnected.
Wed Aug 13 06:22:52 2008 :: Adrastos@87-196-149-205.net.novis.pt reconnected.
Wed Aug 13 06:23:20 2008 :: [WARNING] Shinzo gtells: {D(The Wraith){W porra o mud mandou-me abaixo.{w
Wed Aug 13 06:33:20 2008 :: Luther has quit.
Wed Aug 13 06:34:05 2008 :: Mikhal has quit.
Wed Aug 13 06:35:28 2008 :: Sock.sinaddr:  66.57.203.135
Wed Aug 13 06:35:32 2008 :: Loading Mikhal.
Wed Aug 13 06:35:35 2008 :: Look out, Mikhal@cpe-066-057-203-135.sc.res.rr.com has connected.
Wed Aug 13 06:35:42 2008 :: Log Sargonnas: reward shinzo 1500 nice
Wed Aug 13 06:35:43 2008 :: Log Sargonnas: reward shogun 1500 nice
Wed Aug 13 06:35:43 2008 :: Log Sargonnas: reward adrastos 1500 nice
Wed Aug 13 06:36:03 2008 :: Log Sargonnas: gecho ** Yay for everyone! Have stuff! I got a job at blockbuster and I am happy!! **
Wed Aug 13 06:36:48 2008 :: Shogun gained level 85
Wed Aug 13 06:40:24 2008 :: Sock.sinaddr:  98.17.151.166
Wed Aug 13 06:40:29 2008 :: Loading Keltar.
Wed Aug 13 06:40:32 2008 :: Look out, Keltar@h166.151.17.98.dynamic.ip.windstream.net has connected.
Wed Aug 13 06:41:45 2008 :: Log Sargonnas: clone staff
Wed Aug 13 06:42:03 2008 :: Log Sargonnas: clone staff
Wed Aug 13 06:42:12 2008 :: Log Sargonnas: clone staff
Wed Aug 13 06:42:20 2008 :: Sock.sinaddr:  66.57.203.135
Wed Aug 13 06:42:22 2008 :: Loading Mikhal.
Wed Aug 13 06:42:25 2008 :: Closing link to Mikhal.
Wed Aug 13 06:42:25 2008 :: Mikhal@cpe-066-057-203-135.sc.res.rr.com reconnected.
Wed Aug 13 06:42:51 2008 :: Keltar has quit.
Wed Aug 13 06:43:47 2008 :: Log Sargonnas: clone staff
Wed Aug 13 06:44:36 2008 :: Log Sargonnas: clone staff
Wed Aug 13 06:44:42 2008 :: Log Sargonnas: clone staff
Wed Aug 13 06:44:49 2008 :: Log Sargonnas: clone staff
Wed Aug 13 06:45:01 2008 :: Log Sargonnas: clone staff
Wed Aug 13 06:45:09 2008 :: Log Sargonnas: clone staff
Wed Aug 13 06:46:12 2008 :: Sock.sinaddr:  68.57.237.217
Wed Aug 13 06:46:15 2008 :: Loading Luther.
Wed Aug 13 06:46:16 2008 :: Look out, Luther@c-68-57-237-217.hsd1.in.comcast.net has connected.
Wed Aug 13 06:46:44 2008 :: Log Sargonnas: addapply staff curse
Wed Aug 13 06:46:56 2008 :: Shinzo has quit.
Wed Aug 13 06:47:03 2008 :: Log Sargonnas: addapply staff affect curse
Wed Aug 13 06:47:32 2008 :: [*****] BUG: Norm-Apply: 0
Wed Aug 13 06:47:32 2008 :: [*****] BUG: location = 26
Wed Aug 13 06:47:32 2008 :: [*****] BUG: type = 29
Wed Aug 13 06:47:50 2008 :: [*****] BUG: Norm-Apply: 0
Wed Aug 13 06:47:50 2008 :: [*****] BUG: location = 26
Wed Aug 13 06:47:50 2008 :: [*****] BUG: type = 29
Wed Aug 13 06:47:54 2008 :: Log Sargonnas: clone staff
Wed Aug 13 06:48:20 2008 :: Log Sargonnas: load obj 19006
Wed Aug 13 06:49:29 2008 :: Log Sargonnas: clone staff
Wed Aug 13 06:49:34 2008 :: Sock.sinaddr:  98.212.160.183
Wed Aug 13 06:49:39 2008 :: Log Sargonnas: clone staff
Wed Aug 13 06:49:39 2008 :: Loading Kotoasa.
Wed Aug 13 06:49:40 2008 :: Look out, Kotoasa@c-98-212-160-183.hsd1.il.comcast.net has connected.
Wed Aug 13 06:49:55 2008 :: Log Sargonnas: apurge luther
Wed Aug 13 06:49:59 2008 :: Log Sargonnas: clone staff
Wed Aug 13 06:50:54 2008 :: Log Sargonnas: addapply staff
Wed Aug 13 06:51:07 2008 :: Log Sargonnas: addapply staff extra
Wed Aug 13 06:51:42 2008 :: Sock.sinaddr:  66.57.203.135
Wed Aug 13 06:51:45 2008 :: Loading Mikhal.
Wed Aug 13 06:51:48 2008 :: Closing link to Mikhal.
Wed Aug 13 06:51:48 2008 :: Mikhal@cpe-066-057-203-135.sc.res.rr.com reconnected.
Wed Aug 13 06:52:04 2008 :: Luther has quit.
Wed Aug 13 06:52:05 2008 :: Sock.sinaddr:  68.57.237.217
Wed Aug 13 06:52:07 2008 :: Loading Varthanorai.
Wed Aug 13 06:52:08 2008 :: Look out, Varthanorai@c-68-57-237-217.hsd1.in.comcast.net has connected.
Wed Aug 13 06:54:18 2008 :: Log Sargonnas: clone staff
Wed Aug 13 06:54:38 2008 :: Log Sargonnas: clone staff
Wed Aug 13 06:54:52 2008 :: Log Sargonnas: sgive staff mikhal
Wed Aug 13 06:55:32 2008 :: Log Sargonnas: apurge self
Wed Aug 13 06:55:37 2008 :: Log Sargonnas: grab staff self
Wed Aug 13 06:55:42 2008 :: Log Sargonnas: fremove self
Wed Aug 13 06:55:50 2008 :: Varthanorai has quit.
Wed Aug 13 06:55:51 2008 :: Sock.sinaddr:  68.57.237.217
Wed Aug 13 06:55:53 2008 :: Loading Luther.
Wed Aug 13 06:55:53 2008 :: Look out, Luther@c-68-57-237-217.hsd1.in.comcast.net has connected.
Wed Aug 13 06:56:13 2008 :: 87-196-149-205.net.novis.pt input spamming!
Wed Aug 13 06:57:30 2008 :: Log Sargonnas: switch undead hand
Wed Aug 13 06:57:59 2008 :: Log Sargonnas: switch 15.hand
Wed Aug 13 06:58:24 2008 :: Log Sargonnas: restore
Wed Aug 13 06:58:31 2008 :: Log Sargonnas: switch hand
Wed Aug 13 06:58:59 2008 :: Sock.sinaddr:  98.224.250.44
Wed Aug 13 06:59:03 2008 :: Loading Nymara.
Wed Aug 13 06:59:04 2008 :: Look out, Nymara@c-98-224-250-44.hsd1.mi.comcast.net has connected.
Wed Aug 13 06:59:16 2008 :: Log Sargonnas: restore
Wed Aug 13 07:00:04 2008 :: Log Sargonnas: switch hand
Wed Aug 13 07:00:51 2008 :: Log Sargonnas: switch hand
Wed Aug 13 07:01:19 2008 :: Log Sargonnas: switch hand
Wed Aug 13 07:01:40 2008 :: 87-196-149-205.net.novis.pt input spamming!
Wed Aug 13 07:01:48 2008 :: Log Sargonnas: apurge self
Wed Aug 13 07:01:50 2008 :: Log Sargonnas: restore
Wed Aug 13 07:01:53 2008 :: Luther has quit.
Wed Aug 13 07:01:54 2008 :: Sock.sinaddr:  68.57.237.217
Wed Aug 13 07:01:58 2008 :: Loading Varthanorai.
Wed Aug 13 07:01:59 2008 :: Look out, Varthanorai@c-68-57-237-217.hsd1.in.comcast.net has connected.
Wed Aug 13 07:04:03 2008 :: Log Sargonnas: restore
Wed Aug 13 07:04:05 2008 :: Log Sargonnas: apurge mikhal
Wed Aug 13 07:06:15 2008 :: Adrastos assassinated by Varthanorai at 4860
Wed Aug 13 07:08:57 2008 :: Log Sargonnas: grab skin adrastos
Wed Aug 13 07:10:03 2008 :: Log Sargonnas: grab tat shogun
Wed Aug 13 07:11:09 2008 :: Log Sargonnas: apurge shogun
Wed Aug 13 07:11:15 2008 :: Log Sargonnas: apurge mikhal
Wed Aug 13 07:11:35 2008 :: Log Sargonnas: restore
Wed Aug 13 07:12:53 2008 :: [WARNING] Mikhal says: before the mud went down. last nite. 
Wed Aug 13 07:14:16 2008 :: Varthanorai has quit.
Wed Aug 13 07:14:17 2008 :: Sock.sinaddr:  68.57.237.217
Wed Aug 13 07:14:19 2008 :: Loading Luther.
Wed Aug 13 07:14:20 2008 :: Look out, Luther@c-68-57-237-217.hsd1.in.comcast.net has connected.
Wed Aug 13 07:15:34 2008 :: Mikhal has quit.
Wed Aug 13 07:17:05 2008 :: Sock.sinaddr:  66.57.203.135
Wed Aug 13 07:17:07 2008 :: Loading Dredge.
Wed Aug 13 07:17:09 2008 :: Look out, Dredge@cpe-066-057-203-135.sc.res.rr.com has connected.
Wed Aug 13 07:17:26 2008 :: Kotoasa has quit.
Wed Aug 13 07:17:48 2008 :: Dredge has quit.
Wed Aug 13 07:17:51 2008 :: Sock.sinaddr:  66.57.203.135
Wed Aug 13 07:17:53 2008 :: Loading Mikhal.
Wed Aug 13 07:17:55 2008 :: Look out, Mikhal@cpe-066-057-203-135.sc.res.rr.com has connected.
Wed Aug 13 07:19:42 2008 :: Mikhal has quit.
Wed Aug 13 07:19:45 2008 :: Sock.sinaddr:  66.57.203.135
Wed Aug 13 07:19:47 2008 :: Loading Dredge.
Wed Aug 13 07:19:49 2008 :: Look out, Dredge@cpe-066-057-203-135.sc.res.rr.com has connected.
Wed Aug 13 07:33:08 2008 :: Log Sargonnas: transfer luther
Wed Aug 13 07:33:32 2008 :: Log Sargonnas: switch hand
Wed Aug 13 07:33:38 2008 :: thousand undead hands hand assassinated by Sargonnas at 1208
Wed Aug 13 07:37:06 2008 :: Log Sargonnas: clone axe
Wed Aug 13 07:37:54 2008 :: Log Sargonnas: clone steel
Wed Aug 13 07:37:55 2008 :: Log Sargonnas: clone steel
Wed Aug 13 07:37:55 2008 :: Log Sargonnas: clone steel
Wed Aug 13 07:38:28 2008 :: Nymara has quit.
Wed Aug 13 07:38:32 2008 :: Sock.sinaddr:  98.224.250.44
Wed Aug 13 07:38:36 2008 :: Loading Arawen.
Wed Aug 13 07:38:37 2008 :: Look out, Arawen@c-98-224-250-44.hsd1.mi.comcast.net has connected.
Wed Aug 13 07:40:16 2008 :: [WARNING] Sargonnas says: We will either have to do this out in actual RP on the MUD or you will have to write one kick ass story
Wed Aug 13 07:41:47 2008 :: Log Sargonnas: addapply axe
Wed Aug 13 07:41:55 2008 :: Log Sargonnas: addapply axe hitroll 10
Wed Aug 13 07:42:00 2008 :: Log Sargonnas: addapply axe damroll 10
Wed Aug 13 07:42:55 2008 :: Log Sargonnas: addapply axe hp 100
Wed Aug 13 07:42:59 2008 :: Log Sargonnas: addapply axe mana 100
Wed Aug 13 07:43:21 2008 :: Log Sargonnas: addapply axe save -10
Wed Aug 13 07:44:04 2008 :: Dredge has quit.
Wed Aug 13 07:44:07 2008 :: Sock.sinaddr:  66.57.203.135
Wed Aug 13 07:44:09 2008 :: Loading Mikhal.
Wed Aug 13 07:44:11 2008 :: Look out, Mikhal@cpe-066-057-203-135.sc.res.rr.com has connected.
Wed Aug 13 07:45:54 2008 :: Sock.sinaddr:  98.17.151.166
Wed Aug 13 07:45:57 2008 :: Loading Megus.
Wed Aug 13 07:45:59 2008 :: Look out, Megus@h166.151.17.98.dynamic.ip.windstream.net has connected.
Wed Aug 13 07:46:12 2008 :: Log Sargonnas: sgive axe megus
Wed Aug 13 07:46:35 2008 :: Log Sargonnas: grab axe megus
Wed Aug 13 07:47:19 2008 :: Log Sargonnas: addapply axe hp 100
Wed Aug 13 07:47:23 2008 :: Log Sargonnas: addapply axe mana 100
Wed Aug 13 07:47:27 2008 :: Log Sargonnas: addapply axe save -10
Wed Aug 13 07:47:35 2008 :: Log Sargonnas: addapply axe hitroll 10
Wed Aug 13 07:47:40 2008 :: Log Sargonnas: addapply axe damroll 10
Wed Aug 13 07:47:51 2008 :: Log Sargonnas: sgive axe meg
Wed Aug 13 07:48:16 2008 :: Log Sargonnas: grab axe megus
Wed Aug 13 07:48:35 2008 :: Log Sargonnas: sgive axe megus
Wed Aug 13 07:48:46 2008 :: Log Sargonnas: grab axe megus
Wed Aug 13 07:48:49 2008 :: Log Sargonnas: clone axe
Wed Aug 13 07:48:56 2008 :: Log Sargonnas: transfer guard
Wed Aug 13 07:49:05 2008 :: Log Sargonnas: restore
Wed Aug 13 07:49:16 2008 :: Log Sargonnas: transfer guard
Wed Aug 13 07:49:27 2008 :: Log Sargonnas: transfer silv
Wed Aug 13 07:49:35 2008 :: Log Sargonnas: purge silv
Wed Aug 13 07:49:48 2008 :: Log Sargonnas: transfer 6.silv
Wed Aug 13 07:49:58 2008 :: Log Sargonnas: restore
Wed Aug 13 07:50:07 2008 :: Log Sargonnas: restore
Wed Aug 13 07:50:35 2008 :: Log Sargonnas: grab heir luth
Wed Aug 13 07:50:37 2008 :: Log Sargonnas: clone heri
Wed Aug 13 07:50:41 2008 :: Log Sargonnas: clone heir
Wed Aug 13 07:51:00 2008 :: Log Sargonnas: load obj 9463
Wed Aug 13 07:51:08 2008 :: Mikhal has quit.
Wed Aug 13 07:51:23 2008 :: Log Sargonnas: restore
Wed Aug 13 07:51:32 2008 :: Log Sargonnas: restore
Wed Aug 13 07:51:38 2008 :: Log Sargonnas: addapply axe hitroll 10
Wed Aug 13 07:51:52 2008 :: Log Sargonnas: addapply axe damroll 10
Wed Aug 13 07:52:32 2008 :: Log Sargonnas: restore
Wed Aug 13 07:52:46 2008 :: Log Sargonnas: restore
Wed Aug 13 07:52:54 2008 :: Sock.sinaddr:  98.212.160.183
Wed Aug 13 07:53:02 2008 :: Loading Kotoasa.
Wed Aug 13 07:53:03 2008 :: Look out, Kotoasa@c-98-212-160-183.hsd1.il.comcast.net has connected.
Wed Aug 13 07:53:07 2008 :: Megus has quit.
Wed Aug 13 07:53:50 2008 :: Log Sargonnas: addapply axe hp 100
Wed Aug 13 07:53:56 2008 :: Log Sargonnas: addapply axe save -10
Wed Aug 13 07:55:27 2008 :: Log Sargonnas: load obj 5665
Wed Aug 13 07:56:08 2008 :: Log Sargonnas: load obj 5665
Wed Aug 13 07:56:55 2008 :: Log Sargonnas: restore
Wed Aug 13 07:57:22 2008 :: Log Sargonnas: restore
Read_from_descriptor: Connection reset by peer
Wed Aug 13 07:57:23 2008 :: Closing link to Adrastos.
Wed Aug 13 07:57:29 2008 :: Sock.sinaddr:  87.196.149.205
Wed Aug 13 07:57:30 2008 :: Loading Adrastos.
Wed Aug 13 07:57:30 2008 :: Adrastos@87-196-149-205.net.novis.pt reconnected.
Wed Aug 13 07:57:54 2008 :: Log Sargonnas: clone war
Wed Aug 13 07:57:55 2008 :: 87-196-149-205.net.novis.pt input spamming!
Wed Aug 13 07:58:20 2008 :: Log Sargonnas: sgive axe megus
Wed Aug 13 07:58:23 2008 :: Sock.sinaddr:  98.17.151.166
Wed Aug 13 07:58:26 2008 :: Loading Megus.
Wed Aug 13 07:58:27 2008 :: Look out, Megus@h166.151.17.98.dynamic.ip.windstream.net has connected.
Wed Aug 13 07:58:35 2008 :: Log Sargonnas: restore
Wed Aug 13 07:58:40 2008 :: Log Sargonnas: sgive axe megus
Wed Aug 13 07:59:05 2008 :: Log Sargonnas: grab axe megus
Wed Aug 13 07:59:42 2008 :: Log Sargonnas: sgive war meg
Wed Aug 13 07:59:51 2008 :: Log Sargonnas: grab war meg
Wed Aug 13 07:59:53 2008 :: Log Sargonnas: clone war
Wed Aug 13 07:59:53 2008 :: Log Sargonnas: clone war
Wed Aug 13 08:00:51 2008 :: Log Sargonnas: addapply axe hitroll 10
Wed Aug 13 08:00:52 2008 :: Log Sargonnas: addapply axe damroll 10
Wed Aug 13 08:00:52 2008 :: Log Sargonnas: addapply axe hp 100
Wed Aug 13 08:00:52 2008 :: Log Sargonnas: addapply axe save -10
Wed Aug 13 08:01:45 2008 :: Log Sargonnas: restore
Wed Aug 13 08:01:59 2008 :: Log Sargonnas: restore
Wed Aug 13 08:02:09 2008 :: Log Sargonnas: addapply axe hitroll 10
Wed Aug 13 08:02:09 2008 :: Log Sargonnas: addapply axe damroll 10
Wed Aug 13 08:02:09 2008 :: Log Sargonnas: addapply axe hp 100
Wed Aug 13 08:02:10 2008 :: Log Sargonnas: addapply axe save -10
Wed Aug 13 08:02:32 2008 :: EOF encountered on read.
Wed Aug 13 08:02:32 2008 :: Closing link to Luther.
Wed Aug 13 08:02:46 2008 :: Sock.sinaddr:  68.57.237.217
Wed Aug 13 08:02:50 2008 :: Loading Luther.
Wed Aug 13 08:02:51 2008 :: Luther@c-68-57-237-217.hsd1.in.comcast.net reconnected.
Wed Aug 13 08:04:44 2008 :: Log Sargonnas: reward luther 1500 nice
Wed Aug 13 08:05:11 2008 :: Sargonnas has quit.
Wed Aug 13 08:09:20 2008 :: Sock.sinaddr:  66.57.203.135
Wed Aug 13 08:09:22 2008 :: Loading Mikhal.
Wed Aug 13 08:09:24 2008 :: Look out, Mikhal@cpe-066-057-203-135.sc.res.rr.com has connected.
Wed Aug 13 08:11:13 2008 :: Kotoasa has quit.
Wed Aug 13 08:13:13 2008 :: Shogun has quit.
Wed Aug 13 08:13:45 2008 :: Adrastos has quit.
Wed Aug 13 08:19:51 2008 :: Arawen gained level 21
Wed Aug 13 08:25:29 2008 :: Mikhal has quit.
Wed Aug 13 08:25:47 2008 :: Sock.sinaddr:  98.211.33.243
Wed Aug 13 08:25:51 2008 :: Loading Lythanis.
Wed Aug 13 08:25:52 2008 :: Look out, Lythanis@c-98-211-33-243.hsd1.tn.comcast.net has connected.
Wed Aug 13 08:27:48 2008 :: Lythanis has quit.
Wed Aug 13 08:27:49 2008 :: Sock.sinaddr:  98.211.33.243
Wed Aug 13 08:27:50 2008 :: Loading Skyler.
Wed Aug 13 08:27:51 2008 :: Look out, Skyler@c-98-211-33-243.hsd1.tn.comcast.net has connected.
Wed Aug 13 08:29:23 2008 :: Arawen has quit.
Wed Aug 13 08:33:49 2008 :: Sock.sinaddr:  68.155.161.73
Wed Aug 13 08:33:51 2008 :: Loading Zivilyn.
Wed Aug 13 08:33:52 2008 :: Look out, Zivilyn@adsl-155-161-73.asm.bellsouth.net has connected.
Wed Aug 13 08:34:10 2008 :: Sock.sinaddr:  68.155.161.73
Wed Aug 13 08:34:13 2008 :: Loading Gulgor.
Wed Aug 13 08:34:14 2008 :: Look out, Gulgor@adsl-155-161-73.asm.bellsouth.net has connected.
Wed Aug 13 08:35:01 2008 :: Sock.sinaddr:  98.212.160.183
Wed Aug 13 08:35:05 2008 :: Loading Kotoasa.
Wed Aug 13 08:35:07 2008 :: Look out, Kotoasa@c-98-212-160-183.hsd1.il.comcast.net has connected.
Wed Aug 13 08:35:14 2008 :: Kotoasa has quit.
Wed Aug 13 08:36:04 2008 :: Sock.sinaddr:  68.155.161.73
Wed Aug 13 08:39:24 2008 :: Gnogolish@adsl-155-161-73.asm.bellsouth.net new player.
Wed Aug 13 08:43:32 2008 :: EOF encountered on read.
Wed Aug 13 08:43:32 2008 :: Closing link to Skyler.
Wed Aug 13 08:43:41 2008 :: Sock.sinaddr:  98.211.33.243
Wed Aug 13 08:43:42 2008 :: Loading Skyler.
Wed Aug 13 08:43:43 2008 :: Skyler@c-98-211-33-243.hsd1.tn.comcast.net reconnected.
Wed Aug 13 08:48:59 2008 :: [*****] BUG: Sig handler SIGSEGV
Wed Aug 13 08:48:59 2008 :: Saved zones:
Wed Aug 13 08:48:59 2008 :: None.
Wed Aug 13 08:49:00 2008 :: ROM is ready to rock on port 6100.
Wed Aug 13 08:49:00 2008 :: Copyover recovery initiated
Wed Aug 13 08:49:00 2008 :: Loading Skyler.
Wed Aug 13 08:49:00 2008 :: Loading Gnogolish.
Wed Aug 13 08:49:00 2008 :: Loading Gulgor.
Wed Aug 13 08:49:00 2008 :: Loading Zivilyn.
Wed Aug 13 08:49:00 2008 :: Loading Luther.
Wed Aug 13 08:49:00 2008 :: Loading Megus.
Wed Aug 13 08:49:00 2008 :: Loading Hiddukel.
