Wed Aug 13 18:35:35 2008 :: ROM is ready to rock on port 6100.
Wed Aug 13 18:35:36 2008 :: Sock.sinaddr:  66.57.203.135
Wed Aug 13 18:35:39 2008 :: Sock.sinaddr:  71.89.56.207
Wed Aug 13 18:35:40 2008 :: Loading Mikhal.
Wed Aug 13 18:35:42 2008 :: Look out, Mikhal@cpe-066-057-203-135.sc.res.rr.com has connected.
Wed Aug 13 18:35:55 2008 :: Sock.sinaddr:  98.211.33.243
Wed Aug 13 18:35:56 2008 :: Loading Hiddukel.
Wed Aug 13 18:35:57 2008 :: Loading Skyler.
Wed Aug 13 18:35:57 2008 :: Look out, Hiddukel@71-89-56-207.dhcp.stpt.wi.charter.com has connected.
Wed Aug 13 18:35:58 2008 :: Look out, Skyler@c-98-211-33-243.hsd1.tn.comcast.net has connected.
Wed Aug 13 18:36:05 2008 :: [*****] BUG: Sig handler SIGSEGV
Wed Aug 13 18:36:05 2008 :: Saved zones:
Wed Aug 13 18:36:05 2008 :: None.
Wed Aug 13 18:36:05 2008 :: ROM is ready to rock on port 6100.
Wed Aug 13 18:36:05 2008 :: Copyover recovery initiated
Wed Aug 13 18:36:05 2008 :: Loading Skyler.
Wed Aug 13 18:36:05 2008 :: Loading Hiddukel.
Wed Aug 13 18:36:05 2008 :: Loading Mikhal.
Wed Aug 13 18:36:19 2008 :: Log Hiddukel: snoop skyler
Wed Aug 13 18:36:24 2008 :: Log Hiddukel: snoop selfg
Wed Aug 13 18:36:26 2008 :: Log Hiddukel: snoop self
Wed Aug 13 18:36:33 2008 :: Log Hiddukel: gecho Somebody doing something?
Wed Aug 13 18:38:06 2008 :: Log Hiddukel: snoop skyler
