Tue Apr 22 20:46:47 2008 :: ROM is ready to rock on port 6100.
Tue Apr 22 20:47:46 2008 :: Sock.sinaddr:  71.89.56.207
Tue Apr 22 20:47:49 2008 :: Loading Hiddukel.
Tue Apr 22 20:47:50 2008 :: Look out, Hiddukel@71-89-56-207.dhcp.stpt.wi.charter.com has connected.
Tue Apr 22 20:47:57 2008 :: Log Hiddukel: lastonim
Tue Apr 22 20:49:40 2008 :: Sock.sinaddr:  68.77.72.58
Tue Apr 22 20:49:44 2008 :: Loading Rylinthai.
Tue Apr 22 20:49:45 2008 :: Look out, Rylinthai@adsl-68-77-72-58.dsl.ipltin.ameritech.net has connected.
Tue Apr 22 20:51:27 2008 :: Sock.sinaddr:  71.68.251.202
Tue Apr 22 20:51:30 2008 :: Loading Mikhal.
Tue Apr 22 20:51:31 2008 :: Look out, Mikhal@cpe-071-068-251-202.sc.res.rr.com has connected.
Tue Apr 22 20:53:01 2008 :: Log Hiddukel: asp mikhal spell
Tue Apr 22 20:56:25 2008 :: Sock.sinaddr:  172.169.37.185
Tue Apr 22 20:56:30 2008 :: Loading Rhiannon.
Tue Apr 22 20:56:31 2008 :: Look out, Rhiannon@ACA925B9.ipt.aol.com has connected.
Tue Apr 22 20:56:44 2008 :: Rhiannon has quit.
Tue Apr 22 20:56:45 2008 :: Sock.sinaddr:  172.169.37.185
Tue Apr 22 20:56:49 2008 :: Loading Thilt.
Tue Apr 22 20:56:53 2008 :: Look out, Thilt@ACA925B9.ipt.aol.com has connected.
Tue Apr 22 20:57:08 2008 :: Sock.sinaddr:  72.220.147.207
Tue Apr 22 20:57:12 2008 :: Loading Aiko.
Tue Apr 22 20:57:14 2008 :: Look out, Aiko@ip72-220-147-207.sd.sd.cox.net has connected.
Tue Apr 22 20:59:03 2008 :: Aiko has quit.
Tue Apr 22 20:59:19 2008 :: Rylinthai has quit.
Tue Apr 22 20:59:20 2008 :: Sock.sinaddr:  68.77.72.58
Tue Apr 22 20:59:22 2008 :: Loading Zeak.
Tue Apr 22 20:59:23 2008 :: Look out, Zeak@adsl-68-77-72-58.dsl.ipltin.ameritech.net has connected.
Tue Apr 22 21:00:23 2008 :: Zeak has quit.
Tue Apr 22 21:00:24 2008 :: Sock.sinaddr:  68.77.72.58
Tue Apr 22 21:00:26 2008 :: Loading Rylinthai.
Tue Apr 22 21:00:27 2008 :: Look out, Rylinthai@adsl-68-77-72-58.dsl.ipltin.ameritech.net has connected.
Tue Apr 22 21:00:52 2008 :: Sock.sinaddr:  24.155.241.181
Tue Apr 22 21:00:54 2008 :: Loading Lutharien.
Tue Apr 22 21:00:55 2008 :: Look out, Lutharien@24-155-241-181.dyn.grandenetworks.net has connected.
Tue Apr 22 21:01:02 2008 :: Rylinthai has quit.
Tue Apr 22 21:01:03 2008 :: Sock.sinaddr:  68.77.72.58
Tue Apr 22 21:01:05 2008 :: Loading Zeak.
Tue Apr 22 21:01:07 2008 :: Look out, Zeak@adsl-68-77-72-58.dsl.ipltin.ameritech.net has connected.
Tue Apr 22 21:04:25 2008 :: Sock.sinaddr:  71.168.87.120
Tue Apr 22 21:04:39 2008 :: Loading Demetrius.
Tue Apr 22 21:04:51 2008 :: Look out, Demetrius@pool-71-168-87-120.cncdnh.east.verizon.net has connected.
Tue Apr 22 21:07:54 2008 :: Log Hiddukel: restore all
Tue Apr 22 21:07:55 2008 :: Hiddukel has quit.
Tue Apr 22 21:08:40 2008 :: Sock.sinaddr:  76.11.243.178
Tue Apr 22 21:08:42 2008 :: Loading Gerard.
Tue Apr 22 21:08:44 2008 :: Gerard. Bad Password. IP: host-76-11-243-178.newwavecomm.net> nemsiisthuganomicns
Tue Apr 22 21:08:44 2008 :: Closing link to Gerard.
Tue Apr 22 21:08:45 2008 :: Sock.sinaddr:  76.11.243.178
Tue Apr 22 21:08:48 2008 :: Loading Gerard.
Tue Apr 22 21:08:49 2008 :: Demetrius has quit.
Tue Apr 22 21:08:49 2008 :: EOF encountered on read.
Tue Apr 22 21:08:49 2008 :: Closing link to Zeak.
Tue Apr 22 21:08:50 2008 :: Sock.sinaddr:  68.77.72.58
Tue Apr 22 21:08:52 2008 :: Loading Zeak.
Tue Apr 22 21:08:52 2008 :: Look out, Gerard@host-76-11-243-178.newwavecomm.net has connected.
Tue Apr 22 21:08:52 2008 :: Zeak@adsl-68-77-72-58.dsl.ipltin.ameritech.net reconnected.
Tue Apr 22 21:08:53 2008 :: Sock.sinaddr:  71.168.87.120
Tue Apr 22 21:09:04 2008 :: Loading Symon.
Tue Apr 22 21:09:07 2008 :: Look out, Symon@pool-71-168-87-120.cncdnh.east.verizon.net has connected.
Tue Apr 22 21:09:16 2008 :: tombguard tomb guard assassinated by Gerard at 17512
Tue Apr 22 21:09:51 2008 :: silvanoshei questmaster speaker assassinated by Gerard at 17635
Tue Apr 22 21:10:08 2008 :: Sock.sinaddr:  76.17.38.47
Tue Apr 22 21:10:11 2008 :: Loading Shinn.
Tue Apr 22 21:10:13 2008 :: Look out, Shinn@c-76-17-38-47.hsd1.ga.comcast.net has connected.
Tue Apr 22 21:10:40 2008 :: Shinn has quit.
Tue Apr 22 21:10:44 2008 :: Sock.sinaddr:  76.17.38.47
Tue Apr 22 21:10:48 2008 :: Loading Teyen.
Tue Apr 22 21:10:49 2008 :: Look out, Teyen@c-76-17-38-47.hsd1.ga.comcast.net has connected.
Tue Apr 22 21:11:00 2008 :: Gerard has quit.
Tue Apr 22 21:12:08 2008 :: Sock.sinaddr:  76.115.223.123
Tue Apr 22 21:12:17 2008 :: Sock.sinaddr:  76.11.243.178
Tue Apr 22 21:12:17 2008 :: Loading Deziree.
Tue Apr 22 21:12:19 2008 :: Loading Gerard.
Tue Apr 22 21:12:20 2008 :: Look out, Deziree@76.115.223.123 has connected.
Tue Apr 22 21:12:21 2008 :: Look out, Gerard@host-76-11-243-178.newwavecomm.net has connected.
Tue Apr 22 21:12:35 2008 :: Deziree has quit.
Tue Apr 22 21:12:48 2008 :: Sock.sinaddr:  76.115.223.123
Tue Apr 22 21:12:52 2008 :: Loading Ciara.
Tue Apr 22 21:12:55 2008 :: Look out, Ciara@76.115.223.123 has connected.
Tue Apr 22 21:13:29 2008 :: Zeak gained level 56
Tue Apr 22 21:14:02 2008 :: [WARNING] Ciara replies to Gerard: Been vomitting all day long.  been real crappy.  Plus I was on earlier getting xp and the MUD went down.  
Tue Apr 22 21:16:27 2008 :: necromancer minotaur assassinated by Gerard at 19023
Tue Apr 22 21:17:12 2008 :: Sock.sinaddr:  161.6.204.181
Tue Apr 22 21:17:15 2008 :: Loading Marek.
Tue Apr 22 21:17:17 2008 :: Look out, Marek@ip181-204.dk.WKU.EDU has connected.
Tue Apr 22 21:17:17 2008 :: Sock.sinaddr:  66.183.189.84
Tue Apr 22 21:17:20 2008 :: Loading Cerise.
Tue Apr 22 21:17:21 2008 :: Look out, Cerise@d66-183-189-84.bchsia.telus.net has connected.
Tue Apr 22 21:17:23 2008 :: Marek has quit.
Tue Apr 22 21:18:08 2008 :: [WARNING] Mikhal replies to Gerard: i'm off work.maybe mud wont go down
Tue Apr 22 21:18:22 2008 :: Sock.sinaddr:  161.6.204.181
Tue Apr 22 21:18:26 2008 :: Loading Marek.
Tue Apr 22 21:18:30 2008 :: Look out, Marek@ip181-204.dk.WKU.EDU has connected.
Tue Apr 22 21:18:48 2008 :: Gerard has quit.
Tue Apr 22 21:19:11 2008 :: Marek has quit.
Tue Apr 22 21:21:14 2008 :: Ciara has quit.
Tue Apr 22 21:21:14 2008 :: Sock.sinaddr:  76.115.223.123
Tue Apr 22 21:21:28 2008 :: Loading Deziree.
Tue Apr 22 21:21:31 2008 :: Look out, Deziree@76.115.223.123 has connected.
Tue Apr 22 21:21:45 2008 :: Teyen has quit.
Tue Apr 22 21:21:49 2008 :: Sock.sinaddr:  76.17.38.47
Tue Apr 22 21:21:51 2008 :: Loading Shinn.
Tue Apr 22 21:21:53 2008 :: Shinn. Bad Password. IP: c-76-17-38-47.hsd1.ga.comcast.net> scyth
Tue Apr 22 21:21:53 2008 :: Closing link to Shinn.
Tue Apr 22 21:21:56 2008 :: Sock.sinaddr:  76.17.38.47
Tue Apr 22 21:21:58 2008 :: Loading Shinn.
Tue Apr 22 21:22:00 2008 :: Look out, Shinn@c-76-17-38-47.hsd1.ga.comcast.net has connected.
Tue Apr 22 21:22:06 2008 :: adsl-68-77-72-58.dsl.ipltin.ameritech.net input spamming!
Tue Apr 22 21:22:15 2008 :: Thilt gained level 53
Tue Apr 22 21:23:29 2008 :: Shinn has quit.
Tue Apr 22 21:23:31 2008 :: Sock.sinaddr:  76.17.38.47
Tue Apr 22 21:23:35 2008 :: Loading Granvarius.
Tue Apr 22 21:23:38 2008 :: Look out, Granvarius@c-76-17-38-47.hsd1.ga.comcast.net has connected.
Tue Apr 22 21:23:55 2008 :: Sock.sinaddr:  72.204.35.170
Tue Apr 22 21:23:57 2008 :: Loading Dekyos.
Tue Apr 22 21:23:58 2008 :: Look out, Dekyos@ip72-204-35-170.fv.ks.cox.net has connected.
Tue Apr 22 21:24:13 2008 :: Dekyos has quit.
Tue Apr 22 21:25:01 2008 :: Sock.sinaddr:  139.67.211.89
Tue Apr 22 21:25:04 2008 :: Loading Delshawen.
Tue Apr 22 21:25:05 2008 :: Look out, Delshawen@foxtrotnine.tayl211.eiu.edu has connected.
Tue Apr 22 21:25:12 2008 :: Delshawen has quit.
Tue Apr 22 21:25:16 2008 :: Sock.sinaddr:  139.67.211.89
Tue Apr 22 21:25:18 2008 :: Loading Vladamir.
Tue Apr 22 21:25:19 2008 :: Look out, Vladamir@foxtrotnine.tayl211.eiu.edu has connected.
Tue Apr 22 21:25:37 2008 :: Granvarius has quit.
Tue Apr 22 21:26:05 2008 :: Vladamir has quit.
Tue Apr 22 21:26:27 2008 :: Deziree gained level 19
Tue Apr 22 21:27:07 2008 :: Symon has quit.
Tue Apr 22 21:27:10 2008 :: Sock.sinaddr:  71.168.87.120
Tue Apr 22 21:27:17 2008 :: Loading Demetrius.
Tue Apr 22 21:27:20 2008 :: Look out, Demetrius@pool-71-168-87-120.cncdnh.east.verizon.net has connected.
Tue Apr 22 21:32:39 2008 :: Sock.sinaddr:  66.57.223.157
Tue Apr 22 21:32:46 2008 :: Loading Washaki.
Tue Apr 22 21:32:49 2008 :: Look out, Washaki@cpe-066-057-223-157.sc.res.rr.com has connected.
Tue Apr 22 21:33:22 2008 :: Washaki has quit.
Tue Apr 22 21:33:46 2008 :: Sock.sinaddr:  66.57.223.157
Tue Apr 22 21:33:56 2008 :: Loading Azarath.
Tue Apr 22 21:33:57 2008 :: Look out, Azarath@cpe-066-057-223-157.sc.res.rr.com has connected.
Tue Apr 22 21:35:17 2008 :: EOF encountered on read.
Tue Apr 22 21:35:17 2008 :: Closing link to Zeak.
Tue Apr 22 21:35:19 2008 :: Sock.sinaddr:  68.77.72.58
Tue Apr 22 21:35:22 2008 :: Loading Zeak.
Tue Apr 22 21:35:23 2008 :: Zeak@adsl-68-77-72-58.dsl.ipltin.ameritech.net reconnected.
Tue Apr 22 21:35:43 2008 :: EOF encountered on read.
Tue Apr 22 21:35:43 2008 :: Closing link to Zeak.
Tue Apr 22 21:35:44 2008 :: Sock.sinaddr:  68.77.72.58
Tue Apr 22 21:35:46 2008 :: Loading Zeak.
Tue Apr 22 21:35:47 2008 :: Zeak@adsl-68-77-72-58.dsl.ipltin.ameritech.net reconnected.
Tue Apr 22 21:41:39 2008 :: cpe-066-057-223-157.sc.res.rr.com input spamming!
Tue Apr 22 21:48:24 2008 :: Cerise has quit.
Tue Apr 22 21:50:13 2008 :: Sock.sinaddr:  98.212.138.200
Tue Apr 22 21:50:16 2008 :: Loading Kotoasa.
Tue Apr 22 21:50:17 2008 :: Look out, Kotoasa@c-98-212-138-200.hsd1.il.comcast.net has connected.
Tue Apr 22 21:56:32 2008 :: Sock.sinaddr:  216.198.169.198
Tue Apr 22 21:56:36 2008 :: EOF encountered on read.
Tue Apr 22 21:57:22 2008 :: Lutharien has quit.
Tue Apr 22 21:57:24 2008 :: Sock.sinaddr:  24.155.241.181
Tue Apr 22 21:57:27 2008 :: Loading Daenithan.
Tue Apr 22 21:57:29 2008 :: Look out, Daenithan@24-155-241-181.dyn.grandenetworks.net has connected.
Tue Apr 22 21:57:51 2008 :: adsl-68-77-72-58.dsl.ipltin.ameritech.net input spamming!
Tue Apr 22 21:59:01 2008 :: Sock.sinaddr:  161.6.204.181
Tue Apr 22 21:59:06 2008 :: Loading Marek.
Tue Apr 22 21:59:09 2008 :: Look out, Marek@ip181-204.dk.WKU.EDU has connected.
Tue Apr 22 22:03:19 2008 :: Marek gained level 17
Tue Apr 22 22:03:34 2008 :: Sock.sinaddr:  76.177.188.4
Tue Apr 22 22:03:38 2008 :: Loading Yerthorn.
Tue Apr 22 22:03:39 2008 :: Look out, Yerthorn@CPE-76-177-188-4.natsoe.res.rr.com has connected.
Tue Apr 22 22:04:29 2008 :: Deziree gained level 20
Tue Apr 22 22:05:04 2008 :: adsl-68-77-72-58.dsl.ipltin.ameritech.net input spamming!
Tue Apr 22 22:05:05 2008 :: Thilt gained level 54
Tue Apr 22 22:05:55 2008 :: cpe-066-057-223-157.sc.res.rr.com input spamming!
Tue Apr 22 22:07:49 2008 :: Zeak gained level 57
Tue Apr 22 22:09:57 2008 :: Kotoasa has quit.
Tue Apr 22 22:09:58 2008 :: Sock.sinaddr:  98.212.138.200
Tue Apr 22 22:11:49 2008 :: [WARNING] Mikhal replies to Yerthorn: since the mud came back up
Tue Apr 22 22:11:56 2008 :: Daenithan gained level 21
Tue Apr 22 22:13:00 2008 :: Marek gained level 18
Tue Apr 22 22:13:40 2008 :: Deziree gained level 21
Tue Apr 22 22:13:57 2008 :: Daenithan gained level 22
Tue Apr 22 22:14:54 2008 :: knight sword vingaard assassinated by Demetrius at 15784
Tue Apr 22 22:15:08 2008 :: Marek gained level 19
Tue Apr 22 22:16:06 2008 :: Deziree gained level 22
Tue Apr 22 22:16:06 2008 :: Daenithan gained level 23
Tue Apr 22 22:17:30 2008 :: Marek gained level 20
Tue Apr 22 22:17:42 2008 :: knight crown vingaard assassinated by Demetrius at 15779
Tue Apr 22 22:17:54 2008 :: Loading Kotoasa.
Tue Apr 22 22:17:55 2008 :: Look out, Kotoasa@c-98-212-138-200.hsd1.il.comcast.net has connected.
Tue Apr 22 22:18:24 2008 :: Deziree gained level 23
Tue Apr 22 22:18:39 2008 :: Daenithan gained level 24
Tue Apr 22 22:19:33 2008 :: Marek gained level 21
Tue Apr 22 22:20:05 2008 :: Azarath has quit.
Tue Apr 22 22:20:30 2008 :: Deziree gained level 24
Tue Apr 22 22:20:57 2008 :: Yerthorn has quit.
Tue Apr 22 22:21:03 2008 :: Daenithan gained level 25
Tue Apr 22 22:21:49 2008 :: Marek gained level 22
Tue Apr 22 22:22:30 2008 :: knight rose vingaard assassinated by Demetrius at 15797
Tue Apr 22 22:23:23 2008 :: knight rose vingaard assassinated by Demetrius at 15798
Tue Apr 22 22:23:26 2008 :: Sock.sinaddr:  68.179.18.91
Tue Apr 22 22:23:28 2008 :: Loading Asauder.
Tue Apr 22 22:23:29 2008 :: Look out, Asauder@static-68-179-18-91.ptr.terago.ca has connected.
Tue Apr 22 22:24:21 2008 :: adsl-68-77-72-58.dsl.ipltin.ameritech.net input spamming!
Tue Apr 22 22:24:36 2008 :: Deziree gained level 25
Tue Apr 22 22:25:33 2008 :: Daenithan gained level 26
Tue Apr 22 22:25:33 2008 :: Marek gained level 23
Tue Apr 22 22:27:09 2008 :: Daenithan has quit.
Tue Apr 22 22:27:15 2008 :: Asauder has quit.
Tue Apr 22 22:29:06 2008 :: Deziree gained level 26
Tue Apr 22 22:29:06 2008 :: Marek gained level 24
Tue Apr 22 22:31:07 2008 :: Sock.sinaddr:  66.57.223.157
Tue Apr 22 22:31:56 2008 :: Loading Aeros.
Tue Apr 22 22:32:03 2008 :: Look out, Aeros@cpe-066-057-223-157.sc.res.rr.com has connected.
Tue Apr 22 22:36:15 2008 :: Sock.sinaddr:  66.57.223.157
Tue Apr 22 22:36:24 2008 :: Loading Azarath.
Tue Apr 22 22:36:26 2008 :: Look out, Azarath@cpe-066-057-223-157.sc.res.rr.com has connected.
Tue Apr 22 22:36:31 2008 :: Marek gained level 25
Tue Apr 22 22:38:36 2008 :: Deziree gained level 27
Tue Apr 22 22:38:40 2008 :: Sock.sinaddr:  72.220.147.207
Tue Apr 22 22:39:40 2008 :: Log Demetrius: murder zeak
Tue Apr 22 22:39:40 2008 :: [*****] BUG: Unequip_char: already unequipped.
Tue Apr 22 22:39:40 2008 :: [*****] BUG: Unequip_char: already unequipped.
Tue Apr 22 22:40:19 2008 :: Sock.sinaddr:  74.182.33.147
Tue Apr 22 22:41:00 2008 :: Loading Ninjon.
Tue Apr 22 22:41:03 2008 :: Look out, Ninjon@adsl-074-182-033-147.sip.owb.bellsouth.net has connected.
Tue Apr 22 22:41:05 2008 :: Marek gained level 26
Tue Apr 22 22:41:05 2008 :: Sock.sinaddr:  76.177.188.4
Tue Apr 22 22:41:10 2008 :: Loading Yerthorn.
Tue Apr 22 22:41:10 2008 :: Look out, Yerthorn@CPE-76-177-188-4.natsoe.res.rr.com has connected.
Tue Apr 22 22:42:12 2008 :: Isabella@ip72-220-147-207.sd.sd.cox.net new player.
Tue Apr 22 22:42:36 2008 :: Deziree has quit.
Tue Apr 22 22:43:26 2008 :: Ninjon has quit.
Tue Apr 22 22:43:27 2008 :: Sock.sinaddr:  74.182.33.147
Tue Apr 22 22:44:26 2008 :: Kotoasa has quit.
Tue Apr 22 22:44:28 2008 :: Sock.sinaddr:  98.212.138.200
Tue Apr 22 22:44:35 2008 :: Zellmine@adsl-074-182-033-147.sip.owb.bellsouth.net new player.
Tue Apr 22 22:44:39 2008 :: Loading Kotoasa.
Tue Apr 22 22:44:40 2008 :: Look out, Kotoasa@c-98-212-138-200.hsd1.il.comcast.net has connected.
Tue Apr 22 22:45:08 2008 :: Yerthorn has quit.
Tue Apr 22 22:45:08 2008 :: EOF encountered on read.
Tue Apr 22 22:45:08 2008 :: Closing link to Kotoasa.
Tue Apr 22 22:45:11 2008 :: Sock.sinaddr:  98.212.138.200
Tue Apr 22 22:45:14 2008 :: Loading Kotoasa.
Tue Apr 22 22:45:15 2008 :: Kotoasa@c-98-212-138-200.hsd1.il.comcast.net reconnected.
Tue Apr 22 22:45:17 2008 :: Demetrius has quit.
Tue Apr 22 22:51:19 2008 :: Log Kotoasa: murder mik
Tue Apr 22 22:53:08 2008 :: Isabella gained level 2
Tue Apr 22 22:54:11 2008 :: Aeros gained level 43
Tue Apr 22 22:58:53 2008 :: Isabella gained level 3
Tue Apr 22 22:59:11 2008 :: Azarath gained level 42
Tue Apr 22 23:00:56 2008 :: Isabella gained level 4
Tue Apr 22 23:01:18 2008 :: Marek has quit.
Tue Apr 22 23:03:23 2008 :: Isabella gained level 5
Tue Apr 22 23:04:07 2008 :: Isabella gained level 6
Tue Apr 22 23:05:34 2008 :: Aeros has quit.
Tue Apr 22 23:06:42 2008 :: Sock.sinaddr:  161.6.204.181
Tue Apr 22 23:06:46 2008 :: Loading Marek.
Tue Apr 22 23:06:49 2008 :: Look out, Marek@ip181-204.dk.WKU.EDU has connected.
Tue Apr 22 23:06:52 2008 :: Marek has quit.
Tue Apr 22 23:07:38 2008 :: Zeak has quit.
Tue Apr 22 23:08:20 2008 :: Thilt has quit.
Tue Apr 22 23:08:22 2008 :: Sock.sinaddr:  172.169.37.185
Tue Apr 22 23:08:25 2008 :: Loading Raph.
Tue Apr 22 23:08:26 2008 :: Isabella gained level 7
Tue Apr 22 23:08:27 2008 :: Look out, Raph@ACA925B9.ipt.aol.com has connected.
Tue Apr 22 23:08:39 2008 :: Raph has quit.
Tue Apr 22 23:08:40 2008 :: Sock.sinaddr:  172.169.37.185
Tue Apr 22 23:08:49 2008 :: cpe-066-057-223-157.sc.res.rr.com input spamming!
Tue Apr 22 23:08:55 2008 :: cpe-066-057-223-157.sc.res.rr.com input spamming!
Tue Apr 22 23:09:22 2008 :: Kotoasa has quit.
Tue Apr 22 23:10:08 2008 :: Murph@ACA925B9.ipt.aol.com new player.
Tue Apr 22 23:10:29 2008 :: Sock.sinaddr:  172.169.37.185
Tue Apr 22 23:10:31 2008 :: Loading Raph.
Tue Apr 22 23:10:33 2008 :: Look out, Raph@ACA925B9.ipt.aol.com has connected.
Tue Apr 22 23:10:50 2008 :: Azarath has quit.
Tue Apr 22 23:11:17 2008 :: Raph has quit.
Tue Apr 22 23:11:19 2008 :: Sock.sinaddr:  172.169.37.185
Tue Apr 22 23:11:20 2008 :: Loading Mogu.
Tue Apr 22 23:11:21 2008 :: Look out, Mogu@ACA925B9.ipt.aol.com has connected.
Tue Apr 22 23:11:46 2008 :: Mogu has quit.
Tue Apr 22 23:11:49 2008 :: Sock.sinaddr:  172.169.37.185
Tue Apr 22 23:11:54 2008 :: Loading Mogu.
Tue Apr 22 23:11:55 2008 :: Look out, Mogu@ACA925B9.ipt.aol.com has connected.
Tue Apr 22 23:12:48 2008 :: Isabella gained level 8
Tue Apr 22 23:17:17 2008 :: [WARNING] Mogu replies to Mikhal: I played Rhiannon.  Back when I didn't really know how to rp.  Just started mudding.
Tue Apr 22 23:18:18 2008 :: [WARNING] Mikhal replies to Mogu: my specialty is hill giants...but none on this mud. 
Tue Apr 22 23:18:28 2008 :: [WARNING] Mikhal replies to Mogu: i really got off on my hill giant on turning point mud
Tue Apr 22 23:20:07 2008 :: Mikhal has quit.
Tue Apr 22 23:20:33 2008 :: Sock.sinaddr:  66.183.189.84
Tue Apr 22 23:20:35 2008 :: Loading Cerise.
Tue Apr 22 23:20:37 2008 :: Look out, Cerise@d66-183-189-84.bchsia.telus.net has connected.
Tue Apr 22 23:20:42 2008 :: Cerise has quit.
Tue Apr 22 23:20:49 2008 :: Mogu has quit.
Tue Apr 22 23:20:50 2008 :: Sock.sinaddr:  172.169.37.185
Tue Apr 22 23:20:52 2008 :: Loading Raph.
Tue Apr 22 23:20:53 2008 :: Look out, Raph@ACA925B9.ipt.aol.com has connected.
Tue Apr 22 23:24:01 2008 :: Log Raph: delete
Tue Apr 22 23:24:01 2008 :: Log Raph: delete
Tue Apr 22 23:24:03 2008 :: Sock.sinaddr:  172.169.37.185
Tue Apr 22 23:24:42 2008 :: Victor@ACA925B9.ipt.aol.com new player.
Tue Apr 22 23:24:53 2008 :: Isabella gained level 9
Tue Apr 22 23:28:58 2008 :: Victor gained level 2
Tue Apr 22 23:31:46 2008 :: Victor gained level 3
Tue Apr 22 23:36:52 2008 :: Victor gained level 4
Tue Apr 22 23:40:10 2008 :: Victor gained level 5
Tue Apr 22 23:44:59 2008 :: Isabella has quit.
Tue Apr 22 23:46:49 2008 :: Sock.sinaddr:  71.68.251.202
Tue Apr 22 23:46:51 2008 :: Loading Mikhal.
Tue Apr 22 23:46:52 2008 :: Look out, Mikhal@cpe-071-068-251-202.sc.res.rr.com has connected.
Tue Apr 22 23:50:40 2008 :: Victor gained level 6
Tue Apr 22 23:51:17 2008 :: Sock.sinaddr:  64.184.0.173
Tue Apr 22 23:51:23 2008 :: Loading Kancer.
Tue Apr 22 23:51:25 2008 :: Look out, Kancer@ip-64-184-0-173.indianafiber.net has connected.
Tue Apr 22 23:53:55 2008 :: Mikhal has quit.
Tue Apr 22 23:53:58 2008 :: Sock.sinaddr:  71.68.251.202
Read_from_descriptor: Connection reset by peer
Tue Apr 22 23:55:08 2008 :: Closing link to Luhmogeau.
Tue Apr 22 23:55:10 2008 :: Sock.sinaddr:  71.68.251.202
Tue Apr 22 23:55:57 2008 :: Junigushk@cpe-071-068-251-202.sc.res.rr.com new player.
Tue Apr 22 23:58:13 2008 :: Victor has quit.
Tue Apr 22 23:58:15 2008 :: Sock.sinaddr:  172.169.37.185
Tue Apr 22 23:58:20 2008 :: Loading Victor.
Tue Apr 22 23:58:21 2008 :: Look out, Victor@ACA925B9.ipt.aol.com has connected.
Tue Apr 22 23:58:26 2008 :: Log Victor: delete
Tue Apr 22 23:58:26 2008 :: Log Victor: delete
Tue Apr 22 23:58:28 2008 :: Sock.sinaddr:  172.169.37.185
Tue Apr 22 23:58:58 2008 :: Victor@ACA925B9.ipt.aol.com new player.
Wed Apr 23 00:03:00 2008 :: Victor gained level 2
Wed Apr 23 00:03:00 2008 :: Junigushk gained level 2
Wed Apr 23 00:03:24 2008 :: Victor gained level 3
Wed Apr 23 00:03:24 2008 :: Junigushk gained level 3
Wed Apr 23 00:04:57 2008 :: Junigushk gained level 4
Wed Apr 23 00:05:39 2008 :: Victor gained level 4
Wed Apr 23 00:06:42 2008 :: Victor gained level 5
Wed Apr 23 00:06:42 2008 :: Junigushk gained level 5
Wed Apr 23 00:08:57 2008 :: Victor gained level 6
Wed Apr 23 00:09:06 2008 :: Junigushk gained level 6
Wed Apr 23 00:11:06 2008 :: Victor gained level 7
Wed Apr 23 00:11:06 2008 :: Junigushk gained level 7
Wed Apr 23 00:13:18 2008 :: Junigushk gained level 8
Wed Apr 23 00:14:36 2008 :: Sock.sinaddr:  67.36.188.226
Wed Apr 23 00:14:49 2008 :: Loading Aurolite.
Wed Apr 23 00:14:50 2008 :: Look out, Aurolite@adsl-67-36-188-226.dsl.chcgil.ameritech.net has connected.
Wed Apr 23 00:15:03 2008 :: Victor gained level 8
Wed Apr 23 00:15:06 2008 :: Aurolite has quit.
Wed Apr 23 00:19:36 2008 :: Victor gained level 9
Wed Apr 23 00:19:36 2008 :: Junigushk gained level 9
Wed Apr 23 00:26:21 2008 :: Victor gained level 10
Wed Apr 23 00:29:08 2008 :: Sock.sinaddr:  161.6.204.181
Wed Apr 23 00:30:06 2008 :: Loading Marek.
Wed Apr 23 00:30:09 2008 :: Look out, Marek@ip181-204.dk.WKU.EDU has connected.
Wed Apr 23 00:30:30 2008 :: Junigushk gained level 10
Wed Apr 23 00:33:03 2008 :: Junigushk gained level 11
Wed Apr 23 00:33:03 2008 :: Victor gained level 11
Wed Apr 23 00:35:15 2008 :: Victor gained level 12
Wed Apr 23 00:35:15 2008 :: Junigushk gained level 12
Wed Apr 23 00:43:25 2008 :: Victor gained level 13
Wed Apr 23 00:43:25 2008 :: Junigushk gained level 13
Wed Apr 23 00:43:27 2008 :: Marek has quit.
Wed Apr 23 00:50:15 2008 :: Junigushk killed by an antelope at 943
Wed Apr 23 00:55:57 2008 :: Sock.sinaddr:  161.6.204.181
Wed Apr 23 00:56:02 2008 :: Loading Marek.
Wed Apr 23 00:56:05 2008 :: Look out, Marek@ip181-204.dk.WKU.EDU has connected.
Wed Apr 23 01:01:11 2008 :: ip-64-184-0-173.indianafiber.net input spamming!
Wed Apr 23 01:06:06 2008 :: Victor gained level 14
Wed Apr 23 01:06:06 2008 :: Junigushk gained level 14
Wed Apr 23 01:10:12 2008 :: Junigushk killed by a Palanthas guard at 3041
Wed Apr 23 01:10:35 2008 :: Sock.sinaddr:  24.155.241.181
Wed Apr 23 01:10:38 2008 :: Loading Lutharien.
Wed Apr 23 01:10:39 2008 :: Look out, Lutharien@24-155-241-181.dyn.grandenetworks.net has connected.
Wed Apr 23 01:12:11 2008 :: Lutharien has quit.
Wed Apr 23 01:12:14 2008 :: Sock.sinaddr:  24.155.241.181
Wed Apr 23 01:12:17 2008 :: Loading Daenithan.
Wed Apr 23 01:12:18 2008 :: Look out, Daenithan@24-155-241-181.dyn.grandenetworks.net has connected.
Wed Apr 23 01:15:25 2008 :: Junigushk has quit.
Wed Apr 23 01:15:30 2008 :: Sock.sinaddr:  71.68.251.202
Wed Apr 23 01:15:32 2008 :: Loading Mikhal.
Wed Apr 23 01:15:33 2008 :: Look out, Mikhal@cpe-071-068-251-202.sc.res.rr.com has connected.
Wed Apr 23 01:23:05 2008 :: Marek gained level 27
Wed Apr 23 01:23:05 2008 :: Daenithan gained level 27
Wed Apr 23 01:31:12 2008 :: Mikhal has quit.
Wed Apr 23 01:31:15 2008 :: Sock.sinaddr:  71.68.251.202
Wed Apr 23 01:31:24 2008 :: Loading Vuundael.
Wed Apr 23 01:31:26 2008 :: Look out, Vuundael@cpe-071-068-251-202.sc.res.rr.com has connected.
Wed Apr 23 01:34:13 2008 :: cpe-071-068-251-202.sc.res.rr.com input spamming!
Wed Apr 23 01:34:40 2008 :: Daenithan gained level 28
Wed Apr 23 01:35:23 2008 :: Marek gained level 28
Wed Apr 23 01:36:59 2008 :: 24-155-241-181.dyn.grandenetworks.net input spamming!
Wed Apr 23 01:38:41 2008 :: Daenithan gained level 29
Wed Apr 23 01:39:22 2008 :: Vuundael has quit.
Wed Apr 23 01:39:44 2008 :: Sock.sinaddr:  71.68.251.202
Wed Apr 23 01:39:46 2008 :: Loading Mikhal.
Wed Apr 23 01:39:47 2008 :: Look out, Mikhal@cpe-071-068-251-202.sc.res.rr.com has connected.
Wed Apr 23 01:39:52 2008 :: Marek gained level 29
Wed Apr 23 01:40:54 2008 :: Sock.sinaddr:  193.136.33.200
Wed Apr 23 01:40:56 2008 :: Loading Dessan.
Wed Apr 23 01:40:57 2008 :: Look out, Dessan@aulas-i-p2.fe.up.pt has connected.
Wed Apr 23 01:40:58 2008 :: 24-155-241-181.dyn.grandenetworks.net input spamming!
Wed Apr 23 01:42:13 2008 :: 24-155-241-181.dyn.grandenetworks.net input spamming!
Wed Apr 23 01:42:50 2008 :: Daenithan gained level 30
Wed Apr 23 01:43:49 2008 :: Marek gained level 30
Wed Apr 23 01:47:29 2008 :: Daenithan gained level 31
Wed Apr 23 01:48:24 2008 :: Marek gained level 31
Wed Apr 23 01:50:59 2008 :: Mikhal has quit.
Wed Apr 23 01:51:13 2008 :: Kancer has quit.
Wed Apr 23 01:51:15 2008 :: Sock.sinaddr:  64.184.0.173
Wed Apr 23 01:51:21 2008 :: Loading Androx.
Wed Apr 23 01:51:22 2008 :: Look out, Androx@ip-64-184-0-173.indianafiber.net has connected.
Wed Apr 23 01:51:37 2008 :: Log Androx: delete
Wed Apr 23 01:51:42 2008 :: Log Androx: delete
Wed Apr 23 01:51:47 2008 :: Sock.sinaddr:  64.184.0.173
Wed Apr 23 01:52:29 2008 :: Marek has quit.
Wed Apr 23 01:53:18 2008 :: Androx@ip-64-184-0-173.indianafiber.net new player.
Wed Apr 23 01:56:10 2008 :: Daenithan has quit.
Wed Apr 23 01:56:12 2008 :: Sock.sinaddr:  24.155.241.181
Wed Apr 23 01:56:16 2008 :: Loading Daenithan.
Wed Apr 23 01:56:17 2008 :: Look out, Daenithan@24-155-241-181.dyn.grandenetworks.net has connected.
Wed Apr 23 01:57:13 2008 :: Sock.sinaddr:  67.36.188.226
Wed Apr 23 01:57:15 2008 :: Loading Aurolite.
Wed Apr 23 01:57:16 2008 :: Look out, Aurolite@adsl-67-36-188-226.dsl.chcgil.ameritech.net has connected.
Wed Apr 23 01:57:32 2008 :: Aurolite has quit.
Wed Apr 23 01:59:51 2008 :: Sock.sinaddr:  64.184.0.173
Wed Apr 23 01:59:55 2008 :: Loading Kancer.
Wed Apr 23 01:59:56 2008 :: Look out, Kancer@ip-64-184-0-173.indianafiber.net has connected.
Wed Apr 23 02:03:43 2008 :: Daenithan has quit.
Wed Apr 23 02:03:46 2008 :: Sock.sinaddr:  24.155.241.181
Wed Apr 23 02:03:48 2008 :: Loading Daenithan.
Wed Apr 23 02:03:49 2008 :: Look out, Daenithan@24-155-241-181.dyn.grandenetworks.net has connected.
Wed Apr 23 02:08:48 2008 :: Sock.sinaddr:  204.209.44.14
Write_to_descriptor: Broken pipe
Write_to_descriptor: Broken pipe
Write_to_descriptor: Broken pipe
Write_to_descriptor: Broken pipe
Write_to_descriptor: Broken pipe
Write_to_descriptor: Broken pipe
Write_to_descriptor: Broken pipe
Wed Apr 23 02:08:48 2008 :: EOF encountered on read.
Wed Apr 23 02:08:50 2008 :: EOF encountered on read.
Wed Apr 23 02:09:00 2008 :: Victor has quit.
Wed Apr 23 02:09:02 2008 :: Sock.sinaddr:  172.169.37.185
Wed Apr 23 02:09:05 2008 :: Loading Thilt.
Wed Apr 23 02:09:06 2008 :: Thilt. Bad Password. IP: ACA925B9.ipt.aol.com> iceman
Wed Apr 23 02:09:06 2008 :: Closing link to Thilt.
Wed Apr 23 02:09:07 2008 :: Sock.sinaddr:  172.169.37.185
Wed Apr 23 02:09:09 2008 :: Loading Thilt.
Wed Apr 23 02:09:11 2008 :: Look out, Thilt@ACA925B9.ipt.aol.com has connected.
Wed Apr 23 02:09:42 2008 :: Thilt has quit.
Wed Apr 23 02:09:43 2008 :: Sock.sinaddr:  172.169.37.185
Wed Apr 23 02:09:45 2008 :: Loading Relith.
Wed Apr 23 02:09:46 2008 :: Look out, Relith@ACA925B9.ipt.aol.com has connected.
Wed Apr 23 02:16:13 2008 :: Daenithan has quit.
Wed Apr 23 02:18:34 2008 :: Relith gained level 33
Wed Apr 23 02:19:49 2008 :: Kancer gained level 43
Wed Apr 23 02:21:37 2008 :: Relith gained level 34
Wed Apr 23 02:31:19 2008 :: Relith gained level 35
Wed Apr 23 02:34:10 2008 :: aulas-i-p2.fe.up.pt input spamming!
Wed Apr 23 02:35:31 2008 :: aulas-i-p2.fe.up.pt input spamming!
Wed Apr 23 02:38:55 2008 :: Kancer gained level 44
Wed Apr 23 02:39:28 2008 :: Relith gained level 36
Wed Apr 23 02:40:42 2008 :: aulas-i-p2.fe.up.pt input spamming!
Wed Apr 23 02:43:36 2008 :: aulas-i-p2.fe.up.pt input spamming!
Wed Apr 23 02:44:57 2008 :: aulas-i-p2.fe.up.pt input spamming!
Wed Apr 23 02:46:44 2008 :: EOF encountered on read.
Wed Apr 23 02:46:44 2008 :: Closing link to Dessan.
Wed Apr 23 02:46:49 2008 :: Sock.sinaddr:  193.136.33.200
Wed Apr 23 02:46:50 2008 :: Loading Dessan.
Wed Apr 23 02:46:51 2008 :: Dessan@aulas-i-p2.fe.up.pt reconnected.
Wed Apr 23 02:47:58 2008 :: Relith gained level 37
Wed Apr 23 02:47:58 2008 :: Sock.sinaddr:  66.57.223.157
Wed Apr 23 02:48:06 2008 :: Loading Azarath.
Wed Apr 23 02:48:08 2008 :: Look out, Azarath@cpe-066-057-223-157.sc.res.rr.com has connected.
Wed Apr 23 02:48:16 2008 :: aulas-i-p2.fe.up.pt input spamming!
Wed Apr 23 02:51:16 2008 :: aulas-i-p2.fe.up.pt input spamming!
Wed Apr 23 02:52:37 2008 :: aulas-i-p2.fe.up.pt input spamming!
Wed Apr 23 02:55:03 2008 :: aulas-i-p2.fe.up.pt input spamming!
Wed Apr 23 02:56:25 2008 :: aulas-i-p2.fe.up.pt input spamming!
Wed Apr 23 02:57:07 2008 :: Relith gained level 38
Wed Apr 23 02:57:20 2008 :: Kancer gained level 45
Wed Apr 23 02:57:30 2008 :: [*****] BUG: obj_from_room: NULL.
Read_from_descriptor: Connection reset by peer
Wed Apr 23 02:58:03 2008 :: Closing link to Dessan.
Wed Apr 23 03:03:11 2008 :: Azarath has quit.
Wed Apr 23 03:03:14 2008 :: Sock.sinaddr:  66.57.223.157
Wed Apr 23 03:03:20 2008 :: Loading Azarath.
Wed Apr 23 03:03:21 2008 :: Look out, Azarath@cpe-066-057-223-157.sc.res.rr.com has connected.
Wed Apr 23 03:05:03 2008 :: [*****] BUG: obj_from_room: NULL.
