Thu Nov 27 23:04:27 2003 :: ROM is ready to rock on port 6100.
Thu Nov 27 23:04:34 2003 :: Sock.sinaddr:  213.106.201.57
Thu Nov 27 23:04:36 2003 :: Sock.sinaddr:  66.109.205.1
Thu Nov 27 23:04:41 2003 :: Loading Paladine.
Thu Nov 27 23:04:44 2003 :: Loading Dorias.
Thu Nov 27 23:04:44 2003 :: Paladine. Bad Password. IP: 66-109-205-1.ncplus.net> 
Thu Nov 27 23:04:44 2003 :: Closing link to Paladine.
Thu Nov 27 23:04:47 2003 :: Look out, Dorias@public1-roch1-5-cust57.manc.broadband.ntl.com has connected.
Thu Nov 27 23:04:48 2003 :: Sock.sinaddr:  66.109.205.1
Thu Nov 27 23:04:52 2003 :: Loading Paladine.
Thu Nov 27 23:04:55 2003 :: Look out, Paladine@66-109-205-1.ncplus.net has connected.
Thu Nov 27 23:05:03 2003 :: Paladine has quit.
Thu Nov 27 23:06:28 2003 :: Dorias has quit.
Thu Nov 27 23:08:05 2003 :: Sock.sinaddr:  24.161.20.86
Thu Nov 27 23:08:09 2003 :: EOF encountered on read.
Thu Nov 27 23:20:20 2003 :: Sock.sinaddr:  24.161.20.86
Thu Nov 27 23:21:18 2003 :: Nianli@24-161-20-86.hvc.rr.com new player.
Thu Nov 27 23:25:45 2003 :: Sock.sinaddr:  24.1.157.247
Thu Nov 27 23:26:03 2003 :: Loading Everae.
Thu Nov 27 23:26:05 2003 :: Look out, Everae@c-24-1-157-247.client.comcast.net has connected.
Thu Nov 27 23:34:42 2003 :: Sock.sinaddr:  172.137.104.4
Thu Nov 27 23:37:12 2003 :: Zanathos@AC896804.ipt.aol.com new player.
Thu Nov 27 23:47:16 2003 :: Sock.sinaddr:  4.64.88.32
Thu Nov 27 23:47:17 2003 :: Loading Hydroth.
Thu Nov 27 23:47:17 2003 :: Look out, Hydroth@evrtwa1-ar5-4-64-088-032.evrtwa1.dsl-verizon.net has connected.
Thu Nov 27 23:48:09 2003 :: Hydroth has quit.
Thu Nov 27 23:58:04 2003 :: Log Zanathos: devote Paladine
Thu Nov 27 23:58:28 2003 :: Log Zanathos: devote Paladine
Thu Nov 27 23:59:01 2003 :: Log Zanathos: devote Paladine
Thu Nov 27 23:59:05 2003 :: Log Zanathos: devote Paladine
Fri Nov 28 00:07:24 2003 :: Zanathos gained level 2
Fri Nov 28 00:12:00 2003 :: Zanathos gained level 3
Fri Nov 28 00:16:06 2003 :: Everae gained level 31
Fri Nov 28 00:16:57 2003 :: Zanathos gained level 4
Fri Nov 28 00:19:19 2003 :: Sock.sinaddr:  12.107.140.6
Fri Nov 28 00:19:28 2003 :: Loading Solinari.
Fri Nov 28 00:19:30 2003 :: Look out, Solinari@6-140-107-12-pbg-ny.dialin.westelcom.com has connected.
Fri Nov 28 00:22:51 2003 :: Log Zanathos: devote
Fri Nov 28 00:24:03 2003 :: Sock.sinaddr:  219.170.164.192
Fri Nov 28 00:24:41 2003 :: Solinari has quit.
Read_from_descriptor: Connection reset by peer
Fri Nov 28 00:25:32 2003 :: Closing link to Ruk.
Fri Nov 28 00:39:30 2003 :: Zanathos has quit.
Fri Nov 28 00:46:29 2003 :: Everae has quit.
Fri Nov 28 00:47:00 2003 :: Sock.sinaddr:  193.136.33.201
Fri Nov 28 00:49:05 2003 :: Loading Elias.
Fri Nov 28 00:49:07 2003 :: Elias. Bad Password. IP: aulas-i-p3.fe.up.pt> Nuno03
Fri Nov 28 00:49:07 2003 :: Closing link to Elias.
Fri Nov 28 00:49:10 2003 :: Sock.sinaddr:  193.136.33.201
Fri Nov 28 00:51:59 2003 :: Loading Elias.
Fri Nov 28 00:52:01 2003 :: Look out, Elias@aulas-i-p3.fe.up.pt has connected.
Fri Nov 28 00:52:41 2003 :: Log Elias: delete
Fri Nov 28 00:52:43 2003 :: Log Elias: delete
Fri Nov 28 00:52:46 2003 :: Sock.sinaddr:  193.136.33.201
Fri Nov 28 00:53:31 2003 :: Vidoq@aulas-i-p3.fe.up.pt new player.
Fri Nov 28 01:00:41 2003 :: Sock.sinaddr:  172.195.145.130
Fri Nov 28 01:00:46 2003 :: Loading Dyrex.
Fri Nov 28 01:00:49 2003 :: Look out, Dyrex@ACC39182.ipt.aol.com has connected.
Fri Nov 28 01:01:33 2003 :: Dyrex has quit.
Fri Nov 28 01:01:39 2003 :: Sock.sinaddr:  172.195.145.130
Fri Nov 28 01:01:42 2003 :: Loading Kilgor.
Fri Nov 28 01:01:44 2003 :: Look out, Kilgor@ACC39182.ipt.aol.com has connected.
Fri Nov 28 01:03:06 2003 :: Kilgor has quit.
Fri Nov 28 01:05:03 2003 :: aulas-i-p3.fe.up.pt input spamming!
Fri Nov 28 01:05:28 2003 :: Vidoq gained level 2
Fri Nov 28 01:05:29 2003 :: aulas-i-p3.fe.up.pt input spamming!
Fri Nov 28 01:06:03 2003 :: aulas-i-p3.fe.up.pt input spamming!
Fri Nov 28 01:06:26 2003 :: aulas-i-p3.fe.up.pt input spamming!
Fri Nov 28 01:06:46 2003 :: aulas-i-p3.fe.up.pt input spamming!
Fri Nov 28 01:07:18 2003 :: aulas-i-p3.fe.up.pt input spamming!
Fri Nov 28 01:07:24 2003 :: aulas-i-p3.fe.up.pt input spamming!
Fri Nov 28 01:07:30 2003 :: aulas-i-p3.fe.up.pt input spamming!
Fri Nov 28 01:07:58 2003 :: Vidoq gained level 3
Fri Nov 28 01:09:34 2003 :: aulas-i-p3.fe.up.pt input spamming!
Fri Nov 28 01:09:40 2003 :: aulas-i-p3.fe.up.pt input spamming!
Fri Nov 28 01:09:47 2003 :: aulas-i-p3.fe.up.pt input spamming!
Fri Nov 28 01:10:56 2003 :: aulas-i-p3.fe.up.pt input spamming!
Fri Nov 28 01:11:02 2003 :: aulas-i-p3.fe.up.pt input spamming!
Fri Nov 28 01:11:09 2003 :: aulas-i-p3.fe.up.pt input spamming!
Fri Nov 28 01:11:15 2003 :: aulas-i-p3.fe.up.pt input spamming!
Fri Nov 28 01:11:21 2003 :: aulas-i-p3.fe.up.pt input spamming!
Fri Nov 28 01:12:38 2003 :: aulas-i-p3.fe.up.pt input spamming!
Fri Nov 28 01:12:44 2003 :: aulas-i-p3.fe.up.pt input spamming!
Fri Nov 28 01:12:50 2003 :: aulas-i-p3.fe.up.pt input spamming!
Fri Nov 28 01:12:56 2003 :: aulas-i-p3.fe.up.pt input spamming!
Fri Nov 28 01:13:03 2003 :: aulas-i-p3.fe.up.pt input spamming!
Fri Nov 28 01:13:37 2003 :: aulas-i-p3.fe.up.pt input spamming!
Fri Nov 28 01:15:39 2003 :: aulas-i-p3.fe.up.pt input spamming!
Fri Nov 28 01:15:40 2003 :: Vidoq gained level 4
Fri Nov 28 01:15:45 2003 :: aulas-i-p3.fe.up.pt input spamming!
Fri Nov 28 01:15:51 2003 :: aulas-i-p3.fe.up.pt input spamming!
Fri Nov 28 01:16:58 2003 :: Sock.sinaddr:  193.136.33.200
Fri Nov 28 01:16:59 2003 :: Loading Petrus.
Fri Nov 28 01:16:59 2003 :: Look out, Petrus@aulas-i-p2.fe.up.pt has connected.
Fri Nov 28 01:19:01 2003 :: Petrus has quit.
Fri Nov 28 01:19:05 2003 :: Sock.sinaddr:  193.136.33.200
Fri Nov 28 01:19:06 2003 :: Loading Draecan.
Fri Nov 28 01:19:06 2003 :: Look out, Draecan@aulas-i-p2.fe.up.pt has connected.
Fri Nov 28 01:20:59 2003 :: Sock.sinaddr:  193.136.33.200
Fri Nov 28 01:21:04 2003 :: Loading Nospheratus.
Fri Nov 28 01:21:05 2003 :: Look out, Nospheratus@aulas-i-p2.fe.up.pt has connected.
Fri Nov 28 01:27:13 2003 :: Sock.sinaddr:  193.136.33.200
Fri Nov 28 01:27:13 2003 :: Loading Petrus.
Fri Nov 28 01:27:14 2003 :: Look out, Petrus@aulas-i-p2.fe.up.pt has connected.
Fri Nov 28 01:29:24 2003 :: aulas-i-p3.fe.up.pt input spamming!
Fri Nov 28 01:29:30 2003 :: aulas-i-p3.fe.up.pt input spamming!
Fri Nov 28 01:29:36 2003 :: aulas-i-p3.fe.up.pt input spamming!
Fri Nov 28 01:29:43 2003 :: aulas-i-p3.fe.up.pt input spamming!
Fri Nov 28 01:29:49 2003 :: aulas-i-p3.fe.up.pt input spamming!
Fri Nov 28 01:29:55 2003 :: aulas-i-p3.fe.up.pt input spamming!
Fri Nov 28 01:30:01 2003 :: aulas-i-p3.fe.up.pt input spamming!
Fri Nov 28 01:30:08 2003 :: aulas-i-p3.fe.up.pt input spamming!
Fri Nov 28 01:31:01 2003 :: aulas-i-p3.fe.up.pt input spamming!
Fri Nov 28 01:31:33 2003 :: aulas-i-p3.fe.up.pt input spamming!
Fri Nov 28 01:32:48 2003 :: Vidoq has quit.
Fri Nov 28 01:33:26 2003 :: Sock.sinaddr:  204.209.44.14
Fri Nov 28 01:33:26 2003 :: EOF encountered on read.
Fri Nov 28 01:33:38 2003 :: aulas-i-p2.fe.up.pt input spamming!
Fri Nov 28 01:33:39 2003 :: Sock.sinaddr:  193.136.33.200
Fri Nov 28 01:33:39 2003 :: Sock.sinaddr:  193.136.33.200
Fri Nov 28 01:33:39 2003 :: Loading Halig.
Fri Nov 28 01:33:39 2003 :: Look out, Halig@aulas-i-p2.fe.up.pt has connected.
Fri Nov 28 01:33:40 2003 :: Loading Sphera.
Fri Nov 28 01:33:41 2003 :: Look out, Sphera@aulas-i-p2.fe.up.pt has connected.
Fri Nov 28 01:37:24 2003 :: aulas-i-p2.fe.up.pt input spamming!
Fri Nov 28 01:37:24 2003 :: aulas-i-p2.fe.up.pt input spamming!
Fri Nov 28 01:43:48 2003 :: aulas-i-p2.fe.up.pt input spamming!
Fri Nov 28 01:45:09 2003 :: aulas-i-p2.fe.up.pt input spamming!
Fri Nov 28 01:48:54 2003 :: aulas-i-p2.fe.up.pt input spamming!
Fri Nov 28 01:51:11 2003 :: aulas-i-p2.fe.up.pt input spamming!
Fri Nov 28 01:58:50 2003 :: aulas-i-p2.fe.up.pt input spamming!
Fri Nov 28 02:00:01 2003 :: Sphera has quit.
Fri Nov 28 02:00:11 2003 :: aulas-i-p2.fe.up.pt input spamming!
Fri Nov 28 02:04:42 2003 :: Sock.sinaddr:  24.1.157.247
Fri Nov 28 02:04:47 2003 :: Loading Everae.
Fri Nov 28 02:04:50 2003 :: Look out, Everae@c-24-1-157-247.client.comcast.net has connected.
Fri Nov 28 02:04:56 2003 :: Halig has quit.
Fri Nov 28 02:06:13 2003 :: Sock.sinaddr:  193.136.33.200
Fri Nov 28 02:06:14 2003 :: Loading Halig.
Fri Nov 28 02:06:14 2003 :: Look out, Halig@aulas-i-p2.fe.up.pt has connected.
Fri Nov 28 02:07:46 2003 :: Halig has quit.
Fri Nov 28 02:21:39 2003 :: Sock.sinaddr:  193.136.33.200
Fri Nov 28 02:21:39 2003 :: Loading Halig.
Fri Nov 28 02:21:40 2003 :: Look out, Halig@aulas-i-p2.fe.up.pt has connected.
Fri Nov 28 02:23:31 2003 :: Sock.sinaddr:  172.192.199.218
Fri Nov 28 02:23:41 2003 :: Loading Mishakal.
Fri Nov 28 02:23:44 2003 :: Look out, Mishakal@ACC0C7DA.ipt.aol.com has connected.
Fri Nov 28 02:25:52 2003 :: Draecan has quit.
Fri Nov 28 02:27:13 2003 :: Halig has quit.
Fri Nov 28 02:27:17 2003 :: Sock.sinaddr:  193.136.33.200
Fri Nov 28 02:27:18 2003 :: Loading Draecan.
Fri Nov 28 02:27:18 2003 :: Look out, Draecan@aulas-i-p2.fe.up.pt has connected.
Fri Nov 28 02:28:47 2003 :: Everae has quit.
Fri Nov 28 02:28:58 2003 :: Sock.sinaddr:  24.1.157.247
Fri Nov 28 02:29:12 2003 :: Loading Everae.
Fri Nov 28 02:29:15 2003 :: Look out, Everae@c-24-1-157-247.client.comcast.net has connected.
Fri Nov 28 02:33:50 2003 :: Mishakal has quit.
Fri Nov 28 02:47:21 2003 :: Sock.sinaddr:  193.136.33.200
Fri Nov 28 02:47:21 2003 :: Loading Halig.
Fri Nov 28 02:47:21 2003 :: Look out, Halig@aulas-i-p2.fe.up.pt has connected.
Fri Nov 28 02:47:24 2003 :: aulas-i-p2.fe.up.pt input spamming!
Fri Nov 28 02:52:53 2003 :: Halig has quit.
Fri Nov 28 03:05:12 2003 :: Log Everae: devote
Fri Nov 28 03:07:20 2003 :: Sock.sinaddr:  193.136.33.200
Fri Nov 28 03:07:26 2003 :: Loading Sphera.
Fri Nov 28 03:07:26 2003 :: Look out, Sphera@aulas-i-p2.fe.up.pt has connected.
Fri Nov 28 03:12:46 2003 :: Nospheratus has quit.
Fri Nov 28 03:18:44 2003 :: Petrus gained level 22
Fri Nov 28 03:19:38 2003 :: Sock.sinaddr:  193.136.33.200
Fri Nov 28 03:19:43 2003 :: Loading Nospheratus.
Fri Nov 28 03:19:43 2003 :: Look out, Nospheratus@aulas-i-p2.fe.up.pt has connected.
Fri Nov 28 03:21:17 2003 :: Everae has quit.
Fri Nov 28 03:22:25 2003 :: Sock.sinaddr:  81.193.18.242
Fri Nov 28 03:22:30 2003 :: Loading Adrastos.
Fri Nov 28 03:22:31 2003 :: Look out, Adrastos@81.193.18.242 has connected.
Fri Nov 28 03:24:39 2003 :: aulas-i-p2.fe.up.pt input spamming!
Fri Nov 28 03:35:57 2003 :: Sock.sinaddr:  81.84.36.55
Fri Nov 28 03:36:01 2003 :: Loading Sievel.
Fri Nov 28 03:36:02 2003 :: Look out, Sievel@81.84.36.55 has connected.
Fri Nov 28 03:36:47 2003 :: aulas-i-p2.fe.up.pt input spamming!
Fri Nov 28 03:37:26 2003 :: Sievel has quit.
Fri Nov 28 03:44:29 2003 :: Sock.sinaddr:  81.84.110.76
Fri Nov 28 03:44:33 2003 :: Loading Storri.
Fri Nov 28 03:44:34 2003 :: Look out, Storri@81.84.110.76 has connected.
Fri Nov 28 03:44:43 2003 :: aulas-i-p2.fe.up.pt input spamming!
Fri Nov 28 03:49:47 2003 :: Sock.sinaddr:  4.64.88.32
Fri Nov 28 03:49:48 2003 :: Loading Hydroth.
Fri Nov 28 03:49:49 2003 :: Look out, Hydroth@evrtwa1-ar5-4-64-088-032.evrtwa1.dsl-verizon.net has connected.
Fri Nov 28 03:54:53 2003 :: Sock.sinaddr:  81.193.17.65
Fri Nov 28 03:54:56 2003 :: Loading Circe.
Fri Nov 28 03:54:56 2003 :: Look out, Circe@adslsapo-b4-17-65.telepac.pt has connected.
Fri Nov 28 03:55:04 2003 :: Sock.sinaddr:  193.136.33.200
Fri Nov 28 03:55:04 2003 :: Loading Halig.
Fri Nov 28 03:55:04 2003 :: Look out, Halig@aulas-i-p2.fe.up.pt has connected.
Fri Nov 28 03:57:40 2003 :: Hydroth has quit.
Fri Nov 28 03:58:57 2003 :: Petrus killed by a citizen at 17791
Fri Nov 28 04:00:25 2003 :: Sock.sinaddr:  193.136.33.200
Fri Nov 28 04:00:33 2003 :: Loading Jackius.
Fri Nov 28 04:00:35 2003 :: Look out, Jackius@aulas-i-p2.fe.up.pt has connected.
Fri Nov 28 04:00:53 2003 :: Sock.sinaddr:  193.136.33.200
Fri Nov 28 04:00:59 2003 :: Loading Alexandrus.
Fri Nov 28 04:01:05 2003 :: Look out, Alexandrus@aulas-i-p2.fe.up.pt has connected.
Fri Nov 28 04:04:05 2003 :: Halig has quit.
Fri Nov 28 04:11:45 2003 :: Jackius has quit.
Fri Nov 28 04:20:37 2003 :: Sock.sinaddr:  193.136.33.200
Fri Nov 28 04:20:38 2003 :: Loading Halig.
Fri Nov 28 04:20:38 2003 :: Look out, Halig@aulas-i-p2.fe.up.pt has connected.
Fri Nov 28 04:21:04 2003 :: Halig has quit.
Fri Nov 28 04:22:17 2003 :: aulas-i-p2.fe.up.pt input spamming!
Fri Nov 28 04:22:30 2003 :: aulas-i-p2.fe.up.pt input spamming!
Fri Nov 28 04:22:36 2003 :: aulas-i-p2.fe.up.pt input spamming!
Fri Nov 28 04:23:21 2003 :: aulas-i-p2.fe.up.pt input spamming!
Fri Nov 28 04:23:28 2003 :: aulas-i-p2.fe.up.pt input spamming!
Fri Nov 28 04:23:53 2003 :: aulas-i-p2.fe.up.pt input spamming!
Fri Nov 28 04:24:00 2003 :: aulas-i-p2.fe.up.pt input spamming!
Fri Nov 28 04:24:09 2003 :: aulas-i-p2.fe.up.pt input spamming!
Fri Nov 28 04:24:28 2003 :: aulas-i-p2.fe.up.pt input spamming!
Fri Nov 28 04:24:38 2003 :: aulas-i-p2.fe.up.pt input spamming!
Fri Nov 28 04:24:45 2003 :: aulas-i-p2.fe.up.pt input spamming!
Fri Nov 28 04:24:58 2003 :: aulas-i-p2.fe.up.pt input spamming!
Fri Nov 28 04:25:08 2003 :: aulas-i-p2.fe.up.pt input spamming!
Fri Nov 28 04:25:33 2003 :: aulas-i-p2.fe.up.pt input spamming!
Fri Nov 28 04:27:33 2003 :: Storri has quit.
Fri Nov 28 04:29:30 2003 :: Sock.sinaddr:  193.136.33.200
Fri Nov 28 04:29:30 2003 :: Loading Halig.
Fri Nov 28 04:29:30 2003 :: Look out, Halig@aulas-i-p2.fe.up.pt has connected.
Fri Nov 28 04:31:34 2003 :: Halig has quit.
Fri Nov 28 04:39:06 2003 :: aulas-i-p2.fe.up.pt input spamming!
Fri Nov 28 04:39:07 2003 :: Sock.sinaddr:  193.136.33.200
Fri Nov 28 04:39:08 2003 :: Loading Halig.
Fri Nov 28 04:39:08 2003 :: Look out, Halig@aulas-i-p2.fe.up.pt has connected.
Fri Nov 28 04:39:32 2003 :: Alexandrus gained level 22
Fri Nov 28 04:41:25 2003 :: Sock.sinaddr:  193.136.33.200
Fri Nov 28 04:41:26 2003 :: Loading Halig.
Fri Nov 28 04:41:28 2003 :: Closing link to Halig.
Fri Nov 28 04:41:28 2003 :: Halig@aulas-i-p2.fe.up.pt reconnected.
Fri Nov 28 04:41:32 2003 :: Sock.sinaddr:  193.136.33.200
Read_from_descriptor: Connection reset by peer
Fri Nov 28 04:41:37 2003 :: Closing link to Alexandrus.
Fri Nov 28 04:41:39 2003 :: Loading Alexandrus.
Fri Nov 28 04:41:41 2003 :: Alexandrus@aulas-i-p2.fe.up.pt reconnected.
Fri Nov 28 04:42:07 2003 :: Halig has quit.
Fri Nov 28 04:45:02 2003 :: aulas-i-p2.fe.up.pt input spamming!
Fri Nov 28 04:45:16 2003 :: Alexandrus killed by a gnome at 17731
Fri Nov 28 04:45:20 2003 :: Sock.sinaddr:  4.64.88.32
Fri Nov 28 04:45:21 2003 :: Loading Hydroth.
Fri Nov 28 04:45:22 2003 :: Look out, Hydroth@evrtwa1-ar5-4-64-088-032.evrtwa1.dsl-verizon.net has connected.
Fri Nov 28 04:46:51 2003 :: Sock.sinaddr:  193.136.33.200
Fri Nov 28 04:46:52 2003 :: Loading Halig.
Fri Nov 28 04:46:52 2003 :: Look out, Halig@aulas-i-p2.fe.up.pt has connected.
Fri Nov 28 04:47:51 2003 :: Hydroth has quit.
Fri Nov 28 04:48:55 2003 :: Halig has quit.
Fri Nov 28 04:56:34 2003 :: Petrus gained level 23
Fri Nov 28 04:58:11 2003 :: aulas-i-p2.fe.up.pt input spamming!
Fri Nov 28 04:58:43 2003 :: Nospheratus has quit.
Fri Nov 28 04:59:15 2003 :: Sphera has quit.
Fri Nov 28 04:59:55 2003 :: aulas-i-p2.fe.up.pt input spamming!
Fri Nov 28 05:02:30 2003 :: Sock.sinaddr:  193.136.33.194
Fri Nov 28 05:02:37 2003 :: Loading Velhucius.
Fri Nov 28 05:02:39 2003 :: Look out, Velhucius@aulas-a.fe.up.pt has connected.
Fri Nov 28 05:02:51 2003 :: aulas-i-p2.fe.up.pt input spamming!
Fri Nov 28 05:04:44 2003 :: aulas-i-p2.fe.up.pt input spamming!
Fri Nov 28 05:05:09 2003 :: aulas-i-p2.fe.up.pt input spamming!
Fri Nov 28 05:05:55 2003 :: Alexandrus gained level 23
Fri Nov 28 05:11:28 2003 :: Petrus gained level 24
Fri Nov 28 05:11:31 2003 :: aulas-i-p2.fe.up.pt input spamming!
Fri Nov 28 05:17:37 2003 :: Alexandrus gained level 24
Fri Nov 28 05:19:34 2003 :: Sock.sinaddr:  193.136.33.200
Fri Nov 28 05:19:35 2003 :: Loading Storri.
Fri Nov 28 05:19:36 2003 :: Look out, Storri@aulas-i-p2.fe.up.pt has connected.
Fri Nov 28 05:23:22 2003 :: Sock.sinaddr:  193.136.33.200
Fri Nov 28 05:23:23 2003 :: Loading Sievel.
Fri Nov 28 05:23:23 2003 :: Look out, Sievel@aulas-i-p2.fe.up.pt has connected.
Fri Nov 28 05:24:05 2003 :: aulas-i-p2.fe.up.pt input spamming!
Fri Nov 28 05:25:53 2003 :: aulas-i-p2.fe.up.pt input spamming!
Fri Nov 28 05:26:08 2003 :: Sock.sinaddr:  193.136.33.200
Fri Nov 28 05:26:09 2003 :: Loading Sievel.
Fri Nov 28 05:26:10 2003 :: Petrus gained level 25
Fri Nov 28 05:26:11 2003 :: Closing link to Sievel.
Fri Nov 28 05:26:11 2003 :: Sievel@aulas-i-p2.fe.up.pt reconnected.
Fri Nov 28 05:27:57 2003 :: Adrastos has quit.
Fri Nov 28 05:28:37 2003 :: aulas-i-p2.fe.up.pt input spamming!
Fri Nov 28 05:30:43 2003 :: aulas-i-p2.fe.up.pt input spamming!
Fri Nov 28 05:30:51 2003 :: Circe has quit.
Fri Nov 28 05:30:59 2003 :: Sock.sinaddr:  81.193.17.65
Fri Nov 28 05:31:00 2003 :: Loading Magyar.
Fri Nov 28 05:31:00 2003 :: Look out, Magyar@adslsapo-b4-17-65.telepac.pt has connected.
Fri Nov 28 05:33:22 2003 :: Alexandrus gained level 25
Fri Nov 28 05:33:27 2003 :: aulas-i-p2.fe.up.pt input spamming!
Fri Nov 28 05:33:57 2003 :: aulas-i-p2.fe.up.pt input spamming!
Fri Nov 28 05:34:40 2003 :: aulas-i-p2.fe.up.pt input spamming!
Fri Nov 28 05:34:40 2003 :: aulas-i-p2.fe.up.pt input spamming!
Fri Nov 28 05:38:39 2003 :: aulas-i-p2.fe.up.pt input spamming!
Fri Nov 28 05:40:06 2003 :: aulas-i-p2.fe.up.pt input spamming!
Fri Nov 28 05:40:40 2003 :: aulas-i-p2.fe.up.pt input spamming!
Fri Nov 28 05:41:05 2003 :: Sock.sinaddr:  193.136.33.200
Fri Nov 28 05:41:05 2003 :: Loading Halig.
Fri Nov 28 05:41:06 2003 :: Look out, Halig@aulas-i-p2.fe.up.pt has connected.
Fri Nov 28 05:41:36 2003 :: Halig has quit.
Fri Nov 28 05:42:20 2003 :: aulas-i-p2.fe.up.pt input spamming!
Fri Nov 28 05:42:33 2003 :: aulas-i-p2.fe.up.pt input spamming!
Fri Nov 28 05:43:34 2003 :: Petrus gained level 26
Fri Nov 28 05:45:12 2003 :: aulas-i-p2.fe.up.pt input spamming!
Fri Nov 28 05:46:19 2003 :: Alexandrus gained level 26
Fri Nov 28 05:46:48 2003 :: aulas-i-p2.fe.up.pt input spamming!
Fri Nov 28 05:50:12 2003 :: aulas-i-p2.fe.up.pt input spamming!
Fri Nov 28 05:50:21 2003 :: Velhucius has quit.
Fri Nov 28 05:51:04 2003 :: aulas-i-p2.fe.up.pt input spamming!
Fri Nov 28 05:52:00 2003 :: aulas-i-p2.fe.up.pt input spamming!
Fri Nov 28 05:52:08 2003 :: aulas-i-p2.fe.up.pt input spamming!
Fri Nov 28 05:54:12 2003 :: Sock.sinaddr:  213.106.201.57
Fri Nov 28 05:54:22 2003 :: Loading Dorias.
Fri Nov 28 05:54:27 2003 :: Look out, Dorias@public1-roch1-5-cust57.manc.broadband.ntl.com has connected.
Fri Nov 28 05:55:00 2003 :: aulas-i-p2.fe.up.pt input spamming!
Fri Nov 28 05:56:21 2003 :: Sock.sinaddr:  193.137.50.78
Fri Nov 28 05:56:24 2003 :: Loading Harlon.
Fri Nov 28 05:56:24 2003 :: Look out, Harlon@193.137.50.78 has connected.
Fri Nov 28 05:56:31 2003 :: aulas-i-p2.fe.up.pt input spamming!
Fri Nov 28 05:57:27 2003 :: aulas-i-p2.fe.up.pt input spamming!
Fri Nov 28 05:57:36 2003 :: 193.137.50.78 input spamming!
Fri Nov 28 05:57:42 2003 :: 193.137.50.78 input spamming!
Fri Nov 28 05:57:48 2003 :: 193.137.50.78 input spamming!
Fri Nov 28 05:57:54 2003 :: 193.137.50.78 input spamming!
Fri Nov 28 05:58:01 2003 :: 193.137.50.78 input spamming!
Fri Nov 28 05:58:07 2003 :: 193.137.50.78 input spamming!
Fri Nov 28 05:58:13 2003 :: 193.137.50.78 input spamming!
Fri Nov 28 05:58:19 2003 :: 193.137.50.78 input spamming!
Fri Nov 28 05:58:26 2003 :: 193.137.50.78 input spamming!
Fri Nov 28 05:58:28 2003 :: aulas-i-p2.fe.up.pt input spamming!
Fri Nov 28 05:58:33 2003 :: 193.137.50.78 input spamming!
Fri Nov 28 05:58:33 2003 :: Alexandrus gained level 27
Fri Nov 28 05:58:39 2003 :: 193.137.50.78 input spamming!
Fri Nov 28 05:58:45 2003 :: 193.137.50.78 input spamming!
Fri Nov 28 05:58:55 2003 :: 193.137.50.78 input spamming!
Fri Nov 28 05:58:55 2003 :: aulas-i-p2.fe.up.pt input spamming!
Fri Nov 28 05:59:01 2003 :: 193.137.50.78 input spamming!
Fri Nov 28 05:59:07 2003 :: 193.137.50.78 input spamming!
Fri Nov 28 05:59:14 2003 :: 193.137.50.78 input spamming!
Fri Nov 28 05:59:20 2003 :: 193.137.50.78 input spamming!
Fri Nov 28 05:59:26 2003 :: 193.137.50.78 input spamming!
Fri Nov 28 05:59:32 2003 :: 193.137.50.78 input spamming!
Fri Nov 28 05:59:54 2003 :: 193.137.50.78 input spamming!
Fri Nov 28 06:00:00 2003 :: 193.137.50.78 input spamming!
Fri Nov 28 06:00:03 2003 :: Sock.sinaddr:  193.136.33.200
Fri Nov 28 06:00:06 2003 :: 193.137.50.78 input spamming!
Fri Nov 28 06:00:11 2003 :: Loading Aeryan.
Fri Nov 28 06:00:13 2003 :: 193.137.50.78 input spamming!
Fri Nov 28 06:00:13 2003 :: aulas-i-p2.fe.up.pt input spamming!
Fri Nov 28 06:00:13 2003 :: Look out, Aeryan@aulas-i-p2.fe.up.pt has connected.
Fri Nov 28 06:00:19 2003 :: 193.137.50.78 input spamming!
Fri Nov 28 06:00:25 2003 :: 193.137.50.78 input spamming!
Fri Nov 28 06:00:31 2003 :: 193.137.50.78 input spamming!
Fri Nov 28 06:00:38 2003 :: 193.137.50.78 input spamming!
Fri Nov 28 06:00:40 2003 :: Aeryan has quit.
Fri Nov 28 06:00:42 2003 :: aulas-i-p2.fe.up.pt input spamming!
Fri Nov 28 06:00:44 2003 :: 193.137.50.78 input spamming!
Fri Nov 28 06:01:28 2003 :: Log Harlon: dev Mishakal
Fri Nov 28 06:01:30 2003 :: aulas-i-p2.fe.up.pt input spamming!
Fri Nov 28 06:02:10 2003 :: Sock.sinaddr:  193.136.33.200
Fri Nov 28 06:02:17 2003 :: Loading Aeryan.
Fri Nov 28 06:02:19 2003 :: Look out, Aeryan@aulas-i-p2.fe.up.pt has connected.
Fri Nov 28 06:02:21 2003 :: Petrus gained level 27
Fri Nov 28 06:02:30 2003 :: aulas-i-p2.fe.up.pt input spamming!
Fri Nov 28 06:03:12 2003 :: aulas-i-p2.fe.up.pt input spamming!
Fri Nov 28 06:03:55 2003 :: aulas-i-p2.fe.up.pt input spamming!
Fri Nov 28 06:04:25 2003 :: Sock.sinaddr:  213.22.147.36
Fri Nov 28 06:04:30 2003 :: Loading Legato.
Fri Nov 28 06:04:32 2003 :: Look out, Legato@a213-22-147-36.netcabo.pt has connected.
Fri Nov 28 06:05:25 2003 :: aulas-i-p2.fe.up.pt input spamming!
Fri Nov 28 06:09:29 2003 :: Draecan has quit.
Fri Nov 28 06:13:59 2003 :: Magyar has quit.
Fri Nov 28 06:14:00 2003 :: Sock.sinaddr:  193.136.33.200
Fri Nov 28 06:14:04 2003 :: Loading Jackius.
Fri Nov 28 06:14:07 2003 :: Look out, Jackius@aulas-i-p2.fe.up.pt has connected.
Fri Nov 28 06:14:31 2003 :: aulas-i-p2.fe.up.pt input spamming!
Fri Nov 28 06:15:01 2003 :: Alexandrus gained level 28
Fri Nov 28 06:16:41 2003 :: Dorias has quit.
Fri Nov 28 06:16:56 2003 :: Sock.sinaddr:  213.106.201.57
Fri Nov 28 06:17:03 2003 :: Loading Rhynce.
Fri Nov 28 06:17:06 2003 :: Look out, Rhynce@public1-roch1-5-cust57.manc.broadband.ntl.com has connected.
Fri Nov 28 06:21:47 2003 :: aulas-i-p2.fe.up.pt input spamming!
Fri Nov 28 06:22:06 2003 :: Sock.sinaddr:  24.154.35.243
Fri Nov 28 06:22:19 2003 :: Loading Majere.
Fri Nov 28 06:22:24 2003 :: Look out, Majere@acs-24-154-35-243.zoominternet.net has connected.
Fri Nov 28 06:23:13 2003 :: aulas-i-p2.fe.up.pt input spamming!
Fri Nov 28 06:23:19 2003 :: aulas-i-p2.fe.up.pt input spamming!
Fri Nov 28 06:23:57 2003 :: Log Majere: lastonimms
Fri Nov 28 06:24:16 2003 :: Petrus gained level 28
Fri Nov 28 06:25:00 2003 :: Log Majere: asperson petrus note list
Fri Nov 28 06:25:19 2003 :: Log Majere: asperson petrus note read 8
Fri Nov 28 06:27:04 2003 :: Log Majere: asperson petrus note read 9
Fri Nov 28 06:27:29 2003 :: aulas-i-p2.fe.up.pt input spamming!
Fri Nov 28 06:27:47 2003 :: Log Majere: asperson petrus note read 10
Fri Nov 28 06:28:31 2003 :: Log Majere: asperson sievel note list
Fri Nov 28 06:29:25 2003 :: Alexandrus gained level 29
Fri Nov 28 06:29:31 2003 :: aulas-i-p2.fe.up.pt input spamming!
Fri Nov 28 06:31:55 2003 :: aulas-i-p2.fe.up.pt input spamming!
Fri Nov 28 06:32:04 2003 :: aulas-i-p2.fe.up.pt input spamming!
Fri Nov 28 06:35:49 2003 :: Aeryan gained level 6
Fri Nov 28 06:35:49 2003 :: Rhynce has quit.
Fri Nov 28 06:37:26 2003 :: aulas-i-p2.fe.up.pt input spamming!
Fri Nov 28 06:38:29 2003 :: Aeryan has quit.
Fri Nov 28 06:43:57 2003 :: aulas-i-p2.fe.up.pt input spamming!
Fri Nov 28 06:44:51 2003 :: Harlon has quit.
Fri Nov 28 06:45:11 2003 :: Sock.sinaddr:  193.137.50.78
Fri Nov 28 06:45:12 2003 :: Loading Zerix.
Fri Nov 28 06:45:12 2003 :: Look out, Zerix@193.137.50.78 has connected.
Fri Nov 28 06:48:04 2003 :: aulas-i-p2.fe.up.pt input spamming!
Fri Nov 28 06:48:37 2003 :: Alexandrus gained level 30
Fri Nov 28 06:48:37 2003 :: Petrus gained level 29
Fri Nov 28 06:49:42 2003 :: aulas-i-p2.fe.up.pt input spamming!
Fri Nov 28 06:50:14 2003 :: aulas-i-p2.fe.up.pt input spamming!
Fri Nov 28 06:58:25 2003 :: Sievel has quit.
Fri Nov 28 07:03:05 2003 :: Sock.sinaddr:  193.136.33.200
Fri Nov 28 07:03:06 2003 :: Loading Halig.
Fri Nov 28 07:03:06 2003 :: Look out, Halig@aulas-i-p2.fe.up.pt has connected.
Fri Nov 28 07:06:56 2003 :: 193.137.50.78 input spamming!
Fri Nov 28 07:07:30 2003 :: EOF encountered on read.
Fri Nov 28 07:07:30 2003 :: Closing link to Legato.
Fri Nov 28 07:08:00 2003 :: Halig has quit.
Fri Nov 28 07:08:58 2003 :: Alexandrus gained level 31
Fri Nov 28 07:09:31 2003 :: Sock.sinaddr:  193.136.33.200
Fri Nov 28 07:09:32 2003 :: Loading Halig.
Fri Nov 28 07:09:32 2003 :: Look out, Halig@aulas-i-p2.fe.up.pt has connected.
Fri Nov 28 07:09:44 2003 :: Halig has quit.
Fri Nov 28 07:09:56 2003 :: Sock.sinaddr:  193.136.33.200
Fri Nov 28 07:09:57 2003 :: Loading Halig.
Fri Nov 28 07:09:57 2003 :: Look out, Halig@aulas-i-p2.fe.up.pt has connected.
Fri Nov 28 07:11:42 2003 :: aulas-i-p2.fe.up.pt input spamming!
Fri Nov 28 07:13:00 2003 :: Sock.sinaddr:  68.99.148.39
Fri Nov 28 07:13:18 2003 :: Loading Soluviul.
Fri Nov 28 07:13:18 2003 :: aulas-i-p2.fe.up.pt input spamming!
Fri Nov 28 07:13:19 2003 :: Look out, Soluviul@ip68-99-148-39.mc.at.cox.net has connected.
Fri Nov 28 07:14:06 2003 :: Sock.sinaddr:  81.193.104.35
Fri Nov 28 07:14:08 2003 :: Loading Slade.
Fri Nov 28 07:14:32 2003 :: Look out, Slade@81.193.104.35 has connected.
Fri Nov 28 07:17:49 2003 :: Zerix has quit.
Fri Nov 28 07:18:02 2003 :: Halig has quit.
Fri Nov 28 07:18:15 2003 :: aulas-i-p2.fe.up.pt input spamming!
Fri Nov 28 07:18:55 2003 :: aulas-i-p2.fe.up.pt input spamming!
Fri Nov 28 07:19:39 2003 :: Petrus gained level 30
Fri Nov 28 07:19:41 2003 :: aulas-i-p2.fe.up.pt input spamming!
Fri Nov 28 07:19:41 2003 :: Sock.sinaddr:  193.136.33.200
Fri Nov 28 07:19:41 2003 :: Loading Halig.
Fri Nov 28 07:19:42 2003 :: Look out, Halig@aulas-i-p2.fe.up.pt has connected.
Fri Nov 28 07:22:10 2003 :: Legato gained level 48
Fri Nov 28 07:23:28 2003 :: Soluviul has quit.
Fri Nov 28 07:23:31 2003 :: Sock.sinaddr:  68.99.148.39
Fri Nov 28 07:23:35 2003 :: Loading Mekio.
Fri Nov 28 07:23:36 2003 :: Look out, Mekio@ip68-99-148-39.mc.at.cox.net has connected.
Fri Nov 28 07:25:53 2003 :: aulas-i-p2.fe.up.pt input spamming!
Fri Nov 28 07:26:25 2003 :: Halig has quit.
Fri Nov 28 07:29:17 2003 :: Sock.sinaddr:  193.136.33.200
Fri Nov 28 07:29:18 2003 :: Loading Halig.
Fri Nov 28 07:29:18 2003 :: Look out, Halig@aulas-i-p2.fe.up.pt has connected.
Fri Nov 28 07:29:18 2003 :: Legato has quit.
Fri Nov 28 07:31:40 2003 :: Jackius has quit.
Fri Nov 28 07:31:40 2003 :: Mekio has quit.
Fri Nov 28 07:31:42 2003 :: Sock.sinaddr:  68.99.148.39
Fri Nov 28 07:31:49 2003 :: Loading Soluviul.
Fri Nov 28 07:31:51 2003 :: Look out, Soluviul@ip68-99-148-39.mc.at.cox.net has connected.
Fri Nov 28 07:36:06 2003 :: Sock.sinaddr:  63.190.241.173
Fri Nov 28 07:36:15 2003 :: Loading Jandor.
Fri Nov 28 07:36:24 2003 :: Look out, Jandor@sdn-ap-018tnnashP0427.dialsprint.net has connected.
Fri Nov 28 07:37:29 2003 :: aulas-i-p2.fe.up.pt input spamming!
Fri Nov 28 07:42:03 2003 :: Soluviul has quit.
Fri Nov 28 07:45:28 2003 :: Sock.sinaddr:  193.136.33.200
Fri Nov 28 07:45:31 2003 :: Loading Jackius.
Fri Nov 28 07:45:33 2003 :: Look out, Jackius@aulas-i-p2.fe.up.pt has connected.
Fri Nov 28 07:46:24 2003 :: Halig has quit.
Fri Nov 28 07:46:26 2003 :: Sock.sinaddr:  193.137.50.74
Fri Nov 28 07:46:26 2003 :: Loading Arthas.
Fri Nov 28 07:46:27 2003 :: Look out, Arthas@193.137.50.74 has connected.
Fri Nov 28 07:46:48 2003 :: EOF encountered on read.
Fri Nov 28 07:46:48 2003 :: Closing link to Arthas.
Fri Nov 28 07:46:53 2003 :: Sock.sinaddr:  193.137.50.74
Fri Nov 28 07:46:53 2003 :: Loading Jaden.
Fri Nov 28 07:46:53 2003 :: Look out, Jaden@193.137.50.74 has connected.
Fri Nov 28 07:47:04 2003 :: Storri has quit.
Fri Nov 28 07:47:05 2003 :: EOF encountered on read.
Fri Nov 28 07:47:05 2003 :: Closing link to Jaden.
Fri Nov 28 07:47:08 2003 :: Sock.sinaddr:  193.136.33.200
Fri Nov 28 07:47:09 2003 :: Sock.sinaddr:  193.137.50.74
Fri Nov 28 07:47:10 2003 :: Loading Robert.
Fri Nov 28 07:47:10 2003 :: Loading Orpheus.
Fri Nov 28 07:47:10 2003 :: Look out, Robert@aulas-i-p2.fe.up.pt has connected.
Fri Nov 28 07:47:10 2003 :: Look out, Orpheus@193.137.50.74 has connected.
Fri Nov 28 07:47:18 2003 :: EOF encountered on read.
Fri Nov 28 07:47:18 2003 :: Closing link to Orpheus.
Fri Nov 28 07:47:39 2003 :: Sock.sinaddr:  193.136.33.200
Fri Nov 28 07:47:50 2003 :: Loading Legato.
Fri Nov 28 07:47:51 2003 :: Look out, Legato@aulas-i-p2.fe.up.pt has connected.
Fri Nov 28 07:48:36 2003 :: Alexandrus gained level 32
Fri Nov 28 07:49:40 2003 :: Jandor has quit.
Fri Nov 28 07:54:27 2003 :: aulas-i-p2.fe.up.pt input spamming!
Fri Nov 28 07:56:41 2003 :: aulas-i-p2.fe.up.pt input spamming!
Fri Nov 28 07:57:49 2003 :: [*****] BUG: Extract_obj: obj 14 not found.
Fri Nov 28 08:01:18 2003 :: aulas-i-p2.fe.up.pt input spamming!
Fri Nov 28 08:01:34 2003 :: Petrus gained level 31
Fri Nov 28 08:02:19 2003 :: aulas-i-p2.fe.up.pt input spamming!
Fri Nov 28 08:02:31 2003 :: aulas-i-p2.fe.up.pt input spamming!
Fri Nov 28 08:03:10 2003 :: Alexandrus gained level 33
Fri Nov 28 08:03:13 2003 :: aulas-i-p2.fe.up.pt input spamming!
Fri Nov 28 08:03:20 2003 :: aulas-i-p2.fe.up.pt input spamming!
Fri Nov 28 08:03:25 2003 :: Petrus has quit.
Fri Nov 28 08:03:27 2003 :: Alexandrus has quit.
Fri Nov 28 08:19:25 2003 :: Sock.sinaddr:  193.136.33.201
Fri Nov 28 08:19:30 2003 :: Loading Vidoq.
Fri Nov 28 08:19:32 2003 :: Look out, Vidoq@aulas-i-p3.fe.up.pt has connected.
Fri Nov 28 08:19:54 2003 :: aulas-i-p3.fe.up.pt input spamming!
Fri Nov 28 08:20:56 2003 :: aulas-i-p3.fe.up.pt input spamming!
Fri Nov 28 08:21:02 2003 :: aulas-i-p3.fe.up.pt input spamming!
Fri Nov 28 08:21:08 2003 :: aulas-i-p3.fe.up.pt input spamming!
Fri Nov 28 08:22:03 2003 :: aulas-i-p3.fe.up.pt input spamming!
Fri Nov 28 08:22:09 2003 :: aulas-i-p3.fe.up.pt input spamming!
Fri Nov 28 08:22:15 2003 :: aulas-i-p3.fe.up.pt input spamming!
Fri Nov 28 08:22:22 2003 :: aulas-i-p3.fe.up.pt input spamming!
Fri Nov 28 08:22:28 2003 :: aulas-i-p3.fe.up.pt input spamming!
Fri Nov 28 08:27:50 2003 :: aulas-i-p3.fe.up.pt input spamming!
Fri Nov 28 08:27:53 2003 :: Vidoq gained level 5
Fri Nov 28 08:27:57 2003 :: aulas-i-p3.fe.up.pt input spamming!
Fri Nov 28 08:28:03 2003 :: aulas-i-p3.fe.up.pt input spamming!
Fri Nov 28 08:28:11 2003 :: Sock.sinaddr:  172.210.72.88
Fri Nov 28 08:28:12 2003 :: aulas-i-p3.fe.up.pt input spamming!
Fri Nov 28 08:28:45 2003 :: EOF encountered on read.
Fri Nov 28 08:28:45 2003 :: Closing link to Trew.
Fri Nov 28 08:29:42 2003 :: aulas-i-p3.fe.up.pt input spamming!
Fri Nov 28 08:33:03 2003 :: aulas-i-p3.fe.up.pt input spamming!
Fri Nov 28 08:33:23 2003 :: aulas-i-p3.fe.up.pt input spamming!
Fri Nov 28 08:33:58 2003 :: aulas-i-p3.fe.up.pt input spamming!
Fri Nov 28 08:34:40 2003 :: aulas-i-p3.fe.up.pt input spamming!
Fri Nov 28 08:34:46 2003 :: aulas-i-p3.fe.up.pt input spamming!
Fri Nov 28 08:34:52 2003 :: aulas-i-p3.fe.up.pt input spamming!
Fri Nov 28 08:35:36 2003 :: aulas-i-p3.fe.up.pt input spamming!
Fri Nov 28 08:35:57 2003 :: aulas-i-p3.fe.up.pt input spamming!
Fri Nov 28 08:36:27 2003 :: aulas-i-p3.fe.up.pt input spamming!
Fri Nov 28 08:36:34 2003 :: aulas-i-p3.fe.up.pt input spamming!
Fri Nov 28 08:36:53 2003 :: aulas-i-p3.fe.up.pt input spamming!
Fri Nov 28 08:36:59 2003 :: aulas-i-p3.fe.up.pt input spamming!
Fri Nov 28 08:37:06 2003 :: aulas-i-p3.fe.up.pt input spamming!
Fri Nov 28 08:37:12 2003 :: aulas-i-p3.fe.up.pt input spamming!
Fri Nov 28 08:37:18 2003 :: aulas-i-p3.fe.up.pt input spamming!
Fri Nov 28 08:37:44 2003 :: aulas-i-p3.fe.up.pt input spamming!
Fri Nov 28 08:37:46 2003 :: EOF encountered on read.
Fri Nov 28 08:37:46 2003 :: Closing link to Vidoq.
Fri Nov 28 08:38:25 2003 :: Sock.sinaddr:  193.136.33.201
Fri Nov 28 08:38:29 2003 :: Loading Vidoq.
Fri Nov 28 08:38:31 2003 :: Vidoq@aulas-i-p3.fe.up.pt reconnected.
Fri Nov 28 08:39:10 2003 :: aulas-i-p3.fe.up.pt input spamming!
Fri Nov 28 08:39:21 2003 :: aulas-i-p3.fe.up.pt input spamming!
Fri Nov 28 08:39:43 2003 :: aulas-i-p3.fe.up.pt input spamming!
Fri Nov 28 08:40:25 2003 :: aulas-i-p3.fe.up.pt input spamming!
Fri Nov 28 08:40:36 2003 :: aulas-i-p3.fe.up.pt input spamming!
Fri Nov 28 08:40:57 2003 :: aulas-i-p3.fe.up.pt input spamming!
Fri Nov 28 08:41:03 2003 :: aulas-i-p3.fe.up.pt input spamming!
Fri Nov 28 08:41:09 2003 :: aulas-i-p3.fe.up.pt input spamming!
Fri Nov 28 08:41:23 2003 :: aulas-i-p3.fe.up.pt input spamming!
Fri Nov 28 08:41:29 2003 :: aulas-i-p3.fe.up.pt input spamming!
Fri Nov 28 08:41:58 2003 :: aulas-i-p3.fe.up.pt input spamming!
Fri Nov 28 08:42:09 2003 :: aulas-i-p3.fe.up.pt input spamming!
Fri Nov 28 08:42:12 2003 :: EOF encountered on read.
Fri Nov 28 08:42:12 2003 :: Closing link to Vidoq.
Fri Nov 28 08:42:16 2003 :: Sock.sinaddr:  193.136.33.201
Fri Nov 28 08:42:19 2003 :: Loading Vidoq.
Fri Nov 28 08:42:22 2003 :: Vidoq@aulas-i-p3.fe.up.pt reconnected.
Fri Nov 28 08:42:34 2003 :: aulas-i-p3.fe.up.pt input spamming!
Fri Nov 28 08:43:16 2003 :: aulas-i-p3.fe.up.pt input spamming!
Fri Nov 28 08:43:45 2003 :: Sock.sinaddr:  81.193.17.65
Fri Nov 28 08:43:47 2003 :: Loading Circe.
Fri Nov 28 08:43:48 2003 :: Look out, Circe@81.193.17.65 has connected.
Fri Nov 28 08:43:50 2003 :: Vidoq gained level 6
Fri Nov 28 08:43:52 2003 :: aulas-i-p3.fe.up.pt input spamming!
Fri Nov 28 08:44:15 2003 :: Jackius gained level 53
Fri Nov 28 08:44:28 2003 :: aulas-i-p3.fe.up.pt input spamming!
Fri Nov 28 08:44:50 2003 :: aulas-i-p3.fe.up.pt input spamming!
Fri Nov 28 08:45:04 2003 :: aulas-i-p3.fe.up.pt input spamming!
Fri Nov 28 08:45:14 2003 :: Jackius has quit.
Fri Nov 28 08:45:23 2003 :: Legato has quit.
Fri Nov 28 08:45:47 2003 :: aulas-i-p3.fe.up.pt input spamming!
Fri Nov 28 08:46:23 2003 :: aulas-i-p3.fe.up.pt input spamming!
Fri Nov 28 08:46:37 2003 :: aulas-i-p3.fe.up.pt input spamming!
Fri Nov 28 08:46:58 2003 :: aulas-i-p3.fe.up.pt input spamming!
Fri Nov 28 08:47:09 2003 :: aulas-i-p3.fe.up.pt input spamming!
Fri Nov 28 08:48:01 2003 :: 81.193.17.65 input spamming!
Fri Nov 28 08:48:10 2003 :: aulas-i-p3.fe.up.pt input spamming!
Fri Nov 28 08:48:21 2003 :: aulas-i-p3.fe.up.pt input spamming!
Fri Nov 28 08:48:28 2003 :: aulas-i-p3.fe.up.pt input spamming!
Fri Nov 28 08:48:34 2003 :: aulas-i-p3.fe.up.pt input spamming!
Fri Nov 28 08:48:43 2003 :: aulas-i-p3.fe.up.pt input spamming!
Fri Nov 28 08:48:55 2003 :: aulas-i-p3.fe.up.pt input spamming!
Fri Nov 28 08:49:07 2003 :: 81.193.17.65 input spamming!
Fri Nov 28 08:49:10 2003 :: aulas-i-p3.fe.up.pt input spamming!
Fri Nov 28 08:49:17 2003 :: aulas-i-p3.fe.up.pt input spamming!
Fri Nov 28 08:49:23 2003 :: aulas-i-p3.fe.up.pt input spamming!
Fri Nov 28 08:49:32 2003 :: aulas-i-p3.fe.up.pt input spamming!
Fri Nov 28 08:49:59 2003 :: aulas-i-p3.fe.up.pt input spamming!
Fri Nov 28 08:50:08 2003 :: aulas-i-p3.fe.up.pt input spamming!
Fri Nov 28 08:50:14 2003 :: aulas-i-p3.fe.up.pt input spamming!
Fri Nov 28 08:50:20 2003 :: aulas-i-p3.fe.up.pt input spamming!
Fri Nov 28 08:50:27 2003 :: aulas-i-p3.fe.up.pt input spamming!
Fri Nov 28 08:51:53 2003 :: aulas-i-p3.fe.up.pt input spamming!
Fri Nov 28 08:52:04 2003 :: aulas-i-p3.fe.up.pt input spamming!
Fri Nov 28 08:52:04 2003 :: EOF encountered on read.
Fri Nov 28 08:52:04 2003 :: Closing link to Vidoq.
Fri Nov 28 08:52:22 2003 :: Sock.sinaddr:  193.136.33.201
Fri Nov 28 08:52:26 2003 :: Loading Vidoq.
Fri Nov 28 08:52:28 2003 :: Vidoq@aulas-i-p3.fe.up.pt reconnected.
Fri Nov 28 08:52:39 2003 :: aulas-i-p3.fe.up.pt input spamming!
Fri Nov 28 08:54:39 2003 :: aulas-i-p3.fe.up.pt input spamming!
Fri Nov 28 08:54:45 2003 :: aulas-i-p3.fe.up.pt input spamming!
Fri Nov 28 08:54:51 2003 :: aulas-i-p3.fe.up.pt input spamming!
Fri Nov 28 08:56:40 2003 :: Sock.sinaddr:  193.136.33.200
Fri Nov 28 08:56:41 2003 :: Loading Petrus.
Fri Nov 28 08:56:41 2003 :: Look out, Petrus@aulas-i-p2.fe.up.pt has connected.
Fri Nov 28 08:58:27 2003 :: Sock.sinaddr:  193.136.33.200
Fri Nov 28 08:58:33 2003 :: Loading Alexandrus.
Fri Nov 28 08:58:45 2003 :: Look out, Alexandrus@aulas-i-p2.fe.up.pt has connected.
Fri Nov 28 09:00:44 2003 :: Sock.sinaddr:  213.22.159.70
Fri Nov 28 09:00:48 2003 :: Loading Cetebelem.
Fri Nov 28 09:00:49 2003 :: Look out, Cetebelem@a213-22-159-70.netcabo.pt has connected.
Fri Nov 28 09:03:34 2003 :: aulas-i-p3.fe.up.pt input spamming!
Fri Nov 28 09:05:22 2003 :: aulas-i-p3.fe.up.pt input spamming!
Fri Nov 28 09:05:32 2003 :: Slade gained level 80
Fri Nov 28 09:05:41 2003 :: aulas-i-p3.fe.up.pt input spamming!
Fri Nov 28 09:05:48 2003 :: aulas-i-p3.fe.up.pt input spamming!
Fri Nov 28 09:05:54 2003 :: aulas-i-p3.fe.up.pt input spamming!
Fri Nov 28 09:06:25 2003 :: aulas-i-p3.fe.up.pt input spamming!
Fri Nov 28 09:06:36 2003 :: aulas-i-p3.fe.up.pt input spamming!
Fri Nov 28 09:06:47 2003 :: aulas-i-p3.fe.up.pt input spamming!
Fri Nov 28 09:07:29 2003 :: aulas-i-p3.fe.up.pt input spamming!
Fri Nov 28 09:07:35 2003 :: aulas-i-p3.fe.up.pt input spamming!
Fri Nov 28 09:07:42 2003 :: aulas-i-p3.fe.up.pt input spamming!
Fri Nov 28 09:07:46 2003 :: aulas-i-p2.fe.up.pt input spamming!
Fri Nov 28 09:08:06 2003 :: aulas-i-p3.fe.up.pt input spamming!
Fri Nov 28 09:08:12 2003 :: aulas-i-p3.fe.up.pt input spamming!
Fri Nov 28 09:08:18 2003 :: aulas-i-p3.fe.up.pt input spamming!
Fri Nov 28 09:08:31 2003 :: aulas-i-p3.fe.up.pt input spamming!
Fri Nov 28 09:08:38 2003 :: aulas-i-p3.fe.up.pt input spamming!
Fri Nov 28 09:08:44 2003 :: aulas-i-p3.fe.up.pt input spamming!
Fri Nov 28 09:09:15 2003 :: aulas-i-p3.fe.up.pt input spamming!
Fri Nov 28 09:09:21 2003 :: aulas-i-p3.fe.up.pt input spamming!
Fri Nov 28 09:09:27 2003 :: aulas-i-p3.fe.up.pt input spamming!
Fri Nov 28 09:10:06 2003 :: Cetebelem has quit.
Fri Nov 28 09:10:36 2003 :: aulas-i-p2.fe.up.pt input spamming!
Fri Nov 28 09:11:31 2003 :: aulas-i-p3.fe.up.pt input spamming!
Fri Nov 28 09:11:42 2003 :: aulas-i-p3.fe.up.pt input spamming!
Fri Nov 28 09:12:19 2003 :: aulas-i-p2.fe.up.pt input spamming!
Fri Nov 28 09:12:23 2003 :: aulas-i-p3.fe.up.pt input spamming!
Fri Nov 28 09:12:29 2003 :: aulas-i-p3.fe.up.pt input spamming!
Fri Nov 28 09:12:36 2003 :: aulas-i-p3.fe.up.pt input spamming!
Fri Nov 28 09:13:18 2003 :: aulas-i-p3.fe.up.pt input spamming!
Fri Nov 28 09:13:33 2003 :: aulas-i-p2.fe.up.pt input spamming!
Fri Nov 28 09:13:38 2003 :: aulas-i-p3.fe.up.pt input spamming!
Fri Nov 28 09:13:45 2003 :: aulas-i-p3.fe.up.pt input spamming!
Fri Nov 28 09:13:51 2003 :: Robert has quit.
Fri Nov 28 09:13:51 2003 :: aulas-i-p3.fe.up.pt input spamming!
Fri Nov 28 09:14:04 2003 :: aulas-i-p3.fe.up.pt input spamming!
Fri Nov 28 09:14:10 2003 :: aulas-i-p3.fe.up.pt input spamming!
Fri Nov 28 09:14:16 2003 :: aulas-i-p3.fe.up.pt input spamming!
Fri Nov 28 09:15:02 2003 :: aulas-i-p2.fe.up.pt input spamming!
Fri Nov 28 09:15:48 2003 :: EOF encountered on read.
Fri Nov 28 09:15:48 2003 :: Closing link to Slade.
Fri Nov 28 09:16:18 2003 :: aulas-i-p2.fe.up.pt input spamming!
Fri Nov 28 09:17:01 2003 :: aulas-i-p3.fe.up.pt input spamming!
Fri Nov 28 09:17:10 2003 :: EOF encountered on read.
Fri Nov 28 09:17:10 2003 :: Closing link to Vidoq.
Fri Nov 28 09:17:48 2003 :: Sock.sinaddr:  193.136.33.201
Fri Nov 28 09:17:51 2003 :: Loading Vidoq.
Fri Nov 28 09:17:53 2003 :: Vidoq@aulas-i-p3.fe.up.pt reconnected.
Fri Nov 28 09:18:01 2003 :: aulas-i-p3.fe.up.pt input spamming!
Fri Nov 28 09:18:12 2003 :: aulas-i-p3.fe.up.pt input spamming!
Fri Nov 28 09:19:01 2003 :: Sock.sinaddr:  81.193.108.56
Fri Nov 28 09:19:05 2003 :: Loading Zerix.
Fri Nov 28 09:19:05 2003 :: Sock.sinaddr:  81.193.108.56
Fri Nov 28 09:19:05 2003 :: Look out, Zerix@81.193.108.56 has connected.
Fri Nov 28 09:19:09 2003 :: Loading Slade.
Fri Nov 28 09:19:09 2003 :: Slade@81.193.108.56 reconnected.
Fri Nov 28 09:19:10 2003 :: aulas-i-p3.fe.up.pt input spamming!
Fri Nov 28 09:19:24 2003 :: aulas-i-p2.fe.up.pt input spamming!
Fri Nov 28 09:19:53 2003 :: Alexandrus gained level 34
Fri Nov 28 09:20:45 2003 :: Petrus gained level 32
Fri Nov 28 09:22:15 2003 :: Circe has quit.
Fri Nov 28 09:22:21 2003 :: Sock.sinaddr:  81.193.17.65
Fri Nov 28 09:22:21 2003 :: Loading Magyar.
Fri Nov 28 09:22:21 2003 :: Look out, Magyar@81.193.17.65 has connected.
Fri Nov 28 09:22:40 2003 :: aulas-i-p2.fe.up.pt input spamming!
Fri Nov 28 09:22:58 2003 :: aulas-i-p3.fe.up.pt input spamming!
Fri Nov 28 09:23:04 2003 :: aulas-i-p3.fe.up.pt input spamming!
Fri Nov 28 09:23:11 2003 :: aulas-i-p3.fe.up.pt input spamming!
Fri Nov 28 09:23:29 2003 :: aulas-i-p3.fe.up.pt input spamming!
Fri Nov 28 09:23:37 2003 :: aulas-i-p3.fe.up.pt input spamming!
Fri Nov 28 09:23:44 2003 :: aulas-i-p3.fe.up.pt input spamming!
Fri Nov 28 09:23:58 2003 :: aulas-i-p3.fe.up.pt input spamming!
Fri Nov 28 09:24:02 2003 :: aulas-i-p2.fe.up.pt input spamming!
Fri Nov 28 09:24:28 2003 :: Vidoq has quit.
Fri Nov 28 09:24:34 2003 :: Sock.sinaddr:  193.136.33.201
Fri Nov 28 09:24:38 2003 :: Loading Picao.
Fri Nov 28 09:24:39 2003 :: Look out, Picao@aulas-i-p3.fe.up.pt has connected.
Fri Nov 28 09:25:20 2003 :: Magyar has quit.
Fri Nov 28 09:25:23 2003 :: aulas-i-p2.fe.up.pt input spamming!
Fri Nov 28 09:25:26 2003 :: Sock.sinaddr:  81.193.17.65
Fri Nov 28 09:25:27 2003 :: Loading Circe.
Fri Nov 28 09:25:27 2003 :: Look out, Circe@81.193.17.65 has connected.
Fri Nov 28 09:26:19 2003 :: aulas-i-p2.fe.up.pt input spamming!
Fri Nov 28 09:26:58 2003 :: aulas-i-p2.fe.up.pt input spamming!
Fri Nov 28 09:28:04 2003 :: aulas-i-p2.fe.up.pt input spamming!
Fri Nov 28 09:28:36 2003 :: aulas-i-p2.fe.up.pt input spamming!
Fri Nov 28 09:29:20 2003 :: aulas-i-p2.fe.up.pt input spamming!
Fri Nov 28 09:30:43 2003 :: aulas-i-p2.fe.up.pt input spamming!
Fri Nov 28 09:31:55 2003 :: aulas-i-p2.fe.up.pt input spamming!
Fri Nov 28 09:32:07 2003 :: Sock.sinaddr:  217.129.135.184
Fri Nov 28 09:32:18 2003 :: Loading Shupamu.
Fri Nov 28 09:32:22 2003 :: Look out, Shupamu@217.129.135.184 has connected.
Fri Nov 28 09:34:06 2003 :: Shupamu has quit.
Fri Nov 28 09:35:24 2003 :: aulas-i-p2.fe.up.pt input spamming!
Fri Nov 28 09:36:16 2003 :: aulas-i-p2.fe.up.pt input spamming!
Fri Nov 28 09:37:07 2003 :: aulas-i-p2.fe.up.pt input spamming!
Fri Nov 28 09:38:11 2003 :: aulas-i-p2.fe.up.pt input spamming!
Fri Nov 28 09:39:19 2003 :: aulas-i-p2.fe.up.pt input spamming!
Fri Nov 28 09:40:13 2003 :: aulas-i-p2.fe.up.pt input spamming!
Fri Nov 28 09:40:43 2003 :: Alexandrus gained level 35
Fri Nov 28 09:40:51 2003 :: aulas-i-p2.fe.up.pt input spamming!
Fri Nov 28 09:41:10 2003 :: 81.193.108.56 input spamming!
Fri Nov 28 09:41:25 2003 :: aulas-i-p2.fe.up.pt input spamming!
Fri Nov 28 09:42:04 2003 :: aulas-i-p2.fe.up.pt input spamming!
Fri Nov 28 09:43:22 2003 :: aulas-i-p2.fe.up.pt input spamming!
Fri Nov 28 09:44:01 2003 :: Petrus gained level 33
Fri Nov 28 09:44:20 2003 :: 81.193.108.56 input spamming!
Fri Nov 28 09:45:13 2003 :: aulas-i-p2.fe.up.pt input spamming!
Fri Nov 28 09:47:27 2003 :: 81.193.17.65 input spamming!
Fri Nov 28 09:47:31 2003 :: aulas-i-p2.fe.up.pt input spamming!
Fri Nov 28 09:47:36 2003 :: Sock.sinaddr:  65.114.135.75
Fri Nov 28 09:48:10 2003 :: 81.193.108.56 input spamming!
Fri Nov 28 09:48:28 2003 :: 81.193.108.56 input spamming!
Fri Nov 28 09:49:09 2003 :: Scithen@65.114.135.75 new player.
Fri Nov 28 09:49:35 2003 :: aulas-i-p2.fe.up.pt input spamming!
Fri Nov 28 09:50:12 2003 :: aulas-i-p3.fe.up.pt input spamming!
Fri Nov 28 09:50:25 2003 :: aulas-i-p2.fe.up.pt input spamming!
Fri Nov 28 09:51:20 2003 :: Sock.sinaddr:  63.190.241.173
Fri Nov 28 09:51:31 2003 :: aulas-i-p3.fe.up.pt input spamming!
Fri Nov 28 09:51:31 2003 :: Loading Jandor.
Fri Nov 28 09:51:36 2003 :: Look out, Jandor@sdn-ap-018tnnashP0427.dialsprint.net has connected.
Fri Nov 28 09:51:42 2003 :: aulas-i-p2.fe.up.pt input spamming!
Fri Nov 28 09:52:15 2003 :: aulas-i-p2.fe.up.pt input spamming!
Fri Nov 28 09:53:17 2003 :: aulas-i-p2.fe.up.pt input spamming!
Fri Nov 28 09:54:19 2003 :: Log Scithen: delete
Fri Nov 28 09:54:19 2003 :: Log Scithen: delete
Fri Nov 28 09:54:54 2003 :: aulas-i-p2.fe.up.pt input spamming!
Fri Nov 28 09:55:08 2003 :: Alexandrus has quit.
Fri Nov 28 09:55:10 2003 :: Petrus has quit.
Fri Nov 28 09:58:07 2003 :: Sock.sinaddr:  213.22.159.70
Fri Nov 28 09:58:08 2003 :: Loading Cetebelem.
Fri Nov 28 09:58:08 2003 :: Look out, Cetebelem@a213-22-159-70.netcabo.pt has connected.
Fri Nov 28 09:59:31 2003 :: Cetebelem has quit.
Fri Nov 28 10:03:15 2003 :: 81.193.108.56 input spamming!
Fri Nov 28 10:07:18 2003 :: 81.193.108.56 input spamming!
Read_from_descriptor: Connection reset by peer
Fri Nov 28 10:11:13 2003 :: Closing link to Jandor.
Fri Nov 28 10:13:33 2003 :: Sock.sinaddr:  172.195.148.105
Fri Nov 28 10:13:49 2003 :: Loading Dyrex.
Fri Nov 28 10:13:51 2003 :: Look out, Dyrex@ACC39469.ipt.aol.com has connected.
Fri Nov 28 10:19:01 2003 :: Picao gained level 71
Fri Nov 28 10:21:01 2003 :: Sock.sinaddr:  12.107.143.153
Fri Nov 28 10:21:04 2003 :: Loading Solinari.
Fri Nov 28 10:21:06 2003 :: Look out, Solinari@153-143-107-12-pbg-ny.dialin.westelcom.com has connected.
Fri Nov 28 10:26:47 2003 :: Sock.sinaddr:  172.143.140.131
Fri Nov 28 10:26:47 2003 :: Sock.sinaddr:  172.143.140.131
Fri Nov 28 10:26:47 2003 :: Sock.sinaddr:  172.143.140.131
Fri Nov 28 10:26:51 2003 :: EOF encountered on read.
Fri Nov 28 10:26:52 2003 :: EOF encountered on read.
Fri Nov 28 10:27:19 2003 :: Jandor has quit.
Fri Nov 28 10:28:36 2003 :: EOF encountered on read.
Fri Nov 28 10:28:36 2003 :: Closing link to Trew.
Fri Nov 28 10:34:37 2003 :: Picao has quit.
Fri Nov 28 10:36:45 2003 :: Sock.sinaddr:  199.170.89.65
Fri Nov 28 10:36:48 2003 :: Loading Akiran.
Fri Nov 28 10:36:50 2003 :: Look out, Akiran@aus-as2-065.io.com has connected.
Fri Nov 28 10:37:08 2003 :: Akiran has quit.
Fri Nov 28 10:46:14 2003 :: Sock.sinaddr:  12.36.210.30
Fri Nov 28 10:49:30 2003 :: Circe has quit.
Fri Nov 28 10:49:37 2003 :: Sock.sinaddr:  81.193.17.65
Fri Nov 28 10:49:38 2003 :: Loading Magyar.
Fri Nov 28 10:49:38 2003 :: Look out, Magyar@81.193.17.65 has connected.
Fri Nov 28 10:50:07 2003 :: Locnea@12.36.210.30 new player.
Fri Nov 28 10:55:07 2003 :: Sock.sinaddr:  65.42.243.140
Fri Nov 28 10:55:45 2003 :: Loading Gilean.
Fri Nov 28 10:55:45 2003 :: Magyar has quit.
Fri Nov 28 10:55:49 2003 :: Look out, Gilean@adsl-65-42-243-140.dsl.lgnnmi.ameritech.net has connected.
Fri Nov 28 10:55:51 2003 :: Sock.sinaddr:  81.193.17.65
Fri Nov 28 10:55:51 2003 :: Loading Circe.
Fri Nov 28 10:55:52 2003 :: Look out, Circe@81.193.17.65 has connected.
Fri Nov 28 10:56:39 2003 :: Gilean has quit.
Fri Nov 28 11:04:08 2003 :: Zerix has quit.
Fri Nov 28 11:04:27 2003 :: Circe has quit.
Fri Nov 28 11:04:34 2003 :: Sock.sinaddr:  81.193.17.65
Fri Nov 28 11:04:34 2003 :: Loading Magyar.
Fri Nov 28 11:04:35 2003 :: Look out, Magyar@81.193.17.65 has connected.
Fri Nov 28 11:05:17 2003 :: 81.193.108.56 input spamming!
Fri Nov 28 11:11:31 2003 :: Log Magyar: murder sl
Fri Nov 28 11:11:46 2003 :: Magyar has quit.
Fri Nov 28 11:11:53 2003 :: Dyrex has quit.
Fri Nov 28 11:12:04 2003 :: Sock.sinaddr:  81.193.17.65
Fri Nov 28 11:12:04 2003 :: Loading Circe.
Fri Nov 28 11:12:04 2003 :: Look out, Circe@81.193.17.65 has connected.
Fri Nov 28 11:12:40 2003 :: Slade has quit.
Fri Nov 28 11:12:51 2003 :: Sock.sinaddr:  81.193.108.56
Fri Nov 28 11:12:51 2003 :: Loading Celadon.
Fri Nov 28 11:12:56 2003 :: Look out, Celadon@81.193.108.56 has connected.
Fri Nov 28 11:20:49 2003 :: Sock.sinaddr:  193.126.166.14
Fri Nov 28 11:21:03 2003 :: Loading Bobius.
Fri Nov 28 11:21:06 2003 :: Look out, Bobius@d166014.prt.net.KPNQwest.pt has connected.
Fri Nov 28 11:23:52 2003 :: Circe has quit.
Fri Nov 28 11:24:00 2003 :: Sock.sinaddr:  81.193.17.65
Fri Nov 28 11:24:00 2003 :: Loading Magyar.
Fri Nov 28 11:24:00 2003 :: Look out, Magyar@81.193.17.65 has connected.
Fri Nov 28 11:26:31 2003 :: Locnea killed by the lizard at 3744
Fri Nov 28 11:26:46 2003 :: EOF encountered on read.
Fri Nov 28 11:26:46 2003 :: Closing link to Locnea.
Fri Nov 28 11:28:27 2003 :: Log Majere: asperson solinari note list
Fri Nov 28 11:35:04 2003 :: EOF encountered on read.
Fri Nov 28 11:35:04 2003 :: Closing link to Solinari.
Fri Nov 28 11:39:37 2003 :: Bobius killed by A druid-in-training at 3367
Fri Nov 28 11:43:43 2003 :: Bobius has quit.
Fri Nov 28 11:51:00 2003 :: Sock.sinaddr:  204.209.44.14
Read_from_descriptor: Broken pipe
Fri Nov 28 12:25:15 2003 :: Sock.sinaddr:  12.107.149.212
Fri Nov 28 12:25:18 2003 :: Loading Solinari.
Fri Nov 28 12:25:20 2003 :: Solinari@12.107.149.212 reconnected.
Fri Nov 28 12:30:47 2003 :: Sock.sinaddr:  213.13.234.76
Fri Nov 28 12:30:50 2003 :: Loading Adrastos.
Fri Nov 28 12:30:50 2003 :: Look out, Adrastos@213.13.234.76 has connected.
Fri Nov 28 12:32:35 2003 :: Celadon has quit.
Fri Nov 28 12:32:41 2003 :: Magyar has quit.
Fri Nov 28 12:32:46 2003 :: Sock.sinaddr:  81.193.17.65
Fri Nov 28 12:32:47 2003 :: Loading Circe.
Fri Nov 28 12:32:47 2003 :: Look out, Circe@81.193.17.65 has connected.
Fri Nov 28 12:32:48 2003 :: Sock.sinaddr:  81.193.108.56
Fri Nov 28 12:32:53 2003 :: Loading Slade.
Fri Nov 28 12:32:53 2003 :: Look out, Slade@adsl-b4-108-56.telepac.pt has connected.
Fri Nov 28 12:52:10 2003 :: Sock.sinaddr:  24.154.35.243
Fri Nov 28 12:52:15 2003 :: Loading Roman.
Fri Nov 28 12:52:16 2003 :: Look out, Roman@acs-24-154-35-243.zoominternet.net has connected.
Fri Nov 28 12:52:44 2003 :: Roman has quit.
Fri Nov 28 12:52:45 2003 :: Sock.sinaddr:  213.22.129.138
Fri Nov 28 12:52:54 2003 :: Loading Alexandrus.
Fri Nov 28 12:52:56 2003 :: Look out, Alexandrus@a213-22-129-138.netcabo.pt has connected.
Fri Nov 28 12:59:07 2003 :: Solinari has quit.
Fri Nov 28 13:01:00 2003 :: Sock.sinaddr:  142.167.32.18
Fri Nov 28 13:01:03 2003 :: Loading Zana.
Fri Nov 28 13:01:05 2003 :: Look out, Zana@bgrcvx032018.prexar.com has connected.
Fri Nov 28 13:01:22 2003 :: Circe has quit.
Fri Nov 28 13:04:23 2003 :: Sock.sinaddr:  81.193.17.65
Fri Nov 28 13:04:26 2003 :: Loading Circe.
Fri Nov 28 13:04:26 2003 :: Look out, Circe@81.193.17.65 has connected.
Fri Nov 28 13:04:26 2003 :: Alexandrus has quit.
Fri Nov 28 13:04:27 2003 :: Adrastos has quit.
Fri Nov 28 13:04:29 2003 :: Sock.sinaddr:  213.13.234.76
Fri Nov 28 13:04:30 2003 :: Loading Adrastos.
Fri Nov 28 13:04:30 2003 :: Look out, Adrastos@213.13.234.76 has connected.
Fri Nov 28 13:05:31 2003 :: Adrastos has quit.
Fri Nov 28 13:05:37 2003 :: Circe has quit.
Fri Nov 28 13:06:53 2003 :: Slade has quit.
Fri Nov 28 13:07:20 2003 :: Sock.sinaddr:  81.193.108.56
Fri Nov 28 13:07:21 2003 :: Loading Celadon.
Fri Nov 28 13:08:09 2003 :: Look out, Celadon@adsl-b4-108-56.telepac.pt has connected.
Fri Nov 28 13:11:09 2003 :: Sock.sinaddr:  81.84.14.35
Fri Nov 28 13:11:21 2003 :: Loading Lethran.
Fri Nov 28 13:11:24 2003 :: Look out, Lethran@81.84.14.35 has connected.
Fri Nov 28 13:11:32 2003 :: Sock.sinaddr:  213.106.201.57
Fri Nov 28 13:11:37 2003 :: Lethran has quit.
Fri Nov 28 13:11:37 2003 :: Zana has quit.
Fri Nov 28 13:11:40 2003 :: Sock.sinaddr:  81.84.14.35
Fri Nov 28 13:11:46 2003 :: Loading Keresh.
Fri Nov 28 13:11:48 2003 :: Loading Sunder.
Fri Nov 28 13:11:51 2003 :: Sunder. Bad Password. IP: public1-roch1-5-cust57.manc.broadband.ntl.com> assword
Fri Nov 28 13:11:51 2003 :: Closing link to Sunder.
Fri Nov 28 13:11:53 2003 :: Look out, Keresh@81.84.14.35 has connected.
Fri Nov 28 13:12:02 2003 :: Sock.sinaddr:  213.106.201.57
Fri Nov 28 13:12:17 2003 :: Loading Dorias.
Fri Nov 28 13:12:21 2003 :: Look out, Dorias@public1-roch1-5-cust57.manc.broadband.ntl.com has connected.
Fri Nov 28 13:12:57 2003 :: Sock.sinaddr:  217.129.135.184
Fri Nov 28 13:13:06 2003 :: Loading Shupamu.
Fri Nov 28 13:13:08 2003 :: Look out, Shupamu@217.129.135.184 has connected.
Fri Nov 28 13:18:21 2003 :: Log Dorias: devote ziv
Fri Nov 28 13:22:18 2003 :: Keresh has quit.
Fri Nov 28 13:25:10 2003 :: Dorias gained level 13
Fri Nov 28 13:25:42 2003 :: Shupamu has quit.
Fri Nov 28 13:27:56 2003 :: Dorias has quit.
Fri Nov 28 13:30:39 2003 :: Log Majere: asperson celadon note list
Fri Nov 28 13:30:44 2003 :: Log Majere: asperson celadon inven
Fri Nov 28 13:39:02 2003 :: Celadon has quit.
Fri Nov 28 13:53:41 2003 :: Sock.sinaddr:  213.22.129.138
Fri Nov 28 13:53:45 2003 :: Loading Jackius.
Fri Nov 28 13:53:47 2003 :: Look out, Jackius@a213-22-129-138.netcabo.pt has connected.
Fri Nov 28 13:55:08 2003 :: Sock.sinaddr:  81.193.108.56
Fri Nov 28 13:55:11 2003 :: Loading Celadon.
Fri Nov 28 13:55:12 2003 :: Look out, Celadon@adsl-b4-108-56.telepac.pt has connected.
Fri Nov 28 13:57:01 2003 :: Sock.sinaddr:  81.84.86.12
Fri Nov 28 13:57:05 2003 :: Loading Legato.
Fri Nov 28 13:57:08 2003 :: Look out, Legato@81.84.86.12 has connected.
Fri Nov 28 14:13:45 2003 :: Sock.sinaddr:  172.199.196.29
Fri Nov 28 14:13:48 2003 :: Loading Jarek.
Fri Nov 28 14:13:50 2003 :: Look out, Jarek@ACC7C41D.ipt.aol.com has connected.
Fri Nov 28 14:20:00 2003 :: [*****] BUG: Sig handler SIGSEGV
Fri Nov 28 14:20:00 2003 :: Saved zones:
Fri Nov 28 14:20:00 2003 :: None.
Fri Nov 28 14:20:00 2003 :: ROM is ready to rock on port 6100.
Fri Nov 28 14:20:00 2003 :: Copyover recovery initiated
Fri Nov 28 14:20:00 2003 :: Loading Jarek.
Fri Nov 28 14:20:00 2003 :: Loading Legato.
Fri Nov 28 14:20:00 2003 :: Loading Celadon.
Fri Nov 28 14:20:00 2003 :: Loading Jackius.
Fri Nov 28 14:20:00 2003 :: Loading Majere.
Fri Nov 28 14:21:35 2003 :: Sock.sinaddr:  142.167.32.18
Fri Nov 28 14:21:38 2003 :: Loading Zana.
Fri Nov 28 14:21:39 2003 :: Look out, Zana@bgrcvx032018.prexar.com has connected.
Fri Nov 28 14:21:44 2003 :: Zana has quit.
Fri Nov 28 14:33:43 2003 :: Sock.sinaddr:  24.1.157.247
Fri Nov 28 14:33:48 2003 :: Loading Everae.
Fri Nov 28 14:33:50 2003 :: Look out, Everae@c-24-1-157-247.client.comcast.net has connected.
Fri Nov 28 14:34:17 2003 :: Everae has quit.
Fri Nov 28 14:50:24 2003 :: Sock.sinaddr:  63.190.240.16
Fri Nov 28 14:51:24 2003 :: Loading Joshua.
Fri Nov 28 14:51:28 2003 :: Look out, Joshua@sdn-ap-018tnnashP0016.dialsprint.net has connected.
Fri Nov 28 15:11:50 2003 :: 81.84.86.12 input spamming!
Fri Nov 28 15:13:43 2003 :: EOF encountered on read.
Fri Nov 28 15:13:43 2003 :: Closing link to Joshua.
Fri Nov 28 15:13:53 2003 :: Sock.sinaddr:  81.193.108.56
Fri Nov 28 15:13:56 2003 :: Loading Zerix.
Fri Nov 28 15:13:56 2003 :: Look out, Zerix@81.193.108.56 has connected.
Fri Nov 28 15:17:36 2003 :: 81.84.86.12 input spamming!
Fri Nov 28 15:20:47 2003 :: adsl-b4-108-56.telepac.pt input spamming!
Fri Nov 28 15:24:16 2003 :: 81.84.86.12 input spamming!
Fri Nov 28 15:26:42 2003 :: Sock.sinaddr:  213.13.227.45
Fri Nov 28 15:26:54 2003 :: Loading Velhucius.
Fri Nov 28 15:26:56 2003 :: Look out, Velhucius@adslsapo-b3-227-45.telepac.pt has connected.
Fri Nov 28 15:27:47 2003 :: adsl-b4-108-56.telepac.pt input spamming!
Fri Nov 28 15:29:58 2003 :: Joshua has quit.
Fri Nov 28 15:30:08 2003 :: Majere has quit.
Read_from_descriptor: Connection reset by peer
Fri Nov 28 15:31:41 2003 :: Closing link to Velhucius.
Fri Nov 28 15:34:54 2003 :: Sock.sinaddr:  213.13.229.62
Fri Nov 28 15:35:09 2003 :: Loading Velhucius.
Fri Nov 28 15:35:11 2003 :: Velhucius@adslsapo-b3-229-62.telepac.pt reconnected.
Fri Nov 28 15:36:57 2003 :: Jarek has quit.
Fri Nov 28 15:37:11 2003 :: adsl-b4-108-56.telepac.pt input spamming!
Fri Nov 28 15:39:04 2003 :: Sock.sinaddr:  172.199.196.29
Fri Nov 28 15:39:13 2003 :: Loading Mishakal.
Fri Nov 28 15:39:20 2003 :: Look out, Mishakal@ACC7C41D.ipt.aol.com has connected.
Fri Nov 28 15:40:23 2003 :: Log Mishakal: laston jarek
Fri Nov 28 15:42:57 2003 :: Legato gained level 49
Fri Nov 28 15:44:07 2003 :: Sock.sinaddr:  172.199.196.29
Read_from_descriptor: Connection reset by peer
Fri Nov 28 15:44:18 2003 :: Sock.sinaddr:  172.199.196.29
Fri Nov 28 15:44:21 2003 :: EOF encountered on read.
Fri Nov 28 15:48:14 2003 :: Velhucius gained level 9
Fri Nov 28 15:51:26 2003 :: 81.84.86.12 input spamming!
Fri Nov 28 15:52:35 2003 :: Log Mishakal: switch cleric
Fri Nov 28 15:53:49 2003 :: Log Mishakal: switch guard
Fri Nov 28 16:02:12 2003 :: Log Mishakal: laston dekyos
Fri Nov 28 16:05:47 2003 :: Mishakal has quit.
Fri Nov 28 16:08:22 2003 :: Zerix has quit.
Fri Nov 28 16:08:46 2003 :: Sock.sinaddr:  81.193.108.56
Fri Nov 28 16:08:47 2003 :: Loading Orpheus.
Fri Nov 28 16:08:47 2003 :: Look out, Orpheus@81.193.108.56 has connected.
Fri Nov 28 16:13:49 2003 :: adsl-b4-108-56.telepac.pt input spamming!
Fri Nov 28 16:27:54 2003 :: Sock.sinaddr:  24.154.35.243
Fri Nov 28 16:27:58 2003 :: Loading Majere.
Fri Nov 28 16:27:59 2003 :: Look out, Majere@acs-24-154-35-243.zoominternet.net has connected.
Fri Nov 28 16:28:08 2003 :: Majere has quit.
Fri Nov 28 16:37:20 2003 :: Legato has quit.
Fri Nov 28 16:40:25 2003 :: Sock.sinaddr:  193.126.177.82
Fri Nov 28 16:40:31 2003 :: Loading Zephid.
Fri Nov 28 16:40:34 2003 :: Look out, Zephid@d177082.vng.net.KPNQwest.pt has connected.
Fri Nov 28 16:47:46 2003 :: Jackius has quit.
Fri Nov 28 16:54:06 2003 :: Velhucius killed by a small street dog at 3001
Fri Nov 28 16:54:25 2003 :: Sock.sinaddr:  24.154.35.243
Fri Nov 28 16:54:30 2003 :: Loading Majere.
Fri Nov 28 16:54:31 2003 :: Look out, Majere@acs-24-154-35-243.zoominternet.net has connected.
Fri Nov 28 17:04:55 2003 :: Sock.sinaddr:  172.193.82.117
Fri Nov 28 17:05:00 2003 :: Loading Jarek.
Fri Nov 28 17:05:01 2003 :: Look out, Jarek@ACC15275.ipt.aol.com has connected.
Fri Nov 28 17:06:06 2003 :: Jarek has quit.
Fri Nov 28 17:25:36 2003 :: Sock.sinaddr:  81.84.14.35
Fri Nov 28 17:25:43 2003 :: Loading Keresh.
Fri Nov 28 17:25:46 2003 :: Sock.sinaddr:  4.64.88.32
Fri Nov 28 17:25:49 2003 :: Look out, Keresh@81.84.14.35 has connected.
Fri Nov 28 17:25:49 2003 :: Loading Hydroth.
Fri Nov 28 17:25:49 2003 :: Look out, Hydroth@evrtwa1-ar5-4-64-088-032.evrtwa1.dsl-verizon.net has connected.
Fri Nov 28 17:26:05 2003 :: Sock.sinaddr:  63.190.240.16
Read_from_descriptor: Connection reset by peer
Fri Nov 28 17:26:15 2003 :: Closing link to Orpheus.
Fri Nov 28 17:26:19 2003 :: Velhucius gained level 10
Fri Nov 28 17:26:44 2003 :: Loading Joshua.
Read_from_descriptor: Connection reset by peer
Fri Nov 28 17:26:49 2003 :: Closing link to Joshua.
Fri Nov 28 17:26:53 2003 :: Sock.sinaddr:  63.190.240.16
Fri Nov 28 17:27:09 2003 :: Keresh has quit.
Fri Nov 28 17:27:19 2003 :: Loading Joshua.
Fri Nov 28 17:27:27 2003 :: Look out, Joshua@sdn-ap-018tnnashP0016.dialsprint.net has connected.
Fri Nov 28 17:28:04 2003 :: Hydroth has quit.
Read_from_descriptor: Connection reset by peer
Fri Nov 28 17:28:31 2003 :: Closing link to Joshua.
Fri Nov 28 17:28:46 2003 :: Sock.sinaddr:  63.190.240.16
Fri Nov 28 17:28:47 2003 :: Velhucius has quit.
Fri Nov 28 17:28:52 2003 :: Loading Joshua.
Fri Nov 28 17:28:54 2003 :: Joshua@sdn-ap-018tnnashP0016.dialsprint.net reconnected.
Fri Nov 28 17:29:17 2003 :: Sock.sinaddr:  63.190.240.16
Fri Nov 28 17:29:22 2003 :: Loading Joshua.
Fri Nov 28 17:29:33 2003 :: Closing link to Joshua.
Fri Nov 28 17:29:33 2003 :: Joshua@sdn-ap-018tnnashP0016.dialsprint.net reconnected.
Fri Nov 28 17:33:18 2003 :: Celadon has quit.
Fri Nov 28 17:36:44 2003 :: d177082.vng.net.KPNQwest.pt input spamming!
Fri Nov 28 17:38:31 2003 :: d177082.vng.net.KPNQwest.pt input spamming!
Fri Nov 28 17:38:42 2003 :: Sock.sinaddr:  213.13.203.123
Fri Nov 28 17:38:45 2003 :: Loading Celadon.
Fri Nov 28 17:38:46 2003 :: Look out, Celadon@213.13.203.123 has connected.
Fri Nov 28 17:38:59 2003 :: Sock.sinaddr:  213.13.203.123
Fri Nov 28 17:39:00 2003 :: Loading Orpheus.
Fri Nov 28 17:39:00 2003 :: Orpheus@213.13.203.123 reconnected.
Fri Nov 28 17:39:17 2003 :: Log Majere: snoop celadon
Fri Nov 28 17:39:49 2003 :: Joshua gained level 6
Fri Nov 28 17:40:48 2003 :: Log Majere: snoop self
Fri Nov 28 17:40:54 2003 :: Log Majere: asperson celadon eq
Fri Nov 28 17:41:23 2003 :: Log Majere: asperson celadon note list
Fri Nov 28 17:41:29 2003 :: Log Majere: asperson zephid note list
Fri Nov 28 17:41:41 2003 :: Log Majere: asperson orpheus note list
Fri Nov 28 17:41:47 2003 :: Log Majere: asperson josh note list
Fri Nov 28 17:44:51 2003 :: Sock.sinaddr:  172.194.223.147
Fri Nov 28 17:44:58 2003 :: Loading Mishakal.
Fri Nov 28 17:45:00 2003 :: Mishakal. Bad Password. IP: ACC2DF93.ipt.aol.com> lines
Fri Nov 28 17:45:00 2003 :: Closing link to Mishakal.
Fri Nov 28 17:45:07 2003 :: Sock.sinaddr:  172.194.223.147
Fri Nov 28 17:45:13 2003 :: Loading Mishakal.
Fri Nov 28 17:45:16 2003 :: Look out, Mishakal@ACC2DF93.ipt.aol.com has connected.
Fri Nov 28 17:48:59 2003 :: [WARNING] Mishakal imms: ah, same here, I don't want to risk buildinig without my ZMud
Fri Nov 28 17:49:33 2003 :: [WARNING] Majere imms: PuTTY is better than zMud.
Fri Nov 28 17:50:24 2003 :: Sock.sinaddr:  172.194.223.147
Fri Nov 28 17:50:58 2003 :: Loading Allyria.
Fri Nov 28 17:51:01 2003 :: Look out, Allyria@ACC2DF93.ipt.aol.com has connected.
Fri Nov 28 17:52:04 2003 :: Log Allyria: delete
Fri Nov 28 17:52:10 2003 :: Log Allyria: delete
Fri Nov 28 17:53:48 2003 :: EOF encountered on read.
Fri Nov 28 17:53:48 2003 :: Closing link to Joshua.
Fri Nov 28 17:55:15 2003 :: Celadon gained level 71
Fri Nov 28 17:55:43 2003 :: Mishakal has quit.
Fri Nov 28 18:04:16 2003 :: d177082.vng.net.KPNQwest.pt input spamming!
Fri Nov 28 18:05:37 2003 :: d177082.vng.net.KPNQwest.pt input spamming!
Fri Nov 28 18:07:29 2003 :: Sock.sinaddr:  213.13.237.155
Fri Nov 28 18:07:31 2003 :: Loading Circe.
Fri Nov 28 18:07:31 2003 :: Look out, Circe@adslsapo-b3-237-155.telepac.pt has connected.
Fri Nov 28 18:08:14 2003 :: Circe has quit.
Fri Nov 28 18:08:20 2003 :: Sock.sinaddr:  213.13.237.155
Fri Nov 28 18:08:21 2003 :: Loading Magyar.
Fri Nov 28 18:08:21 2003 :: Look out, Magyar@adslsapo-b3-237-155.telepac.pt has connected.
Fri Nov 28 18:09:54 2003 :: Joshua has quit.
Fri Nov 28 18:13:54 2003 :: Sock.sinaddr:  207.194.23.101
Read_from_descriptor: Connection reset by peer
Fri Nov 28 18:15:37 2003 :: Sock.sinaddr:  24.68.105.206
Fri Nov 28 18:15:43 2003 :: Loading Lerokuo.
Fri Nov 28 18:15:45 2003 :: Look out, Lerokuo@h24-68-105-206.gv.shawcable.net has connected.
Fri Nov 28 18:16:34 2003 :: Lerokuo has quit.
Fri Nov 28 18:16:37 2003 :: Sock.sinaddr:  24.68.105.206
Fri Nov 28 18:16:42 2003 :: Loading Uggdor.
Fri Nov 28 18:16:45 2003 :: Look out, Uggdor@h24-68-105-206.gv.shawcable.net has connected.
Fri Nov 28 18:17:13 2003 :: Orpheus gained level 64
Fri Nov 28 18:19:26 2003 :: Orpheus has quit.
Fri Nov 28 18:19:40 2003 :: Sock.sinaddr:  213.13.203.123
Fri Nov 28 18:19:40 2003 :: Loading Zerix.
Fri Nov 28 18:19:41 2003 :: Look out, Zerix@213.13.203.123 has connected.
Fri Nov 28 18:19:44 2003 :: Zerix has quit.
Fri Nov 28 18:20:01 2003 :: Sock.sinaddr:  213.13.203.123
Fri Nov 28 18:20:02 2003 :: Loading Zerix.
Fri Nov 28 18:20:02 2003 :: Look out, Zerix@213.13.203.123 has connected.
Fri Nov 28 18:27:25 2003 :: Zerix has quit.
Fri Nov 28 18:27:26 2003 :: d177082.vng.net.KPNQwest.pt input spamming!
Fri Nov 28 18:27:37 2003 :: Sock.sinaddr:  213.13.203.123
Fri Nov 28 18:27:37 2003 :: Loading Orpheus.
Fri Nov 28 18:27:38 2003 :: Look out, Orpheus@213.13.203.123 has connected.
Fri Nov 28 18:32:20 2003 :: Zephid gained level 63
Fri Nov 28 18:38:35 2003 :: adslsapo-b3-237-155.telepac.pt input spamming!
Fri Nov 28 18:39:38 2003 :: Uggdor has quit.
Fri Nov 28 18:40:07 2003 :: Sock.sinaddr:  24.68.105.206
Fri Nov 28 18:40:13 2003 :: Loading Lerokuo.
Fri Nov 28 18:40:15 2003 :: Look out, Lerokuo@h24-68-105-206.gv.shawcable.net has connected.
Fri Nov 28 18:43:38 2003 :: Lerokuo has quit.
Fri Nov 28 18:44:50 2003 :: Magyar has quit.
Fri Nov 28 18:58:47 2003 :: d177082.vng.net.KPNQwest.pt input spamming!
Fri Nov 28 19:09:15 2003 :: Orpheus has quit.
Fri Nov 28 19:12:53 2003 :: d177082.vng.net.KPNQwest.pt input spamming!
Fri Nov 28 19:15:27 2003 :: d177082.vng.net.KPNQwest.pt input spamming!
Fri Nov 28 19:15:38 2003 :: Majere has quit.
Fri Nov 28 19:18:50 2003 :: d177082.vng.net.KPNQwest.pt input spamming!
Fri Nov 28 19:22:46 2003 :: Zephid has quit.
Fri Nov 28 19:24:52 2003 :: Sock.sinaddr:  24.154.35.243
Fri Nov 28 19:24:57 2003 :: Loading Majere.
Fri Nov 28 19:24:58 2003 :: Majere. Bad Password. IP: acs-24-154-35-243.zoominternet.net> iforogt
Fri Nov 28 19:24:58 2003 :: Closing link to Majere.
Fri Nov 28 19:25:03 2003 :: Sock.sinaddr:  24.154.35.243
Fri Nov 28 19:25:06 2003 :: Loading Majere.
Fri Nov 28 19:25:07 2003 :: Look out, Majere@acs-24-154-35-243.zoominternet.net has connected.
Fri Nov 28 19:25:17 2003 :: Majere has quit.
Fri Nov 28 19:54:33 2003 :: Sock.sinaddr:  193.126.177.32
Fri Nov 28 19:54:42 2003 :: Loading Zephid.
Fri Nov 28 19:54:45 2003 :: Look out, Zephid@d177032.vng.net.KPNQwest.pt has connected.
Fri Nov 28 19:55:28 2003 :: Zephid has quit.
Fri Nov 28 19:55:30 2003 :: Sock.sinaddr:  193.126.177.32
Fri Nov 28 19:56:45 2003 :: Fenix@d177032.vng.net.KPNQwest.pt new player.
Fri Nov 28 20:02:07 2003 :: Sock.sinaddr:  213.106.201.57
Fri Nov 28 20:02:21 2003 :: Loading Dorias.
Fri Nov 28 20:02:25 2003 :: Look out, Dorias@public1-roch1-5-cust57.manc.broadband.ntl.com has connected.
Fri Nov 28 20:04:08 2003 :: Sock.sinaddr:  24.154.35.243
Fri Nov 28 20:04:12 2003 :: Loading Majere.
Fri Nov 28 20:04:13 2003 :: Look out, Majere@acs-24-154-35-243.zoominternet.net has connected.
Fri Nov 28 20:19:05 2003 :: Majere has quit.
Fri Nov 28 20:19:24 2003 :: Sock.sinaddr:  68.110.250.126
Fri Nov 28 20:19:29 2003 :: Loading Morgan.
Fri Nov 28 20:19:31 2003 :: Dorias has quit.
Fri Nov 28 20:19:32 2003 :: Look out, Morgan@ip68-110-250-126.dc.dc.cox.net has connected.
Fri Nov 28 20:19:34 2003 :: Sock.sinaddr:  213.106.201.57
Fri Nov 28 20:19:41 2003 :: Loading Rhynce.
Fri Nov 28 20:19:48 2003 :: Look out, Rhynce@public1-roch1-5-cust57.manc.broadband.ntl.com has connected.
Fri Nov 28 20:23:22 2003 :: Sock.sinaddr:  206.217.99.12
Fri Nov 28 20:23:27 2003 :: Loading Tinist.
Fri Nov 28 20:23:28 2003 :: Look out, Tinist@dsc01-aui-tx-206-217-99-12.rasserver.net has connected.
Fri Nov 28 20:23:45 2003 :: [WARNING] Tinist tells Celadon: what to know a really cool MUD?
Fri Nov 28 20:24:01 2003 :: Log Fenix: delete
Fri Nov 28 20:24:03 2003 :: Log Fenix: delete
Fri Nov 28 20:24:05 2003 :: Sock.sinaddr:  193.126.177.32
Fri Nov 28 20:24:49 2003 :: Fenix@d177032.vng.net.KPNQwest.pt new player.
Fri Nov 28 20:25:03 2003 :: [WARNING] Tinist tells Morgan: I have a new MUD for you to try out for me
Fri Nov 28 20:25:07 2003 :: Rhynce has quit.
Fri Nov 28 20:25:10 2003 :: Sock.sinaddr:  213.106.201.57
Fri Nov 28 20:25:15 2003 :: Loading Talen.
Fri Nov 28 20:25:18 2003 :: Look out, Talen@public1-roch1-5-cust57.manc.broadband.ntl.com has connected.
Fri Nov 28 20:26:04 2003 :: [WARNING] Tinist tells Fenix: try this MUD plz
Fri Nov 28 20:26:28 2003 :: [WARNING] Tinist tells Talen: try this MUD plz
Fri Nov 28 20:30:38 2003 :: Sock.sinaddr:  24.1.157.247
Fri Nov 28 20:30:45 2003 :: Loading Everae.
Fri Nov 28 20:30:48 2003 :: Look out, Everae@c-24-1-157-247.client.comcast.net has connected.
Fri Nov 28 20:31:11 2003 :: [WARNING] Tinist tells Everae: I have a cool MUD for you to try
Fri Nov 28 20:34:22 2003 :: Fenix killed by a chained criminal at 3710
Fri Nov 28 20:37:39 2003 :: Talen has quit.
Fri Nov 28 20:37:51 2003 :: Tinist has quit.
Fri Nov 28 20:38:30 2003 :: Sock.sinaddr:  24.154.35.243
Fri Nov 28 20:38:35 2003 :: Loading Majere.
Fri Nov 28 20:38:36 2003 :: Look out, Majere@acs-24-154-35-243.zoominternet.net has connected.
Fri Nov 28 20:39:38 2003 :: Everae has quit.
Fri Nov 28 20:43:11 2003 :: Morgan has quit.
Fri Nov 28 20:44:13 2003 :: Fenix killed by a chained criminal at 3716
Fri Nov 28 20:51:01 2003 :: Fenix killed by a chained criminal at 3710
Fri Nov 28 20:58:50 2003 :: Sock.sinaddr:  68.110.250.126
Fri Nov 28 20:58:53 2003 :: Sock.sinaddr:  213.106.201.57
Fri Nov 28 20:58:54 2003 :: Loading Morgan.
Fri Nov 28 20:58:57 2003 :: Look out, Morgan@ip68-110-250-126.dc.dc.cox.net has connected.
Fri Nov 28 20:58:59 2003 :: Loading Talen.
Fri Nov 28 20:59:03 2003 :: Look out, Talen@public1-roch1-5-cust57.manc.broadband.ntl.com has connected.
Fri Nov 28 20:59:27 2003 :: Sock.sinaddr:  81.84.36.55
Fri Nov 28 20:59:32 2003 :: Loading Sievel.
Fri Nov 28 20:59:32 2003 :: Look out, Sievel@81.84.36.55 has connected.
Fri Nov 28 20:59:39 2003 :: Sievel has quit.
Fri Nov 28 21:01:47 2003 :: Fenix killed by a chained criminal at 3710
Fri Nov 28 21:03:25 2003 :: Celadon has quit.
Fri Nov 28 21:04:03 2003 :: Sock.sinaddr:  213.13.203.123
Fri Nov 28 21:04:07 2003 :: Sock.sinaddr:  24.68.105.206
Fri Nov 28 21:04:09 2003 :: Loading Celadon.
Fri Nov 28 21:04:09 2003 :: Look out, Celadon@213.13.203.123 has connected.
Fri Nov 28 21:04:12 2003 :: Loading Lerokuo.
Fri Nov 28 21:04:14 2003 :: Look out, Lerokuo@h24-68-105-206.gv.shawcable.net has connected.
Fri Nov 28 21:06:15 2003 :: Log Majere: asperson talen note list
Fri Nov 28 21:06:31 2003 :: Log Majere: string obj robes name White Robes of the Conclave'
Fri Nov 28 21:07:16 2003 :: Log Majere: string obj robes short {W(Linnen) White Robes{x of the {WConclave{x
Fri Nov 28 21:08:04 2003 :: Log Majere: string obj robes short robes of the Aesthetic
Fri Nov 28 21:08:31 2003 :: Log Majere: string obj red name White Robes of the Conclave
Fri Nov 28 21:08:48 2003 :: Log Majere: string obj robes short {W(Linnen) White Robes{x of the {WConclave{x
Fri Nov 28 21:10:29 2003 :: Log Majere: string obj robes long A set of neatly folded white robes lies here, forgotten.
Fri Nov 28 21:13:42 2003 :: Fenix gained level 2
Fri Nov 28 21:17:04 2003 :: Celadon has quit.
Fri Nov 28 21:17:27 2003 :: Fenix gained level 3
Fri Nov 28 21:22:21 2003 :: Log Majere: asperson lero note list
Fri Nov 28 21:22:29 2003 :: Log Majere: asperson morgan note list
Fri Nov 28 21:28:18 2003 :: Talen gained level 37
Fri Nov 28 21:29:58 2003 :: Sock.sinaddr:  24.1.157.247
Fri Nov 28 21:30:08 2003 :: Loading Everae.
Fri Nov 28 21:30:10 2003 :: Look out, Everae@c-24-1-157-247.client.comcast.net has connected.
Fri Nov 28 21:30:51 2003 :: Fenix gained level 4
Fri Nov 28 21:40:39 2003 :: Sock.sinaddr:  172.172.210.25
Fri Nov 28 21:40:41 2003 :: Loading Aranoth.
Fri Nov 28 21:40:42 2003 :: Look out, Aranoth@ACACD219.ipt.aol.com has connected.
Fri Nov 28 21:46:43 2003 :: Everae has quit.
Fri Nov 28 21:47:00 2003 :: Sock.sinaddr:  172.193.25.109
Fri Nov 28 21:47:07 2003 :: Lerokuo gained level 45
Fri Nov 28 21:49:44 2003 :: Tatsir@ACC1196D.ipt.aol.com new player.
Read_from_descriptor: Connection reset by peer
Fri Nov 28 21:49:45 2003 :: Closing link to Majere.
Fri Nov 28 21:53:58 2003 :: Fenix gained level 5
Fri Nov 28 21:54:02 2003 :: Talen has quit.
Fri Nov 28 21:58:37 2003 :: Sock.sinaddr:  172.133.172.43
Fri Nov 28 22:00:36 2003 :: Fenix has quit.
Fri Nov 28 22:00:40 2003 :: Sock.sinaddr:  193.126.177.32
Fri Nov 28 22:00:46 2003 :: Loading Fenix.
Fri Nov 28 22:00:49 2003 :: Look out, Fenix@d177032.vng.net.KPNQwest.pt has connected.
Fri Nov 28 22:01:06 2003 :: Fenix has quit.
Fri Nov 28 22:03:43 2003 :: Aranoth has quit.
Fri Nov 28 22:03:45 2003 :: Sock.sinaddr:  172.172.210.25
Fri Nov 28 22:09:05 2003 :: Lerokuo has quit.
Fri Nov 28 22:13:07 2003 :: Morgan has quit.
Fri Nov 28 22:14:10 2003 :: Sock.sinaddr:  24.154.35.243
Fri Nov 28 22:14:14 2003 :: Loading Majere.
Fri Nov 28 22:14:15 2003 :: Majere@acs-24-154-35-243.zoominternet.net reconnected.
Fri Nov 28 22:14:25 2003 :: Log Majere: lastonimms
Fri Nov 28 22:14:45 2003 :: Majere has quit.
Fri Nov 28 22:23:26 2003 :: Nirvana@AC85AC2B.ipt.aol.com new player.
Fri Nov 28 22:27:37 2003 :: Sock.sinaddr:  24.68.105.206
Fri Nov 28 22:27:41 2003 :: Loading Lerokuo.
Fri Nov 28 22:27:44 2003 :: Look out, Lerokuo@h24-68-105-206.gv.shawcable.net has connected.
Fri Nov 28 22:38:07 2003 :: Sock.sinaddr:  63.191.73.125
Fri Nov 28 22:38:14 2003 :: Loading Jandor.
Fri Nov 28 22:38:18 2003 :: Look out, Jandor@sdn-ap-020tnnashP0379.dialsprint.net has connected.
Fri Nov 28 22:42:47 2003 :: Sock.sinaddr:  141.153.165.136
Fri Nov 28 22:43:00 2003 :: Loading Zanathos.
Fri Nov 28 22:43:02 2003 :: Look out, Zanathos@pool-141-153-165-136.mad.east.verizon.net has connected.
Fri Nov 28 22:43:17 2003 :: Sock.sinaddr:  213.106.201.57
Fri Nov 28 22:43:44 2003 :: Loading Talen.
Fri Nov 28 22:43:48 2003 :: Look out, Talen@public1-roch1-5-cust57.manc.broadband.ntl.com has connected.
Fri Nov 28 22:49:20 2003 :: Zanathos has quit.
Fri Nov 28 23:09:41 2003 :: EOF encountered on read.
Fri Nov 28 23:09:41 2003 :: Closing link to Nirvana.
Fri Nov 28 23:11:07 2003 :: Sock.sinaddr:  172.133.172.43
Fri Nov 28 23:11:31 2003 :: Lerokuo has quit.
Fri Nov 28 23:12:44 2003 :: Nirvanna@AC85AC2B.ipt.aol.com new player.
Fri Nov 28 23:14:44 2003 :: Jandor has quit.
Fri Nov 28 23:18:00 2003 :: Talen has quit.
Fri Nov 28 23:19:36 2003 :: Sock.sinaddr:  64.40.55.83
Fri Nov 28 23:19:37 2003 :: Loading Paladine.
Fri Nov 28 23:19:38 2003 :: Look out, Paladine@64-40-55-83.ncplus.net has connected.
Fri Nov 28 23:21:11 2003 :: Log Paladine: lastonimms
Fri Nov 28 23:27:02 2003 :: Log Paladine: ille nirvana
Fri Nov 28 23:29:09 2003 :: Log Paladine: check
Fri Nov 28 23:29:24 2003 :: Log Paladine: asave changed
Fri Nov 28 23:29:36 2003 :: Log Paladine: ille nirvanna
Fri Nov 28 23:29:40 2003 :: Log Paladine: shutdown
Fri Nov 28 23:29:40 2003 :: Closing link to Paladine.
Fri Nov 28 23:29:40 2003 :: Closing link to Nirvanna.
Fri Nov 28 23:29:40 2003 :: Normal termination of game.
