Fri Dec 12 00:35:35 2003 :: ROM is ready to rock on port 6100.
Fri Dec 12 00:35:42 2003 :: Sock.sinaddr:  64.40.55.109
Fri Dec 12 00:35:43 2003 :: Loading Paladine.
Fri Dec 12 00:35:44 2003 :: Look out, Paladine@64-40-55-109.ncplus.net has connected.
Fri Dec 12 00:58:19 2003 :: Log Paladine: load obj 1207
Fri Dec 12 00:59:21 2003 :: Log Paladine: restore self
Fri Dec 12 01:05:57 2003 :: Log Paladine: load obj 1209
Fri Dec 12 01:06:14 2003 :: Log Paladine: load ob 1210
Fri Dec 12 01:06:19 2003 :: Log Paladine: load obj 1210
Fri Dec 12 01:21:01 2003 :: Sock.sinaddr:  204.209.44.14
Fri Dec 12 01:21:02 2003 :: EOF encountered on read.
Fri Dec 12 01:43:06 2003 :: Sock.sinaddr:  24.213.42.2
Fri Dec 12 01:43:09 2003 :: Loading Hiddukel.
Fri Dec 12 01:43:11 2003 :: Look out, Hiddukel@24.213.42.2.up.mi.chartermi.net has connected.
Fri Dec 12 01:48:22 2003 :: Log Hiddukel: lastonimm
Fri Dec 12 01:56:30 2003 :: Sock.sinaddr:  193.136.33.200
Fri Dec 12 01:56:32 2003 :: Loading Nospheratus.
Fri Dec 12 01:56:32 2003 :: Look out, Nospheratus@aulas-i-p2.fe.up.pt has connected.
Fri Dec 12 01:56:52 2003 :: Sock.sinaddr:  212.179.204.237
Fri Dec 12 01:56:53 2003 :: Loading Drinian.
Fri Dec 12 01:56:54 2003 :: Look out, Drinian@bzq-204-237.red.bezeqint.net has connected.
Fri Dec 12 01:56:58 2003 :: Sock.sinaddr:  193.136.33.200
Fri Dec 12 01:56:58 2003 :: Loading Sphera.
Fri Dec 12 01:56:59 2003 :: Look out, Sphera@aulas-i-p2.fe.up.pt has connected.
Fri Dec 12 01:57:13 2003 :: Log Hiddukel: pecho drinian Hi
Fri Dec 12 02:02:30 2003 :: Paladine has quit.
Fri Dec 12 02:04:35 2003 :: Sock.sinaddr:  81.84.10.213
Fri Dec 12 02:04:35 2003 :: Loading Nyamah.
Fri Dec 12 02:04:35 2003 :: Look out, Nyamah@81.84.10.213 has connected.
Fri Dec 12 02:06:55 2003 :: Drinian gained level 6
Fri Dec 12 02:10:38 2003 :: Log Hiddukel: asp drinian eq
Fri Dec 12 02:10:41 2003 :: Log Hiddukel: asp drinian i
Fri Dec 12 02:10:56 2003 :: Log Hiddukel: load obj 3715
Fri Dec 12 02:11:53 2003 :: Nyamah has quit.
Fri Dec 12 02:11:57 2003 :: Sock.sinaddr:  81.84.10.213
Fri Dec 12 02:11:58 2003 :: Loading Sievel.
Fri Dec 12 02:11:58 2003 :: Look out, Sievel@81.84.10.213 has connected.
Fri Dec 12 02:12:21 2003 :: Sievel has quit.
Fri Dec 12 02:23:05 2003 :: Sock.sinaddr:  193.136.33.200
Fri Dec 12 02:23:05 2003 :: Loading Lanathar.
Fri Dec 12 02:23:06 2003 :: Look out, Lanathar@aulas-i-p2.fe.up.pt has connected.
Fri Dec 12 02:27:23 2003 :: EOF encountered on read.
Fri Dec 12 02:27:23 2003 :: Closing link to Lanathar.
Fri Dec 12 02:27:25 2003 :: Sock.sinaddr:  193.136.33.200
Fri Dec 12 02:27:26 2003 :: Loading Lanathar.
Fri Dec 12 02:27:26 2003 :: Lanathar@aulas-i-p2.fe.up.pt reconnected.
Fri Dec 12 02:29:08 2003 :: Nospheratus has quit.
Fri Dec 12 02:29:15 2003 :: Sock.sinaddr:  193.136.33.200
Fri Dec 12 02:29:17 2003 :: Loading Sirob.
Fri Dec 12 02:29:17 2003 :: Look out, Sirob@aulas-i-p2.fe.up.pt has connected.
Fri Dec 12 02:33:02 2003 :: Sock.sinaddr:  193.136.33.194
Fri Dec 12 02:33:03 2003 :: Loading Viriato.
Fri Dec 12 02:33:03 2003 :: Look out, Viriato@aulas-a.fe.up.pt has connected.
Fri Dec 12 02:34:26 2003 :: Hiddukel has quit.
Fri Dec 12 02:36:20 2003 :: EOF encountered on read.
Fri Dec 12 02:36:20 2003 :: Closing link to Viriato.
Fri Dec 12 02:36:29 2003 :: Sock.sinaddr:  193.136.33.200
Fri Dec 12 02:36:29 2003 :: Loading Lerneth.
Fri Dec 12 02:36:30 2003 :: Look out, Lerneth@aulas-i-p2.fe.up.pt has connected.
Fri Dec 12 02:43:05 2003 :: Drinian killed by a Rat at 3895
Fri Dec 12 02:43:53 2003 :: EOF encountered on read.
Fri Dec 12 02:43:53 2003 :: Closing link to Drinian.
Fri Dec 12 02:43:59 2003 :: Sock.sinaddr:  193.136.33.200
Fri Dec 12 02:44:02 2003 :: Loading Malakyth.
Fri Dec 12 02:44:03 2003 :: Look out, Malakyth@aulas-i-p2.fe.up.pt has connected.
Fri Dec 12 02:44:32 2003 :: Malakyth has quit.
Fri Dec 12 02:44:48 2003 :: Sock.sinaddr:  193.136.33.200
Fri Dec 12 02:44:49 2003 :: Loading Draecan.
Fri Dec 12 02:44:49 2003 :: Look out, Draecan@aulas-i-p2.fe.up.pt has connected.
Fri Dec 12 02:51:22 2003 :: Draecan has quit.
Fri Dec 12 02:52:08 2003 :: Viriato has quit.
Fri Dec 12 02:54:08 2003 :: Sock.sinaddr:  193.136.33.200
Fri Dec 12 02:54:12 2003 :: Loading Malakyth.
Fri Dec 12 02:54:12 2003 :: [*****] BUG: Sig handler SIGSEGV
Fri Dec 12 02:54:12 2003 :: Saved zones:
Fri Dec 12 02:54:12 2003 :: None.
Fri Dec 12 02:54:12 2003 :: Closing link to Malakyth.
Fri Dec 12 02:54:12 2003 :: ROM is ready to rock on port 6100.
Fri Dec 12 02:54:12 2003 :: Copyover recovery initiated
Fri Dec 12 02:54:12 2003 :: Loading Lerneth.
Fri Dec 12 02:54:12 2003 :: Loading Sirob.
Fri Dec 12 02:54:12 2003 :: Loading Lanathar.
Fri Dec 12 02:54:12 2003 :: Loading Sphera.
Fri Dec 12 02:55:23 2003 :: Sock.sinaddr:  193.136.33.200
Fri Dec 12 02:55:26 2003 :: Loading Malakyth.
Fri Dec 12 02:55:28 2003 :: Look out, Malakyth@aulas-i-p2.fe.up.pt has connected.
Fri Dec 12 02:56:37 2003 :: Malakyth has quit.
Fri Dec 12 02:57:44 2003 :: Sock.sinaddr:  212.179.204.237
Fri Dec 12 02:57:57 2003 :: Sirob has quit.
Fri Dec 12 02:58:01 2003 :: Sock.sinaddr:  193.136.33.200
Fri Dec 12 02:58:03 2003 :: Loading Nospheratus.
Fri Dec 12 02:58:04 2003 :: Look out, Nospheratus@aulas-i-p2.fe.up.pt has connected.
Fri Dec 12 02:58:44 2003 :: Sarlen@bzq-204-237.red.bezeqint.net new player.
Fri Dec 12 02:59:04 2003 :: Sarlen loses skill hand to hand
Fri Dec 12 02:59:29 2003 :: aulas-i-p2.fe.up.pt input spamming!
Fri Dec 12 03:00:49 2003 :: Lanathar gained level 62
Fri Dec 12 03:01:00 2003 :: EOF encountered on read.
Fri Dec 12 03:01:00 2003 :: Closing link to Sarlen.
Fri Dec 12 03:03:08 2003 :: aulas-i-p2.fe.up.pt input spamming!
Fri Dec 12 03:06:08 2003 :: Sock.sinaddr:  193.136.33.200
Fri Dec 12 03:06:08 2003 :: Loading Halig.
Fri Dec 12 03:06:08 2003 :: Look out, Halig@aulas-i-p2.fe.up.pt has connected.
Fri Dec 12 03:19:20 2003 :: aulas-i-p2.fe.up.pt input spamming!
Fri Dec 12 03:19:26 2003 :: aulas-i-p2.fe.up.pt input spamming!
Fri Dec 12 03:21:57 2003 :: Halig has quit.
Fri Dec 12 03:23:13 2003 :: Sphera killed by an Ancient Wyrm at 3112
Fri Dec 12 03:23:19 2003 :: Sock.sinaddr:  193.136.33.200
Fri Dec 12 03:23:20 2003 :: Loading Halig.
Fri Dec 12 03:23:20 2003 :: Look out, Halig@aulas-i-p2.fe.up.pt has connected.
Fri Dec 12 03:25:38 2003 :: aulas-i-p2.fe.up.pt input spamming!
Fri Dec 12 03:29:38 2003 :: aulas-i-p2.fe.up.pt input spamming!
Fri Dec 12 03:36:07 2003 :: aulas-i-p2.fe.up.pt input spamming!
Fri Dec 12 03:36:55 2003 :: aulas-i-p2.fe.up.pt input spamming!
Fri Dec 12 03:41:58 2003 :: aulas-i-p2.fe.up.pt input spamming!
Fri Dec 12 03:46:46 2003 :: Halig has quit.
Fri Dec 12 03:47:14 2003 :: Sock.sinaddr:  193.136.33.201
Fri Dec 12 03:47:29 2003 :: Loading Slathren.
Fri Dec 12 03:47:31 2003 :: Look out, Slathren@aulas-i-p3.fe.up.pt has connected.
Fri Dec 12 04:02:23 2003 :: Sock.sinaddr:  81.84.110.1
Fri Dec 12 04:02:24 2003 :: Loading Storri.
Fri Dec 12 04:02:24 2003 :: Look out, Storri@81.84.110.1 has connected.
Fri Dec 12 04:02:44 2003 :: Sock.sinaddr:  193.136.33.200
Fri Dec 12 04:02:44 2003 :: Loading Halig.
Fri Dec 12 04:02:44 2003 :: Look out, Halig@aulas-i-p2.fe.up.pt has connected.
Fri Dec 12 04:04:44 2003 :: Sock.sinaddr:  193.136.33.200
Fri Dec 12 04:04:44 2003 :: Loading Draecan.
Fri Dec 12 04:04:44 2003 :: Look out, Draecan@aulas-i-p2.fe.up.pt has connected.
Fri Dec 12 04:15:04 2003 :: Storri has quit.
Fri Dec 12 04:15:28 2003 :: Draecan has quit.
Fri Dec 12 04:16:08 2003 :: aulas-i-p2.fe.up.pt input spamming!
Fri Dec 12 04:16:24 2003 :: Halig has quit.
Fri Dec 12 04:16:51 2003 :: Sock.sinaddr:  193.136.33.200
Fri Dec 12 04:16:52 2003 :: Loading Draecan.
Fri Dec 12 04:16:52 2003 :: Look out, Draecan@aulas-i-p2.fe.up.pt has connected.
Fri Dec 12 04:17:15 2003 :: Sock.sinaddr:  81.193.17.236
Fri Dec 12 04:17:16 2003 :: Loading Adrastos.
Fri Dec 12 04:17:16 2003 :: Look out, Adrastos@adslsapo-b4-17-236.telepac.pt has connected.
Fri Dec 12 04:20:12 2003 :: Sock.sinaddr:  193.136.33.200
Fri Dec 12 04:20:12 2003 :: Loading Halig.
Fri Dec 12 04:20:13 2003 :: Look out, Halig@aulas-i-p2.fe.up.pt has connected.
Fri Dec 12 04:20:19 2003 :: EOF encountered on read.
Fri Dec 12 04:20:19 2003 :: Closing link to Adrastos.
Fri Dec 12 04:20:21 2003 :: Sock.sinaddr:  81.193.17.236
Fri Dec 12 04:20:22 2003 :: Loading Adrastos.
Fri Dec 12 04:20:22 2003 :: Adrastos@adslsapo-b4-17-236.telepac.pt reconnected.
Fri Dec 12 04:20:26 2003 :: Sock.sinaddr:  193.136.33.234
Fri Dec 12 04:20:53 2003 :: aulas-i-p2.fe.up.pt input spamming!
Fri Dec 12 04:21:04 2003 :: Sock.sinaddr:  193.136.33.194
Fri Dec 12 04:21:13 2003 :: Loading Velhucius.
Fri Dec 12 04:21:15 2003 :: Look out, Velhucius@aulas-a.fe.up.pt has connected.
Fri Dec 12 04:21:25 2003 :: Nospheratus has quit.
Fri Dec 12 04:21:36 2003 :: Sock.sinaddr:  193.136.33.200
Fri Dec 12 04:21:38 2003 :: Loading Sirob.
Fri Dec 12 04:21:38 2003 :: Look out, Sirob@aulas-i-p2.fe.up.pt has connected.
Fri Dec 12 04:21:41 2003 :: aulas-i-p2.fe.up.pt input spamming!
Fri Dec 12 04:22:19 2003 :: Halig has quit.
Fri Dec 12 04:23:27 2003 :: aulas-i-p2.fe.up.pt input spamming!
Fri Dec 12 04:23:58 2003 :: EOF encountered on read.
Fri Dec 12 04:23:58 2003 :: Closing link to Adrastos.
Fri Dec 12 04:24:00 2003 :: Sock.sinaddr:  81.193.17.236
Fri Dec 12 04:24:01 2003 :: Loading Adrastos.
Fri Dec 12 04:24:01 2003 :: Adrastos@adslsapo-b4-17-236.telepac.pt reconnected.
Fri Dec 12 04:25:34 2003 :: aulas-i-p3.fe.up.pt input spamming!
Fri Dec 12 04:26:33 2003 :: aulas-i-p2.fe.up.pt input spamming!
Fri Dec 12 04:27:58 2003 :: Velhucius killed by a black wyvern at 906
Fri Dec 12 04:29:54 2003 :: aulas-i-p3.fe.up.pt input spamming!
Fri Dec 12 04:32:22 2003 :: Velhucius has quit.
Fri Dec 12 04:33:10 2003 :: aulas-i-p2.fe.up.pt input spamming!
Fri Dec 12 04:37:24 2003 :: aulas-i-p3.fe.up.pt input spamming!
Fri Dec 12 04:37:49 2003 :: aulas-i-p2.fe.up.pt input spamming!
Fri Dec 12 04:38:53 2003 :: aulas-i-p2.fe.up.pt input spamming!
Fri Dec 12 04:39:50 2003 :: aulas-i-p2.fe.up.pt input spamming!
Fri Dec 12 04:41:13 2003 :: aulas-i-p3.fe.up.pt input spamming!
Fri Dec 12 04:41:17 2003 :: aulas-i-p2.fe.up.pt input spamming!
Fri Dec 12 04:43:23 2003 :: aulas-i-p2.fe.up.pt input spamming!
Fri Dec 12 04:44:21 2003 :: aulas-i-p2.fe.up.pt input spamming!
Fri Dec 12 04:46:27 2003 :: aulas-i-p2.fe.up.pt input spamming!
Fri Dec 12 04:47:09 2003 :: aulas-i-p2.fe.up.pt input spamming!
Fri Dec 12 04:53:07 2003 :: aulas-i-p2.fe.up.pt input spamming!
Fri Dec 12 04:53:54 2003 :: aulas-i-p2.fe.up.pt input spamming!
Fri Dec 12 04:54:04 2003 :: aulas-i-p3.fe.up.pt input spamming!
Fri Dec 12 04:56:08 2003 :: aulas-i-p3.fe.up.pt input spamming!
Fri Dec 12 04:59:19 2003 :: Sock.sinaddr:  193.136.33.200
Fri Dec 12 04:59:22 2003 :: Loading Storri.
Fri Dec 12 04:59:22 2003 :: Look out, Storri@aulas-i-p2.fe.up.pt has connected.
Fri Dec 12 05:00:10 2003 :: aulas-i-p3.fe.up.pt input spamming!
Fri Dec 12 05:00:57 2003 :: Slathren has quit.
Fri Dec 12 05:03:32 2003 :: aulas-i-p2.fe.up.pt input spamming!
Fri Dec 12 05:10:23 2003 :: Storri has quit.
Fri Dec 12 05:10:28 2003 :: Sock.sinaddr:  193.136.33.200
Fri Dec 12 05:10:28 2003 :: Loading Robert.
Fri Dec 12 05:10:29 2003 :: Look out, Robert@aulas-i-p2.fe.up.pt has connected.
Fri Dec 12 05:12:38 2003 :: Sock.sinaddr:  193.136.33.237
Fri Dec 12 05:12:39 2003 :: Loading Sievel.
Fri Dec 12 05:12:39 2003 :: Look out, Sievel@deec-salasinf.fe.up.pt has connected.
Fri Dec 12 05:21:28 2003 :: Draecan has quit.
Fri Dec 12 05:23:08 2003 :: Sievel has quit.
Fri Dec 12 05:25:26 2003 :: aulas-i-p2.fe.up.pt input spamming!
Fri Dec 12 05:27:34 2003 :: aulas-i-p2.fe.up.pt input spamming!
Fri Dec 12 05:40:36 2003 :: aulas-i-p2.fe.up.pt input spamming!
Fri Dec 12 05:44:32 2003 :: Sock.sinaddr:  193.136.33.200
Fri Dec 12 05:44:33 2003 :: Loading Halig.
Fri Dec 12 05:44:33 2003 :: Look out, Halig@aulas-i-p2.fe.up.pt has connected.
Fri Dec 12 05:46:36 2003 :: Sock.sinaddr:  193.136.33.200
Fri Dec 12 05:46:37 2003 :: Loading Draecan.
Fri Dec 12 05:46:37 2003 :: Look out, Draecan@aulas-i-p2.fe.up.pt has connected.
Fri Dec 12 05:46:47 2003 :: Halig has quit.
Fri Dec 12 05:46:50 2003 :: Sock.sinaddr:  193.136.33.200
Fri Dec 12 05:46:50 2003 :: Loading Halig.
Fri Dec 12 05:46:51 2003 :: Look out, Halig@aulas-i-p2.fe.up.pt has connected.
Fri Dec 12 05:48:55 2003 :: Draecan has quit.
Fri Dec 12 05:48:56 2003 :: Sock.sinaddr:  193.136.33.200
Fri Dec 12 05:48:56 2003 :: Loading Draecan.
Fri Dec 12 05:48:57 2003 :: Look out, Draecan@aulas-i-p2.fe.up.pt has connected.
Fri Dec 12 05:49:00 2003 :: Draecan has quit.
Fri Dec 12 05:49:07 2003 :: Halig has quit.
Fri Dec 12 05:50:33 2003 :: aulas-i-p2.fe.up.pt input spamming!
Fri Dec 12 05:52:14 2003 :: aulas-i-p2.fe.up.pt input spamming!
Fri Dec 12 05:52:52 2003 :: Sirob gained level 86
Fri Dec 12 05:54:18 2003 :: Adrastos gained level 85
Fri Dec 12 05:55:31 2003 :: Adrastos has quit.
Fri Dec 12 05:59:45 2003 :: Robert has quit.
Fri Dec 12 06:02:24 2003 :: aulas-i-p2.fe.up.pt input spamming!
Fri Dec 12 06:02:29 2003 :: Sock.sinaddr:  212.179.204.237
Fri Dec 12 06:03:34 2003 :: aulas-i-p2.fe.up.pt input spamming!
Fri Dec 12 06:03:56 2003 :: Sarlen@bzq-204-237.red.bezeqint.net new player.
Fri Dec 12 06:04:41 2003 :: Sarlen loses skill hand to hand
Fri Dec 12 06:06:12 2003 :: aulas-i-p2.fe.up.pt input spamming!
Fri Dec 12 06:08:55 2003 :: EOF encountered on read.
Fri Dec 12 06:08:55 2003 :: Closing link to Sarlen.
Fri Dec 12 06:10:17 2003 :: aulas-i-p2.fe.up.pt input spamming!
Fri Dec 12 06:11:21 2003 :: Sphera has quit.
Fri Dec 12 06:11:24 2003 :: Lanathar has quit.
Fri Dec 12 06:11:25 2003 :: Lerneth has quit.
Fri Dec 12 06:11:31 2003 :: Sirob has quit.
Fri Dec 12 06:17:17 2003 :: Sock.sinaddr:  193.136.33.204
Fri Dec 12 06:17:18 2003 :: Loading Lanathar.
Fri Dec 12 06:17:18 2003 :: Look out, Lanathar@aulas-l-p2.fe.up.pt has connected.
Fri Dec 12 06:17:27 2003 :: Sock.sinaddr:  193.136.33.204
Fri Dec 12 06:17:27 2003 :: Loading Lerneth.
Fri Dec 12 06:17:27 2003 :: Look out, Lerneth@aulas-l-p2.fe.up.pt has connected.
Fri Dec 12 06:18:58 2003 :: aulas-l-p2.fe.up.pt input spamming!
Fri Dec 12 06:22:43 2003 :: aulas-l-p2.fe.up.pt input spamming!
Fri Dec 12 06:23:09 2003 :: Sock.sinaddr:  193.136.33.204
Fri Dec 12 06:23:10 2003 :: Loading Sphera.
Fri Dec 12 06:23:10 2003 :: Look out, Sphera@aulas-l-p2.fe.up.pt has connected.
Fri Dec 12 06:23:46 2003 :: aulas-l-p2.fe.up.pt input spamming!
Fri Dec 12 06:30:51 2003 :: aulas-l-p2.fe.up.pt input spamming!
Fri Dec 12 06:32:04 2003 :: Sock.sinaddr:  193.136.33.204
Fri Dec 12 06:32:06 2003 :: Loading Sirob.
Fri Dec 12 06:32:06 2003 :: Look out, Sirob@aulas-l-p2.fe.up.pt has connected.
Fri Dec 12 06:33:10 2003 :: aulas-l-p2.fe.up.pt input spamming!
Fri Dec 12 06:34:21 2003 :: aulas-l-p2.fe.up.pt input spamming!
Fri Dec 12 06:35:22 2003 :: aulas-l-p2.fe.up.pt input spamming!
Fri Dec 12 06:36:07 2003 :: Sock.sinaddr:  193.136.33.204
Fri Dec 12 06:36:07 2003 :: Loading Draecan.
Fri Dec 12 06:36:08 2003 :: Look out, Draecan@aulas-l-p2.fe.up.pt has connected.
Fri Dec 12 06:36:21 2003 :: aulas-l-p2.fe.up.pt input spamming!
Fri Dec 12 06:37:59 2003 :: Draecan has quit.
Fri Dec 12 06:42:04 2003 :: Log Lerneth: murder Lanathar
Fri Dec 12 06:43:30 2003 :: Lerneth gained level 64
Fri Dec 12 06:44:43 2003 :: aulas-l-p2.fe.up.pt input spamming!
Fri Dec 12 06:45:31 2003 :: aulas-l-p2.fe.up.pt input spamming!
Fri Dec 12 06:50:43 2003 :: aulas-l-p2.fe.up.pt input spamming!
Fri Dec 12 06:57:43 2003 :: Sirob has quit.
Fri Dec 12 06:57:51 2003 :: Sock.sinaddr:  193.136.33.204
Fri Dec 12 06:57:53 2003 :: Loading Nospheratus.
Fri Dec 12 06:57:53 2003 :: Look out, Nospheratus@aulas-l-p2.fe.up.pt has connected.
Fri Dec 12 06:59:16 2003 :: aulas-l-p2.fe.up.pt input spamming!
Fri Dec 12 06:59:55 2003 :: Lerneth has quit.
Fri Dec 12 06:59:56 2003 :: Lanathar has quit.
Fri Dec 12 07:00:18 2003 :: Sphera has quit.
Fri Dec 12 07:00:42 2003 :: Nospheratus has quit.
Fri Dec 12 07:02:28 2003 :: Sock.sinaddr:  81.193.21.159
Fri Dec 12 07:02:29 2003 :: Loading Adrastos.
Fri Dec 12 07:02:29 2003 :: Look out, Adrastos@81.193.21.159 has connected.
Fri Dec 12 07:02:59 2003 :: Sock.sinaddr:  81.193.23.227
Fri Dec 12 07:03:01 2003 :: Loading Magyar.
Fri Dec 12 07:03:01 2003 :: Look out, Magyar@adslsapo-b4-23-227.telepac.pt has connected.
Fri Dec 12 07:05:58 2003 :: adslsapo-b4-23-227.telepac.pt input spamming!
Fri Dec 12 07:07:10 2003 :: Sock.sinaddr:  193.136.33.200
Fri Dec 12 07:07:10 2003 :: Loading Sphera.
Fri Dec 12 07:07:10 2003 :: Look out, Sphera@aulas-i-p2.fe.up.pt has connected.
Fri Dec 12 07:08:19 2003 :: Sock.sinaddr:  193.136.33.200
Fri Dec 12 07:08:21 2003 :: Loading Nospheratus.
Fri Dec 12 07:08:21 2003 :: Look out, Nospheratus@aulas-i-p2.fe.up.pt has connected.
Fri Dec 12 07:23:59 2003 :: Sock.sinaddr:  66.233.11.249
Fri Dec 12 07:24:01 2003 :: Loading Dekyos.
Fri Dec 12 07:24:02 2003 :: Look out, Dekyos@cdm-66-233-11-249.fayt.cox-internet.com has connected.
Fri Dec 12 07:26:04 2003 :: Dekyos has quit.
Fri Dec 12 07:28:01 2003 :: Adrastos has quit.
Fri Dec 12 07:28:06 2003 :: Sock.sinaddr:  81.193.21.159
Fri Dec 12 07:28:07 2003 :: Loading Abu.
Fri Dec 12 07:28:07 2003 :: Look out, Abu@81.193.21.159 has connected.
Fri Dec 12 07:33:54 2003 :: 81.193.21.159 input spamming!
Fri Dec 12 07:34:07 2003 :: 81.193.21.159 input spamming!
Fri Dec 12 07:34:16 2003 :: 81.193.21.159 input spamming!
Fri Dec 12 07:34:24 2003 :: 81.193.21.159 input spamming!
Fri Dec 12 07:34:33 2003 :: 81.193.21.159 input spamming!
Fri Dec 12 07:34:50 2003 :: 81.193.21.159 input spamming!
Fri Dec 12 07:36:35 2003 :: 81.193.21.159 input spamming!
Fri Dec 12 07:36:42 2003 :: 81.193.21.159 input spamming!
Fri Dec 12 07:36:50 2003 :: 81.193.21.159 input spamming!
Fri Dec 12 07:37:03 2003 :: 81.193.21.159 input spamming!
Fri Dec 12 07:37:13 2003 :: 81.193.21.159 input spamming!
Fri Dec 12 07:37:25 2003 :: 81.193.21.159 input spamming!
Fri Dec 12 07:37:33 2003 :: 81.193.21.159 input spamming!
Fri Dec 12 07:37:45 2003 :: 81.193.21.159 input spamming!
Fri Dec 12 07:37:53 2003 :: 81.193.21.159 input spamming!
Fri Dec 12 07:38:05 2003 :: 81.193.21.159 input spamming!
Fri Dec 12 07:38:15 2003 :: 81.193.21.159 input spamming!
Fri Dec 12 07:38:23 2003 :: 81.193.21.159 input spamming!
Fri Dec 12 07:38:32 2003 :: 81.193.21.159 input spamming!
Fri Dec 12 07:38:42 2003 :: 81.193.21.159 input spamming!
Fri Dec 12 07:38:52 2003 :: 81.193.21.159 input spamming!
Fri Dec 12 07:39:01 2003 :: 81.193.21.159 input spamming!
Fri Dec 12 07:39:12 2003 :: 81.193.21.159 input spamming!
Fri Dec 12 07:41:57 2003 :: 81.193.21.159 input spamming!
Fri Dec 12 07:42:07 2003 :: 81.193.21.159 input spamming!
Fri Dec 12 07:42:22 2003 :: 81.193.21.159 input spamming!
Fri Dec 12 07:42:30 2003 :: 81.193.21.159 input spamming!
Fri Dec 12 07:43:19 2003 :: Sock.sinaddr:  193.136.33.194
Fri Dec 12 07:43:20 2003 :: Loading Viriato.
Fri Dec 12 07:43:20 2003 :: Look out, Viriato@aulas-a.fe.up.pt has connected.
Fri Dec 12 07:44:33 2003 :: Magyar has quit.
Fri Dec 12 07:44:40 2003 :: Sock.sinaddr:  81.193.23.227
Fri Dec 12 07:44:41 2003 :: Loading Shogum.
Fri Dec 12 07:44:41 2003 :: Look out, Shogum@adslsapo-b4-23-227.telepac.pt has connected.
Fri Dec 12 07:44:49 2003 :: Shogum has quit.
Fri Dec 12 07:44:54 2003 :: Sock.sinaddr:  81.193.23.227
Fri Dec 12 07:44:55 2003 :: Loading Magyar.
Fri Dec 12 07:44:55 2003 :: Look out, Magyar@adslsapo-b4-23-227.telepac.pt has connected.
Fri Dec 12 07:48:39 2003 :: Magyar has quit.
Fri Dec 12 07:48:46 2003 :: Sock.sinaddr:  81.193.23.227
Fri Dec 12 07:48:46 2003 :: Loading Shogum.
Fri Dec 12 07:48:46 2003 :: Look out, Shogum@adslsapo-b4-23-227.telepac.pt has connected.
Fri Dec 12 07:54:47 2003 :: EOF encountered on read.
Fri Dec 12 07:54:47 2003 :: Closing link to Viriato.
Fri Dec 12 07:55:58 2003 :: Sphera has quit.
Fri Dec 12 07:56:46 2003 :: Nospheratus has quit.
Fri Dec 12 07:59:25 2003 :: Sock.sinaddr:  4.65.3.102
Fri Dec 12 07:59:26 2003 :: Loading Hydroth.
Fri Dec 12 07:59:26 2003 :: Look out, Hydroth@evrtwa1-ar5-4-65-003-102.evrtwa1.dsl-verizon.net has connected.
Fri Dec 12 08:00:46 2003 :: Hydroth has quit.
Fri Dec 12 08:04:48 2003 :: Abu gained level 28
Fri Dec 12 08:08:33 2003 :: Shogum gained level 32
Fri Dec 12 08:10:48 2003 :: Viriato has quit.
Fri Dec 12 08:12:36 2003 :: Abu gained level 29
Fri Dec 12 08:14:28 2003 :: Sock.sinaddr:  24.69.38.229
Fri Dec 12 08:14:32 2003 :: Loading Lerokuo.
Fri Dec 12 08:14:38 2003 :: Look out, Lerokuo@h24-69-38-229.gv.shawcable.net has connected.
Fri Dec 12 08:15:25 2003 :: Sock.sinaddr:  213.22.146.82
Fri Dec 12 08:15:39 2003 :: Loading Legato.
Fri Dec 12 08:15:42 2003 :: Look out, Legato@a213-22-146-82.netcabo.pt has connected.
Fri Dec 12 08:15:59 2003 :: Lerokuo has quit.
Fri Dec 12 08:16:03 2003 :: Sock.sinaddr:  24.69.38.229
Fri Dec 12 08:16:08 2003 :: Loading Vilya.
Fri Dec 12 08:16:12 2003 :: Look out, Vilya@h24-69-38-229.gv.shawcable.net has connected.
Fri Dec 12 08:16:43 2003 :: adslsapo-b4-23-227.telepac.pt input spamming!
Fri Dec 12 08:19:03 2003 :: Vilya gained level 8
Fri Dec 12 08:19:33 2003 :: Shogum gained level 33
Fri Dec 12 08:21:33 2003 :: Vilya has quit.
Fri Dec 12 08:21:36 2003 :: Sock.sinaddr:  24.69.38.229
Fri Dec 12 08:21:54 2003 :: Loading Lerokuo.
Fri Dec 12 08:21:59 2003 :: Look out, Lerokuo@h24-69-38-229.gv.shawcable.net has connected.
Fri Dec 12 08:23:24 2003 :: Abu gained level 30
Fri Dec 12 08:25:37 2003 :: h24-69-38-229.gv.shawcable.net input spamming!
Fri Dec 12 08:30:58 2003 :: Shogum gained level 34
Fri Dec 12 08:30:58 2003 :: Abu gained level 31
Fri Dec 12 08:31:33 2003 :: adslsapo-b4-23-227.telepac.pt input spamming!
Fri Dec 12 08:31:40 2003 :: adslsapo-b4-23-227.telepac.pt input spamming!
Fri Dec 12 08:32:08 2003 :: adslsapo-b4-23-227.telepac.pt input spamming!
Fri Dec 12 08:32:14 2003 :: adslsapo-b4-23-227.telepac.pt input spamming!
Fri Dec 12 08:32:31 2003 :: adslsapo-b4-23-227.telepac.pt input spamming!
Fri Dec 12 08:32:37 2003 :: adslsapo-b4-23-227.telepac.pt input spamming!
Fri Dec 12 08:32:43 2003 :: adslsapo-b4-23-227.telepac.pt input spamming!
Fri Dec 12 08:32:51 2003 :: adslsapo-b4-23-227.telepac.pt input spamming!
Fri Dec 12 08:32:57 2003 :: adslsapo-b4-23-227.telepac.pt input spamming!
Fri Dec 12 08:33:08 2003 :: adslsapo-b4-23-227.telepac.pt input spamming!
Fri Dec 12 08:33:14 2003 :: adslsapo-b4-23-227.telepac.pt input spamming!
Fri Dec 12 08:33:21 2003 :: adslsapo-b4-23-227.telepac.pt input spamming!
Fri Dec 12 08:33:32 2003 :: adslsapo-b4-23-227.telepac.pt input spamming!
Fri Dec 12 08:33:38 2003 :: adslsapo-b4-23-227.telepac.pt input spamming!
Fri Dec 12 08:33:48 2003 :: adslsapo-b4-23-227.telepac.pt input spamming!
Fri Dec 12 08:33:55 2003 :: adslsapo-b4-23-227.telepac.pt input spamming!
Fri Dec 12 08:34:01 2003 :: adslsapo-b4-23-227.telepac.pt input spamming!
Fri Dec 12 08:34:09 2003 :: adslsapo-b4-23-227.telepac.pt input spamming!
Fri Dec 12 08:34:15 2003 :: adslsapo-b4-23-227.telepac.pt input spamming!
Fri Dec 12 08:34:24 2003 :: adslsapo-b4-23-227.telepac.pt input spamming!
Fri Dec 12 08:34:30 2003 :: adslsapo-b4-23-227.telepac.pt input spamming!
Fri Dec 12 08:34:36 2003 :: adslsapo-b4-23-227.telepac.pt input spamming!
Fri Dec 12 08:34:42 2003 :: adslsapo-b4-23-227.telepac.pt input spamming!
Fri Dec 12 08:34:49 2003 :: adslsapo-b4-23-227.telepac.pt input spamming!
Fri Dec 12 08:35:03 2003 :: adslsapo-b4-23-227.telepac.pt input spamming!
Fri Dec 12 08:35:10 2003 :: adslsapo-b4-23-227.telepac.pt input spamming!
Fri Dec 12 08:35:16 2003 :: adslsapo-b4-23-227.telepac.pt input spamming!
Fri Dec 12 08:35:23 2003 :: adslsapo-b4-23-227.telepac.pt input spamming!
Fri Dec 12 08:35:31 2003 :: adslsapo-b4-23-227.telepac.pt input spamming!
Fri Dec 12 08:35:38 2003 :: adslsapo-b4-23-227.telepac.pt input spamming!
Fri Dec 12 08:35:58 2003 :: adslsapo-b4-23-227.telepac.pt input spamming!
Fri Dec 12 08:36:05 2003 :: adslsapo-b4-23-227.telepac.pt input spamming!
Fri Dec 12 08:36:11 2003 :: adslsapo-b4-23-227.telepac.pt input spamming!
Fri Dec 12 08:36:18 2003 :: adslsapo-b4-23-227.telepac.pt input spamming!
Fri Dec 12 08:36:25 2003 :: adslsapo-b4-23-227.telepac.pt input spamming!
Fri Dec 12 08:36:32 2003 :: adslsapo-b4-23-227.telepac.pt input spamming!
Fri Dec 12 08:36:38 2003 :: adslsapo-b4-23-227.telepac.pt input spamming!
Fri Dec 12 08:36:44 2003 :: adslsapo-b4-23-227.telepac.pt input spamming!
Fri Dec 12 08:36:52 2003 :: adslsapo-b4-23-227.telepac.pt input spamming!
Fri Dec 12 08:36:58 2003 :: adslsapo-b4-23-227.telepac.pt input spamming!
Fri Dec 12 08:37:05 2003 :: adslsapo-b4-23-227.telepac.pt input spamming!
Fri Dec 12 08:37:11 2003 :: adslsapo-b4-23-227.telepac.pt input spamming!
Fri Dec 12 08:37:19 2003 :: adslsapo-b4-23-227.telepac.pt input spamming!
Fri Dec 12 08:37:25 2003 :: adslsapo-b4-23-227.telepac.pt input spamming!
Fri Dec 12 08:37:32 2003 :: adslsapo-b4-23-227.telepac.pt input spamming!
Fri Dec 12 08:37:38 2003 :: adslsapo-b4-23-227.telepac.pt input spamming!
Fri Dec 12 08:37:44 2003 :: adslsapo-b4-23-227.telepac.pt input spamming!
Fri Dec 12 08:37:53 2003 :: adslsapo-b4-23-227.telepac.pt input spamming!
Fri Dec 12 08:38:00 2003 :: adslsapo-b4-23-227.telepac.pt input spamming!
Fri Dec 12 08:38:06 2003 :: adslsapo-b4-23-227.telepac.pt input spamming!
Fri Dec 12 08:38:12 2003 :: adslsapo-b4-23-227.telepac.pt input spamming!
Fri Dec 12 08:38:19 2003 :: adslsapo-b4-23-227.telepac.pt input spamming!
Fri Dec 12 08:38:25 2003 :: adslsapo-b4-23-227.telepac.pt input spamming!
Fri Dec 12 08:38:31 2003 :: adslsapo-b4-23-227.telepac.pt input spamming!
Fri Dec 12 08:38:37 2003 :: adslsapo-b4-23-227.telepac.pt input spamming!
Fri Dec 12 08:38:46 2003 :: adslsapo-b4-23-227.telepac.pt input spamming!
Fri Dec 12 08:38:52 2003 :: adslsapo-b4-23-227.telepac.pt input spamming!
Fri Dec 12 08:38:59 2003 :: adslsapo-b4-23-227.telepac.pt input spamming!
Fri Dec 12 08:39:05 2003 :: adslsapo-b4-23-227.telepac.pt input spamming!
Fri Dec 12 08:39:11 2003 :: adslsapo-b4-23-227.telepac.pt input spamming!
Fri Dec 12 08:39:27 2003 :: adslsapo-b4-23-227.telepac.pt input spamming!
Fri Dec 12 08:39:34 2003 :: adslsapo-b4-23-227.telepac.pt input spamming!
Fri Dec 12 08:39:40 2003 :: adslsapo-b4-23-227.telepac.pt input spamming!
Fri Dec 12 08:39:47 2003 :: adslsapo-b4-23-227.telepac.pt input spamming!
Fri Dec 12 08:39:58 2003 :: adslsapo-b4-23-227.telepac.pt input spamming!
Fri Dec 12 08:40:04 2003 :: adslsapo-b4-23-227.telepac.pt input spamming!
Fri Dec 12 08:40:11 2003 :: adslsapo-b4-23-227.telepac.pt input spamming!
Fri Dec 12 08:40:17 2003 :: adslsapo-b4-23-227.telepac.pt input spamming!
Fri Dec 12 08:40:35 2003 :: adslsapo-b4-23-227.telepac.pt input spamming!
Fri Dec 12 08:40:41 2003 :: adslsapo-b4-23-227.telepac.pt input spamming!
Fri Dec 12 08:40:47 2003 :: adslsapo-b4-23-227.telepac.pt input spamming!
Fri Dec 12 08:40:49 2003 :: Abu gained level 32
Fri Dec 12 08:40:53 2003 :: adslsapo-b4-23-227.telepac.pt input spamming!
Fri Dec 12 08:41:00 2003 :: adslsapo-b4-23-227.telepac.pt input spamming!
Fri Dec 12 08:41:06 2003 :: adslsapo-b4-23-227.telepac.pt input spamming!
Fri Dec 12 08:41:12 2003 :: adslsapo-b4-23-227.telepac.pt input spamming!
Fri Dec 12 08:41:22 2003 :: adslsapo-b4-23-227.telepac.pt input spamming!
Fri Dec 12 08:41:28 2003 :: adslsapo-b4-23-227.telepac.pt input spamming!
Fri Dec 12 08:41:35 2003 :: adslsapo-b4-23-227.telepac.pt input spamming!
Fri Dec 12 08:41:41 2003 :: adslsapo-b4-23-227.telepac.pt input spamming!
Fri Dec 12 08:41:47 2003 :: adslsapo-b4-23-227.telepac.pt input spamming!
Fri Dec 12 08:42:12 2003 :: adslsapo-b4-23-227.telepac.pt input spamming!
Fri Dec 12 08:42:18 2003 :: adslsapo-b4-23-227.telepac.pt input spamming!
Fri Dec 12 08:42:24 2003 :: adslsapo-b4-23-227.telepac.pt input spamming!
Fri Dec 12 08:42:31 2003 :: adslsapo-b4-23-227.telepac.pt input spamming!
Fri Dec 12 08:42:37 2003 :: adslsapo-b4-23-227.telepac.pt input spamming!
Fri Dec 12 08:42:55 2003 :: Shogum gained level 35
Fri Dec 12 08:43:01 2003 :: adslsapo-b4-23-227.telepac.pt input spamming!
Fri Dec 12 08:43:08 2003 :: adslsapo-b4-23-227.telepac.pt input spamming!
Fri Dec 12 08:43:15 2003 :: adslsapo-b4-23-227.telepac.pt input spamming!
Fri Dec 12 08:43:21 2003 :: adslsapo-b4-23-227.telepac.pt input spamming!
Fri Dec 12 08:43:27 2003 :: adslsapo-b4-23-227.telepac.pt input spamming!
Fri Dec 12 08:43:33 2003 :: adslsapo-b4-23-227.telepac.pt input spamming!
Fri Dec 12 08:43:42 2003 :: adslsapo-b4-23-227.telepac.pt input spamming!
Fri Dec 12 08:43:48 2003 :: adslsapo-b4-23-227.telepac.pt input spamming!
Fri Dec 12 08:43:54 2003 :: adslsapo-b4-23-227.telepac.pt input spamming!
Fri Dec 12 08:44:00 2003 :: adslsapo-b4-23-227.telepac.pt input spamming!
Fri Dec 12 08:44:07 2003 :: adslsapo-b4-23-227.telepac.pt input spamming!
Fri Dec 12 08:44:13 2003 :: adslsapo-b4-23-227.telepac.pt input spamming!
Fri Dec 12 08:44:19 2003 :: adslsapo-b4-23-227.telepac.pt input spamming!
Fri Dec 12 08:44:32 2003 :: adslsapo-b4-23-227.telepac.pt input spamming!
Fri Dec 12 08:44:39 2003 :: adslsapo-b4-23-227.telepac.pt input spamming!
Fri Dec 12 08:44:45 2003 :: adslsapo-b4-23-227.telepac.pt input spamming!
Fri Dec 12 08:44:51 2003 :: adslsapo-b4-23-227.telepac.pt input spamming!
Fri Dec 12 08:44:58 2003 :: adslsapo-b4-23-227.telepac.pt input spamming!
Fri Dec 12 08:44:58 2003 :: EOF encountered on read.
Fri Dec 12 08:44:58 2003 :: Closing link to Shogum.
Fri Dec 12 08:45:08 2003 :: Sock.sinaddr:  81.193.23.227
Fri Dec 12 08:45:08 2003 :: Loading Shogum.
Fri Dec 12 08:45:08 2003 :: Shogum@adslsapo-b4-23-227.telepac.pt reconnected.
Fri Dec 12 08:45:18 2003 :: adslsapo-b4-23-227.telepac.pt input spamming!
Fri Dec 12 08:45:37 2003 :: adslsapo-b4-23-227.telepac.pt input spamming!
Fri Dec 12 08:45:51 2003 :: adslsapo-b4-23-227.telepac.pt input spamming!
Fri Dec 12 08:45:57 2003 :: adslsapo-b4-23-227.telepac.pt input spamming!
Fri Dec 12 08:46:03 2003 :: adslsapo-b4-23-227.telepac.pt input spamming!
Fri Dec 12 08:46:31 2003 :: adslsapo-b4-23-227.telepac.pt input spamming!
Fri Dec 12 08:46:38 2003 :: adslsapo-b4-23-227.telepac.pt input spamming!
Fri Dec 12 08:46:44 2003 :: adslsapo-b4-23-227.telepac.pt input spamming!
Fri Dec 12 08:46:57 2003 :: adslsapo-b4-23-227.telepac.pt input spamming!
Fri Dec 12 08:47:03 2003 :: adslsapo-b4-23-227.telepac.pt input spamming!
Fri Dec 12 08:47:27 2003 :: adslsapo-b4-23-227.telepac.pt input spamming!
Fri Dec 12 08:47:36 2003 :: adslsapo-b4-23-227.telepac.pt input spamming!
Fri Dec 12 08:47:44 2003 :: adslsapo-b4-23-227.telepac.pt input spamming!
Fri Dec 12 08:47:52 2003 :: adslsapo-b4-23-227.telepac.pt input spamming!
Fri Dec 12 08:47:59 2003 :: adslsapo-b4-23-227.telepac.pt input spamming!
Fri Dec 12 08:48:14 2003 :: adslsapo-b4-23-227.telepac.pt input spamming!
Fri Dec 12 08:48:20 2003 :: adslsapo-b4-23-227.telepac.pt input spamming!
Fri Dec 12 08:48:26 2003 :: adslsapo-b4-23-227.telepac.pt input spamming!
Fri Dec 12 08:48:33 2003 :: adslsapo-b4-23-227.telepac.pt input spamming!
Fri Dec 12 08:48:46 2003 :: adslsapo-b4-23-227.telepac.pt input spamming!
Fri Dec 12 08:48:53 2003 :: adslsapo-b4-23-227.telepac.pt input spamming!
Fri Dec 12 08:48:59 2003 :: adslsapo-b4-23-227.telepac.pt input spamming!
Fri Dec 12 08:49:06 2003 :: adslsapo-b4-23-227.telepac.pt input spamming!
Fri Dec 12 08:49:12 2003 :: adslsapo-b4-23-227.telepac.pt input spamming!
Fri Dec 12 08:49:31 2003 :: adslsapo-b4-23-227.telepac.pt input spamming!
Fri Dec 12 08:49:37 2003 :: adslsapo-b4-23-227.telepac.pt input spamming!
Fri Dec 12 08:49:44 2003 :: adslsapo-b4-23-227.telepac.pt input spamming!
Fri Dec 12 08:49:52 2003 :: adslsapo-b4-23-227.telepac.pt input spamming!
Fri Dec 12 08:49:59 2003 :: adslsapo-b4-23-227.telepac.pt input spamming!
Fri Dec 12 08:50:05 2003 :: adslsapo-b4-23-227.telepac.pt input spamming!
Fri Dec 12 08:50:15 2003 :: adslsapo-b4-23-227.telepac.pt input spamming!
Fri Dec 12 08:50:22 2003 :: adslsapo-b4-23-227.telepac.pt input spamming!
Fri Dec 12 08:50:28 2003 :: adslsapo-b4-23-227.telepac.pt input spamming!
Fri Dec 12 08:50:34 2003 :: adslsapo-b4-23-227.telepac.pt input spamming!
Fri Dec 12 08:50:43 2003 :: adslsapo-b4-23-227.telepac.pt input spamming!
Fri Dec 12 08:50:50 2003 :: adslsapo-b4-23-227.telepac.pt input spamming!
Fri Dec 12 08:50:56 2003 :: adslsapo-b4-23-227.telepac.pt input spamming!
Fri Dec 12 08:51:02 2003 :: adslsapo-b4-23-227.telepac.pt input spamming!
Fri Dec 12 08:51:13 2003 :: adslsapo-b4-23-227.telepac.pt input spamming!
Fri Dec 12 08:51:19 2003 :: adslsapo-b4-23-227.telepac.pt input spamming!
Fri Dec 12 08:51:55 2003 :: Abu gained level 33
Fri Dec 12 08:56:23 2003 :: Shogum has quit.
Fri Dec 12 08:56:45 2003 :: Sock.sinaddr:  81.193.23.227
Fri Dec 12 08:56:46 2003 :: Loading Belenus.
floating discFri Dec 12 08:56:46 2003 :: [*****] BUG: Fread_char: unknown skill. 
Fri Dec 12 08:56:46 2003 :: Look out, Belenus@adslsapo-b4-23-227.telepac.pt has connected.
Fri Dec 12 08:56:47 2003 :: Belenus gets skill orb of containment
Fri Dec 12 08:56:47 2003 :: Belenus gets skill eyerub
Fri Dec 12 08:59:54 2003 :: Belenus has quit.
Fri Dec 12 09:00:00 2003 :: Sock.sinaddr:  81.193.23.227
Fri Dec 12 09:00:00 2003 :: Loading Shogum.
Fri Dec 12 09:00:01 2003 :: Look out, Shogum@adslsapo-b4-23-227.telepac.pt has connected.
Fri Dec 12 09:00:38 2003 :: Abu has quit.
Fri Dec 12 09:00:38 2003 :: Lerokuo has quit.
Fri Dec 12 09:00:49 2003 :: Legato has quit.
Fri Dec 12 09:04:26 2003 :: Sock.sinaddr:  193.136.33.200
Fri Dec 12 09:04:33 2003 :: Loading Xenar.
Fri Dec 12 09:04:35 2003 :: Look out, Xenar@aulas-i-p2.fe.up.pt has connected.
Fri Dec 12 09:06:58 2003 :: Shogum has quit.
Fri Dec 12 09:12:48 2003 :: Sock.sinaddr:  131.227.115.201
Fri Dec 12 09:12:54 2003 :: Loading Shinare.
Fri Dec 12 09:12:56 2003 :: Look out, Shinare@etna.ph.surrey.ac.uk has connected.
Fri Dec 12 09:16:33 2003 :: Log Shinare: lastonimms
Fri Dec 12 09:16:54 2003 :: Log Shinare: laston shinare
Fri Dec 12 09:17:02 2003 :: Log Shinare: laston hiddukel
Fri Dec 12 09:17:10 2003 :: Shinare has quit.
Fri Dec 12 09:27:25 2003 :: Sock.sinaddr:  213.22.249.75
Fri Dec 12 09:27:26 2003 :: Loading Zerix.
Fri Dec 12 09:27:26 2003 :: Look out, Zerix@a213-22-249-75.netcabo.pt has connected.
Fri Dec 12 09:27:56 2003 :: Xenar has quit.
Fri Dec 12 09:34:23 2003 :: Sock.sinaddr:  213.22.146.82
Fri Dec 12 09:34:26 2003 :: Loading Legato.
Fri Dec 12 09:34:29 2003 :: Look out, Legato@a213-22-146-82.netcabo.pt has connected.
Fri Dec 12 09:52:44 2003 :: Sock.sinaddr:  81.193.23.227
Fri Dec 12 09:52:45 2003 :: Loading Shogum.
Fri Dec 12 09:52:45 2003 :: Look out, Shogum@81.193.23.227 has connected.
Fri Dec 12 10:00:42 2003 :: Sock.sinaddr:  81.193.19.34
Fri Dec 12 10:00:45 2003 :: Loading Abu.
Fri Dec 12 10:00:45 2003 :: Look out, Abu@adslsapo-b4-19-34.telepac.pt has connected.
Fri Dec 12 10:04:10 2003 :: 81.193.23.227 input spamming!
Fri Dec 12 10:04:14 2003 :: Shogum gained level 36
Fri Dec 12 10:07:14 2003 :: Sock.sinaddr:  81.193.49.240
Fri Dec 12 10:07:14 2003 :: Loading Abu.
Fri Dec 12 10:07:18 2003 :: Closing link to Abu.
Fri Dec 12 10:07:18 2003 :: Abu@adslsapo-b4-49-240.telepac.pt reconnected.
Fri Dec 12 10:12:06 2003 :: Sock.sinaddr:  24.154.35.243
Fri Dec 12 10:12:10 2003 :: Loading Majere.
Fri Dec 12 10:12:11 2003 :: Look out, Majere@acs-24-154-35-243.zoominternet.net has connected.
Fri Dec 12 10:12:13 2003 :: 81.193.23.227 input spamming!
Fri Dec 12 10:12:14 2003 :: Abu gained level 34
Fri Dec 12 10:13:13 2003 :: Majere has quit.
Fri Dec 12 10:21:18 2003 :: Shogum gained level 37
Fri Dec 12 10:25:48 2003 :: Abu gained level 35
Fri Dec 12 10:25:56 2003 :: Sock.sinaddr:  193.136.33.194
Fri Dec 12 10:25:56 2003 :: Loading Viriato.
Fri Dec 12 10:25:57 2003 :: Look out, Viriato@aulas-a.fe.up.pt has connected.
Fri Dec 12 10:26:33 2003 :: Sock.sinaddr:  193.136.33.200
Fri Dec 12 10:26:38 2003 :: Loading Celadon.
Fri Dec 12 10:26:38 2003 :: Look out, Celadon@aulas-i-p2.fe.up.pt has connected.
Fri Dec 12 10:36:18 2003 :: Shogum gained level 38
Fri Dec 12 10:36:53 2003 :: Sock.sinaddr:  24.154.35.243
Fri Dec 12 10:37:00 2003 :: Loading Majere.
Fri Dec 12 10:37:01 2003 :: Look out, Majere@acs-24-154-35-243.zoominternet.net has connected.
Fri Dec 12 10:38:30 2003 :: 81.193.23.227 input spamming!
Fri Dec 12 10:39:56 2003 :: Abu gained level 36
Fri Dec 12 10:42:57 2003 :: Legato gained level 57
Fri Dec 12 10:48:24 2003 :: Viriato has quit.
Fri Dec 12 10:52:07 2003 :: Celadon has quit.
Fri Dec 12 10:53:14 2003 :: Sock.sinaddr:  193.136.33.200
Fri Dec 12 10:53:19 2003 :: Loading Slade.
Fri Dec 12 10:53:19 2003 :: Look out, Slade@aulas-i-p2.fe.up.pt has connected.
Fri Dec 12 10:55:39 2003 :: Slade has quit.
Fri Dec 12 10:55:45 2003 :: Sock.sinaddr:  193.136.33.200
Fri Dec 12 10:55:47 2003 :: Loading Celadon.
Fri Dec 12 10:55:48 2003 :: Look out, Celadon@aulas-i-p2.fe.up.pt has connected.
Fri Dec 12 10:59:26 2003 :: Celadon has quit.
Fri Dec 12 10:59:30 2003 :: Sock.sinaddr:  193.136.33.200
Fri Dec 12 10:59:32 2003 :: Loading Slade.
Fri Dec 12 10:59:32 2003 :: Look out, Slade@aulas-i-p2.fe.up.pt has connected.
Fri Dec 12 11:01:17 2003 :: Sock.sinaddr:  4.65.3.102
Fri Dec 12 11:01:17 2003 :: Loading Hydroth.
Fri Dec 12 11:01:18 2003 :: Look out, Hydroth@evrtwa1-ar5-4-65-003-102.evrtwa1.dsl-verizon.net has connected.
Fri Dec 12 11:01:20 2003 :: Hydroth has quit.
Fri Dec 12 11:07:03 2003 :: Shogum gained level 39
Fri Dec 12 11:09:54 2003 :: Abu gained level 37
Fri Dec 12 11:11:36 2003 :: Abu has quit.
Fri Dec 12 11:11:42 2003 :: Shogum has quit.
Fri Dec 12 11:16:46 2003 :: aulas-i-p2.fe.up.pt input spamming!
Fri Dec 12 11:16:52 2003 :: Sock.sinaddr:  81.193.21.80
Fri Dec 12 11:16:53 2003 :: Loading Circe.
Fri Dec 12 11:16:53 2003 :: Look out, Circe@81.193.21.80 has connected.
Fri Dec 12 11:20:26 2003 :: Sock.sinaddr:  170.76.20.253
Fri Dec 12 11:20:29 2003 :: Loading Tinist.
Fri Dec 12 11:20:29 2003 :: Look out, Tinist@gtw13-2.esc13.net has connected.
Fri Dec 12 11:20:54 2003 :: Tinist has quit.
Fri Dec 12 11:20:57 2003 :: Sock.sinaddr:  24.213.42.2
Fri Dec 12 11:21:00 2003 :: Loading Hiddukel.
Fri Dec 12 11:21:02 2003 :: Look out, Hiddukel@24.213.42.2.up.mi.chartermi.net has connected.
Fri Dec 12 11:21:06 2003 :: Zerix gained level 57
Fri Dec 12 11:30:58 2003 :: aulas-i-p2.fe.up.pt input spamming!
Fri Dec 12 11:31:26 2003 :: a213-22-146-82.netcabo.pt input spamming!
Fri Dec 12 11:32:07 2003 :: Log Hiddukel: set obh dagger v0 35
Fri Dec 12 11:32:14 2003 :: Log Hiddukel: set obj dagger v0 35
Fri Dec 12 11:32:33 2003 :: Log Hiddukel: set obj dagger v0 1
Fri Dec 12 11:32:44 2003 :: Log Hiddukel: set obj dagger v0 2
Fri Dec 12 11:33:00 2003 :: Log Hiddukel: set obj dagger v3 35
Fri Dec 12 11:33:09 2003 :: Log Hiddukel: set obj dagger v3 34
Fri Dec 12 11:33:27 2003 :: Log Hiddukel: set obj dagger v3 33
Fri Dec 12 11:35:30 2003 :: Sock.sinaddr:  213.13.234.91
Fri Dec 12 11:35:31 2003 :: Loading Adrastos.
Fri Dec 12 11:35:31 2003 :: Look out, Adrastos@213.13.234.91 has connected.
Fri Dec 12 11:39:49 2003 :: Legato has quit.
Fri Dec 12 11:48:20 2003 :: Sock.sinaddr:  66.233.11.249
Fri Dec 12 11:48:24 2003 :: Loading Dekyos.
Fri Dec 12 11:48:25 2003 :: Look out, Dekyos@cdm-66-233-11-249.fayt.cox-internet.com has connected.
Read_from_descriptor: Connection reset by peer
Fri Dec 12 11:48:42 2003 :: Closing link to Hiddukel.
Fri Dec 12 11:50:23 2003 :: Dekyos has quit.
Fri Dec 12 11:50:38 2003 :: Adrastos has quit.
Fri Dec 12 11:51:53 2003 :: Sock.sinaddr:  24.213.42.2
Fri Dec 12 11:51:56 2003 :: Loading Hiddukel.
Fri Dec 12 11:51:57 2003 :: Hiddukel@24.213.42.2.up.mi.chartermi.net reconnected.
Fri Dec 12 11:54:07 2003 :: Zerix has quit.
Fri Dec 12 11:54:17 2003 :: Sock.sinaddr:  213.22.249.75
Fri Dec 12 11:54:18 2003 :: Loading Kulox.
Fri Dec 12 11:54:18 2003 :: Look out, Kulox@a213-22-249-75.netcabo.pt has connected.
Fri Dec 12 11:54:34 2003 :: Hiddukel has quit.
Fri Dec 12 11:55:42 2003 :: Sock.sinaddr:  213.13.232.144
Fri Dec 12 11:55:42 2003 :: Loading Sphera.
Fri Dec 12 11:55:43 2003 :: Look out, Sphera@213.13.232.144 has connected.
Fri Dec 12 11:58:09 2003 :: [*****] BUG: Extract_obj: obj 1870 not found.
Fri Dec 12 12:01:59 2003 :: Sock.sinaddr:  24.213.42.2
Fri Dec 12 12:02:02 2003 :: Loading Hiddukel.
Fri Dec 12 12:02:03 2003 :: Look out, Hiddukel@24.213.42.2.up.mi.chartermi.net has connected.
Fri Dec 12 12:07:52 2003 :: Slade has quit.
Fri Dec 12 12:10:16 2003 :: Log Hiddukel: set char hiddukel gold 800000
Fri Dec 12 12:10:25 2003 :: Circe has quit.
Fri Dec 12 12:10:31 2003 :: Sock.sinaddr:  81.193.21.80
Fri Dec 12 12:10:31 2003 :: Loading Magyar.
Fri Dec 12 12:10:31 2003 :: Look out, Magyar@81.193.21.80 has connected.
Fri Dec 12 12:14:52 2003 :: Sphera has quit.
Fri Dec 12 12:19:36 2003 :: Hiddukel has quit.
Fri Dec 12 12:22:16 2003 :: Majere has quit.
Fri Dec 12 12:26:13 2003 :: Magyar has quit.
Fri Dec 12 12:26:47 2003 :: Sock.sinaddr:  81.193.51.210
Fri Dec 12 12:26:48 2003 :: Loading Magyar.
Fri Dec 12 12:26:48 2003 :: Look out, Magyar@81.193.51.210 has connected.
Fri Dec 12 12:27:25 2003 :: Sock.sinaddr:  81.193.19.162
Fri Dec 12 12:27:25 2003 :: Loading Shogum.
Fri Dec 12 12:27:25 2003 :: Look out, Shogum@adslsapo-b4-19-162.telepac.pt has connected.
Fri Dec 12 12:27:51 2003 :: Shogum has quit.
Fri Dec 12 12:28:35 2003 :: Sock.sinaddr:  81.193.23.216
Fri Dec 12 12:28:35 2003 :: Loading Magyar.
Fri Dec 12 12:28:38 2003 :: Closing link to Magyar.
Fri Dec 12 12:28:38 2003 :: Magyar@81.193.23.216 reconnected.
Fri Dec 12 12:28:40 2003 :: Magyar has quit.
Fri Dec 12 12:29:26 2003 :: Sock.sinaddr:  81.193.49.213
Fri Dec 12 12:29:27 2003 :: Loading Shogum.
Fri Dec 12 12:29:27 2003 :: Look out, Shogum@adslsapo-b4-49-213.telepac.pt has connected.
Fri Dec 12 12:39:40 2003 :: Kulox gained level 17
Fri Dec 12 12:40:00 2003 :: Kulox has quit.
Fri Dec 12 12:40:02 2003 :: Sock.sinaddr:  213.22.249.75
Fri Dec 12 12:40:02 2003 :: Loading Kulox.
Fri Dec 12 12:40:03 2003 :: Look out, Kulox@a213-22-249-75.netcabo.pt has connected.
Fri Dec 12 12:40:08 2003 :: Kulox has quit.
Fri Dec 12 12:40:24 2003 :: Sock.sinaddr:  213.22.249.75
Fri Dec 12 12:40:25 2003 :: Loading Kulox.
Fri Dec 12 12:40:25 2003 :: Look out, Kulox@a213-22-249-75.netcabo.pt has connected.
Fri Dec 12 12:40:28 2003 :: Kulox has quit.
Fri Dec 12 12:40:39 2003 :: Sock.sinaddr:  213.22.249.75
Fri Dec 12 12:40:45 2003 :: Loading Fenix.
Fri Dec 12 12:40:48 2003 :: Look out, Fenix@a213-22-249-75.netcabo.pt has connected.
Fri Dec 12 12:50:35 2003 :: Shogum has quit.
Fri Dec 12 12:51:42 2003 :: Sock.sinaddr:  213.13.232.9
Fri Dec 12 12:51:43 2003 :: Loading Magyar.
Fri Dec 12 12:51:43 2003 :: Look out, Magyar@213.13.232.9 has connected.
Fri Dec 12 12:51:59 2003 :: Sock.sinaddr:  213.22.146.82
Fri Dec 12 12:52:02 2003 :: Loading Legato.
Fri Dec 12 12:52:04 2003 :: Look out, Legato@a213-22-146-82.netcabo.pt has connected.
Fri Dec 12 12:53:20 2003 :: 213.13.232.9 input spamming!
Fri Dec 12 12:54:52 2003 :: Sock.sinaddr:  24.154.35.243
Fri Dec 12 12:54:58 2003 :: Loading Majere.
Fri Dec 12 12:54:59 2003 :: Look out, Majere@acs-24-154-35-243.zoominternet.net has connected.
Fri Dec 12 12:55:30 2003 :: Sock.sinaddr:  170.215.185.193
Fri Dec 12 12:55:37 2003 :: Magyar has quit.
Read_from_descriptor: Connection reset by peer
Fri Dec 12 12:55:43 2003 :: Majere has quit.
Fri Dec 12 12:55:44 2003 :: Sock.sinaddr:  213.13.232.9
Fri Dec 12 12:55:45 2003 :: Loading Circe.
Fri Dec 12 12:55:45 2003 :: Look out, Circe@213.13.232.9 has connected.
Fri Dec 12 12:56:01 2003 :: Circe has quit.
Fri Dec 12 12:56:07 2003 :: Sock.sinaddr:  213.13.232.9
Fri Dec 12 12:56:08 2003 :: Loading Magyar.
Fri Dec 12 12:56:08 2003 :: Look out, Magyar@213.13.232.9 has connected.
Fri Dec 12 12:57:30 2003 :: a213-22-249-75.netcabo.pt input spamming!
Fri Dec 12 12:58:50 2003 :: Magyar has quit.
Fri Dec 12 13:00:36 2003 :: Sock.sinaddr:  213.13.234.190
Fri Dec 12 13:00:37 2003 :: Loading Shogum.
Fri Dec 12 13:00:37 2003 :: Look out, Shogum@adslsapo-b3-234-190.telepac.pt has connected.
Fri Dec 12 13:03:14 2003 :: Shogum has quit.
Fri Dec 12 13:03:43 2003 :: Sock.sinaddr:  213.13.233.238
Fri Dec 12 13:03:44 2003 :: Loading Magyar.
Fri Dec 12 13:03:44 2003 :: Look out, Magyar@213.13.233.238 has connected.
Fri Dec 12 13:05:19 2003 :: Magyar has quit.
Fri Dec 12 13:06:30 2003 :: Sock.sinaddr:  81.193.18.236
Fri Dec 12 13:06:31 2003 :: Loading Shogum.
Fri Dec 12 13:06:31 2003 :: Look out, Shogum@81.193.18.236 has connected.
Fri Dec 12 13:10:34 2003 :: a213-22-249-75.netcabo.pt input spamming!
Fri Dec 12 13:15:06 2003 :: Shogum has quit.
Fri Dec 12 13:33:02 2003 :: a213-22-249-75.netcabo.pt input spamming!
Fri Dec 12 13:33:43 2003 :: Fenix has quit.
Fri Dec 12 13:34:00 2003 :: Sock.sinaddr:  213.22.249.75
Fri Dec 12 13:34:01 2003 :: Loading Orpheus.
Fri Dec 12 13:34:01 2003 :: Look out, Orpheus@a213-22-249-75.netcabo.pt has connected.
Fri Dec 12 13:40:17 2003 :: Legato has quit.
Fri Dec 12 13:44:07 2003 :: Sock.sinaddr:  68.99.148.39
Fri Dec 12 13:44:15 2003 :: Loading Chath.
Fri Dec 12 13:44:16 2003 :: Look out, Chath@ip68-99-148-39.mc.at.cox.net has connected.
Fri Dec 12 13:47:22 2003 :: Orpheus has quit.
Fri Dec 12 13:47:37 2003 :: Sock.sinaddr:  213.22.249.75
Fri Dec 12 13:47:43 2003 :: Loading Zephid.
Fri Dec 12 13:47:47 2003 :: Look out, Zephid@a213-22-249-75.netcabo.pt has connected.
Fri Dec 12 13:48:19 2003 :: Zephid has quit.
Fri Dec 12 13:55:23 2003 :: Sock.sinaddr:  213.22.249.75
Fri Dec 12 13:55:30 2003 :: EOF encountered on read.
Fri Dec 12 13:55:36 2003 :: Sock.sinaddr:  213.22.249.75
Fri Dec 12 13:55:36 2003 :: Loading Orpheus.
Fri Dec 12 13:55:37 2003 :: Look out, Orpheus@a213-22-249-75.netcabo.pt has connected.
Fri Dec 12 13:55:58 2003 :: Orpheus has quit.
Fri Dec 12 13:56:04 2003 :: Sock.sinaddr:  213.22.249.75
Fri Dec 12 13:56:17 2003 :: EOF encountered on read.
Fri Dec 12 13:56:23 2003 :: Sock.sinaddr:  213.22.249.75
Fri Dec 12 13:56:24 2003 :: Loading Zerix.
Fri Dec 12 13:56:24 2003 :: Look out, Zerix@a213-22-249-75.netcabo.pt has connected.
Fri Dec 12 13:57:40 2003 :: Zerix has quit.
Fri Dec 12 13:57:47 2003 :: Sock.sinaddr:  213.22.249.75
Fri Dec 12 13:57:48 2003 :: Loading Harlon.
Fri Dec 12 13:57:48 2003 :: Look out, Harlon@a213-22-249-75.netcabo.pt has connected.
Fri Dec 12 14:00:19 2003 :: Chath has quit.
Fri Dec 12 14:00:22 2003 :: Sock.sinaddr:  68.99.148.39
Fri Dec 12 14:00:26 2003 :: Loading Daenar.
Fri Dec 12 14:00:28 2003 :: Look out, Daenar@ip68-99-148-39.mc.at.cox.net has connected.
Fri Dec 12 14:01:05 2003 :: Sock.sinaddr:  68.99.148.39
Fri Dec 12 14:01:15 2003 :: Loading Cleavic.
Fri Dec 12 14:01:17 2003 :: Look out, Cleavic@ip68-99-148-39.mc.at.cox.net has connected.
Fri Dec 12 14:02:48 2003 :: Daenar has quit.
Fri Dec 12 14:02:50 2003 :: Sock.sinaddr:  68.99.148.39
Fri Dec 12 14:02:54 2003 :: Loading Chath.
Fri Dec 12 14:02:56 2003 :: Look out, Chath@ip68-99-148-39.mc.at.cox.net has connected.
Fri Dec 12 14:07:07 2003 :: Harlon has quit.
Fri Dec 12 14:10:33 2003 :: Sock.sinaddr:  213.22.146.82
Fri Dec 12 14:10:37 2003 :: Loading Legato.
Fri Dec 12 14:10:41 2003 :: Look out, Legato@a213-22-146-82.netcabo.pt has connected.
Fri Dec 12 14:21:37 2003 :: Sock.sinaddr:  68.144.201.133
Fri Dec 12 14:23:47 2003 :: Kenr@68.144.201.133 new player.
Fri Dec 12 14:26:29 2003 :: Kenr loses skill hand to hand
Fri Dec 12 14:26:55 2003 :: Sock.sinaddr:  213.22.249.75
Fri Dec 12 14:26:55 2003 :: Loading Zerix.
Fri Dec 12 14:26:56 2003 :: Look out, Zerix@a213-22-249-75.netcabo.pt has connected.
Fri Dec 12 14:27:19 2003 :: Legato killed by Kalaman Gateguard at 3801
Fri Dec 12 14:29:40 2003 :: Legato has quit.
Fri Dec 12 14:32:01 2003 :: EOF encountered on read.
Fri Dec 12 14:32:01 2003 :: Closing link to Kenr.
Fri Dec 12 14:37:58 2003 :: Sock.sinaddr:  68.144.201.133
Fri Dec 12 14:38:31 2003 :: Loading Kenr.
Fri Dec 12 14:38:35 2003 :: Kenr@68.144.201.133 reconnected.
Fri Dec 12 14:39:20 2003 :: EOF encountered on read.
Fri Dec 12 14:39:20 2003 :: Closing link to Kenr.
Fri Dec 12 14:39:37 2003 :: Sock.sinaddr:  68.144.201.133
Fri Dec 12 14:40:06 2003 :: Sock.sinaddr:  68.144.201.133
Fri Dec 12 14:40:17 2003 :: Loading Kenr.
Fri Dec 12 14:40:27 2003 :: Kenr@68.144.201.133 reconnected.
Fri Dec 12 14:40:38 2003 :: EOF encountered on read.
Fri Dec 12 14:40:38 2003 :: Closing link to Kenr.
Fri Dec 12 14:40:49 2003 :: Sock.sinaddr:  68.144.201.133
Fri Dec 12 14:41:12 2003 :: EOF encountered on read.
Fri Dec 12 14:41:12 2003 :: Closing link to Kenw.
Fri Dec 12 14:41:18 2003 :: Sock.sinaddr:  68.144.201.133
Fri Dec 12 14:41:27 2003 :: Loading Kenr.
Fri Dec 12 14:41:31 2003 :: Kenr@68.144.201.133 reconnected.
Read_from_descriptor: Connection reset by peer
Fri Dec 12 14:48:19 2003 :: Closing link to Zerix.
Fri Dec 12 14:48:30 2003 :: Sock.sinaddr:  213.22.249.75
Fri Dec 12 14:48:30 2003 :: Loading Zerix.
Fri Dec 12 14:48:30 2003 :: Zerix@a213-22-249-75.netcabo.pt reconnected.
Fri Dec 12 14:52:53 2003 :: Zerix has quit.
Fri Dec 12 14:52:58 2003 :: Sock.sinaddr:  213.22.249.75
Fri Dec 12 14:52:58 2003 :: Loading Kulox.
Fri Dec 12 14:52:58 2003 :: Look out, Kulox@a213-22-249-75.netcabo.pt has connected.
Fri Dec 12 14:55:56 2003 :: Sock.sinaddr:  172.152.233.48
Fri Dec 12 14:56:03 2003 :: Loading Kuran.
Fri Dec 12 14:56:06 2003 :: Look out, Kuran@AC98E930.ipt.aol.com has connected.
Fri Dec 12 15:02:09 2003 :: Sock.sinaddr:  35.12.17.197
Fri Dec 12 15:02:10 2003 :: Loading Gilean.
Fri Dec 12 15:02:10 2003 :: Look out, Gilean@pm674-45.dialip.mich.net has connected.
Fri Dec 12 15:02:59 2003 :: Chath gained level 15
Fri Dec 12 15:03:39 2003 :: Sock.sinaddr:  68.99.148.39
Fri Dec 12 15:03:39 2003 :: EOF encountered on read.
Fri Dec 12 15:03:39 2003 :: Closing link to Chath.
Fri Dec 12 15:03:42 2003 :: Loading Daenar.
Fri Dec 12 15:03:43 2003 :: Look out, Daenar@ip68-99-148-39.mc.at.cox.net has connected.
Fri Dec 12 15:03:55 2003 :: Daenar has quit.
Fri Dec 12 15:03:57 2003 :: Sock.sinaddr:  68.99.148.39
Fri Dec 12 15:03:59 2003 :: Loading Chath.
Fri Dec 12 15:04:01 2003 :: Chath@ip68-99-148-39.mc.at.cox.net reconnected.
Fri Dec 12 15:08:24 2003 :: Sock.sinaddr:  172.197.128.22
Fri Dec 12 15:08:30 2003 :: Loading Jarek.
Fri Dec 12 15:08:37 2003 :: Look out, Jarek@ACC58016.ipt.aol.com has connected.
Fri Dec 12 15:10:37 2003 :: Jarek has quit.
Fri Dec 12 15:11:38 2003 :: Sock.sinaddr:  172.197.128.22
Fri Dec 12 15:11:44 2003 :: Loading Kara.
Fri Dec 12 15:11:46 2003 :: Look out, Kara@ACC58016.ipt.aol.com has connected.
Fri Dec 12 15:12:17 2003 :: Kenr gained level 2
Fri Dec 12 15:14:52 2003 :: Gilean has quit.
Fri Dec 12 15:17:11 2003 :: Kara killed by a mean troll at 935
Fri Dec 12 15:20:46 2003 :: Kara has quit.
Fri Dec 12 15:21:45 2003 :: a213-22-249-75.netcabo.pt input spamming!
Fri Dec 12 15:21:47 2003 :: Kulox gained level 18
Fri Dec 12 15:24:59 2003 :: Cleavic gained level 25
Fri Dec 12 15:27:39 2003 :: EOF encountered on read.
Fri Dec 12 15:27:39 2003 :: Closing link to Kenr.
Read_from_descriptor: Connection reset by peer
Fri Dec 12 15:29:29 2003 :: Chath gained level 16
Fri Dec 12 15:32:38 2003 :: Kulox gained level 19
Fri Dec 12 15:36:55 2003 :: Sock.sinaddr:  65.100.127.93
Fri Dec 12 15:36:56 2003 :: Loading Rina.
Fri Dec 12 15:36:57 2003 :: Look out, Rina@65-100-127-93.albq.qwest.net has connected.
Fri Dec 12 15:40:59 2003 :: Sock.sinaddr:  193.136.33.194
Fri Dec 12 15:40:59 2003 :: Loading Viriato.
Fri Dec 12 15:41:00 2003 :: Look out, Viriato@aulas-a.fe.up.pt has connected.
Fri Dec 12 15:41:10 2003 :: EOF encountered on read.
Fri Dec 12 15:41:10 2003 :: Closing link to Viriato.
Fri Dec 12 15:43:59 2003 :: Kenr has quit.
Fri Dec 12 15:44:57 2003 :: Chath gained level 17
Fri Dec 12 15:44:57 2003 :: Kulox gained level 20
Fri Dec 12 15:49:57 2003 :: Sock.sinaddr:  213.13.238.193
Fri Dec 12 15:50:00 2003 :: Loading Nospheratus.
Fri Dec 12 15:50:01 2003 :: Look out, Nospheratus@adslsapo-b3-238-193.telepac.pt has connected.
Fri Dec 12 15:50:37 2003 :: Sock.sinaddr:  66.160.68.38
Fri Dec 12 15:51:23 2003 :: Nasmith@66.160.68.38 new player.
Fri Dec 12 15:54:41 2003 :: Cleavic gained level 26
Fri Dec 12 15:55:16 2003 :: Kuran has quit.
Fri Dec 12 15:56:52 2003 :: Cleavic has quit.
Fri Dec 12 15:56:55 2003 :: Sock.sinaddr:  68.99.148.39
Fri Dec 12 15:56:58 2003 :: Loading Mekio.
Fri Dec 12 15:57:00 2003 :: Look out, Mekio@ip68-99-148-39.mc.at.cox.net has connected.
Fri Dec 12 15:57:32 2003 :: Viriato has quit.
Fri Dec 12 15:58:35 2003 :: Nasmith gained level 2
Fri Dec 12 16:00:12 2003 :: Nospheratus has quit.
Fri Dec 12 16:04:02 2003 :: Nasmith killed by a small street dog at 3001
Fri Dec 12 16:11:02 2003 :: Nasmith gained level 3
Fri Dec 12 16:12:42 2003 :: Sock.sinaddr:  24.213.42.2
Fri Dec 12 16:12:45 2003 :: Loading Hiddukel.
Fri Dec 12 16:12:47 2003 :: Look out, Hiddukel@24.213.42.2.up.mi.chartermi.net has connected.
Fri Dec 12 16:14:43 2003 :: Sock.sinaddr:  172.168.44.200
Fri Dec 12 16:14:49 2003 :: Loading Farlin.
Fri Dec 12 16:14:50 2003 :: Look out, Farlin@ACA82CC8.ipt.aol.com has connected.
Fri Dec 12 16:18:27 2003 :: Farlin has quit.
Fri Dec 12 16:21:14 2003 :: Nasmith gained level 4
Fri Dec 12 16:24:12 2003 :: Sock.sinaddr:  66.160.68.38
Fri Dec 12 16:24:19 2003 :: Loading Nasmith.
Fri Dec 12 16:24:22 2003 :: Closing link to Nasmith.
Fri Dec 12 16:24:22 2003 :: Nasmith@66.160.68.38 reconnected.
Fri Dec 12 16:25:56 2003 :: Kulox gained level 21
Fri Dec 12 16:26:57 2003 :: Kulox has quit.
Fri Dec 12 16:27:12 2003 :: Sock.sinaddr:  213.22.249.75
Fri Dec 12 16:27:12 2003 :: Loading Zerix.
Fri Dec 12 16:27:13 2003 :: Look out, Zerix@a213-22-249-75.netcabo.pt has connected.
Fri Dec 12 16:27:50 2003 :: 65-100-127-93.albq.qwest.net input spamming!
Fri Dec 12 16:28:06 2003 :: 65-100-127-93.albq.qwest.net input spamming!
Fri Dec 12 16:30:08 2003 :: Mekio has quit.
Fri Dec 12 16:30:14 2003 :: Sock.sinaddr:  68.99.148.39
Fri Dec 12 16:30:18 2003 :: Loading Mekio.
Fri Dec 12 16:30:24 2003 :: Look out, Mekio@ip68-99-148-39.mc.at.cox.net has connected.
Fri Dec 12 16:32:19 2003 :: Nasmith gained level 5
Fri Dec 12 16:36:08 2003 :: EOF encountered on read.
Fri Dec 12 16:36:08 2003 :: Closing link to Nasmith.
Fri Dec 12 16:37:31 2003 :: a213-22-249-75.netcabo.pt input spamming!
Fri Dec 12 16:37:55 2003 :: Log Hiddukel: restore al
Fri Dec 12 16:37:57 2003 :: Log Hiddukel: restore all
Fri Dec 12 16:43:20 2003 :: [WARNING] Chath replies to Hiddukel: found an mudding FAQ on a different site, one sec
Fri Dec 12 16:43:45 2003 :: Sock.sinaddr:  172.173.244.113
Fri Dec 12 16:44:46 2003 :: Sock.sinaddr:  172.193.131.176
Fri Dec 12 16:44:52 2003 :: Loading Jarek.
Fri Dec 12 16:44:55 2003 :: Look out, Jarek@ACC183B0.ipt.aol.com has connected.
Fri Dec 12 16:46:36 2003 :: Zerix has quit.
Fri Dec 12 16:46:42 2003 :: Sock.sinaddr:  213.22.249.75
Fri Dec 12 16:46:42 2003 :: Loading Kulox.
Fri Dec 12 16:46:43 2003 :: Look out, Kulox@a213-22-249-75.netcabo.pt has connected.
Fri Dec 12 16:52:19 2003 :: Nasmith has quit.
Fri Dec 12 16:55:50 2003 :: Chath gained level 18
Fri Dec 12 16:57:38 2003 :: Mekio gained level 27
Fri Dec 12 16:57:46 2003 :: [WARNING] Jarek says: ooc: I awnt a clan but I want it my way nolike the other muds
Fri Dec 12 16:58:01 2003 :: Loading Farlin.
Fri Dec 12 16:58:02 2003 :: Look out, Farlin@ACADF471.ipt.aol.com has connected.
Fri Dec 12 16:59:59 2003 :: Kulox gained level 22
Fri Dec 12 17:00:53 2003 :: [WARNING] Jarek says: ooc I hate this new comp i neeed to get zmud
Fri Dec 12 17:06:00 2003 :: Rina has quit.
Fri Dec 12 17:06:11 2003 :: Jarek has quit.
Fri Dec 12 17:07:44 2003 :: Chath gained level 19
Fri Dec 12 17:08:30 2003 :: Sock.sinaddr:  66.183.253.106
Fri Dec 12 17:08:37 2003 :: EOF encountered on read.
Fri Dec 12 17:08:49 2003 :: Log Hiddukel: restore all
Fri Dec 12 17:08:51 2003 :: Hiddukel has quit.
Fri Dec 12 17:09:30 2003 :: Mekio gained level 28
Fri Dec 12 17:11:05 2003 :: Kulox gained level 23
Fri Dec 12 17:11:34 2003 :: Sock.sinaddr:  66.183.253.106
Fri Dec 12 17:11:41 2003 :: Loading Lerokuo.
Fri Dec 12 17:11:46 2003 :: Look out, Lerokuo@d66-183-253-106.bchsia.telus.net has connected.
Fri Dec 12 17:15:58 2003 :: Kulox has quit.
Fri Dec 12 17:16:05 2003 :: Sock.sinaddr:  213.22.249.75
Fri Dec 12 17:16:05 2003 :: Loading Zerix.
Fri Dec 12 17:16:06 2003 :: Look out, Zerix@a213-22-249-75.netcabo.pt has connected.
Fri Dec 12 17:17:31 2003 :: Sock.sinaddr:  213.106.201.57
Fri Dec 12 17:17:43 2003 :: Loading Rhynce.
Fri Dec 12 17:17:46 2003 :: Look out, Rhynce@public1-roch1-5-cust57.manc.broadband.ntl.com has connected.
Fri Dec 12 17:21:35 2003 :: Farlin has quit.
Fri Dec 12 17:22:36 2003 :: Lerokuo has quit.
Fri Dec 12 17:22:59 2003 :: Sock.sinaddr:  66.183.253.106
Fri Dec 12 17:23:30 2003 :: Sock.sinaddr:  66.183.253.106
Fri Dec 12 17:23:38 2003 :: EOF encountered on read.
Fri Dec 12 17:23:40 2003 :: Sock.sinaddr:  66.183.253.106
Fri Dec 12 17:23:49 2003 :: Loading Ryano.
Fri Dec 12 17:23:57 2003 :: Look out, Ryano@d66-183-253-106.bchsia.telus.net has connected.
Fri Dec 12 17:23:59 2003 :: Ryano gets skill eyerub
Fri Dec 12 17:24:02 2003 :: Zerix has quit.
Fri Dec 12 17:24:08 2003 :: Sock.sinaddr:  213.22.249.75
Fri Dec 12 17:24:08 2003 :: Loading Kulox.
Fri Dec 12 17:24:08 2003 :: Look out, Kulox@a213-22-249-75.netcabo.pt has connected.
Fri Dec 12 17:26:32 2003 :: Chath gained level 20
Fri Dec 12 17:26:32 2003 :: Mekio gained level 29
Fri Dec 12 17:30:29 2003 :: a213-22-249-75.netcabo.pt input spamming!
Fri Dec 12 17:30:34 2003 :: Sock.sinaddr:  213.22.36.206
Fri Dec 12 17:30:39 2003 :: Loading Jackius.
Fri Dec 12 17:30:41 2003 :: Look out, Jackius@a213-22-36-206.netcabo.pt has connected.
Fri Dec 12 17:32:55 2003 :: a213-22-249-75.netcabo.pt input spamming!
Fri Dec 12 17:33:47 2003 :: Kulox gained level 24
Fri Dec 12 17:33:52 2003 :: a213-22-249-75.netcabo.pt input spamming!
Fri Dec 12 17:35:11 2003 :: Mekio has quit.
Fri Dec 12 17:35:13 2003 :: Sock.sinaddr:  68.99.148.39
Fri Dec 12 17:35:17 2003 :: Loading Soluviul.
Fri Dec 12 17:35:18 2003 :: Look out, Soluviul@ip68-99-148-39.mc.at.cox.net has connected.
Fri Dec 12 17:36:37 2003 :: Sock.sinaddr:  207.221.246.86
Fri Dec 12 17:36:46 2003 :: Loading Tinist.
Fri Dec 12 17:36:47 2003 :: Look out, Tinist@dsc01-aui-tx-207-221-246-86.rasserver.net has connected.
Fri Dec 12 17:36:55 2003 :: Rhynce has quit.
Fri Dec 12 17:37:25 2003 :: a213-22-249-75.netcabo.pt input spamming!
Fri Dec 12 17:37:29 2003 :: Tinist has quit.
Fri Dec 12 17:39:36 2003 :: a213-22-249-75.netcabo.pt input spamming!
Fri Dec 12 17:40:02 2003 :: ip68-99-148-39.mc.at.cox.net input spamming!
Fri Dec 12 17:41:46 2003 :: Chath has quit.
Fri Dec 12 17:48:15 2003 :: ip68-99-148-39.mc.at.cox.net input spamming!
Fri Dec 12 17:48:30 2003 :: Soluviul has quit.
Fri Dec 12 17:48:56 2003 :: Kulox has quit.
Fri Dec 12 17:49:04 2003 :: Sock.sinaddr:  213.22.249.75
Fri Dec 12 17:49:05 2003 :: Loading Zerix.
Fri Dec 12 17:49:05 2003 :: Look out, Zerix@a213-22-249-75.netcabo.pt has connected.
Fri Dec 12 17:55:34 2003 :: Sock.sinaddr:  66.160.68.38
Fri Dec 12 17:56:03 2003 :: EOF encountered on read.
Fri Dec 12 17:56:03 2003 :: Closing link to Nasmber.
Fri Dec 12 17:56:05 2003 :: Sock.sinaddr:  66.160.68.38
Fri Dec 12 17:56:32 2003 :: EOF encountered on read.
Fri Dec 12 17:56:32 2003 :: Closing link to Nasmithd.
Fri Dec 12 17:59:59 2003 :: Jackius has quit.
Fri Dec 12 18:00:56 2003 :: Sock.sinaddr:  24.59.93.34
Fri Dec 12 18:00:58 2003 :: Sock.sinaddr:  24.59.93.34
Fri Dec 12 18:01:04 2003 :: Loading Solinari.
Fri Dec 12 18:01:07 2003 :: Look out, Solinari@syr-24-59-93-34.twcny.rr.com has connected.
Fri Dec 12 18:01:46 2003 :: Loading Quintinel.
Fri Dec 12 18:01:49 2003 :: Look out, Quintinel@syr-24-59-93-34.twcny.rr.com has connected.
Fri Dec 12 18:02:05 2003 :: Sock.sinaddr:  63.149.88.209
Fri Dec 12 18:02:08 2003 :: Loading Requi.
Fri Dec 12 18:02:09 2003 :: Look out, Requi@mars-15.toms-river.ppp.csionline.net has connected.
Fri Dec 12 18:03:50 2003 :: Sock.sinaddr:  81.193.165.225
Fri Dec 12 18:03:59 2003 :: Loading Zephid.
Fri Dec 12 18:04:01 2003 :: Look out, Zephid@81.193.165.225 has connected.
Fri Dec 12 18:08:57 2003 :: Ryano has quit.
Fri Dec 12 18:10:43 2003 :: Sock.sinaddr:  210.54.71.17
Fri Dec 12 18:10:52 2003 :: Loading Landar.
Fri Dec 12 18:10:54 2003 :: Look out, Landar@210-54-71-17.dialup.xtra.co.nz has connected.
Fri Dec 12 18:10:56 2003 :: Landar gets skill finger break
Fri Dec 12 18:14:24 2003 :: Landar has quit.
Fri Dec 12 18:25:21 2003 :: Requi gained level 7
Fri Dec 12 18:26:30 2003 :: Sock.sinaddr:  149.99.74.78
Fri Dec 12 18:26:49 2003 :: Sock.sinaddr:  172.196.220.156
Fri Dec 12 18:26:53 2003 :: Loading Luthien.
Fri Dec 12 18:26:54 2003 :: Look out, Luthien@ACC4DC9C.ipt.aol.com has connected.
Fri Dec 12 18:31:55 2003 :: Akalia@tor58-4-74-78.dialup.sprint-canada.net new player.
Fri Dec 12 18:45:18 2003 :: Luthien has quit.
Fri Dec 12 18:57:16 2003 :: Akalia gained level 2
Fri Dec 12 19:02:42 2003 :: Sock.sinaddr:  207.221.246.86
Fri Dec 12 19:02:45 2003 :: Loading Tinist.
Fri Dec 12 19:02:46 2003 :: Look out, Tinist@dsc01-aui-tx-207-221-246-86.rasserver.net has connected.
Fri Dec 12 19:15:51 2003 :: Sock.sinaddr:  172.149.19.105
Fri Dec 12 19:16:41 2003 :: a213-22-249-75.netcabo.pt input spamming!
Fri Dec 12 19:18:35 2003 :: a213-22-249-75.netcabo.pt input spamming!
Fri Dec 12 19:21:29 2003 :: Requi has quit.
Fri Dec 12 19:29:49 2003 :: Tinist has quit.
Fri Dec 12 19:29:53 2003 :: Sock.sinaddr:  207.221.246.86
Fri Dec 12 19:29:58 2003 :: Loading Liselle.
Fri Dec 12 19:30:00 2003 :: Look out, Liselle@dsc01-aui-tx-207-221-246-86.rasserver.net has connected.
Fri Dec 12 19:33:19 2003 :: Akalia killed by a small street dog at 3001
Fri Dec 12 19:36:16 2003 :: Akalia gained level 3
Fri Dec 12 19:36:24 2003 :: a213-22-249-75.netcabo.pt input spamming!
Fri Dec 12 19:37:22 2003 :: Liselle gained level 6
Fri Dec 12 19:37:43 2003 :: Akalia gained level 4
Fri Dec 12 19:38:19 2003 :: Akalia gained level 5
Fri Dec 12 19:38:49 2003 :: Liselle gained level 7
Fri Dec 12 19:40:41 2003 :: Zerix has quit.
Fri Dec 12 19:40:50 2003 :: Sock.sinaddr:  213.22.249.75
Fri Dec 12 19:40:51 2003 :: Loading Orpheus.
Fri Dec 12 19:40:51 2003 :: Look out, Orpheus@a213-22-249-75.netcabo.pt has connected.
Fri Dec 12 19:42:45 2003 :: Zephid has quit.
Fri Dec 12 19:42:50 2003 :: Sock.sinaddr:  81.193.165.225
Fri Dec 12 19:42:59 2003 :: Loading Fenix.
Fri Dec 12 19:43:01 2003 :: Look out, Fenix@81.193.165.225 has connected.
Fri Dec 12 19:43:15 2003 :: Fenix has quit.
Fri Dec 12 19:43:20 2003 :: Sock.sinaddr:  81.193.165.225
Fri Dec 12 19:43:26 2003 :: Loading Zephid.
Fri Dec 12 19:43:28 2003 :: Look out, Zephid@81.193.165.225 has connected.
Fri Dec 12 19:44:10 2003 :: Akalia gained level 6
Fri Dec 12 19:45:49 2003 :: Liselle gained level 8
Fri Dec 12 19:47:53 2003 :: Akalia has quit.
Fri Dec 12 19:48:01 2003 :: Liselle has quit.
Fri Dec 12 19:48:05 2003 :: Sock.sinaddr:  207.221.246.86
Fri Dec 12 19:48:07 2003 :: Loading Tinist.
Fri Dec 12 19:48:08 2003 :: Look out, Tinist@dsc01-aui-tx-207-221-246-86.rasserver.net has connected.
Fri Dec 12 19:52:40 2003 :: 81.193.165.225 input spamming!
Fri Dec 12 20:15:59 2003 :: Tinist gained level 19
Fri Dec 12 20:26:11 2003 :: Log Tinist: devote
Fri Dec 12 20:38:20 2003 :: Tinist gained level 20
Fri Dec 12 20:39:56 2003 :: Tinist has quit.
Fri Dec 12 20:45:08 2003 :: a213-22-249-75.netcabo.pt input spamming!
Fri Dec 12 20:47:50 2003 :: a213-22-249-75.netcabo.pt input spamming!
Fri Dec 12 20:55:16 2003 :: Sock.sinaddr:  24.7.167.191
Fri Dec 12 20:55:25 2003 :: Quintinel has quit.
Fri Dec 12 20:55:30 2003 :: Solinari has quit.
Fri Dec 12 20:56:11 2003 :: Fasche@c-24-7-167-191.client.comcast.net new player.
Read_from_descriptor: Connection reset by peer
Fri Dec 12 20:56:16 2003 :: Closing link to Fasche.
Fri Dec 12 21:15:31 2003 :: 81.193.165.225 input spamming!
Fri Dec 12 21:16:51 2003 :: Sock.sinaddr:  172.147.236.120
Fri Dec 12 21:23:52 2003 :: a213-22-249-75.netcabo.pt input spamming!
Fri Dec 12 21:33:15 2003 :: Sock.sinaddr:  128.12.21.87
Fri Dec 12 21:33:51 2003 :: Rothnik@rescomp-03-48501.Stanford.EDU new player.
Fri Dec 12 21:34:48 2003 :: Log Rothnik: delete
Fri Dec 12 21:34:49 2003 :: Log Rothnik: delete
Fri Dec 12 21:40:25 2003 :: Sock.sinaddr:  24.68.105.206
Fri Dec 12 21:40:28 2003 :: Loading Lerokuo.
Fri Dec 12 21:40:35 2003 :: Look out, Lerokuo@h24-68-105-206.gv.shawcable.net has connected.
Fri Dec 12 21:44:26 2003 :: Sock.sinaddr:  24.213.42.2
Fri Dec 12 21:44:28 2003 :: Loading Hiddukel.
Fri Dec 12 21:44:29 2003 :: Look out, Hiddukel@24.213.42.2.up.mi.chartermi.net has connected.
Fri Dec 12 21:57:50 2003 :: Lerokuo has quit.
Fri Dec 12 21:57:53 2003 :: Sock.sinaddr:  24.68.105.206
Fri Dec 12 21:58:09 2003 :: Closing link to Grawgdor.
Fri Dec 12 21:58:13 2003 :: Sock.sinaddr:  66.233.11.249
Fri Dec 12 21:58:13 2003 :: Sock.sinaddr:  24.68.105.206
Fri Dec 12 21:58:15 2003 :: Loading Dekyos.
Fri Dec 12 21:58:20 2003 :: Look out, Dekyos@cdm-66-233-11-249.fayt.cox-internet.com has connected.
Fri Dec 12 21:58:21 2003 :: Loading Growgdor.
floating discFri Dec 12 21:58:21 2003 :: [*****] BUG: Fread_char: unknown skill. 
Fri Dec 12 21:58:24 2003 :: Growgdor. Bad Password. IP: h24-68-105-206.gv.shawcable.net> bigg
Fri Dec 12 21:58:24 2003 :: Closing link to Growgdor.
Fri Dec 12 21:58:49 2003 :: Sock.sinaddr:  24.68.105.206
Fri Dec 12 21:58:53 2003 :: Loading Lerokuo.
Fri Dec 12 21:58:58 2003 :: Look out, Lerokuo@h24-68-105-206.gv.shawcable.net has connected.
Fri Dec 12 22:02:55 2003 :: Zephid has quit.
Fri Dec 12 22:03:01 2003 :: Orpheus has quit.
Fri Dec 12 22:03:07 2003 :: Sock.sinaddr:  213.22.249.75
Fri Dec 12 22:03:07 2003 :: Loading Zerix.
Fri Dec 12 22:03:08 2003 :: Look out, Zerix@a213-22-249-75.netcabo.pt has connected.
Fri Dec 12 22:03:24 2003 :: Sock.sinaddr:  81.193.165.225
Fri Dec 12 22:03:31 2003 :: Loading Fenix.
Fri Dec 12 22:03:33 2003 :: Look out, Fenix@81.193.165.225 has connected.
Fri Dec 12 22:06:05 2003 :: Sock.sinaddr:  128.12.21.87
Read_from_descriptor: Connection reset by peer
Fri Dec 12 22:11:22 2003 :: Zerix has quit.
Fri Dec 12 22:11:45 2003 :: Sock.sinaddr:  128.12.21.87
Read_from_descriptor: Connection reset by peer
Fri Dec 12 22:11:51 2003 :: Lerokuo has quit.
Fri Dec 12 22:15:37 2003 :: Fenix has quit.
Fri Dec 12 22:15:40 2003 :: Sock.sinaddr:  81.193.165.225
Fri Dec 12 22:15:45 2003 :: Loading Zephid.
Fri Dec 12 22:15:47 2003 :: Look out, Zephid@81.193.165.225 has connected.
Fri Dec 12 22:17:31 2003 :: Log Hiddukel: laston alenirais
Fri Dec 12 22:18:19 2003 :: Log Hiddukel: laston aleina
Fri Dec 12 22:21:54 2003 :: Zephid has quit.
Fri Dec 12 22:36:13 2003 :: Dekyos has quit.
Fri Dec 12 22:36:45 2003 :: Hiddukel has quit.
Fri Dec 12 22:55:27 2003 :: Sock.sinaddr:  24.59.93.34
Fri Dec 12 22:55:30 2003 :: Loading Quintinel.
Fri Dec 12 22:55:32 2003 :: Look out, Quintinel@syr-24-59-93-34.twcny.rr.com has connected.
Fri Dec 12 22:55:39 2003 :: Quintinel has quit.
Fri Dec 12 23:36:21 2003 :: Sock.sinaddr:  64.40.55.127
Fri Dec 12 23:36:22 2003 :: Loading Paladine.
Fri Dec 12 23:36:23 2003 :: Look out, Paladine@64-40-55-127.ncplus.net has connected.
Fri Dec 12 23:37:35 2003 :: Sock.sinaddr:  24.154.35.243
Fri Dec 12 23:37:40 2003 :: Loading Majere.
Fri Dec 12 23:37:41 2003 :: Look out, Majere@acs-24-154-35-243.zoominternet.net has connected.
Sat Dec 13 00:16:13 2003 :: Sock.sinaddr:  172.196.220.156
Sat Dec 13 00:16:16 2003 :: Loading Luthien.
Sat Dec 13 00:16:17 2003 :: Look out, Luthien@ACC4DC9C.ipt.aol.com has connected.
Sat Dec 13 00:17:29 2003 :: Luthien has quit.
Sat Dec 13 00:27:20 2003 :: Majere has quit.
Sat Dec 13 00:30:17 2003 :: Log Paladine: shutdown
Sat Dec 13 00:30:17 2003 :: Closing link to Paladine.
Sat Dec 13 00:30:17 2003 :: Normal termination of game.
