Sun Dec 28 00:06:54 2003 :: ROM is ready to rock on port 6100.
Sun Dec 28 00:06:55 2003 :: Sock.sinaddr:  64.40.51.67
Sun Dec 28 00:06:56 2003 :: Loading Paladine.
Sun Dec 28 00:06:57 2003 :: Look out, Paladine@64-40-51-67.ncplus.net has connected.
Sun Dec 28 00:42:37 2003 :: Log Paladine: apurge self
Sun Dec 28 00:44:15 2003 :: Sock.sinaddr:  209.86.3.63
Sun Dec 28 00:44:17 2003 :: Loading Lais.
Sun Dec 28 00:44:26 2003 :: Look out, Lais@user-38lc0pv.dialup.mindspring.com has connected.
Sun Dec 28 00:49:17 2003 :: Log Paladine: asp lais score
Sun Dec 28 00:49:19 2003 :: Sock.sinaddr:  213.22.129.95
Sun Dec 28 00:49:23 2003 :: Loading Jackius.
Sun Dec 28 00:49:25 2003 :: Look out, Jackius@a213-22-129-95.netcabo.pt has connected.
Sun Dec 28 00:49:26 2003 :: Log Paladine: snoop lais
Sun Dec 28 00:50:16 2003 :: Jackius has quit.
Sun Dec 28 01:11:41 2003 :: [WARNING] Lais says: hmm, not the right theme of mud, maybe?
Sun Dec 28 01:17:17 2003 :: Log Paladine: tele lais
Sun Dec 28 01:36:25 2003 :: Lais has quit.
Sun Dec 28 01:40:25 2003 :: Sock.sinaddr:  204.209.44.14
Sun Dec 28 01:40:25 2003 :: EOF encountered on read.
Sun Dec 28 01:48:56 2003 :: Paladine has quit.
Sun Dec 28 02:56:23 2003 :: Sock.sinaddr:  213.13.227.235
Sun Dec 28 02:56:29 2003 :: Loading Xlix.
Sun Dec 28 02:56:31 2003 :: Look out, Xlix@213.13.227.235 has connected.
Sun Dec 28 02:58:57 2003 :: EOF encountered on read.
Sun Dec 28 02:58:57 2003 :: Closing link to Xlix.
Sun Dec 28 02:59:02 2003 :: Sock.sinaddr:  213.13.227.235
Sun Dec 28 02:59:08 2003 :: Loading Grubb.
Sun Dec 28 02:59:10 2003 :: Look out, Grubb@213.13.227.235 has connected.
Sun Dec 28 03:05:41 2003 :: Sock.sinaddr:  35.12.24.194
Sun Dec 28 03:05:42 2003 :: Loading Gilean.
Sun Dec 28 03:05:42 2003 :: Look out, Gilean@pm845-42.dialip.mich.net has connected.
Sun Dec 28 03:06:37 2003 :: Sock.sinaddr:  35.12.24.194
Sun Dec 28 03:06:38 2003 :: Loading Halek.
Sun Dec 28 03:06:38 2003 :: Look out, Halek@pm845-42.dialip.mich.net has connected.
Sun Dec 28 03:07:53 2003 :: EOF encountered on read.
Sun Dec 28 03:07:53 2003 :: Closing link to Grubb.
Sun Dec 28 03:07:54 2003 :: Sock.sinaddr:  213.13.227.235
Sun Dec 28 03:07:58 2003 :: Loading Xlix.
Sun Dec 28 03:08:00 2003 :: Xlix@213.13.227.235 reconnected.
Sun Dec 28 03:08:49 2003 :: EOF encountered on read.
Sun Dec 28 03:08:49 2003 :: Closing link to Xlix.
Sun Dec 28 03:08:51 2003 :: Sock.sinaddr:  213.13.227.235
Sun Dec 28 03:08:58 2003 :: Loading Kamahl.
Sun Dec 28 03:09:00 2003 :: Look out, Kamahl@213.13.227.235 has connected.
Sun Dec 28 03:09:26 2003 :: Sock.sinaddr:  35.12.24.194
Read_from_descriptor: Connection reset by peer
Sun Dec 28 03:09:45 2003 :: Sock.sinaddr:  35.12.24.194
Sun Dec 28 03:09:51 2003 :: Loading Tashhya.
floating discSun Dec 28 03:09:51 2003 :: [*****] BUG: Fread_char: unknown skill. 
Sun Dec 28 03:09:55 2003 :: Look out, Tashhya@pm845-42.dialip.mich.net has connected.
Sun Dec 28 03:09:56 2003 :: Tashhya gets skill calm
Sun Dec 28 03:09:56 2003 :: Tashhya gets skill orb of containment
Sun Dec 28 03:09:56 2003 :: Tashhya gets skill identify
Sun Dec 28 03:09:56 2003 :: Tashhya gets skill eyerub
Sun Dec 28 03:11:21 2003 :: EOF encountered on read.
Sun Dec 28 03:11:21 2003 :: Closing link to Kamahl.
Sun Dec 28 03:11:26 2003 :: Sock.sinaddr:  213.13.227.235
Sun Dec 28 03:11:33 2003 :: Loading Xlix.
Sun Dec 28 03:11:38 2003 :: Xlix. Bad Password. IP: 213.13.227.235> xlixthisisme
Sun Dec 28 03:11:38 2003 :: Closing link to Xlix.
Sun Dec 28 03:11:41 2003 :: Sock.sinaddr:  213.13.227.235
Sun Dec 28 03:11:46 2003 :: Loading Xlix.
Sun Dec 28 03:11:48 2003 :: Xlix@213.13.227.235 reconnected.
Sun Dec 28 03:12:07 2003 :: Sock.sinaddr:  213.22.146.115
Sun Dec 28 03:12:12 2003 :: Loading Legato.
Sun Dec 28 03:12:14 2003 :: Look out, Legato@a213-22-146-115.netcabo.pt has connected.
Sun Dec 28 03:12:32 2003 :: Tashhya has quit.
Sun Dec 28 03:12:42 2003 :: Sock.sinaddr:  35.12.24.194
Sun Dec 28 03:12:42 2003 :: Loading Astaria.
Sun Dec 28 03:12:42 2003 :: Look out, Astaria@pm845-42.dialip.mich.net has connected.
Sun Dec 28 03:13:54 2003 :: Log Xlix: delete
Sun Dec 28 03:13:56 2003 :: Log Xlix: delete
Sun Dec 28 03:14:00 2003 :: Sock.sinaddr:  213.13.227.235
Sun Dec 28 03:14:49 2003 :: Xlix@213.13.227.235 new player.
Sun Dec 28 03:20:15 2003 :: pm845-42.dialip.mich.net input spamming!
Sun Dec 28 03:24:20 2003 :: Grubb has quit.
Sun Dec 28 03:24:20 2003 :: [*****] BUG: update_char: Trying to work with an invalidated character.

Sun Dec 28 03:26:08 2003 :: Xlix gained level 2
Sun Dec 28 03:26:45 2003 :: EOF encountered on read.
Sun Dec 28 03:26:45 2003 :: Closing link to Xlix.
Sun Dec 28 03:27:20 2003 :: Kamahl has quit.
Sun Dec 28 03:31:10 2003 :: Legato gained level 63
Sun Dec 28 03:43:05 2003 :: Xlix has quit.
Sun Dec 28 03:44:09 2003 :: Halek has quit.
Sun Dec 28 03:44:44 2003 :: Astaria has quit.
Sun Dec 28 03:44:55 2003 :: Gilean has quit.
Sun Dec 28 03:45:38 2003 :: Legato has quit.
Sun Dec 28 04:21:30 2003 :: Sock.sinaddr:  81.84.11.17
Sun Dec 28 04:21:31 2003 :: Loading Sievel.
Sun Dec 28 04:21:31 2003 :: Look out, Sievel@81.84.11.17 has connected.
Sun Dec 28 04:21:36 2003 :: Sievel has quit.
Sun Dec 28 05:09:15 2003 :: Sock.sinaddr:  81.193.28.40
Sun Dec 28 05:09:20 2003 :: Loading Xlix.
Sun Dec 28 05:09:23 2003 :: Look out, Xlix@81.193.28.40 has connected.
Sun Dec 28 05:11:54 2003 :: Xlix gained level 3
Sun Dec 28 05:16:45 2003 :: Xlix gained level 4
Sun Dec 28 05:21:12 2003 :: Xlix gained level 5
Sun Dec 28 05:21:57 2003 :: 81.193.28.40 input spamming!
Sun Dec 28 05:23:20 2003 :: Log Xlix: delete
Sun Dec 28 05:23:21 2003 :: Log Xlix: delete
Sun Dec 28 05:23:24 2003 :: Sock.sinaddr:  81.193.28.40
Sun Dec 28 05:23:51 2003 :: Xlix@81.193.28.40 new player.
Sun Dec 28 05:34:09 2003 :: Xlix gained level 2
Sun Dec 28 05:37:04 2003 :: Xlix gained level 3
Sun Dec 28 05:42:13 2003 :: Xlix gained level 4
Sun Dec 28 05:49:04 2003 :: Xlix gained level 5
Sun Dec 28 05:51:07 2003 :: 81.193.28.40 input spamming!
Sun Dec 28 05:51:09 2003 :: Sock.sinaddr:  213.22.249.135
Sun Dec 28 05:51:10 2003 :: Loading Molik.
Sun Dec 28 05:51:10 2003 :: Look out, Molik@a213-22-249-135.netcabo.pt has connected.
Sun Dec 28 06:00:53 2003 :: Sock.sinaddr:  81.193.18.233
Sun Dec 28 06:00:54 2003 :: Loading Adrastos.
Sun Dec 28 06:00:54 2003 :: Look out, Adrastos@adslsapo-b4-18-233.telepac.pt has connected.
Sun Dec 28 06:01:13 2003 :: Adrastos has quit.
Sun Dec 28 06:02:15 2003 :: Xlix has quit.
Sun Dec 28 06:05:42 2003 :: Sock.sinaddr:  213.22.249.135
Sun Dec 28 06:05:42 2003 :: Loading Molik.
Sun Dec 28 06:05:45 2003 :: Closing link to Molik.
Sun Dec 28 06:05:45 2003 :: Molik@a213-22-249-135.netcabo.pt reconnected.
Sun Dec 28 06:23:42 2003 :: Molik has quit.
Sun Dec 28 06:33:48 2003 :: Sock.sinaddr:  213.22.249.135
Sun Dec 28 06:33:49 2003 :: Loading Molik.
Sun Dec 28 06:33:49 2003 :: Look out, Molik@a213-22-249-135.netcabo.pt has connected.
Sun Dec 28 06:41:10 2003 :: a213-22-249-135.netcabo.pt input spamming!
Sun Dec 28 06:41:19 2003 :: a213-22-249-135.netcabo.pt input spamming!
Sun Dec 28 06:41:25 2003 :: a213-22-249-135.netcabo.pt input spamming!
Sun Dec 28 06:41:32 2003 :: a213-22-249-135.netcabo.pt input spamming!
Sun Dec 28 06:41:42 2003 :: a213-22-249-135.netcabo.pt input spamming!
Sun Dec 28 06:41:48 2003 :: a213-22-249-135.netcabo.pt input spamming!
Sun Dec 28 06:41:54 2003 :: a213-22-249-135.netcabo.pt input spamming!
Sun Dec 28 06:42:00 2003 :: a213-22-249-135.netcabo.pt input spamming!
Sun Dec 28 06:42:07 2003 :: a213-22-249-135.netcabo.pt input spamming!
Sun Dec 28 06:42:15 2003 :: a213-22-249-135.netcabo.pt input spamming!
Sun Dec 28 06:42:27 2003 :: a213-22-249-135.netcabo.pt input spamming!
Sun Dec 28 06:42:32 2003 :: Sock.sinaddr:  213.22.146.115
Sun Dec 28 06:42:33 2003 :: a213-22-249-135.netcabo.pt input spamming!
Sun Dec 28 06:42:36 2003 :: Loading Legato.
Sun Dec 28 06:42:40 2003 :: Look out, Legato@a213-22-146-115.netcabo.pt has connected.
Read_from_descriptor: Connection reset by peer
Sun Dec 28 06:46:53 2003 :: Closing link to Molik.
Sun Dec 28 06:47:33 2003 :: Sock.sinaddr:  213.22.249.135
Sun Dec 28 06:47:34 2003 :: Loading Molik.
Sun Dec 28 06:47:34 2003 :: Molik@a213-22-249-135.netcabo.pt reconnected.
Sun Dec 28 06:47:44 2003 :: a213-22-249-135.netcabo.pt input spamming!
Sun Dec 28 06:47:51 2003 :: a213-22-249-135.netcabo.pt input spamming!
Sun Dec 28 06:47:57 2003 :: a213-22-249-135.netcabo.pt input spamming!
Sun Dec 28 06:48:16 2003 :: a213-22-249-135.netcabo.pt input spamming!
Sun Dec 28 06:48:19 2003 :: Legato has quit.
Sun Dec 28 06:48:24 2003 :: a213-22-249-135.netcabo.pt input spamming!
Sun Dec 28 06:48:38 2003 :: a213-22-249-135.netcabo.pt input spamming!
Sun Dec 28 06:48:45 2003 :: a213-22-249-135.netcabo.pt input spamming!
Sun Dec 28 06:48:54 2003 :: a213-22-249-135.netcabo.pt input spamming!
Sun Dec 28 06:49:00 2003 :: a213-22-249-135.netcabo.pt input spamming!
Sun Dec 28 06:49:08 2003 :: a213-22-249-135.netcabo.pt input spamming!
Sun Dec 28 06:49:15 2003 :: a213-22-249-135.netcabo.pt input spamming!
Sun Dec 28 06:49:21 2003 :: a213-22-249-135.netcabo.pt input spamming!
Sun Dec 28 06:49:28 2003 :: a213-22-249-135.netcabo.pt input spamming!
Sun Dec 28 06:49:34 2003 :: a213-22-249-135.netcabo.pt input spamming!
Sun Dec 28 06:49:42 2003 :: a213-22-249-135.netcabo.pt input spamming!
Sun Dec 28 06:49:48 2003 :: a213-22-249-135.netcabo.pt input spamming!
Sun Dec 28 06:49:56 2003 :: a213-22-249-135.netcabo.pt input spamming!
Sun Dec 28 06:50:02 2003 :: a213-22-249-135.netcabo.pt input spamming!
Sun Dec 28 06:50:08 2003 :: a213-22-249-135.netcabo.pt input spamming!
Sun Dec 28 06:50:14 2003 :: a213-22-249-135.netcabo.pt input spamming!
Sun Dec 28 06:50:21 2003 :: a213-22-249-135.netcabo.pt input spamming!
Sun Dec 28 06:50:27 2003 :: a213-22-249-135.netcabo.pt input spamming!
Sun Dec 28 06:50:47 2003 :: a213-22-249-135.netcabo.pt input spamming!
Sun Dec 28 06:50:54 2003 :: a213-22-249-135.netcabo.pt input spamming!
Sun Dec 28 06:51:00 2003 :: a213-22-249-135.netcabo.pt input spamming!
Sun Dec 28 06:51:07 2003 :: a213-22-249-135.netcabo.pt input spamming!
Sun Dec 28 06:51:13 2003 :: a213-22-249-135.netcabo.pt input spamming!
Sun Dec 28 06:51:20 2003 :: a213-22-249-135.netcabo.pt input spamming!
Sun Dec 28 06:51:26 2003 :: a213-22-249-135.netcabo.pt input spamming!
Sun Dec 28 06:51:32 2003 :: a213-22-249-135.netcabo.pt input spamming!
Sun Dec 28 06:51:40 2003 :: a213-22-249-135.netcabo.pt input spamming!
Sun Dec 28 06:51:48 2003 :: a213-22-249-135.netcabo.pt input spamming!
Sun Dec 28 06:51:55 2003 :: a213-22-249-135.netcabo.pt input spamming!
Sun Dec 28 06:52:02 2003 :: a213-22-249-135.netcabo.pt input spamming!
Sun Dec 28 06:52:10 2003 :: a213-22-249-135.netcabo.pt input spamming!
Sun Dec 28 06:52:17 2003 :: a213-22-249-135.netcabo.pt input spamming!
Sun Dec 28 06:52:23 2003 :: a213-22-249-135.netcabo.pt input spamming!
Sun Dec 28 06:52:30 2003 :: a213-22-249-135.netcabo.pt input spamming!
Sun Dec 28 06:52:37 2003 :: a213-22-249-135.netcabo.pt input spamming!
Sun Dec 28 06:52:44 2003 :: a213-22-249-135.netcabo.pt input spamming!
Sun Dec 28 06:52:51 2003 :: a213-22-249-135.netcabo.pt input spamming!
Sun Dec 28 06:52:59 2003 :: a213-22-249-135.netcabo.pt input spamming!
Sun Dec 28 06:53:06 2003 :: a213-22-249-135.netcabo.pt input spamming!
Sun Dec 28 06:53:12 2003 :: a213-22-249-135.netcabo.pt input spamming!
Sun Dec 28 06:53:18 2003 :: a213-22-249-135.netcabo.pt input spamming!
Sun Dec 28 06:53:24 2003 :: a213-22-249-135.netcabo.pt input spamming!
Sun Dec 28 06:53:32 2003 :: a213-22-249-135.netcabo.pt input spamming!
Sun Dec 28 06:53:38 2003 :: a213-22-249-135.netcabo.pt input spamming!
Sun Dec 28 06:53:53 2003 :: a213-22-249-135.netcabo.pt input spamming!
Sun Dec 28 06:54:13 2003 :: a213-22-249-135.netcabo.pt input spamming!
Sun Dec 28 06:54:25 2003 :: a213-22-249-135.netcabo.pt input spamming!
Sun Dec 28 06:54:42 2003 :: Molik has quit.
Sun Dec 28 06:54:46 2003 :: Sock.sinaddr:  213.22.249.135
Sun Dec 28 06:54:47 2003 :: Loading Zerix.
Sun Dec 28 06:54:47 2003 :: Look out, Zerix@a213-22-249-135.netcabo.pt has connected.
Sun Dec 28 06:58:45 2003 :: Sock.sinaddr:  81.218.232.183
Sun Dec 28 06:58:47 2003 :: Loading Drinian.
Sun Dec 28 06:58:47 2003 :: Look out, Drinian@bzq-218-232-183.red.bezeqint.net has connected.
Sun Dec 28 06:59:48 2003 :: Zerix has quit.
Sun Dec 28 06:59:54 2003 :: Sock.sinaddr:  213.22.249.135
Sun Dec 28 06:59:55 2003 :: Loading Molik.
Sun Dec 28 06:59:55 2003 :: Look out, Molik@a213-22-249-135.netcabo.pt has connected.
Sun Dec 28 07:01:28 2003 :: Molik has quit.
Sun Dec 28 07:01:41 2003 :: Sock.sinaddr:  213.22.249.135
Sun Dec 28 07:01:41 2003 :: Loading Zerix.
Sun Dec 28 07:01:41 2003 :: Look out, Zerix@a213-22-249-135.netcabo.pt has connected.
Sun Dec 28 07:02:09 2003 :: Sock.sinaddr:  172.195.209.230
Sun Dec 28 07:02:16 2003 :: Loading Jarek.
Sun Dec 28 07:02:22 2003 :: Look out, Jarek@ACC3D1E6.ipt.aol.com has connected.
Sun Dec 28 07:02:31 2003 :: Jarek has quit.
Sun Dec 28 07:05:56 2003 :: Zerix has quit.
Sun Dec 28 07:06:09 2003 :: Sock.sinaddr:  213.22.249.135
Sun Dec 28 07:06:10 2003 :: Loading Molik.
Sun Dec 28 07:06:10 2003 :: Look out, Molik@a213-22-249-135.netcabo.pt has connected.
Sun Dec 28 07:07:21 2003 :: Molik has quit.
Sun Dec 28 07:07:30 2003 :: Sock.sinaddr:  213.22.249.135
Sun Dec 28 07:07:31 2003 :: Loading Zerix.
Sun Dec 28 07:07:31 2003 :: Look out, Zerix@a213-22-249-135.netcabo.pt has connected.
Sun Dec 28 07:07:45 2003 :: Zerix has quit.
Sun Dec 28 07:07:50 2003 :: Sock.sinaddr:  213.22.249.135
Sun Dec 28 07:07:51 2003 :: Loading Molik.
Sun Dec 28 07:07:51 2003 :: Look out, Molik@a213-22-249-135.netcabo.pt has connected.
Sun Dec 28 07:09:55 2003 :: a213-22-249-135.netcabo.pt input spamming!
Sun Dec 28 07:10:01 2003 :: a213-22-249-135.netcabo.pt input spamming!
Sun Dec 28 07:10:07 2003 :: a213-22-249-135.netcabo.pt input spamming!
Sun Dec 28 07:10:13 2003 :: a213-22-249-135.netcabo.pt input spamming!
Sun Dec 28 07:10:29 2003 :: a213-22-249-135.netcabo.pt input spamming!
Sun Dec 28 07:10:35 2003 :: a213-22-249-135.netcabo.pt input spamming!
Sun Dec 28 07:10:46 2003 :: a213-22-249-135.netcabo.pt input spamming!
Sun Dec 28 07:10:57 2003 :: a213-22-249-135.netcabo.pt input spamming!
Sun Dec 28 07:11:03 2003 :: a213-22-249-135.netcabo.pt input spamming!
Sun Dec 28 07:11:09 2003 :: a213-22-249-135.netcabo.pt input spamming!
Sun Dec 28 07:11:20 2003 :: a213-22-249-135.netcabo.pt input spamming!
Sun Dec 28 07:11:26 2003 :: a213-22-249-135.netcabo.pt input spamming!
Sun Dec 28 07:11:32 2003 :: a213-22-249-135.netcabo.pt input spamming!
Sun Dec 28 07:11:39 2003 :: a213-22-249-135.netcabo.pt input spamming!
Sun Dec 28 07:11:45 2003 :: a213-22-249-135.netcabo.pt input spamming!
Sun Dec 28 07:11:51 2003 :: a213-22-249-135.netcabo.pt input spamming!
Sun Dec 28 07:11:57 2003 :: a213-22-249-135.netcabo.pt input spamming!
Sun Dec 28 07:12:04 2003 :: a213-22-249-135.netcabo.pt input spamming!
Sun Dec 28 07:12:10 2003 :: a213-22-249-135.netcabo.pt input spamming!
Sun Dec 28 07:12:16 2003 :: a213-22-249-135.netcabo.pt input spamming!
Sun Dec 28 07:12:22 2003 :: a213-22-249-135.netcabo.pt input spamming!
Sun Dec 28 07:12:29 2003 :: a213-22-249-135.netcabo.pt input spamming!
Sun Dec 28 07:12:35 2003 :: a213-22-249-135.netcabo.pt input spamming!
Sun Dec 28 07:12:41 2003 :: a213-22-249-135.netcabo.pt input spamming!
Sun Dec 28 07:12:47 2003 :: a213-22-249-135.netcabo.pt input spamming!
Sun Dec 28 07:12:54 2003 :: a213-22-249-135.netcabo.pt input spamming!
Sun Dec 28 07:13:00 2003 :: a213-22-249-135.netcabo.pt input spamming!
Sun Dec 28 07:13:06 2003 :: a213-22-249-135.netcabo.pt input spamming!
Sun Dec 28 07:13:12 2003 :: a213-22-249-135.netcabo.pt input spamming!
Sun Dec 28 07:13:19 2003 :: a213-22-249-135.netcabo.pt input spamming!
Sun Dec 28 07:13:25 2003 :: a213-22-249-135.netcabo.pt input spamming!
Sun Dec 28 07:13:31 2003 :: a213-22-249-135.netcabo.pt input spamming!
Sun Dec 28 07:13:37 2003 :: a213-22-249-135.netcabo.pt input spamming!
Sun Dec 28 07:13:44 2003 :: a213-22-249-135.netcabo.pt input spamming!
Sun Dec 28 07:13:50 2003 :: a213-22-249-135.netcabo.pt input spamming!
Sun Dec 28 07:13:58 2003 :: a213-22-249-135.netcabo.pt input spamming!
Sun Dec 28 07:14:06 2003 :: a213-22-249-135.netcabo.pt input spamming!
Sun Dec 28 07:14:12 2003 :: a213-22-249-135.netcabo.pt input spamming!
Sun Dec 28 07:14:19 2003 :: a213-22-249-135.netcabo.pt input spamming!
Sun Dec 28 07:14:27 2003 :: a213-22-249-135.netcabo.pt input spamming!
Sun Dec 28 07:14:33 2003 :: a213-22-249-135.netcabo.pt input spamming!
Sun Dec 28 07:14:40 2003 :: a213-22-249-135.netcabo.pt input spamming!
Sun Dec 28 07:14:46 2003 :: a213-22-249-135.netcabo.pt input spamming!
Sun Dec 28 07:14:52 2003 :: a213-22-249-135.netcabo.pt input spamming!
Sun Dec 28 07:14:58 2003 :: a213-22-249-135.netcabo.pt input spamming!
Sun Dec 28 07:15:05 2003 :: a213-22-249-135.netcabo.pt input spamming!
Sun Dec 28 07:15:11 2003 :: a213-22-249-135.netcabo.pt input spamming!
Sun Dec 28 07:15:17 2003 :: a213-22-249-135.netcabo.pt input spamming!
Sun Dec 28 07:15:23 2003 :: a213-22-249-135.netcabo.pt input spamming!
Sun Dec 28 07:15:31 2003 :: a213-22-249-135.netcabo.pt input spamming!
Sun Dec 28 07:15:37 2003 :: a213-22-249-135.netcabo.pt input spamming!
Sun Dec 28 07:15:44 2003 :: a213-22-249-135.netcabo.pt input spamming!
Sun Dec 28 07:15:51 2003 :: a213-22-249-135.netcabo.pt input spamming!
Sun Dec 28 07:15:57 2003 :: a213-22-249-135.netcabo.pt input spamming!
Sun Dec 28 07:16:06 2003 :: a213-22-249-135.netcabo.pt input spamming!
Sun Dec 28 07:16:12 2003 :: a213-22-249-135.netcabo.pt input spamming!
Sun Dec 28 07:16:19 2003 :: a213-22-249-135.netcabo.pt input spamming!
Sun Dec 28 07:16:26 2003 :: a213-22-249-135.netcabo.pt input spamming!
Sun Dec 28 07:16:32 2003 :: a213-22-249-135.netcabo.pt input spamming!
Sun Dec 28 07:16:36 2003 :: Drinian has quit.
Sun Dec 28 07:16:38 2003 :: a213-22-249-135.netcabo.pt input spamming!
Sun Dec 28 07:16:44 2003 :: a213-22-249-135.netcabo.pt input spamming!
Sun Dec 28 07:16:51 2003 :: a213-22-249-135.netcabo.pt input spamming!
Sun Dec 28 07:16:57 2003 :: a213-22-249-135.netcabo.pt input spamming!
Sun Dec 28 07:17:40 2003 :: a213-22-249-135.netcabo.pt input spamming!
Sun Dec 28 07:17:47 2003 :: a213-22-249-135.netcabo.pt input spamming!
Sun Dec 28 07:17:53 2003 :: a213-22-249-135.netcabo.pt input spamming!
Sun Dec 28 07:17:59 2003 :: a213-22-249-135.netcabo.pt input spamming!
Sun Dec 28 07:18:05 2003 :: a213-22-249-135.netcabo.pt input spamming!
Sun Dec 28 07:18:12 2003 :: a213-22-249-135.netcabo.pt input spamming!
Sun Dec 28 07:18:23 2003 :: a213-22-249-135.netcabo.pt input spamming!
Sun Dec 28 07:18:32 2003 :: a213-22-249-135.netcabo.pt input spamming!
Sun Dec 28 07:18:40 2003 :: a213-22-249-135.netcabo.pt input spamming!
Sun Dec 28 07:18:49 2003 :: a213-22-249-135.netcabo.pt input spamming!
Sun Dec 28 07:18:56 2003 :: a213-22-249-135.netcabo.pt input spamming!
Sun Dec 28 07:19:06 2003 :: a213-22-249-135.netcabo.pt input spamming!
Sun Dec 28 07:19:15 2003 :: a213-22-249-135.netcabo.pt input spamming!
Sun Dec 28 07:19:21 2003 :: a213-22-249-135.netcabo.pt input spamming!
Sun Dec 28 07:19:23 2003 :: Sock.sinaddr:  81.193.30.38
Sun Dec 28 07:19:25 2003 :: Loading Velhucius.
Sun Dec 28 07:19:26 2003 :: Look out, Velhucius@81.193.30.38 has connected.
Sun Dec 28 07:19:27 2003 :: a213-22-249-135.netcabo.pt input spamming!
Sun Dec 28 07:19:34 2003 :: a213-22-249-135.netcabo.pt input spamming!
Sun Dec 28 07:19:40 2003 :: a213-22-249-135.netcabo.pt input spamming!
Sun Dec 28 07:19:46 2003 :: a213-22-249-135.netcabo.pt input spamming!
Sun Dec 28 07:19:52 2003 :: a213-22-249-135.netcabo.pt input spamming!
Sun Dec 28 07:20:33 2003 :: a213-22-249-135.netcabo.pt input spamming!
Sun Dec 28 07:20:40 2003 :: a213-22-249-135.netcabo.pt input spamming!
Sun Dec 28 07:20:46 2003 :: a213-22-249-135.netcabo.pt input spamming!
Sun Dec 28 07:20:52 2003 :: a213-22-249-135.netcabo.pt input spamming!
Sun Dec 28 07:21:21 2003 :: Sock.sinaddr:  81.193.30.38
Sun Dec 28 07:21:32 2003 :: a213-22-249-135.netcabo.pt input spamming!
Sun Dec 28 07:21:40 2003 :: EOF encountered on read.
Sun Dec 28 07:21:40 2003 :: Closing link to Enchantior.
Sun Dec 28 07:22:02 2003 :: a213-22-249-135.netcabo.pt input spamming!
Sun Dec 28 07:22:08 2003 :: a213-22-249-135.netcabo.pt input spamming!
Sun Dec 28 07:22:14 2003 :: a213-22-249-135.netcabo.pt input spamming!
Sun Dec 28 07:22:20 2003 :: a213-22-249-135.netcabo.pt input spamming!
Sun Dec 28 07:22:27 2003 :: a213-22-249-135.netcabo.pt input spamming!
Sun Dec 28 07:22:33 2003 :: a213-22-249-135.netcabo.pt input spamming!
Sun Dec 28 07:23:17 2003 :: Sock.sinaddr:  81.193.30.38
Sun Dec 28 07:23:22 2003 :: Loading Enchatior.
Sun Dec 28 07:23:24 2003 :: Look out, Enchatior@81.193.30.38 has connected.
Sun Dec 28 07:23:41 2003 :: a213-22-249-135.netcabo.pt input spamming!
Sun Dec 28 07:23:48 2003 :: a213-22-249-135.netcabo.pt input spamming!
Sun Dec 28 07:23:54 2003 :: a213-22-249-135.netcabo.pt input spamming!
Sun Dec 28 07:24:00 2003 :: a213-22-249-135.netcabo.pt input spamming!
Sun Dec 28 07:24:06 2003 :: a213-22-249-135.netcabo.pt input spamming!
Sun Dec 28 07:24:13 2003 :: a213-22-249-135.netcabo.pt input spamming!
Sun Dec 28 07:24:35 2003 :: a213-22-249-135.netcabo.pt input spamming!
Sun Dec 28 07:24:41 2003 :: a213-22-249-135.netcabo.pt input spamming!
Sun Dec 28 07:24:47 2003 :: a213-22-249-135.netcabo.pt input spamming!
Sun Dec 28 07:24:54 2003 :: a213-22-249-135.netcabo.pt input spamming!
Sun Dec 28 07:25:00 2003 :: a213-22-249-135.netcabo.pt input spamming!
Sun Dec 28 07:25:02 2003 :: Velhucius has quit.
Sun Dec 28 07:25:06 2003 :: a213-22-249-135.netcabo.pt input spamming!
Sun Dec 28 07:25:12 2003 :: a213-22-249-135.netcabo.pt input spamming!
Sun Dec 28 07:25:19 2003 :: a213-22-249-135.netcabo.pt input spamming!
Sun Dec 28 07:25:25 2003 :: a213-22-249-135.netcabo.pt input spamming!
Sun Dec 28 07:25:31 2003 :: a213-22-249-135.netcabo.pt input spamming!
Sun Dec 28 07:25:54 2003 :: a213-22-249-135.netcabo.pt input spamming!
Sun Dec 28 07:26:00 2003 :: a213-22-249-135.netcabo.pt input spamming!
Sun Dec 28 07:26:07 2003 :: a213-22-249-135.netcabo.pt input spamming!
Sun Dec 28 07:26:13 2003 :: a213-22-249-135.netcabo.pt input spamming!
Sun Dec 28 07:26:19 2003 :: a213-22-249-135.netcabo.pt input spamming!
Sun Dec 28 07:26:25 2003 :: a213-22-249-135.netcabo.pt input spamming!
Sun Dec 28 07:26:51 2003 :: a213-22-249-135.netcabo.pt input spamming!
Sun Dec 28 07:26:57 2003 :: a213-22-249-135.netcabo.pt input spamming!
Sun Dec 28 07:27:03 2003 :: a213-22-249-135.netcabo.pt input spamming!
Sun Dec 28 07:27:09 2003 :: a213-22-249-135.netcabo.pt input spamming!
Sun Dec 28 07:27:16 2003 :: a213-22-249-135.netcabo.pt input spamming!
Sun Dec 28 07:27:22 2003 :: a213-22-249-135.netcabo.pt input spamming!
Sun Dec 28 07:27:28 2003 :: a213-22-249-135.netcabo.pt input spamming!
Sun Dec 28 07:27:34 2003 :: a213-22-249-135.netcabo.pt input spamming!
Sun Dec 28 07:27:41 2003 :: a213-22-249-135.netcabo.pt input spamming!
Sun Dec 28 07:27:47 2003 :: a213-22-249-135.netcabo.pt input spamming!
Sun Dec 28 07:27:53 2003 :: a213-22-249-135.netcabo.pt input spamming!
Sun Dec 28 07:27:59 2003 :: a213-22-249-135.netcabo.pt input spamming!
Sun Dec 28 07:28:06 2003 :: a213-22-249-135.netcabo.pt input spamming!
Sun Dec 28 07:28:12 2003 :: a213-22-249-135.netcabo.pt input spamming!
Sun Dec 28 07:28:34 2003 :: a213-22-249-135.netcabo.pt input spamming!
Sun Dec 28 07:28:41 2003 :: a213-22-249-135.netcabo.pt input spamming!
Sun Dec 28 07:28:47 2003 :: a213-22-249-135.netcabo.pt input spamming!
Sun Dec 28 07:28:53 2003 :: a213-22-249-135.netcabo.pt input spamming!
Sun Dec 28 07:28:59 2003 :: a213-22-249-135.netcabo.pt input spamming!
Sun Dec 28 07:29:06 2003 :: a213-22-249-135.netcabo.pt input spamming!
Sun Dec 28 07:29:21 2003 :: a213-22-249-135.netcabo.pt input spamming!
Sun Dec 28 07:29:27 2003 :: a213-22-249-135.netcabo.pt input spamming!
Sun Dec 28 07:29:34 2003 :: a213-22-249-135.netcabo.pt input spamming!
Sun Dec 28 07:29:37 2003 :: Molik gained level 3
Sun Dec 28 07:29:40 2003 :: a213-22-249-135.netcabo.pt input spamming!
Sun Dec 28 07:29:46 2003 :: a213-22-249-135.netcabo.pt input spamming!
Sun Dec 28 07:29:52 2003 :: a213-22-249-135.netcabo.pt input spamming!
Sun Dec 28 07:30:09 2003 :: a213-22-249-135.netcabo.pt input spamming!
Sun Dec 28 07:30:48 2003 :: Enchatior killed by a lancer at 849
Sun Dec 28 07:31:04 2003 :: a213-22-249-135.netcabo.pt input spamming!
Sun Dec 28 07:31:30 2003 :: Molik has quit.
Sun Dec 28 07:31:36 2003 :: Sock.sinaddr:  213.22.249.135
Sun Dec 28 07:31:36 2003 :: Loading Molik.
Sun Dec 28 07:31:37 2003 :: Look out, Molik@a213-22-249-135.netcabo.pt has connected.
Sun Dec 28 07:37:45 2003 :: Enchatior killed by a lancer at 745
Sun Dec 28 07:47:36 2003 :: Enchatior killed by a supplicant at 707
Sun Dec 28 07:48:31 2003 :: Molik has quit.
Sun Dec 28 07:49:54 2003 :: Sock.sinaddr:  81.218.232.183
Sun Dec 28 07:49:55 2003 :: Loading Drinian.
Sun Dec 28 07:49:55 2003 :: Look out, Drinian@bzq-218-232-183.red.bezeqint.net has connected.
Sun Dec 28 07:55:37 2003 :: Enchatior killed by a supplicant at 708
Sun Dec 28 07:56:47 2003 :: Sock.sinaddr:  81.193.48.145
Sun Dec 28 07:56:48 2003 :: Loading Aeson.
Sun Dec 28 07:56:48 2003 :: Look out, Aeson@adslsapo-b4-48-145.telepac.pt has connected.
Sun Dec 28 08:04:25 2003 :: Enchatior killed by a supplicant at 708
Sun Dec 28 08:06:41 2003 :: Sock.sinaddr:  81.193.24.217
Sun Dec 28 08:06:58 2003 :: Loading Xlix.
Sun Dec 28 08:07:01 2003 :: Look out, Xlix@adslsapo-b4-24-217.telepac.pt has connected.
Sun Dec 28 08:08:05 2003 :: Sock.sinaddr:  67.167.110.190
Sun Dec 28 08:08:12 2003 :: Loading Remsy.
Sun Dec 28 08:08:14 2003 :: Look out, Remsy@c-67-167-110-190.client.comcast.net has connected.
Sun Dec 28 08:09:53 2003 :: Remsy has quit.
Sun Dec 28 08:11:28 2003 :: Xlix gained level 6
Sun Dec 28 08:11:43 2003 :: Drinian gained level 31
Sun Dec 28 08:29:47 2003 :: Enchatior has quit.
Sun Dec 28 08:30:39 2003 :: Drinian has quit.
Sun Dec 28 08:33:08 2003 :: EOF encountered on read.
Sun Dec 28 08:33:08 2003 :: Closing link to Xlix.
Sun Dec 28 08:39:27 2003 :: Sock.sinaddr:  193.136.33.200
Sun Dec 28 08:39:33 2003 :: Loading Rabaca.
Sun Dec 28 08:39:35 2003 :: Look out, Rabaca@aulas-i-p2.fe.up.pt has connected.
Sun Dec 28 08:49:18 2003 :: Xlix has quit.
Sun Dec 28 08:55:30 2003 :: Sock.sinaddr:  213.22.249.135
Sun Dec 28 08:55:31 2003 :: Loading Molik.
Sun Dec 28 08:55:31 2003 :: Look out, Molik@a213-22-249-135.netcabo.pt has connected.
Sun Dec 28 08:58:43 2003 :: a213-22-249-135.netcabo.pt input spamming!
Sun Dec 28 08:58:50 2003 :: a213-22-249-135.netcabo.pt input spamming!
Sun Dec 28 08:58:56 2003 :: a213-22-249-135.netcabo.pt input spamming!
Sun Dec 28 08:59:02 2003 :: a213-22-249-135.netcabo.pt input spamming!
Sun Dec 28 08:59:09 2003 :: a213-22-249-135.netcabo.pt input spamming!
Sun Dec 28 08:59:15 2003 :: a213-22-249-135.netcabo.pt input spamming!
Sun Dec 28 08:59:21 2003 :: a213-22-249-135.netcabo.pt input spamming!
Sun Dec 28 08:59:46 2003 :: a213-22-249-135.netcabo.pt input spamming!
Sun Dec 28 08:59:52 2003 :: a213-22-249-135.netcabo.pt input spamming!
Sun Dec 28 08:59:58 2003 :: a213-22-249-135.netcabo.pt input spamming!
Sun Dec 28 09:00:07 2003 :: a213-22-249-135.netcabo.pt input spamming!
Sun Dec 28 09:00:14 2003 :: a213-22-249-135.netcabo.pt input spamming!
Sun Dec 28 09:00:21 2003 :: a213-22-249-135.netcabo.pt input spamming!
Sun Dec 28 09:00:27 2003 :: a213-22-249-135.netcabo.pt input spamming!
Sun Dec 28 09:00:36 2003 :: a213-22-249-135.netcabo.pt input spamming!
Sun Dec 28 09:00:42 2003 :: a213-22-249-135.netcabo.pt input spamming!
Sun Dec 28 09:00:48 2003 :: a213-22-249-135.netcabo.pt input spamming!
Sun Dec 28 09:00:54 2003 :: a213-22-249-135.netcabo.pt input spamming!
Sun Dec 28 09:02:01 2003 :: a213-22-249-135.netcabo.pt input spamming!
Sun Dec 28 09:02:08 2003 :: a213-22-249-135.netcabo.pt input spamming!
Sun Dec 28 09:02:14 2003 :: a213-22-249-135.netcabo.pt input spamming!
Sun Dec 28 09:02:20 2003 :: a213-22-249-135.netcabo.pt input spamming!
Sun Dec 28 09:02:26 2003 :: a213-22-249-135.netcabo.pt input spamming!
Sun Dec 28 09:02:33 2003 :: a213-22-249-135.netcabo.pt input spamming!
Sun Dec 28 09:02:46 2003 :: a213-22-249-135.netcabo.pt input spamming!
Sun Dec 28 09:02:52 2003 :: a213-22-249-135.netcabo.pt input spamming!
Sun Dec 28 09:02:58 2003 :: a213-22-249-135.netcabo.pt input spamming!
Sun Dec 28 09:03:04 2003 :: a213-22-249-135.netcabo.pt input spamming!
Sun Dec 28 09:03:11 2003 :: a213-22-249-135.netcabo.pt input spamming!
Sun Dec 28 09:03:17 2003 :: a213-22-249-135.netcabo.pt input spamming!
Sun Dec 28 09:03:44 2003 :: a213-22-249-135.netcabo.pt input spamming!
Sun Dec 28 09:03:51 2003 :: a213-22-249-135.netcabo.pt input spamming!
Sun Dec 28 09:03:57 2003 :: a213-22-249-135.netcabo.pt input spamming!
Sun Dec 28 09:04:03 2003 :: a213-22-249-135.netcabo.pt input spamming!
Sun Dec 28 09:04:09 2003 :: a213-22-249-135.netcabo.pt input spamming!
Sun Dec 28 09:04:16 2003 :: a213-22-249-135.netcabo.pt input spamming!
Sun Dec 28 09:04:30 2003 :: a213-22-249-135.netcabo.pt input spamming!
Sun Dec 28 09:04:36 2003 :: a213-22-249-135.netcabo.pt input spamming!
Sun Dec 28 09:04:42 2003 :: a213-22-249-135.netcabo.pt input spamming!
Sun Dec 28 09:04:48 2003 :: a213-22-249-135.netcabo.pt input spamming!
Sun Dec 28 09:04:55 2003 :: a213-22-249-135.netcabo.pt input spamming!
Sun Dec 28 09:05:08 2003 :: a213-22-249-135.netcabo.pt input spamming!
Sun Dec 28 09:05:14 2003 :: a213-22-249-135.netcabo.pt input spamming!
Sun Dec 28 09:05:33 2003 :: EOF encountered on read.
Sun Dec 28 09:05:33 2003 :: Closing link to Molik.
Sun Dec 28 09:05:37 2003 :: Sock.sinaddr:  213.22.249.135
Sun Dec 28 09:05:37 2003 :: Loading Molik.
Sun Dec 28 09:05:38 2003 :: Molik@a213-22-249-135.netcabo.pt reconnected.
Sun Dec 28 09:05:46 2003 :: a213-22-249-135.netcabo.pt input spamming!
Sun Dec 28 09:05:53 2003 :: a213-22-249-135.netcabo.pt input spamming!
Sun Dec 28 09:05:59 2003 :: a213-22-249-135.netcabo.pt input spamming!
Sun Dec 28 09:06:05 2003 :: a213-22-249-135.netcabo.pt input spamming!
Sun Dec 28 09:06:11 2003 :: a213-22-249-135.netcabo.pt input spamming!
Sun Dec 28 09:06:18 2003 :: a213-22-249-135.netcabo.pt input spamming!
Sun Dec 28 09:06:24 2003 :: a213-22-249-135.netcabo.pt input spamming!
Sun Dec 28 09:06:30 2003 :: a213-22-249-135.netcabo.pt input spamming!
Sun Dec 28 09:06:37 2003 :: a213-22-249-135.netcabo.pt input spamming!
Sun Dec 28 09:07:02 2003 :: a213-22-249-135.netcabo.pt input spamming!
Sun Dec 28 09:07:09 2003 :: a213-22-249-135.netcabo.pt input spamming!
Sun Dec 28 09:07:16 2003 :: a213-22-249-135.netcabo.pt input spamming!
Sun Dec 28 09:07:22 2003 :: a213-22-249-135.netcabo.pt input spamming!
Sun Dec 28 09:07:29 2003 :: a213-22-249-135.netcabo.pt input spamming!
Sun Dec 28 09:07:37 2003 :: a213-22-249-135.netcabo.pt input spamming!
Sun Dec 28 09:07:43 2003 :: a213-22-249-135.netcabo.pt input spamming!
Sun Dec 28 09:07:51 2003 :: a213-22-249-135.netcabo.pt input spamming!
Sun Dec 28 09:07:57 2003 :: a213-22-249-135.netcabo.pt input spamming!
Sun Dec 28 09:08:04 2003 :: a213-22-249-135.netcabo.pt input spamming!
Sun Dec 28 09:08:10 2003 :: a213-22-249-135.netcabo.pt input spamming!
Sun Dec 28 09:10:23 2003 :: a213-22-249-135.netcabo.pt input spamming!
Sun Dec 28 09:10:30 2003 :: a213-22-249-135.netcabo.pt input spamming!
Sun Dec 28 09:11:32 2003 :: a213-22-249-135.netcabo.pt input spamming!
Sun Dec 28 09:11:39 2003 :: a213-22-249-135.netcabo.pt input spamming!
Sun Dec 28 09:11:46 2003 :: a213-22-249-135.netcabo.pt input spamming!
Sun Dec 28 09:11:52 2003 :: a213-22-249-135.netcabo.pt input spamming!
Sun Dec 28 09:11:58 2003 :: a213-22-249-135.netcabo.pt input spamming!
Sun Dec 28 09:12:05 2003 :: a213-22-249-135.netcabo.pt input spamming!
Sun Dec 28 09:12:11 2003 :: a213-22-249-135.netcabo.pt input spamming!
Sun Dec 28 09:12:17 2003 :: a213-22-249-135.netcabo.pt input spamming!
Sun Dec 28 09:12:23 2003 :: a213-22-249-135.netcabo.pt input spamming!
Sun Dec 28 09:12:35 2003 :: Molik has quit.
Sun Dec 28 09:12:39 2003 :: Sock.sinaddr:  213.22.249.135
Sun Dec 28 09:12:40 2003 :: Loading Zerix.
Sun Dec 28 09:12:40 2003 :: Look out, Zerix@a213-22-249-135.netcabo.pt has connected.
Sun Dec 28 09:13:08 2003 :: Sock.sinaddr:  81.193.160.120
Sun Dec 28 09:13:40 2003 :: EOF encountered on read.
Sun Dec 28 09:13:40 2003 :: Closing link to Enchathior.
Sun Dec 28 09:13:41 2003 :: Sock.sinaddr:  81.193.160.120
Sun Dec 28 09:13:48 2003 :: Loading Enchatior.
Sun Dec 28 09:13:50 2003 :: Look out, Enchatior@81.193.160.120 has connected.
Sun Dec 28 09:14:05 2003 :: Aeson gained level 21
Sun Dec 28 09:14:13 2003 :: Sock.sinaddr:  81.218.232.183
Sun Dec 28 09:14:16 2003 :: Loading Drinian.
Sun Dec 28 09:14:16 2003 :: Look out, Drinian@bzq-218-232-183.red.bezeqint.net has connected.
Sun Dec 28 09:14:42 2003 :: aulas-i-p2.fe.up.pt input spamming!
Sun Dec 28 09:15:23 2003 :: Drinian has quit.
Sun Dec 28 09:16:46 2003 :: Zerix has quit.
Sun Dec 28 09:16:50 2003 :: Sock.sinaddr:  213.22.249.135
Sun Dec 28 09:16:51 2003 :: Loading Molik.
Sun Dec 28 09:16:51 2003 :: Look out, Molik@a213-22-249-135.netcabo.pt has connected.
Sun Dec 28 09:21:37 2003 :: Molik has quit.
Sun Dec 28 09:21:41 2003 :: Sock.sinaddr:  213.22.249.135
Sun Dec 28 09:21:47 2003 :: Loading Zephid.
Sun Dec 28 09:21:50 2003 :: Look out, Zephid@a213-22-249-135.netcabo.pt has connected.
Sun Dec 28 09:23:53 2003 :: Zephid has quit.
Sun Dec 28 09:23:57 2003 :: Sock.sinaddr:  213.22.249.135
Sun Dec 28 09:23:58 2003 :: Loading Molik.
Sun Dec 28 09:23:58 2003 :: Look out, Molik@a213-22-249-135.netcabo.pt has connected.
Sun Dec 28 09:25:45 2003 :: Sock.sinaddr:  35.12.22.232
Sun Dec 28 09:25:45 2003 :: Loading Gilean.
Sun Dec 28 09:25:46 2003 :: Look out, Gilean@pm838-30.dialip.mich.net has connected.
Sun Dec 28 09:26:36 2003 :: Sock.sinaddr:  35.12.22.232
Sun Dec 28 09:26:37 2003 :: Loading Halek.
Sun Dec 28 09:26:37 2003 :: Look out, Halek@pm838-30.dialip.mich.net has connected.
Sun Dec 28 09:27:46 2003 :: Sock.sinaddr:  35.12.22.232
Sun Dec 28 09:27:46 2003 :: Loading Kaera.
Sun Dec 28 09:27:46 2003 :: Look out, Kaera@pm838-30.dialip.mich.net has connected.
Sun Dec 28 09:29:01 2003 :: pm838-30.dialip.mich.net input spamming!
Sun Dec 28 09:29:08 2003 :: pm838-30.dialip.mich.net input spamming!
Sun Dec 28 09:29:18 2003 :: pm838-30.dialip.mich.net input spamming!
Sun Dec 28 09:29:44 2003 :: pm838-30.dialip.mich.net input spamming!
Sun Dec 28 09:29:50 2003 :: pm838-30.dialip.mich.net input spamming!
Sun Dec 28 09:29:57 2003 :: pm838-30.dialip.mich.net input spamming!
Sun Dec 28 09:30:01 2003 :: Sock.sinaddr:  209.178.130.48
Sun Dec 28 09:30:04 2003 :: Loading Danon.
Sun Dec 28 09:30:05 2003 :: Look out, Danon@pool0558.cvx1-bradley.dialup.earthlink.net has connected.
Sun Dec 28 09:30:14 2003 :: pm838-30.dialip.mich.net input spamming!
Sun Dec 28 09:30:22 2003 :: pm838-30.dialip.mich.net input spamming!
Sun Dec 28 09:30:30 2003 :: Enchatior killed by a supplicant at 708
Sun Dec 28 09:30:42 2003 :: pm838-30.dialip.mich.net input spamming!
Sun Dec 28 09:30:50 2003 :: pm838-30.dialip.mich.net input spamming!
Sun Dec 28 09:30:57 2003 :: pm838-30.dialip.mich.net input spamming!
Sun Dec 28 09:31:04 2003 :: pm838-30.dialip.mich.net input spamming!
Sun Dec 28 09:31:11 2003 :: pm838-30.dialip.mich.net input spamming!
Sun Dec 28 09:31:18 2003 :: pm838-30.dialip.mich.net input spamming!
Sun Dec 28 09:31:25 2003 :: pm838-30.dialip.mich.net input spamming!
Sun Dec 28 09:31:32 2003 :: pm838-30.dialip.mich.net input spamming!
Sun Dec 28 09:31:42 2003 :: pm838-30.dialip.mich.net input spamming!
Sun Dec 28 09:31:52 2003 :: pm838-30.dialip.mich.net input spamming!
Sun Dec 28 09:31:58 2003 :: pm838-30.dialip.mich.net input spamming!
Sun Dec 28 09:32:05 2003 :: pm838-30.dialip.mich.net input spamming!
Sun Dec 28 09:32:12 2003 :: pm838-30.dialip.mich.net input spamming!
Sun Dec 28 09:32:22 2003 :: Danon has quit.
Sun Dec 28 09:32:34 2003 :: pm838-30.dialip.mich.net input spamming!
Sun Dec 28 09:32:40 2003 :: pm838-30.dialip.mich.net input spamming!
Sun Dec 28 09:32:47 2003 :: pm838-30.dialip.mich.net input spamming!
Sun Dec 28 09:32:55 2003 :: pm838-30.dialip.mich.net input spamming!
Sun Dec 28 09:33:02 2003 :: pm838-30.dialip.mich.net input spamming!
Sun Dec 28 09:33:09 2003 :: pm838-30.dialip.mich.net input spamming!
Sun Dec 28 09:33:16 2003 :: pm838-30.dialip.mich.net input spamming!
Sun Dec 28 09:33:23 2003 :: pm838-30.dialip.mich.net input spamming!
Sun Dec 28 09:33:30 2003 :: pm838-30.dialip.mich.net input spamming!
Sun Dec 28 09:33:36 2003 :: pm838-30.dialip.mich.net input spamming!
Sun Dec 28 09:33:43 2003 :: pm838-30.dialip.mich.net input spamming!
Sun Dec 28 09:33:50 2003 :: pm838-30.dialip.mich.net input spamming!
Sun Dec 28 09:33:56 2003 :: pm838-30.dialip.mich.net input spamming!
Sun Dec 28 09:34:03 2003 :: pm838-30.dialip.mich.net input spamming!
Sun Dec 28 09:34:10 2003 :: pm838-30.dialip.mich.net input spamming!
Sun Dec 28 09:34:19 2003 :: pm838-30.dialip.mich.net input spamming!
Sun Dec 28 09:34:26 2003 :: pm838-30.dialip.mich.net input spamming!
Sun Dec 28 09:34:32 2003 :: Sock.sinaddr:  81.193.24.217
Sun Dec 28 09:34:32 2003 :: pm838-30.dialip.mich.net input spamming!
Sun Dec 28 09:34:37 2003 :: Loading Xlix.
Sun Dec 28 09:34:39 2003 :: pm838-30.dialip.mich.net input spamming!
Sun Dec 28 09:34:40 2003 :: Look out, Xlix@adslsapo-b4-24-217.telepac.pt has connected.
Sun Dec 28 09:34:45 2003 :: pm838-30.dialip.mich.net input spamming!
Sun Dec 28 09:34:49 2003 :: Molik has quit.
Sun Dec 28 09:34:53 2003 :: Sock.sinaddr:  213.22.249.135
Sun Dec 28 09:34:54 2003 :: Loading Zerix.
Sun Dec 28 09:34:54 2003 :: Look out, Zerix@a213-22-249-135.netcabo.pt has connected.
Sun Dec 28 09:35:28 2003 :: pm838-30.dialip.mich.net input spamming!
Sun Dec 28 09:35:34 2003 :: pm838-30.dialip.mich.net input spamming!
Sun Dec 28 09:35:40 2003 :: pm838-30.dialip.mich.net input spamming!
Sun Dec 28 09:35:47 2003 :: pm838-30.dialip.mich.net input spamming!
Sun Dec 28 09:35:47 2003 :: aulas-i-p2.fe.up.pt input spamming!
Sun Dec 28 09:35:53 2003 :: pm838-30.dialip.mich.net input spamming!
Sun Dec 28 09:36:00 2003 :: pm838-30.dialip.mich.net input spamming!
Sun Dec 28 09:36:06 2003 :: pm838-30.dialip.mich.net input spamming!
Sun Dec 28 09:36:13 2003 :: pm838-30.dialip.mich.net input spamming!
Sun Dec 28 09:36:19 2003 :: pm838-30.dialip.mich.net input spamming!
Sun Dec 28 09:36:26 2003 :: pm838-30.dialip.mich.net input spamming!
Sun Dec 28 09:36:32 2003 :: pm838-30.dialip.mich.net input spamming!
Sun Dec 28 09:36:38 2003 :: pm838-30.dialip.mich.net input spamming!
Sun Dec 28 09:36:45 2003 :: pm838-30.dialip.mich.net input spamming!
Sun Dec 28 09:36:51 2003 :: pm838-30.dialip.mich.net input spamming!
Sun Dec 28 09:37:01 2003 :: pm838-30.dialip.mich.net input spamming!
Sun Dec 28 09:37:07 2003 :: pm838-30.dialip.mich.net input spamming!
Sun Dec 28 09:37:32 2003 :: Kaera has quit.
Sun Dec 28 09:40:59 2003 :: Enchatior has quit.
Sun Dec 28 09:41:02 2003 :: Sock.sinaddr:  81.193.160.120
Sun Dec 28 09:41:03 2003 :: Loading Velhucius.
Sun Dec 28 09:41:04 2003 :: Look out, Velhucius@81.193.160.120 has connected.
Sun Dec 28 09:42:59 2003 :: 81.193.160.120 input spamming!
Sun Dec 28 09:44:06 2003 :: Sock.sinaddr:  66.233.11.249
Sun Dec 28 09:44:08 2003 :: Loading Dekyos.
Sun Dec 28 09:44:10 2003 :: Look out, Dekyos@cdm-66-233-11-249.fayt.cox-internet.com has connected.
Sun Dec 28 09:44:58 2003 :: Aeson has quit.
Sun Dec 28 09:45:04 2003 :: Sock.sinaddr:  81.193.48.145
Sun Dec 28 09:45:04 2003 :: Loading Shogum.
Sun Dec 28 09:45:04 2003 :: Look out, Shogum@adslsapo-b4-48-145.telepac.pt has connected.
Sun Dec 28 09:47:35 2003 :: Zerix has quit.
Sun Dec 28 09:47:46 2003 :: Sock.sinaddr:  213.22.249.135
Sun Dec 28 09:47:47 2003 :: Loading Zerix.
Sun Dec 28 09:47:47 2003 :: Look out, Zerix@a213-22-249-135.netcabo.pt has connected.
Sun Dec 28 09:47:51 2003 :: Zerix has quit.
Sun Dec 28 09:48:00 2003 :: Sock.sinaddr:  213.22.249.135
Sun Dec 28 09:48:05 2003 :: Loading Fenix.
Sun Dec 28 09:48:07 2003 :: Look out, Fenix@a213-22-249-135.netcabo.pt has connected.
Sun Dec 28 09:53:14 2003 :: adslsapo-b4-48-145.telepac.pt input spamming!
Sun Dec 28 09:53:41 2003 :: Sock.sinaddr:  81.193.160.120
Sun Dec 28 09:53:49 2003 :: Loading Enchatior.
Sun Dec 28 09:53:51 2003 :: Look out, Enchatior@81.193.160.120 has connected.
Sun Dec 28 09:55:21 2003 :: aulas-i-p2.fe.up.pt input spamming!
Sun Dec 28 09:59:49 2003 :: a213-22-249-135.netcabo.pt input spamming!
Sun Dec 28 10:01:07 2003 :: Sock.sinaddr:  67.113.245.38
Sun Dec 28 10:01:12 2003 :: Loading Requi.
Sun Dec 28 10:01:13 2003 :: Look out, Requi@adsl-67-113-245-38.dsl.snfc21.pacbell.net has connected.
Sun Dec 28 10:01:21 2003 :: Velhucius has quit.
Sun Dec 28 10:02:36 2003 :: Sock.sinaddr:  81.218.232.183
Sun Dec 28 10:02:38 2003 :: Loading Drinian.
Sun Dec 28 10:02:38 2003 :: Look out, Drinian@bzq-218-232-183.red.bezeqint.net has connected.
Sun Dec 28 10:02:54 2003 :: Log Gilean: snoop dek
Sun Dec 28 10:04:48 2003 :: Log Gilean: snoop gil
Sun Dec 28 10:05:49 2003 :: [WARNING] Dekyos tells Halek: hope they have fun being the highest non-hero levels on the MUD =P
Sun Dec 28 10:06:04 2003 :: EOF encountered on read.
Sun Dec 28 10:06:04 2003 :: Closing link to Rabaca.
Sun Dec 28 10:08:55 2003 :: Fenix has quit.
Sun Dec 28 10:09:21 2003 :: Sock.sinaddr:  213.22.249.135
Sun Dec 28 10:09:21 2003 :: Loading Molik.
Sun Dec 28 10:09:22 2003 :: Look out, Molik@a213-22-249-135.netcabo.pt has connected.
Sun Dec 28 10:09:23 2003 :: Sock.sinaddr:  216.244.30.135
Sun Dec 28 10:09:26 2003 :: Loading Danon.
Sun Dec 28 10:09:27 2003 :: Look out, Danon@pool0135.cvx38-bradley.dialup.earthlink.net has connected.
Sun Dec 28 10:09:58 2003 :: Xlix killed by an alley cat at 3026
Sun Dec 28 10:13:10 2003 :: Enchatior killed by a grave digger at 745
Sun Dec 28 10:14:08 2003 :: Sock.sinaddr:  81.193.160.120
Sun Dec 28 10:14:10 2003 :: Loading Velhucius.
Sun Dec 28 10:14:11 2003 :: Look out, Velhucius@81.193.160.120 has connected.
Sun Dec 28 10:14:16 2003 :: EOF encountered on read.
Sun Dec 28 10:14:16 2003 :: Closing link to Xlix.
Sun Dec 28 10:14:17 2003 :: Sock.sinaddr:  81.193.24.217
Sun Dec 28 10:14:22 2003 :: Loading Kamahl.
Sun Dec 28 10:14:24 2003 :: Look out, Kamahl@81.193.24.217 has connected.
Sun Dec 28 10:16:14 2003 :: EOF encountered on read.
Sun Dec 28 10:16:14 2003 :: Closing link to Kamahl.
Sun Dec 28 10:16:15 2003 :: Sock.sinaddr:  81.193.24.217
Sun Dec 28 10:16:20 2003 :: Loading Xlix.
Sun Dec 28 10:16:23 2003 :: Xlix@81.193.24.217 reconnected.
Sun Dec 28 10:17:01 2003 :: Shogum has quit.
Sun Dec 28 10:17:09 2003 :: Sock.sinaddr:  81.193.48.145
Sun Dec 28 10:17:10 2003 :: Loading Aeson.
Sun Dec 28 10:17:10 2003 :: Look out, Aeson@adslsapo-b4-48-145.telepac.pt has connected.
Sun Dec 28 10:19:55 2003 :: EOF encountered on read.
Sun Dec 28 10:19:55 2003 :: Closing link to Xlix.
Sun Dec 28 10:19:56 2003 :: Sock.sinaddr:  81.193.24.217
Sun Dec 28 10:20:32 2003 :: Sgyhgedh@81.193.24.217 new player.
Sun Dec 28 10:21:22 2003 :: Velhucius has quit.
Sun Dec 28 10:21:42 2003 :: Log Sgyhgedh: delete
Sun Dec 28 10:21:43 2003 :: Log Sgyhgedh: delete
Sun Dec 28 10:21:46 2003 :: Sock.sinaddr:  81.193.24.217
Sun Dec 28 10:21:49 2003 :: Loading Xlix.
Sun Dec 28 10:21:51 2003 :: Xlix@81.193.24.217 reconnected.
Sun Dec 28 10:22:22 2003 :: Rabaca has quit.
Sun Dec 28 10:23:40 2003 :: EOF encountered on read.
Sun Dec 28 10:23:40 2003 :: Closing link to Xlix.
Sun Dec 28 10:23:40 2003 :: Sock.sinaddr:  81.193.24.217
Sun Dec 28 10:23:50 2003 :: Loading Firkraag.
Sun Dec 28 10:23:52 2003 :: Look out, Firkraag@81.193.24.217 has connected.
Sun Dec 28 10:24:55 2003 :: EOF encountered on read.
Sun Dec 28 10:24:55 2003 :: Closing link to Firkraag.
Sun Dec 28 10:24:55 2003 :: Sock.sinaddr:  81.193.24.217
Sun Dec 28 10:24:59 2003 :: Loading Xlix.
Sun Dec 28 10:25:02 2003 :: Xlix@81.193.24.217 reconnected.
Sun Dec 28 10:25:12 2003 :: EOF encountered on read.
Sun Dec 28 10:25:12 2003 :: Closing link to Xlix.
Sun Dec 28 10:25:13 2003 :: Sock.sinaddr:  81.193.24.217
Sun Dec 28 10:25:19 2003 :: Loading Firkraag.
Sun Dec 28 10:25:22 2003 :: Firkraag@81.193.24.217 reconnected.
Sun Dec 28 10:25:38 2003 :: EOF encountered on read.
Sun Dec 28 10:25:38 2003 :: Closing link to Firkraag.
Sun Dec 28 10:25:39 2003 :: Sock.sinaddr:  81.193.24.217
Sun Dec 28 10:25:42 2003 :: Loading Xlix.
Sun Dec 28 10:25:44 2003 :: Xlix@81.193.24.217 reconnected.
Sun Dec 28 10:29:04 2003 :: EOF encountered on read.
Sun Dec 28 10:29:04 2003 :: Closing link to Xlix.
Sun Dec 28 10:29:06 2003 :: Sock.sinaddr:  81.193.24.217
Sun Dec 28 10:29:11 2003 :: Loading Kamahl.
Sun Dec 28 10:29:13 2003 :: Kamahl@81.193.24.217 reconnected.
Read_from_descriptor: Connection reset by peer
Sun Dec 28 10:29:24 2003 :: Closing link to Requi.
Sun Dec 28 10:30:04 2003 :: EOF encountered on read.
Sun Dec 28 10:30:04 2003 :: Closing link to Kamahl.
Sun Dec 28 10:30:05 2003 :: Sock.sinaddr:  81.193.24.217
Sun Dec 28 10:30:10 2003 :: EOF encountered on read.
Sun Dec 28 10:31:45 2003 :: Log Gilean: losereply molik
Sun Dec 28 10:31:45 2003 :: Sock.sinaddr:  67.113.245.38
Sun Dec 28 10:31:48 2003 :: Loading Requi.
Sun Dec 28 10:31:49 2003 :: Requi@adsl-67-113-245-38.dsl.snfc21.pacbell.net reconnected.
Sun Dec 28 10:34:38 2003 :: Enchatior gained level 7
Sun Dec 28 10:38:27 2003 :: a213-22-249-135.netcabo.pt input spamming!
Sun Dec 28 10:38:33 2003 :: a213-22-249-135.netcabo.pt input spamming!
Sun Dec 28 10:38:40 2003 :: a213-22-249-135.netcabo.pt input spamming!
Sun Dec 28 10:38:46 2003 :: a213-22-249-135.netcabo.pt input spamming!
Sun Dec 28 10:40:40 2003 :: Sock.sinaddr:  162.39.236.122
Sun Dec 28 10:40:47 2003 :: Loading Kuran.
Sun Dec 28 10:40:48 2003 :: Look out, Kuran@h122.236.39.162.ip.alltel.net has connected.
Sun Dec 28 10:40:52 2003 :: Dekyos has quit.
Sun Dec 28 10:41:34 2003 :: Sock.sinaddr:  35.12.22.232
Sun Dec 28 10:41:34 2003 :: Loading Kaera.
Sun Dec 28 10:41:35 2003 :: Look out, Kaera@pm838-30.dialip.mich.net has connected.
Sun Dec 28 10:41:53 2003 :: Firkraag has quit.
Sun Dec 28 10:42:00 2003 :: pm838-30.dialip.mich.net input spamming!
Sun Dec 28 10:42:06 2003 :: pm838-30.dialip.mich.net input spamming!
Sun Dec 28 10:42:08 2003 :: Sock.sinaddr:  81.193.160.120
Sun Dec 28 10:42:09 2003 :: Loading Velhucius.
Sun Dec 28 10:42:09 2003 :: Look out, Velhucius@81.193.160.120 has connected.
Sun Dec 28 10:42:13 2003 :: pm838-30.dialip.mich.net input spamming!
Sun Dec 28 10:42:20 2003 :: pm838-30.dialip.mich.net input spamming!
Sun Dec 28 10:42:27 2003 :: pm838-30.dialip.mich.net input spamming!
Sun Dec 28 10:42:38 2003 :: pm838-30.dialip.mich.net input spamming!
Sun Dec 28 10:42:41 2003 :: Enchatior has quit.
Sun Dec 28 10:42:47 2003 :: pm838-30.dialip.mich.net input spamming!
Sun Dec 28 10:42:54 2003 :: pm838-30.dialip.mich.net input spamming!
Sun Dec 28 10:43:00 2003 :: pm838-30.dialip.mich.net input spamming!
Sun Dec 28 10:43:07 2003 :: pm838-30.dialip.mich.net input spamming!
Sun Dec 28 10:43:13 2003 :: pm838-30.dialip.mich.net input spamming!
Sun Dec 28 10:43:20 2003 :: pm838-30.dialip.mich.net input spamming!
Sun Dec 28 10:43:26 2003 :: pm838-30.dialip.mich.net input spamming!
Sun Dec 28 10:43:35 2003 :: pm838-30.dialip.mich.net input spamming!
Sun Dec 28 10:43:42 2003 :: pm838-30.dialip.mich.net input spamming!
Sun Dec 28 10:43:49 2003 :: pm838-30.dialip.mich.net input spamming!
Sun Dec 28 10:43:56 2003 :: pm838-30.dialip.mich.net input spamming!
Sun Dec 28 10:44:03 2003 :: pm838-30.dialip.mich.net input spamming!
Sun Dec 28 10:44:10 2003 :: pm838-30.dialip.mich.net input spamming!
Sun Dec 28 10:44:17 2003 :: pm838-30.dialip.mich.net input spamming!
Sun Dec 28 10:44:42 2003 :: pm838-30.dialip.mich.net input spamming!
Sun Dec 28 10:44:47 2003 :: Danon gained level 27
Sun Dec 28 10:44:48 2003 :: pm838-30.dialip.mich.net input spamming!
Sun Dec 28 10:44:53 2003 :: Xlix has quit.
Sun Dec 28 10:44:55 2003 :: pm838-30.dialip.mich.net input spamming!
Sun Dec 28 10:45:02 2003 :: pm838-30.dialip.mich.net input spamming!
Sun Dec 28 10:45:09 2003 :: pm838-30.dialip.mich.net input spamming!
Sun Dec 28 10:45:24 2003 :: pm838-30.dialip.mich.net input spamming!
Sun Dec 28 10:45:30 2003 :: pm838-30.dialip.mich.net input spamming!
Sun Dec 28 10:45:43 2003 :: Requi gained level 29
Sun Dec 28 10:45:51 2003 :: pm838-30.dialip.mich.net input spamming!
Sun Dec 28 10:45:57 2003 :: pm838-30.dialip.mich.net input spamming!
Sun Dec 28 10:46:22 2003 :: pm838-30.dialip.mich.net input spamming!
Sun Dec 28 10:46:24 2003 :: Kamahl has quit.
Sun Dec 28 10:46:28 2003 :: pm838-30.dialip.mich.net input spamming!
Sun Dec 28 10:46:35 2003 :: pm838-30.dialip.mich.net input spamming!
Sun Dec 28 10:46:43 2003 :: pm838-30.dialip.mich.net input spamming!
Sun Dec 28 10:46:55 2003 :: pm838-30.dialip.mich.net input spamming!
Sun Dec 28 10:47:02 2003 :: pm838-30.dialip.mich.net input spamming!
Sun Dec 28 10:47:08 2003 :: pm838-30.dialip.mich.net input spamming!
Sun Dec 28 10:47:15 2003 :: pm838-30.dialip.mich.net input spamming!
Sun Dec 28 10:47:22 2003 :: pm838-30.dialip.mich.net input spamming!
Sun Dec 28 10:47:29 2003 :: pm838-30.dialip.mich.net input spamming!
Sun Dec 28 10:48:22 2003 :: pm838-30.dialip.mich.net input spamming!
Sun Dec 28 10:48:28 2003 :: pm838-30.dialip.mich.net input spamming!
Sun Dec 28 10:48:38 2003 :: pm838-30.dialip.mich.net input spamming!
Sun Dec 28 10:48:45 2003 :: pm838-30.dialip.mich.net input spamming!
Sun Dec 28 10:48:51 2003 :: pm838-30.dialip.mich.net input spamming!
Sun Dec 28 10:48:57 2003 :: pm838-30.dialip.mich.net input spamming!
Sun Dec 28 10:49:06 2003 :: pm838-30.dialip.mich.net input spamming!
Sun Dec 28 10:49:13 2003 :: pm838-30.dialip.mich.net input spamming!
Sun Dec 28 10:49:22 2003 :: pm838-30.dialip.mich.net input spamming!
Sun Dec 28 10:49:30 2003 :: pm838-30.dialip.mich.net input spamming!
Sun Dec 28 10:49:38 2003 :: pm838-30.dialip.mich.net input spamming!
Sun Dec 28 10:49:46 2003 :: pm838-30.dialip.mich.net input spamming!
Sun Dec 28 10:49:54 2003 :: pm838-30.dialip.mich.net input spamming!
Sun Dec 28 10:50:01 2003 :: pm838-30.dialip.mich.net input spamming!
Sun Dec 28 10:50:09 2003 :: pm838-30.dialip.mich.net input spamming!
Sun Dec 28 10:50:16 2003 :: pm838-30.dialip.mich.net input spamming!
Sun Dec 28 10:50:31 2003 :: pm838-30.dialip.mich.net input spamming!
Sun Dec 28 10:50:38 2003 :: pm838-30.dialip.mich.net input spamming!
Sun Dec 28 10:50:48 2003 :: pm838-30.dialip.mich.net input spamming!
Sun Dec 28 10:50:56 2003 :: pm838-30.dialip.mich.net input spamming!
Sun Dec 28 10:51:03 2003 :: pm838-30.dialip.mich.net input spamming!
Sun Dec 28 10:51:07 2003 :: Drinian gained level 32
Sun Dec 28 10:51:11 2003 :: pm838-30.dialip.mich.net input spamming!
Sun Dec 28 10:51:18 2003 :: pm838-30.dialip.mich.net input spamming!
Sun Dec 28 10:51:24 2003 :: pm838-30.dialip.mich.net input spamming!
Sun Dec 28 10:51:30 2003 :: pm838-30.dialip.mich.net input spamming!
Sun Dec 28 10:51:37 2003 :: pm838-30.dialip.mich.net input spamming!
Sun Dec 28 10:51:43 2003 :: pm838-30.dialip.mich.net input spamming!
Sun Dec 28 10:54:03 2003 :: Danon gained level 28
Sun Dec 28 10:57:05 2003 :: a213-22-249-135.netcabo.pt input spamming!
Sun Dec 28 10:57:11 2003 :: a213-22-249-135.netcabo.pt input spamming!
Sun Dec 28 10:57:17 2003 :: a213-22-249-135.netcabo.pt input spamming!
Sun Dec 28 10:57:23 2003 :: a213-22-249-135.netcabo.pt input spamming!
Sun Dec 28 10:58:59 2003 :: a213-22-249-135.netcabo.pt input spamming!
Sun Dec 28 10:59:05 2003 :: a213-22-249-135.netcabo.pt input spamming!
Sun Dec 28 10:59:12 2003 :: a213-22-249-135.netcabo.pt input spamming!
Sun Dec 28 10:59:18 2003 :: a213-22-249-135.netcabo.pt input spamming!
Sun Dec 28 10:59:24 2003 :: a213-22-249-135.netcabo.pt input spamming!
Sun Dec 28 10:59:30 2003 :: a213-22-249-135.netcabo.pt input spamming!
Sun Dec 28 10:59:31 2003 :: Molik gained level 4
Sun Dec 28 10:59:37 2003 :: a213-22-249-135.netcabo.pt input spamming!
Sun Dec 28 10:59:43 2003 :: a213-22-249-135.netcabo.pt input spamming!
Sun Dec 28 10:59:49 2003 :: a213-22-249-135.netcabo.pt input spamming!
Sun Dec 28 10:59:59 2003 :: a213-22-249-135.netcabo.pt input spamming!
Sun Dec 28 11:01:44 2003 :: a213-22-249-135.netcabo.pt input spamming!
Sun Dec 28 11:01:50 2003 :: a213-22-249-135.netcabo.pt input spamming!
Sun Dec 28 11:01:56 2003 :: a213-22-249-135.netcabo.pt input spamming!
Sun Dec 28 11:02:03 2003 :: a213-22-249-135.netcabo.pt input spamming!
Sun Dec 28 11:02:09 2003 :: a213-22-249-135.netcabo.pt input spamming!
Sun Dec 28 11:02:15 2003 :: a213-22-249-135.netcabo.pt input spamming!
Sun Dec 28 11:02:43 2003 :: a213-22-249-135.netcabo.pt input spamming!
Sun Dec 28 11:02:49 2003 :: a213-22-249-135.netcabo.pt input spamming!
Sun Dec 28 11:02:55 2003 :: a213-22-249-135.netcabo.pt input spamming!
Sun Dec 28 11:03:00 2003 :: Requi gained level 30
Sun Dec 28 11:03:02 2003 :: a213-22-249-135.netcabo.pt input spamming!
Sun Dec 28 11:03:08 2003 :: a213-22-249-135.netcabo.pt input spamming!
Sun Dec 28 11:03:14 2003 :: a213-22-249-135.netcabo.pt input spamming!
Sun Dec 28 11:03:20 2003 :: a213-22-249-135.netcabo.pt input spamming!
Sun Dec 28 11:04:29 2003 :: a213-22-249-135.netcabo.pt input spamming!
Sun Dec 28 11:04:35 2003 :: a213-22-249-135.netcabo.pt input spamming!
Sun Dec 28 11:04:42 2003 :: a213-22-249-135.netcabo.pt input spamming!
Sun Dec 28 11:07:42 2003 :: Sock.sinaddr:  193.126.177.61
Sun Dec 28 11:07:44 2003 :: Loading Fenix.
Sun Dec 28 11:07:45 2003 :: Look out, Fenix@d177061.vng.net.KPNQwest.pt has connected.
Sun Dec 28 11:08:21 2003 :: a213-22-249-135.netcabo.pt input spamming!
Sun Dec 28 11:08:27 2003 :: a213-22-249-135.netcabo.pt input spamming!
Sun Dec 28 11:08:34 2003 :: a213-22-249-135.netcabo.pt input spamming!
Sun Dec 28 11:08:40 2003 :: a213-22-249-135.netcabo.pt input spamming!
Sun Dec 28 11:08:46 2003 :: a213-22-249-135.netcabo.pt input spamming!
Sun Dec 28 11:11:10 2003 :: Danon gained level 29
Sun Dec 28 11:11:38 2003 :: a213-22-249-135.netcabo.pt input spamming!
Sun Dec 28 11:11:45 2003 :: a213-22-249-135.netcabo.pt input spamming!
Sun Dec 28 11:11:51 2003 :: a213-22-249-135.netcabo.pt input spamming!
Sun Dec 28 11:11:57 2003 :: a213-22-249-135.netcabo.pt input spamming!
Sun Dec 28 11:12:03 2003 :: a213-22-249-135.netcabo.pt input spamming!
Sun Dec 28 11:12:10 2003 :: a213-22-249-135.netcabo.pt input spamming!
Sun Dec 28 11:12:16 2003 :: a213-22-249-135.netcabo.pt input spamming!
Sun Dec 28 11:12:22 2003 :: a213-22-249-135.netcabo.pt input spamming!
Sun Dec 28 11:12:28 2003 :: a213-22-249-135.netcabo.pt input spamming!
Sun Dec 28 11:12:35 2003 :: a213-22-249-135.netcabo.pt input spamming!
Sun Dec 28 11:12:41 2003 :: a213-22-249-135.netcabo.pt input spamming!
Sun Dec 28 11:12:47 2003 :: a213-22-249-135.netcabo.pt input spamming!
Sun Dec 28 11:12:50 2003 :: Drinian gained level 33
Sun Dec 28 11:12:53 2003 :: a213-22-249-135.netcabo.pt input spamming!
Sun Dec 28 11:13:00 2003 :: a213-22-249-135.netcabo.pt input spamming!
Sun Dec 28 11:20:54 2003 :: Requi has quit.
Sun Dec 28 11:21:54 2003 :: EOF encountered on read.
Sun Dec 28 11:21:54 2003 :: Closing link to Drinian.
Sun Dec 28 11:25:08 2003 :: Sock.sinaddr:  81.218.232.183
Sun Dec 28 11:25:09 2003 :: Loading Drinian.
Sun Dec 28 11:25:09 2003 :: Drinian@bzq-218-232-183.red.bezeqint.net reconnected.
Sun Dec 28 11:29:03 2003 :: Sock.sinaddr:  81.218.232.183
Sun Dec 28 11:29:16 2003 :: EOF encountered on read.
Sun Dec 28 11:29:16 2003 :: Closing link to Drinian.
Sun Dec 28 11:29:19 2003 :: Loading Drinian.
Sun Dec 28 11:29:23 2003 :: Drinian@bzq-218-232-183.red.bezeqint.net reconnected.
Sun Dec 28 11:30:26 2003 :: Drinian has quit.
Sun Dec 28 11:33:08 2003 :: EOF encountered on read.
Sun Dec 28 11:33:08 2003 :: Closing link to Molik.
Sun Dec 28 11:33:13 2003 :: Sock.sinaddr:  213.22.249.135
Sun Dec 28 11:33:13 2003 :: Loading Molik.
Sun Dec 28 11:33:14 2003 :: Molik@a213-22-249-135.netcabo.pt reconnected.
Sun Dec 28 11:34:08 2003 :: EOF encountered on read.
Sun Dec 28 11:34:08 2003 :: Closing link to Molik.
Sun Dec 28 11:34:12 2003 :: Sock.sinaddr:  213.22.249.135
Sun Dec 28 11:34:12 2003 :: Loading Molik.
Sun Dec 28 11:34:13 2003 :: Molik@a213-22-249-135.netcabo.pt reconnected.
Sun Dec 28 11:34:17 2003 :: EOF encountered on read.
Sun Dec 28 11:34:17 2003 :: Closing link to Molik.
Sun Dec 28 11:34:22 2003 :: Sock.sinaddr:  213.22.249.135
Sun Dec 28 11:34:22 2003 :: Loading Molik.
Sun Dec 28 11:34:22 2003 :: Molik@a213-22-249-135.netcabo.pt reconnected.
Sun Dec 28 11:34:24 2003 :: EOF encountered on read.
Sun Dec 28 11:34:24 2003 :: Closing link to Molik.
Sun Dec 28 11:34:30 2003 :: Sock.sinaddr:  213.22.249.135
Sun Dec 28 11:34:30 2003 :: Loading Molik.
Sun Dec 28 11:34:30 2003 :: Molik@a213-22-249-135.netcabo.pt reconnected.
Sun Dec 28 11:34:33 2003 :: EOF encountered on read.
Sun Dec 28 11:34:33 2003 :: Closing link to Molik.
Sun Dec 28 11:34:37 2003 :: Sock.sinaddr:  213.22.249.135
Sun Dec 28 11:34:38 2003 :: Loading Molik.
Sun Dec 28 11:34:38 2003 :: Molik@a213-22-249-135.netcabo.pt reconnected.
Sun Dec 28 11:35:06 2003 :: Danon gained level 30
Sun Dec 28 11:35:06 2003 :: Kaera gained level 32
Sun Dec 28 11:39:54 2003 :: Sock.sinaddr:  62.219.143.199
Sun Dec 28 11:40:00 2003 :: Loading Saefelas.
Sun Dec 28 11:40:03 2003 :: Look out, Saefelas@bzq-219-143-199.red.bezeqint.net has connected.
Sun Dec 28 11:43:34 2003 :: Danon gained level 31
Sun Dec 28 11:44:22 2003 :: Kaera gained level 33
Sun Dec 28 11:46:11 2003 :: EOF encountered on read.
Sun Dec 28 11:46:11 2003 :: Closing link to Molik.
Sun Dec 28 11:46:25 2003 :: Sock.sinaddr:  213.22.249.135
Sun Dec 28 11:46:25 2003 :: Loading Harlon.
Sun Dec 28 11:46:25 2003 :: Look out, Harlon@a213-22-249-135.netcabo.pt has connected.
Sun Dec 28 11:48:55 2003 :: Harlon has quit.
Sun Dec 28 11:49:07 2003 :: Sock.sinaddr:  213.22.249.135
Sun Dec 28 11:49:08 2003 :: Loading Molik.
Sun Dec 28 11:49:08 2003 :: Molik@a213-22-249-135.netcabo.pt reconnected.
Sun Dec 28 11:50:03 2003 :: Saefelas has quit.
Sun Dec 28 11:51:47 2003 :: Danon gained level 32
Sun Dec 28 11:52:47 2003 :: Kuran killed by a hobgoblin at 4937
Sun Dec 28 11:53:12 2003 :: Velhucius killed by a hobgoblin female at 4935
Sun Dec 28 11:54:14 2003 :: Kaera gained level 34
Sun Dec 28 11:56:17 2003 :: Kuran has quit.
Sun Dec 28 11:57:32 2003 :: Sock.sinaddr:  193.136.33.194
Sun Dec 28 11:57:32 2003 :: Loading Xadaman.
Sun Dec 28 11:57:32 2003 :: Look out, Xadaman@aulas-a.fe.up.pt has connected.
Sun Dec 28 11:59:33 2003 :: Molik has quit.
Sun Dec 28 11:59:35 2003 :: Danon gained level 33
Sun Dec 28 12:03:01 2003 :: Sock.sinaddr:  209.179.53.201
Sun Dec 28 12:03:04 2003 :: Loading Danon.
Write_to_descriptor: Resource temporarily unavailable
Sun Dec 28 12:03:07 2003 :: Closing link to Danon.
Sun Dec 28 12:03:07 2003 :: Danon@pool0966.cvx16-bradley.dialup.earthlink.net reconnected.
Sun Dec 28 12:03:48 2003 :: Aeson gained level 22
Sun Dec 28 12:05:00 2003 :: Sock.sinaddr:  193.136.33.194
Sun Dec 28 12:05:01 2003 :: Loading Xendrilah.
Sun Dec 28 12:05:01 2003 :: Look out, Xendrilah@aulas-a.fe.up.pt has connected.
Sun Dec 28 12:05:08 2003 :: Xadaman has quit.
Sun Dec 28 12:05:21 2003 :: Kaera gained level 35
Sun Dec 28 12:06:01 2003 :: Xendrilah has quit.
Sun Dec 28 12:06:18 2003 :: Danon has quit.
Sun Dec 28 12:10:59 2003 :: Kaera has quit.
Sun Dec 28 12:14:12 2003 :: Sock.sinaddr:  193.136.33.194
Sun Dec 28 12:14:12 2003 :: Loading Cetebelem.
Sun Dec 28 12:14:12 2003 :: Look out, Cetebelem@aulas-a.fe.up.pt has connected.
Sun Dec 28 12:14:54 2003 :: Cetebelem has quit.
Sun Dec 28 12:14:58 2003 :: Sock.sinaddr:  193.136.33.194
Sun Dec 28 12:14:59 2003 :: Loading Xadaman.
Sun Dec 28 12:14:59 2003 :: Look out, Xadaman@aulas-a.fe.up.pt has connected.
Sun Dec 28 12:15:05 2003 :: EOF encountered on read.
Sun Dec 28 12:15:05 2003 :: Closing link to Xadaman.
Sun Dec 28 12:21:22 2003 :: Fenix has quit.
Sun Dec 28 12:21:33 2003 :: Sock.sinaddr:  193.126.177.61
Sun Dec 28 12:21:34 2003 :: Loading Zephid.
Sun Dec 28 12:21:34 2003 :: Look out, Zephid@d177061.vng.net.KPNQwest.pt has connected.
Sun Dec 28 12:22:05 2003 :: Sock.sinaddr:  193.136.33.194
Sun Dec 28 12:22:05 2003 :: Loading Xadaman.
Sun Dec 28 12:22:06 2003 :: Xadaman@aulas-a.fe.up.pt reconnected.
Sun Dec 28 12:22:34 2003 :: Xadaman has quit.
Sun Dec 28 12:22:46 2003 :: Sock.sinaddr:  193.136.33.194
Sun Dec 28 12:22:47 2003 :: Loading Xendrilah.
Sun Dec 28 12:22:47 2003 :: Look out, Xendrilah@aulas-a.fe.up.pt has connected.
Sun Dec 28 12:23:18 2003 :: Velhucius has quit.
Sun Dec 28 12:25:34 2003 :: Halek gained level 55
Sun Dec 28 12:30:13 2003 :: Xendrilah has quit.
Sun Dec 28 12:33:43 2003 :: Zephid has quit.
Sun Dec 28 12:33:44 2003 :: Sock.sinaddr:  81.193.160.120
Sun Dec 28 12:33:46 2003 :: Loading Velhucius.
Sun Dec 28 12:33:47 2003 :: Look out, Velhucius@81.193.160.120 has connected.
Sun Dec 28 12:40:22 2003 :: Sock.sinaddr:  35.12.22.232
Sun Dec 28 12:40:22 2003 :: Loading Astaria.
Sun Dec 28 12:40:22 2003 :: Look out, Astaria@pm838-30.dialip.mich.net has connected.
Sun Dec 28 12:40:57 2003 :: Sock.sinaddr:  81.84.10.120
Sun Dec 28 12:41:05 2003 :: Loading Larzuk.
Sun Dec 28 12:41:50 2003 :: Look out, Larzuk@81.84.10.120 has connected.
Sun Dec 28 12:42:30 2003 :: Sock.sinaddr:  193.136.33.194
Sun Dec 28 12:42:31 2003 :: Loading Xendrilah.
Sun Dec 28 12:42:31 2003 :: Look out, Xendrilah@aulas-a.fe.up.pt has connected.
Sun Dec 28 12:47:15 2003 :: Xendrilah has quit.
Sun Dec 28 12:51:40 2003 :: Larzuk killed by a wild dog at 3380
Sun Dec 28 12:56:11 2003 :: Sock.sinaddr:  35.12.22.232
Sun Dec 28 12:57:30 2003 :: EOF encountered on read.
Sun Dec 28 12:57:30 2003 :: Closing link to Grimble.
Sun Dec 28 12:58:26 2003 :: Sock.sinaddr:  213.13.227.29
Sun Dec 28 12:58:32 2003 :: Loading Xlix.
Sun Dec 28 12:58:34 2003 :: Look out, Xlix@213.13.227.29 has connected.
Sun Dec 28 13:03:21 2003 :: Log Gilean: trans vel
Sun Dec 28 13:07:42 2003 :: Aeson has quit.
Sun Dec 28 13:16:29 2003 :: EOF encountered on read.
Sun Dec 28 13:16:29 2003 :: Closing link to Xlix.
Sun Dec 28 13:21:14 2003 :: Log Velhucius: devote
Sun Dec 28 13:21:18 2003 :: Log Velhucius: devote Paladine
Sun Dec 28 13:22:01 2003 :: EOF encountered on read.
Sun Dec 28 13:22:01 2003 :: Closing link to Larzuk.
Sun Dec 28 13:28:04 2003 :: EOF encountered on read.
Sun Dec 28 13:28:04 2003 :: Closing link to Velhucius.
Sun Dec 28 13:32:23 2003 :: Xlix has quit.
Sun Dec 28 13:34:43 2003 :: Sock.sinaddr:  81.193.20.120
Sun Dec 28 13:34:43 2003 :: Loading Abu.
Sun Dec 28 13:34:44 2003 :: Look out, Abu@adslsapo-b4-20-120.telepac.pt has connected.
Sun Dec 28 13:35:55 2003 :: Abu has quit.
Sun Dec 28 13:36:00 2003 :: Sock.sinaddr:  81.193.20.120
Sun Dec 28 13:36:01 2003 :: Loading Adrastos.
Sun Dec 28 13:36:01 2003 :: Look out, Adrastos@adslsapo-b4-20-120.telepac.pt has connected.
Sun Dec 28 13:38:23 2003 :: Astaria has quit.
Sun Dec 28 13:39:08 2003 :: Larzuk has quit.
Sun Dec 28 13:39:08 2003 :: [*****] BUG: update_char: Trying to work with an invalidated character.

Sun Dec 28 13:42:21 2003 :: Adrastos has quit.
Sun Dec 28 13:44:23 2003 :: Velhucius has quit.
Sun Dec 28 13:44:43 2003 :: Sock.sinaddr:  24.154.35.243
Sun Dec 28 13:44:47 2003 :: Loading Majere.
Sun Dec 28 13:44:48 2003 :: Look out, Majere@acs-24-154-35-243.zoominternet.net has connected.
Sun Dec 28 13:53:43 2003 :: Log Majere: asperson gilean note list
Sun Dec 28 13:53:50 2003 :: Log Majere: asperson gilea note read 58
Sun Dec 28 13:53:58 2003 :: Sock.sinaddr:  162.39.94.177
Sun Dec 28 13:54:01 2003 :: Log Majere: asperson gilean note read 50
Sun Dec 28 13:54:02 2003 :: Loading Vasili.
Sun Dec 28 13:54:04 2003 :: Vasili. Bad Password. IP: h177.94.39.162.ip.alltel.net> agate
Sun Dec 28 13:54:04 2003 :: Closing link to Vasili.
Sun Dec 28 13:54:07 2003 :: Sock.sinaddr:  162.39.94.177
Sun Dec 28 13:54:09 2003 :: Log Majere: asperson gilean note read 51
Sun Dec 28 13:54:11 2003 :: Loading Vasili.
Sun Dec 28 13:54:14 2003 :: Look out, Vasili@h177.94.39.162.ip.alltel.net has connected.
Sun Dec 28 13:58:51 2003 :: Sock.sinaddr:  81.193.20.120
Sun Dec 28 13:58:52 2003 :: Loading Abu.
Sun Dec 28 13:58:52 2003 :: Look out, Abu@adslsapo-b4-20-120.telepac.pt has connected.
Sun Dec 28 14:00:30 2003 :: Vasili has quit.
Sun Dec 28 14:04:16 2003 :: Abu has quit.
Sun Dec 28 14:07:09 2003 :: Sock.sinaddr:  68.99.148.39
Sun Dec 28 14:07:16 2003 :: Loading Lanjr.
Sun Dec 28 14:07:19 2003 :: Look out, Lanjr@ip68-99-148-39.mc.at.cox.net has connected.
Sun Dec 28 14:21:41 2003 :: Sock.sinaddr:  24.154.35.243
Sun Dec 28 14:21:45 2003 :: Loading Roman.
Sun Dec 28 14:21:46 2003 :: Look out, Roman@acs-24-154-35-243.zoominternet.net has connected.
Sun Dec 28 14:23:50 2003 :: Sock.sinaddr:  35.12.22.232
Sun Dec 28 14:23:51 2003 :: Loading Astaria.
Sun Dec 28 14:23:51 2003 :: Look out, Astaria@pm838-30.dialip.mich.net has connected.
Sun Dec 28 14:24:26 2003 :: Roman has quit.
Sun Dec 28 14:48:43 2003 :: Log Lanjr: murder
Sun Dec 28 14:56:39 2003 :: Sock.sinaddr:  81.193.48.145
Sun Dec 28 14:56:39 2003 :: Loading Aeson.
Sun Dec 28 14:56:39 2003 :: Look out, Aeson@81.193.48.145 has connected.
Sun Dec 28 14:57:00 2003 :: Sock.sinaddr:  81.193.51.28
Sun Dec 28 14:57:00 2003 :: Loading Abu.
Sun Dec 28 14:57:01 2003 :: Look out, Abu@adslsapo-b4-51-28.telepac.pt has connected.
Sun Dec 28 14:57:13 2003 :: Lanjr gained level 7
Sun Dec 28 14:59:59 2003 :: Aeson has quit.
Sun Dec 28 15:00:08 2003 :: Sock.sinaddr:  81.193.48.145
Sun Dec 28 15:00:09 2003 :: Loading Shogum.
Sun Dec 28 15:00:09 2003 :: Look out, Shogum@81.193.48.145 has connected.
Sun Dec 28 15:05:21 2003 :: Log Majere: asperson shogum desc
Sun Dec 28 15:11:04 2003 :: Lanjr has quit.
Sun Dec 28 15:11:06 2003 :: Sock.sinaddr:  68.99.148.39
Sun Dec 28 15:11:09 2003 :: Loading Chath.
Sun Dec 28 15:11:11 2003 :: Look out, Chath@ip68-99-148-39.mc.at.cox.net has connected.
Sun Dec 28 15:12:37 2003 :: Chath has quit.
Sun Dec 28 15:12:39 2003 :: Sock.sinaddr:  68.99.148.39
Sun Dec 28 15:13:21 2003 :: Lan@ip68-99-148-39.mc.at.cox.net new player.
Sun Dec 28 15:18:10 2003 :: Log Lan: delete
Sun Dec 28 15:18:11 2003 :: Log Lan: delete
Sun Dec 28 15:18:16 2003 :: Sock.sinaddr:  68.99.148.39
Sun Dec 28 15:19:00 2003 :: Lan@ip68-99-148-39.mc.at.cox.net new player.
Sun Dec 28 15:22:38 2003 :: Sock.sinaddr:  65.81.175.136
Sun Dec 28 15:23:07 2003 :: Loading Aronath.
Sun Dec 28 15:23:10 2003 :: Look out, Aronath@adsl-81-175-136.mcn.bellsouth.net has connected.
Sun Dec 28 15:24:50 2003 :: Lan gained level 2
Sun Dec 28 15:26:03 2003 :: Sock.sinaddr:  193.126.166.247
Sun Dec 28 15:26:07 2003 :: Loading Bobius.
Sun Dec 28 15:26:10 2003 :: Look out, Bobius@d166247.prt.net.KPNQwest.pt has connected.
Sun Dec 28 15:28:04 2003 :: Sock.sinaddr:  193.136.33.194
Sun Dec 28 15:28:04 2003 :: Loading Xadaman.
Sun Dec 28 15:28:05 2003 :: Look out, Xadaman@aulas-a.fe.up.pt has connected.
Sun Dec 28 15:28:39 2003 :: Sock.sinaddr:  193.136.33.194
Sun Dec 28 15:28:40 2003 :: Loading Xendrilah.
Sun Dec 28 15:28:40 2003 :: Look out, Xendrilah@aulas-a.fe.up.pt has connected.
Sun Dec 28 15:28:50 2003 :: Lan gained level 3
Sun Dec 28 15:30:02 2003 :: Xendrilah has quit.
Sun Dec 28 15:33:36 2003 :: Lan gained level 4
Sun Dec 28 15:35:39 2003 :: Sock.sinaddr:  4.65.15.191
Sun Dec 28 15:35:41 2003 :: Loading Hydroth.
Sun Dec 28 15:35:41 2003 :: Look out, Hydroth@evrtwa1-ar5-4-65-015-191.evrtwa1.dsl-verizon.net has connected.
Sun Dec 28 15:36:10 2003 :: Hydroth has quit.
Sun Dec 28 15:38:58 2003 :: Shogum gained level 67
Sun Dec 28 15:40:09 2003 :: Lan gained level 5
Sun Dec 28 15:44:45 2003 :: Lan gained level 6
Sun Dec 28 15:54:25 2003 :: Lan killed by a little girl at 3363
Sun Dec 28 15:55:34 2003 :: Sock.sinaddr:  68.99.148.39
Sun Dec 28 15:55:39 2003 :: Loading Keren.
Sun Dec 28 15:55:40 2003 :: Look out, Keren@ip68-99-148-39.mc.at.cox.net has connected.
Sun Dec 28 15:58:42 2003 :: Keren has quit.
Sun Dec 28 16:04:49 2003 :: Lan gained level 7
Sun Dec 28 16:07:49 2003 :: Aronath has quit.
Sun Dec 28 16:08:58 2003 :: Lan gained level 8
Sun Dec 28 16:12:28 2003 :: Abu gained level 60
Sun Dec 28 16:15:44 2003 :: Sock.sinaddr:  65.81.175.136
Sun Dec 28 16:15:57 2003 :: Majere has quit.
Sun Dec 28 16:15:57 2003 :: Loading Aronath.
Sun Dec 28 16:16:00 2003 :: Look out, Aronath@adsl-81-175-136.mcn.bellsouth.net has connected.
Sun Dec 28 16:17:40 2003 :: Lan gained level 9
Sun Dec 28 16:17:42 2003 :: Aronath has quit.
Sun Dec 28 16:28:34 2003 :: Lan has quit.
Sun Dec 28 16:29:44 2003 :: Bobius gained level 60
Sun Dec 28 16:39:40 2003 :: Shogum has quit.
Sun Dec 28 16:42:06 2003 :: Sock.sinaddr:  209.179.228.34
Sun Dec 28 16:42:10 2003 :: Loading Danon.
Sun Dec 28 16:42:11 2003 :: Look out, Danon@pool0544.cvx12-bradley.dialup.earthlink.net has connected.
Sun Dec 28 16:42:55 2003 :: Abu has quit.
Sun Dec 28 16:48:02 2003 :: Xadaman has quit.
Sun Dec 28 16:48:26 2003 :: Bobius has quit.
Sun Dec 28 16:56:15 2003 :: Sock.sinaddr:  35.12.22.232
Sun Dec 28 16:56:16 2003 :: Loading Kaillen.
Sun Dec 28 16:56:16 2003 :: Look out, Kaillen@pm838-30.dialip.mich.net has connected.
Sun Dec 28 16:56:29 2003 :: Log Gilean: reward kaillen 750
Sun Dec 28 16:56:30 2003 :: Log Gilean: reward kaillen 750
Sun Dec 28 16:56:31 2003 :: Log Gilean: reward kaillen 750
Sun Dec 28 16:56:31 2003 :: Log Gilean: reward kaillen 750
Sun Dec 28 16:56:32 2003 :: Log Gilean: reward kaillen 750
Sun Dec 28 16:56:32 2003 :: Log Gilean: reward kaillen 750
Sun Dec 28 16:56:32 2003 :: Log Gilean: reward kaillen 750
Sun Dec 28 16:56:33 2003 :: Log Gilean: reward kaillen 750
Sun Dec 28 16:56:33 2003 :: Log Gilean: reward kaillen 750
Sun Dec 28 16:56:33 2003 :: Log Gilean: reward kaillen 750
Sun Dec 28 16:56:34 2003 :: Log Gilean: reward kaillen 750
Sun Dec 28 16:56:34 2003 :: Log Gilean: reward kaillen 750
Sun Dec 28 16:56:34 2003 :: Log Gilean: reward kaillen 750
Sun Dec 28 16:56:34 2003 :: Log Gilean: reward kaillen 750
Sun Dec 28 16:56:35 2003 :: Log Gilean: reward kaillen 750
Sun Dec 28 16:56:35 2003 :: Log Gilean: reward kaillen 750
Sun Dec 28 16:56:35 2003 :: Log Gilean: reward kaillen 750
Sun Dec 28 16:56:36 2003 :: Log Gilean: reward kaillen 750
Sun Dec 28 16:56:36 2003 :: Log Gilean: reward kaillen 750
Sun Dec 28 16:56:36 2003 :: Log Gilean: reward kaillen 750
Sun Dec 28 16:56:43 2003 :: Kaillen has quit.
Sun Dec 28 16:58:59 2003 :: Sock.sinaddr:  172.175.127.236
Sun Dec 28 16:59:00 2003 :: Loading Tinist.
Sun Dec 28 16:59:00 2003 :: Look out, Tinist@ACAF7FEC.ipt.aol.com has connected.
Sun Dec 28 16:59:54 2003 :: Tinist has quit.
Sun Dec 28 17:00:01 2003 :: Sock.sinaddr:  172.175.127.236
Sun Dec 28 17:00:01 2003 :: Loading Tinist.
Sun Dec 28 17:00:02 2003 :: Look out, Tinist@ACAF7FEC.ipt.aol.com has connected.
Sun Dec 28 17:00:08 2003 :: Tinist has quit.
Sun Dec 28 17:01:06 2003 :: Sock.sinaddr:  172.175.127.236
Sun Dec 28 17:01:06 2003 :: Loading Tinist.
Sun Dec 28 17:01:07 2003 :: Look out, Tinist@ACAF7FEC.ipt.aol.com has connected.
Sun Dec 28 17:01:34 2003 :: Tinist has quit.
Sun Dec 28 17:10:44 2003 :: Sock.sinaddr:  172.145.185.200
Sun Dec 28 17:10:44 2003 :: Loading Tinist.
Sun Dec 28 17:10:45 2003 :: Look out, Tinist@AC91B9C8.ipt.aol.com has connected.
Sun Dec 28 17:10:54 2003 :: Tinist has quit.
Sun Dec 28 17:23:59 2003 :: Sock.sinaddr:  172.145.185.200
Sun Dec 28 17:24:04 2003 :: Loading Dnift.
Sun Dec 28 17:24:05 2003 :: Look out, Dnift@AC91B9C8.ipt.aol.com has connected.
Sun Dec 28 17:24:14 2003 :: Dnift has quit.
Sun Dec 28 17:24:22 2003 :: Sock.sinaddr:  172.145.185.200
Sun Dec 28 17:24:23 2003 :: Loading Tinist.
Sun Dec 28 17:24:23 2003 :: Look out, Tinist@AC91B9C8.ipt.aol.com has connected.
Read_from_descriptor: Connection reset by peer
Sun Dec 28 17:25:01 2003 :: Closing link to Tinist.
Sun Dec 28 17:26:36 2003 :: Sock.sinaddr:  172.145.185.200
Sun Dec 28 17:26:37 2003 :: Loading Tinist.
Sun Dec 28 17:26:37 2003 :: Tinist@AC91B9C8.ipt.aol.com reconnected.
Sun Dec 28 17:50:40 2003 :: Danon killed by Lord Tyrion at 826
Sun Dec 28 17:53:01 2003 :: Danon has quit.
Sun Dec 28 18:02:04 2003 :: Sock.sinaddr:  212.10.163.135
Sun Dec 28 18:02:09 2003 :: Loading Lyne.
Sun Dec 28 18:02:11 2003 :: Lyne. Bad Password. IP: D40AA387.rev.stofanet.dk> freya
Sun Dec 28 18:02:11 2003 :: Closing link to Lyne.
Sun Dec 28 18:02:15 2003 :: Sock.sinaddr:  66.233.11.249
Sun Dec 28 18:02:18 2003 :: Loading Dekyos.
Sun Dec 28 18:02:18 2003 :: Sock.sinaddr:  212.10.163.135
Sun Dec 28 18:02:19 2003 :: Look out, Dekyos@cdm-66-233-11-249.fayt.cox-internet.com has connected.
Sun Dec 28 18:02:22 2003 :: Loading Lyne.
Sun Dec 28 18:02:25 2003 :: Look out, Lyne@D40AA387.rev.stofanet.dk has connected.
Sun Dec 28 18:02:57 2003 :: EOF encountered on read.
Sun Dec 28 18:02:57 2003 :: Closing link to Lyne.
Sun Dec 28 18:07:15 2003 :: Dekyos has quit.
Sun Dec 28 18:07:19 2003 :: Sock.sinaddr:  66.233.11.249
Sun Dec 28 18:07:22 2003 :: Loading Gyom.
Sun Dec 28 18:07:23 2003 :: Look out, Gyom@cdm-66-233-11-249.fayt.cox-internet.com has connected.
Sun Dec 28 18:07:24 2003 :: ** Adjusting recall point for Gyom. It was NULL.
Sun Dec 28 18:07:24 2003 :: Gyom gets skill eyerub
Sun Dec 28 18:08:45 2003 :: Tinist has quit.
Sun Dec 28 18:19:15 2003 :: Lyne has quit.
Sun Dec 28 18:19:50 2003 :: Sock.sinaddr:  66.169.120.245
Sun Dec 28 18:19:55 2003 :: EOF encountered on read.
Sun Dec 28 18:25:10 2003 :: Gyom has quit.
Sun Dec 28 18:29:36 2003 :: Sock.sinaddr:  67.123.68.23
Sun Dec 28 18:29:38 2003 :: Loading Requi.
Sun Dec 28 18:29:39 2003 :: Look out, Requi@adsl-67-123-68-23.dsl.snfc21.pacbell.net has connected.
Sun Dec 28 18:30:06 2003 :: Requi has quit.
Sun Dec 28 18:32:48 2003 :: Sock.sinaddr:  213.13.66.18
Sun Dec 28 18:32:49 2003 :: Loading Viriato.
Sun Dec 28 18:32:49 2003 :: Look out, Viriato@dial-b3-66-18.telepac.pt has connected.
Sun Dec 28 18:48:44 2003 :: Sock.sinaddr:  67.123.68.23
Sun Dec 28 18:48:48 2003 :: Loading Requi.
Sun Dec 28 18:48:49 2003 :: Look out, Requi@adsl-67-123-68-23.dsl.snfc21.pacbell.net has connected.
Sun Dec 28 18:50:13 2003 :: Sock.sinaddr:  67.168.123.84
Sun Dec 28 18:50:20 2003 :: Loading Cael.
Sun Dec 28 18:50:22 2003 :: Look out, Cael@c-67-168-123-84.client.comcast.net has connected.
Sun Dec 28 18:51:34 2003 :: Astaria has quit.
Sun Dec 28 18:51:59 2003 :: Cael has quit.
Sun Dec 28 18:52:32 2003 :: Requi has quit.
Sun Dec 28 19:04:22 2003 :: Sock.sinaddr:  193.136.33.200
Sun Dec 28 19:04:23 2003 :: Loading Xadaman.
Sun Dec 28 19:04:23 2003 :: Look out, Xadaman@aulas-i-p2.fe.up.pt has connected.
Sun Dec 28 19:06:19 2003 :: Sock.sinaddr:  35.12.22.232
Sun Dec 28 19:06:20 2003 :: Loading Astaria.
Sun Dec 28 19:06:20 2003 :: Look out, Astaria@pm838-30.dialip.mich.net has connected.
Sun Dec 28 19:08:01 2003 :: Xadaman has quit.
Sun Dec 28 19:08:44 2003 :: Sock.sinaddr:  66.233.11.249
Sun Dec 28 19:08:46 2003 :: Loading Dekyos.
Sun Dec 28 19:08:48 2003 :: Look out, Dekyos@cdm-66-233-11-249.fayt.cox-internet.com has connected.
Sun Dec 28 19:08:54 2003 :: Sock.sinaddr:  193.136.33.200
Sun Dec 28 19:09:01 2003 :: Loading Cetebelem.
Sun Dec 28 19:09:05 2003 :: Look out, Cetebelem@aulas-i-p2.fe.up.pt has connected.
Sun Dec 28 19:11:03 2003 :: Cetebelem has quit.
Sun Dec 28 19:11:26 2003 :: Sock.sinaddr:  24.154.35.243
Sun Dec 28 19:11:30 2003 :: Loading Majere.
Sun Dec 28 19:11:30 2003 :: Look out, Majere@acs-24-154-35-243.zoominternet.net has connected.
Sun Dec 28 19:14:25 2003 :: Sock.sinaddr:  209.179.228.42
Sun Dec 28 19:14:28 2003 :: Loading Danon.
Sun Dec 28 19:14:29 2003 :: Look out, Danon@pool0552.cvx12-bradley.dialup.earthlink.net has connected.
Sun Dec 28 19:14:44 2003 :: Danon has quit.
Sun Dec 28 19:19:41 2003 :: Sock.sinaddr:  172.192.21.80
Sun Dec 28 19:19:52 2003 :: Loading Jarek.
Sun Dec 28 19:19:54 2003 :: Look out, Jarek@ACC01550.ipt.aol.com has connected.
Sun Dec 28 19:20:36 2003 :: Viriato has quit.
Sun Dec 28 19:21:59 2003 :: Jarek has quit.
Sun Dec 28 19:23:08 2003 :: Dekyos has quit.
Sun Dec 28 19:25:21 2003 :: Log Gilean: trans asta
Sun Dec 28 19:25:27 2003 :: Log Astaria: devote
Sun Dec 28 19:25:40 2003 :: Log Astaria: devote
Sun Dec 28 19:25:46 2003 :: Log Astaria: devote
Sun Dec 28 19:25:55 2003 :: Log Astaria: devote whitemagic
Sun Dec 28 19:26:01 2003 :: Log Astaria: devote solinari
Sun Dec 28 19:29:36 2003 :: Log Gilean: laston serie
Sun Dec 28 19:31:12 2003 :: Log Majere: asperson gilean note list
Sun Dec 28 19:35:19 2003 :: Astaria has quit.
Sun Dec 28 19:36:00 2003 :: Halek has quit.
Sun Dec 28 19:36:13 2003 :: Sock.sinaddr:  24.69.76.179
Sun Dec 28 19:36:16 2003 :: Gilean has quit.
Sun Dec 28 19:36:54 2003 :: Loading Lerokuo.
Sun Dec 28 19:36:59 2003 :: Look out, Lerokuo@24.69.76.179 has connected.
Sun Dec 28 19:39:51 2003 :: Majere has quit.
Sun Dec 28 20:02:57 2003 :: Lerokuo has quit.
Sun Dec 28 20:02:57 2003 :: [*****] BUG: update_char: Trying to work with an invalidated character.

Sun Dec 28 20:25:49 2003 :: Sock.sinaddr:  67.161.87.29
Sun Dec 28 20:25:56 2003 :: Loading Balidor.
Sun Dec 28 20:25:58 2003 :: Look out, Balidor@c-67-161-87-29.client.comcast.net has connected.
Sun Dec 28 20:47:13 2003 :: Sock.sinaddr:  67.123.68.23
Sun Dec 28 20:47:19 2003 :: Loading Requi.
Sun Dec 28 20:47:20 2003 :: Look out, Requi@adsl-67-123-68-23.dsl.snfc21.pacbell.net has connected.
Sun Dec 28 20:47:23 2003 :: Requi has quit.
Sun Dec 28 21:17:27 2003 :: Balidor gained level 9
Sun Dec 28 21:46:19 2003 :: Sock.sinaddr:  172.175.67.186
Sun Dec 28 21:49:04 2003 :: Loading Draclau.
Sun Dec 28 21:49:06 2003 :: Look out, Draclau@ACAF43BA.ipt.aol.com has connected.
Sun Dec 28 21:51:31 2003 :: Balidor killed by a mean troll at 935
Sun Dec 28 21:54:36 2003 :: Balidor has quit.
Sun Dec 28 21:59:18 2003 :: Sock.sinaddr:  66.233.11.249
Sun Dec 28 21:59:21 2003 :: Loading Dekyos.
Sun Dec 28 21:59:23 2003 :: Look out, Dekyos@cdm-66-233-11-249.fayt.cox-internet.com has connected.
Sun Dec 28 22:03:15 2003 :: Sock.sinaddr:  67.168.123.84
Sun Dec 28 22:03:17 2003 :: Loading Cael.
Sun Dec 28 22:03:22 2003 :: Look out, Cael@c-67-168-123-84.client.comcast.net has connected.
Sun Dec 28 22:10:58 2003 :: [WARNING] Dekyos replies to Cael: no botting is what you did before, where you have a trigger go off every 5 mins to keep mud from booting you
Sun Dec 28 22:31:33 2003 :: Dekyos has quit.
Sun Dec 28 22:32:38 2003 :: Draclau gained level 8
Sun Dec 28 22:41:22 2003 :: Sock.sinaddr:  172.140.86.149
Sun Dec 28 22:41:22 2003 :: Loading Tinist.
Sun Dec 28 22:41:22 2003 :: Look out, Tinist@AC8C5695.ipt.aol.com has connected.
Sun Dec 28 22:43:00 2003 :: Cael gained level 25
Sun Dec 28 22:48:23 2003 :: Sock.sinaddr:  64.40.51.229
Sun Dec 28 22:48:24 2003 :: Loading Paladine.
Sun Dec 28 22:48:26 2003 :: Look out, Paladine@64-40-51-229.ncplus.net has connected.
Sun Dec 28 22:53:53 2003 :: Log Paladine: snoop drac
Sun Dec 28 22:53:59 2003 :: Log Paladine: snoop draclau
Sun Dec 28 23:03:38 2003 :: Log Paladine: snoop self
Sun Dec 28 23:06:09 2003 :: Log Paladine: check
Sun Dec 28 23:06:58 2003 :: Tinist has quit.
Sun Dec 28 23:55:05 2003 :: Sock.sinaddr:  62.219.143.199
Sun Dec 28 23:55:10 2003 :: Loading Drinian.
Sun Dec 28 23:55:12 2003 :: Look out, Drinian@bzq-219-143-199.red.bezeqint.net has connected.
Sun Dec 28 23:56:52 2003 :: Cael has quit.
Mon Dec 29 00:03:14 2003 :: Draclau gained level 9
Mon Dec 29 00:04:35 2003 :: EOF encountered on read.
Mon Dec 29 00:04:35 2003 :: Closing link to Draclau.
Mon Dec 29 00:09:45 2003 :: Log Paladine: punload draclau
Mon Dec 29 00:09:45 2003 :: Draclau has quit.
Mon Dec 29 00:26:37 2003 :: Drinian has quit.
Mon Dec 29 00:26:43 2003 :: Log Paladine: check
Mon Dec 29 00:26:49 2003 :: Log Paladine: restore all
Mon Dec 29 00:26:49 2003 :: Log Paladine: force all save
Mon Dec 29 00:26:55 2003 :: Sock.sinaddr:  62.219.143.199
Mon Dec 29 00:27:00 2003 :: Loading Drinian.
Mon Dec 29 00:27:02 2003 :: Log Paladine: asave changed
Mon Dec 29 00:27:02 2003 :: Log Paladine: copyover
Mon Dec 29 00:27:02 2003 :: Closing link to Drinian.
Mon Dec 29 00:27:02 2003 :: ROM is ready to rock on port 6100.
Mon Dec 29 00:27:02 2003 :: Copyover recovery initiated
Mon Dec 29 00:27:02 2003 :: Loading Paladine.
Mon Dec 29 00:27:05 2003 :: Sock.sinaddr:  62.219.143.199
Mon Dec 29 00:27:14 2003 :: Loading Drinian.
Mon Dec 29 00:27:17 2003 :: Look out, Drinian@bzq-219-143-199.red.bezeqint.net has connected.
Mon Dec 29 00:29:18 2003 :: Drinian has quit.
Mon Dec 29 00:30:28 2003 :: Sock.sinaddr:  62.219.143.199
Mon Dec 29 00:32:02 2003 :: Arendo@bzq-219-143-199.red.bezeqint.net new player.
Mon Dec 29 00:36:46 2003 :: Arendo gained level 2
Mon Dec 29 00:38:28 2003 :: Arendo gained level 3
Mon Dec 29 00:39:13 2003 :: Arendo has quit.
Mon Dec 29 01:05:50 2003 :: Log Paladine: check
Mon Dec 29 01:06:11 2003 :: Log Paladine: asave changed
Mon Dec 29 01:06:14 2003 :: Log Paladine: shutdown
Mon Dec 29 01:06:14 2003 :: Closing link to Paladine.
Mon Dec 29 01:06:15 2003 :: Normal termination of game.
