Wed Jan  8 00:19:32 2003 :: ROM is ready to rock on port 6100.
New_descriptor: accept: Connection reset by peer
Wed Jan  8 00:19:37 2003 :: Sock.sinaddr:  24.247.67.24
Wed Jan  8 00:19:38 2003 :: Sock.sinaddr:  64.40.55.175
Wed Jan  8 00:19:40 2003 :: Sock.sinaddr:  65.179.233.96
Wed Jan  8 00:19:43 2003 :: Loading Hiddukel.
Wed Jan  8 00:19:44 2003 :: Loading Paladine.
Wed Jan  8 00:19:44 2003 :: Look out, Hiddukel@24.247.67.24.up.mi.chartermi.net has connected.
Wed Jan  8 00:19:45 2003 :: Look out, Paladine@64-40-55-175.ncplus.net has connected.
Wed Jan  8 00:19:47 2003 :: Loading Morgion.
Wed Jan  8 00:19:49 2003 :: Look out, Morgion@sdn-ap-026castocP0350.dialsprint.net has connected.
Wed Jan  8 00:21:44 2003 :: Sock.sinaddr:  65.234.34.197
Wed Jan  8 00:21:45 2003 :: Loading Falcor.
Wed Jan  8 00:21:45 2003 :: Look out, Falcor@1Cust197.tnt3.mccomb.oh.da.uu.net has connected.
Wed Jan  8 00:21:55 2003 :: Sock.sinaddr:  65.179.233.96
Wed Jan  8 00:22:00 2003 :: Loading Sarven.
Wed Jan  8 00:22:03 2003 :: Look out, Sarven@sdn-ap-026castocP0350.dialsprint.net has connected.
Wed Jan  8 00:24:36 2003 :: Sock.sinaddr:  66.248.84.95
Wed Jan  8 00:24:36 2003 :: Loading Chemosh.
Wed Jan  8 00:24:37 2003 :: Look out, Chemosh@14-095.006.popsite.net has connected.
Wed Jan  8 00:24:41 2003 :: Log Chemosh: who
Wed Jan  8 00:24:59 2003 :: Sock.sinaddr:  24.95.185.82
Wed Jan  8 00:25:04 2003 :: Loading Cathryne.
Wed Jan  8 00:25:06 2003 :: Look out, Cathryne@syr-24-95-185-82.twcny.rr.com has connected.
Wed Jan  8 00:26:52 2003 :: EOF encountered on read.
Wed Jan  8 00:26:52 2003 :: Closing link to Cathryne.
Wed Jan  8 00:28:19 2003 :: Falcor has quit.
Wed Jan  8 00:29:10 2003 :: Sarven has quit.
Wed Jan  8 00:33:03 2003 :: Log Paladine: asave area
Wed Jan  8 00:33:10 2003 :: Log Paladine: check
Wed Jan  8 00:34:35 2003 :: Log Paladine: punload cath
Wed Jan  8 00:34:35 2003 :: Cathryne has quit.
Wed Jan  8 00:34:43 2003 :: Sock.sinaddr:  61.6.103.247
Wed Jan  8 00:34:48 2003 :: Loading Jubei.
Wed Jan  8 00:34:48 2003 :: Look out, Jubei@j233.iph40.jaring.my has connected.
Wed Jan  8 00:37:07 2003 :: Log Hiddukel: load obj 3723
Wed Jan  8 00:37:14 2003 :: Log Hiddukel: load obj 3263
Wed Jan  8 00:37:25 2003 :: Log Hiddukel: load obj 3162
Wed Jan  8 00:40:52 2003 :: Log Chemosh: who
Wed Jan  8 01:07:50 2003 :: Jubei has quit.
Wed Jan  8 01:14:54 2003 :: Sock.sinaddr:  216.194.99.14
Wed Jan  8 01:14:55 2003 :: EOF encountered on read.
Wed Jan  8 01:16:19 2003 :: Log Hiddukel: clean all
Wed Jan  8 01:16:19 2003 :: Deleted - Julianna

Wed Jan  8 01:17:13 2003 :: Sock.sinaddr:  24.247.67.24
Wed Jan  8 01:17:16 2003 :: Loading Julianna.
Wed Jan  8 01:17:16 2003 :: Denying access to Julianna@24.247.67.24.up.mi.chartermi.net.
Wed Jan  8 01:17:16 2003 :: Closing link to Julianna.
Wed Jan  8 01:19:00 2003 :: Log Chemosh: imm ack, who did i lose? =(
Wed Jan  8 01:20:37 2003 :: Log Chemosh: imm lol, how would u define active?
Wed Jan  8 01:21:12 2003 :: Log Chemosh: imm havent leveled in the past hundred or so hours, lol
Wed Jan  8 01:22:51 2003 :: Log Chemosh: imm haha, if you say so =P
Wed Jan  8 01:25:09 2003 :: Log Chemosh: imm nah, i have 1 =D
Wed Jan  8 01:25:18 2003 :: Log Chemosh: imm ok.. not something to be proud of..
Wed Jan  8 01:26:09 2003 :: Log Hiddukel: trans paladine
Wed Jan  8 01:27:13 2003 :: Log Chemosh: imm hmm, i was using scontagion i think
Wed Jan  8 01:30:55 2003 :: Log Chemosh: imm bah, gimme a mage and i'll be on my mort here too =P
Wed Jan  8 01:32:23 2003 :: Log Chemosh: imm i meant a mage char for me =)
Wed Jan  8 01:33:22 2003 :: Log Chemosh: imm i dont recruit for 'other' muds
Wed Jan  8 01:43:40 2003 :: Log Paladine: fvlist obj
Wed Jan  8 01:53:59 2003 :: Log Paladine: asave area
Wed Jan  8 01:54:14 2003 :: Log Paladine: load obj 5799
Wed Jan  8 02:00:47 2003 :: Log Hiddukel: trans paladine
Wed Jan  8 02:03:18 2003 :: Log Hiddukel: lastonimm
Wed Jan  8 02:14:47 2003 :: Log Paladine: igrab solanthus hiddukel
Wed Jan  8 02:14:58 2003 :: Log Paladine: load obj 5799
Wed Jan  8 02:35:40 2003 :: Log Hiddukel: trans morgion
Wed Jan  8 02:36:56 2003 :: Log Chemosh: imm you can help me with polar graphs =)
Wed Jan  8 02:37:22 2003 :: Log Chemosh: who
Wed Jan  8 02:37:46 2003 :: Log Chemosh: clantalk {r({RS{Doldier{r){w:{G graph using polar coordinate
Wed Jan  8 02:37:52 2003 :: Log Chemosh: imm graph using polar coordinate
Wed Jan  8 02:38:24 2003 :: Log Chemosh: imm and i'll be damned if i knew wat the hell a transcendental graph is
Wed Jan  8 02:39:48 2003 :: Log Chemosh: imm damn teacher wants us to graph our own alphabet...
Wed Jan  8 02:47:39 2003 :: Log Paladine: snoop morg
Wed Jan  8 02:48:45 2003 :: Log Paladine: snoop self
Wed Jan  8 02:50:47 2003 :: Sock.sinaddr:  64.40.55.175
Wed Jan  8 02:50:54 2003 :: Loading Kougyoku.
Read_from_descriptor: Connection reset by peer
Wed Jan  8 02:51:00 2003 :: Closing link to Kougyoku.
Wed Jan  8 02:52:31 2003 :: Log Paladine: laston kougyoku
Wed Jan  8 03:26:10 2003 :: Paladine has quit.
Wed Jan  8 03:26:18 2003 :: Log Chemosh: imm later
Wed Jan  8 03:26:25 2003 :: Log Hiddukel: sedit show bored
Wed Jan  8 03:37:17 2003 :: Log Chemosh: sock
Wed Jan  8 03:38:00 2003 :: Log Hiddukel: asperson chemosh sock
Wed Jan  8 03:38:00 2003 :: Log Chemosh: sock
Wed Jan  8 03:38:29 2003 :: Log Hiddukel: asperson chemosh wiznet status
Wed Jan  8 03:38:29 2003 :: Log Chemosh: wiznet status
Wed Jan  8 03:39:34 2003 :: Log Hiddukel: lastonimm
Wed Jan  8 03:42:30 2003 :: Log Hiddukel: log morgion
Wed Jan  8 03:42:49 2003 :: Log Morgion: 'some people I guess
Wed Jan  8 03:43:42 2003 :: Log Morgion: 'yea
Wed Jan  8 03:44:04 2003 :: Log Morgion: 'is he still all butt hurt about being demoted?
Wed Jan  8 03:44:51 2003 :: Log Morgion: 'he has not right to be mad over it though
Wed Jan  8 03:46:37 2003 :: Log Morgion: 'well you knew that already didnt you
Wed Jan  8 03:48:32 2003 :: Log Morgion: 'I wouldnt doubt it
Wed Jan  8 03:49:55 2003 :: Log Morgion: 'didnt he say something like " but I typed auto"
Wed Jan  8 03:52:51 2003 :: Log Morgion: shake
Wed Jan  8 03:55:44 2003 :: Log Hiddukel: laston dagg
Wed Jan  8 03:56:23 2003 :: Log Morgion: 'what ya cookin?
Wed Jan  8 03:58:06 2003 :: Log Morgion: 'right on
Wed Jan  8 03:59:04 2003 :: Log Morgion: 'oh yea, I was going through a box of some of my old stuff the other day and found a book of poems that my uncle wrote that I think you might find interesting
Wed Jan  8 03:59:18 2003 :: Log Morgion: 'about Desert Storm
Wed Jan  8 04:00:21 2003 :: Log Morgion: 'I'll send to one or two of them when I get back home if you would like
Wed Jan  8 04:10:09 2003 :: Log Morgion: '?
Wed Jan  8 04:10:52 2003 :: Log Morgion: 'so 2 alts at all times?
Wed Jan  8 04:12:01 2003 :: Log Morgion: nod
Wed Jan  8 04:13:16 2003 :: Log Morgion: 'ok, could you send me a NOTE giving a basic outline of what you would want so I dont forget anything?
Wed Jan  8 04:15:45 2003 :: Log Morgion: 'I cant log what is said
Wed Jan  8 04:16:33 2003 :: Log Morgion: 'sound good....well I wont forget that last part
Wed Jan  8 04:18:27 2003 :: Log Morgion: 'I dont really like summersflame
Wed Jan  8 04:19:16 2003 :: Log Morgion: 'I didnt get past the newbie school
Wed Jan  8 04:21:03 2003 :: Log Morgion: 'Ask Chemosh....
Wed Jan  8 04:21:24 2003 :: Log Morgion: 'I know
Wed Jan  8 04:21:32 2003 :: Log Morgion: 'I was being a smart ass
Wed Jan  8 04:23:30 2003 :: Log Morgion: 'I wish the poor fool good luck
Wed Jan  8 04:24:14 2003 :: Log Morgion: 'I've been here for some big changes
Wed Jan  8 04:24:59 2003 :: Log Morgion: nod
Wed Jan  8 04:43:45 2003 :: Log Morgion: smile
Wed Jan  8 04:44:32 2003 :: Log Morgion: note list
Wed Jan  8 04:44:48 2003 :: Log Morgion: nod
Wed Jan  8 04:46:43 2003 :: Log Hiddukel: laston persae
Wed Jan  8 04:49:46 2003 :: Log Morgion: prayfile read
Wed Jan  8 04:50:28 2003 :: Log Morgion: 'well is there anything else before I go crash out?
Wed Jan  8 04:55:37 2003 :: Log Morgion: 'okay, night Hidd talk to ya tomorrow
Wed Jan  8 04:55:43 2003 :: Log Morgion: goto 1219
Wed Jan  8 04:55:55 2003 :: Log Morgion: look
Wed Jan  8 04:56:09 2003 :: Log Morgion: '?
Wed Jan  8 04:56:20 2003 :: Log Morgion: 'did you come with me?
Wed Jan  8 04:56:48 2003 :: Log Morgion: who
Wed Jan  8 04:56:54 2003 :: Log Morgion: goto hidd
Wed Jan  8 04:57:02 2003 :: Log Morgion: 'heh
Wed Jan  8 04:57:23 2003 :: Log Morgion: 'ok so whats interesting?
Wed Jan  8 04:57:32 2003 :: Log Chemosh: who
Wed Jan  8 04:57:39 2003 :: Log Chemosh: imm ?
Wed Jan  8 04:58:43 2003 :: Log Morgion: 'right on
Wed Jan  8 04:58:48 2003 :: Log Morgion: nod
Wed Jan  8 04:58:54 2003 :: Log Morgion: 'goodnight
Wed Jan  8 04:58:58 2003 :: Log Morgion: 'or morning
Wed Jan  8 04:59:05 2003 :: Log Morgion: goto 1219
Wed Jan  8 04:59:10 2003 :: Log Morgion: imm night all
Wed Jan  8 04:59:12 2003 :: Log Morgion: save
Wed Jan  8 04:59:25 2003 :: Log Morgion: quit
Wed Jan  8 04:59:25 2003 :: Morgion has quit.
Wed Jan  8 05:06:45 2003 :: Log Chemosh: who
Wed Jan  8 05:06:51 2003 :: Log Chemosh: imm time to sleep.. night
Wed Jan  8 05:07:23 2003 :: Log Chemosh: quit
Wed Jan  8 05:07:23 2003 :: Chemosh has quit.
Wed Jan  8 06:12:07 2003 :: Sock.sinaddr:  172.136.240.221
Wed Jan  8 06:13:33 2003 :: Xalfor@AC88F0DD.ipt.aol.com new player.
Wed Jan  8 06:29:43 2003 :: Log Hiddukel: snoop xalfor
Wed Jan  8 06:29:57 2003 :: Log Hiddukel: force xalfor help cpose
Wed Jan  8 06:31:11 2003 :: Log Hiddukel: force xalfor l
Wed Jan  8 06:31:13 2003 :: Log Hiddukel: snoop self
Wed Jan  8 06:43:07 2003 :: Log Hiddukel: asperson xalfor sco
Wed Jan  8 06:43:55 2003 :: Log Hiddukel: empower xalfor 2
Wed Jan  8 06:45:37 2003 :: Hiddukel has quit.
Wed Jan  8 07:04:29 2003 :: EOF encountered on read.
Wed Jan  8 07:04:29 2003 :: Closing link to Xalfor.
Wed Jan  8 07:09:08 2003 :: Sock.sinaddr:  68.144.213.62
Wed Jan  8 07:09:09 2003 :: Loading Torianis.
Wed Jan  8 07:09:09 2003 :: Look out, Torianis@h68-144-213-62.cg.shawcable.net has connected.
Wed Jan  8 07:09:16 2003 :: Torianis has quit.
Wed Jan  8 07:20:25 2003 :: Xalfor has quit.
Wed Jan  8 09:46:22 2003 :: Sock.sinaddr:  24.237.149.123
Wed Jan  8 09:47:10 2003 :: Loading Tetrall.
Wed Jan  8 09:47:11 2003 :: Look out, Tetrall@123-149-237-24.sol-dial.gci.net has connected.
Wed Jan  8 10:20:32 2003 :: Tetrall killed by a small street dog at 3127
Wed Jan  8 10:29:41 2003 :: Sock.sinaddr:  24.247.67.24
Wed Jan  8 10:29:47 2003 :: Loading Hiddukel.
Wed Jan  8 10:29:51 2003 :: Look out, Hiddukel@24.247.67.24.up.mi.chartermi.net has connected.
Wed Jan  8 10:30:04 2003 :: Log Hiddukel: check
Wed Jan  8 10:31:22 2003 :: Log Hiddukel: restore tet
Wed Jan  8 10:41:59 2003 :: Tetrall killed by A druid-in-training at 3367
Wed Jan  8 10:42:01 2003 :: Log Hiddukel: resto
Wed Jan  8 10:42:28 2003 :: Log Hiddukel: reward tet 2000
Wed Jan  8 10:43:09 2003 :: Log Hiddukel: asperson tet spell
Wed Jan  8 10:44:12 2003 :: Log Hiddukel: apurge tet
Wed Jan  8 10:47:24 2003 :: Log Hiddukel: snoop tet
Wed Jan  8 10:47:37 2003 :: Log Hiddukel: snoop self
Wed Jan  8 10:48:17 2003 :: Log Hiddukel: snoop self
Wed Jan  8 10:51:33 2003 :: Log Hiddukel: asperson tet prac
Wed Jan  8 10:51:44 2003 :: Log Hiddukel: asperson tet skill
Wed Jan  8 10:53:32 2003 :: Log Hiddukel: restore
Wed Jan  8 10:55:20 2003 :: Log Hiddukel: asperson tet wo
Wed Jan  8 10:55:38 2003 :: Log Hiddukel: asperson tet wo
Wed Jan  8 10:55:48 2003 :: Log Hiddukel: set char tet steel 5068
Wed Jan  8 10:55:52 2003 :: Log Hiddukel: asperson tet wo
Wed Jan  8 10:56:30 2003 :: Log Hiddukel: asperson tet wo
Wed Jan  8 10:56:44 2003 :: Log Hiddukel: asperson tet spell
Wed Jan  8 10:56:49 2003 :: Log Hiddukel: asperson tet spell
Wed Jan  8 10:56:58 2003 :: Log Hiddukel: asperson tet skill
Wed Jan  8 11:01:03 2003 :: Log Hiddukel: restore all
Wed Jan  8 11:01:05 2003 :: Hiddukel has quit.
Wed Jan  8 11:02:49 2003 :: Tetrall gained level 12
Wed Jan  8 12:05:56 2003 :: Tetrall gained level 13
Wed Jan  8 12:22:39 2003 :: Tetrall has quit.
Wed Jan  8 12:28:09 2003 :: Sock.sinaddr:  65.179.241.236
Wed Jan  8 12:28:14 2003 :: Loading Morgion.
Wed Jan  8 12:28:19 2003 :: Look out, Morgion@sdn-ap-027castocP0490.dialsprint.net has connected.
Wed Jan  8 12:28:26 2003 :: Log Morgion: who
Wed Jan  8 12:28:33 2003 :: Log Morgion: wizi
Wed Jan  8 12:31:33 2003 :: Log Morgion: wizhelp
Wed Jan  8 12:31:42 2003 :: Log Morgion: laston nokomus
Wed Jan  8 12:33:17 2003 :: Log Morgion: wizlist
Wed Jan  8 12:33:24 2003 :: Sock.sinaddr:  4.64.88.32
Wed Jan  8 12:33:27 2003 :: Loading Lando.
Wed Jan  8 12:33:27 2003 :: Look out, Lando@evrtwa1-ar5-4-64-088-032.evrtwa1.dsl-verizon.net has connected.
Wed Jan  8 12:33:34 2003 :: Log Morgion: users
Wed Jan  8 12:33:43 2003 :: Sock.sinaddr:  65.179.241.236
Wed Jan  8 12:33:53 2003 :: Loading Rey.
Wed Jan  8 12:33:56 2003 :: Look out, Rey@sdn-ap-027castocP0490.dialsprint.net has connected.
Wed Jan  8 12:35:53 2003 :: Lando has quit.
Wed Jan  8 12:38:08 2003 :: Sock.sinaddr:  24.237.149.123
Wed Jan  8 12:38:15 2003 :: Loading Tetrall.
Wed Jan  8 12:38:18 2003 :: Look out, Tetrall@123-149-237-24.sol-dial.gci.net has connected.
Wed Jan  8 12:40:20 2003 :: Log Morgion: users
Wed Jan  8 12:41:00 2003 :: Sock.sinaddr:  65.179.241.236
Wed Jan  8 12:41:04 2003 :: Loading Zread.
Wed Jan  8 12:41:11 2003 :: Look out, Zread@sdn-ap-027castocP0490.dialsprint.net has connected.
Wed Jan  8 12:41:12 2003 :: Zread gets skill cure deafness
Wed Jan  8 12:55:22 2003 :: Rey has quit.
Wed Jan  8 13:01:16 2003 :: Log Morgion: who
Wed Jan  8 13:02:36 2003 :: Zread gained level 9
Wed Jan  8 13:19:02 2003 :: Log Morgion: stat zread
Wed Jan  8 13:33:51 2003 :: Zread gained level 10
Wed Jan  8 13:42:51 2003 :: Sock.sinaddr:  68.59.103.229
Wed Jan  8 13:43:14 2003 :: Sabriel@pcp01024240pcs.panamc01.fl.comcast.net new player.
Wed Jan  8 13:51:05 2003 :: Log Morgion: wizi
Wed Jan  8 13:53:59 2003 :: Tetrall gained level 14
Wed Jan  8 13:57:23 2003 :: Zread gained level 11
Wed Jan  8 13:58:52 2003 :: Log Morgion: socket
Wed Jan  8 14:05:01 2003 :: Zread has quit.
Wed Jan  8 14:05:05 2003 :: EOF encountered on read.
Wed Jan  8 14:05:05 2003 :: Closing link to Morgion.
Wed Jan  8 14:05:22 2003 :: Sock.sinaddr:  65.179.241.236
Wed Jan  8 14:05:26 2003 :: Loading Morgion.
Wed Jan  8 14:05:29 2003 :: Morgion@sdn-ap-027castocP0490.dialsprint.net reconnected.
Wed Jan  8 14:05:33 2003 :: Log Morgion: woh
Wed Jan  8 14:05:34 2003 :: Log Morgion: who
Wed Jan  8 14:05:37 2003 :: Log Morgion: quit
Wed Jan  8 14:05:37 2003 :: Morgion has quit.
Wed Jan  8 14:22:54 2003 :: Sock.sinaddr:  24.247.67.24
Wed Jan  8 14:22:57 2003 :: Loading Hiddukel.
Wed Jan  8 14:22:58 2003 :: Look out, Hiddukel@24.247.67.24.up.mi.chartermi.net has connected.
Wed Jan  8 14:23:02 2003 :: Log Hiddukel: check
Wed Jan  8 14:23:33 2003 :: Log Hiddukel: asperson tet spell
Wed Jan  8 14:24:02 2003 :: Log Hiddukel: asperson tet skil
Wed Jan  8 14:24:13 2003 :: Log Hiddukel: asperson tet prac
Wed Jan  8 14:25:19 2003 :: Sock.sinaddr:  216.89.114.214
Wed Jan  8 14:25:25 2003 :: Loading Majere.
Wed Jan  8 14:25:27 2003 :: Look out, Majere@216-89-114-214.bv.dp.net has connected.
Wed Jan  8 14:30:31 2003 :: Log Majere: switch wolf
Wed Jan  8 14:31:59 2003 :: Sock.sinaddr:  12.107.143.82
Wed Jan  8 14:32:25 2003 :: Log Majere: switch gully
Wed Jan  8 14:32:27 2003 :: EOF encountered on read.
Wed Jan  8 14:35:23 2003 :: Sock.sinaddr:  12.107.143.82
Wed Jan  8 14:35:31 2003 :: Loading Solinari.
Wed Jan  8 14:35:34 2003 :: Look out, Solinari@82-143-107-12-pbg-ny.dialin.westelcom.com has connected.
Read_from_descriptor: Connection reset by peer
Wed Jan  8 14:36:41 2003 :: Closing link to Hiddukel.
Wed Jan  8 14:39:20 2003 :: Sock.sinaddr:  24.247.67.24
Wed Jan  8 14:39:22 2003 :: Loading Hiddukel.
Wed Jan  8 14:39:24 2003 :: Hiddukel@24.247.67.24.up.mi.chartermi.net reconnected.
Wed Jan  8 14:47:26 2003 :: Log Majere: switch gully
Read_from_descriptor: Connection reset by peer
Wed Jan  8 14:52:47 2003 :: Closing link to Tetrall.
Wed Jan  8 14:52:51 2003 :: Sock.sinaddr:  24.237.149.123
Wed Jan  8 14:52:56 2003 :: Loading Tetrall.
Wed Jan  8 14:52:57 2003 :: Tetrall@123-149-237-24.sol-dial.gci.net reconnected.
Wed Jan  8 14:56:20 2003 :: Sock.sinaddr:  24.237.148.111
Wed Jan  8 14:56:24 2003 :: Loading Tetrall.
Wed Jan  8 14:56:28 2003 :: Closing link to Tetrall.
Wed Jan  8 14:56:28 2003 :: Tetrall@111-148-237-24.sol-dial.gci.net reconnected.
Wed Jan  8 15:17:42 2003 :: Log Hiddukel: snoop tet
Wed Jan  8 15:18:15 2003 :: Log Hiddukel: snoop self
Wed Jan  8 15:18:30 2003 :: Log Hiddukel: switch guardian
Wed Jan  8 15:18:38 2003 :: Log Hiddukel: switch forest
Wed Jan  8 15:20:48 2003 :: Log Forest Guardian: snoop tet
Wed Jan  8 15:23:02 2003 :: Sock.sinaddr:  66.248.81.164
Wed Jan  8 15:23:02 2003 :: Loading Chemosh.
Wed Jan  8 15:23:02 2003 :: Look out, Chemosh@11-164.006.popsite.net has connected.
Wed Jan  8 15:23:19 2003 :: Log Forest Guardian: snoop self
Wed Jan  8 15:24:06 2003 :: Log Chemosh: who
Wed Jan  8 15:24:44 2003 :: Log Solinari: string
Wed Jan  8 15:30:29 2003 :: Sock.sinaddr:  24.29.79.142
Wed Jan  8 15:30:32 2003 :: Loading Jessca.
Wed Jan  8 15:30:33 2003 :: Look out, Jessca@alb-24-29-79-142.nycap.rr.com has connected.
Wed Jan  8 15:31:42 2003 :: Sock.sinaddr:  216.89.114.214
Wed Jan  8 15:31:52 2003 :: Loading Roman.
Wed Jan  8 15:31:54 2003 :: Look out, Roman@216-89-114-214.bv.dp.net has connected.
Wed Jan  8 15:31:55 2003 :: Adjusting xp for Roman: xp=16054 level 4 scale=0 xp_to_lev=0
Wed Jan  8 15:31:55 2003 :: New xp=6475
Wed Jan  8 15:31:55 2003 :: Roman gets skill blindness
Wed Jan  8 15:31:55 2003 :: Roman gets skill cause critical
Wed Jan  8 15:31:55 2003 :: Roman gets skill cause light
Wed Jan  8 15:31:55 2003 :: Roman gets skill cause serious
Wed Jan  8 15:31:55 2003 :: Roman loses skill continual light
Wed Jan  8 15:31:55 2003 :: Roman loses skill create rose
Wed Jan  8 15:31:55 2003 :: Roman loses skill create water
Wed Jan  8 15:31:55 2003 :: Roman gets skill curse
Wed Jan  8 15:31:55 2003 :: Roman loses skill detect hidden
Wed Jan  8 15:31:55 2003 :: Roman loses skill forest vision
Wed Jan  8 15:31:55 2003 :: Roman loses skill detect magic
Wed Jan  8 15:31:55 2003 :: Roman gets skill energy drain
Wed Jan  8 15:31:55 2003 :: Roman loses skill farsight
Wed Jan  8 15:31:55 2003 :: Roman loses skill frenzy
Wed Jan  8 15:31:55 2003 :: Roman gets skill harm
Wed Jan  8 15:31:55 2003 :: Roman loses skill heat metal
Wed Jan  8 15:31:55 2003 :: Roman loses skill identify
Wed Jan  8 15:31:55 2003 :: Roman loses skill locate object
Wed Jan  8 15:31:55 2003 :: Roman gets skill aid
Wed Jan  8 15:31:55 2003 :: Roman gets skill plague
Wed Jan  8 15:31:55 2003 :: Roman loses skill protection good
Wed Jan  8 15:31:55 2003 :: Roman loses skill shield
Wed Jan  8 15:31:55 2003 :: Roman loses skill flesh to stone
Wed Jan  8 15:31:55 2003 :: Roman gets skill teleport
Wed Jan  8 15:31:55 2003 :: Roman gets skill word of recall
Wed Jan  8 15:31:55 2003 :: Roman loses skill flaming shield
Wed Jan  8 15:31:55 2003 :: Roman gets skill flail
Wed Jan  8 15:31:55 2003 :: Roman gets skill dodge
Wed Jan  8 15:31:55 2003 :: Roman gets skill enhanced damage
Wed Jan  8 15:31:55 2003 :: Roman gets skill hand to hand
Wed Jan  8 15:31:55 2003 :: Roman gets skill parry
Wed Jan  8 15:31:55 2003 :: Roman gets skill second attack
Wed Jan  8 15:31:55 2003 :: Roman gets skill deathgrip
Wed Jan  8 15:31:55 2003 :: Roman gets skill demand
Wed Jan  8 15:31:55 2003 :: Roman loses skill dragon skin
Wed Jan  8 15:31:55 2003 :: Roman gets skill silence
Wed Jan  8 15:31:55 2003 :: Roman gets skill traject
Wed Jan  8 15:31:55 2003 :: Roman gets skill mount
Wed Jan  8 15:31:55 2003 :: Roman loses skill ice shield
Wed Jan  8 15:31:55 2003 :: Roman loses skill sympathy
Wed Jan  8 15:31:55 2003 :: Roman loses skill wraithform
Wed Jan  8 15:31:55 2003 :: Roman loses skill badberry
Wed Jan  8 15:31:55 2003 :: Roman loses skill goodberry
Wed Jan  8 15:31:55 2003 :: Roman loses skill breath of nature
Wed Jan  8 15:31:55 2003 :: Roman loses skill druidstaff
Wed Jan  8 15:31:55 2003 :: Roman loses skill natures embrace
Wed Jan  8 15:31:55 2003 :: Roman gets skill pillify
Wed Jan  8 15:31:55 2003 :: Roman gets skill enlightenment
Wed Jan  8 15:31:55 2003 :: Roman loses skill bark skin
Wed Jan  8 15:31:55 2003 :: Roman gets skill brew
Wed Jan  8 15:31:55 2003 :: Roman gets skill scribe
Wed Jan  8 15:31:55 2003 :: Roman gets skill battle tactics
Wed Jan  8 15:31:55 2003 :: Roman loses skill battlestaff
Wed Jan  8 15:31:55 2003 :: Roman gets skill wear chain
Wed Jan  8 15:31:55 2003 :: Roman gets skill wear leather
Wed Jan  8 15:31:55 2003 :: Roman gets skill fast healing
Wed Jan  8 15:31:55 2003 :: Roman gets skill meditation
Wed Jan  8 15:31:55 2003 :: Roman loses skill bow
Wed Jan  8 15:31:55 2003 :: Roman loses skill grasping roots
Wed Jan  8 15:31:55 2003 :: Roman loses skill vermin plague
Wed Jan  8 15:31:55 2003 :: Roman loses skill detect presence
Wed Jan  8 15:31:55 2003 :: Roman loses skill sticks to snakes
Wed Jan  8 15:31:55 2003 :: Roman loses skill mooncloak
Wed Jan  8 15:31:55 2003 :: Roman gets skill taunt
Wed Jan  8 15:31:55 2003 :: Roman loses skill sparkshot
Wed Jan  8 15:31:55 2003 :: Roman loses skill sunray
Wed Jan  8 15:31:55 2003 :: Roman gets skill cure deafness
Wed Jan  8 15:38:43 2003 :: Sock.sinaddr:  216.89.113.102
Wed Jan  8 15:39:02 2003 :: Sock.sinaddr:  216.89.113.102
Wed Jan  8 15:39:06 2003 :: Loading Roman.
Wed Jan  8 15:39:09 2003 :: Closing link to Roman.
Wed Jan  8 15:39:09 2003 :: Roman@216-89-113-102.bv.dp.net reconnected.
Wed Jan  8 15:39:26 2003 :: Loading Majere.
Wed Jan  8 15:39:28 2003 :: Closing link to Majere.
Wed Jan  8 15:39:28 2003 :: Majere@216-89-113-102.bv.dp.net reconnected.
Wed Jan  8 15:41:38 2003 :: Jessca has quit.
Wed Jan  8 15:51:54 2003 :: Log Solinari: reward
Wed Jan  8 15:54:03 2003 :: Log Solinari: reward tetrall
Wed Jan  8 15:54:24 2003 :: Log Solinari: reward tetrall 3000
Wed Jan  8 15:54:32 2003 :: Log Solinari: reward tetrall 200
Wed Jan  8 15:59:57 2003 :: Solinari has quit.
Wed Jan  8 16:01:12 2003 :: Tetrall killed by a helpless beggar at 3383
Wed Jan  8 16:03:10 2003 :: Majere has quit.
Wed Jan  8 16:03:15 2003 :: Roman has quit.
Wed Jan  8 16:03:34 2003 :: Log Chemosh: who
Wed Jan  8 16:06:40 2003 :: Sock.sinaddr:  68.144.213.62
Wed Jan  8 16:06:42 2003 :: Loading Torianis.
Wed Jan  8 16:06:42 2003 :: Look out, Torianis@h68-144-213-62.cg.shawcable.net has connected.
Wed Jan  8 16:13:15 2003 :: Tetrall has quit.
Wed Jan  8 16:29:05 2003 :: Torianis has quit.
Wed Jan  8 17:32:34 2003 :: Sock.sinaddr:  65.179.240.251
Wed Jan  8 17:32:35 2003 :: Loading Morgion.
Wed Jan  8 17:32:35 2003 :: Look out, Morgion@sdn-ap-027castocP0251.dialsprint.net has connected.
Wed Jan  8 17:32:40 2003 :: Log Morgion: who
Wed Jan  8 17:34:00 2003 :: Log Morgion: imm lo
Wed Jan  8 17:35:14 2003 :: Sock.sinaddr:  68.144.213.62
Wed Jan  8 17:35:14 2003 :: Loading Torianis.
Wed Jan  8 17:35:15 2003 :: Torianis. Bad Password. IP: h68-144-213-62.cg.shawcable.net> 
Wed Jan  8 17:35:15 2003 :: Closing link to Torianis.
Wed Jan  8 17:35:17 2003 :: Sock.sinaddr:  68.144.213.62
Wed Jan  8 17:35:18 2003 :: Loading Torianis.
Wed Jan  8 17:35:19 2003 :: Look out, Torianis@h68-144-213-62.cg.shawcable.net has connected.
Wed Jan  8 17:35:28 2003 :: Torianis has quit.
Wed Jan  8 17:35:58 2003 :: Log Morgion: afk
Wed Jan  8 17:49:05 2003 :: Sock.sinaddr:  216.89.113.219
Wed Jan  8 17:49:12 2003 :: Sock.sinaddr:  216.89.113.219
Wed Jan  8 17:49:21 2003 :: Loading Majere.
Wed Jan  8 17:49:25 2003 :: Loading Roman.
Wed Jan  8 17:49:32 2003 :: Look out, Majere@216-89-113-219.bv.dp.net has connected.
Wed Jan  8 17:49:37 2003 :: Roman. Bad Password. IP: 216-89-113-219.bv.dp.net> iforgotiforgot
Wed Jan  8 17:49:37 2003 :: Closing link to Roman.
Wed Jan  8 17:51:24 2003 :: Majere has quit.
Wed Jan  8 17:53:28 2003 :: Sock.sinaddr:  68.144.213.62
Wed Jan  8 17:53:29 2003 :: Loading Torianis.
Wed Jan  8 17:53:29 2003 :: Look out, Torianis@h68-144-213-62.cg.shawcable.net has connected.
Wed Jan  8 17:53:55 2003 :: Log Morgion: afk
Wed Jan  8 17:53:57 2003 :: Log Morgion: weho
Wed Jan  8 17:53:58 2003 :: Log Morgion: who
Wed Jan  8 17:54:03 2003 :: Log Morgion: users
Wed Jan  8 17:54:18 2003 :: Sock.sinaddr:  65.179.240.251
Wed Jan  8 17:54:21 2003 :: Loading Rey.
Wed Jan  8 17:54:24 2003 :: Look out, Rey@sdn-ap-027castocP0251.dialsprint.net has connected.
Wed Jan  8 17:56:07 2003 :: Torianis has quit.
Wed Jan  8 18:16:41 2003 :: Rey has quit.
Wed Jan  8 18:16:47 2003 :: Log Morgion: imm be back a bit later
Wed Jan  8 18:16:48 2003 :: Log Morgion: who
Wed Jan  8 18:16:52 2003 :: Log Morgion: quit
Wed Jan  8 18:16:52 2003 :: Morgion has quit.
Wed Jan  8 18:26:38 2003 :: Sock.sinaddr:  61.6.103.69
Wed Jan  8 18:26:44 2003 :: Loading Ulrik.
Wed Jan  8 18:26:44 2003 :: Look out, Ulrik@j55.iph40.jaring.my has connected.
Wed Jan  8 18:41:46 2003 :: Sock.sinaddr:  216.89.115.173
Wed Jan  8 18:41:52 2003 :: Loading Majere.
Wed Jan  8 18:41:54 2003 :: Look out, Majere@216-89-115-173.bv.dp.net has connected.
Wed Jan  8 18:42:31 2003 :: Majere has quit.
Wed Jan  8 18:44:21 2003 :: [*****] BUG: Mobprog: invalid if_check (if), mob 8740 prog 8740
Wed Jan  8 18:48:20 2003 :: [*****] BUG: Mobprog: invalid if_check (if), mob 8740 prog 8740
Wed Jan  8 18:57:57 2003 :: Sock.sinaddr:  68.144.213.62
Wed Jan  8 18:57:59 2003 :: Loading Torianis.
Wed Jan  8 18:57:59 2003 :: Look out, Torianis@h68-144-213-62.cg.shawcable.net has connected.
Wed Jan  8 19:00:43 2003 :: Log Hiddukel: check
Wed Jan  8 19:04:13 2003 :: Log Hiddukel: trans tor
Wed Jan  8 19:04:17 2003 :: Log Hiddukel: restore
Wed Jan  8 19:04:29 2003 :: Log Hiddukel: empower tor 25
Wed Jan  8 19:15:50 2003 :: Log Hiddukel: clone map
Wed Jan  8 19:15:50 2003 :: Log Hiddukel: clone map
Wed Jan  8 19:15:52 2003 :: Log Hiddukel: clone map
Wed Jan  8 19:17:27 2003 :: Log Hiddukel: snoop tor
Wed Jan  8 19:18:28 2003 :: Log Hiddukel: asperson torianis autoexit
Wed Jan  8 19:18:32 2003 :: Log Hiddukel: asperson tor auto
Wed Jan  8 19:18:41 2003 :: Log Hiddukel: asperson tor autosplit
Wed Jan  8 19:18:47 2003 :: Log Hiddukel: asperson tor autoassist
Wed Jan  8 19:19:58 2003 :: Log Hiddukel: force tor give 2 gold inn
Wed Jan  8 19:20:39 2003 :: Log Hiddukel: snoop selgf
Wed Jan  8 19:20:41 2003 :: Log Hiddukel: snoop self
Wed Jan  8 19:25:18 2003 :: Log Hiddukel: lastonimm
Wed Jan  8 19:29:21 2003 :: Torianis has quit.
Wed Jan  8 19:36:11 2003 :: Sock.sinaddr:  24.247.67.24
Wed Jan  8 19:36:13 2003 :: Loading Hojo.
Wed Jan  8 19:36:15 2003 :: Look out, Hojo@24.247.67.24.up.mi.chartermi.net has connected.
Wed Jan  8 19:36:26 2003 :: Log Hiddukel: empower hojo 37
Wed Jan  8 19:36:30 2003 :: Log Hiddukel: restore
Wed Jan  8 19:36:49 2003 :: Log Hiddukel: trans hojo 3001
Wed Jan  8 19:42:44 2003 :: Sock.sinaddr:  68.144.213.62
Wed Jan  8 19:42:46 2003 :: Loading Torianis.
Wed Jan  8 19:42:46 2003 :: Look out, Torianis@h68-144-213-62.cg.shawcable.net has connected.
Wed Jan  8 19:43:40 2003 :: Log Hiddukel: trans tor ulrik
Wed Jan  8 19:46:01 2003 :: Hojo has quit.
Wed Jan  8 19:56:11 2003 :: [*****] BUG: Do_brandish: bad sn -1.
Wed Jan  8 20:07:17 2003 :: Sock.sinaddr:  65.179.232.66
Wed Jan  8 20:07:17 2003 :: Loading Morgion.
Wed Jan  8 20:07:18 2003 :: Look out, Morgion@sdn-ap-026castocP0066.dialsprint.net has connected.
Wed Jan  8 20:07:27 2003 :: Log Morgion: who
Wed Jan  8 20:07:52 2003 :: Log Morgion: imm lo
Wed Jan  8 20:07:58 2003 :: Log Morgion: users
Wed Jan  8 20:08:49 2003 :: Log Morgion: i
Wed Jan  8 20:09:31 2003 :: Log Morgion: mwhere
Wed Jan  8 20:09:51 2003 :: Sock.sinaddr:  65.179.232.66
Wed Jan  8 20:09:54 2003 :: Loading Rey.
Wed Jan  8 20:09:57 2003 :: Look out, Rey@sdn-ap-026castocP0066.dialsprint.net has connected.
Wed Jan  8 20:11:46 2003 :: Log Morgion: imm whats going on Hidd
Wed Jan  8 20:12:20 2003 :: Log Hiddukel: empower rey 25
Wed Jan  8 20:12:45 2003 :: Log Morgion: imm trying to think of a way to earn some quick cash
Wed Jan  8 20:13:16 2003 :: Log Morgion: imm yeah
Wed Jan  8 20:13:28 2003 :: Log Morgion: imm the fuel pump is 70 bucks
Wed Jan  8 20:14:33 2003 :: Log Morgion: imm the one I need is for a turbo though
Wed Jan  8 20:16:23 2003 :: Log Morgion: imm yeah but the turbo engin is 1.8 ltr abd the non-turbo is 2.0
Wed Jan  8 20:18:00 2003 :: Log Morgion: imm dont ask me
Wed Jan  8 20:18:13 2003 :: Log Morgion: imm I know nothing about that
Wed Jan  8 20:18:50 2003 :: Log Morgion: imm 1986 pontiac sunbird
Wed Jan  8 20:20:27 2003 :: Log Morgion: imm just horse power?
Wed Jan  8 20:21:05 2003 :: Log Morgion: stat lifestealer
Wed Jan  8 20:21:08 2003 :: Log Morgion: stat life
Wed Jan  8 20:21:13 2003 :: Log Morgion: stat life s
Wed Jan  8 20:22:29 2003 :: Log Morgion: imm I think I get it now
Wed Jan  8 20:24:07 2003 :: Log Morgion: imm I think so
Wed Jan  8 20:24:46 2003 :: Log Morgion: imm me either
Wed Jan  8 20:27:37 2003 :: Log Morgion: imm heh
Wed Jan  8 20:27:44 2003 :: Log Morgion: im so take a nap
Wed Jan  8 20:27:44 2003 :: [*****] BUG: Do_brandish: bad sn -1.
Wed Jan  8 20:27:50 2003 :: Log Morgion: imm so take a nap
Wed Jan  8 20:34:05 2003 :: Log Morgion: who
Wed Jan  8 20:41:39 2003 :: Sock.sinaddr:  65.234.34.244
Wed Jan  8 20:41:39 2003 :: Loading Falcor.
Wed Jan  8 20:41:39 2003 :: Look out, Falcor@1Cust244.tnt3.mccomb.oh.da.uu.net has connected.
Wed Jan  8 20:42:24 2003 :: Falcor has quit.
Wed Jan  8 20:53:03 2003 :: Torianis gained level 26
Wed Jan  8 20:54:31 2003 :: Log Morgion: wizi
Wed Jan  8 20:57:00 2003 :: Rey gained level 26
Wed Jan  8 20:59:06 2003 :: Rey killed by city guard at 9805
Wed Jan  8 21:00:37 2003 :: Torianis has quit.
Wed Jan  8 21:02:23 2003 :: Ulrik has quit.
Wed Jan  8 21:03:24 2003 :: Log Morgion: goto palanthas
Wed Jan  8 21:03:28 2003 :: Log Morgion: 
Wed Jan  8 21:03:31 2003 :: Log Morgion: stand
Wed Jan  8 21:03:31 2003 :: Log Morgion: 
Wed Jan  8 21:03:35 2003 :: Log Morgion: c sum rey
Wed Jan  8 21:03:43 2003 :: Log Morgion: c sum rey
Wed Jan  8 21:03:48 2003 :: Log Morgion: goto rey
Wed Jan  8 21:03:56 2003 :: Log Morgion: wizhelp
Wed Jan  8 21:04:02 2003 :: Log Morgion: sendhome rey
Wed Jan  8 21:04:06 2003 :: Log Morgion: goto 1219
Wed Jan  8 21:09:23 2003 :: Log Morgion: who
Wed Jan  8 21:31:23 2003 :: Log Morgion: imm lalala......it's quiet tonight
Wed Jan  8 21:35:03 2003 :: Log Morgion: who
Wed Jan  8 21:41:40 2003 :: Sock.sinaddr:  65.179.241.194
Wed Jan  8 21:41:41 2003 :: Loading Morgion.
Wed Jan  8 21:41:43 2003 :: Closing link to Morgion.
Wed Jan  8 21:41:43 2003 :: Morgion@sdn-ap-027castocP0448.dialsprint.net reconnected.
Wed Jan  8 21:41:50 2003 :: Sock.sinaddr:  65.179.241.194
Wed Jan  8 21:41:51 2003 :: Loading Rey.
Wed Jan  8 21:41:56 2003 :: Closing link to Rey.
Wed Jan  8 21:41:56 2003 :: Rey@sdn-ap-027castocP0448.dialsprint.net reconnected.
Wed Jan  8 21:51:31 2003 :: Log Morgion: who
Wed Jan  8 21:58:55 2003 :: Sock.sinaddr:  66.248.84.108
Wed Jan  8 21:58:56 2003 :: Loading Chemosh.
Wed Jan  8 21:58:56 2003 :: Closing link to Chemosh.
Wed Jan  8 21:58:56 2003 :: Chemosh@14-108.006.popsite.net reconnected.
Wed Jan  8 22:27:51 2003 :: Log Morgion: who
Wed Jan  8 22:27:57 2003 :: Log Hiddukel: log morgion
Wed Jan  8 22:40:53 2003 :: Sock.sinaddr:  24.237.150.110
Wed Jan  8 22:40:58 2003 :: Loading Tetrall.
Wed Jan  8 22:40:59 2003 :: Look out, Tetrall@110-150-237-24.sol-dial.gci.net has connected.
Wed Jan  8 22:48:52 2003 :: Sock.sinaddr:  63.187.144.89
Wed Jan  8 22:48:55 2003 :: Sock.sinaddr:  63.187.144.89
Wed Jan  8 22:48:56 2003 :: Loading Morgion.
Wed Jan  8 22:49:01 2003 :: Closing link to Morgion.
Wed Jan  8 22:49:01 2003 :: Morgion@sdn-ap-015castocP0089.dialsprint.net reconnected.
Wed Jan  8 22:49:05 2003 :: Loading Rey.
Wed Jan  8 22:49:09 2003 :: Closing link to Rey.
Wed Jan  8 22:49:09 2003 :: Rey@sdn-ap-015castocP0089.dialsprint.net reconnected.
Wed Jan  8 22:51:32 2003 :: Sock.sinaddr:  63.187.144.89
Wed Jan  8 22:51:36 2003 :: Loading Zread.
Wed Jan  8 22:51:38 2003 :: Look out, Zread@sdn-ap-015castocP0089.dialsprint.net has connected.
Wed Jan  8 22:53:35 2003 :: Sock.sinaddr:  68.144.213.62
Wed Jan  8 22:53:40 2003 :: Loading Torianis.
Wed Jan  8 22:53:43 2003 :: Look out, Torianis@h68-144-213-62.cg.shawcable.net has connected.
Wed Jan  8 22:54:44 2003 :: Sock.sinaddr:  24.247.67.24
Wed Jan  8 22:54:46 2003 :: Loading Hojo.
Wed Jan  8 22:54:48 2003 :: Look out, Hojo@24.247.67.24.up.mi.chartermi.net has connected.
Wed Jan  8 22:55:14 2003 :: Log Hiddukel: empower hojo 32
Wed Jan  8 22:58:40 2003 :: Hojo has quit.
Wed Jan  8 23:02:23 2003 :: Torianis has quit.
Wed Jan  8 23:06:32 2003 :: Sock.sinaddr:  65.178.65.8
Wed Jan  8 23:06:33 2003 :: Loading Morgion.
Wed Jan  8 23:06:33 2003 :: Closing link to Morgion.
Wed Jan  8 23:06:33 2003 :: Morgion@sdn-ap-019castocP0262.dialsprint.net reconnected.
Wed Jan  8 23:06:39 2003 :: Sock.sinaddr:  65.178.65.8
Wed Jan  8 23:06:43 2003 :: Loading Zread.
Wed Jan  8 23:06:47 2003 :: Closing link to Zread.
Wed Jan  8 23:06:47 2003 :: Zread@sdn-ap-019castocP0262.dialsprint.net reconnected.
Wed Jan  8 23:06:53 2003 :: Sock.sinaddr:  65.178.65.8
Wed Jan  8 23:06:57 2003 :: Loading Rey.
Wed Jan  8 23:07:00 2003 :: Closing link to Rey.
Wed Jan  8 23:07:00 2003 :: Rey@sdn-ap-019castocP0262.dialsprint.net reconnected.
Wed Jan  8 23:07:30 2003 :: Tetrall has quit.
Wed Jan  8 23:07:56 2003 :: Zread has quit.
Wed Jan  8 23:16:00 2003 :: Log Hiddukel: trans morgion
Wed Jan  8 23:24:58 2003 :: Sock.sinaddr:  64.40.55.64
Wed Jan  8 23:25:43 2003 :: Loading Paladine.
Wed Jan  8 23:25:46 2003 :: Look out, Paladine@64-40-55-64.ncplus.net has connected.
Wed Jan  8 23:27:14 2003 :: Rey has quit.
Wed Jan  8 23:49:22 2003 :: Log Hiddukel: laston trazzac
Wed Jan  8 23:49:37 2003 :: Log Paladine: laston trazzac
Wed Jan  8 23:52:50 2003 :: Log Hiddukel: laston tyrina
Thu Jan  9 00:02:34 2003 :: Sock.sinaddr:  65.178.65.226
Thu Jan  9 00:02:34 2003 :: Loading Morgion.
Thu Jan  9 00:02:40 2003 :: Closing link to Morgion.
Thu Jan  9 00:02:40 2003 :: Morgion@sdn-ap-019castocP0480.dialsprint.net reconnected.
Thu Jan  9 00:14:43 2003 :: Log Chemosh: who
Thu Jan  9 00:42:46 2003 :: Log Chemosh: sock
Thu Jan  9 01:18:23 2003 :: Sock.sinaddr:  216.194.99.14
Thu Jan  9 01:18:23 2003 :: EOF encountered on read.
Thu Jan  9 01:22:28 2003 :: Sock.sinaddr:  202.151.228.119
Thu Jan  9 01:22:34 2003 :: Loading Avron.
Thu Jan  9 01:22:34 2003 :: Look out, Avron@202.151.228.119 has connected.
Thu Jan  9 01:23:06 2003 :: Sock.sinaddr:  66.141.195.40
Thu Jan  9 01:25:14 2003 :: Sock.sinaddr:  65.178.65.226
Thu Jan  9 01:25:17 2003 :: Loading Rey.
Thu Jan  9 01:25:20 2003 :: Look out, Rey@sdn-ap-019castocP0480.dialsprint.net has connected.
Thu Jan  9 01:26:23 2003 :: Hiddukel has quit.
Thu Jan  9 01:28:11 2003 :: Eolorae@adsl-66-141-195-40.dsl.tulsok.swbell.net new player.
Thu Jan  9 01:28:31 2003 :: Log Chemosh: sock
Thu Jan  9 01:28:53 2003 :: Log Paladine: snoop rey
Thu Jan  9 01:28:57 2003 :: Log Paladine: snoop morg
Thu Jan  9 01:29:49 2003 :: Log Paladine: asp morg chan
Thu Jan  9 01:31:01 2003 :: Log Paladine: snoop morg
Thu Jan  9 01:32:42 2003 :: Log Paladine: echo Welcome to the Legends of Krynn, Eolorae!
Thu Jan  9 01:32:53 2003 :: Log Paladine: snoop elor
Thu Jan  9 01:33:01 2003 :: Log Paladine: snoop eol
Thu Jan  9 01:33:10 2003 :: Log Paladine: snoop self
Thu Jan  9 01:33:16 2003 :: Log Paladine: snoop eol
Thu Jan  9 01:33:56 2003 :: Log Paladine: set char paladine race human
Thu Jan  9 01:34:46 2003 :: Log Chemosh: who
Thu Jan  9 01:34:48 2003 :: Log Chemosh: sock
Thu Jan  9 01:34:56 2003 :: Log Chemosh: stat eolo
Thu Jan  9 01:35:04 2003 :: Sock.sinaddr:  65.178.64.129
Thu Jan  9 01:35:05 2003 :: Loading Morgion.
Thu Jan  9 01:35:06 2003 :: Closing link to Morgion.
Thu Jan  9 01:35:06 2003 :: Morgion@sdn-ap-019castocP0129.dialsprint.net reconnected.
Thu Jan  9 01:35:10 2003 :: Sock.sinaddr:  65.178.64.129
Thu Jan  9 01:35:13 2003 :: Loading Rey.
Thu Jan  9 01:35:17 2003 :: Closing link to Rey.
Thu Jan  9 01:35:17 2003 :: Rey@sdn-ap-019castocP0129.dialsprint.net reconnected.
Thu Jan  9 01:36:09 2003 :: Rey has quit.
Thu Jan  9 01:36:10 2003 :: Log Chemosh: who
Thu Jan  9 01:36:15 2003 :: Log Chemosh: imm say wat?
Thu Jan  9 01:36:24 2003 :: Sock.sinaddr:  65.178.64.129
Thu Jan  9 01:36:27 2003 :: Loading Sarven.
Thu Jan  9 01:36:30 2003 :: Look out, Sarven@sdn-ap-019castocP0129.dialsprint.net has connected.
Thu Jan  9 01:36:47 2003 :: Sock.sinaddr:  24.247.67.24
Thu Jan  9 01:36:49 2003 :: Loading Hiddukel.
Thu Jan  9 01:36:51 2003 :: Look out, Hiddukel@24.247.67.24.up.mi.chartermi.net has connected.
Thu Jan  9 01:39:38 2003 :: Log Hiddukel: snoop eol
Thu Jan  9 01:39:45 2003 :: Log Paladine: snoop self
Thu Jan  9 01:39:55 2003 :: Sarven has quit.
Thu Jan  9 01:41:35 2003 :: Sock.sinaddr:  65.178.64.129
Thu Jan  9 01:41:38 2003 :: Loading Rey.
Thu Jan  9 01:41:40 2003 :: Look out, Rey@sdn-ap-019castocP0129.dialsprint.net has connected.
Thu Jan  9 01:41:46 2003 :: Sock.sinaddr:  65.178.64.129
Thu Jan  9 01:41:49 2003 :: Loading Sarven.
Thu Jan  9 01:41:52 2003 :: Look out, Sarven@sdn-ap-019castocP0129.dialsprint.net has connected.
Thu Jan  9 01:42:52 2003 :: Log Paladine: snoop eolo
Thu Jan  9 01:45:44 2003 :: Log Paladine: pecho eolor You can use abbriviations for commands, and spells, such as prac for practice.
Thu Jan  9 01:48:40 2003 :: Log Paladine: pecho eolo if you do a Look War, like you just did, you will look at the war banner which is on you. To see any items in the room, just LOOK.
Thu Jan  9 01:50:51 2003 :: Log Paladine: pecho eolor For items, like the war banner, you only have to use one part of the name, like war. Another example would be a Long sword, where you only have to use the word 'sword'
Thu Jan  9 01:54:05 2003 :: Avron has quit.
Thu Jan  9 02:05:14 2003 :: Log Paladine: pecho eolo to loot a corpse, you GET ALL CORPSE
Thu Jan  9 02:07:28 2003 :: Log Paladine: pecho eolo There are some commands which help you Automatically loot a corpse, and etc.. type in AUTOLIST to see a list of things which can be done automatically.
Thu Jan  9 02:09:41 2003 :: Log Paladine: pecho elolo There is a sign which talks about the AUTO stuff two east from your location
Thu Jan  9 02:10:30 2003 :: Log Paladine: pecho Read the sign 1 west of you
Thu Jan  9 02:10:53 2003 :: Log Paladine: pecho eolo Read the sign 1 west of you for info about AUTO stuff
Thu Jan  9 02:11:50 2003 :: Eolorae gained level 2
Thu Jan  9 02:12:43 2003 :: Log Paladine: echo This sign.
Thu Jan  9 02:17:14 2003 :: Log Paladine: pecho eolo to Cast a spell, such as Coldfire, you CAST 'coldfire' <victim>
Thu Jan  9 02:25:32 2003 :: Eolorae has quit.
Thu Jan  9 02:26:55 2003 :: Rey has quit.
Thu Jan  9 02:56:26 2003 :: Paladine has quit.
Thu Jan  9 02:56:34 2003 :: Sock.sinaddr:  172.148.166.167
Thu Jan  9 02:58:54 2003 :: Jema@AC94A6A7.ipt.aol.com new player.
Thu Jan  9 02:59:15 2003 :: Sock.sinaddr:  65.178.64.129
Thu Jan  9 02:59:24 2003 :: EOF encountered on read.
Thu Jan  9 03:11:55 2003 :: Sock.sinaddr:  172.148.166.167
Thu Jan  9 03:17:11 2003 :: Sock.sinaddr:  65.178.64.199
Thu Jan  9 03:17:12 2003 :: Loading Morgion.
Thu Jan  9 03:17:14 2003 :: Closing link to Morgion.
Thu Jan  9 03:17:14 2003 :: Morgion@sdn-ap-019castocP0199.dialsprint.net reconnected.
Thu Jan  9 03:17:20 2003 :: Sock.sinaddr:  65.178.64.199
Thu Jan  9 03:17:23 2003 :: Loading Sarven.
Thu Jan  9 03:17:27 2003 :: Closing link to Sarven.
Thu Jan  9 03:17:27 2003 :: Sarven@sdn-ap-019castocP0199.dialsprint.net reconnected.
Thu Jan  9 03:19:36 2003 :: Jema gained level 2
Thu Jan  9 03:19:56 2003 :: Jema has quit.
Thu Jan  9 03:20:05 2003 :: Loading Jema.
Thu Jan  9 03:20:07 2003 :: Look out, Jema@AC94A6A7.ipt.aol.com has connected.
Thu Jan  9 03:28:46 2003 :: Sock.sinaddr:  65.178.64.207
Thu Jan  9 03:28:46 2003 :: Loading Morgion.
Thu Jan  9 03:28:50 2003 :: Sock.sinaddr:  65.178.64.207
Thu Jan  9 03:28:51 2003 :: Closing link to Morgion.
Thu Jan  9 03:28:51 2003 :: Morgion@sdn-ap-019castocP0207.dialsprint.net reconnected.
Thu Jan  9 03:28:55 2003 :: Loading Sarven.
Thu Jan  9 03:28:58 2003 :: Closing link to Sarven.
Thu Jan  9 03:28:58 2003 :: Sarven@sdn-ap-019castocP0207.dialsprint.net reconnected.
Thu Jan  9 03:30:07 2003 :: Log Chemosh: imm gtg, night all
Thu Jan  9 03:30:08 2003 :: Log Chemosh: who
Thu Jan  9 03:30:22 2003 :: Log Chemosh: quit
Thu Jan  9 03:30:22 2003 :: Chemosh has quit.
Thu Jan  9 03:33:06 2003 :: Jema gained level 3
Thu Jan  9 03:39:42 2003 :: Sock.sinaddr:  65.178.64.211
Thu Jan  9 03:39:45 2003 :: Sock.sinaddr:  65.178.64.211
Thu Jan  9 03:39:46 2003 :: Loading Morgion.
Thu Jan  9 03:39:47 2003 :: Closing link to Morgion.
Thu Jan  9 03:39:47 2003 :: Morgion@sdn-ap-019castocP0211.dialsprint.net reconnected.
Thu Jan  9 03:39:51 2003 :: Loading Sarven.
Thu Jan  9 03:39:55 2003 :: Closing link to Sarven.
Thu Jan  9 03:39:55 2003 :: Sarven@sdn-ap-019castocP0211.dialsprint.net reconnected.
Thu Jan  9 03:42:55 2003 :: Sarven has quit.
Thu Jan  9 03:45:05 2003 :: Morgion has quit.
Thu Jan  9 04:15:16 2003 :: Log Hiddukel: asave changed classes
Read_from_descriptor: Connection reset by peer
Thu Jan  9 04:17:38 2003 :: Closing link to Jema.
Thu Jan  9 04:19:08 2003 :: Sock.sinaddr:  172.138.231.115
Thu Jan  9 04:19:12 2003 :: Loading Jema.
Thu Jan  9 04:19:14 2003 :: Jema@AC8AE773.ipt.aol.com reconnected.
Thu Jan  9 04:20:30 2003 :: Sock.sinaddr:  202.151.228.22
Thu Jan  9 04:20:54 2003 :: EOF encountered on read.
Thu Jan  9 04:22:59 2003 :: Sock.sinaddr:  203.82.85.7
Thu Jan  9 04:23:06 2003 :: Loading Jubei.
Thu Jan  9 04:23:06 2003 :: Look out, Jubei@203.82.85.7 has connected.
Thu Jan  9 04:24:34 2003 :: Log Hiddukel: laston lando
Thu Jan  9 04:49:58 2003 :: Jubei has quit.
Thu Jan  9 05:06:12 2003 :: Sock.sinaddr:  61.6.103.211
Thu Jan  9 05:06:16 2003 :: Loading Jubei.
Thu Jan  9 05:06:17 2003 :: Look out, Jubei@j197.iph40.jaring.my has connected.
Thu Jan  9 05:37:09 2003 :: Log Hiddukel: snoop jema
Thu Jan  9 05:40:36 2003 :: Log Hiddukel: load obj 3162
Thu Jan  9 05:41:31 2003 :: Log Hiddukel: snoop self
Thu Jan  9 06:07:45 2003 :: Hiddukel has quit.
Thu Jan  9 06:10:37 2003 :: Sock.sinaddr:  66.56.107.107
Thu Jan  9 06:10:39 2003 :: Jema has quit.
Thu Jan  9 06:10:40 2003 :: Loading Julianna.
Thu Jan  9 06:10:40 2003 :: Denying access to Julianna@clt56-107-107.carolina.rr.com.
Thu Jan  9 06:10:40 2003 :: Closing link to Julianna.
Thu Jan  9 06:10:51 2003 :: Sock.sinaddr:  66.56.107.107
Thu Jan  9 06:10:52 2003 :: Loading Julianna.
Thu Jan  9 06:10:52 2003 :: Denying access to Julianna@clt56-107-107.carolina.rr.com.
Thu Jan  9 06:10:52 2003 :: Closing link to Julianna.
Thu Jan  9 06:11:16 2003 :: Sock.sinaddr:  66.56.107.107
Thu Jan  9 06:11:17 2003 :: Loading Julianna.
Thu Jan  9 06:11:17 2003 :: Denying access to Julianna@clt56-107-107.carolina.rr.com.
Thu Jan  9 06:11:17 2003 :: Closing link to Julianna.
Thu Jan  9 06:11:28 2003 :: Sock.sinaddr:  66.56.107.107
Thu Jan  9 06:11:29 2003 :: Loading Julianna.
Thu Jan  9 06:11:29 2003 :: Denying access to Julianna@clt56-107-107.carolina.rr.com.
Thu Jan  9 06:11:29 2003 :: Closing link to Julianna.
Thu Jan  9 06:17:07 2003 :: Sock.sinaddr:  66.56.107.107
Thu Jan  9 06:25:00 2003 :: Adesa@clt56-107-107.carolina.rr.com new player.
Thu Jan  9 06:37:36 2003 :: Adesa gained level 2
Thu Jan  9 06:42:51 2003 :: Adesa gained level 3
Thu Jan  9 06:55:53 2003 :: Sock.sinaddr:  202.151.228.69
Thu Jan  9 06:55:57 2003 :: Loading Jubei.
Thu Jan  9 06:56:03 2003 :: Closing link to Jubei.
Thu Jan  9 06:56:03 2003 :: Jubei@202.151.228.69 reconnected.
Thu Jan  9 07:03:50 2003 :: Adesa gained level 4
Thu Jan  9 07:19:59 2003 :: Adesa gained level 5
Thu Jan  9 07:48:41 2003 :: Adesa gained level 6
Thu Jan  9 07:49:47 2003 :: Sock.sinaddr:  68.144.213.62
Thu Jan  9 07:49:48 2003 :: Loading Torianis.
Thu Jan  9 07:49:48 2003 :: Look out, Torianis@h68-144-213-62.cg.shawcable.net has connected.
Thu Jan  9 07:54:16 2003 :: 202.151.228.69 input spamming!
Thu Jan  9 07:54:26 2003 :: 202.151.228.69 input spamming!
Thu Jan  9 07:56:12 2003 :: 202.151.228.69 input spamming!
Thu Jan  9 07:56:29 2003 :: 202.151.228.69 input spamming!
Thu Jan  9 08:00:21 2003 :: Sock.sinaddr:  67.2.177.135
Read_from_descriptor: Connection reset by peer
Thu Jan  9 08:03:26 2003 :: Adesa gained level 7
Thu Jan  9 08:03:49 2003 :: Sock.sinaddr:  202.151.228.151
Thu Jan  9 08:03:53 2003 :: Loading Jubei.
Thu Jan  9 08:04:02 2003 :: Closing link to Jubei.
Thu Jan  9 08:04:02 2003 :: Jubei@202.151.228.151 reconnected.
Thu Jan  9 08:04:26 2003 :: Torianis has quit.
Thu Jan  9 08:15:32 2003 :: Jubei has quit.
Thu Jan  9 09:55:16 2003 :: Sock.sinaddr:  198.161.203.225
Thu Jan  9 09:57:24 2003 :: Draeborne@198.161.203.225 new player.
Thu Jan  9 10:01:52 2003 :: Sock.sinaddr:  198.161.203.225
Thu Jan  9 10:04:47 2003 :: Sock.sinaddr:  65.234.34.22
Thu Jan  9 10:04:48 2003 :: Loading Falcor.
Thu Jan  9 10:04:48 2003 :: Look out, Falcor@1Cust22.tnt3.mccomb.oh.da.uu.net has connected.
Thu Jan  9 10:04:55 2003 :: Falcor has quit.
Thu Jan  9 10:12:07 2003 :: Draeborne killed by a small street dog at 3001
Thu Jan  9 10:12:15 2003 :: EOF encountered on read.
Thu Jan  9 10:12:15 2003 :: Closing link to Draeborne.
Thu Jan  9 10:12:20 2003 :: EOF encountered on read.
Thu Jan  9 10:26:24 2003 :: Sock.sinaddr:  172.151.157.27
Thu Jan  9 10:26:28 2003 :: Loading Jema.
Thu Jan  9 10:26:31 2003 :: Look out, Jema@AC979D1B.ipt.aol.com has connected.
Thu Jan  9 10:29:13 2003 :: Jema gained level 4
Thu Jan  9 10:30:40 2003 :: [*****] BUG: Act: bad code 119.
Thu Jan  9 10:30:40 2003 :: [*****] BUG: Act: bad code 111.
Thu Jan  9 10:31:10 2003 :: [*****] BUG: Act: bad code 119.
Thu Jan  9 10:31:10 2003 :: [*****] BUG: Act: bad code 111.
Thu Jan  9 10:36:05 2003 :: [*****] BUG: Act: bad code 119.
Thu Jan  9 10:36:05 2003 :: [*****] BUG: Act: bad code 111.
Thu Jan  9 10:36:11 2003 :: [*****] BUG: Act: bad code 119.
Thu Jan  9 10:36:11 2003 :: [*****] BUG: Act: bad code 111.
Thu Jan  9 10:36:16 2003 :: [*****] BUG: Act: bad code 119.
Thu Jan  9 10:36:16 2003 :: [*****] BUG: Act: bad code 111.
Thu Jan  9 10:38:46 2003 :: Jema gained level 5
Thu Jan  9 10:41:50 2003 :: [*****] BUG: Act: bad code 119.
Thu Jan  9 10:41:50 2003 :: [*****] BUG: Act: bad code 111.
Thu Jan  9 10:46:55 2003 :: [*****] BUG: Act: bad code 119.
Thu Jan  9 10:46:55 2003 :: [*****] BUG: Act: bad code 111.
Thu Jan  9 10:47:03 2003 :: [*****] BUG: Act: bad code 119.
Thu Jan  9 10:47:03 2003 :: [*****] BUG: Act: bad code 111.
Thu Jan  9 10:47:32 2003 :: [*****] BUG: Act: bad code 119.
Thu Jan  9 10:47:32 2003 :: [*****] BUG: Act: bad code 111.
Thu Jan  9 10:48:16 2003 :: [*****] BUG: Act: bad code 119.
Thu Jan  9 10:48:16 2003 :: [*****] BUG: Act: bad code 111.
Thu Jan  9 10:48:40 2003 :: Jema gained level 6
Thu Jan  9 11:02:07 2003 :: Jema has quit.
Thu Jan  9 11:04:58 2003 :: Sock.sinaddr:  24.247.67.24
Thu Jan  9 11:05:00 2003 :: Loading Hiddukel.
Thu Jan  9 11:05:02 2003 :: Look out, Hiddukel@24.247.67.24.up.mi.chartermi.net has connected.
Thu Jan  9 11:07:09 2003 :: Log Hiddukel: restore all
Thu Jan  9 11:13:19 2003 :: Log Hiddukel: load
Thu Jan  9 11:15:40 2003 :: Log Hiddukel: purge
Thu Jan  9 11:16:19 2003 :: Sock.sinaddr:  24.247.67.24
Thu Jan  9 11:16:21 2003 :: Loading Hojo.
Thu Jan  9 11:16:23 2003 :: Look out, Hojo@24.247.67.24.up.mi.chartermi.net has connected.
Thu Jan  9 11:16:48 2003 :: Log Hiddukel: empower hojo 41
Thu Jan  9 11:17:15 2003 :: Sock.sinaddr:  24.247.67.24
Thu Jan  9 11:17:18 2003 :: Loading Chrissy.
Thu Jan  9 11:17:20 2003 :: Look out, Chrissy@24.247.67.24.up.mi.chartermi.net has connected.
Thu Jan  9 11:17:30 2003 :: Log Hiddukel: trans chrissy 3054
Thu Jan  9 11:24:12 2003 :: Log Hiddukel: snoop adesa
Thu Jan  9 11:24:46 2003 :: Log Hiddukel: restore all
Thu Jan  9 11:27:35 2003 :: Log Hiddukel: laston xavier
Thu Jan  9 11:33:48 2003 :: Log Hiddukel: snoop self
Thu Jan  9 11:42:57 2003 :: Log Hiddukel: restore chrissty
Thu Jan  9 11:43:00 2003 :: Log Hiddukel: restore chrissy
Thu Jan  9 11:44:14 2003 :: Sock.sinaddr:  131.227.115.87
Thu Jan  9 11:44:20 2003 :: Loading Shinare.
Thu Jan  9 11:44:24 2003 :: Look out, Shinare@dublin.ph.surrey.ac.uk has connected.
Thu Jan  9 11:46:11 2003 :: Sock.sinaddr:  35.12.15.148
Thu Jan  9 11:46:17 2003 :: Loading Kaillen.
Thu Jan  9 11:46:22 2003 :: Kaillen. Bad Password. IP: pm609-46.dialip.mich.net> DoggyMan
Thu Jan  9 11:46:22 2003 :: Closing link to Kaillen.
Thu Jan  9 11:46:32 2003 :: Sock.sinaddr:  35.12.15.148
Thu Jan  9 11:46:38 2003 :: Loading Kaillen.
Thu Jan  9 11:46:42 2003 :: Look out, Kaillen@pm609-46.dialip.mich.net has connected.
Thu Jan  9 11:46:44 2003 :: Adjusting xp for Kaillen: xp=58053 level 19 scale=0 xp_to_lev=0
Thu Jan  9 11:46:44 2003 :: New xp=44825
Thu Jan  9 11:46:44 2003 :: Kaillen gets skill frenzy
Thu Jan  9 11:46:44 2003 :: Kaillen gets skill flail
Thu Jan  9 11:46:44 2003 :: Kaillen gets skill polearm
Thu Jan  9 11:46:44 2003 :: Kaillen gets skill spear
Thu Jan  9 11:46:44 2003 :: Kaillen gets skill whip
Thu Jan  9 11:46:44 2003 :: Kaillen gets skill bash
Thu Jan  9 11:46:44 2003 :: Kaillen loses skill enhanced damage
Thu Jan  9 11:46:44 2003 :: Kaillen gets skill kick
Thu Jan  9 11:46:44 2003 :: Kaillen gets skill trip
Thu Jan  9 11:46:44 2003 :: Kaillen gets skill break weapon
Thu Jan  9 11:46:44 2003 :: Kaillen gets skill sharpen
Thu Jan  9 11:46:44 2003 :: Kaillen gets skill dual wield
Thu Jan  9 11:46:44 2003 :: Kaillen gets skill nerve pinch
Thu Jan  9 11:46:44 2003 :: Kaillen loses skill haggle
Thu Jan  9 11:46:44 2003 :: Kaillen gets skill breakneck
Thu Jan  9 11:46:44 2003 :: Kaillen gets skill guard
Thu Jan  9 11:46:44 2003 :: Kaillen gets skill headbutt
Thu Jan  9 11:46:44 2003 :: Kaillen gets skill trammel
Thu Jan  9 11:46:44 2003 :: Kaillen gets skill flank attack
Thu Jan  9 11:47:20 2003 :: Log Hiddukel: force kaillen afk
Thu Jan  9 11:49:37 2003 :: Shinare has quit.
Thu Jan  9 11:53:18 2003 :: Log Hiddukel: log adesa
Thu Jan  9 11:53:18 2003 :: Log Adesa: 
Thu Jan  9 11:53:20 2003 :: Log Adesa: scan
Thu Jan  9 11:53:21 2003 :: Log Adesa: scan s
Thu Jan  9 11:53:25 2003 :: Log Adesa: score
Thu Jan  9 11:53:27 2003 :: Log Adesa: 
Thu Jan  9 11:53:30 2003 :: Log Adesa: con girl
Thu Jan  9 11:53:31 2003 :: Log Adesa: aff
Thu Jan  9 11:53:33 2003 :: Log Adesa: inven
Thu Jan  9 11:53:36 2003 :: Log Adesa: eat red
Thu Jan  9 11:53:37 2003 :: Log Adesa: eat pink
Thu Jan  9 11:53:40 2003 :: Log Adesa: eat purp
Thu Jan  9 11:53:43 2003 :: Log Adesa: quaff div
Thu Jan  9 11:53:45 2003 :: Log Adesa: look
Thu Jan  9 11:53:47 2003 :: Log Adesa: kill girl
Thu Jan  9 11:54:02 2003 :: Log Adesa: look
Thu Jan  9 11:54:03 2003 :: Log Adesa: sac all
Thu Jan  9 11:54:04 2003 :: Log Adesa: scan
Thu Jan  9 11:54:07 2003 :: Log Adesa: scan s
Thu Jan  9 11:54:09 2003 :: Log Adesa: 
Thu Jan  9 11:54:12 2003 :: Log Adesa: kill dwarf
Thu Jan  9 11:54:15 2003 :: Log Adesa: 
Thu Jan  9 11:54:16 2003 :: Log Adesa: 
Thu Jan  9 11:54:18 2003 :: Log Adesa: kill dog
Thu Jan  9 11:54:21 2003 :: Log Adesa: kill cat
Thu Jan  9 11:54:36 2003 :: Log Adesa: wimpy
Thu Jan  9 11:54:45 2003 :: Log Adesa: comp sw
Thu Jan  9 11:55:01 2003 :: Log Adesa: comp jerk
Thu Jan  9 11:55:06 2003 :: Log Adesa: comp bra
Thu Jan  9 11:55:30 2003 :: Log Adesa: look
Thu Jan  9 11:55:32 2003 :: Log Adesa: sac all
Thu Jan  9 11:55:33 2003 :: Log Adesa: scan
Thu Jan  9 11:55:35 2003 :: Log Adesa: scan n
Thu Jan  9 11:55:37 2003 :: Log Adesa: scan s
Thu Jan  9 11:55:39 2003 :: Log Adesa: 
Thu Jan  9 11:55:40 2003 :: Log Adesa: 
Thu Jan  9 11:55:41 2003 :: Log Adesa: 
Thu Jan  9 11:55:43 2003 :: Log Adesa: kill dog
Thu Jan  9 11:55:46 2003 :: Log Adesa: sac all
Thu Jan  9 11:55:46 2003 :: Log Adesa: 
Thu Jan  9 11:55:47 2003 :: Log Adesa: 
Thu Jan  9 11:55:48 2003 :: Log Adesa: 
Thu Jan  9 11:55:49 2003 :: Log Adesa: 
Thu Jan  9 11:55:50 2003 :: Log Adesa: 
Thu Jan  9 11:55:51 2003 :: Log Adesa: 
Thu Jan  9 11:55:52 2003 :: Log Adesa: scan
Thu Jan  9 11:55:53 2003 :: Log Adesa: kill dw
Thu Jan  9 11:56:02 2003 :: Log Adesa: sac all
Thu Jan  9 11:56:02 2003 :: Log Adesa: 
Thu Jan  9 11:56:04 2003 :: Log Adesa: 
Thu Jan  9 11:56:05 2003 :: Log Adesa: 
Thu Jan  9 11:56:09 2003 :: Log Adesa: con gu
Thu Jan  9 11:56:11 2003 :: Log Adesa: aff
Thu Jan  9 11:56:13 2003 :: Log Adesa: lo guard
Thu Jan  9 11:56:15 2003 :: Log Hiddukel: log adesa
Thu Jan  9 11:57:02 2003 :: Adesa gained level 8
Thu Jan  9 11:59:10 2003 :: Log Hiddukel: log kaillen
Thu Jan  9 11:59:12 2003 :: Log Kaillen: drink
Thu Jan  9 11:59:14 2003 :: Log Kaillen: drink
Thu Jan  9 11:59:27 2003 :: Log Kaillen: l
Thu Jan  9 11:59:29 2003 :: Log Kaillen: 
Thu Jan  9 11:59:33 2003 :: Log Kaillen: i
Thu Jan  9 11:59:37 2003 :: Log Kaillen: sco
Thu Jan  9 11:59:47 2003 :: Log Kaillen: aff
Thu Jan  9 11:59:49 2003 :: Log Kaillen: 
Thu Jan  9 11:59:50 2003 :: Log Kaillen: 
Thu Jan  9 11:59:51 2003 :: Log Kaillen: 
Thu Jan  9 11:59:51 2003 :: Log Kaillen: 
Thu Jan  9 11:59:52 2003 :: Log Kaillen: 
Thu Jan  9 11:59:52 2003 :: Log Kaillen: 
Thu Jan  9 11:59:53 2003 :: Log Kaillen: 
Thu Jan  9 11:59:54 2003 :: Log Kaillen: 
Thu Jan  9 11:59:54 2003 :: Log Kaillen: 
Thu Jan  9 11:59:55 2003 :: Log Kaillen: 
Thu Jan  9 11:59:55 2003 :: Log Kaillen: 
Thu Jan  9 11:59:56 2003 :: Log Kaillen: 
Thu Jan  9 11:59:56 2003 :: Log Kaillen: 
Thu Jan  9 11:59:57 2003 :: Log Kaillen: 
Thu Jan  9 11:59:57 2003 :: Log Kaillen: 
Thu Jan  9 11:59:57 2003 :: Log Kaillen: 
Thu Jan  9 11:59:58 2003 :: Log Kaillen: 
Thu Jan  9 11:59:59 2003 :: Log Kaillen: 
Thu Jan  9 12:00:00 2003 :: Log Kaillen: 
Thu Jan  9 12:00:01 2003 :: Log Kaillen: 
Thu Jan  9 12:00:02 2003 :: Log Kaillen: 
Thu Jan  9 12:00:03 2003 :: Log Kaillen: 
Thu Jan  9 12:00:03 2003 :: Log Kaillen: 
Thu Jan  9 12:00:04 2003 :: Log Kaillen: 
Thu Jan  9 12:00:05 2003 :: Log Kaillen: 
Thu Jan  9 12:00:05 2003 :: Log Kaillen: 
Thu Jan  9 12:00:08 2003 :: Log Kaillen: 
Thu Jan  9 12:00:09 2003 :: Log Kaillen: 
Thu Jan  9 12:00:14 2003 :: Log Kaillen: quaff div
Thu Jan  9 12:00:16 2003 :: Log Kaillen: scan
Thu Jan  9 12:00:18 2003 :: Log Kaillen: 
Thu Jan  9 12:00:22 2003 :: Log Kaillen: kill ogre
Thu Jan  9 12:00:27 2003 :: Log Kaillen: dirt
Thu Jan  9 12:00:36 2003 :: Log Kaillen: dirt
Thu Jan  9 12:00:37 2003 :: Log Hiddukel: restore chrissy
Thu Jan  9 12:00:43 2003 :: Log Kaillen: dirt
Thu Jan  9 12:00:46 2003 :: Log Hiddukel: restore hojo
Thu Jan  9 12:00:49 2003 :: Log Kaillen: dirt
Thu Jan  9 12:00:54 2003 :: Log Kaillen: dirt
Thu Jan  9 12:01:00 2003 :: Log Kaillen: kill troll
Thu Jan  9 12:01:08 2003 :: Log Kaillen: dirt
Thu Jan  9 12:01:19 2003 :: Log Kaillen: dirt
Thu Jan  9 12:01:26 2003 :: Log Kaillen: dirt
Thu Jan  9 12:01:35 2003 :: Log Kaillen: l
Thu Jan  9 12:01:39 2003 :: Log Kaillen: dirt
Thu Jan  9 12:01:46 2003 :: Log Kaillen: dirt
Thu Jan  9 12:01:54 2003 :: Log Kaillen: dirt
Thu Jan  9 12:02:01 2003 :: Log Kaillen: dirt
Thu Jan  9 12:02:06 2003 :: Log Kaillen: dirt
Thu Jan  9 12:02:12 2003 :: Log Kaillen: dirt
Thu Jan  9 12:02:19 2003 :: Log Kaillen: l
Thu Jan  9 12:02:22 2003 :: Log Kaillen: quaff green
Thu Jan  9 12:02:23 2003 :: Log Kaillen: quaff green
Thu Jan  9 12:02:25 2003 :: Log Kaillen: sco
Thu Jan  9 12:02:29 2003 :: Log Kaillen: quaff green
Thu Jan  9 12:02:31 2003 :: Log Kaillen: i
Thu Jan  9 12:02:36 2003 :: Log Kaillen: quaff green
Thu Jan  9 12:02:38 2003 :: Log Kaillen: scan
Thu Jan  9 12:02:41 2003 :: Log Kaillen: scan
Thu Jan  9 12:02:41 2003 :: Log Kaillen: 
Thu Jan  9 12:02:45 2003 :: Log Kaillen: dirt
Thu Jan  9 12:02:51 2003 :: Log Kaillen: dirt
Thu Jan  9 12:02:57 2003 :: Log Kaillen: dirt
Thu Jan  9 12:03:04 2003 :: Log Kaillen: dirt
Thu Jan  9 12:03:10 2003 :: Log Kaillen: l
Thu Jan  9 12:03:12 2003 :: Log Kaillen: 
Thu Jan  9 12:03:13 2003 :: Log Kaillen: 
Thu Jan  9 12:03:17 2003 :: Log Kaillen: scan s
Thu Jan  9 12:03:18 2003 :: Log Kaillen: 
Thu Jan  9 12:03:20 2003 :: Log Kaillen: scan e
Thu Jan  9 12:03:23 2003 :: Log Kaillen: 
Thu Jan  9 12:03:25 2003 :: Log Kaillen: scan
Thu Jan  9 12:03:27 2003 :: Log Kaillen: scan s
Thu Jan  9 12:03:28 2003 :: Log Kaillen: 
Thu Jan  9 12:03:31 2003 :: Log Hiddukel: log kaillen
Thu Jan  9 12:03:33 2003 :: Log Hiddukel: log adesa
Thu Jan  9 12:05:28 2003 :: Log Adesa: look
Thu Jan  9 12:05:42 2003 :: Log Hiddukel: restore all
Thu Jan  9 12:06:23 2003 :: Log Adesa: inven
Thu Jan  9 12:06:24 2003 :: Log Adesa: who
Thu Jan  9 12:06:57 2003 :: Log Adesa: score
Thu Jan  9 12:09:06 2003 :: Log Adesa: look
Thu Jan  9 12:10:00 2003 :: Log Adesa: who
Thu Jan  9 12:11:16 2003 :: Log Adesa: whoprac
Thu Jan  9 12:11:18 2003 :: Log Adesa: prac
Thu Jan  9 12:11:24 2003 :: Log Adesa: score
Thu Jan  9 12:11:36 2003 :: Log Adesa: change
Thu Jan  9 12:11:45 2003 :: Log Hiddukel: asperson adesa who
Thu Jan  9 12:11:45 2003 :: Log Adesa: who
Thu Jan  9 12:11:58 2003 :: Log Adesa: change
Thu Jan  9 12:12:10 2003 :: Log Adesa: change
Thu Jan  9 12:12:39 2003 :: Log Adesa: change
Thu Jan  9 12:13:04 2003 :: Log Adesa: change
Thu Jan  9 12:13:11 2003 :: Log Adesa: change
Thu Jan  9 12:14:06 2003 :: Log Adesa: change
Thu Jan  9 12:14:29 2003 :: Log Adesa: change
Thu Jan  9 12:14:39 2003 :: Log Adesa: change
Thu Jan  9 12:14:45 2003 :: Log Adesa: change
Thu Jan  9 12:14:54 2003 :: Log Adesa: change
Thu Jan  9 12:15:41 2003 :: Log Adesa: change
Thu Jan  9 12:16:46 2003 :: Log Adesa: change
Thu Jan  9 12:16:54 2003 :: Log Adesa: change
Thu Jan  9 12:17:04 2003 :: Log Adesa: change
Thu Jan  9 12:17:14 2003 :: Chrissy has quit.
Thu Jan  9 12:17:22 2003 :: Log Adesa: change
Thu Jan  9 12:17:59 2003 :: Log Adesa: note
Thu Jan  9 12:18:54 2003 :: Log Adesa: note
Thu Jan  9 12:18:57 2003 :: Log Adesa: change
Thu Jan  9 12:19:06 2003 :: Log Adesa: change
Thu Jan  9 12:19:09 2003 :: Log Adesa: change
Thu Jan  9 12:19:15 2003 :: Log Adesa: change
Thu Jan  9 12:19:44 2003 :: Log Adesa: inven
Thu Jan  9 12:19:47 2003 :: Log Adesa: lo scroll
Thu Jan  9 12:19:51 2003 :: Log Adesa: examine scroll
Thu Jan  9 12:19:54 2003 :: Log Adesa: who
Thu Jan  9 12:20:03 2003 :: Log Adesa: aff
Thu Jan  9 12:20:04 2003 :: Log Adesa: stand
Thu Jan  9 12:20:05 2003 :: Log Adesa: 
Thu Jan  9 12:20:06 2003 :: Log Adesa: 
Thu Jan  9 12:20:06 2003 :: Log Adesa: 
Thu Jan  9 12:20:07 2003 :: Log Adesa: 
Thu Jan  9 12:20:09 2003 :: Log Adesa: 
Thu Jan  9 12:20:12 2003 :: Log Adesa: quaff div
Thu Jan  9 12:20:13 2003 :: Log Adesa: eat pink
Thu Jan  9 12:20:15 2003 :: Log Adesa: eat pruple
Thu Jan  9 12:20:16 2003 :: Log Adesa: eat red
Thu Jan  9 12:20:19 2003 :: Log Adesa: eat pur
Thu Jan  9 12:20:20 2003 :: Log Adesa: look
Thu Jan  9 12:20:21 2003 :: Log Adesa: 
Thu Jan  9 12:20:22 2003 :: Log Adesa: 
Thu Jan  9 12:20:23 2003 :: Log Adesa: 
Thu Jan  9 12:20:24 2003 :: Log Adesa: 
Thu Jan  9 12:20:25 2003 :: Log Adesa: 
Thu Jan  9 12:20:30 2003 :: Log Adesa: who
Thu Jan  9 12:20:32 2003 :: Log Adesa: look
Thu Jan  9 12:20:34 2003 :: Log Adesa: con druid
Thu Jan  9 12:20:35 2003 :: Log Adesa: look
Thu Jan  9 12:20:36 2003 :: Log Adesa: 
Thu Jan  9 12:20:37 2003 :: Log Adesa: scan
Thu Jan  9 12:20:39 2003 :: Log Adesa: scan s
Thu Jan  9 12:20:41 2003 :: Log Adesa: 
Thu Jan  9 12:20:43 2003 :: Log Adesa: kill girl
Thu Jan  9 12:21:01 2003 :: Log Adesa: sac all
Thu Jan  9 12:21:03 2003 :: Log Adesa: look
Thu Jan  9 12:21:03 2003 :: Log Adesa: scan
Thu Jan  9 12:21:05 2003 :: Log Adesa: scan s
Thu Jan  9 12:21:07 2003 :: Log Adesa: scan w
Thu Jan  9 12:21:08 2003 :: Log Adesa: 
Thu Jan  9 12:21:11 2003 :: Log Adesa: kill vaga
Thu Jan  9 12:21:21 2003 :: Log Adesa: kill vaga
Thu Jan  9 12:21:34 2003 :: Log Adesa: kill cat
Thu Jan  9 12:21:38 2003 :: Log Adesa: 
Thu Jan  9 12:21:38 2003 :: Log Adesa: kill cat
Thu Jan  9 12:21:45 2003 :: Log Adesa: lo symbol
Thu Jan  9 12:21:55 2003 :: Log Adesa: examine symbol
Thu Jan  9 12:21:57 2003 :: Log Adesa: look
Thu Jan  9 12:22:00 2003 :: Log Adesa: score
Thu Jan  9 12:22:02 2003 :: Log Adesa: wear symbol
Thu Jan  9 12:22:04 2003 :: Log Adesa: score
Thu Jan  9 12:22:21 2003 :: Log Adesa: wear clo
Thu Jan  9 12:22:22 2003 :: Log Adesa: look
Thu Jan  9 12:22:24 2003 :: Log Adesa: scan
Thu Jan  9 12:22:25 2003 :: Log Adesa: 
Thu Jan  9 12:22:25 2003 :: Log Adesa: 
Thu Jan  9 12:22:26 2003 :: Log Adesa: 
Thu Jan  9 12:22:27 2003 :: Log Adesa: 
Thu Jan  9 12:22:28 2003 :: Log Adesa: 
Thu Jan  9 12:22:29 2003 :: Log Adesa: 
Thu Jan  9 12:22:30 2003 :: Log Adesa: 
Thu Jan  9 12:22:31 2003 :: Log Adesa: 
Thu Jan  9 12:22:33 2003 :: Log Adesa: kill dog
Thu Jan  9 12:22:36 2003 :: Log Adesa: 
Thu Jan  9 12:22:38 2003 :: Log Adesa: kill dog
Thu Jan  9 12:22:42 2003 :: Log Adesa: kill dog
Thu Jan  9 12:22:45 2003 :: Log Adesa: kill dog
Thu Jan  9 12:22:50 2003 :: Log Adesa: 
Thu Jan  9 12:22:52 2003 :: Log Adesa: kill dw
Thu Jan  9 12:23:06 2003 :: Log Adesa: lo in sac
Thu Jan  9 12:23:11 2003 :: Log Adesa: inven
Thu Jan  9 12:23:15 2003 :: Log Adesa: look
Thu Jan  9 12:23:16 2003 :: Log Adesa: 
Thu Jan  9 12:23:17 2003 :: Log Adesa: 
Thu Jan  9 12:23:18 2003 :: Log Adesa: 
Thu Jan  9 12:23:20 2003 :: Log Adesa: kill girl
Thu Jan  9 12:23:34 2003 :: Log Adesa: sac all
Thu Jan  9 12:23:36 2003 :: Log Adesa: 
Thu Jan  9 12:23:37 2003 :: Log Adesa: 
Thu Jan  9 12:23:38 2003 :: Log Adesa: 
Thu Jan  9 12:23:38 2003 :: Log Adesa: 
Thu Jan  9 12:23:40 2003 :: Log Adesa: 
Thu Jan  9 12:23:41 2003 :: Log Adesa: 
Thu Jan  9 12:23:43 2003 :: Log Adesa: 
Thu Jan  9 12:23:46 2003 :: Log Adesa: 
Thu Jan  9 12:23:47 2003 :: Log Adesa: scan w
Thu Jan  9 12:23:48 2003 :: Log Adesa: 
Thu Jan  9 12:23:50 2003 :: Log Adesa: scan n
Thu Jan  9 12:23:52 2003 :: Log Adesa: 
Thu Jan  9 12:23:53 2003 :: Log Hiddukel: log adesa
Thu Jan  9 12:23:56 2003 :: Log Hiddukel: log adesa
Thu Jan  9 12:24:08 2003 :: Log Hiddukel: load obj 3723
Thu Jan  9 12:24:16 2003 :: Log Hiddukel: load obj 3162
Thu Jan  9 12:25:21 2003 :: Log Adesa: look
Thu Jan  9 12:25:23 2003 :: Log Adesa: 
Thu Jan  9 12:25:26 2003 :: Log Adesa: scan
Thu Jan  9 12:25:28 2003 :: Log Adesa: scan w
Thu Jan  9 12:25:29 2003 :: Log Adesa: 
Thu Jan  9 12:25:31 2003 :: Log Adesa: 
Thu Jan  9 12:25:32 2003 :: Log Adesa: scan w
Thu Jan  9 12:25:33 2003 :: Log Adesa: 
Thu Jan  9 12:25:36 2003 :: Log Adesa: scan e
Thu Jan  9 12:25:37 2003 :: Log Adesa: 
Thu Jan  9 12:25:38 2003 :: Log Adesa: 
Thu Jan  9 12:25:39 2003 :: Log Adesa: 
Thu Jan  9 12:25:41 2003 :: Log Adesa: kill dog
Thu Jan  9 12:25:44 2003 :: Log Adesa: scan n
Thu Jan  9 12:25:49 2003 :: Log Adesa: 
Thu Jan  9 12:25:52 2003 :: Log Adesa: 
Thu Jan  9 12:25:53 2003 :: Log Adesa: kill dog
Thu Jan  9 12:25:56 2003 :: Log Adesa: sac all
Thu Jan  9 12:25:57 2003 :: Log Adesa: scan s
Thu Jan  9 12:25:59 2003 :: Log Adesa: 
Thu Jan  9 12:26:00 2003 :: Log Adesa: kill dog
Thu Jan  9 12:26:03 2003 :: Log Adesa: sac all
Thu Jan  9 12:26:04 2003 :: Log Adesa: 
Thu Jan  9 12:26:05 2003 :: Log Adesa: 
Thu Jan  9 12:26:08 2003 :: Log Adesa: kill dog
Thu Jan  9 12:26:11 2003 :: Log Adesa: sac all
Thu Jan  9 12:26:13 2003 :: Log Adesa: look
Thu Jan  9 12:26:15 2003 :: Log Adesa: 
Thu Jan  9 12:26:15 2003 :: Log Adesa: 
Thu Jan  9 12:26:17 2003 :: Log Adesa: scan s
Thu Jan  9 12:26:18 2003 :: Log Adesa: 
Thu Jan  9 12:26:19 2003 :: Log Adesa: scan s
Thu Jan  9 12:26:21 2003 :: Log Adesa: 
Thu Jan  9 12:26:22 2003 :: Log Adesa: kill dog
Thu Jan  9 12:26:25 2003 :: Log Adesa: 
Thu Jan  9 12:26:26 2003 :: Log Adesa: 
Thu Jan  9 12:26:28 2003 :: Log Adesa: kill dog
Thu Jan  9 12:26:32 2003 :: Log Adesa: kill dog
Thu Jan  9 12:26:38 2003 :: Log Adesa: aff
Thu Jan  9 12:26:39 2003 :: Log Adesa: quaff div
Thu Jan  9 12:26:40 2003 :: Log Hiddukel: log adesa
Thu Jan  9 12:27:06 2003 :: Hojo has quit.
Thu Jan  9 12:38:38 2003 :: Kaillen gained level 20
Thu Jan  9 12:55:53 2003 :: Adesa gained level 9
Thu Jan  9 13:25:29 2003 :: Sock.sinaddr:  172.142.30.30
Thu Jan  9 13:25:39 2003 :: Loading Jema.
Thu Jan  9 13:25:41 2003 :: Look out, Jema@AC8E1E1E.ipt.aol.com has connected.
Thu Jan  9 13:34:36 2003 :: Sock.sinaddr:  12.107.143.193
Thu Jan  9 13:34:40 2003 :: EOF encountered on read.
Thu Jan  9 13:47:52 2003 :: Sock.sinaddr:  63.187.169.36
Thu Jan  9 13:47:52 2003 :: Loading Morgion.
Thu Jan  9 13:47:53 2003 :: Look out, Morgion@sdn-ap-017castocP0290.dialsprint.net has connected.
Thu Jan  9 13:48:24 2003 :: Sock.sinaddr:  63.187.169.36
Thu Jan  9 13:48:28 2003 :: Loading Sarven.
Thu Jan  9 13:48:31 2003 :: Look out, Sarven@sdn-ap-017castocP0290.dialsprint.net has connected.
Thu Jan  9 13:54:38 2003 :: Jema has quit.
Thu Jan  9 13:56:49 2003 :: Sock.sinaddr:  172.142.30.30
Thu Jan  9 13:56:52 2003 :: Loading Jema.
Thu Jan  9 13:56:54 2003 :: Look out, Jema@AC8E1E1E.ipt.aol.com has connected.
Thu Jan  9 13:59:44 2003 :: Sock.sinaddr:  172.139.217.87
Thu Jan  9 14:01:57 2003 :: [*****] BUG: Act: bad code 119.
Thu Jan  9 14:01:57 2003 :: [*****] BUG: Act: bad code 111.
Thu Jan  9 14:03:29 2003 :: [*****] BUG: Act: bad code 119.
Thu Jan  9 14:03:29 2003 :: [*****] BUG: Act: bad code 111.
Thu Jan  9 14:03:46 2003 :: [*****] BUG: Act: bad code 119.
Thu Jan  9 14:03:46 2003 :: [*****] BUG: Act: bad code 111.
Thu Jan  9 14:03:53 2003 :: [*****] BUG: Act: bad code 119.
Thu Jan  9 14:03:53 2003 :: [*****] BUG: Act: bad code 111.
Thu Jan  9 14:04:17 2003 :: Pugna@AC8BD957.ipt.aol.com new player.
Thu Jan  9 14:06:32 2003 :: Adesa gained level 10
Thu Jan  9 14:07:08 2003 :: Sock.sinaddr:  65.179.240.216
Thu Jan  9 14:07:08 2003 :: Loading Morgion.
Thu Jan  9 14:07:11 2003 :: Sock.sinaddr:  65.179.240.216
Thu Jan  9 14:07:14 2003 :: Closing link to Morgion.
Thu Jan  9 14:07:14 2003 :: Morgion@sdn-ap-027castocP0216.dialsprint.net reconnected.
Thu Jan  9 14:07:17 2003 :: Loading Sarven.
Thu Jan  9 14:07:22 2003 :: Closing link to Sarven.
Thu Jan  9 14:07:22 2003 :: Sarven@sdn-ap-027castocP0216.dialsprint.net reconnected.
Thu Jan  9 14:08:09 2003 :: Log Hiddukel: restore all
Thu Jan  9 14:10:48 2003 :: Sock.sinaddr:  65.179.240.216
Thu Jan  9 14:11:27 2003 :: Loading Zread.
Thu Jan  9 14:11:30 2003 :: Look out, Zread@sdn-ap-027castocP0216.dialsprint.net has connected.
Thu Jan  9 14:17:37 2003 :: Sock.sinaddr:  12.107.143.193
Thu Jan  9 14:17:43 2003 :: Loading Solinari.
Thu Jan  9 14:17:46 2003 :: Look out, Solinari@193-143-107-12-pbg-ny.dialin.westelcom.com has connected.
Thu Jan  9 14:18:06 2003 :: Sock.sinaddr:  24.237.148.176
Thu Jan  9 14:18:47 2003 :: Adesa gained level 11
Thu Jan  9 14:18:49 2003 :: Loading Tetrall.
Thu Jan  9 14:18:50 2003 :: Look out, Tetrall@176-148-237-24.sol-dial.gci.net has connected.
Thu Jan  9 14:19:41 2003 :: Log Hiddukel: snoop ades
Thu Jan  9 14:20:49 2003 :: Log Hiddukel: snoop self
Thu Jan  9 14:23:15 2003 :: Log Hiddukel: trans knight
Thu Jan  9 14:25:16 2003 :: Tetrall has quit.
Thu Jan  9 14:26:38 2003 :: Log Hiddukel: log adesa
Thu Jan  9 14:26:47 2003 :: Log Solinari: string robes
Thu Jan  9 14:28:40 2003 :: Log Adesa: stand
Thu Jan  9 14:28:42 2003 :: Log Adesa: afk
Thu Jan  9 14:28:43 2003 :: Log Adesa: 
Thu Jan  9 14:28:45 2003 :: Log Adesa: 
Thu Jan  9 14:28:46 2003 :: Log Adesa: rest
Thu Jan  9 14:28:47 2003 :: Log Hiddukel: log adesa
Thu Jan  9 14:29:41 2003 :: Log Solinari: string obj robes short (sparkling) Solinari's Robes of the Conclave
Thu Jan  9 14:30:27 2003 :: Log Hiddukel: trans guard
Thu Jan  9 14:30:46 2003 :: Log Hiddukel: trans guard
Thu Jan  9 14:31:20 2003 :: Log Hiddukel: trans assassin
Thu Jan  9 14:31:54 2003 :: Log Solinari: string obj map short A kender's map of Krynn
Thu Jan  9 14:32:11 2003 :: Pugna killed by a chained criminal at 3710
Thu Jan  9 14:32:27 2003 :: Log Hiddukel: tick
Thu Jan  9 14:32:28 2003 :: Log Hiddukel: tick
Thu Jan  9 14:32:32 2003 :: Log Hiddukel: restore pugna
Thu Jan  9 14:33:03 2003 :: Log Solinari: string obj map short A kender's map of Palanthas
Thu Jan  9 14:34:59 2003 :: Sock.sinaddr:  63.187.32.86
Thu Jan  9 14:35:00 2003 :: Loading Morgion.
Thu Jan  9 14:35:02 2003 :: Sarven has quit.
Thu Jan  9 14:35:02 2003 :: [*****] BUG: update_char: Trying to work with an invalidated character.

Thu Jan  9 14:35:02 2003 :: Closing link to Morgion.
Thu Jan  9 14:35:02 2003 :: Morgion@sdn-ap-004castocP0086.dialsprint.net reconnected.
Thu Jan  9 14:35:07 2003 :: Sock.sinaddr:  63.187.32.86
Thu Jan  9 14:35:10 2003 :: Loading Sarven.
Thu Jan  9 14:35:12 2003 :: Look out, Sarven@sdn-ap-004castocP0086.dialsprint.net has connected.
Thu Jan  9 14:35:19 2003 :: Sock.sinaddr:  63.187.32.86
Thu Jan  9 14:35:25 2003 :: Loading Zread.
Thu Jan  9 14:35:25 2003 :: Log Hiddukel: slay assassin
Thu Jan  9 14:35:29 2003 :: Closing link to Zread.
Thu Jan  9 14:35:29 2003 :: Zread@sdn-ap-004castocP0086.dialsprint.net reconnected.
Thu Jan  9 14:35:44 2003 :: Log Solinari: string obj krynn short A Kender's map of Krynn
Thu Jan  9 14:36:43 2003 :: Jema has quit.
Thu Jan  9 14:37:21 2003 :: Log Hiddukel: trans hidden
Thu Jan  9 14:37:23 2003 :: Log Hiddukel: slay hidden
Thu Jan  9 14:38:32 2003 :: Log Hiddukel: asperson solinari wizi
Thu Jan  9 14:38:44 2003 :: Zread has quit.
Thu Jan  9 14:38:48 2003 :: Sarven has quit.
Thu Jan  9 14:38:54 2003 :: Morgion has quit.
Read_from_descriptor: Connection reset by peer
Thu Jan  9 14:39:29 2003 :: Closing link to Solinari.
Thu Jan  9 14:39:30 2003 :: Sock.sinaddr:  12.107.143.193
Thu Jan  9 14:39:36 2003 :: Loading Solinari.
Thu Jan  9 14:39:37 2003 :: Solinari@193-143-107-12-pbg-ny.dialin.westelcom.com reconnected.
Thu Jan  9 14:39:48 2003 :: Log Hiddukel: snoop pugna
Thu Jan  9 14:40:43 2003 :: Log Solinari: string obj short Invisable pouch of the White Robes
Thu Jan  9 14:41:35 2003 :: Log Solinari: string obj pouch short Invisable pouch of the White robes
Thu Jan  9 14:43:52 2003 :: Log Hiddukel: snoop self
Thu Jan  9 14:46:19 2003 :: Log Hiddukel: purge
Thu Jan  9 14:46:27 2003 :: Log Hiddukel: asave area
Thu Jan  9 14:46:55 2003 :: Pugna gained level 2
Thu Jan  9 14:46:55 2003 :: Adesa gained level 12
Thu Jan  9 14:47:51 2003 :: Sock.sinaddr:  12.107.143.193
Read_from_descriptor: Connection reset by peer
Thu Jan  9 14:47:51 2003 :: Closing link to Solinari.
Thu Jan  9 14:48:01 2003 :: Loading Solinari.
Thu Jan  9 14:48:04 2003 :: Solinari@193-143-107-12-pbg-ny.dialin.westelcom.com reconnected.
Thu Jan  9 14:48:41 2003 :: Log Hiddukel: snoop pugn
Thu Jan  9 14:51:17 2003 :: Sock.sinaddr:  24.29.79.142
Thu Jan  9 14:51:19 2003 :: Loading Jessca.
Thu Jan  9 14:51:20 2003 :: Look out, Jessca@alb-24-29-79-142.nycap.rr.com has connected.
Thu Jan  9 14:51:23 2003 :: Log Hiddukel: snoop self
Thu Jan  9 14:51:30 2003 :: Adesa killed by a mean troll at 935
Thu Jan  9 14:54:30 2003 :: Log Hiddukel: check
Thu Jan  9 14:55:36 2003 :: Adesa has quit.
Thu Jan  9 14:59:50 2003 :: Log Hiddukel: pload julianna
Thu Jan  9 14:59:50 2003 :: Loading julianna.
Thu Jan  9 14:59:53 2003 :: Log Hiddukel: deny julianna
Thu Jan  9 14:59:53 2003 :: Julianna has quit.
Thu Jan  9 15:00:06 2003 :: Pugna has quit.
Thu Jan  9 15:07:45 2003 :: Sock.sinaddr:  66.56.107.107
Thu Jan  9 15:07:46 2003 :: Loading Adesa.
Thu Jan  9 15:07:46 2003 :: Look out, Adesa@clt56-107-107.carolina.rr.com has connected.
Thu Jan  9 15:10:52 2003 :: Sock.sinaddr:  198.161.203.201
Thu Jan  9 15:11:44 2003 :: Draeborne@198.161.203.201 new player.
Thu Jan  9 15:12:45 2003 :: Solinari has quit.
Thu Jan  9 15:13:29 2003 :: Adesa has quit.
Thu Jan  9 15:17:59 2003 :: Kaillen gained level 21
Thu Jan  9 15:20:35 2003 :: Draeborne killed by a chained criminal at 3710
Thu Jan  9 15:21:35 2003 :: EOF encountered on read.
Thu Jan  9 15:21:35 2003 :: Closing link to Draeborne.
Thu Jan  9 15:48:01 2003 :: Log Hiddukel: asave area
Thu Jan  9 15:56:49 2003 :: Kaillen has quit.
Thu Jan  9 16:06:46 2003 :: Sock.sinaddr:  61.6.103.84
Thu Jan  9 16:06:53 2003 :: Loading Jubei.
Thu Jan  9 16:06:54 2003 :: Look out, Jubei@j70.iph40.jaring.my has connected.
Thu Jan  9 16:42:50 2003 :: Jubei gained level 48
Thu Jan  9 16:48:26 2003 :: Sock.sinaddr:  24.95.160.223
Thu Jan  9 16:50:09 2003 :: Sock.sinaddr:  202.151.228.50
Thu Jan  9 16:50:13 2003 :: Sarin@syr-24-95-160-223.twcny.rr.com new player.
Thu Jan  9 16:50:15 2003 :: Loading Jubei.
Thu Jan  9 16:50:17 2003 :: Closing link to Jubei.
Thu Jan  9 16:50:17 2003 :: Jubei@202.151.228.50 reconnected.
Thu Jan  9 16:53:23 2003 :: Sock.sinaddr:  203.82.85.88
Thu Jan  9 16:53:27 2003 :: Loading Jubei.
Thu Jan  9 16:53:30 2003 :: Closing link to Jubei.
Thu Jan  9 16:53:30 2003 :: Jubei@203.82.85.88 reconnected.
Thu Jan  9 16:55:57 2003 :: Sock.sinaddr:  12.107.143.193
Thu Jan  9 16:56:04 2003 :: EOF encountered on read.
Thu Jan  9 16:56:21 2003 :: Jubei has quit.
Thu Jan  9 17:07:46 2003 :: Sock.sinaddr:  66.248.84.112
Thu Jan  9 17:07:46 2003 :: Loading Chemosh.
Thu Jan  9 17:07:47 2003 :: Look out, Chemosh@14-112.006.popsite.net has connected.
Thu Jan  9 17:07:50 2003 :: Log Chemosh: who
Thu Jan  9 17:08:53 2003 :: Sock.sinaddr:  216.89.114.59
Thu Jan  9 17:08:56 2003 :: Sock.sinaddr:  216.89.114.59
Thu Jan  9 17:09:31 2003 :: Loading Roman.
Thu Jan  9 17:09:33 2003 :: Look out, Roman@216-89-114-59.bv.dp.net has connected.
Thu Jan  9 17:09:46 2003 :: Loading Majere.
Thu Jan  9 17:09:47 2003 :: Look out, Majere@216-89-114-59.bv.dp.net has connected.
Thu Jan  9 17:12:18 2003 :: Log Hiddukel: losereply jessca
Thu Jan  9 17:12:35 2003 :: Hiddukel has quit.
Thu Jan  9 17:22:18 2003 :: Majere has quit.
Thu Jan  9 17:22:22 2003 :: Roman has quit.
Thu Jan  9 17:23:42 2003 :: Sock.sinaddr:  12.107.143.193
Thu Jan  9 17:23:51 2003 :: Loading Solinari.
Thu Jan  9 17:23:53 2003 :: Look out, Solinari@193-143-107-12-pbg-ny.dialin.westelcom.com has connected.
Thu Jan  9 17:26:08 2003 :: Jessca has quit.
Thu Jan  9 17:26:40 2003 :: Sock.sinaddr:  24.29.79.142
Thu Jan  9 17:26:42 2003 :: Loading Jessca.
Thu Jan  9 17:26:42 2003 :: Look out, Jessca@alb-24-29-79-142.nycap.rr.com has connected.
Thu Jan  9 17:27:55 2003 :: Jessca has quit.
Thu Jan  9 17:34:04 2003 :: Solinari has quit.
Thu Jan  9 17:40:00 2003 :: Sock.sinaddr:  216.89.114.59
Thu Jan  9 17:40:08 2003 :: Loading Majere.
Thu Jan  9 17:40:13 2003 :: Look out, Majere@216-89-114-59.bv.dp.net has connected.
Thu Jan  9 17:41:11 2003 :: EOF encountered on read.
Thu Jan  9 17:41:11 2003 :: Closing link to Majere.
Thu Jan  9 17:57:46 2003 :: Sock.sinaddr:  35.12.14.207
Thu Jan  9 17:57:52 2003 :: Loading Kaillen.
Thu Jan  9 17:57:56 2003 :: Look out, Kaillen@pm607-05.dialip.mich.net has connected.
Thu Jan  9 18:44:58 2003 :: Sock.sinaddr:  172.157.185.5
Thu Jan  9 18:45:00 2003 :: Loading Jema.
Thu Jan  9 18:45:02 2003 :: Look out, Jema@AC9DB905.ipt.aol.com has connected.
Thu Jan  9 18:45:27 2003 :: Jema has quit.
Thu Jan  9 18:56:03 2003 :: Kaillen gained level 22
Thu Jan  9 19:05:57 2003 :: Sock.sinaddr:  172.148.164.80
Thu Jan  9 19:06:14 2003 :: EOF encountered on read.
Thu Jan  9 19:06:14 2003 :: Closing link to Xalfoor.
Thu Jan  9 19:06:16 2003 :: Sock.sinaddr:  172.148.164.80
Thu Jan  9 19:06:21 2003 :: Loading Xalfor.
Thu Jan  9 19:06:23 2003 :: Look out, Xalfor@AC94A450.ipt.aol.com has connected.
Thu Jan  9 19:06:31 2003 :: EOF encountered on read.
Thu Jan  9 19:06:31 2003 :: Closing link to Xalfor.
Thu Jan  9 19:19:29 2003 :: Kaillen has quit.
Thu Jan  9 19:22:24 2003 :: Xalfor has quit.
Thu Jan  9 19:35:38 2003 :: Sock.sinaddr:  68.144.213.62
Thu Jan  9 19:35:39 2003 :: Loading Torianis.
Thu Jan  9 19:35:39 2003 :: Look out, Torianis@h68-144-213-62.cg.shawcable.net has connected.
Thu Jan  9 19:42:33 2003 :: Torianis killed by a black wyvern at 903
Thu Jan  9 19:42:38 2003 :: Log Chemosh: who
Thu Jan  9 19:46:11 2003 :: h68-144-213-62.cg.shawcable.net input spamming!
Thu Jan  9 19:56:20 2003 :: Sock.sinaddr:  200.46.62.176
Thu Jan  9 19:56:20 2003 :: Loading Lunitari.
Thu Jan  9 19:56:20 2003 :: Look out, Lunitari@200.46.62.176 has connected.
Thu Jan  9 20:06:24 2003 :: Sock.sinaddr:  63.187.168.202
Thu Jan  9 20:06:25 2003 :: Loading Morgion.
Thu Jan  9 20:06:25 2003 :: Look out, Morgion@sdn-ap-017castocP0202.dialsprint.net has connected.
Thu Jan  9 20:07:58 2003 :: Lunitari has quit.
Thu Jan  9 20:08:04 2003 :: Torianis has quit.
Thu Jan  9 20:48:02 2003 :: Sock.sinaddr:  68.144.213.62
Thu Jan  9 20:48:04 2003 :: Loading Torianis.
Thu Jan  9 20:48:04 2003 :: Look out, Torianis@h68-144-213-62.cg.shawcable.net has connected.
Thu Jan  9 20:48:40 2003 :: Sock.sinaddr:  63.187.168.202
Thu Jan  9 20:48:41 2003 :: Loading Rey.
Thu Jan  9 20:48:44 2003 :: Look out, Rey@sdn-ap-017castocP0202.dialsprint.net has connected.
Thu Jan  9 20:55:03 2003 :: Torianis gained level 27
Thu Jan  9 21:07:41 2003 :: Sock.sinaddr:  66.248.84.200
Thu Jan  9 21:07:42 2003 :: Loading Chemosh.
Thu Jan  9 21:07:42 2003 :: Closing link to Chemosh.
Thu Jan  9 21:07:42 2003 :: Chemosh@14-200.006.popsite.net reconnected.
Thu Jan  9 21:09:06 2003 :: Torianis killed by an Aesthetic at 3103
Thu Jan  9 21:16:33 2003 :: Rey killed by an Aesthetic at 3373
Thu Jan  9 21:19:39 2003 :: Sock.sinaddr:  66.141.195.29
Thu Jan  9 21:20:29 2003 :: Sock.sinaddr:  66.141.195.29
Thu Jan  9 21:20:54 2003 :: Loading Eolorae.
Thu Jan  9 21:21:04 2003 :: Look out, Eolorae@adsl-66-141-195-29.dsl.tulsok.swbell.net has connected.
