Thu Jan  9 22:04:03 2003 :: ROM is ready to rock on port 6100.
Thu Jan  9 22:04:14 2003 :: Sock.sinaddr:  24.247.67.24
Thu Jan  9 22:04:16 2003 :: Loading Hiddukel.
Thu Jan  9 22:04:18 2003 :: Look out, Hiddukel@24.247.67.24.up.mi.chartermi.net has connected.
Thu Jan  9 22:07:28 2003 :: Log Hiddukel: pload eolorae
Thu Jan  9 22:07:28 2003 :: Loading eolorae.
Thu Jan  9 22:07:41 2003 :: Log Hiddukel: punload eol
Thu Jan  9 22:07:41 2003 :: Eolorae has quit.
Thu Jan  9 22:07:46 2003 :: Log Hiddukel: check
Thu Jan  9 22:14:16 2003 :: Sock.sinaddr:  63.187.168.202
Thu Jan  9 22:14:16 2003 :: Loading Morgion.
Thu Jan  9 22:14:16 2003 :: Look out, Morgion@sdn-ap-017castocP0202.dialsprint.net has connected.
Thu Jan  9 22:24:45 2003 :: Sock.sinaddr:  65.234.34.131
Thu Jan  9 22:24:46 2003 :: Loading Falcor.
Thu Jan  9 22:24:46 2003 :: Look out, Falcor@1Cust131.tnt3.mccomb.oh.da.uu.net has connected.
Thu Jan  9 22:25:18 2003 :: Falcor has quit.
Thu Jan  9 22:25:25 2003 :: Sock.sinaddr:  24.237.148.33
Thu Jan  9 22:26:09 2003 :: Loading Tetrall.
Thu Jan  9 22:26:11 2003 :: Look out, Tetrall@33-148-237-24.sol-dial.gci.net has connected.
Thu Jan  9 22:32:08 2003 :: Log Hiddukel: restore
Thu Jan  9 22:34:20 2003 :: Log Hiddukel: asave changed
Thu Jan  9 22:34:21 2003 :: Log Hiddukel: copyover
Thu Jan  9 22:34:21 2003 :: ROM is ready to rock on port 6100.
Thu Jan  9 22:34:21 2003 :: Copyover recovery initiated
Thu Jan  9 22:34:21 2003 :: Loading Tetrall.
Thu Jan  9 22:34:21 2003 :: Loading Morgion.
Thu Jan  9 22:34:21 2003 :: Loading Hiddukel.
Thu Jan  9 22:37:57 2003 :: Sock.sinaddr:  68.144.213.62
Thu Jan  9 22:38:01 2003 :: Loading Torianis.
Thu Jan  9 22:38:03 2003 :: Look out, Torianis@h68-144-213-62.cg.shawcable.net has connected.
Thu Jan  9 22:38:37 2003 :: Sock.sinaddr:  63.187.168.202
Thu Jan  9 22:38:43 2003 :: Loading Rey.
Thu Jan  9 22:38:45 2003 :: Look out, Rey@sdn-ap-017castocP0202.dialsprint.net has connected.
Thu Jan  9 22:39:07 2003 :: Log Hiddukel: trans rey 3054
Thu Jan  9 22:39:15 2003 :: Log Hiddukel: log tor
Thu Jan  9 22:39:36 2003 :: Log Torianis: score
Thu Jan  9 22:39:38 2003 :: Log Torianis: who
Thu Jan  9 22:39:39 2003 :: Log Torianis: track tet
Thu Jan  9 22:39:42 2003 :: Log Torianis: track rey
Thu Jan  9 22:39:45 2003 :: Log Torianis: track elo
Thu Jan  9 22:39:47 2003 :: Log Torianis: say can't now
Thu Jan  9 22:39:51 2003 :: Log Torianis: say its the old track bug
Thu Jan  9 22:40:00 2003 :: Log Torianis: say tahts what i tryed to do, and it crashed
Thu Jan  9 22:40:03 2003 :: Log Torianis: say track i mean
Thu Jan  9 22:40:11 2003 :: Log Torianis: track hid
Thu Jan  9 22:40:13 2003 :: Log Torianis: track rey
Thu Jan  9 22:40:27 2003 :: Log Torianis: say well, i used track, and it crashed
Thu Jan  9 22:40:37 2003 :: Log Torianis: say i think exactly what i typed was track elo
Thu Jan  9 22:40:46 2003 :: Log Torianis: say cause i was trying to track some char on here
Thu Jan  9 22:40:56 2003 :: Log Torianis: say i know, but it did it right after i tryed to track
Thu Jan  9 22:40:59 2003 :: Log Torianis: who
Thu Jan  9 22:41:04 2003 :: Log Torianis: track meg
Thu Jan  9 22:41:06 2003 :: Log Torianis: track h
Thu Jan  9 22:41:08 2003 :: Log Torianis: track t
Thu Jan  9 22:41:10 2003 :: Log Torianis: track gh
Thu Jan  9 22:41:13 2003 :: Log Torianis: track na
Thu Jan  9 22:41:46 2003 :: Log Torianis: say itrs possible, but i'm 100% certain i did it
Thu Jan  9 22:41:55 2003 :: Log Torianis: say ah well, you do that
Thu Jan  9 22:41:56 2003 :: Log Torianis: who
Thu Jan  9 22:42:01 2003 :: Log Torianis: track tet
Thu Jan  9 22:42:04 2003 :: Log Torianis: track rey
Thu Jan  9 22:42:14 2003 :: Log Torianis: say ...?
Thu Jan  9 22:42:33 2003 :: Log Torianis: say ah well
Thu Jan  9 22:42:35 2003 :: Log Torianis: track may
Thu Jan  9 22:42:39 2003 :: Log Torianis: track ju
Thu Jan  9 22:42:46 2003 :: Log Torianis: say sorry
Thu Jan  9 22:42:54 2003 :: Log Hiddukel: log tor
Thu Jan  9 22:43:27 2003 :: Log Hiddukel: pload eoloras
Thu Jan  9 22:43:31 2003 :: Log Hiddukel: laston eoloris
Thu Jan  9 22:43:48 2003 :: Log Hiddukel: pload eolorae
Thu Jan  9 22:43:48 2003 :: Loading eolorae.
Thu Jan  9 22:44:44 2003 :: Log Hiddukel: punload eolorae
Thu Jan  9 22:44:44 2003 :: Eolorae has quit.
Thu Jan  9 22:45:59 2003 :: Log Hiddukel: asave changed
Thu Jan  9 22:46:00 2003 :: Log Hiddukel: copyover
Thu Jan  9 22:46:00 2003 :: ROM is ready to rock on port 6100.
Thu Jan  9 22:46:00 2003 :: Copyover recovery initiated
Thu Jan  9 22:46:00 2003 :: Loading Rey.
Thu Jan  9 22:46:00 2003 :: Loading Torianis.
Thu Jan  9 22:46:00 2003 :: Loading Hiddukel.
Thu Jan  9 22:46:00 2003 :: Loading Morgion.
Thu Jan  9 22:46:00 2003 :: Loading Tetrall.
Thu Jan  9 22:46:14 2003 :: Log Hiddukel: log tor
Thu Jan  9 22:46:17 2003 :: Log Torianis: track el
Thu Jan  9 22:46:21 2003 :: Log Torianis: track u
Thu Jan  9 22:46:23 2003 :: Log Torianis: track l
Thu Jan  9 22:46:24 2003 :: Log Torianis: track me
Thu Jan  9 22:46:26 2003 :: Log Torianis: track eol
Thu Jan  9 22:46:28 2003 :: Log Torianis: say damn
Thu Jan  9 22:46:30 2003 :: Log Torianis: track rey
Thu Jan  9 22:46:33 2003 :: Log Torianis: say still don't work
Thu Jan  9 22:46:37 2003 :: Log Hiddukel: log tor
Thu Jan  9 22:47:01 2003 :: Log Hiddukel: restore
Thu Jan  9 22:57:07 2003 :: Torianis has quit.
Thu Jan  9 23:04:33 2003 :: Rey has quit.
Thu Jan  9 23:05:26 2003 :: Morgion has quit.
Thu Jan  9 23:17:09 2003 :: Tetrall has quit.
Thu Jan  9 23:17:14 2003 :: Log Hiddukel: check
Fri Jan 10 00:05:12 2003 :: Log Hiddukel: asave changed
Fri Jan 10 00:05:13 2003 :: Log Hiddukel: copyover
Fri Jan 10 00:05:13 2003 :: ROM is ready to rock on port 6100.
Fri Jan 10 00:05:13 2003 :: Copyover recovery initiated
Fri Jan 10 00:05:13 2003 :: Loading Hiddukel.
Fri Jan 10 00:11:40 2003 :: Sock.sinaddr:  209.199.40.107
Fri Jan 10 00:11:40 2003 :: Loading Morgion.
Fri Jan 10 00:11:40 2003 :: Look out, Morgion@sdn-ap-028castocP0107.dialsprint.net has connected.
Fri Jan 10 00:20:55 2003 :: Sock.sinaddr:  64.40.55.143
Fri Jan 10 00:21:08 2003 :: Loading Paladine.
Fri Jan 10 00:21:11 2003 :: Look out, Paladine@64-40-55-143.ncplus.net has connected.
Fri Jan 10 00:21:42 2003 :: Log Paladine: tele self 1209
Fri Jan 10 00:32:45 2003 :: Sock.sinaddr:  66.248.84.200
Fri Jan 10 00:32:45 2003 :: Loading Chemosh.
Fri Jan 10 00:32:45 2003 :: Look out, Chemosh@14-200.006.popsite.net has connected.
Fri Jan 10 00:32:50 2003 :: Log Chemosh: who
Fri Jan 10 00:34:40 2003 :: Sock.sinaddr:  63.198.206.139
Fri Jan 10 00:34:44 2003 :: Loading Duskryn.
Fri Jan 10 00:34:45 2003 :: Look out, Duskryn@adsl-63-198-206-139.dsl.snfc21.pacbell.net has connected.
Fri Jan 10 00:37:29 2003 :: Duskryn has quit.
Fri Jan 10 01:04:31 2003 :: Morgion has quit.
Fri Jan 10 01:05:04 2003 :: Log Chemosh: who
Fri Jan 10 01:18:42 2003 :: Sock.sinaddr:  216.194.99.14
Fri Jan 10 01:18:42 2003 :: EOF encountered on read.
Fri Jan 10 01:31:26 2003 :: Sock.sinaddr:  216.126.135.144
Fri Jan 10 01:31:26 2003 :: Loading Chemosh.
Fri Jan 10 01:31:27 2003 :: Closing link to Chemosh.
Fri Jan 10 01:31:27 2003 :: Chemosh@04-144.006.popsite.net reconnected.
Fri Jan 10 01:53:46 2003 :: Sock.sinaddr:  64.40.55.143
Fri Jan 10 01:54:00 2003 :: Loading Kougyoku.
Fri Jan 10 01:54:04 2003 :: Look out, Kougyoku@64-40-55-143.ncplus.net has connected.
Fri Jan 10 01:54:47 2003 :: Kougyoku has quit.
Fri Jan 10 01:56:28 2003 :: Log Paladine: pload kougyoku
Fri Jan 10 01:56:28 2003 :: Loading kougyoku.
Fri Jan 10 01:56:47 2003 :: Log Paladine: tele koug 3054
Fri Jan 10 01:56:50 2003 :: Log Paladine: punload koug
Fri Jan 10 01:56:50 2003 :: Kougyoku has quit.
Fri Jan 10 02:08:34 2003 :: Paladine has quit.
Fri Jan 10 02:34:22 2003 :: Sock.sinaddr:  35.12.26.52
Fri Jan 10 02:34:29 2003 :: Loading Kaillen.
Fri Jan 10 02:34:34 2003 :: Look out, Kaillen@pm854-00.dialip.mich.net has connected.
Fri Jan 10 02:47:13 2003 :: Sock.sinaddr:  35.12.26.135
Fri Jan 10 02:47:20 2003 :: Loading Kaillen.
Fri Jan 10 02:47:25 2003 :: Closing link to Kaillen.
Fri Jan 10 02:47:25 2003 :: Kaillen@pm855-33.dialip.mich.net reconnected.
Fri Jan 10 02:56:47 2003 :: Log Hiddukel: pecho kaillen You suddenly feel bigger in the groin area.
Fri Jan 10 02:57:30 2003 :: Log Hiddukel: pecho kaillen 3 fine bitches show up to inspect.
Fri Jan 10 02:57:49 2003 :: Sock.sinaddr:  35.12.26.182
Fri Jan 10 02:57:58 2003 :: Log Hiddukel: pecho kaillen They find you big, but not big enough so they leave to go for Hiddukel.
Fri Jan 10 02:58:40 2003 :: Sock.sinaddr:  35.12.26.161
Fri Jan 10 02:59:33 2003 :: Sock.sinaddr:  35.12.26.163
Fri Jan 10 02:59:39 2003 :: Loading Kaillen.
Fri Jan 10 02:59:44 2003 :: Closing link to Kaillen.
Fri Jan 10 02:59:44 2003 :: Kaillen@pm861-11.dialip.mich.net reconnected.
Read_from_descriptor: No route to host
Fri Jan 10 03:34:18 2003 :: Kaillen gained level 23
Fri Jan 10 04:22:22 2003 :: Sock.sinaddr:  35.12.26.163
Read_from_descriptor: Connection reset by peer
Fri Jan 10 04:22:22 2003 :: Closing link to Kaillen.
Fri Jan 10 04:22:27 2003 :: Loading Kaillen.
Fri Jan 10 04:22:31 2003 :: Kaillen@pm861-11.dialip.mich.net reconnected.
Fri Jan 10 05:05:42 2003 :: Kaillen gained level 24
Fri Jan 10 05:15:44 2003 :: Kaillen has quit.
Fri Jan 10 06:11:49 2003 :: Log Chemosh: quit
Fri Jan 10 06:11:49 2003 :: Chemosh has quit.
Fri Jan 10 07:18:51 2003 :: Sock.sinaddr:  172.170.174.122
Fri Jan 10 07:22:53 2003 :: Kokiri@ACAAAE7A.ipt.aol.com new player.
Fri Jan 10 08:00:28 2003 :: Kokiri gained level 2
Fri Jan 10 08:12:25 2003 :: Kokiri killed by a chained criminal at 3716
Fri Jan 10 08:16:15 2003 :: Kokiri has quit.
Fri Jan 10 08:16:29 2003 :: Sock.sinaddr:  172.170.174.122
Fri Jan 10 08:18:25 2003 :: Parva@ACAAAE7A.ipt.aol.com new player.
Fri Jan 10 08:21:49 2003 :: Sock.sinaddr:  172.170.174.122
Fri Jan 10 08:22:33 2003 :: Parva@ACAAAE7A.ipt.aol.com new player.
Fri Jan 10 08:23:20 2003 :: Sock.sinaddr:  172.170.174.122
Fri Jan 10 08:23:42 2003 :: EOF encountered on read.
Fri Jan 10 08:24:07 2003 :: Sock.sinaddr:  172.170.174.122
Fri Jan 10 08:25:26 2003 :: Parva@ACAAAE7A.ipt.aol.com new player.
Fri Jan 10 08:27:01 2003 :: Sock.sinaddr:  172.170.174.122
Fri Jan 10 08:27:14 2003 :: Loading Pugna.
Fri Jan 10 08:27:23 2003 :: Pugna. Bad Password. IP: ACAAAE7A.ipt.aol.com> Pugna
Fri Jan 10 08:27:23 2003 :: Closing link to Pugna.
Fri Jan 10 08:27:26 2003 :: Sock.sinaddr:  172.170.174.122
Fri Jan 10 08:28:41 2003 :: Mechin@ACAAAE7A.ipt.aol.com new player.
Fri Jan 10 08:30:47 2003 :: EOF encountered on read.
Fri Jan 10 08:30:47 2003 :: Closing link to Mechin.
Fri Jan 10 09:12:50 2003 :: Sock.sinaddr:  66.56.107.107
Fri Jan 10 09:12:51 2003 :: Loading Adesa.
Fri Jan 10 09:12:51 2003 :: Look out, Adesa@clt56-107-107.carolina.rr.com has connected.
Fri Jan 10 09:16:52 2003 :: Adesa has quit.
Fri Jan 10 10:25:27 2003 :: Sock.sinaddr:  65.178.65.30
Fri Jan 10 10:25:27 2003 :: Loading Morgion.
Fri Jan 10 10:25:28 2003 :: Look out, Morgion@sdn-ap-019castocP0284.dialsprint.net has connected.
Fri Jan 10 11:38:41 2003 :: Morgion has quit.
Fri Jan 10 11:50:15 2003 :: Sock.sinaddr:  198.161.203.41
Fri Jan 10 11:51:30 2003 :: Draeborne@198.161.203.41 new player.
Fri Jan 10 12:06:11 2003 :: Draeborne gained level 2
Fri Jan 10 12:16:48 2003 :: EOF encountered on read.
Fri Jan 10 12:16:48 2003 :: Closing link to Draeborne.
Fri Jan 10 12:18:23 2003 :: Sock.sinaddr:  198.161.203.41
Fri Jan 10 12:18:34 2003 :: Loading Draeborne.
Fri Jan 10 12:18:37 2003 :: Draeborne@198.161.203.41 reconnected.
Fri Jan 10 12:21:44 2003 :: Sock.sinaddr:  198.161.203.41
Fri Jan 10 12:22:03 2003 :: Sock.sinaddr:  198.161.203.41
Fri Jan 10 12:22:10 2003 :: Loading Draeborne.
Fri Jan 10 12:22:17 2003 :: Closing link to Draeborne.
Fri Jan 10 12:22:17 2003 :: Draeborne@198.161.203.41 reconnected.
Fri Jan 10 12:24:05 2003 :: Draeborne gained level 3
Fri Jan 10 12:27:36 2003 :: EOF encountered on read.
Fri Jan 10 12:27:36 2003 :: Closing link to Draeborne.
Fri Jan 10 12:27:36 2003 :: EOF encountered on read.
Fri Jan 10 12:27:36 2003 :: Closing link to Draebornbe.
Fri Jan 10 12:28:32 2003 :: Draeborne killed by a rabid criminal at 3713
Fri Jan 10 12:32:41 2003 :: Draeborne killed by a rabid criminal at 3713
Fri Jan 10 12:43:44 2003 :: Draeborne has quit.
Fri Jan 10 12:47:42 2003 :: Sock.sinaddr:  198.161.203.228
Fri Jan 10 12:47:51 2003 :: Loading Draeborne.
Fri Jan 10 12:47:55 2003 :: Look out, Draeborne@198.161.203.228 has connected.
Fri Jan 10 12:48:05 2003 :: Draeborne killed by a rabid criminal at 3713
Fri Jan 10 12:53:01 2003 :: EOF encountered on read.
Fri Jan 10 12:53:01 2003 :: Closing link to Draeborne.
Fri Jan 10 12:55:37 2003 :: Sock.sinaddr:  198.161.203.228
Fri Jan 10 12:55:44 2003 :: Loading Draeborne.
Fri Jan 10 12:55:47 2003 :: Draeborne@198.161.203.228 reconnected.
Fri Jan 10 13:14:28 2003 :: Log Hiddukel: restore drae
Fri Jan 10 13:20:25 2003 :: EOF encountered on read.
Fri Jan 10 13:20:25 2003 :: Closing link to Draeborne.
Fri Jan 10 13:36:15 2003 :: Draeborne has quit.
Fri Jan 10 14:01:00 2003 :: Sock.sinaddr:  24.237.148.149
Fri Jan 10 14:01:03 2003 :: Loading Tetrall.
Fri Jan 10 14:01:04 2003 :: Look out, Tetrall@149-148-237-24.sol-dial.gci.net has connected.
Fri Jan 10 14:30:26 2003 :: EOF encountered on read.
Fri Jan 10 14:30:26 2003 :: Closing link to Tetrall.
Fri Jan 10 14:31:46 2003 :: Sock.sinaddr:  68.144.213.62
Fri Jan 10 14:31:47 2003 :: Loading Torianis.
Fri Jan 10 14:31:48 2003 :: Look out, Torianis@h68-144-213-62.cg.shawcable.net has connected.
Fri Jan 10 14:35:57 2003 :: Torianis has quit.
Fri Jan 10 14:43:22 2003 :: Sock.sinaddr:  24.237.148.149
Fri Jan 10 14:44:06 2003 :: Loading Tetrall.
Fri Jan 10 14:44:07 2003 :: Tetrall@149-148-237-24.sol-dial.gci.net reconnected.
Fri Jan 10 14:48:45 2003 :: Tetrall killed by a Palanthas guard at 3126
Fri Jan 10 15:15:02 2003 :: Sock.sinaddr:  63.187.160.156
Fri Jan 10 15:15:03 2003 :: Loading Morgion.
Fri Jan 10 15:15:03 2003 :: Look out, Morgion@sdn-ap-016castocP0156.dialsprint.net has connected.
Fri Jan 10 15:15:39 2003 :: Sock.sinaddr:  63.187.160.156
Fri Jan 10 15:15:43 2003 :: Loading Zread.
Fri Jan 10 15:15:46 2003 :: Look out, Zread@sdn-ap-016castocP0156.dialsprint.net has connected.
Fri Jan 10 15:21:45 2003 :: 149-148-237-24.sol-dial.gci.net input spamming!
Fri Jan 10 15:24:18 2003 :: Sock.sinaddr:  24.29.79.142
Fri Jan 10 15:24:20 2003 :: Loading Jessca.
Fri Jan 10 15:24:21 2003 :: Look out, Jessca@alb-24-29-79-142.nycap.rr.com has connected.
Fri Jan 10 15:31:49 2003 :: Jessca has quit.
Fri Jan 10 15:39:31 2003 :: Tetrall has quit.
Fri Jan 10 15:39:40 2003 :: Zread has quit.
Fri Jan 10 15:40:01 2003 :: Morgion has quit.
Fri Jan 10 16:01:43 2003 :: Sock.sinaddr:  66.248.81.202
Fri Jan 10 16:01:43 2003 :: Loading Chemosh.
Fri Jan 10 16:01:44 2003 :: Look out, Chemosh@11-202.006.popsite.net has connected.
Fri Jan 10 16:02:06 2003 :: Log Hiddukel: check
Fri Jan 10 16:02:12 2003 :: Log Hiddukel: desock 6
Fri Jan 10 16:02:12 2003 :: Closing link to Chemosh.
Fri Jan 10 16:02:39 2003 :: Sock.sinaddr:  66.248.81.202
Fri Jan 10 16:02:40 2003 :: Loading Chemosh.
Fri Jan 10 16:02:40 2003 :: Look out, Chemosh@11-202.006.popsite.net has connected.
Fri Jan 10 16:02:45 2003 :: Log Chemosh: who
Fri Jan 10 16:07:30 2003 :: Log Hiddukel: fvlist
Fri Jan 10 16:07:34 2003 :: Log Hiddukel: fvlist obj
Fri Jan 10 16:10:24 2003 :: Sock.sinaddr:  24.237.148.149
Fri Jan 10 16:10:27 2003 :: Loading Tetrall.
Fri Jan 10 16:10:29 2003 :: Look out, Tetrall@149-148-237-24.sol-dial.gci.net has connected.
Fri Jan 10 17:15:15 2003 :: Tetrall has quit.
Fri Jan 10 17:28:09 2003 :: Sock.sinaddr:  24.237.148.149
Fri Jan 10 17:28:14 2003 :: Loading Tetrall.
Fri Jan 10 17:28:16 2003 :: Look out, Tetrall@149-148-237-24.sol-dial.gci.net has connected.
Fri Jan 10 17:54:44 2003 :: Sock.sinaddr:  216.194.99.14
Read_from_descriptor: Broken pipe
Fri Jan 10 17:57:37 2003 :: Log Hiddukel: set char hiddukel class enchanter
Fri Jan 10 18:01:08 2003 :: Sock.sinaddr:  24.237.149.194
Fri Jan 10 18:01:15 2003 :: Loading Tetrall.
Fri Jan 10 18:01:19 2003 :: Closing link to Tetrall.
Fri Jan 10 18:01:19 2003 :: Tetrall@194-149-237-24.sol-dial.gci.net reconnected.
Fri Jan 10 18:07:51 2003 :: Sock.sinaddr:  24.237.148.193
Fri Jan 10 18:07:56 2003 :: Loading Tetrall.
Fri Jan 10 18:07:59 2003 :: Closing link to Tetrall.
Fri Jan 10 18:07:59 2003 :: Tetrall@193-148-237-24.sol-dial.gci.net reconnected.
Fri Jan 10 18:10:15 2003 :: Tetrall gained level 15
Fri Jan 10 18:19:52 2003 :: Sock.sinaddr:  63.187.176.122
Fri Jan 10 18:19:52 2003 :: Loading Morgion.
Fri Jan 10 18:19:52 2003 :: Look out, Morgion@sdn-ap-018castocP0122.dialsprint.net has connected.
Fri Jan 10 18:20:20 2003 :: Sock.sinaddr:  63.187.176.122
Fri Jan 10 18:20:23 2003 :: Loading Zread.
Fri Jan 10 18:20:26 2003 :: Look out, Zread@sdn-ap-018castocP0122.dialsprint.net has connected.
Fri Jan 10 18:31:10 2003 :: Sock.sinaddr:  24.116.55.46
Fri Jan 10 18:31:17 2003 :: Loading Reorx.
Fri Jan 10 18:31:20 2003 :: Look out, Reorx@24-116-55-46.cpe.cableone.net has connected.
Fri Jan 10 18:34:17 2003 :: Log Hiddukel: trans rabbit
Fri Jan 10 18:42:15 2003 :: Tetrall has quit.
Fri Jan 10 18:49:47 2003 :: Log Hiddukel: snoop reorx
Fri Jan 10 18:49:54 2003 :: Log Hiddukel: snoop self
Fri Jan 10 18:57:12 2003 :: EOF encountered on read.
Fri Jan 10 18:57:12 2003 :: Closing link to Chemosh.
Fri Jan 10 18:57:54 2003 :: Log Hiddukel: punload chemosh
Fri Jan 10 18:57:54 2003 :: Chemosh has quit.
Fri Jan 10 19:09:16 2003 :: Log Hiddukel: asave changed
Fri Jan 10 19:09:16 2003 :: Log Hiddukel: copyover
Fri Jan 10 19:09:16 2003 :: ROM is ready to rock on port 6100.
Fri Jan 10 19:09:16 2003 :: Copyover recovery initiated
Fri Jan 10 19:09:16 2003 :: Loading Reorx.
Fri Jan 10 19:09:16 2003 :: Loading Zread.
Fri Jan 10 19:09:16 2003 :: Loading Morgion.
Fri Jan 10 19:09:16 2003 :: Loading Hiddukel.
Fri Jan 10 19:11:51 2003 :: Log Hiddukel: copyover
Fri Jan 10 19:11:51 2003 :: ROM is ready to rock on port 6100.
Fri Jan 10 19:11:51 2003 :: Copyover recovery initiated
Fri Jan 10 19:11:51 2003 :: Loading Hiddukel.
Fri Jan 10 19:11:51 2003 :: Loading Morgion.
Fri Jan 10 19:11:51 2003 :: Loading Zread.
Fri Jan 10 19:11:51 2003 :: Loading Reorx.
Fri Jan 10 19:12:03 2003 :: Log Hiddukel: load obj 3775
Fri Jan 10 19:17:50 2003 :: Log Hiddukel: asave changed
Fri Jan 10 19:17:50 2003 :: Log Hiddukel: copyover
Fri Jan 10 19:17:50 2003 :: ROM is ready to rock on port 6100.
Fri Jan 10 19:17:50 2003 :: Copyover recovery initiated
Fri Jan 10 19:17:50 2003 :: Loading Reorx.
Fri Jan 10 19:17:50 2003 :: Loading Zread.
Fri Jan 10 19:17:50 2003 :: Loading Morgion.
Fri Jan 10 19:17:50 2003 :: Loading Hiddukel.
Fri Jan 10 19:19:34 2003 :: Log Hiddukel: load obj 3771
Fri Jan 10 19:33:59 2003 :: Zread has quit.
Fri Jan 10 19:35:00 2003 :: Morgion has quit.
Fri Jan 10 20:19:54 2003 :: Sock.sinaddr:  172.128.154.123
Fri Jan 10 20:27:41 2003 :: Talon@AC809A7B.ipt.aol.com new player.
Fri Jan 10 20:50:57 2003 :: Sock.sinaddr:  172.161.205.100
Fri Jan 10 20:51:35 2003 :: EOF encountered on read.
Fri Jan 10 21:14:52 2003 :: Talon killed by a chained criminal at 3710
Fri Jan 10 21:19:12 2003 :: Log Hiddukel: restore talon
Fri Jan 10 21:35:19 2003 :: Talon gained level 2
Fri Jan 10 21:38:13 2003 :: Log Hiddukel: asperson talon spell
Fri Jan 10 21:38:17 2003 :: Log Hiddukel: asperson talon skill
Fri Jan 10 21:54:19 2003 :: Sock.sinaddr:  65.234.34.203
Fri Jan 10 21:54:20 2003 :: Loading Falcor.
Fri Jan 10 21:54:20 2003 :: Look out, Falcor@1Cust203.tnt3.mccomb.oh.da.uu.net has connected.
Fri Jan 10 21:55:09 2003 :: Falcor has quit.
Fri Jan 10 22:00:24 2003 :: Log Hiddukel: losereply talon
Fri Jan 10 22:05:28 2003 :: Talon gained level 3
Fri Jan 10 22:08:01 2003 :: Sock.sinaddr:  172.167.93.71
Fri Jan 10 22:08:05 2003 :: Loading Xalfor.
Fri Jan 10 22:08:06 2003 :: Look out, Xalfor@ACA75D47.ipt.aol.com has connected.
Fri Jan 10 22:08:17 2003 :: EOF encountered on read.
Fri Jan 10 22:08:17 2003 :: Closing link to Xalfor.
Fri Jan 10 22:11:16 2003 :: Sock.sinaddr:  66.248.83.91
Fri Jan 10 22:11:16 2003 :: Loading Chemosh.
Fri Jan 10 22:11:16 2003 :: Look out, Chemosh@13-091.006.popsite.net has connected.
Fri Jan 10 22:13:16 2003 :: Chemosh gets skill trance
Fri Jan 10 22:24:37 2003 :: Xalfor has quit.
Fri Jan 10 22:24:42 2003 :: Log Chemosh: who
Fri Jan 10 22:27:10 2003 :: Talon gained level 4
Fri Jan 10 22:30:25 2003 :: Talon killed by the boar at 3741
Fri Jan 10 22:36:38 2003 :: Sock.sinaddr:  172.137.148.18
Fri Jan 10 23:04:22 2003 :: Talon has quit.
Fri Jan 10 23:20:45 2003 :: Log Chemosh: imm later
Fri Jan 10 23:20:49 2003 :: Reorx has quit.
Fri Jan 10 23:26:08 2003 :: Sock.sinaddr:  64.40.55.125
Fri Jan 10 23:26:22 2003 :: Loading Paladine.
Fri Jan 10 23:26:24 2003 :: Look out, Paladine@64-40-55-125.ncplus.net has connected.
Fri Jan 10 23:26:26 2003 :: Paladine gets skill trance
Fri Jan 10 23:36:32 2003 :: Log Paladine: load obh 10785
Fri Jan 10 23:36:37 2003 :: Log Paladine: load obj 19785
Fri Jan 10 23:36:44 2003 :: Log Paladine: load obj 10785
Fri Jan 10 23:40:33 2003 :: Sock.sinaddr:  172.155.200.93
Fri Jan 10 23:40:35 2003 :: Loading Leigh.
Fri Jan 10 23:40:37 2003 :: Look out, Leigh@AC9BC85D.ipt.aol.com has connected.
Fri Jan 10 23:40:38 2003 :: Leigh gets skill trance
Fri Jan 10 23:41:13 2003 :: Log Chemosh: who
Fri Jan 10 23:42:11 2003 :: Leigh has quit.
Sat Jan 11 00:28:16 2003 :: Log Chemosh: imm hi pal
Sat Jan 11 00:29:22 2003 :: Log Chemosh: tip
Sat Jan 11 00:30:45 2003 :: Log Chemosh: nod
Sat Jan 11 00:30:54 2003 :: Log Chemosh: 'im tired, i slept for 2 hours last night
Sat Jan 11 00:31:04 2003 :: Log Chemosh: 'actually, this morning
Sat Jan 11 00:31:37 2003 :: Log Chemosh: 'need to spend time to study for final
Sat Jan 11 00:31:39 2003 :: Log Chemosh: frow
Sat Jan 11 00:32:18 2003 :: Log Chemosh: 'semester final, all of my classes
Sat Jan 11 00:32:33 2003 :: Log Chemosh: nod
Sat Jan 11 00:32:36 2003 :: Log Chemosh: 'sucks
Sat Jan 11 00:38:40 2003 :: Log Chemosh: nod
Sat Jan 11 00:38:41 2003 :: Log Chemosh: who
Sat Jan 11 00:38:49 2003 :: Log Chemosh: 'gonna get some good sleep next week
Sat Jan 11 00:38:50 2003 :: Log Chemosh: lo
Sat Jan 11 01:08:30 2003 :: Paladine has quit.
Sat Jan 11 01:20:47 2003 :: Sock.sinaddr:  216.194.99.14
Sat Jan 11 01:20:47 2003 :: EOF encountered on read.
Sat Jan 11 02:04:08 2003 :: Sock.sinaddr:  172.180.111.192
Sat Jan 11 02:04:15 2003 :: Loading Quanto.
Sat Jan 11 02:04:18 2003 :: Look out, Quanto@ACB46FC0.ipt.aol.com has connected.
Sat Jan 11 02:04:38 2003 :: Quanto has quit.
Sat Jan 11 02:16:14 2003 :: Sock.sinaddr:  128.104.122.49
Sat Jan 11 02:18:53 2003 :: Dalmus@dsl-122049.dsl.wisc.edu new player.
Sat Jan 11 02:40:58 2003 :: Dalmus killed by a chained criminal at 3710
Sat Jan 11 02:45:06 2003 :: Log Hiddukel: snoop dal
Sat Jan 11 02:45:30 2003 :: Log Hiddukel: snoop self
Sat Jan 11 02:45:53 2003 :: Sock.sinaddr:  128.104.122.49
Sat Jan 11 02:48:48 2003 :: Log Hiddukel: disconnect chemosh
Sat Jan 11 02:48:48 2003 :: Closing link to Chemosh.
Sat Jan 11 02:48:52 2003 :: Log Hiddukel: punload chemosh
Sat Jan 11 02:48:52 2003 :: Chemosh has quit.
Sat Jan 11 02:49:14 2003 :: Sock.sinaddr:  66.248.83.91
Sat Jan 11 02:49:15 2003 :: Loading Chemosh.
Sat Jan 11 02:49:15 2003 :: Look out, Chemosh@13-091.006.popsite.net has connected.
Sat Jan 11 02:49:20 2003 :: Log Chemosh: who
Sat Jan 11 02:49:42 2003 :: Aystralus@dsl-122049.dsl.wisc.edu new player.
Sat Jan 11 02:53:24 2003 :: Log Hiddukel: echo #define OBJ_VNUM_HERB_GARLIC   1880
Sat Jan 11 02:53:24 2003 :: Log Hiddukel: echo #define OBJ_VNUM_HERB_GHOSTROOT  1881
Sat Jan 11 02:53:24 2003 :: Log Hiddukel: echo #define OBJ_VNUM_HERB_MINT   1882
Sat Jan 11 02:53:24 2003 :: Log Hiddukel: echo #define OBJ_VNUM_HERB_TATEESHA   1883
Sat Jan 11 02:53:25 2003 :: Log Hiddukel: echo #define OBJ_VNUM_HERB_SUAEYSIT   1884
Sat Jan 11 02:53:25 2003 :: Log Hiddukel: echo #define OBJ_VNUM_HERB_FUNGABORU  1885
Sat Jan 11 02:53:25 2003 :: Log Hiddukel: echo #define OBJ_VNUM_HERB_ACORN      1886
Sat Jan 11 02:53:25 2003 :: Log Hiddukel: echo #define OBJ_VNUM_HERB_ZULSENDRA  1887
Sat Jan 11 02:53:26 2003 :: Log Hiddukel: echo #define OBJ_VNUM_HERB_WINCLAMIT  1888
Sat Jan 11 02:53:26 2003 :: Log Hiddukel: echo #define OBJ_VNUM_HERB_YAVETHALION 1889
Sat Jan 11 02:53:26 2003 :: Log Hiddukel: echo #define OBJ_VNUM_HERB_STONEWORT  1890
Sat Jan 11 02:53:26 2003 :: Log Hiddukel: echo #define OBJ_VNUM_HERB_WOODSORREL 1891
Sat Jan 11 02:53:27 2003 :: Log Hiddukel: echo #define OBJ_VNUM_HERB_ICEROOT   1892
Sat Jan 11 02:53:27 2003 :: Log Hiddukel: echo #define OBJ_VNUM_HERB_GOLDBLOOM  1893
Sat Jan 11 02:59:54 2003 :: Log Hiddukel: snoop ay
Sat Jan 11 03:00:10 2003 :: Log Hiddukel: snoop self
Sat Jan 11 03:06:31 2003 :: Aystralus killed by a chained criminal at 3716
Sat Jan 11 03:17:05 2003 :: Aystralus killed by a chained criminal at 3716
Sat Jan 11 03:23:59 2003 :: Aystralus killed by Aystralus at 3716
Sat Jan 11 03:24:51 2003 :: Sock.sinaddr:  128.104.122.49
Sat Jan 11 03:26:24 2003 :: Atryius@dsl-122049.dsl.wisc.edu new player.
Sat Jan 11 03:28:31 2003 :: Sock.sinaddr:  65.179.240.63
Sat Jan 11 03:28:51 2003 :: Loading Morgion.
Sat Jan 11 03:28:55 2003 :: Look out, Morgion@sdn-ap-027castocP0063.dialsprint.net has connected.
Sat Jan 11 03:28:59 2003 :: Morgion gets skill trance
Sat Jan 11 03:35:52 2003 :: Atryius gained level 2
Sat Jan 11 03:38:21 2003 :: Log Chemosh: who
Sat Jan 11 03:39:39 2003 :: Sock.sinaddr:  65.179.240.63
Sat Jan 11 03:41:28 2003 :: Atryius gained level 3
Sat Jan 11 03:44:53 2003 :: Veers@sdn-ap-027castocP0063.dialsprint.net new player.
Sat Jan 11 03:47:16 2003 :: [*****] BUG: Extract_obj: obj 3705 not found.
Sat Jan 11 03:48:01 2003 :: [*****] BUG: Extract_obj: obj 3705 not found.
Sat Jan 11 03:50:25 2003 :: Log Hiddukel: reward atr 500
Sat Jan 11 03:50:25 2003 :: Atryius gained level 4
Sat Jan 11 04:03:25 2003 :: Veers gained level 2
Sat Jan 11 04:04:13 2003 :: Atryius killed by the rabbit at 3735
Read_from_descriptor: Connection reset by peer
Sat Jan 11 04:11:10 2003 :: Closing link to Chemosh.
Sat Jan 11 04:11:37 2003 :: Veers gained level 3
Sat Jan 11 04:12:32 2003 :: Sock.sinaddr:  66.248.83.91
Sat Jan 11 04:12:32 2003 :: Loading Chemosh.
Sat Jan 11 04:12:32 2003 :: Chemosh@13-091.006.popsite.net reconnected.
Sat Jan 11 04:12:33 2003 :: Log Chemosh: y
Sat Jan 11 04:16:40 2003 :: Atryius gained level 5
Sat Jan 11 04:21:15 2003 :: Atryius has quit.
Sat Jan 11 04:23:37 2003 :: Veers gained level 4
Sat Jan 11 04:27:00 2003 :: Veers has quit.
Sat Jan 11 04:28:27 2003 :: Morgion has quit.
Sat Jan 11 04:28:34 2003 :: Sock.sinaddr:  62.251.98.51
Sat Jan 11 04:31:26 2003 :: Tandolk@fia51-98.dsl.hccnet.nl new player.
Sat Jan 11 04:58:29 2003 :: Tandolk killed by a chained criminal at 3710
Sat Jan 11 05:24:26 2003 :: Tandolk gained level 2
Sat Jan 11 06:01:02 2003 :: Tandolk gained level 3
Read_from_descriptor: Connection timed out
Sat Jan 11 06:20:46 2003 :: Closing link to Chemosh.
Sat Jan 11 06:22:05 2003 :: Tandolk gained level 4
Sat Jan 11 07:17:26 2003 :: Tandolk gained level 5
Sat Jan 11 07:28:44 2003 :: Log Tandolk: del book
Sat Jan 11 07:53:46 2003 :: Tandolk gained level 6
Sat Jan 11 07:59:31 2003 :: Sock.sinaddr:  216.89.114.149
Sat Jan 11 07:59:41 2003 :: Loading Majere.
Sat Jan 11 07:59:43 2003 :: Look out, Majere@216-89-114-149.bv.dp.net has connected.
Sat Jan 11 07:59:45 2003 :: Majere gets skill trance
Sat Jan 11 08:00:22 2003 :: Majere has quit.
Sat Jan 11 08:07:18 2003 :: Tandolk has quit.
Sat Jan 11 08:08:06 2003 :: Sock.sinaddr:  216.89.114.149
Sat Jan 11 08:08:11 2003 :: Loading Majere.
Sat Jan 11 08:08:12 2003 :: Look out, Majere@216-89-114-149.bv.dp.net has connected.
Sat Jan 11 08:09:22 2003 :: Majere has quit.
Sat Jan 11 09:41:44 2003 :: Sock.sinaddr:  216.89.114.149
Sat Jan 11 09:41:53 2003 :: Loading Majere.
Sat Jan 11 09:41:54 2003 :: Look out, Majere@216-89-114-149.bv.dp.net has connected.
Sat Jan 11 09:42:06 2003 :: Majere has quit.
Sat Jan 11 09:56:41 2003 :: Sock.sinaddr:  216.89.114.149
Sat Jan 11 09:57:35 2003 :: Sock.sinaddr:  216.89.114.149
Sat Jan 11 09:57:39 2003 :: Loading Roman.
Sat Jan 11 09:57:41 2003 :: Look out, Roman@216-89-114-149.bv.dp.net has connected.
Sat Jan 11 09:57:50 2003 :: Loading Majere.
Sat Jan 11 09:57:51 2003 :: Look out, Majere@216-89-114-149.bv.dp.net has connected.
Sat Jan 11 10:09:50 2003 :: Log Hiddukel: laston jema
Sat Jan 11 10:11:39 2003 :: Log Hiddukel: laston prodigy
Sat Jan 11 11:06:31 2003 :: Sock.sinaddr:  128.104.122.49
Sat Jan 11 11:08:42 2003 :: Loading Atryius.
Sat Jan 11 11:08:47 2003 :: Look out, Atryius@dsl-122049.dsl.wisc.edu has connected.
Sat Jan 11 11:22:55 2003 :: Majere has quit.
Sat Jan 11 11:22:59 2003 :: Roman has quit.
Sat Jan 11 11:26:00 2003 :: Sock.sinaddr:  198.161.203.41
Sat Jan 11 11:26:19 2003 :: Loading Draeborne.
Sat Jan 11 11:26:28 2003 :: Look out, Draeborne@198.161.203.41 has connected.
Sat Jan 11 11:27:11 2003 :: Sock.sinaddr:  216.89.114.241
Sat Jan 11 11:27:16 2003 :: Loading Majere.
Sat Jan 11 11:27:17 2003 :: Look out, Majere@216-89-114-241.bv.dp.net has connected.
Sat Jan 11 11:27:48 2003 :: Atryius has quit.
Sat Jan 11 11:28:19 2003 :: Majere has quit.
Sat Jan 11 11:35:03 2003 :: Sock.sinaddr:  66.248.84.53
Sat Jan 11 11:35:04 2003 :: Loading Chemosh.
Sat Jan 11 11:35:04 2003 :: Chemosh@14-053.006.popsite.net reconnected.
Sat Jan 11 11:35:04 2003 :: Log Chemosh: y
Sat Jan 11 11:36:06 2003 :: Log Chemosh: who
Sat Jan 11 11:38:12 2003 :: Draeborne has quit.
Sat Jan 11 11:54:42 2003 :: Sock.sinaddr:  198.161.203.41
Sat Jan 11 11:54:53 2003 :: EOF encountered on read.
Sat Jan 11 12:02:31 2003 :: Sock.sinaddr:  172.139.233.155
Sat Jan 11 12:02:45 2003 :: Loading Talon.
Sat Jan 11 12:02:52 2003 :: Look out, Talon@AC8BE99B.ipt.aol.com has connected.
Sat Jan 11 12:11:42 2003 :: Log Hiddukel: check
Sat Jan 11 12:21:04 2003 :: Sock.sinaddr:  35.12.21.124
Sat Jan 11 12:21:09 2003 :: Loading Kaillen.
Sat Jan 11 12:21:13 2003 :: Look out, Kaillen@pm794-22.dialip.mich.net has connected.
Sat Jan 11 12:27:50 2003 :: Log Hiddukel: load obj 3715
Sat Jan 11 12:30:26 2003 :: Talon killed by the beast at 3750
Sat Jan 11 12:31:34 2003 :: Sock.sinaddr:  4.64.88.32
Sat Jan 11 12:31:35 2003 :: Loading Lando.
Sat Jan 11 12:31:35 2003 :: Look out, Lando@evrtwa1-ar5-4-64-088-032.evrtwa1.dsl-verizon.net has connected.
Sat Jan 11 12:31:41 2003 :: Lando has quit.
Sat Jan 11 12:35:28 2003 :: Sock.sinaddr:  68.144.213.62
Sat Jan 11 12:35:30 2003 :: Loading Torianis.
Sat Jan 11 12:35:30 2003 :: Look out, Torianis@h68-144-213-62.cg.shawcable.net has connected.
Sat Jan 11 12:40:26 2003 :: Torianis has quit.
Sat Jan 11 12:42:17 2003 :: Sock.sinaddr:  4.62.3.37
Sat Jan 11 12:44:14 2003 :: EOF encountered on read.
Sat Jan 11 12:44:14 2003 :: Closing link to Tony.
Sat Jan 11 12:50:33 2003 :: Sock.sinaddr:  35.12.26.195
Sat Jan 11 12:50:37 2003 :: Loading Kaillen.
Sat Jan 11 12:50:43 2003 :: Closing link to Kaillen.
Sat Jan 11 12:50:43 2003 :: Kaillen@pm861-43.dialip.mich.net reconnected.
Sat Jan 11 13:21:52 2003 :: Log Hiddukel: restore all
Sat Jan 11 13:24:35 2003 :: Sock.sinaddr:  128.104.122.49
Sat Jan 11 13:24:58 2003 :: Closing link to Aytrius.
Sat Jan 11 13:25:00 2003 :: Sock.sinaddr:  128.104.122.49
Sat Jan 11 13:25:07 2003 :: Loading Atryius.
Sat Jan 11 13:25:10 2003 :: Look out, Atryius@dsl-122049.dsl.wisc.edu has connected.
Sat Jan 11 13:25:14 2003 :: Sock.sinaddr:  131.227.115.87
Sat Jan 11 13:25:35 2003 :: Loading Shinare.
Sat Jan 11 13:25:37 2003 :: Look out, Shinare@dublin.ph.surrey.ac.uk has connected.
Sat Jan 11 13:25:45 2003 :: Shinare gets skill trance
Sat Jan 11 13:30:39 2003 :: Talon has quit.
Sat Jan 11 13:30:55 2003 :: Sock.sinaddr:  172.139.233.155
Sat Jan 11 13:31:07 2003 :: Loading Talon.
Sat Jan 11 13:31:12 2003 :: Look out, Talon@AC8BE99B.ipt.aol.com has connected.
Sat Jan 11 13:35:25 2003 :: Atryius killed by a chained criminal at 3710
Sat Jan 11 13:37:26 2003 :: Sock.sinaddr:  35.12.26.208
Sat Jan 11 13:37:31 2003 :: Loading Kaillen.
Sat Jan 11 13:37:36 2003 :: Closing link to Kaillen.
Sat Jan 11 13:37:36 2003 :: Kaillen@pm862-06.dialip.mich.net reconnected.
Sat Jan 11 13:39:48 2003 :: Kaillen has quit.
Sat Jan 11 13:40:30 2003 :: Shinare has quit.
Sat Jan 11 13:46:25 2003 :: Talon gained level 5
Sat Jan 11 14:09:28 2003 :: Atryius gained level 6
Sat Jan 11 14:09:38 2003 :: Sock.sinaddr:  12.107.149.211
Sat Jan 11 14:10:05 2003 :: Log Hiddukel: snoop talon
Sat Jan 11 14:10:09 2003 :: EOF encountered on read.
Sat Jan 11 14:10:46 2003 :: Log Hiddukel: snoop self
Sat Jan 11 14:14:40 2003 :: Sock.sinaddr:  12.107.149.211
Sat Jan 11 14:14:46 2003 :: Loading Solinari.
Sat Jan 11 14:14:50 2003 :: Look out, Solinari@12.107.149.211 has connected.
Sat Jan 11 14:14:54 2003 :: Solinari gets skill trance
Sat Jan 11 14:15:06 2003 :: Log Hiddukel: restore
Sat Jan 11 14:17:34 2003 :: Talon gained level 6
Sat Jan 11 14:29:22 2003 :: Sock.sinaddr:  65.179.233.23
Sat Jan 11 14:29:27 2003 :: Loading Morgion.
Sat Jan 11 14:29:31 2003 :: Look out, Morgion@sdn-ap-026castocP0277.dialsprint.net has connected.
Sat Jan 11 14:30:16 2003 :: Sock.sinaddr:  65.179.233.23
Sat Jan 11 14:30:19 2003 :: Loading Veers.
Sat Jan 11 14:30:22 2003 :: Look out, Veers@sdn-ap-026castocP0277.dialsprint.net has connected.
Sat Jan 11 14:33:04 2003 :: Talon killed by a small street dog at 3127
Read_from_descriptor: Connection reset by peer
Sat Jan 11 14:36:56 2003 :: Closing link to Talon.
Sat Jan 11 14:37:43 2003 :: Solinari has quit.
Sat Jan 11 14:39:49 2003 :: Atryius killed by A foul smelling skunk at 2426
Sat Jan 11 14:41:16 2003 :: Veers gained level 5
Sat Jan 11 14:52:43 2003 :: Talon has quit.
Sat Jan 11 14:56:30 2003 :: Sock.sinaddr:  172.129.199.246
Sat Jan 11 14:56:37 2003 :: Loading Xalfor.
Sat Jan 11 14:56:38 2003 :: Xalfor. Bad Password. IP: AC81C7F6.ipt.aol.com> xalfoor
Sat Jan 11 14:56:38 2003 :: Closing link to Xalfor.
Sat Jan 11 14:56:42 2003 :: Sock.sinaddr:  172.129.199.246
Sat Jan 11 14:56:46 2003 :: Loading Xalfor.
Sat Jan 11 14:56:48 2003 :: Look out, Xalfor@AC81C7F6.ipt.aol.com has connected.
Sat Jan 11 15:02:32 2003 :: EOF encountered on read.
Sat Jan 11 15:02:32 2003 :: Closing link to Xalfor.
Sat Jan 11 15:03:50 2003 :: Veers gained level 6
Sat Jan 11 15:18:59 2003 :: Xalfor has quit.
Sat Jan 11 15:19:30 2003 :: Sock.sinaddr:  172.129.199.246
Sat Jan 11 15:19:35 2003 :: Loading Xalfor.
Sat Jan 11 15:19:36 2003 :: Look out, Xalfor@AC81C7F6.ipt.aol.com has connected.
Sat Jan 11 15:23:32 2003 :: Veers killed by a mean troll at 973
Sat Jan 11 15:30:42 2003 :: Sock.sinaddr:  24.237.148.45
Sat Jan 11 15:30:50 2003 :: Loading Tetrall.
Sat Jan 11 15:30:51 2003 :: Look out, Tetrall@45-148-237-24.sol-dial.gci.net has connected.
Sat Jan 11 15:30:55 2003 :: Tetrall gets skill trance
Sat Jan 11 15:31:54 2003 :: Tetrall has quit.
Sat Jan 11 15:41:22 2003 :: Sock.sinaddr:  65.179.233.23
Sat Jan 11 15:41:26 2003 :: Loading Sarven.
Sat Jan 11 15:41:29 2003 :: Look out, Sarven@sdn-ap-026castocP0277.dialsprint.net has connected.
Sat Jan 11 15:41:30 2003 :: Sarven gets skill trance
Sat Jan 11 15:43:59 2003 :: Sarven has quit.
Sat Jan 11 15:50:26 2003 :: Veers gained level 7
Sat Jan 11 15:51:12 2003 :: Log Hiddukel: load obj 17545
Sat Jan 11 15:51:16 2003 :: Log Hiddukel: load obj 17547
Sat Jan 11 15:51:19 2003 :: Log Hiddukel: clone tat
Sat Jan 11 15:51:20 2003 :: Log Hiddukel: clone tat
Sat Jan 11 15:51:20 2003 :: Log Hiddukel: clone tat
Sat Jan 11 15:51:46 2003 :: Log Hiddukel: restore all
Sat Jan 11 15:52:36 2003 :: Log Hiddukel: snoop xal
Sat Jan 11 15:54:46 2003 :: Log Hiddukel: snoop self
Sat Jan 11 15:55:26 2003 :: Atryius gained level 7
Sat Jan 11 15:55:37 2003 :: Log Hiddukel: asperson atry spell
Sat Jan 11 15:55:50 2003 :: Log Hiddukel: set char hiddukel class druid
Sat Jan 11 15:56:07 2003 :: Log Hiddukel: asperson atry skill
Sat Jan 11 16:03:05 2003 :: Sock.sinaddr:  24.247.67.24
Sat Jan 11 16:03:08 2003 :: Loading Hiddukel.
Sat Jan 11 16:03:10 2003 :: Closing link to Hiddukel.
Sat Jan 11 16:03:10 2003 :: Hiddukel@24.247.67.24.up.mi.chartermi.net reconnected.
Sat Jan 11 16:03:34 2003 :: Log Hiddukel: check
Sat Jan 11 16:08:38 2003 :: Xalfor gained level 3
Sat Jan 11 16:10:04 2003 :: Sock.sinaddr:  68.144.213.62
Sat Jan 11 16:10:06 2003 :: Loading Torianis.
Sat Jan 11 16:10:06 2003 :: Look out, Torianis@h68-144-213-62.cg.shawcable.net has connected.
Sat Jan 11 16:15:14 2003 :: Veers gained level 8
Sat Jan 11 16:20:02 2003 :: Torianis has quit.
Sat Jan 11 16:20:26 2003 :: Atryius gained level 8
Sat Jan 11 16:26:35 2003 :: Veers gained level 9
Sat Jan 11 16:27:12 2003 :: Sock.sinaddr:  65.32.17.147
Sat Jan 11 16:28:48 2003 :: Valkner@653217hfc147.tampabay.rr.com new player.
Read_from_descriptor: Broken pipe
Sat Jan 11 16:30:26 2003 :: Closing link to Valkner.
Sat Jan 11 16:35:04 2003 :: Sock.sinaddr:  216.89.113.108
Sat Jan 11 16:35:08 2003 :: Loading Majere.
Sat Jan 11 16:35:11 2003 :: Xalfor gained level 4
Sat Jan 11 16:35:16 2003 :: Look out, Majere@216-89-113-108.bv.dp.net has connected.
Sat Jan 11 16:37:27 2003 :: Log Chemosh: who
Sat Jan 11 16:38:32 2003 :: Atryius gained level 9
Sat Jan 11 16:40:07 2003 :: Majere has quit.
Sat Jan 11 16:45:02 2003 :: Veers gained level 10
Read_from_descriptor: Connection reset by peer
Sat Jan 11 16:59:48 2003 :: Closing link to Chemosh.
Sat Jan 11 17:01:18 2003 :: Sock.sinaddr:  66.248.84.53
Sat Jan 11 17:01:19 2003 :: Loading Chemosh.
Sat Jan 11 17:01:19 2003 :: Chemosh@14-053.006.popsite.net reconnected.
Sat Jan 11 17:01:19 2003 :: Log Chemosh: y
Sat Jan 11 17:14:32 2003 :: Atryius gained level 10
Sat Jan 11 17:16:36 2003 :: Atryius has quit.
Sat Jan 11 17:16:49 2003 :: Sock.sinaddr:  128.104.122.49
Sat Jan 11 17:17:33 2003 :: Sock.sinaddr:  216.89.113.108
Sat Jan 11 17:17:43 2003 :: EOF encountered on read.
Sat Jan 11 17:22:39 2003 :: EOF encountered on read.
Read_from_descriptor: Connection reset by peer
Sat Jan 11 17:27:19 2003 :: Closing link to Xalfor.
Sat Jan 11 17:30:22 2003 :: Sock.sinaddr:  24.237.150.250
Sat Jan 11 17:31:03 2003 :: Loading Tetrall.
Sat Jan 11 17:31:05 2003 :: Look out, Tetrall@250-150-237-24.sol-dial.gci.net has connected.
Sat Jan 11 17:31:46 2003 :: Sock.sinaddr:  216.89.113.165
Sat Jan 11 17:31:52 2003 :: EOF encountered on read.
Sat Jan 11 17:42:57 2003 :: Sock.sinaddr:  24.29.79.142
Sat Jan 11 17:43:00 2003 :: Loading Jessca.
Sat Jan 11 17:43:01 2003 :: Look out, Jessca@alb-24-29-79-142.nycap.rr.com has connected.
Sat Jan 11 17:43:01 2003 :: Jessca gets skill trance
Sat Jan 11 17:43:07 2003 :: Jessca has quit.
Sat Jan 11 17:43:44 2003 :: Xalfor has quit.
Sat Jan 11 17:44:27 2003 :: Sock.sinaddr:  24.29.79.142
Sat Jan 11 17:44:32 2003 :: Sock.sinaddr:  172.169.99.221
Sat Jan 11 17:44:48 2003 :: Loading Xalfor.
Sat Jan 11 17:44:50 2003 :: Look out, Xalfor@ACA963DD.ipt.aol.com has connected.
Sat Jan 11 17:48:31 2003 :: Orim@alb-24-29-79-142.nycap.rr.com new player.
