Sat Jan 11 18:54:16 2003 :: ROM is ready to rock on port 6100.
Sat Jan 11 18:54:22 2003 :: Sock.sinaddr:  24.247.67.24
Sat Jan 11 18:54:24 2003 :: Loading Hiddukel.
Sat Jan 11 18:54:26 2003 :: Look out, Hiddukel@24.247.67.24.up.mi.chartermi.net has connected.
Sat Jan 11 18:54:27 2003 :: Hiddukel gets skill trance
Sat Jan 11 19:01:37 2003 :: Sock.sinaddr:  24.237.150.250
Sat Jan 11 19:04:22 2003 :: Loading Tetrall.
Sat Jan 11 19:04:23 2003 :: Look out, Tetrall@250-150-237-24.sol-dial.gci.net has connected.
Sat Jan 11 19:20:41 2003 :: Tetrall has quit.
Sat Jan 11 19:35:28 2003 :: Sock.sinaddr:  65.179.233.16
Sat Jan 11 19:35:32 2003 :: Loading Morgion.
Sat Jan 11 19:35:38 2003 :: Look out, Morgion@sdn-ap-026castocP0270.dialsprint.net has connected.
Sat Jan 11 19:37:34 2003 :: Sock.sinaddr:  65.179.233.16
Sat Jan 11 19:37:40 2003 :: Loading Veers.
Sat Jan 11 19:37:44 2003 :: Look out, Veers@sdn-ap-026castocP0270.dialsprint.net has connected.
Sat Jan 11 19:53:49 2003 :: Veers has quit.
Sat Jan 11 19:53:52 2003 :: Morgion has quit.
Sat Jan 11 19:54:00 2003 :: Log Hiddukel: check
Sat Jan 11 19:55:24 2003 :: Sock.sinaddr:  172.165.132.134
Sat Jan 11 19:55:49 2003 :: Loading Talon.
Sat Jan 11 19:55:58 2003 :: Look out, Talon@ACA58486.ipt.aol.com has connected.
Sat Jan 11 20:01:24 2003 :: Sock.sinaddr:  216.194.99.14
Sat Jan 11 20:02:39 2003 :: EOF encountered on read.
Sat Jan 11 20:02:39 2003 :: Closing link to Allanon.
Sat Jan 11 20:02:41 2003 :: Sock.sinaddr:  216.194.99.14
Sat Jan 11 20:04:09 2003 :: Loading Quentin.
Sat Jan 11 20:04:13 2003 :: EOF encountered on read.
Sat Jan 11 20:04:13 2003 :: Closing link to Quentin.
Sat Jan 11 20:04:13 2003 :: Sock.sinaddr:  216.194.99.14
Sat Jan 11 20:05:05 2003 :: Talon killed by a small street dog at 3001
Sat Jan 11 20:06:00 2003 :: Menion@mudconnector.com new player.
Sat Jan 11 20:06:30 2003 :: Log Hiddukel: restore
Sat Jan 11 20:14:23 2003 :: Sock.sinaddr:  66.248.83.199
Sat Jan 11 20:14:24 2003 :: Loading Chemosh.
Sat Jan 11 20:14:24 2003 :: Look out, Chemosh@13-199.006.popsite.net has connected.
Sat Jan 11 20:20:26 2003 :: Menion killed by a chained criminal at 3710
Sat Jan 11 20:29:32 2003 :: Sock.sinaddr:  65.178.72.166
Sat Jan 11 20:29:37 2003 :: Loading Morgion.
Sat Jan 11 20:29:39 2003 :: Look out, Morgion@sdn-ap-020castocP0166.dialsprint.net has connected.
Sat Jan 11 20:29:47 2003 :: Log Hiddukel: snoop tal
Sat Jan 11 20:30:52 2003 :: Log Hiddukel: snoop self
Sat Jan 11 20:31:06 2003 :: Sock.sinaddr:  65.178.72.166
Sat Jan 11 20:31:11 2003 :: Loading Veers.
Sat Jan 11 20:31:14 2003 :: Look out, Veers@sdn-ap-020castocP0166.dialsprint.net has connected.
Sat Jan 11 20:34:43 2003 :: Log Hiddukel: load obj 4815
Sat Jan 11 20:35:37 2003 :: Log Hiddukel: load obj 3066
Sat Jan 11 20:35:57 2003 :: Log Hiddukel: trans guard
Sat Jan 11 20:35:59 2003 :: Log Hiddukel: slay guard
Sat Jan 11 20:36:06 2003 :: Log Hiddukel: trans palanthas
Sat Jan 11 20:36:08 2003 :: Log Hiddukel: slay guard
Sat Jan 11 20:36:34 2003 :: Log Hiddukel: force talon get all
Sat Jan 11 20:36:43 2003 :: Log Hiddukel: grab guts talon
Sat Jan 11 20:36:49 2003 :: Log Hiddukel: apurge hiddukel
Sat Jan 11 20:37:36 2003 :: Log Hiddukel: load obj 3724
Sat Jan 11 20:38:11 2003 :: Log Chemosh: who
Sat Jan 11 20:38:13 2003 :: Log Chemosh: sock
Sat Jan 11 20:44:59 2003 :: Talon killed by a Palanthas guard at 3005
Sat Jan 11 20:47:50 2003 :: Veers gained level 11
Sat Jan 11 20:53:06 2003 :: Log Hiddukel: check
Sat Jan 11 20:53:54 2003 :: Log Hiddukel: trans morgion
Sat Jan 11 20:55:07 2003 :: Log Hiddukel: empower morgion 107
Sat Jan 11 20:56:53 2003 :: Log Hiddukel: force morgion save
Sat Jan 11 20:56:55 2003 :: Log Hiddukel: snoop morgion
Sat Jan 11 21:01:05 2003 :: Log Hiddukel: snoop self
Sat Jan 11 21:01:07 2003 :: Log Hiddukel: snoop morgion
Sat Jan 11 21:03:18 2003 :: Log Hiddukel: snoop self
Sat Jan 11 21:08:40 2003 :: Log Hiddukel: snoop morgion
Sat Jan 11 21:09:54 2003 :: Log Hiddukel: snoop self
Sat Jan 11 21:18:40 2003 :: Sock.sinaddr:  216.194.99.14
Sat Jan 11 21:18:46 2003 :: Loading Quentin.
Sat Jan 11 21:18:53 2003 :: Quentin. Bad Password. IP: mudconnector.com> highlands
Sat Jan 11 21:18:53 2003 :: Closing link to Quentin.
Sat Jan 11 21:18:55 2003 :: Sock.sinaddr:  216.194.99.14
Sat Jan 11 21:19:38 2003 :: Menion@mudconnector.com new player.
Sat Jan 11 21:25:29 2003 :: Sock.sinaddr:  172.148.4.113
Sat Jan 11 21:28:41 2003 :: Sock.sinaddr:  68.144.213.62
Sat Jan 11 21:28:42 2003 :: Loading Torianis.
Sat Jan 11 21:28:42 2003 :: Look out, Torianis@h68-144-213-62.cg.shawcable.net has connected.
Sat Jan 11 21:29:44 2003 :: Jegs@AC940471.ipt.aol.com new player.
Sat Jan 11 21:31:11 2003 :: Sock.sinaddr:  65.178.72.166
Sat Jan 11 21:31:24 2003 :: Loading Rey.
Sat Jan 11 21:31:27 2003 :: Look out, Rey@sdn-ap-020castocP0166.dialsprint.net has connected.
Sat Jan 11 21:32:05 2003 :: Menion gained level 2
Sat Jan 11 21:32:29 2003 :: EOF encountered on read.
Sat Jan 11 21:32:29 2003 :: Closing link to Menion.
Sat Jan 11 21:48:20 2003 :: Menion has quit.
Sat Jan 11 21:59:37 2003 :: Log Hiddukel: flag
Sat Jan 11 22:00:12 2003 :: Talon has quit.
Sat Jan 11 22:00:28 2003 :: Sock.sinaddr:  66.25.72.138
Sat Jan 11 22:00:38 2003 :: Sock.sinaddr:  216.194.99.14
Sat Jan 11 22:01:49 2003 :: Loading Prodigy.
Sat Jan 11 22:01:49 2003 :: Look out, Prodigy@cs662572-138.satx.rr.com has connected.
Sat Jan 11 22:11:23 2003 :: Torianis gained level 28
Sat Jan 11 22:17:48 2003 :: Sock.sinaddr:  216.194.99.14
Sat Jan 11 22:17:59 2003 :: Sock.sinaddr:  216.194.99.14
Sat Jan 11 22:18:16 2003 :: EOF encountered on read.
Sat Jan 11 22:20:16 2003 :: Veers has quit.
Sat Jan 11 22:22:27 2003 :: Sock.sinaddr:  65.178.72.166
Sat Jan 11 22:22:32 2003 :: Loading Sarven.
Sat Jan 11 22:22:34 2003 :: Look out, Sarven@sdn-ap-020castocP0166.dialsprint.net has connected.
Sat Jan 11 22:41:39 2003 :: Sock.sinaddr:  24.247.67.24
Read_from_descriptor: Connection reset by peer
Sat Jan 11 22:41:55 2003 :: Sock.sinaddr:  24.247.67.24
Sat Jan 11 22:41:58 2003 :: Loading Hojo.
Sat Jan 11 22:42:00 2003 :: Look out, Hojo@24.247.67.24.up.mi.chartermi.net has connected.
Sat Jan 11 22:42:08 2003 :: Sock.sinaddr:  24.247.67.24
Sat Jan 11 22:42:10 2003 :: Loading Chrissy.
Sat Jan 11 22:42:11 2003 :: Look out, Chrissy@24.247.67.24.up.mi.chartermi.net has connected.
Sat Jan 11 22:42:12 2003 :: Chrissy gets skill trance
Sat Jan 11 22:42:22 2003 :: Sock.sinaddr:  24.247.67.24
Sat Jan 11 22:42:46 2003 :: Forliy@24.247.67.24.up.mi.chartermi.net new player.
Sat Jan 11 22:43:04 2003 :: Sock.sinaddr:  24.247.67.24
Sat Jan 11 22:43:39 2003 :: Closing link to Crap.
Sat Jan 11 22:43:45 2003 :: Sock.sinaddr:  24.247.67.24
Sat Jan 11 22:44:07 2003 :: Gorath@24.247.67.24.up.mi.chartermi.net new player.
Sat Jan 11 22:44:35 2003 :: Sock.sinaddr:  24.247.67.24
Sat Jan 11 22:44:41 2003 :: Sock.sinaddr:  66.25.72.138
Sat Jan 11 22:44:44 2003 :: Loading Ashram.
Sat Jan 11 22:44:46 2003 :: Look out, Ashram@cs662572-138.satx.rr.com has connected.
Sat Jan 11 22:45:12 2003 :: Topris@24.247.67.24.up.mi.chartermi.net new player.
Sat Jan 11 22:45:45 2003 :: Sock.sinaddr:  65.178.72.166
Sat Jan 11 22:45:47 2003 :: Sock.sinaddr:  24.247.67.24
Sat Jan 11 22:45:49 2003 :: Loading Zread.
Sat Jan 11 22:45:51 2003 :: Look out, Zread@sdn-ap-020castocP0166.dialsprint.net has connected.
Sat Jan 11 22:46:10 2003 :: Sethel@24.247.67.24.up.mi.chartermi.net new player.
Sat Jan 11 22:46:10 2003 :: Sock.sinaddr:  65.178.72.166
Sat Jan 11 22:46:13 2003 :: Loading Veers.
Sat Jan 11 22:46:16 2003 :: Look out, Veers@sdn-ap-020castocP0166.dialsprint.net has connected.
Sat Jan 11 22:46:20 2003 :: Sethel loses skill common
Sat Jan 11 22:46:53 2003 :: Log Hiddukel: snoop tor
Sat Jan 11 22:47:11 2003 :: Log Hiddukel: snoop self
Sat Jan 11 22:47:19 2003 :: Log Hiddukel: echo Torianis tells you 'holy shit!'
Sat Jan 11 22:49:20 2003 :: Veers has quit.
Sat Jan 11 22:49:27 2003 :: Zread has quit.
Sat Jan 11 22:50:10 2003 :: Sock.sinaddr:  65.178.72.166
Sat Jan 11 22:50:14 2003 :: Loading Zread.
Sat Jan 11 22:50:16 2003 :: Look out, Zread@sdn-ap-020castocP0166.dialsprint.net has connected.
Sat Jan 11 22:50:31 2003 :: Sock.sinaddr:  65.178.72.166
Sat Jan 11 22:50:35 2003 :: Loading Veers.
Sat Jan 11 22:50:37 2003 :: Look out, Veers@sdn-ap-020castocP0166.dialsprint.net has connected.
Sat Jan 11 22:53:13 2003 :: Hojo has quit.
Sat Jan 11 22:53:17 2003 :: Chrissy has quit.
Sat Jan 11 22:53:24 2003 :: Log Forliy: delete
Sat Jan 11 22:53:25 2003 :: Log Forliy: delete
Sat Jan 11 22:53:26 2003 :: Ashram has quit.
Sat Jan 11 22:53:26 2003 :: Rey gained level 27
Sat Jan 11 22:54:18 2003 :: Veers has quit.
Sat Jan 11 22:54:19 2003 :: Zread has quit.
Sat Jan 11 22:56:48 2003 :: Prodigy has quit.
Sat Jan 11 23:04:26 2003 :: Sarven has quit.
Sat Jan 11 23:09:35 2003 :: Torianis gained level 29
Sat Jan 11 23:14:56 2003 :: Sock.sinaddr:  64.40.55.159
Sat Jan 11 23:15:12 2003 :: Loading Paladine.
Sat Jan 11 23:15:14 2003 :: Look out, Paladine@64-40-55-159.ncplus.net has connected.
Sat Jan 11 23:16:17 2003 :: Sock.sinaddr:  65.234.34.201
Sat Jan 11 23:16:18 2003 :: Loading Falcor.
Sat Jan 11 23:16:18 2003 :: Look out, Falcor@1Cust201.tnt3.mccomb.oh.da.uu.net has connected.
Sat Jan 11 23:23:43 2003 :: Sock.sinaddr:  64.40.55.159
Sat Jan 11 23:23:57 2003 :: Loading Kougyoku.
Sat Jan 11 23:24:00 2003 :: Look out, Kougyoku@64-40-55-159.ncplus.net has connected.
Sat Jan 11 23:24:31 2003 :: Log Chemosh: who
Sat Jan 11 23:24:35 2003 :: Log Chemosh: user
Sat Jan 11 23:26:15 2003 :: Log Chemosh: imm grats man
Sat Jan 11 23:27:34 2003 :: Falcor has quit.
Sat Jan 11 23:27:59 2003 :: Sock.sinaddr:  24.116.55.46
Sat Jan 11 23:28:06 2003 :: Loading Reorx.
Sat Jan 11 23:28:13 2003 :: Look out, Reorx@24-116-55-46.cpe.cableone.net has connected.
Sat Jan 11 23:28:16 2003 :: Reorx gets skill trance
Sat Jan 11 23:32:33 2003 :: Log Chemosh: unread
Sat Jan 11 23:32:35 2003 :: Log Chemosh: change read
Sat Jan 11 23:33:48 2003 :: Sock.sinaddr:  24.116.55.46
Sat Jan 11 23:33:57 2003 :: Loading Axenar.
Sat Jan 11 23:34:06 2003 :: Look out, Axenar@24-116-55-46.cpe.cableone.net has connected.
Sat Jan 11 23:37:32 2003 :: Kougyoku gained level 6
Sat Jan 11 23:48:24 2003 :: Log Paladine: snoop tor
Sat Jan 11 23:49:49 2003 :: Log Morgion: snoop
Sat Jan 11 23:50:35 2003 :: Log Paladine: snoop self
Sat Jan 11 23:53:01 2003 :: Log Morgion: apurge
Sat Jan 11 23:53:32 2003 :: Log Paladine: igrab sword morgion
Sun Jan 12 00:02:57 2003 :: Kougyoku gained level 7
Sun Jan 12 00:17:09 2003 :: Torianis gained level 30
Sun Jan 12 00:21:52 2003 :: Log Paladine: switch baker
Sun Jan 12 00:25:40 2003 :: Torianis has quit.
Sun Jan 12 00:31:53 2003 :: Axenar has quit.
Sun Jan 12 00:32:19 2003 :: Log Chemosh: imm late
Sun Jan 12 00:32:52 2003 :: Reorx has quit.
Sun Jan 12 00:49:52 2003 :: Log Paladine: lastoni
Sun Jan 12 00:58:09 2003 :: Rey has quit.
Sun Jan 12 00:59:06 2003 :: Log Chemosh: imm later
Sun Jan 12 01:00:02 2003 :: Morgion has quit.
Sun Jan 12 01:15:06 2003 :: Sock.sinaddr:  24.220.207.88
Sun Jan 12 01:17:11 2003 :: Finolis@host-88-207-220-24.midco.net new player.
Sun Jan 12 01:19:06 2003 :: Log Paladine: check
Sun Jan 12 01:22:11 2003 :: Log Paladine: snoop fino
Sun Jan 12 01:22:55 2003 :: Sock.sinaddr:  216.194.99.14
Sun Jan 12 01:22:56 2003 :: EOF encountered on read.
Sun Jan 12 01:23:45 2003 :: Finolis gained level 2
Sun Jan 12 01:24:01 2003 :: Log Paladine: snoop self
Sun Jan 12 01:24:21 2003 :: Log Paladine: snoop finol
Sun Jan 12 01:25:38 2003 :: Finolis has quit.
Sun Jan 12 01:27:31 2003 :: Sock.sinaddr:  24.237.147.152
Sun Jan 12 01:28:33 2003 :: Loading Tetrall.
Sun Jan 12 01:28:34 2003 :: Look out, Tetrall@152-147-237-24.sol-dial.gci.net has connected.
Sun Jan 12 01:39:59 2003 :: Log Paladine: ban
Sun Jan 12 01:43:26 2003 :: Sock.sinaddr:  64.168.102.174
Sun Jan 12 01:46:05 2003 :: Zerick@adsl-64-168-102-174.dsl.scrm01.pacbell.net new player.
Sun Jan 12 01:52:45 2003 :: Log Paladine: snoop zer
Sun Jan 12 01:53:36 2003 :: Kougyoku gained level 8
Sun Jan 12 01:54:25 2003 :: Log Paladine: pecho zer Welcome to the Legends of Krynn. If you have any questions, please feel free to ask.
Sun Jan 12 01:55:15 2003 :: Log Paladine: snoop self
Sun Jan 12 01:55:45 2003 :: Zerick gained level 2
Sun Jan 12 02:12:21 2003 :: Zerick has quit.
Sun Jan 12 02:21:40 2003 :: Tetrall has quit.
Sun Jan 12 02:21:46 2003 :: Kougyoku has quit.
Sun Jan 12 02:26:28 2003 :: Log Paladine: tele self 1209
Sun Jan 12 02:27:39 2003 :: Paladine has quit.
Sun Jan 12 02:42:38 2003 :: Log Hiddukel: check
Sun Jan 12 02:43:50 2003 :: Log Hiddukel: fvlist room
Sun Jan 12 03:35:12 2003 :: Sock.sinaddr:  66.248.81.130
Sun Jan 12 03:35:12 2003 :: Loading Chemosh.
Read_from_descriptor: Connection reset by peer
Sun Jan 12 03:35:13 2003 :: Closing link to Chemosh.
Sun Jan 12 03:36:56 2003 :: Sock.sinaddr:  64.40.55.159
Sun Jan 12 03:37:02 2003 :: Loading Paladine.
Sun Jan 12 03:37:03 2003 :: Look out, Paladine@64-40-55-159.ncplus.net has connected.
Sun Jan 12 03:48:13 2003 :: Paladine has quit.
Sun Jan 12 05:07:57 2003 :: Log Hiddukel: check
Sun Jan 12 09:03:25 2003 :: Sock.sinaddr:  12.107.140.175
Sun Jan 12 09:03:28 2003 :: EOF encountered on read.
Sun Jan 12 09:16:41 2003 :: Sock.sinaddr:  63.78.155.155
Sun Jan 12 09:20:51 2003 :: Braum@155door155.door.net new player.
Read_from_descriptor: Connection timed out
Sun Jan 12 09:40:21 2003 :: Closing link to Chemosh.
Sun Jan 12 09:51:05 2003 :: Braum gained level 2
Sun Jan 12 09:59:20 2003 :: Sock.sinaddr:  68.50.246.175
Sun Jan 12 09:59:30 2003 :: Loading Kirith.
Sun Jan 12 09:59:32 2003 :: Look out, Kirith@pcp01652371pcs.manass01.va.comcast.net has connected.
Sun Jan 12 09:59:33 2003 :: Kirith gets skill trance
Sun Jan 12 10:00:59 2003 :: Braum killed by a chained criminal at 3710
Sun Jan 12 10:01:45 2003 :: Kirith has quit.
Sun Jan 12 10:13:41 2003 :: Sock.sinaddr:  12.107.140.175
Sun Jan 12 10:13:49 2003 :: Loading Solinari.
Sun Jan 12 10:13:51 2003 :: Look out, Solinari@175-140-107-12-pbg-ny.dialin.westelcom.com has connected.
Sun Jan 12 10:14:32 2003 :: Braum gained level 3
Sun Jan 12 10:16:27 2003 :: Sock.sinaddr:  12.107.140.175
Sun Jan 12 10:16:31 2003 :: Loading Lance.
Sun Jan 12 10:16:34 2003 :: Look out, Lance@175-140-107-12-pbg-ny.dialin.westelcom.com has connected.
Sun Jan 12 10:16:36 2003 :: Adjusting xp for Lance: xp=47095 level 14 scale=0 xp_to_lev=0
Sun Jan 12 10:16:36 2003 :: New xp=26975
Sun Jan 12 10:16:36 2003 :: Lance gets skill frenzy
Sun Jan 12 10:16:36 2003 :: Lance gets skill dodge
Sun Jan 12 10:16:36 2003 :: Lance loses skill enhanced damage
Sun Jan 12 10:16:36 2003 :: Lance gets skill hand to hand
Sun Jan 12 10:16:36 2003 :: Lance gets skill kick
Sun Jan 12 10:16:36 2003 :: Lance gets skill trip
Sun Jan 12 10:16:36 2003 :: Lance gets skill fourth attack
Sun Jan 12 10:16:36 2003 :: Lance gets skill counter
Sun Jan 12 10:16:36 2003 :: Lance gets skill critical strike
Sun Jan 12 10:16:36 2003 :: Lance gets skill battle tactics
Sun Jan 12 10:16:36 2003 :: Lance loses skill haggle
Sun Jan 12 10:16:36 2003 :: Lance gets skill headbutt
Sun Jan 12 10:16:36 2003 :: Lance gets skill mounted combat
Sun Jan 12 10:16:36 2003 :: Lance gets skill impale
Sun Jan 12 10:16:36 2003 :: Lance gets skill cleave
Sun Jan 12 10:16:36 2003 :: Lance gets skill trammel
Sun Jan 12 10:16:36 2003 :: Lance gets skill flank attack
Sun Jan 12 10:25:11 2003 :: Braum gained level 4
Sun Jan 12 10:37:05 2003 :: Braum gained level 5
Sun Jan 12 10:37:38 2003 :: Sock.sinaddr:  68.50.246.175
Sun Jan 12 10:37:41 2003 :: Loading Kirith.
Sun Jan 12 10:37:43 2003 :: Look out, Kirith@pcp01652371pcs.manass01.va.comcast.net has connected.
Sun Jan 12 10:41:42 2003 :: Lance has quit.
Sun Jan 12 10:57:21 2003 :: Sock.sinaddr:  24.116.55.46
Sun Jan 12 10:57:26 2003 :: Loading Reorx.
Sun Jan 12 10:57:31 2003 :: Look out, Reorx@24-116-55-46.cpe.cableone.net has connected.
Sun Jan 12 11:00:53 2003 :: Braum gained level 6
Sun Jan 12 11:03:09 2003 :: Sock.sinaddr:  24.116.55.46
Sun Jan 12 11:03:15 2003 :: Loading Gerhelm.
Sun Jan 12 11:03:18 2003 :: Look out, Gerhelm@24-116-55-46.cpe.cableone.net has connected.
Sun Jan 12 11:11:21 2003 :: Log Solinari: string obj pouch short Pouch Of The Conclave
Sun Jan 12 11:18:07 2003 :: Log Reorx: transfer Braum 3054
Sun Jan 12 11:19:37 2003 :: Log Solinari: notitle kirith
Sun Jan 12 11:19:47 2003 :: Log Solinari: notitle kirith
Sun Jan 12 11:22:19 2003 :: Log Solinari: clone krynn
Sun Jan 12 11:22:25 2003 :: Log Solinari: clone palanthas
Sun Jan 12 11:27:22 2003 :: Log Solinari: notitle kirith
Sun Jan 12 11:27:35 2003 :: Log Hiddukel: notitle kirith
Sun Jan 12 11:27:58 2003 :: Log Solinari: notitle kirith
Sun Jan 12 11:28:09 2003 :: Log Hiddukel: force soli notitle kirith
Sun Jan 12 11:28:09 2003 :: Log Solinari: notitle kirith
Sun Jan 12 11:29:02 2003 :: Log Solinari: string char Kirith title The Head of the Red Robes
Sun Jan 12 11:30:08 2003 :: Log Hiddukel: string char kirith title , Master of the {RRed Robes{x
Sun Jan 12 11:31:10 2003 :: Log Hiddukel: trans kirith
Sun Jan 12 11:31:25 2003 :: Log Hiddukel: trans kirith
Sun Jan 12 11:33:27 2003 :: Kirith has quit.
Sun Jan 12 11:33:32 2003 :: Sock.sinaddr:  68.50.246.175
Sun Jan 12 11:33:33 2003 :: Log Hiddukel: pload kirith
Sun Jan 12 11:33:33 2003 :: Loading kirith.
Sun Jan 12 11:33:36 2003 :: Log Hiddukel: punload kirith
Sun Jan 12 11:33:36 2003 :: Kirith has quit.
Sun Jan 12 11:35:19 2003 :: Gilean@pcp01652371pcs.manass01.va.comcast.net new player.
Sun Jan 12 11:36:22 2003 :: Log Hiddukel: trans gilean
Sun Jan 12 11:36:28 2003 :: Log Hiddukel: empower gilean 103
Sun Jan 12 11:36:37 2003 :: Log Hiddukel: notitle gilean
Sun Jan 12 11:37:30 2003 :: Log Hiddukel: string char gilean title - Observer and Keeper of the Torbil
Sun Jan 12 11:38:57 2003 :: Log Hiddukel: snoop gil
Sun Jan 12 11:39:44 2003 :: Log Hiddukel: snoop self
Sun Jan 12 11:44:05 2003 :: Sock.sinaddr:  24.82.51.211
Sun Jan 12 11:51:03 2003 :: Sock.sinaddr:  68.50.246.175
Sun Jan 12 11:51:06 2003 :: Loading Kirith.
Sun Jan 12 11:51:07 2003 :: Look out, Kirith@pcp01652371pcs.manass01.va.comcast.net has connected.
Sun Jan 12 11:52:04 2003 :: Log Hiddukel: snoop gilean
Sun Jan 12 11:52:33 2003 :: Log Hiddukel: snoop self
Sun Jan 12 11:53:21 2003 :: Log Hiddukel: snoop gilean
Sun Jan 12 11:55:44 2003 :: Log Hiddukel: asperson kirith wiznet show
Sun Jan 12 11:55:59 2003 :: Log Hiddukel: asperson gilean wiznet show
Sun Jan 12 11:58:22 2003 :: Sock.sinaddr:  66.25.72.138
Sun Jan 12 11:58:24 2003 :: Log Hiddukel: snoop self
Sun Jan 12 11:58:28 2003 :: Loading Prodigy.
Sun Jan 12 11:58:29 2003 :: Look out, Prodigy@cs662572-138.satx.rr.com has connected.
Sun Jan 12 11:58:29 2003 :: Log Hiddukel: trans soli
Sun Jan 12 12:00:08 2003 :: Braum gained level 7
Sun Jan 12 12:00:16 2003 :: Log Hiddukel: restore all
Sun Jan 12 12:03:50 2003 :: Log Hiddukel: sedit show snap
Sun Jan 12 12:08:32 2003 :: Log Hiddukel: check
Sun Jan 12 12:08:35 2003 :: Log Hiddukel: punload chemosh
Sun Jan 12 12:08:35 2003 :: Chemosh has quit.
Sun Jan 12 12:10:51 2003 :: Sock.sinaddr:  68.144.213.62
Sun Jan 12 12:10:53 2003 :: Loading Torianis.
Sun Jan 12 12:10:53 2003 :: Look out, Torianis@h68-144-213-62.cg.shawcable.net has connected.
Sun Jan 12 12:19:24 2003 :: Log Hiddukel: load obj 1248
Sun Jan 12 12:19:33 2003 :: Log Hiddukel: load obj 1248
Sun Jan 12 12:19:33 2003 :: Log Hiddukel: load obj 1248
Sun Jan 12 12:19:34 2003 :: Log Hiddukel: load obj 1248
Sun Jan 12 12:19:34 2003 :: Log Hiddukel: load obj 1248
Sun Jan 12 12:23:11 2003 :: Sock.sinaddr:  67.217.203.245
Sun Jan 12 12:23:11 2003 :: Loading Falcor.
Sun Jan 12 12:23:12 2003 :: Look out, Falcor@1Cust245.tnt2.mccomb.oh.da.uu.net has connected.
Sun Jan 12 12:28:19 2003 :: h68-144-213-62.cg.shawcable.net input spamming!
Sun Jan 12 12:28:25 2003 :: h68-144-213-62.cg.shawcable.net input spamming!
Sun Jan 12 12:30:57 2003 :: Log Hiddukel: string char gilean title {x- Observer and Keeper of the Torbil
Sun Jan 12 12:32:11 2003 :: Gerhelm has quit.
Sun Jan 12 12:35:26 2003 :: Log Gilean: string obj
Sun Jan 12 12:36:14 2003 :: Log Hiddukel: trans 9.undead
Sun Jan 12 12:36:20 2003 :: Log Hiddukel: force undead vis
Sun Jan 12 12:36:31 2003 :: Log Gilean: string obj helmet name Hood of {RNeutrality
Sun Jan 12 12:36:58 2003 :: Log Hiddukel: grab golden undea
Sun Jan 12 12:37:04 2003 :: Log Hiddukel: igrab golden undead
Sun Jan 12 12:37:04 2003 :: Log Gilean: string obj hood name helmet
Sun Jan 12 12:37:12 2003 :: Log Gilean: string obj
Sun Jan 12 12:37:16 2003 :: Log Hiddukel: grab staff soli
Sun Jan 12 12:37:17 2003 :: Log Hiddukel: grab staff soli
Sun Jan 12 12:37:18 2003 :: Log Hiddukel: grab staff soli
Sun Jan 12 12:37:18 2003 :: Log Hiddukel: grab staff soli
Sun Jan 12 12:37:18 2003 :: Log Hiddukel: grab staff soli
Sun Jan 12 12:37:27 2003 :: Log Hiddukel: load obj 1248
Sun Jan 12 12:37:28 2003 :: Log Hiddukel: load obj 1248
Sun Jan 12 12:37:28 2003 :: Log Hiddukel: load obj 1248
Sun Jan 12 12:37:28 2003 :: Log Hiddukel: load obj 1248
Sun Jan 12 12:37:28 2003 :: Log Hiddukel: load obj 1248
Sun Jan 12 12:37:29 2003 :: Log Hiddukel: load obj 1248
Sun Jan 12 12:37:32 2003 :: Log Gilean: string obj helmet short Hood of {RNeutrality
Sun Jan 12 12:37:37 2003 :: Log Hiddukel: load obj 1248
Sun Jan 12 12:37:44 2003 :: Log Hiddukel: force undead hold staff
Sun Jan 12 12:37:45 2003 :: Log Gilean: string obj
Sun Jan 12 12:37:54 2003 :: Log Gilean: string helmet name hood
Sun Jan 12 12:38:02 2003 :: Log Gilean: string obj helmet name hood
Sun Jan 12 12:38:50 2003 :: Log Gilean: string obj hood long A dull red hood sits here, covering the face of the wearer in a grey, swirling mist.
Sun Jan 12 12:39:27 2003 :: Log Hiddukel: set mob level undead 50
Sun Jan 12 12:39:31 2003 :: Log Gilean: string obj hood short Hood of {wNeutrality {x
Sun Jan 12 12:39:34 2003 :: Log Hiddukel: set mob undead level 50
Sun Jan 12 12:40:26 2003 :: Log Hiddukel: flag mob undead act aggressive
Sun Jan 12 12:40:49 2003 :: Log Hiddukel: string mob undead name mage of takhisis
Sun Jan 12 12:41:05 2003 :: Log Hiddukel: string mob takhisis name mage of tak
Sun Jan 12 12:41:17 2003 :: Log Hiddukel: string mob tak short a mage of takhisis
Sun Jan 12 12:41:29 2003 :: cs662572-138.satx.rr.com input spamming!
Sun Jan 12 12:41:42 2003 :: Log Hiddukel: string mob tak long A Mage of Takhisis stands here, guarding it's prize.
Sun Jan 12 12:42:23 2003 :: Log Hiddukel: flag mob tak imm summon
Sun Jan 12 12:42:28 2003 :: Log Hiddukel: flag mob tak imm charm
Sun Jan 12 12:43:08 2003 :: Log Hiddukel: flag mob tak imm charm
Sun Jan 12 12:44:29 2003 :: Log Hiddukel: purge
Sun Jan 12 12:45:04 2003 :: Solinari has quit.
Sun Jan 12 12:52:50 2003 :: Falcor has quit.
Sun Jan 12 12:55:03 2003 :: Log Gilean: string obj bane short Blade of {wGilean
Sun Jan 12 12:55:35 2003 :: Log Gilean: string obj bane short Blade of {wGilean {x
Sun Jan 12 12:55:43 2003 :: Log Gilean: string obj bane name blade
Sun Jan 12 12:55:51 2003 :: Torianis gained level 31
Sun Jan 12 12:56:12 2003 :: Sock.sinaddr:  64.218.216.155
Sun Jan 12 12:56:22 2003 :: Kirith has quit.
Sun Jan 12 12:56:50 2003 :: Gilean has quit.
Sun Jan 12 12:57:10 2003 :: Braum gained level 8
Sun Jan 12 12:59:58 2003 :: Aren@ppp-64-218-216-155.dialup.okcyok.swbell.net new player.
Sun Jan 12 13:02:48 2003 :: Log Hiddukel: restore all
Sun Jan 12 13:04:57 2003 :: Sock.sinaddr:  66.248.84.146
Sun Jan 12 13:04:58 2003 :: Loading Chemosh.
Sun Jan 12 13:04:58 2003 :: Look out, Chemosh@14-146.006.popsite.net has connected.
Sun Jan 12 13:06:19 2003 :: Log Aren: delete
Sun Jan 12 13:06:20 2003 :: Log Aren: delete
Sun Jan 12 13:06:28 2003 :: Log Hiddukel: pecho torianis This is your Brain Talking to you.... you do not know where the Mage is, forget everything you seen.
Sun Jan 12 13:10:03 2003 :: Log Hiddukel: pecho torianis Yes..... you are screwed..... screwed up mentally.
Sun Jan 12 13:11:33 2003 :: Sock.sinaddr:  198.161.203.41
Sun Jan 12 13:11:38 2003 :: EOF encountered on read.
Sun Jan 12 13:11:39 2003 :: Sock.sinaddr:  198.161.203.41
Sun Jan 12 13:11:46 2003 :: Loading Draeborne.
Sun Jan 12 13:11:49 2003 :: Look out, Draeborne@198.161.203.41 has connected.
Sun Jan 12 13:19:52 2003 :: Sock.sinaddr:  216.128.133.151
Sun Jan 12 13:21:35 2003 :: Daerin@host-216-128-133-151.rev.o1.com new player.
Sun Jan 12 13:22:21 2003 :: Log Hiddukel: desock 9
Sun Jan 12 13:22:21 2003 :: Closing link to Chemosh.
Sun Jan 12 13:25:19 2003 :: Log Hiddukel: restore all
Sun Jan 12 13:26:31 2003 :: Log Daerin: delete
Sun Jan 12 13:26:37 2003 :: Log Daerin: delete
Sun Jan 12 13:26:38 2003 :: Log Daerin: delete
Sun Jan 12 13:26:39 2003 :: Log Hiddukel: pecho draeborne You can find on in Que-Shu
Sun Jan 12 13:27:25 2003 :: Log Hiddukel: pecho draeborne You can also find a good dagger in Thorbardin
Sun Jan 12 13:30:38 2003 :: Sock.sinaddr:  66.248.84.146
Sun Jan 12 13:30:38 2003 :: Loading Chemosh.
Sun Jan 12 13:30:39 2003 :: Look out, Chemosh@14-146.006.popsite.net has connected.
Sun Jan 12 13:30:43 2003 :: Log Chemosh: who
Sun Jan 12 13:36:53 2003 :: Sock.sinaddr:  12.107.140.175
Sun Jan 12 13:36:57 2003 :: Loading Solinari.
Sun Jan 12 13:36:59 2003 :: Solinari. Bad Password. IP: 175-140-107-12-pbg-ny.dialin.westelcom.com> 124567
Sun Jan 12 13:36:59 2003 :: Closing link to Solinari.
Sun Jan 12 13:37:06 2003 :: Sock.sinaddr:  12.107.140.175
Sun Jan 12 13:37:09 2003 :: Loading Solinari.
Sun Jan 12 13:37:11 2003 :: Look out, Solinari@175-140-107-12-pbg-ny.dialin.westelcom.com has connected.
Sun Jan 12 13:50:25 2003 :: Draeborne gained level 4
Sun Jan 12 13:51:27 2003 :: Log Hiddukel: fvlist obj
Sun Jan 12 13:54:26 2003 :: Torianis has quit.
Sun Jan 12 13:54:55 2003 :: Log Hiddukel: load obj 3049
Sun Jan 12 13:55:07 2003 :: Log Hiddukel: grab ball prod
Sun Jan 12 13:55:12 2003 :: Log Hiddukel: grab ball prod
Sun Jan 12 13:55:35 2003 :: Log Hiddukel: load obj 3049
Sun Jan 12 13:57:49 2003 :: Log Hiddukel: set skill solinari all 100
Sun Jan 12 13:57:54 2003 :: Log Hiddukel: set skill chemosh all 100
Sun Jan 12 13:57:58 2003 :: Log Hiddukel: set skill reorx all 100
Sun Jan 12 13:58:06 2003 :: Prodigy has quit.
Sun Jan 12 13:59:19 2003 :: Draeborne has quit.
Sun Jan 12 13:59:31 2003 :: Solinari has quit.
Sun Jan 12 14:03:16 2003 :: Sock.sinaddr:  198.161.203.41
Sun Jan 12 14:03:24 2003 :: Loading Draeborne.
Sun Jan 12 14:03:26 2003 :: Look out, Draeborne@198.161.203.41 has connected.
Sun Jan 12 14:22:14 2003 :: Log Hiddukel: restore braum
Sun Jan 12 14:25:01 2003 :: Draeborne gained level 5
Sun Jan 12 14:34:37 2003 :: Braum killed by a cleric at 3369
Sun Jan 12 14:47:36 2003 :: Log Hiddukel: restore
Sun Jan 12 14:52:37 2003 :: Draeborne gained level 6
Sun Jan 12 14:58:58 2003 :: Draeborne has quit.
Sun Jan 12 15:59:20 2003 :: Sock.sinaddr:  65.179.233.141
Sun Jan 12 15:59:24 2003 :: Loading Morgion.
Sun Jan 12 15:59:29 2003 :: Look out, Morgion@sdn-ap-026castocP0395.dialsprint.net has connected.
Sun Jan 12 16:20:55 2003 :: Sock.sinaddr:  65.179.233.141
Sun Jan 12 16:22:40 2003 :: Indy@sdn-ap-026castocP0395.dialsprint.net new player.
Sun Jan 12 16:26:02 2003 :: Braum killed by the beast at 3748
Sun Jan 12 16:29:27 2003 :: Log Chemosh: who
Sun Jan 12 16:35:32 2003 :: Indy gained level 2
Sun Jan 12 16:43:05 2003 :: Sock.sinaddr:  63.78.155.195
Sun Jan 12 16:43:12 2003 :: Loading Braum.
Sun Jan 12 16:43:15 2003 :: Braum. Bad Password. IP: 155door195.door.net> av1maint
Sun Jan 12 16:43:15 2003 :: Closing link to Braum.
Sun Jan 12 16:43:20 2003 :: Sock.sinaddr:  63.78.155.195
Sun Jan 12 16:43:26 2003 :: Loading Braum.
Sun Jan 12 16:43:36 2003 :: Closing link to Braum.
Sun Jan 12 16:43:36 2003 :: Braum@155door195.door.net reconnected.
Sun Jan 12 16:46:44 2003 :: Indy gained level 3
Sun Jan 12 16:47:40 2003 :: Log Hiddukel: asave changed
Sun Jan 12 16:47:41 2003 :: Log Hiddukel: asave changed
Sun Jan 12 16:47:42 2003 :: Log Hiddukel: copyover
Sun Jan 12 16:47:42 2003 :: ROM is ready to rock on port 6100.
Sun Jan 12 16:47:42 2003 :: Copyover recovery initiated
Sun Jan 12 16:47:42 2003 :: Loading Braum.
Sun Jan 12 16:47:42 2003 :: Loading Indy.
Sun Jan 12 16:47:42 2003 :: Loading Morgion.
Sun Jan 12 16:47:42 2003 :: Loading Chemosh.
Sun Jan 12 16:47:42 2003 :: Loading Reorx.
Sun Jan 12 16:47:42 2003 :: Loading Hiddukel.
Sun Jan 12 16:54:58 2003 :: Indy has quit.
Sun Jan 12 16:55:38 2003 :: Morgion has quit.
Sun Jan 12 16:59:21 2003 :: Reorx has quit.
Sun Jan 12 17:02:52 2003 :: Braum has quit.
Sun Jan 12 18:54:24 2003 :: Sock.sinaddr:  66.25.72.138
Sun Jan 12 18:54:27 2003 :: Loading Prodigy.
Sun Jan 12 18:54:28 2003 :: Look out, Prodigy@cs662572-138.satx.rr.com has connected.
Sun Jan 12 19:02:29 2003 :: Prodigy has quit.
Sun Jan 12 19:12:19 2003 :: Sock.sinaddr:  129.120.219.5
Sun Jan 12 19:13:34 2003 :: Carroway@gras5.local.general.dialup.unt.edu new player.
Read_from_descriptor: Connection reset by peer
Sun Jan 12 19:15:13 2003 :: Closing link to Carroway.
Sun Jan 12 19:34:14 2003 :: Sock.sinaddr:  63.78.155.23
Sun Jan 12 19:34:28 2003 :: Loading Braum.
Sun Jan 12 19:34:30 2003 :: Look out, Braum@155door23.door.net has connected.
Sun Jan 12 20:04:56 2003 :: Braum gained level 9
Sun Jan 12 20:17:21 2003 :: Log Hiddukel: restore braum
Sun Jan 12 20:20:37 2003 :: Sock.sinaddr:  24.237.150.67
Sun Jan 12 20:21:25 2003 :: Loading Tetrall.
Sun Jan 12 20:21:30 2003 :: Look out, Tetrall@67-150-237-24.sol-dial.gci.net has connected.
Sun Jan 12 20:25:30 2003 :: Log Hiddukel: laston xalfor
Sun Jan 12 20:32:47 2003 :: 155door23.door.net input spamming!
Sun Jan 12 20:33:05 2003 :: Sock.sinaddr:  66.25.72.138
Sun Jan 12 20:33:07 2003 :: Loading Prodigy.
Sun Jan 12 20:33:08 2003 :: Look out, Prodigy@cs662572-138.satx.rr.com has connected.
Sun Jan 12 20:35:01 2003 :: Sock.sinaddr:  68.50.246.175
Sun Jan 12 20:35:05 2003 :: Loading Kirith.
Sun Jan 12 20:35:23 2003 :: Look out, Kirith@pcp01652371pcs.manass01.va.comcast.net has connected.
Sun Jan 12 20:35:37 2003 :: Kirith has quit.
Sun Jan 12 20:41:43 2003 :: Sock.sinaddr:  68.50.246.175
Sun Jan 12 20:41:49 2003 :: Loading Gilean.
Sun Jan 12 20:41:51 2003 :: Look out, Gilean@pcp01652371pcs.manass01.va.comcast.net has connected.
Sun Jan 12 20:45:28 2003 :: Log Hiddukel: snoop gil
Sun Jan 12 20:45:47 2003 :: Log Hiddukel: snoop selfsnoop self
Sun Jan 12 20:45:54 2003 :: Log Hiddukel: snoop self
Sun Jan 12 20:49:37 2003 :: Braum has quit.
Sun Jan 12 20:50:56 2003 :: Prodigy has quit.
Sun Jan 12 20:55:30 2003 :: Log Hiddukel: asperson tet prac
Sun Jan 12 20:59:05 2003 :: Log Gilean: string obj trident short Blade of {wGilean
Sun Jan 12 20:59:40 2003 :: Log Gilean: string obj trident long A swirling grey mist fills the blade which lies here.
Sun Jan 12 20:59:46 2003 :: Log Gilean: string obj trident name blade
Sun Jan 12 20:59:57 2003 :: Sock.sinaddr:  68.144.213.62
Sun Jan 12 20:59:58 2003 :: Loading Torianis.
Sun Jan 12 20:59:59 2003 :: Look out, Torianis@h68-144-213-62.cg.shawcable.net has connected.
Sun Jan 12 21:01:04 2003 :: Tetrall killed by A small green grass snake at 3107
Read_from_descriptor: Connection timed out
Sun Jan 12 21:01:15 2003 :: Closing link to Chemosh.
Sun Jan 12 21:05:09 2003 :: Sock.sinaddr:  68.17.250.65
Sun Jan 12 21:12:19 2003 :: Log Gilean: string obj dagger short Blade of {wGilean {x
Sun Jan 12 21:12:28 2003 :: Log Gilean: string obj dagger name blade
Sun Jan 12 21:20:19 2003 :: Torianis gained level 32
Sun Jan 12 21:22:28 2003 :: Log Gilean: string obj book short ({yLeather {yBound{x) The {wTobril {x
Sun Jan 12 21:23:15 2003 :: Log Gilean: string obj book long The book entrusted to Gilean lies here.
Sun Jan 12 21:23:27 2003 :: Log Gilean: string obj name book tobril
Sun Jan 12 21:23:33 2003 :: Log Gilean: string obj book name tobril
Sun Jan 12 21:24:23 2003 :: Sock.sinaddr:  66.248.82.28
Sun Jan 12 21:24:23 2003 :: Loading Chemosh.
Sun Jan 12 21:24:23 2003 :: Chemosh@12-028.006.popsite.net reconnected.
Sun Jan 12 21:24:24 2003 :: Log Chemosh: y
Sun Jan 12 21:26:49 2003 :: Sock.sinaddr:  65.179.233.216
Sun Jan 12 21:26:52 2003 :: Loading Morgion.
Sun Jan 12 21:26:55 2003 :: Look out, Morgion@sdn-ap-026castocP0470.dialsprint.net has connected.
Sun Jan 12 21:28:47 2003 :: Sock.sinaddr:  65.179.233.216
Sun Jan 12 21:29:06 2003 :: Loading Zread.
Sun Jan 12 21:29:11 2003 :: Look out, Zread@sdn-ap-026castocP0470.dialsprint.net has connected.
Sun Jan 12 21:31:25 2003 :: Log Gilean: switch guard
Sun Jan 12 21:37:52 2003 :: Log Gilean: string obj tattoo short A tattoo of {wThe {wVoid {x
Sun Jan 12 21:38:25 2003 :: Log Gilean: string obj tattoo long This artwork is of the grey swirling mists of the void.
Sun Jan 12 21:52:52 2003 :: Torianis has quit.
Sun Jan 12 21:54:58 2003 :: Log Gilean: string obj sword Blade of {wGilean {x
Sun Jan 12 21:55:09 2003 :: Log Gilean: string obj sword short Blade of {wGilean {x
Sun Jan 12 21:55:30 2003 :: Log Gilean: string obj sword name blade
Sun Jan 12 21:58:41 2003 :: Sock.sinaddr:  68.144.213.62
Sun Jan 12 21:58:42 2003 :: Loading Torianis.
Sun Jan 12 21:58:42 2003 :: Look out, Torianis@h68-144-213-62.cg.shawcable.net has connected.
Sun Jan 12 21:59:55 2003 :: Sock.sinaddr:  66.25.72.138
Sun Jan 12 21:59:58 2003 :: Loading Prodigy.
Sun Jan 12 21:59:59 2003 :: Look out, Prodigy@cs662572-138.satx.rr.com has connected.
Sun Jan 12 22:07:58 2003 :: h68-144-213-62.cg.shawcable.net input spamming!
Sun Jan 12 22:11:22 2003 :: Log Hiddukel: snoop tor
Sun Jan 12 22:11:25 2003 :: Log Hiddukel: force tor help gain
Sun Jan 12 22:11:35 2003 :: Log Hiddukel: snoop self
Sun Jan 12 22:12:19 2003 :: Sock.sinaddr:  24.237.148.16
Sun Jan 12 22:12:24 2003 :: Loading Tetrall.
Sun Jan 12 22:12:27 2003 :: Closing link to Tetrall.
Sun Jan 12 22:12:27 2003 :: Tetrall@16-148-237-24.sol-dial.gci.net reconnected.
Sun Jan 12 22:16:42 2003 :: Log Gilean: string obj bane name blade
Sun Jan 12 22:16:56 2003 :: Log Gilean: string obj blade short Blade of {wGilean {x
Sun Jan 12 22:26:10 2003 :: Torianis has quit.
Sun Jan 12 22:30:42 2003 :: Log Gilean: fvlist
Sun Jan 12 22:30:46 2003 :: Log Gilean: fvlist obj
Sun Jan 12 22:32:21 2003 :: Gilean has quit.
Sun Jan 12 22:44:20 2003 :: Sock.sinaddr:  65.179.233.216
Sun Jan 12 22:44:24 2003 :: Loading Sarven.
Sun Jan 12 22:44:27 2003 :: Look out, Sarven@sdn-ap-026castocP0470.dialsprint.net has connected.
Sun Jan 12 22:52:47 2003 :: Prodigy has quit.
Sun Jan 12 22:52:57 2003 :: Zread has quit.
Sun Jan 12 22:58:51 2003 :: Sock.sinaddr:  65.234.34.33
Sun Jan 12 22:58:51 2003 :: Loading Falcor.
Sun Jan 12 22:58:52 2003 :: Look out, Falcor@1Cust33.tnt3.mccomb.oh.da.uu.net has connected.
Sun Jan 12 22:59:04 2003 :: Falcor has quit.
Sun Jan 12 23:11:17 2003 :: Sock.sinaddr:  64.40.55.190
Sun Jan 12 23:11:34 2003 :: Loading Paladine.
Sun Jan 12 23:11:37 2003 :: Look out, Paladine@64-40-55-190.ncplus.net has connected.
Read_from_descriptor: Connection reset by peer
Sun Jan 12 23:11:37 2003 :: Closing link to Hiddukel.
Sun Jan 12 23:11:51 2003 :: Log Paladine: check
Sun Jan 12 23:12:04 2003 :: Log Paladine: punload hiddukel
Sun Jan 12 23:12:04 2003 :: Hiddukel has quit.
Sun Jan 12 23:13:48 2003 :: Sock.sinaddr:  64.40.55.190
Sun Jan 12 23:14:03 2003 :: Loading Kougyoku.
Sun Jan 12 23:14:06 2003 :: Look out, Kougyoku@64-40-55-190.ncplus.net has connected.
Sun Jan 12 23:25:17 2003 :: Sock.sinaddr:  24.247.67.24
Sun Jan 12 23:25:20 2003 :: Loading Hiddukel.
Sun Jan 12 23:25:21 2003 :: Look out, Hiddukel@24.247.67.24.up.mi.chartermi.net has connected.
Sun Jan 12 23:25:49 2003 :: Log Paladine: tele self 1209
Sun Jan 12 23:26:07 2003 :: Tetrall has quit.
Sun Jan 12 23:37:40 2003 :: Sock.sinaddr:  4.64.88.32
Sun Jan 12 23:37:42 2003 :: Loading Lando.
Sun Jan 12 23:37:42 2003 :: Look out, Lando@evrtwa1-ar5-4-64-088-032.evrtwa1.dsl-verizon.net has connected.
Sun Jan 12 23:39:16 2003 :: Sock.sinaddr:  65.179.233.216
Sun Jan 12 23:39:20 2003 :: Loading Veers.
Sun Jan 12 23:39:22 2003 :: Look out, Veers@sdn-ap-026castocP0470.dialsprint.net has connected.
Sun Jan 12 23:40:01 2003 :: Sarven has quit.
Sun Jan 12 23:48:07 2003 :: Kougyoku has quit.
Sun Jan 12 23:50:05 2003 :: Veers has quit.
Sun Jan 12 23:50:47 2003 :: Morgion has quit.
Mon Jan 13 00:41:01 2003 :: Log Hiddukel: trans rabbit
Mon Jan 13 00:41:11 2003 :: Log Hiddukel: slay rabbit
Mon Jan 13 01:06:31 2003 :: Lando has quit.
Mon Jan 13 01:17:46 2003 :: Sock.sinaddr:  216.194.99.14
Mon Jan 13 01:17:46 2003 :: EOF encountered on read.
Mon Jan 13 01:18:18 2003 :: Sock.sinaddr:  172.144.46.183
Mon Jan 13 01:18:21 2003 :: Loading Leigh.
Mon Jan 13 01:18:23 2003 :: Look out, Leigh@AC902EB7.ipt.aol.com has connected.
Mon Jan 13 01:18:41 2003 :: Log Hiddukel: trans leigh
Mon Jan 13 01:26:06 2003 :: Log Hiddukel: asperson leigh unread
Mon Jan 13 01:32:01 2003 :: Log Hiddukel: trans leigh 3054
Mon Jan 13 01:53:01 2003 :: Hiddukel has quit.
Mon Jan 13 01:59:05 2003 :: Leigh has quit.
Mon Jan 13 02:01:57 2003 :: Sock.sinaddr:  24.247.67.24
Mon Jan 13 02:01:59 2003 :: Loading Hiddukel.
Mon Jan 13 02:02:00 2003 :: Look out, Hiddukel@24.247.67.24.up.mi.chartermi.net has connected.
Mon Jan 13 02:25:12 2003 :: Log Paladine: load obj 5745
Mon Jan 13 04:14:39 2003 :: Log Paladine: check
Mon Jan 13 04:17:45 2003 :: Paladine has quit.
Mon Jan 13 04:39:52 2003 :: Sock.sinaddr:  66.248.83.67
Mon Jan 13 04:39:52 2003 :: Loading Chemosh.
Mon Jan 13 04:39:53 2003 :: Closing link to Chemosh.
Mon Jan 13 04:39:53 2003 :: Chemosh@13-067.006.popsite.net reconnected.
Mon Jan 13 05:04:30 2003 :: Log Chemosh: quit
Mon Jan 13 05:04:30 2003 :: Chemosh has quit.
Mon Jan 13 07:10:41 2003 :: Sock.sinaddr:  63.78.155.245
Mon Jan 13 07:13:35 2003 :: Thaylia@155door245.door.net new player.
Mon Jan 13 07:21:45 2003 :: Sock.sinaddr:  212.182.70.2
Mon Jan 13 07:23:46 2003 :: Xantar@212.182.70.2 new player.
Mon Jan 13 07:39:18 2003 :: Sock.sinaddr:  68.144.213.62
Mon Jan 13 07:39:19 2003 :: Loading Torianis.
Mon Jan 13 07:39:19 2003 :: Look out, Torianis@h68-144-213-62.cg.shawcable.net has connected.
Mon Jan 13 07:40:32 2003 :: Torianis has quit.
Mon Jan 13 08:04:45 2003 :: Sock.sinaddr:  63.78.155.245
Mon Jan 13 08:05:25 2003 :: Thaylia@155door245.door.net new player.
Mon Jan 13 08:11:39 2003 :: Sock.sinaddr:  68.144.213.62
Mon Jan 13 08:11:40 2003 :: Loading Torianis.
Mon Jan 13 08:11:40 2003 :: Look out, Torianis@h68-144-213-62.cg.shawcable.net has connected.
Mon Jan 13 08:12:33 2003 :: Torianis has quit.
Mon Jan 13 08:22:03 2003 :: Thaylia gained level 2
Mon Jan 13 08:32:26 2003 :: Thaylia gained level 3
Mon Jan 13 08:48:38 2003 :: Thaylia gained level 4
Mon Jan 13 08:54:15 2003 :: Thaylia has quit.
Mon Jan 13 09:28:11 2003 :: Sock.sinaddr:  66.183.92.24
Mon Jan 13 09:29:08 2003 :: EOF encountered on read.
Mon Jan 13 09:29:08 2003 :: Closing link to Ulin.
Mon Jan 13 09:29:14 2003 :: Sock.sinaddr:  66.183.92.24
Mon Jan 13 09:29:26 2003 :: Loading Menion.
Mon Jan 13 09:29:31 2003 :: EOF encountered on read.
Mon Jan 13 09:29:31 2003 :: Closing link to Menion.
Mon Jan 13 09:29:34 2003 :: Sock.sinaddr:  66.183.92.24
Mon Jan 13 09:30:01 2003 :: Sock.sinaddr:  66.25.72.138
Mon Jan 13 09:30:04 2003 :: Loading Prodigy.
Mon Jan 13 09:30:05 2003 :: Look out, Prodigy@cs662572-138.satx.rr.com has connected.
Mon Jan 13 09:30:11 2003 :: Prodigy has quit.
Mon Jan 13 09:32:19 2003 :: Dhamon@aoh858igy38uc.bc.hsia.telus.net new player.
Mon Jan 13 09:34:13 2003 :: Log Dhamon: delete Dhamon
Mon Jan 13 09:34:18 2003 :: Log Dhamon: delete
Mon Jan 13 09:34:26 2003 :: Log Dhamon: delete
Mon Jan 13 09:34:32 2003 :: Sock.sinaddr:  66.183.92.24
Mon Jan 13 09:35:18 2003 :: Dhamon@aoh858igy38uc.bc.hsia.telus.net new player.
Mon Jan 13 09:45:44 2003 :: Dhamon gained level 2
Mon Jan 13 09:46:10 2003 :: Sock.sinaddr:  66.183.92.24
Mon Jan 13 09:48:17 2003 :: Sock.sinaddr:  66.183.92.24
Mon Jan 13 09:48:24 2003 :: EOF encountered on read.
Mon Jan 13 09:49:29 2003 :: Maedhros@aoh858igy38uc.bc.hsia.telus.net new player.
Mon Jan 13 09:56:23 2003 :: Dhamon gained level 3
Mon Jan 13 10:02:44 2003 :: Dhamon gained level 4
Mon Jan 13 10:07:04 2003 :: Sock.sinaddr:  163.153.77.31
Mon Jan 13 10:07:16 2003 :: Loading Dreg.
Mon Jan 13 10:07:18 2003 :: Look out, Dreg@163.153.77.31 has connected.
Mon Jan 13 10:07:19 2003 :: Dreg gets skill trance
Mon Jan 13 10:08:22 2003 :: Sock.sinaddr:  198.161.203.41
Mon Jan 13 10:08:28 2003 :: Loading Draeborne.
Mon Jan 13 10:08:31 2003 :: Look out, Draeborne@198.161.203.41 has connected.
Mon Jan 13 10:08:58 2003 :: Dreg has quit.
Mon Jan 13 10:14:02 2003 :: Draeborne gained level 7
Mon Jan 13 10:26:59 2003 :: Maedhros gained level 2
Mon Jan 13 10:27:22 2003 :: Dhamon has quit.
Mon Jan 13 10:29:12 2003 :: Sock.sinaddr:  172.161.91.180
Mon Jan 13 10:29:15 2003 :: Loading Jema.
Mon Jan 13 10:29:17 2003 :: Look out, Jema@ACA15BB4.ipt.aol.com has connected.
Mon Jan 13 10:33:14 2003 :: Sock.sinaddr:  66.183.92.24
Mon Jan 13 10:33:22 2003 :: Loading Dhamon.
Mon Jan 13 10:33:25 2003 :: Look out, Dhamon@aoh858igy38uc.bc.hsia.telus.net has connected.
Mon Jan 13 10:34:04 2003 :: [*****] BUG: Act: bad code 119.
Mon Jan 13 10:34:04 2003 :: [*****] BUG: Act: bad code 111.
Mon Jan 13 10:34:42 2003 :: [*****] BUG: Act: bad code 119.
Mon Jan 13 10:34:42 2003 :: [*****] BUG: Act: bad code 111.
Mon Jan 13 10:34:50 2003 :: Jema gained level 7
Read_from_descriptor: Connection reset by peer
Mon Jan 13 10:35:06 2003 :: Closing link to Maedhros.
Mon Jan 13 10:37:15 2003 :: Sock.sinaddr:  66.183.92.24
Read_from_descriptor: Connection reset by peer
Mon Jan 13 10:37:18 2003 :: Closing link to Dhamon.
Mon Jan 13 10:37:21 2003 :: Loading Maedhros.
Mon Jan 13 10:37:22 2003 :: Maedhros. Bad Password. IP: aoh858igy38uc.bc.hsia.telus.net> rywu
Mon Jan 13 10:37:22 2003 :: Closing link to Maedhros.
Mon Jan 13 10:37:26 2003 :: Sock.sinaddr:  66.183.92.24
Mon Jan 13 10:37:30 2003 :: Loading Maedhros.
Mon Jan 13 10:37:32 2003 :: Maedhros@aoh858igy38uc.bc.hsia.telus.net reconnected.
Mon Jan 13 10:37:50 2003 :: Jema has quit.
Mon Jan 13 10:38:16 2003 :: Sock.sinaddr:  66.183.92.24
Mon Jan 13 10:38:23 2003 :: Loading Dhamon.
Mon Jan 13 10:38:27 2003 :: Dhamon@aoh858igy38uc.bc.hsia.telus.net reconnected.
Mon Jan 13 10:43:02 2003 :: Draeborne killed by a wild boar at 2443
Mon Jan 13 10:43:08 2003 :: Maedhros gained level 3
Mon Jan 13 10:43:55 2003 :: Sock.sinaddr:  64.77.156.87
Mon Jan 13 10:44:00 2003 :: Loading Ladron.
Mon Jan 13 10:44:01 2003 :: Look out, Ladron@d023.as0.mdsn.in.voyager.net has connected.
Mon Jan 13 10:45:50 2003 :: Ladron has quit.
Mon Jan 13 10:47:53 2003 :: Dhamon gained level 5
Read_from_descriptor: Connection reset by peer
Mon Jan 13 10:49:45 2003 :: Closing link to Maedhros.
Mon Jan 13 10:49:56 2003 :: Sock.sinaddr:  66.183.92.24
Mon Jan 13 10:50:01 2003 :: Loading Maedhros.
Mon Jan 13 10:50:03 2003 :: Maedhros@aoh858igy38uc.bc.hsia.telus.net reconnected.
Mon Jan 13 10:50:47 2003 :: Log Hiddukel: check
Mon Jan 13 10:51:01 2003 :: Log Hiddukel: check
Mon Jan 13 10:51:59 2003 :: Maedhros gained level 4
Mon Jan 13 10:52:18 2003 :: Log Hiddukel: pecho draeborne Greetings!
Mon Jan 13 10:52:33 2003 :: Log Hiddukel: disconnect maed
Mon Jan 13 10:52:33 2003 :: Closing link to Maedhros.
Mon Jan 13 10:52:43 2003 :: Sock.sinaddr:  66.183.92.24
Mon Jan 13 10:52:46 2003 :: Loading Maedhros.
Mon Jan 13 10:52:48 2003 :: Maedhros@aoh858igy38uc.bc.hsia.telus.net reconnected.
Mon Jan 13 10:55:14 2003 :: Log Hiddukel: echo [  7     PLAYING     09:46AM 1 ] Maedhros     aoh858igy38uc.bc.hsia.telus.net
Mon Jan 13 10:55:15 2003 :: Log Hiddukel: echo [  6     PLAYING     10:33AM   ] Dhamon       aoh858igy38uc.bc.hsia.telus.net
Mon Jan 13 10:56:44 2003 :: Log Hiddukel: pecho draeborne In a shop.....
Mon Jan 13 10:57:54 2003 :: Sock.sinaddr:  63.78.155.245
Mon Jan 13 10:58:01 2003 :: Loading Thaylia.
Mon Jan 13 10:58:03 2003 :: Look out, Thaylia@155door245.door.net has connected.
Mon Jan 13 10:59:37 2003 :: EOF encountered on read.
Mon Jan 13 10:59:37 2003 :: Closing link to Draeborne.
Mon Jan 13 11:01:13 2003 :: Log Thaylia: delete
Mon Jan 13 11:01:17 2003 :: Log Thaylia: delete
Mon Jan 13 11:01:21 2003 :: Sock.sinaddr:  63.78.155.245
Mon Jan 13 11:02:46 2003 :: Thaylia@155door245.door.net new player.
Mon Jan 13 11:03:57 2003 :: Log Hiddukel: restore all
Read_from_descriptor: Connection reset by peer
Mon Jan 13 11:08:08 2003 :: Closing link to Dhamon.
Mon Jan 13 11:09:02 2003 :: Sock.sinaddr:  66.183.92.24
Mon Jan 13 11:09:08 2003 :: Loading Dhamon.
Mon Jan 13 11:09:13 2003 :: Dhamon@aoh858igy38uc.bc.hsia.telus.net reconnected.
Mon Jan 13 11:09:14 2003 :: Maedhros has quit.
Mon Jan 13 11:09:50 2003 :: Log Hiddukel: check
Mon Jan 13 11:10:00 2003 :: Log Hiddukel: restore drae
Mon Jan 13 11:10:53 2003 :: Log Hiddukel: snoop dhae
Mon Jan 13 11:10:55 2003 :: Log Hiddukel: snoop dam
Mon Jan 13 11:10:59 2003 :: Log Hiddukel: snoop dham
Mon Jan 13 11:11:59 2003 :: Log Hiddukel: snoop self
Mon Jan 13 11:15:44 2003 :: Draeborne has quit.
Mon Jan 13 11:16:42 2003 :: Log Hiddukel: asperson thay skill
Mon Jan 13 11:16:59 2003 :: Log Hiddukel: restore all
Mon Jan 13 11:18:00 2003 :: Sock.sinaddr:  66.183.92.24
Mon Jan 13 11:18:04 2003 :: Loading Maedhros.
Mon Jan 13 11:18:04 2003 :: Look out, Maedhros@aoh858igy38uc.bc.hsia.telus.net has connected.
Mon Jan 13 11:18:12 2003 :: Log Hiddukel: asperson thay spell
Mon Jan 13 11:19:26 2003 :: Dhamon gained level 6
Mon Jan 13 11:24:27 2003 :: Log Hiddukel: echo Paladine's presence cannot be found.
Mon Jan 13 11:24:50 2003 :: Log Hiddukel: asperson thay skill
Mon Jan 13 11:25:52 2003 :: Log Hiddukel: asperson thay spell
Mon Jan 13 11:27:50 2003 :: Log Hiddukel: echo Look at your maps of Palanthas.... they are quite accurate.
Mon Jan 13 11:30:59 2003 :: Maedhros gained level 5
Mon Jan 13 11:32:59 2003 :: Dhamon killed by the large pug at 3114
Mon Jan 13 11:40:16 2003 :: Log Hiddukel: restore all
Mon Jan 13 11:46:21 2003 :: Log Hiddukel: snoop thay
Mon Jan 13 11:48:04 2003 :: Log Hiddukel: snoop self
Mon Jan 13 11:48:34 2003 :: Log Hiddukel: purge
Mon Jan 13 11:48:58 2003 :: Log Hiddukel: asave area
Mon Jan 13 11:49:03 2003 :: Log Hiddukel: trans thay
Mon Jan 13 11:49:37 2003 :: Log Hiddukel: restore
Mon Jan 13 11:50:55 2003 :: Thaylia gained level 2
Mon Jan 13 11:54:31 2003 :: Log Hiddukel: restore all
Mon Jan 13 11:57:54 2003 :: Log Hiddukel: pecho dhamon You must wait a while for another grant of power from the gods.
Mon Jan 13 11:58:41 2003 :: Thaylia gained level 3
Mon Jan 13 11:59:08 2003 :: Dhamon has quit.
Mon Jan 13 12:03:55 2003 :: Maedhros gained level 6
Mon Jan 13 12:07:26 2003 :: Thaylia gained level 4
Mon Jan 13 12:11:02 2003 :: Maedhros has quit.
Mon Jan 13 12:19:13 2003 :: Sock.sinaddr:  206.74.109.235
Mon Jan 13 12:19:18 2003 :: Loading Nokomus.
Mon Jan 13 12:19:20 2003 :: Look out, Nokomus@206.74.109.235 has connected.
Mon Jan 13 12:19:21 2003 :: Nokomus loses skill steal
Mon Jan 13 12:26:17 2003 :: EOF encountered on read.
Mon Jan 13 12:26:17 2003 :: Closing link to Nokomus.
Mon Jan 13 12:27:55 2003 :: Sock.sinaddr:  206.74.109.235
Mon Jan 13 12:27:59 2003 :: Loading Nokomus.
Mon Jan 13 12:28:01 2003 :: Nokomus@206.74.109.235 reconnected.
Mon Jan 13 12:38:07 2003 :: Log Hiddukel: check
Mon Jan 13 12:44:59 2003 :: Log Hiddukel: restore
Mon Jan 13 12:47:04 2003 :: Thaylia has quit.
Mon Jan 13 12:48:26 2003 :: Log Hiddukel: echo Retard civilians: Only question they get right on the IQ test is their name, for 10 points.
Mon Jan 13 12:52:06 2003 :: Sock.sinaddr:  213.46.101.14
Mon Jan 13 12:52:46 2003 :: Hiddukel has quit.
Mon Jan 13 12:52:48 2003 :: Nokomus has quit.
Mon Jan 13 12:55:01 2003 :: Anduin@d101014.upc-d.chello.nl new player.
Mon Jan 13 13:03:43 2003 :: Sock.sinaddr:  66.183.92.24
Mon Jan 13 13:03:47 2003 :: Loading Maedhros.
Mon Jan 13 13:03:48 2003 :: Look out, Maedhros@aoh858igy38uc.bc.hsia.telus.net has connected.
Mon Jan 13 13:04:42 2003 :: Maedhros has quit.
Mon Jan 13 13:04:47 2003 :: Sock.sinaddr:  66.183.92.24
Mon Jan 13 13:04:51 2003 :: Loading Maedhros.
Mon Jan 13 13:04:52 2003 :: Look out, Maedhros@aoh858igy38uc.bc.hsia.telus.net has connected.
Mon Jan 13 13:04:58 2003 :: Log Maedhros: delete
Mon Jan 13 13:05:01 2003 :: Log Maedhros: delete
Mon Jan 13 13:05:10 2003 :: Sock.sinaddr:  66.183.92.24
Mon Jan 13 13:06:22 2003 :: Sock.sinaddr:  206.74.109.186
Mon Jan 13 13:06:30 2003 :: Loading Nokomus.
Mon Jan 13 13:06:31 2003 :: Look out, Nokomus@206.74.109.186 has connected.
Mon Jan 13 13:08:05 2003 :: Maedhros@aoh858igy38uc.bc.hsia.telus.net new player.
Mon Jan 13 13:08:41 2003 :: Log Maedhros: delete
Mon Jan 13 13:08:42 2003 :: Log Maedhros: delete
Mon Jan 13 13:08:45 2003 :: Sock.sinaddr:  66.183.92.24
Mon Jan 13 13:09:29 2003 :: Maedhros@aoh858igy38uc.bc.hsia.telus.net new player.
Mon Jan 13 13:10:38 2003 :: Log Maedhros: delete
Mon Jan 13 13:10:39 2003 :: Log Maedhros: delete
Mon Jan 13 13:10:43 2003 :: Sock.sinaddr:  66.183.92.24
Mon Jan 13 13:11:42 2003 :: Maedhros@aoh858igy38uc.bc.hsia.telus.net new player.
Mon Jan 13 13:15:55 2003 :: Maedhros killed by a chained criminal at 3716
Mon Jan 13 13:16:15 2003 :: Log Maedhros: delete
Mon Jan 13 13:16:16 2003 :: Log Maedhros: delete
Mon Jan 13 13:16:20 2003 :: EOF encountered on read.
Mon Jan 13 13:16:20 2003 :: Closing link to Maedhros.
Mon Jan 13 13:16:22 2003 :: Sock.sinaddr:  66.183.92.24
Mon Jan 13 13:16:25 2003 :: Loading Maedhros.
Mon Jan 13 13:16:27 2003 :: Maedhros@aoh858igy38uc.bc.hsia.telus.net reconnected.
Mon Jan 13 13:16:34 2003 :: Log Maedhros: delete
Mon Jan 13 13:17:13 2003 :: Sock.sinaddr:  66.183.92.24
Mon Jan 13 13:17:15 2003 :: EOF encountered on read.
Mon Jan 13 13:17:39 2003 :: Sock.sinaddr:  65.179.233.132
Mon Jan 13 13:17:43 2003 :: Loading Morgion.
Mon Jan 13 13:17:46 2003 :: Look out, Morgion@sdn-ap-026castocP0386.dialsprint.net has connected.
Mon Jan 13 13:18:05 2003 :: Sock.sinaddr:  65.179.233.132
Mon Jan 13 13:18:09 2003 :: Loading Sarven.
Mon Jan 13 13:18:13 2003 :: Look out, Sarven@sdn-ap-026castocP0386.dialsprint.net has connected.
Mon Jan 13 13:18:21 2003 :: Log Maedhros: delete
Mon Jan 13 13:18:25 2003 :: Log Maedhros: delete
Mon Jan 13 13:18:29 2003 :: Sock.sinaddr:  66.183.92.24
Mon Jan 13 13:19:11 2003 :: Maedhros@aoh858igy38uc.bc.hsia.telus.net new player.
Mon Jan 13 13:32:23 2003 :: Sock.sinaddr:  66.183.92.24
Mon Jan 13 13:32:30 2003 :: Loading Dhamon.
Mon Jan 13 13:32:34 2003 :: Look out, Dhamon@aoh858igy38uc.bc.hsia.telus.net has connected.
Mon Jan 13 13:34:46 2003 :: Anduin gained level 2
Mon Jan 13 13:34:46 2003 :: Maedhros gained level 2
Mon Jan 13 13:35:56 2003 :: Sock.sinaddr:  66.248.83.121
Mon Jan 13 13:35:57 2003 :: Loading Chemosh.
Mon Jan 13 13:35:57 2003 :: Look out, Chemosh@13-121.006.popsite.net has connected.
Mon Jan 13 13:37:14 2003 :: Log Chemosh: who
Mon Jan 13 13:40:23 2003 :: Sock.sinaddr:  66.213.24.10
Mon Jan 13 13:41:10 2003 :: Anduin gained level 3
Mon Jan 13 13:41:31 2003 :: Closing link to Chrow.
Mon Jan 13 13:41:31 2003 :: Maedhros gained level 3
Mon Jan 13 13:43:20 2003 :: Sock.sinaddr:  66.25.72.138
Mon Jan 13 13:43:22 2003 :: Loading Prodigy.
Mon Jan 13 13:43:23 2003 :: Look out, Prodigy@cs662572-138.satx.rr.com has connected.
Mon Jan 13 13:43:28 2003 :: Sock.sinaddr:  12.109.16.140
Mon Jan 13 13:43:44 2003 :: EOF encountered on read.
Mon Jan 13 13:43:44 2003 :: Closing link to Stryder.
Mon Jan 13 13:44:06 2003 :: Log Sarven: murder nok
Mon Jan 13 13:48:34 2003 :: Anduin gained level 4
Mon Jan 13 13:49:19 2003 :: Anduin has quit.
Read_from_descriptor: Connection reset by peer
Mon Jan 13 13:51:22 2003 :: Closing link to Dhamon.
Mon Jan 13 13:52:22 2003 :: Maedhros gained level 4
Mon Jan 13 13:52:25 2003 :: Nokomus has quit.
Mon Jan 13 13:55:05 2003 :: Sock.sinaddr:  66.183.92.24
Mon Jan 13 13:55:10 2003 :: Loading Dhamon.
Mon Jan 13 13:55:13 2003 :: Dhamon@aoh858igy38uc.bc.hsia.telus.net reconnected.
Mon Jan 13 13:55:54 2003 :: Log Dhamon: delete
Mon Jan 13 13:55:57 2003 :: Log Dhamon: delete
Mon Jan 13 13:56:06 2003 :: Sock.sinaddr:  66.183.92.24
Mon Jan 13 13:56:42 2003 :: Dhamon@aoh858igy38uc.bc.hsia.telus.net new player.
Mon Jan 13 13:58:27 2003 :: Sarven has quit.
Mon Jan 13 13:58:49 2003 :: Morgion has quit.
Mon Jan 13 14:01:05 2003 :: Prodigy has quit.
Mon Jan 13 14:02:44 2003 :: Sock.sinaddr:  206.74.106.125
Mon Jan 13 14:03:10 2003 :: Loading Nokomus.
Mon Jan 13 14:03:12 2003 :: Look out, Nokomus@206.74.106.125 has connected.
Mon Jan 13 14:03:43 2003 :: Nokomus has quit.
Mon Jan 13 14:04:31 2003 :: Dhamon gained level 2
Mon Jan 13 14:07:40 2003 :: Maedhros gained level 5
Mon Jan 13 14:08:10 2003 :: Sock.sinaddr:  206.74.106.125
Mon Jan 13 14:09:03 2003 :: EOF encountered on read.
Mon Jan 13 14:09:09 2003 :: Log Chemosh: who
Mon Jan 13 14:09:10 2003 :: Log Chemosh: sock
Mon Jan 13 14:09:27 2003 :: Log Chemosh: snoop mae
Mon Jan 13 14:09:46 2003 :: Log Chemosh: sock
Mon Jan 13 14:09:53 2003 :: Log Chemosh: sock
Mon Jan 13 14:10:08 2003 :: Sock.sinaddr:  206.74.106.125
Mon Jan 13 14:10:14 2003 :: Loading Nokomus.
Mon Jan 13 14:10:16 2003 :: Look out, Nokomus@206.74.106.125 has connected.
Mon Jan 13 14:10:17 2003 :: Log Chemosh: sock
Mon Jan 13 14:10:28 2003 :: Log Chemosh: sock
Mon Jan 13 14:12:24 2003 :: Log Chemosh: sock
Mon Jan 13 14:12:37 2003 :: Log Chemosh: who
Mon Jan 13 14:12:48 2003 :: Log Chemosh: sock
Mon Jan 13 14:13:04 2003 :: Log Chemosh: tell mae why does your ip have 2 characters logged on?
Mon Jan 13 14:13:08 2003 :: Log Chemosh: skin corpse
Mon Jan 13 14:13:21 2003 :: Log Chemosh: sock
Mon Jan 13 14:13:35 2003 :: Log Chemosh: sock
Mon Jan 13 14:13:53 2003 :: Log Chemosh: skin corpse
Mon Jan 13 14:13:56 2003 :: Log Chemosh: snoop dha
Mon Jan 13 14:14:02 2003 :: Log Chemosh: skin corpse
Mon Jan 13 14:14:35 2003 :: Log Chemosh: skin corpse
Mon Jan 13 14:15:34 2003 :: Log Chemosh: sock
Read_from_descriptor: Connection reset by peer
Mon Jan 13 14:15:40 2003 :: Closing link to Dhamon.
Mon Jan 13 14:16:05 2003 :: Log Chemosh: snoop self
Mon Jan 13 14:16:07 2003 :: Log Chemosh: who
Mon Jan 13 14:17:22 2003 :: Sock.sinaddr:  4.64.88.32
Mon Jan 13 14:17:24 2003 :: Loading Lando.
Mon Jan 13 14:17:24 2003 :: Look out, Lando@evrtwa1-ar5-4-64-088-032.evrtwa1.dsl-verizon.net has connected.
Mon Jan 13 14:17:31 2003 :: Lando has quit.
Mon Jan 13 14:30:43 2003 :: Sock.sinaddr:  66.183.92.24
Mon Jan 13 14:30:47 2003 :: Loading Dhamon.
Mon Jan 13 14:30:52 2003 :: Dhamon@aoh858igy38uc.bc.hsia.telus.net reconnected.
Mon Jan 13 14:31:35 2003 :: Dhamon gained level 3
Mon Jan 13 14:34:56 2003 :: Maedhros gained level 6
Mon Jan 13 14:38:14 2003 :: Sock.sinaddr:  206.74.106.125
Mon Jan 13 14:38:18 2003 :: Loading Nokomus.
Mon Jan 13 14:38:22 2003 :: Closing link to Nokomus.
Mon Jan 13 14:38:22 2003 :: Nokomus@206.74.106.125 reconnected.
Mon Jan 13 14:38:55 2003 :: EOF encountered on read.
Mon Jan 13 14:38:55 2003 :: Closing link to Nokomus.
Mon Jan 13 14:39:00 2003 :: Sock.sinaddr:  206.74.106.125
Mon Jan 13 14:39:08 2003 :: Closing link to Nokomuws.
Mon Jan 13 14:39:13 2003 :: Sock.sinaddr:  206.74.106.125
Mon Jan 13 14:39:21 2003 :: Loading Nokomus.
Mon Jan 13 14:39:23 2003 :: Nokomus@206.74.106.125 reconnected.
Mon Jan 13 14:40:01 2003 :: Nokomus has quit.
Mon Jan 13 14:40:07 2003 :: Sock.sinaddr:  206.74.106.125
Mon Jan 13 14:40:12 2003 :: Loading Nokomus.
Mon Jan 13 14:40:13 2003 :: Look out, Nokomus@206.74.106.125 has connected.
Mon Jan 13 14:42:38 2003 :: Sock.sinaddr:  66.25.72.138
Mon Jan 13 14:42:41 2003 :: Loading Prodigy.
Mon Jan 13 14:42:49 2003 :: Look out, Prodigy@cs662572-138.satx.rr.com has connected.
Read_from_descriptor: Connection reset by peer
Mon Jan 13 14:42:51 2003 :: Closing link to Maedhros.
Read_from_descriptor: Connection reset by peer
Mon Jan 13 14:43:18 2003 :: Closing link to Dhamon.
Mon Jan 13 14:43:42 2003 :: Prodigy has quit.
Mon Jan 13 14:47:02 2003 :: Sock.sinaddr:  66.183.92.24
Mon Jan 13 14:47:07 2003 :: Loading Dhamon.
Mon Jan 13 14:47:10 2003 :: Dhamon@aoh858igy38uc.bc.hsia.telus.net reconnected.
Mon Jan 13 14:49:26 2003 :: Dhamon gained level 4
Mon Jan 13 14:50:59 2003 :: Dhamon has quit.
Mon Jan 13 14:52:48 2003 :: Sock.sinaddr:  216.194.99.14
Mon Jan 13 14:52:52 2003 :: Loading Maedhros.
Mon Jan 13 14:52:53 2003 :: Maedhros@mudconnector.com reconnected.
Mon Jan 13 15:03:24 2003 :: Sock.sinaddr:  216.194.99.14
Mon Jan 13 15:03:29 2003 :: Loading Dhamon.
Mon Jan 13 15:03:33 2003 :: Look out, Dhamon@mudconnector.com has connected.
Mon Jan 13 15:08:04 2003 :: Dhamon has quit.
Mon Jan 13 15:08:12 2003 :: EOF encountered on read.
Mon Jan 13 15:08:12 2003 :: Closing link to Maedhros.
Mon Jan 13 15:08:43 2003 :: Sock.sinaddr:  12.107.143.134
Mon Jan 13 15:08:47 2003 :: Loading Solinari.
Mon Jan 13 15:08:49 2003 :: Look out, Solinari@134-143-107-12-pbg-ny.dialin.westelcom.com has connected.
Mon Jan 13 15:11:46 2003 :: Nokomus has quit.
Mon Jan 13 15:12:32 2003 :: Solinari has quit.
Mon Jan 13 15:18:05 2003 :: Maedhros killed by Maedhros at 2
Mon Jan 13 15:19:07 2003 :: Sock.sinaddr:  216.89.113.114
Mon Jan 13 15:19:22 2003 :: Loading Majere.
Mon Jan 13 15:19:22 2003 :: Look out, Majere@216-89-113-114.bv.dp.net has connected.
Mon Jan 13 15:21:35 2003 :: Majere has quit.
Mon Jan 13 15:24:05 2003 :: Maedhros has quit.
Mon Jan 13 15:28:31 2003 :: Sock.sinaddr:  63.78.155.26
Mon Jan 13 15:28:44 2003 :: Loading Braum.
Mon Jan 13 15:28:47 2003 :: Look out, Braum@155door26.door.net has connected.
Mon Jan 13 15:56:12 2003 :: Sock.sinaddr:  66.25.72.138
Mon Jan 13 15:56:30 2003 :: Loading Prodigy.
Mon Jan 13 15:56:32 2003 :: Look out, Prodigy@cs662572-138.satx.rr.com has connected.
Mon Jan 13 15:56:40 2003 :: Prodigy has quit.
Mon Jan 13 16:19:25 2003 :: Sock.sinaddr:  216.89.113.114
Mon Jan 13 16:19:42 2003 :: Loading Majere.
Mon Jan 13 16:19:44 2003 :: Look out, Majere@216-89-113-114.bv.dp.net has connected.
Mon Jan 13 16:19:53 2003 :: Majere has quit.
Mon Jan 13 16:39:47 2003 :: Sock.sinaddr:  216.194.99.14
Read_from_descriptor: Broken pipe
Mon Jan 13 16:40:24 2003 :: Sock.sinaddr:  216.194.99.14
Read_from_descriptor: Broken pipe
Mon Jan 13 16:43:44 2003 :: Sock.sinaddr:  206.74.106.38
Mon Jan 13 16:43:49 2003 :: Loading Nokomus.
Mon Jan 13 16:43:51 2003 :: Look out, Nokomus@206.74.106.38 has connected.
Mon Jan 13 16:53:42 2003 :: Nokomus has quit.
Mon Jan 13 16:56:25 2003 :: Braum gained level 10
Mon Jan 13 17:33:34 2003 :: Sock.sinaddr:  216.89.113.90
Mon Jan 13 17:33:51 2003 :: Loading Majere.
Mon Jan 13 17:33:54 2003 :: Look out, Majere@216-89-113-90.bv.dp.net has connected.
Mon Jan 13 17:35:14 2003 :: Majere has quit.
Mon Jan 13 17:53:06 2003 :: Sock.sinaddr:  216.89.113.90
Mon Jan 13 17:53:14 2003 :: Loading Majere.
Mon Jan 13 17:53:16 2003 :: Look out, Majere@216-89-113-90.bv.dp.net has connected.
Mon Jan 13 17:53:28 2003 :: Majere has quit.
Mon Jan 13 17:54:37 2003 :: Braum killed by a large snake at 8310
Mon Jan 13 18:17:12 2003 :: Sock.sinaddr:  24.29.79.142
Mon Jan 13 18:17:13 2003 :: Log Chemosh: quit
Mon Jan 13 18:17:13 2003 :: Chemosh has quit.
Mon Jan 13 18:17:13 2003 :: Loading Jessca.
Mon Jan 13 18:17:14 2003 :: Look out, Jessca@alb-24-29-79-142.nycap.rr.com has connected.
Mon Jan 13 18:20:58 2003 :: Sock.sinaddr:  66.248.82.173
Mon Jan 13 18:20:59 2003 :: Loading Chemosh.
Mon Jan 13 18:20:59 2003 :: Look out, Chemosh@12-173.006.popsite.net has connected.
Mon Jan 13 18:21:05 2003 :: Log Chemosh: who
Mon Jan 13 18:21:24 2003 :: Log Chemosh: tell jess hi
Mon Jan 13 18:21:56 2003 :: Log Chemosh: reply how are ya?
Mon Jan 13 18:22:44 2003 :: Log Chemosh: reply not too bad, but finals kinda bites
Mon Jan 13 18:38:52 2003 :: Braum has quit.
Mon Jan 13 18:40:20 2003 :: Sock.sinaddr:  205.251.144.171
Mon Jan 13 18:41:38 2003 :: Jessca has quit.
Read_from_descriptor: Connection reset by peer
Mon Jan 13 18:42:34 2003 :: Closing link to Bladser.
Mon Jan 13 19:01:31 2003 :: Sock.sinaddr:  216.194.99.14
Mon Jan 13 19:01:48 2003 :: Loading Maedhros.
Mon Jan 13 19:01:49 2003 :: Look out, Maedhros@mudconnector.com has connected.
Mon Jan 13 19:05:47 2003 :: Log Chemosh: reply mm
Mon Jan 13 19:05:50 2003 :: Log Chemosh: goto 2
Mon Jan 13 19:06:04 2003 :: Log Chemosh: reply did you type 'quit'?
Mon Jan 13 19:06:06 2003 :: Log Chemosh: goto 44001
Mon Jan 13 19:06:08 2003 :: Log Chemosh: goto 1214
Mon Jan 13 19:07:36 2003 :: Log Chemosh: reply you just type quit
Mon Jan 13 19:07:48 2003 :: Log Chemosh: reply it will save it for you, and actually log you out of the game
Mon Jan 13 19:08:31 2003 :: Log Chemosh: reply yepper
Mon Jan 13 19:10:43 2003 :: Log Chemosh: owhere new
Mon Jan 13 19:10:52 2003 :: Log Chemosh: owhere cor
Mon Jan 13 19:40:08 2003 :: Maedhros has quit.
Mon Jan 13 19:42:42 2003 :: Sock.sinaddr:  68.144.213.62
Mon Jan 13 19:42:44 2003 :: Loading Torianis.
Mon Jan 13 19:42:44 2003 :: Look out, Torianis@h68-144-213-62.cg.shawcable.net has connected.
Mon Jan 13 19:43:18 2003 :: Torianis has quit.
Mon Jan 13 19:45:47 2003 :: Sock.sinaddr:  63.78.155.170
Mon Jan 13 19:45:52 2003 :: Loading Braum.
Mon Jan 13 19:45:54 2003 :: Look out, Braum@155door170.door.net has connected.
Mon Jan 13 19:47:20 2003 :: Sock.sinaddr:  24.247.67.24
Mon Jan 13 19:47:27 2003 :: Loading Hiddukel.
Mon Jan 13 19:47:31 2003 :: Look out, Hiddukel@24.247.67.24.up.mi.chartermi.net has connected.
Mon Jan 13 19:55:12 2003 :: Sock.sinaddr:  66.25.72.138
Mon Jan 13 19:55:16 2003 :: Loading Prodigy.
Mon Jan 13 19:55:17 2003 :: Look out, Prodigy@cs662572-138.satx.rr.com has connected.
Mon Jan 13 19:56:47 2003 :: Sock.sinaddr:  68.144.213.62
Mon Jan 13 19:56:48 2003 :: Loading Torianis.
Mon Jan 13 19:56:49 2003 :: Look out, Torianis@h68-144-213-62.cg.shawcable.net has connected.
Mon Jan 13 19:57:39 2003 :: Torianis has quit.
Mon Jan 13 19:57:40 2003 :: Sock.sinaddr:  68.144.213.62
Mon Jan 13 19:57:40 2003 :: Loading Torianis.
Mon Jan 13 19:57:41 2003 :: Look out, Torianis@h68-144-213-62.cg.shawcable.net has connected.
Mon Jan 13 19:57:43 2003 :: Torianis has quit.
Mon Jan 13 20:00:24 2003 :: Log Hiddukel: check
Mon Jan 13 20:03:30 2003 :: Sock.sinaddr:  68.144.213.62
Mon Jan 13 20:03:32 2003 :: Loading Torianis.
Mon Jan 13 20:03:32 2003 :: Look out, Torianis@h68-144-213-62.cg.shawcable.net has connected.
Mon Jan 13 20:08:26 2003 :: Log Chemosh: who
Mon Jan 13 20:08:41 2003 :: Log Chemosh: imm hello hidd
Mon Jan 13 20:09:05 2003 :: Braum killed by the tunnel guardian at 15724
Mon Jan 13 20:10:14 2003 :: Log Chemosh: imm lol, i dont have an autolog on, gmud is not that advanced yet =P
Mon Jan 13 20:14:40 2003 :: Torianis has quit.
Mon Jan 13 20:15:21 2003 :: Sock.sinaddr:  64.77.156.108
Mon Jan 13 20:15:24 2003 :: Loading Ladron.
Mon Jan 13 20:15:25 2003 :: Look out, Ladron@d044.as0.mdsn.in.voyager.net has connected.
Mon Jan 13 20:16:18 2003 :: Prodigy has quit.
Mon Jan 13 20:18:57 2003 :: Sock.sinaddr:  216.194.99.14
Mon Jan 13 20:19:00 2003 :: Loading Maedhros.
Mon Jan 13 20:19:01 2003 :: Look out, Maedhros@mudconnector.com has connected.
Mon Jan 13 20:30:17 2003 :: Sock.sinaddr:  63.78.155.170
Read_from_descriptor: Connection reset by peer
Mon Jan 13 20:30:18 2003 :: Closing link to Braum.
Mon Jan 13 20:30:23 2003 :: Loading Braum.
Mon Jan 13 20:30:26 2003 :: Braum@155door170.door.net reconnected.
Mon Jan 13 20:38:14 2003 :: Braum has quit.
Mon Jan 13 20:45:58 2003 :: Log Hiddukel: restore all
Mon Jan 13 21:08:54 2003 :: Maedhros has quit.
Mon Jan 13 21:21:41 2003 :: Sock.sinaddr:  65.179.233.221
Mon Jan 13 21:21:45 2003 :: Loading Morgion.
Mon Jan 13 21:21:48 2003 :: Look out, Morgion@sdn-ap-026castocP0475.dialsprint.net has connected.
Mon Jan 13 21:22:09 2003 :: Ladron has quit.
Mon Jan 13 21:22:24 2003 :: Sock.sinaddr:  216.194.99.14
Mon Jan 13 21:22:28 2003 :: Loading Maedhros.
Mon Jan 13 21:22:29 2003 :: Log Chemosh: imm hi
Mon Jan 13 21:22:29 2003 :: Look out, Maedhros@mudconnector.com has connected.
Mon Jan 13 21:23:31 2003 :: Sock.sinaddr:  65.179.233.221
Mon Jan 13 21:23:41 2003 :: Loading Veers.
Mon Jan 13 21:23:47 2003 :: Look out, Veers@sdn-ap-026castocP0475.dialsprint.net has connected.
Mon Jan 13 21:31:27 2003 :: Maedhros gained level 7
Mon Jan 13 21:33:54 2003 :: Maedhros killed by a Palanthas guard at 3012
Mon Jan 13 21:34:54 2003 :: Log Hiddukel: restore maed
Mon Jan 13 21:35:04 2003 :: Log Hiddukel: restore veer
Mon Jan 13 21:46:11 2003 :: Sock.sinaddr:  63.78.155.14
Mon Jan 13 21:46:17 2003 :: Loading Thaylia.
Mon Jan 13 21:46:19 2003 :: Look out, Thaylia@155door14.door.net has connected.
Mon Jan 13 21:46:42 2003 :: Maedhros has quit.
Mon Jan 13 21:48:18 2003 :: Thaylia has quit.
Mon Jan 13 21:52:31 2003 :: Sock.sinaddr:  64.77.156.108
Mon Jan 13 21:52:37 2003 :: Loading Ladron.
Mon Jan 13 21:52:38 2003 :: Look out, Ladron@d044.as0.mdsn.in.voyager.net has connected.
Mon Jan 13 21:52:54 2003 :: Sock.sinaddr:  63.78.155.14
Mon Jan 13 21:53:01 2003 :: Loading Thaylia.
Mon Jan 13 21:53:04 2003 :: Look out, Thaylia@155door14.door.net has connected.
Mon Jan 13 21:57:18 2003 :: Veers has quit.
Mon Jan 13 21:58:00 2003 :: Sock.sinaddr:  24.116.55.46
Mon Jan 13 21:58:07 2003 :: Loading Reorx.
Mon Jan 13 21:58:10 2003 :: Look out, Reorx@24-116-55-46.cpe.cableone.net has connected.
Mon Jan 13 21:59:42 2003 :: Log Hiddukel: snoop morg
Mon Jan 13 22:05:46 2003 :: Log Hiddukel: snoop self
Mon Jan 13 22:06:53 2003 :: Log Hiddukel: set char hiddukel class ranger
Mon Jan 13 22:09:24 2003 :: Log Hiddukel: laston drizzt
Mon Jan 13 22:11:09 2003 :: Sock.sinaddr:  216.194.99.14
Mon Jan 13 22:11:12 2003 :: Loading Maedhros.
Mon Jan 13 22:11:13 2003 :: Look out, Maedhros@mudconnector.com has connected.
Mon Jan 13 22:12:06 2003 :: Sock.sinaddr:  65.179.233.221
Mon Jan 13 22:12:11 2003 :: Loading Veers.
Mon Jan 13 22:12:20 2003 :: Look out, Veers@sdn-ap-026castocP0475.dialsprint.net has connected.
Mon Jan 13 22:14:03 2003 :: Log Hiddukel: laston krytn
Mon Jan 13 22:14:42 2003 :: Maedhros killed by a small street dog at 3001
Mon Jan 13 22:14:59 2003 :: Log Hiddukel: tick
Mon Jan 13 22:15:00 2003 :: Log Hiddukel: tick
Mon Jan 13 22:15:02 2003 :: Log Hiddukel: restore
Mon Jan 13 22:15:09 2003 :: Log Hiddukel: apurge maed
Mon Jan 13 22:17:48 2003 :: EOF encountered on read.
Mon Jan 13 22:17:48 2003 :: Closing link to Ladron.
Mon Jan 13 22:25:27 2003 :: Sock.sinaddr:  172.172.191.51
Mon Jan 13 22:27:38 2003 :: Basin@ACACBF33.ipt.aol.com new player.
Mon Jan 13 22:34:03 2003 :: Ladron has quit.
Mon Jan 13 22:34:36 2003 :: Maedhros gained level 8
Mon Jan 13 22:34:36 2003 :: Veers gained level 12
Mon Jan 13 22:38:16 2003 :: Maedhros has quit.
Mon Jan 13 22:38:49 2003 :: Veers has quit.
Mon Jan 13 22:38:56 2003 :: EOF encountered on read.
Mon Jan 13 22:38:56 2003 :: Closing link to Morgion.
Mon Jan 13 22:39:03 2003 :: Sock.sinaddr:  65.179.233.221
Mon Jan 13 22:39:06 2003 :: Loading Morgion.
Mon Jan 13 22:39:08 2003 :: Morgion@sdn-ap-026castocP0475.dialsprint.net reconnected.
Mon Jan 13 22:39:55 2003 :: Morgion has quit.
Mon Jan 13 22:41:32 2003 :: Sock.sinaddr:  65.234.34.70
Mon Jan 13 22:41:32 2003 :: Loading Falcor.
Mon Jan 13 22:41:32 2003 :: Look out, Falcor@1Cust70.tnt3.mccomb.oh.da.uu.net has connected.
Mon Jan 13 22:41:43 2003 :: Falcor has quit.
Mon Jan 13 22:47:15 2003 :: Basin gained level 2
Mon Jan 13 22:51:18 2003 :: Thaylia has quit.
Mon Jan 13 22:53:09 2003 :: Basin killed by an escaped convict at 3721
Mon Jan 13 22:56:34 2003 :: Sock.sinaddr:  172.172.191.51
Mon Jan 13 22:56:34 2003 :: EOF encountered on read.
Mon Jan 13 22:56:34 2003 :: Closing link to Basin.
Mon Jan 13 22:57:48 2003 :: Dimar@ACACBF33.ipt.aol.com new player.
Mon Jan 13 22:58:20 2003 :: Reorx has quit.
Mon Jan 13 23:03:41 2003 :: EOF encountered on read.
Mon Jan 13 23:03:41 2003 :: Closing link to Dimar.
Mon Jan 13 23:03:42 2003 :: Sock.sinaddr:  172.172.191.51
Mon Jan 13 23:04:49 2003 :: Trom@ACACBF33.ipt.aol.com new player.
Mon Jan 13 23:05:18 2003 :: Trom loses skill common
Mon Jan 13 23:10:45 2003 :: Trom gained level 2
Mon Jan 13 23:13:03 2003 :: Basin has quit.
Mon Jan 13 23:13:27 2003 :: Trom gained level 3
Mon Jan 13 23:15:57 2003 :: Trom gained level 4
Mon Jan 13 23:18:54 2003 :: Trom gained level 5
Mon Jan 13 23:22:48 2003 :: Trom killed by Crysania at 3005
Mon Jan 13 23:32:57 2003 :: EOF encountered on read.
Mon Jan 13 23:32:57 2003 :: Closing link to Trom.
Mon Jan 13 23:45:08 2003 :: Sock.sinaddr:  172.165.249.73
Mon Jan 13 23:45:13 2003 :: Loading Jema.
Mon Jan 13 23:45:15 2003 :: Look out, Jema@ACA5F949.ipt.aol.com has connected.
Mon Jan 13 23:46:18 2003 :: Log Hiddukel: check
Mon Jan 13 23:46:22 2003 :: Log Hiddukel: punload trom
Mon Jan 13 23:46:22 2003 :: Trom has quit.
Mon Jan 13 23:49:10 2003 :: [*****] BUG: Act: bad code 119.
Mon Jan 13 23:49:10 2003 :: [*****] BUG: Act: bad code 111.
Mon Jan 13 23:58:09 2003 :: Jema has quit.
Tue Jan 14 00:04:40 2003 :: Log Hiddukel: check
Tue Jan 14 00:04:45 2003 :: Sock.sinaddr:  24.116.55.46
Tue Jan 14 00:04:56 2003 :: Loading Reorx.
Tue Jan 14 00:05:00 2003 :: Look out, Reorx@24-116-55-46.cpe.cableone.net has connected.
Tue Jan 14 00:05:22 2003 :: Log Hiddukel: empower reorx 106
Tue Jan 14 00:06:35 2003 :: Log Hiddukel: asave changed
Tue Jan 14 00:06:36 2003 :: Log Hiddukel: copyover
Tue Jan 14 00:06:36 2003 :: ROM is ready to rock on port 6100.
Tue Jan 14 00:06:36 2003 :: Copyover recovery initiated
Tue Jan 14 00:06:36 2003 :: Loading Reorx.
Tue Jan 14 00:06:36 2003 :: Loading Hiddukel.
Tue Jan 14 00:06:36 2003 :: Loading Chemosh.
Tue Jan 14 00:12:33 2003 :: Sock.sinaddr:  64.40.55.128
Tue Jan 14 00:12:56 2003 :: Loading Paladine.
Tue Jan 14 00:12:58 2003 :: Look out, Paladine@64-40-55-128.ncplus.net has connected.
Tue Jan 14 00:25:15 2003 :: Log Paladine: fvlist room
Tue Jan 14 00:32:05 2003 :: Sock.sinaddr:  64.40.51.124
Tue Jan 14 00:32:16 2003 :: Loading Paladine.
Tue Jan 14 00:32:20 2003 :: Closing link to Paladine.
Tue Jan 14 00:32:20 2003 :: Paladine@64-40-51-124.ncplus.net reconnected.
Tue Jan 14 00:38:15 2003 :: Log Paladine: asave area
Tue Jan 14 00:39:20 2003 :: Reorx has quit.
Tue Jan 14 00:46:31 2003 :: Log Paladine: asave area
Tue Jan 14 00:49:19 2003 :: Log Paladine: asave area
Tue Jan 14 00:49:27 2003 :: Log Paladine: purge
Tue Jan 14 01:11:31 2003 :: Log Paladine: load mob 5606
Tue Jan 14 01:12:36 2003 :: Log Paladine: purge
Tue Jan 14 01:18:30 2003 :: Sock.sinaddr:  216.194.99.14
Tue Jan 14 01:18:30 2003 :: EOF encountered on read.
Tue Jan 14 01:23:59 2003 :: Log Paladine: asave area
Tue Jan 14 01:25:43 2003 :: Log Chemosh: who
Tue Jan 14 01:27:39 2003 :: Log Paladine: asave area
Tue Jan 14 01:27:56 2003 :: Log Paladine: load mob 5706
Tue Jan 14 01:27:59 2003 :: Log Paladine: purge
Tue Jan 14 01:28:32 2003 :: Log Paladine: load mob 5606
Tue Jan 14 01:29:04 2003 :: Log Paladine: set char paladine align -1000
Tue Jan 14 01:31:32 2003 :: Sock.sinaddr:  64.40.51.124
Tue Jan 14 01:31:40 2003 :: Loading Kougyoku.
Tue Jan 14 01:31:43 2003 :: Look out, Kougyoku@64-40-51-124.ncplus.net has connected.
Tue Jan 14 01:31:48 2003 :: Log Paladine: tele kou
Tue Jan 14 01:31:54 2003 :: Log Paladine: set char kou align -1000
Tue Jan 14 01:32:23 2003 :: Log Paladine: apurge kou
Tue Jan 14 01:32:31 2003 :: Log Paladine: switch knight
Tue Jan 14 01:32:54 2003 :: Kougyoku killed by the knight templar at 5792
Tue Jan 14 01:37:13 2003 :: Log Paladine: tele kou
Tue Jan 14 01:37:22 2003 :: Log Paladine: switch knb
Tue Jan 14 01:37:25 2003 :: Log Paladine: switch kn
Tue Jan 14 01:40:17 2003 :: Log Paladine: switch temp
Tue Jan 14 01:42:00 2003 :: Log Paladine: tele kou
Tue Jan 14 01:42:02 2003 :: Log Paladine: restore
Tue Jan 14 01:42:24 2003 :: Log Paladine: set char paladine align 1000
Tue Jan 14 01:43:44 2003 :: Log Paladine: asave area
Tue Jan 14 01:43:50 2003 :: Log Paladine: tele kou 3054
Tue Jan 14 01:43:54 2003 :: Kougyoku has quit.
Tue Jan 14 02:04:53 2003 :: Log Paladine: asave area
Tue Jan 14 02:14:20 2003 :: Log Paladine: fvlist obj
Tue Jan 14 02:20:56 2003 :: Log Paladine: asave area
Tue Jan 14 02:20:58 2003 :: Log Paladine: purge
Tue Jan 14 02:21:23 2003 :: Log Paladine: load obj 1976
Tue Jan 14 02:22:18 2003 :: Log Paladine: asave area
Tue Jan 14 02:22:41 2003 :: Log Paladine: load mob 2090
Tue Jan 14 02:22:45 2003 :: Log Paladine: load mob 3090
Tue Jan 14 02:22:58 2003 :: Log Paladine: slay kitten
Tue Jan 14 02:23:11 2003 :: Log Paladine: load mob 3090
Tue Jan 14 02:26:10 2003 :: Sock.sinaddr:  66.248.81.174
Tue Jan 14 02:26:10 2003 :: Loading Chemosh.
Tue Jan 14 02:26:11 2003 :: Closing link to Chemosh.
Tue Jan 14 02:26:11 2003 :: Chemosh@11-174.006.popsite.net reconnected.
Tue Jan 14 02:39:43 2003 :: Log Paladine: purge
Tue Jan 14 02:46:55 2003 :: Log Paladine: load obj 1222
Tue Jan 14 02:47:27 2003 :: Log Paladine: asave area
Tue Jan 14 03:06:42 2003 :: Sock.sinaddr:  65.179.240.211
Tue Jan 14 03:06:49 2003 :: Loading Morgion.
Tue Jan 14 03:06:55 2003 :: Look out, Morgion@sdn-ap-027castocP0211.dialsprint.net has connected.
Tue Jan 14 03:17:41 2003 :: Morgion has quit.
Tue Jan 14 03:46:20 2003 :: Log Hiddukel: asave world
Tue Jan 14 03:46:52 2003 :: Log Hiddukel: copyover
Tue Jan 14 03:46:52 2003 :: ROM is ready to rock on port 6100.
Tue Jan 14 03:46:52 2003 :: Copyover recovery initiated
Tue Jan 14 03:46:52 2003 :: Loading Chemosh.
Tue Jan 14 03:46:52 2003 :: Loading Paladine.
Tue Jan 14 03:46:52 2003 :: Loading Hiddukel.
Tue Jan 14 03:48:59 2003 :: Log Hiddukel: asave changed
Tue Jan 14 03:48:59 2003 :: Log Hiddukel: copyover
Tue Jan 14 03:48:59 2003 :: ROM is ready to rock on port 6100.
Tue Jan 14 03:48:59 2003 :: Copyover recovery initiated
Tue Jan 14 03:48:59 2003 :: Loading Hiddukel.
Tue Jan 14 03:48:59 2003 :: Loading Paladine.
Tue Jan 14 03:48:59 2003 :: Loading Chemosh.
Tue Jan 14 04:07:26 2003 :: Log Hiddukel: asave changed
Tue Jan 14 04:07:27 2003 :: Log Hiddukel: copyover
Tue Jan 14 04:07:27 2003 :: ROM is ready to rock on port 6100.
Tue Jan 14 04:07:27 2003 :: Copyover recovery initiated
Tue Jan 14 04:07:27 2003 :: Loading Chemosh.
Tue Jan 14 04:07:27 2003 :: Loading Paladine.
Tue Jan 14 04:07:27 2003 :: Loading Hiddukel.
Tue Jan 14 04:07:47 2003 :: Log Chemosh: who
Tue Jan 14 04:07:53 2003 :: Log Hiddukel: asave area
Tue Jan 14 04:07:57 2003 :: Log Hiddukel: asave area
Tue Jan 14 04:07:59 2003 :: Log Hiddukel: asave changed
Tue Jan 14 04:07:59 2003 :: Log Hiddukel: copyover
Tue Jan 14 04:07:59 2003 :: ROM is ready to rock on port 6100.
Tue Jan 14 04:07:59 2003 :: Copyover recovery initiated
Tue Jan 14 04:07:59 2003 :: Loading Hiddukel.
Tue Jan 14 04:07:59 2003 :: Loading Paladine.
Tue Jan 14 04:07:59 2003 :: Loading Chemosh.
Tue Jan 14 04:08:12 2003 :: Log Hiddukel: asave changed
Tue Jan 14 04:08:20 2003 :: Log Hiddukel: asave changed
Tue Jan 14 04:08:22 2003 :: Log Hiddukel: asave area
Tue Jan 14 04:08:25 2003 :: Log Hiddukel: asave changed
Tue Jan 14 04:08:26 2003 :: Log Hiddukel: copyover
Tue Jan 14 04:08:26 2003 :: ROM is ready to rock on port 6100.
Tue Jan 14 04:08:26 2003 :: Copyover recovery initiated
Tue Jan 14 04:08:26 2003 :: Loading Chemosh.
Tue Jan 14 04:08:26 2003 :: Loading Paladine.
Tue Jan 14 04:08:26 2003 :: Loading Hiddukel.
Tue Jan 14 04:08:39 2003 :: Log Chemosh: imm time for me to goto sleep, then get screwed over by finals tomorrow...
Tue Jan 14 04:08:42 2003 :: Log Chemosh: imm night
Tue Jan 14 04:08:57 2003 :: Log Chemosh: quit
Tue Jan 14 04:08:57 2003 :: Chemosh has quit.
Tue Jan 14 04:10:11 2003 :: Log Hiddukel: asave changed
Tue Jan 14 04:10:13 2003 :: Log Hiddukel: asave changed
Tue Jan 14 04:10:13 2003 :: Log Hiddukel: copyover
Tue Jan 14 04:10:13 2003 :: ROM is ready to rock on port 6100.
Tue Jan 14 04:10:13 2003 :: Copyover recovery initiated
Tue Jan 14 04:10:13 2003 :: Loading Hiddukel.
Tue Jan 14 04:10:13 2003 :: Loading Paladine.
Tue Jan 14 04:10:29 2003 :: Log Hiddukel: asave changed
Tue Jan 14 04:10:29 2003 :: Log Hiddukel: copyover
Tue Jan 14 04:10:29 2003 :: ROM is ready to rock on port 6100.
Tue Jan 14 04:10:29 2003 :: Copyover recovery initiated
Tue Jan 14 04:10:29 2003 :: Loading Paladine.
Tue Jan 14 04:10:29 2003 :: Loading Hiddukel.
Tue Jan 14 04:13:21 2003 :: Log Hiddukel: asave changed
Tue Jan 14 04:13:22 2003 :: Log Hiddukel: copyover
Tue Jan 14 04:13:22 2003 :: ROM is ready to rock on port 6100.
Tue Jan 14 04:13:22 2003 :: Copyover recovery initiated
Tue Jan 14 04:13:22 2003 :: Loading Hiddukel.
Tue Jan 14 04:13:22 2003 :: Loading Paladine.
Tue Jan 14 04:13:41 2003 :: Log Hiddukel: asave changed
Tue Jan 14 04:13:41 2003 :: Log Hiddukel: copyover
Tue Jan 14 04:13:41 2003 :: ROM is ready to rock on port 6100.
Tue Jan 14 04:13:41 2003 :: Copyover recovery initiated
Tue Jan 14 04:13:41 2003 :: Loading Paladine.
Tue Jan 14 04:13:41 2003 :: Loading Hiddukel.
Tue Jan 14 04:15:52 2003 :: Log Hiddukel: asave changed
Tue Jan 14 04:15:58 2003 :: Log Hiddukel: asave changed
Tue Jan 14 04:15:59 2003 :: Log Hiddukel: copyover
Tue Jan 14 04:15:59 2003 :: ROM is ready to rock on port 6100.
Tue Jan 14 04:15:59 2003 :: Copyover recovery initiated
Tue Jan 14 04:15:59 2003 :: Loading Hiddukel.
Tue Jan 14 04:15:59 2003 :: Loading Paladine.
Tue Jan 14 04:35:38 2003 :: Log Hiddukel: asave changed
Tue Jan 14 04:35:44 2003 :: Log Hiddukel: asave changed
Tue Jan 14 04:35:46 2003 :: Log Hiddukel: copyover
Tue Jan 14 04:35:46 2003 :: ROM is ready to rock on port 6100.
Tue Jan 14 04:35:46 2003 :: Copyover recovery initiated
Tue Jan 14 04:35:46 2003 :: Loading Paladine.
Tue Jan 14 04:35:46 2003 :: Loading Hiddukel.
Tue Jan 14 04:37:57 2003 :: Paladine has quit.
Tue Jan 14 04:38:55 2003 :: Log Hiddukel: load obj 3723
Tue Jan 14 06:45:14 2003 :: Sock.sinaddr:  216.194.99.14
Tue Jan 14 06:45:22 2003 :: Loading Dhamon.
Tue Jan 14 06:45:27 2003 :: Look out, Dhamon@mudconnector.com has connected.
Tue Jan 14 06:53:02 2003 :: Dhamon gained level 5
Tue Jan 14 07:01:10 2003 :: Log Hiddukel: restore dham
Tue Jan 14 07:04:55 2003 :: mudconnector.com input spamming!
Tue Jan 14 07:12:04 2003 :: EOF encountered on read.
Tue Jan 14 07:12:04 2003 :: Closing link to Dhamon.
Tue Jan 14 07:13:34 2003 :: Sock.sinaddr:  216.194.99.14
Tue Jan 14 07:13:39 2003 :: Loading Dhamon.
Tue Jan 14 07:13:43 2003 :: Dhamon. Bad Password. IP: mudconnector.com> reemption
Tue Jan 14 07:13:43 2003 :: Closing link to Dhamon.
Tue Jan 14 07:13:46 2003 :: Sock.sinaddr:  216.194.99.14
Tue Jan 14 07:13:50 2003 :: Loading Dhamon.
Tue Jan 14 07:13:54 2003 :: Dhamon@mudconnector.com reconnected.
Tue Jan 14 07:22:04 2003 :: Sock.sinaddr:  68.144.213.62
Tue Jan 14 07:22:05 2003 :: Loading Torianis.
Tue Jan 14 07:22:05 2003 :: Look out, Torianis@h68-144-213-62.cg.shawcable.net has connected.
Tue Jan 14 07:24:05 2003 :: Log Hiddukel: restore all
Tue Jan 14 07:27:18 2003 :: Torianis killed by an Aesthetic at 3373
Tue Jan 14 07:28:15 2003 :: Log Hiddukel: tick
Tue Jan 14 07:28:20 2003 :: Log Hiddukel: restore tor
Tue Jan 14 07:29:05 2003 :: Log Hiddukel: asperson tor unread
Tue Jan 14 07:29:14 2003 :: Log Hiddukel: force tor unread
Tue Jan 14 07:29:21 2003 :: Dhamon gained level 6
Tue Jan 14 07:30:55 2003 :: Log Hiddukel: restore tor
Tue Jan 14 07:31:29 2003 :: Log Hiddukel: pecho dhamon Hiddukel delivers you from the light.
Tue Jan 14 07:32:58 2003 :: Log Hiddukel: trans dhamon 3054
Tue Jan 14 07:34:56 2003 :: Torianis has quit.
Tue Jan 14 07:41:58 2003 :: Sock.sinaddr:  129.115.218.158
Tue Jan 14 07:42:07 2003 :: Loading Prodigy.
Tue Jan 14 07:42:09 2003 :: Look out, Prodigy@129.115.218.158 has connected.
Tue Jan 14 07:46:19 2003 :: Dhamon has quit.
Tue Jan 14 07:47:46 2003 :: Sock.sinaddr:  66.183.92.24
Tue Jan 14 07:47:50 2003 :: EOF encountered on read.
Tue Jan 14 07:48:07 2003 :: Sock.sinaddr:  216.194.99.14
Tue Jan 14 07:48:11 2003 :: Loading Dhamon.
Tue Jan 14 07:48:15 2003 :: Look out, Dhamon@mudconnector.com has connected.
Tue Jan 14 07:54:24 2003 :: Dhamon has quit.
Tue Jan 14 07:57:08 2003 :: Sock.sinaddr:  216.194.99.14
Tue Jan 14 07:57:13 2003 :: Loading Dhamon.
Tue Jan 14 07:57:16 2003 :: Look out, Dhamon@mudconnector.com has connected.
Tue Jan 14 08:00:46 2003 :: Prodigy has quit.
Tue Jan 14 08:03:05 2003 :: Log Hiddukel: asperson dhamon unread
Tue Jan 14 08:07:57 2003 :: Sock.sinaddr:  168.122.236.39
Tue Jan 14 08:08:09 2003 :: Sock.sinaddr:  168.122.236.39
Tue Jan 14 08:08:16 2003 :: Loading Habbakuk.
Tue Jan 14 08:08:18 2003 :: Look out, Habbakuk@comm700-c1201-dhcp039.bu.edu has connected.
Tue Jan 14 08:08:20 2003 :: Habbakuk gets skill trance
Tue Jan 14 08:08:54 2003 :: Log Habbakuk: pen
Tue Jan 14 08:10:12 2003 :: Sock.sinaddr:  213.46.101.14
Tue Jan 14 08:10:20 2003 :: Loading Anduin.
Tue Jan 14 08:10:24 2003 :: Look out, Anduin@d101014.upc-d.chello.nl has connected.
Tue Jan 14 08:10:52 2003 :: Habbakuk has quit.
Tue Jan 14 08:24:03 2003 :: Log Hiddukel: asperson anduin unread
Tue Jan 14 08:24:16 2003 :: Log Hiddukel: snoop dham
Tue Jan 14 08:24:19 2003 :: Anduin gained level 5
Tue Jan 14 08:26:57 2003 :: Log Hiddukel: trans dham and
Tue Jan 14 08:27:19 2003 :: Log Hiddukel: asperson dham autoexit
Tue Jan 14 08:27:49 2003 :: Log Hiddukel: restore all
Tue Jan 14 08:28:09 2003 :: Log Hiddukel: trans all 3054
Tue Jan 14 08:29:25 2003 :: Log Hiddukel: snoop self
Tue Jan 14 08:29:27 2003 :: Log Hiddukel: snoop an
Tue Jan 14 08:30:32 2003 :: Log Hiddukel: snoop self
Tue Jan 14 08:30:33 2003 :: Sock.sinaddr:  165.138.121.1
Tue Jan 14 08:30:37 2003 :: Loading Ladron.
Tue Jan 14 08:30:38 2003 :: Look out, Ladron@165.138.121.1 has connected.
Tue Jan 14 08:30:50 2003 :: Log Hiddukel: snoop lad
Tue Jan 14 08:31:43 2003 :: Log Hiddukel: snoop self
Tue Jan 14 08:31:45 2003 :: Log Hiddukel: trans lad
Tue Jan 14 08:34:49 2003 :: Log Hiddukel: force lad south
Tue Jan 14 08:36:01 2003 :: Log Hiddukel: force lad fol hidd
Tue Jan 14 08:37:44 2003 :: Log Hiddukel: restore lad
Tue Jan 14 08:39:23 2003 :: Log Hiddukel: trans lad
Tue Jan 14 08:39:30 2003 :: Log Hiddukel: force lad fol self
Tue Jan 14 08:41:07 2003 :: EOF encountered on read.
Tue Jan 14 08:41:07 2003 :: Closing link to Anduin.
Tue Jan 14 08:47:44 2003 :: Hiddukel has quit.
Tue Jan 14 08:52:26 2003 :: Sock.sinaddr:  216.89.113.159
Tue Jan 14 08:52:37 2003 :: Loading Majere.
Tue Jan 14 08:52:39 2003 :: Look out, Majere@216-89-113-159.bv.dp.net has connected.
Tue Jan 14 08:54:40 2003 :: Dhamon gained level 7
Tue Jan 14 08:55:48 2003 :: Majere has quit.
Tue Jan 14 08:56:58 2003 :: Anduin has quit.
Tue Jan 14 09:02:38 2003 :: Dhamon has quit.
Tue Jan 14 09:07:28 2003 :: Ladron has quit.
Tue Jan 14 09:40:11 2003 :: Sock.sinaddr:  198.161.203.41
Tue Jan 14 09:40:31 2003 :: Loading Draeborne.
Tue Jan 14 09:40:34 2003 :: Look out, Draeborne@198.161.203.41 has connected.
Tue Jan 14 09:46:26 2003 :: Sock.sinaddr:  213.46.101.14
Tue Jan 14 09:46:34 2003 :: Loading Anduin.
Tue Jan 14 09:46:35 2003 :: Look out, Anduin@d101014.upc-d.chello.nl has connected.
Tue Jan 14 10:07:57 2003 :: Draeborne has quit.
Tue Jan 14 10:10:28 2003 :: Sock.sinaddr:  198.161.203.41
Tue Jan 14 10:10:33 2003 :: Anduin gained level 6
Tue Jan 14 10:10:51 2003 :: Loading Draeborne.
Tue Jan 14 10:10:53 2003 :: Look out, Draeborne@198.161.203.41 has connected.
Tue Jan 14 10:11:45 2003 :: Sock.sinaddr:  216.194.99.14
Tue Jan 14 10:11:50 2003 :: Loading Dhamon.
Tue Jan 14 10:11:54 2003 :: Look out, Dhamon@mudconnector.com has connected.
Tue Jan 14 10:16:35 2003 :: Sock.sinaddr:  206.74.106.38
Tue Jan 14 10:16:40 2003 :: Loading Nokomus.
Tue Jan 14 10:16:48 2003 :: Look out, Nokomus@206.74.106.38 has connected.
Tue Jan 14 10:17:41 2003 :: Sock.sinaddr:  206.74.106.38
Tue Jan 14 10:17:45 2003 :: Loading Nokomus.
Tue Jan 14 10:17:49 2003 :: Closing link to Nokomus.
Tue Jan 14 10:17:49 2003 :: Nokomus@206.74.106.38 reconnected.
Tue Jan 14 10:19:12 2003 :: Draeborne has quit.
Tue Jan 14 10:19:15 2003 :: Sock.sinaddr:  198.161.203.41
Tue Jan 14 10:19:22 2003 :: Loading Draeborne.
Tue Jan 14 10:19:25 2003 :: Look out, Draeborne@198.161.203.41 has connected.
Tue Jan 14 10:21:12 2003 :: Sock.sinaddr:  216.194.99.14
Tue Jan 14 10:21:18 2003 :: Loading Maedhros.
Tue Jan 14 10:21:19 2003 :: Look out, Maedhros@mudconnector.com has connected.
Tue Jan 14 10:24:15 2003 :: Nokomus gained level 16
Tue Jan 14 10:30:57 2003 :: Sock.sinaddr:  65.179.240.31
Tue Jan 14 10:31:04 2003 :: Loading Morgion.
Tue Jan 14 10:31:07 2003 :: Look out, Morgion@sdn-ap-027castocP0031.dialsprint.net has connected.
Tue Jan 14 10:32:24 2003 :: Maedhros killed by A druid-in-training at 3367
Tue Jan 14 10:34:32 2003 :: EOF encountered on read.
Tue Jan 14 10:34:32 2003 :: Closing link to Draeborne.
Tue Jan 14 10:34:33 2003 :: Draeborne killed by Draeborne at 3368
Tue Jan 14 10:35:19 2003 :: Log Morgion: snoop nokomus
Tue Jan 14 10:38:30 2003 :: Anduin has quit.
Tue Jan 14 10:38:59 2003 :: Log Morgion: snoop morgion
Tue Jan 14 10:39:19 2003 :: Sock.sinaddr:  65.179.240.31
Tue Jan 14 10:39:23 2003 :: Loading Sarven.
Tue Jan 14 10:39:25 2003 :: Look out, Sarven@sdn-ap-027castocP0031.dialsprint.net has connected.
Tue Jan 14 10:48:51 2003 :: Log Morgion: restore maedh
Tue Jan 14 10:49:10 2003 :: Maedhros has quit.
Tue Jan 14 10:50:18 2003 :: Draeborne has quit.
Tue Jan 14 10:55:35 2003 :: Sarven has quit.
Tue Jan 14 10:55:39 2003 :: Morgion has quit.
Tue Jan 14 11:12:42 2003 :: Dhamon has quit.
Tue Jan 14 11:14:28 2003 :: Nokomus killed by a Palanthas guard at 3041
Tue Jan 14 11:33:31 2003 :: Nokomus gained level 17
Tue Jan 14 11:36:27 2003 :: Sock.sinaddr:  206.74.106.38
Tue Jan 14 11:36:30 2003 :: Loading Nokomus.
Tue Jan 14 11:36:36 2003 :: Closing link to Nokomus.
Tue Jan 14 11:36:36 2003 :: Nokomus@206.74.106.38 reconnected.
Tue Jan 14 11:37:14 2003 :: Sock.sinaddr:  206.74.106.38
Tue Jan 14 11:37:19 2003 :: Loading Nokomus.
Tue Jan 14 11:37:23 2003 :: Closing link to Nokomus.
Tue Jan 14 11:37:23 2003 :: Nokomus@206.74.106.38 reconnected.
Tue Jan 14 11:37:39 2003 :: Sock.sinaddr:  206.74.106.38
Tue Jan 14 11:37:43 2003 :: Loading Nokomus.
Tue Jan 14 11:37:46 2003 :: Closing link to Nokomus.
Tue Jan 14 11:37:46 2003 :: Nokomus@206.74.106.38 reconnected.
Tue Jan 14 11:41:13 2003 :: Sock.sinaddr:  206.74.106.38
Tue Jan 14 11:41:18 2003 :: EOF encountered on read.
Tue Jan 14 11:46:53 2003 :: Sock.sinaddr:  216.194.99.14
Tue Jan 14 11:46:57 2003 :: Loading Maedhros.
Tue Jan 14 11:46:58 2003 :: Look out, Maedhros@mudconnector.com has connected.
Tue Jan 14 11:47:39 2003 :: Log Maedhros: delete
Tue Jan 14 11:47:39 2003 :: Log Maedhros: delete
Tue Jan 14 11:47:41 2003 :: Sock.sinaddr:  216.194.99.14
Tue Jan 14 11:48:05 2003 :: Maedhros@mudconnector.com new player.
Tue Jan 14 11:48:29 2003 :: Nokomus has quit.
Tue Jan 14 11:50:31 2003 :: Sock.sinaddr:  216.194.99.14
Tue Jan 14 11:52:00 2003 :: Lothar@mudconnector.com new player.
Tue Jan 14 11:52:25 2003 :: Log Lothar: delete
Tue Jan 14 11:52:26 2003 :: Log Lothar: delete
Tue Jan 14 11:53:47 2003 :: Sock.sinaddr:  206.74.106.38
Tue Jan 14 11:53:50 2003 :: Loading Nokomus.
Tue Jan 14 11:53:51 2003 :: Look out, Nokomus@206.74.106.38 has connected.
Tue Jan 14 11:54:32 2003 :: Sock.sinaddr:  216.194.99.14
Tue Jan 14 11:54:57 2003 :: KickMaedhros@mudconnector.com new player.
Tue Jan 14 11:55:19 2003 :: Log KickMaedhros: delete
Tue Jan 14 11:55:20 2003 :: Log KickMaedhros: delete
Tue Jan 14 11:58:34 2003 :: EOF encountered on read.
Tue Jan 14 11:58:34 2003 :: Closing link to Maedhros.
Tue Jan 14 12:01:18 2003 :: Sock.sinaddr:  216.194.99.14
Tue Jan 14 12:01:25 2003 :: Loading Dhamon.
Tue Jan 14 12:01:29 2003 :: Look out, Dhamon@mudconnector.com has connected.
Tue Jan 14 12:07:57 2003 :: Nokomus has quit.
Tue Jan 14 12:17:26 2003 :: Sock.sinaddr:  216.194.99.14
Tue Jan 14 12:17:52 2003 :: Maedhros@mudconnector.com new player.
Tue Jan 14 12:19:00 2003 :: Sock.sinaddr:  216.194.99.14
Read_from_descriptor: Broken pipe
Tue Jan 14 12:19:11 2003 :: Sock.sinaddr:  216.194.99.14
Read_from_descriptor: Broken pipe
Tue Jan 14 12:21:52 2003 :: Sock.sinaddr:  200.46.62.240
Tue Jan 14 12:21:57 2003 :: Loading Lunitari.
Tue Jan 14 12:21:58 2003 :: Look out, Lunitari@200.46.62.240 has connected.
Tue Jan 14 12:22:02 2003 :: Lunitari gets skill trance
Tue Jan 14 12:23:47 2003 :: Dhamon has quit.
Tue Jan 14 12:24:45 2003 :: Maedhros killed by a chained criminal at 3716
Tue Jan 14 12:25:32 2003 :: Sock.sinaddr:  216.194.99.14
Read_from_descriptor: Connection reset by peer
Tue Jan 14 12:25:39 2003 :: Closing link to Lunitari.
Read_from_descriptor: Broken pipe
Tue Jan 14 12:25:46 2003 :: Sock.sinaddr:  216.194.99.14
Read_from_descriptor: Broken pipe
Tue Jan 14 12:25:55 2003 :: Sock.sinaddr:  200.46.62.240
Tue Jan 14 12:25:55 2003 :: Loading Lunitari.
Tue Jan 14 12:25:55 2003 :: Lunitari@200.46.62.240 reconnected.
Tue Jan 14 12:26:36 2003 :: Sock.sinaddr:  200.46.62.240
Tue Jan 14 12:26:36 2003 :: Loading Alucard.
Tue Jan 14 12:26:37 2003 :: Look out, Alucard@200.46.62.240 has connected.
Tue Jan 14 12:26:38 2003 :: Alucard loses skill detect invis
Tue Jan 14 12:26:38 2003 :: Alucard gets skill coldlight
Tue Jan 14 12:26:38 2003 :: Alucard gets skill resist cold
Tue Jan 14 12:26:38 2003 :: Alucard gets skill deadeye
Tue Jan 14 12:26:38 2003 :: Alucard gets skill renew bones
Tue Jan 14 12:26:38 2003 :: Alucard gets skill breath of the dead
Tue Jan 14 12:26:38 2003 :: Alucard gets skill intensify death
Tue Jan 14 12:26:38 2003 :: Alucard gets skill deafness
Tue Jan 14 12:26:38 2003 :: Alucard gets skill trance
Tue Jan 14 12:27:58 2003 :: EOF encountered on read.
Tue Jan 14 12:27:58 2003 :: Closing link to Alucard.
Tue Jan 14 12:27:58 2003 :: EOF encountered on read.
Tue Jan 14 12:27:58 2003 :: Closing link to Lunitari.
Tue Jan 14 12:35:33 2003 :: Maedhros gained level 2
Tue Jan 14 12:39:54 2003 :: Alucard killed by Alucard at 2
Tue Jan 14 12:41:33 2003 :: Sock.sinaddr:  216.194.99.14
Tue Jan 14 12:43:03 2003 :: Maedhros gained level 3
Tue Jan 14 12:44:14 2003 :: Mah@mudconnector.com new player.
Read_from_descriptor: Broken pipe
Tue Jan 14 12:44:15 2003 :: Closing link to Mah.
Tue Jan 14 12:44:24 2003 :: Alucard has quit.
Tue Jan 14 12:54:06 2003 :: Maedhros gained level 4
Tue Jan 14 12:54:15 2003 :: Maedhros has quit.
Tue Jan 14 13:23:25 2003 :: Sock.sinaddr:  24.247.67.24
Tue Jan 14 13:23:29 2003 :: Loading Hiddukel.
Tue Jan 14 13:23:31 2003 :: Look out, Hiddukel@24.247.67.24.up.mi.chartermi.net has connected.
Tue Jan 14 13:23:36 2003 :: Log Hiddukel: check
Tue Jan 14 13:23:39 2003 :: Log Hiddukel: punload lunitari
Tue Jan 14 13:23:39 2003 :: Lunitari has quit.
Tue Jan 14 13:27:14 2003 :: Sock.sinaddr:  66.183.92.24
Tue Jan 14 13:27:19 2003 :: Loading Dhamon.
Tue Jan 14 13:27:22 2003 :: Look out, Dhamon@aoh858igy38uc.bc.hsia.telus.net has connected.
Tue Jan 14 13:30:21 2003 :: Sock.sinaddr:  216.194.99.14
Tue Jan 14 13:30:25 2003 :: Loading Dhamon.
Tue Jan 14 13:30:33 2003 :: Closing link to Dhamon.
Tue Jan 14 13:30:33 2003 :: Dhamon@mudconnector.com reconnected.
Tue Jan 14 13:33:39 2003 :: Sock.sinaddr:  216.194.99.14
Tue Jan 14 13:33:43 2003 :: Loading Maedhros.
Tue Jan 14 13:33:43 2003 :: Look out, Maedhros@mudconnector.com has connected.
Tue Jan 14 13:35:16 2003 :: Sock.sinaddr:  12.107.140.42
Tue Jan 14 13:35:45 2003 :: Loading Solinari.
Tue Jan 14 13:35:47 2003 :: Look out, Solinari@42-140-107-12-pbg-ny.dialin.westelcom.com has connected.
Tue Jan 14 13:36:06 2003 :: Log Hiddukel: trans soli
Tue Jan 14 13:37:05 2003 :: Sock.sinaddr:  24.86.212.188
Tue Jan 14 13:37:12 2003 :: Loading Draeborne.
Tue Jan 14 13:37:15 2003 :: Look out, Draeborne@24.86.212.188 has connected.
Tue Jan 14 13:40:22 2003 :: Sock.sinaddr:  66.248.82.58
Tue Jan 14 13:40:22 2003 :: Loading Chemosh.
Tue Jan 14 13:40:23 2003 :: Look out, Chemosh@12-058.006.popsite.net has connected.
Tue Jan 14 13:41:51 2003 :: Dhamon has quit.
Tue Jan 14 13:43:43 2003 :: Log Hiddukel: desock 10
Tue Jan 14 13:43:43 2003 :: Closing link to Chemosh.
Tue Jan 14 13:44:11 2003 :: Maedhros has quit.
Tue Jan 14 13:45:53 2003 :: Draeborne has quit.
Tue Jan 14 13:47:24 2003 :: Sock.sinaddr:  206.74.106.38
Tue Jan 14 13:47:27 2003 :: Loading Nokomus.
Tue Jan 14 13:47:28 2003 :: Look out, Nokomus@206.74.106.38 has connected.
Tue Jan 14 13:51:41 2003 :: Sock.sinaddr:  12.107.140.42
Read_from_descriptor: Connection reset by peer
Tue Jan 14 13:58:22 2003 :: Sock.sinaddr:  66.248.83.173
Tue Jan 14 13:58:22 2003 :: Loading Chemosh.
Tue Jan 14 13:58:22 2003 :: Look out, Chemosh@13-173.006.popsite.net has connected.
Tue Jan 14 13:59:11 2003 :: Log Chemosh: change read
Tue Jan 14 13:59:20 2003 :: Log Chemosh: change read
Tue Jan 14 13:59:56 2003 :: Log Hiddukel: force soli wizi
Tue Jan 14 14:14:47 2003 :: Sock.sinaddr:  12.107.140.138
Tue Jan 14 14:14:52 2003 :: Loading Solinari.
Tue Jan 14 14:14:57 2003 :: Closing link to Solinari.
Tue Jan 14 14:14:57 2003 :: Solinari@138-140-107-12-pbg-ny.dialin.westelcom.com reconnected.
Tue Jan 14 14:15:19 2003 :: Sock.sinaddr:  12.107.140.138
Tue Jan 14 14:15:22 2003 :: EOF encountered on read.
Tue Jan 14 14:15:49 2003 :: Log Hiddukel: restore noko
Read_from_descriptor: Connection reset by peer
Tue Jan 14 14:27:14 2003 :: Closing link to Chemosh.
Tue Jan 14 14:27:59 2003 :: Log Hiddukel: snoop nok
Tue Jan 14 14:29:42 2003 :: Log Hiddukel: restore nok
Tue Jan 14 14:33:09 2003 :: Sock.sinaddr:  12.107.140.138
Tue Jan 14 14:33:11 2003 :: EOF encountered on read.
Tue Jan 14 14:35:37 2003 :: Log Hiddukel: pecho nokomus You start to feel sea sick and puke chunks everywhere.
Tue Jan 14 14:37:11 2003 :: Log Hiddukel: snoop slef
Tue Jan 14 14:37:13 2003 :: Log Hiddukel: snoop self
Tue Jan 14 14:38:28 2003 :: Log Hiddukel: force nok get light
Tue Jan 14 14:38:32 2003 :: Log Hiddukel: force nok north
Tue Jan 14 14:39:15 2003 :: Log Hiddukel: trans nokomus 3054
Tue Jan 14 14:39:20 2003 :: Log Hiddukel: trans hound nokomus
Tue Jan 14 14:39:25 2003 :: Log Hiddukel: trans 2.hound nokomus
Tue Jan 14 14:39:43 2003 :: Log Hiddukel: asperson nokomus l 3.hound
Tue Jan 14 14:39:52 2003 :: Log Hiddukel: asperson nokomus dismiss 3.hound
Tue Jan 14 14:40:07 2003 :: Log Hiddukel: asperson nokomus dismiss 3.hound
Tue Jan 14 14:40:09 2003 :: Nokomus has quit.
Tue Jan 14 14:41:03 2003 :: Solinari has quit.
Tue Jan 14 14:42:29 2003 :: Log Hiddukel: check
Tue Jan 14 14:42:32 2003 :: Log Hiddukel: punload chemosh
Tue Jan 14 14:42:32 2003 :: Chemosh has quit.
Tue Jan 14 14:44:38 2003 :: Sock.sinaddr:  66.25.72.138
Tue Jan 14 14:48:40 2003 :: Loading Prodigy.
Tue Jan 14 14:48:40 2003 :: Look out, Prodigy@cs662572-138.satx.rr.com has connected.
Tue Jan 14 14:59:10 2003 :: Sock.sinaddr:  24.86.212.188
Tue Jan 14 14:59:18 2003 :: Loading Draeborne.
Tue Jan 14 14:59:20 2003 :: Look out, Draeborne@24.86.212.188 has connected.
Tue Jan 14 15:03:24 2003 :: EOF encountered on read.
Tue Jan 14 15:03:24 2003 :: Closing link to Draeborne.
Tue Jan 14 15:05:26 2003 :: Sock.sinaddr:  68.36.14.38
Tue Jan 14 15:05:34 2003 :: Loading Atryius.
Tue Jan 14 15:05:36 2003 :: Look out, Atryius@bgp380081bgs.plnfld01.nj.comcast.net has connected.
Tue Jan 14 15:15:19 2003 :: Log Hiddukel: check
Tue Jan 14 15:15:30 2003 :: Log Hiddukel: punload draeborne
Tue Jan 14 15:15:30 2003 :: Draeborne has quit.
Tue Jan 14 15:15:35 2003 :: Log Hiddukel: check
Tue Jan 14 15:15:50 2003 :: [*****] BUG: Char_from_room: ch not found.
Tue Jan 14 15:15:56 2003 :: Log Hiddukel: purge
Tue Jan 14 15:16:02 2003 :: Log Hiddukel: pload draeborne
Tue Jan 14 15:16:02 2003 :: Loading draeborne.
Tue Jan 14 15:16:02 2003 :: [*****] BUG: Buffer overflow. Closing.

Tue Jan 14 15:16:02 2003 :: Closing link to Hiddukel.
