Tue Jan 14 15:16:58 2003 :: ROM is ready to rock on port 6100.
Tue Jan 14 15:17:01 2003 :: Sock.sinaddr:  24.247.67.24
Tue Jan 14 15:17:02 2003 :: Sock.sinaddr:  68.36.14.38
Tue Jan 14 15:17:05 2003 :: Loading Hiddukel.
Tue Jan 14 15:17:07 2003 :: Look out, Hiddukel@24.247.67.24.up.mi.chartermi.net has connected.
Tue Jan 14 15:17:18 2003 :: Loading Atryius.
Tue Jan 14 15:17:20 2003 :: Log Hiddukel: pload draeborne
Tue Jan 14 15:17:20 2003 :: Loading draeborne.
Tue Jan 14 15:17:25 2003 :: Log Hiddukel: punload draeborne
Tue Jan 14 15:17:25 2003 :: Draeborne has quit.
Tue Jan 14 15:17:26 2003 :: Look out, Atryius@bgp380081bgs.plnfld01.nj.comcast.net has connected.
Tue Jan 14 15:18:26 2003 :: Sock.sinaddr:  66.25.72.138
Tue Jan 14 15:18:28 2003 :: Loading Prodigy.
Tue Jan 14 15:18:29 2003 :: Look out, Prodigy@cs662572-138.satx.rr.com has connected.
Tue Jan 14 15:23:33 2003 :: Sock.sinaddr:  63.78.155.196
Tue Jan 14 15:23:40 2003 :: Loading Braum.
Tue Jan 14 15:23:42 2003 :: Look out, Braum@155door196.door.net has connected.
Tue Jan 14 15:23:42 2003 :: Log Hiddukel: check
Tue Jan 14 15:24:36 2003 :: Sock.sinaddr:  206.74.106.38
Tue Jan 14 15:24:38 2003 :: Loading Nokomus.
Tue Jan 14 15:24:41 2003 :: Look out, Nokomus@206.74.106.38 has connected.
Tue Jan 14 15:25:24 2003 :: Log Hiddukel: log nokomus
Tue Jan 14 15:25:37 2003 :: Log Nokomus: point hid
Tue Jan 14 15:25:40 2003 :: Log Nokomus: say you did 
Tue Jan 14 15:25:47 2003 :: Log Nokomus: look in pit
Tue Jan 14 15:26:13 2003 :: Log Nokomus: say son of a bitch
Tue Jan 14 15:26:20 2003 :: Log Nokomus: say wait a minute
Tue Jan 14 15:26:28 2003 :: Log Nokomus: say how the hell were you on there!?
Tue Jan 14 15:26:52 2003 :: Log Nokomus: say i'm hiddukel mortal test dummy
Tue Jan 14 15:27:07 2003 :: Log Nokomus: think
Tue Jan 14 15:27:15 2003 :: Log Nokomus: say i didn't see hojo
Tue Jan 14 15:27:38 2003 :: Log Nokomus: say no shit
Tue Jan 14 15:28:10 2003 :: Sock.sinaddr:  65.179.233.61
Tue Jan 14 15:28:14 2003 :: Loading Morgion.
Tue Jan 14 15:28:17 2003 :: Look out, Morgion@sdn-ap-026castocP0315.dialsprint.net has connected.
Tue Jan 14 15:28:33 2003 :: Log Nokomus: say class was cancelled they said the teacher didn't show up today
Tue Jan 14 15:28:42 2003 :: Log Nokomus: take staff
Tue Jan 14 15:29:04 2003 :: Log Nokomus: wear staff
Tue Jan 14 15:29:07 2003 :: Sock.sinaddr:  65.179.233.61
Tue Jan 14 15:29:11 2003 :: Log Nokomus: remove shield
Tue Jan 14 15:29:13 2003 :: Loading Veers.
Tue Jan 14 15:29:14 2003 :: Log Nokomus: remove bib
Tue Jan 14 15:29:16 2003 :: Look out, Veers@sdn-ap-026castocP0315.dialsprint.net has connected.
Tue Jan 14 15:29:16 2003 :: Log Nokomus: wear staff
Tue Jan 14 15:29:34 2003 :: Log Nokomus: say well sorry if i'm not a good guy
Tue Jan 14 15:29:46 2003 :: Log Hiddukel: restore all
Tue Jan 14 15:29:57 2003 :: Log Nokomus: who
Tue Jan 14 15:30:23 2003 :: Log Nokomus: say hidd i must say some of these titles are funny ass hell
Tue Jan 14 15:30:41 2003 :: Log Nokomus: epoke veer
Tue Jan 14 15:31:59 2003 :: Log Nokomus: eyepoke veewho
Tue Jan 14 15:32:01 2003 :: Log Nokomus: who
Tue Jan 14 15:32:19 2003 :: Log Nokomus: hide
Tue Jan 14 15:32:23 2003 :: Log Nokomus: hide
Tue Jan 14 15:32:25 2003 :: Log Nokomus: hide
Tue Jan 14 15:32:28 2003 :: Log Nokomus: affect
Tue Jan 14 15:32:30 2003 :: Log Nokomus: hide
Tue Jan 14 15:32:33 2003 :: Log Nokomus: skill
Tue Jan 14 15:33:00 2003 :: Log Hiddukel: reward braum 50
Tue Jan 14 15:33:15 2003 :: Veers has quit.
Tue Jan 14 15:33:26 2003 :: Morgion has quit.
Tue Jan 14 15:33:35 2003 :: Log Nokomus: lookin pit
Tue Jan 14 15:35:24 2003 :: Log Nokomus: look in pit
Tue Jan 14 15:35:29 2003 :: Log Nokomus: take dag pit
Tue Jan 14 15:35:33 2003 :: Log Nokomus: wear dag
Tue Jan 14 15:35:39 2003 :: Log Nokomus: take dag pit
Tue Jan 14 15:35:43 2003 :: Log Nokomus: wear blood
Tue Jan 14 15:35:47 2003 :: Log Nokomus: put dag pit
Tue Jan 14 15:35:51 2003 :: Log Nokomus: put dag pit
Tue Jan 14 15:36:51 2003 :: Log Nokomus: loo
Tue Jan 14 15:36:54 2003 :: Log Nokomus: who
Tue Jan 14 15:36:58 2003 :: Log Nokomus: afk
Tue Jan 14 15:40:03 2003 :: Prodigy has quit.
Tue Jan 14 15:42:38 2003 :: Log Nokomus: afk
Tue Jan 14 15:42:40 2003 :: Log Nokomus: yawn
Tue Jan 14 15:42:44 2003 :: Log Nokomus: stretch
Tue Jan 14 15:42:48 2003 :: Log Nokomus: look
Tue Jan 14 15:42:59 2003 :: Log Nokomus: say hmm i need to go get my dogs
Tue Jan 14 15:44:01 2003 :: Log Nokomus: laugh
Tue Jan 14 15:45:32 2003 :: Log Nokomus: emote blends into the shadows at the back of the room
Tue Jan 14 15:47:17 2003 :: Log Nokomus: look in pit
Tue Jan 14 15:48:19 2003 :: Log Nokomus: look at
Tue Jan 14 15:48:32 2003 :: Log Nokomus: steal royal at
Tue Jan 14 15:49:49 2003 :: Log Nokomus: emote wonders if he should throw his dagger into the backs ofthe elves
Tue Jan 14 15:51:50 2003 :: Log Nokomus: help whisper
Tue Jan 14 15:51:54 2003 :: Log Nokomus: change list
Tue Jan 14 15:52:06 2003 :: Log Nokomus: help whisper
Tue Jan 14 15:52:16 2003 :: Log Nokomus: change reaf 6
Tue Jan 14 15:52:21 2003 :: Log Nokomus: change read 6
Tue Jan 14 15:52:42 2003 :: Log Nokomus: whisper braum watch yourself
Tue Jan 14 15:53:14 2003 :: Log Nokomus: whisper braum Death lingers close
Tue Jan 14 15:53:26 2003 :: Log Nokomus: whisper at Death lingers close by
Tue Jan 14 15:53:32 2003 :: Log Nokomus: cackle
Tue Jan 14 15:53:33 2003 :: Log Nokomus: 
Tue Jan 14 15:53:35 2003 :: Log Nokomus: snbeak
Tue Jan 14 15:53:37 2003 :: Log Nokomus: sneak
Tue Jan 14 15:53:40 2003 :: Log Nokomus: sneak
Tue Jan 14 15:53:44 2003 :: Log Nokomus: sneak
Tue Jan 14 15:53:47 2003 :: Log Nokomus: sneak
Tue Jan 14 15:53:50 2003 :: Log Nokomus: 
Tue Jan 14 15:55:09 2003 :: Log Nokomus: inno
Tue Jan 14 15:55:45 2003 :: Log Nokomus: say Why kill what keeps more worthless dogs away?
Tue Jan 14 15:56:34 2003 :: Log Nokomus: say Then kill something worth killing like the clerics and nobles of this town
Tue Jan 14 15:56:41 2003 :: Sock.sinaddr:  24.29.79.142
Tue Jan 14 15:56:43 2003 :: Loading Jessca.
Tue Jan 14 15:56:43 2003 :: Look out, Jessca@alb-24-29-79-142.nycap.rr.com has connected.
Tue Jan 14 15:56:51 2003 :: Log Nokomus: look jes
Tue Jan 14 15:58:25 2003 :: Log Nokomus: say Bah! You kill what is not need to be killed
Tue Jan 14 15:59:02 2003 :: Log Nokomus: say True enough
Tue Jan 14 15:59:07 2003 :: Log Nokomus: look
Tue Jan 14 16:00:11 2003 :: Log Nokomus: say 100 hp
Tue Jan 14 16:00:19 2003 :: Log Nokomus: say very nice
Tue Jan 14 16:00:24 2003 :: Log Nokomus: chuckle
Tue Jan 14 16:00:48 2003 :: Log Nokomus: bow jes
Tue Jan 14 16:01:01 2003 :: Log Nokomus: whjo
Tue Jan 14 16:01:03 2003 :: Atryius has quit.
Tue Jan 14 16:01:03 2003 :: Log Nokomus: who
Tue Jan 14 16:01:16 2003 :: Log Nokomus: say I thought you guys were gonna go fight
Tue Jan 14 16:01:31 2003 :: Log Nokomus: say puss
Tue Jan 14 16:01:47 2003 :: Log Nokomus: say If you fear death then you shall never gain anything
Tue Jan 14 16:02:03 2003 :: Log Nokomus: i
Tue Jan 14 16:02:12 2003 :: Log Nokomus: wear light
Tue Jan 14 16:02:47 2003 :: Log Nokomus: nod
Tue Jan 14 16:02:49 2003 :: Jessca has quit.
Tue Jan 14 16:05:14 2003 :: Log Nokomus: drink bar
Tue Jan 14 16:05:17 2003 :: Log Nokomus: drink bar
Tue Jan 14 16:05:20 2003 :: Log Nokomus: drink bar
Tue Jan 14 16:05:23 2003 :: Log Nokomus: eat pie
Tue Jan 14 16:05:24 2003 :: Log Nokomus: eat pie
Tue Jan 14 16:11:12 2003 :: Log Nokomus: save
Tue Jan 14 16:12:49 2003 :: Log Nokomus: quitquit
Tue Jan 14 16:12:51 2003 :: Log Nokomus: quit
Tue Jan 14 16:12:51 2003 :: Nokomus has quit.
Tue Jan 14 16:35:12 2003 :: Sock.sinaddr:  65.178.73.21
Tue Jan 14 16:35:15 2003 :: Loading Morgion.
Tue Jan 14 16:35:18 2003 :: Look out, Morgion@sdn-ap-020castocP0275.dialsprint.net has connected.
Tue Jan 14 16:35:26 2003 :: Sock.sinaddr:  66.248.84.206
Tue Jan 14 16:35:26 2003 :: Loading Chemosh.
Tue Jan 14 16:35:26 2003 :: Look out, Chemosh@14-206.006.popsite.net has connected.
Tue Jan 14 16:35:33 2003 :: Log Chemosh: who
Tue Jan 14 16:36:24 2003 :: Sock.sinaddr:  65.178.73.21
Tue Jan 14 16:36:27 2003 :: Loading Veers.
Tue Jan 14 16:36:31 2003 :: Look out, Veers@sdn-ap-020castocP0275.dialsprint.net has connected.
Tue Jan 14 16:36:53 2003 :: Veers has quit.
Tue Jan 14 16:36:57 2003 :: Sock.sinaddr:  65.178.73.21
Tue Jan 14 16:37:00 2003 :: Loading Sarven.
Tue Jan 14 16:37:03 2003 :: Look out, Sarven@sdn-ap-020castocP0275.dialsprint.net has connected.
Tue Jan 14 16:41:44 2003 :: Sock.sinaddr:  216.194.99.14
Tue Jan 14 16:41:51 2003 :: Loading Maedhros.
Tue Jan 14 16:41:52 2003 :: Look out, Maedhros@mudconnector.com has connected.
Tue Jan 14 16:42:21 2003 :: Maedhros has quit.
Tue Jan 14 16:59:23 2003 :: Log Morgion: apurge sarven
Tue Jan 14 16:59:38 2003 :: Log Morgion: apurge sarven
Tue Jan 14 17:03:49 2003 :: Braum has quit.
Tue Jan 14 17:05:45 2003 :: Sarven killed by Kitiara uth Matar at 17846
Tue Jan 14 17:30:58 2003 :: Sock.sinaddr:  63.78.155.196
Tue Jan 14 17:31:34 2003 :: Sock.sinaddr:  12.107.143.157
Tue Jan 14 17:31:36 2003 :: EOF encountered on read.
Tue Jan 14 17:32:49 2003 :: EOF encountered on read.
Tue Jan 14 17:35:43 2003 :: Sock.sinaddr:  63.78.155.196
Tue Jan 14 17:35:56 2003 :: EOF encountered on read.
Tue Jan 14 17:36:05 2003 :: Sarven has quit.
Tue Jan 14 17:36:16 2003 :: Morgion has quit.
Tue Jan 14 17:36:43 2003 :: Sock.sinaddr:  63.78.155.196
Tue Jan 14 17:36:55 2003 :: Loading Thaylia.
Tue Jan 14 17:36:58 2003 :: Look out, Thaylia@155door196.door.net has connected.
Tue Jan 14 17:42:06 2003 :: Sock.sinaddr:  206.74.106.38
Tue Jan 14 17:42:12 2003 :: Loading Nokomus.
Tue Jan 14 17:42:14 2003 :: Look out, Nokomus@206.74.106.38 has connected.
Tue Jan 14 17:42:18 2003 :: Log Nokomus: who
Tue Jan 14 17:42:30 2003 :: Log Nokomus: yell son of a bitch!
Tue Jan 14 17:42:32 2003 :: Log Nokomus: save
Tue Jan 14 17:42:44 2003 :: Log Nokomus: quit
Tue Jan 14 17:42:44 2003 :: Nokomus has quit.
Tue Jan 14 17:49:46 2003 :: Sock.sinaddr:  68.144.213.62
Tue Jan 14 17:49:47 2003 :: Loading Torianis.
Tue Jan 14 17:49:48 2003 :: Look out, Torianis@h68-144-213-62.cg.shawcable.net has connected.
Tue Jan 14 17:52:02 2003 :: Torianis has quit.
Tue Jan 14 18:03:33 2003 :: Sock.sinaddr:  68.144.213.62
Tue Jan 14 18:03:35 2003 :: Loading Torianis.
Tue Jan 14 18:03:35 2003 :: Look out, Torianis@h68-144-213-62.cg.shawcable.net has connected.
Tue Jan 14 18:04:27 2003 :: Thaylia has quit.
Tue Jan 14 18:13:59 2003 :: Torianis has quit.
Tue Jan 14 18:17:36 2003 :: Sock.sinaddr:  63.78.155.196
Tue Jan 14 18:17:43 2003 :: Loading Thaylia.
Tue Jan 14 18:17:47 2003 :: Look out, Thaylia@155door196.door.net has connected.
Tue Jan 14 18:27:45 2003 :: Sock.sinaddr:  130.215.238.33
Tue Jan 14 18:28:44 2003 :: Stype@stype.org new player.
Tue Jan 14 18:30:51 2003 :: Sock.sinaddr:  130.215.238.33
Tue Jan 14 18:31:03 2003 :: EOF encountered on read.
Tue Jan 14 18:31:03 2003 :: Closing link to Stype.
Tue Jan 14 18:36:12 2003 :: Sock.sinaddr:  216.194.99.14
Tue Jan 14 18:36:16 2003 :: Loading Dhamon.
Tue Jan 14 18:36:20 2003 :: Look out, Dhamon@mudconnector.com has connected.
Tue Jan 14 18:51:23 2003 :: Log Hiddukel: restore dham
Tue Jan 14 18:51:42 2003 :: Log Hiddukel: check
Tue Jan 14 18:53:48 2003 :: Sock.sinaddr:  168.122.236.39
Tue Jan 14 18:53:53 2003 :: Loading Habbakuk.
Tue Jan 14 18:53:56 2003 :: Look out, Habbakuk@comm700-c1201-dhcp039.bu.edu has connected.
Tue Jan 14 18:58:38 2003 :: Log Chemosh: imm studying for finals =/
Tue Jan 14 18:58:40 2003 :: Log Chemosh: who
Tue Jan 14 18:59:04 2003 :: Thaylia gained level 5
Tue Jan 14 18:59:29 2003 :: Log Chemosh: imm yuh
Tue Jan 14 18:59:58 2003 :: Log Chemosh: imm chemistry right now
Tue Jan 14 19:00:37 2003 :: Dhamon gained level 8
Tue Jan 14 19:00:48 2003 :: Log Chemosh: imm then tomorrow night i hafta study for physics, fun...
Tue Jan 14 19:01:33 2003 :: Log Chemosh: imm oh well, at least i got my 2 worst finals over with...
Tue Jan 14 19:02:03 2003 :: Log Chemosh: clantalk {r({RS{Doldier{r){w:{G pre-calc and us history ap
Tue Jan 14 19:02:07 2003 :: Log Chemosh: imm pre-calc and us history ap
Tue Jan 14 19:02:29 2003 :: Log Chemosh: imm eventho i prolly flunked em...
Tue Jan 14 19:03:01 2003 :: Log Chemosh: imm just cant remember couple hundred pages worth of stuff, ya know
Tue Jan 14 19:17:31 2003 :: Log Chemosh: goto thay
Tue Jan 14 19:17:34 2003 :: Log Chemosh: lo thay
Tue Jan 14 19:17:43 2003 :: Log Chemosh: tip
Tue Jan 14 19:17:50 2003 :: Log Chemosh: 'try removing your shield
Tue Jan 14 19:18:04 2003 :: Log Chemosh: smile
Tue Jan 14 19:18:07 2003 :: Log Chemosh: pat thay
Tue Jan 14 19:18:12 2003 :: Log Chemosh: 'any other questions?
Tue Jan 14 19:18:13 2003 :: Log Chemosh: lo
Tue Jan 14 19:18:28 2003 :: Log Chemosh: 'cool
Tue Jan 14 19:18:29 2003 :: Log Chemosh: wave
Tue Jan 14 19:18:31 2003 :: Log Chemosh: lo
Tue Jan 14 19:18:37 2003 :: Log Chemosh: goto 1214
Tue Jan 14 19:20:09 2003 :: Log Chemosh: who
Tue Jan 14 19:20:17 2003 :: Log Chemosh: sock
Tue Jan 14 19:20:29 2003 :: Log Chemosh: user
Tue Jan 14 19:20:48 2003 :: Dhamon has quit.
Tue Jan 14 19:23:10 2003 :: Sock.sinaddr:  68.36.14.38
Tue Jan 14 19:23:19 2003 :: Loading Atryius.
Tue Jan 14 19:23:19 2003 :: Look out, Atryius@bgp380081bgs.plnfld01.nj.comcast.net has connected.
Tue Jan 14 19:32:21 2003 :: Log Habbakuk: asave area
Tue Jan 14 19:43:20 2003 :: Thaylia killed by a wild boar at 14906
Tue Jan 14 19:45:01 2003 :: Log Chemosh: wizh
Tue Jan 14 19:45:38 2003 :: Log Chemosh: who
Tue Jan 14 19:46:01 2003 :: Log Habbakuk: asave area
Tue Jan 14 19:53:57 2003 :: Sock.sinaddr:  64.77.156.100
Tue Jan 14 19:53:59 2003 :: Loading Ladron.
Tue Jan 14 19:54:01 2003 :: Look out, Ladron@d036.as0.mdsn.in.voyager.net has connected.
Tue Jan 14 19:56:50 2003 :: Ladron has quit.
Tue Jan 14 19:56:51 2003 :: Log Hiddukel: asperson lad grou
Tue Jan 14 19:56:54 2003 :: Sock.sinaddr:  64.77.156.100
Tue Jan 14 19:56:58 2003 :: Loading Ladron.
Tue Jan 14 19:56:59 2003 :: Look out, Ladron@d036.as0.mdsn.in.voyager.net has connected.
Tue Jan 14 19:57:46 2003 :: Ladron has quit.
Tue Jan 14 19:57:49 2003 :: Sock.sinaddr:  64.77.156.100
Tue Jan 14 19:57:51 2003 :: Loading Ladron.
Tue Jan 14 19:57:52 2003 :: Look out, Ladron@d036.as0.mdsn.in.voyager.net has connected.
Tue Jan 14 19:57:59 2003 :: Log Habbakuk: purge
Tue Jan 14 20:01:06 2003 :: Log Habbakuk: asave area
Tue Jan 14 20:01:54 2003 :: Ladron has quit.
Tue Jan 14 20:01:57 2003 :: Sock.sinaddr:  64.77.156.100
Tue Jan 14 20:02:00 2003 :: Loading Ladron.
Tue Jan 14 20:02:01 2003 :: Look out, Ladron@d036.as0.mdsn.in.voyager.net has connected.
Tue Jan 14 20:03:32 2003 :: Sock.sinaddr:  66.25.72.138
Tue Jan 14 20:03:36 2003 :: Loading Prodigy.
Tue Jan 14 20:03:36 2003 :: Look out, Prodigy@cs662572-138.satx.rr.com has connected.
Tue Jan 14 20:04:30 2003 :: Sock.sinaddr:  65.179.232.111
Tue Jan 14 20:04:34 2003 :: Loading Morgion.
Tue Jan 14 20:04:37 2003 :: Look out, Morgion@sdn-ap-026castocP0111.dialsprint.net has connected.
Tue Jan 14 20:04:51 2003 :: Atryius has quit.
Tue Jan 14 20:08:53 2003 :: Log Hiddukel: purge
Tue Jan 14 20:08:56 2003 :: Log Hiddukel: apurge lad
Tue Jan 14 20:09:15 2003 :: Log Hiddukel: trans lad
Tue Jan 14 20:09:48 2003 :: Log Hiddukel: asperson lad grou
Tue Jan 14 20:10:02 2003 :: Ladron has quit.
Tue Jan 14 20:10:05 2003 :: Sock.sinaddr:  64.77.156.100
Tue Jan 14 20:10:11 2003 :: Closing link to Ladrone.
Tue Jan 14 20:10:14 2003 :: Sock.sinaddr:  64.77.156.100
Tue Jan 14 20:10:17 2003 :: Loading Ladron.
Tue Jan 14 20:10:18 2003 :: Look out, Ladron@d036.as0.mdsn.in.voyager.net has connected.
Tue Jan 14 20:11:14 2003 :: Prodigy has quit.
Tue Jan 14 20:11:39 2003 :: Morgion has quit.
Tue Jan 14 20:13:52 2003 :: Hiddukel has quit.
Tue Jan 14 20:21:51 2003 :: Habbakuk has quit.
Tue Jan 14 20:43:28 2003 :: Thaylia has quit.
Tue Jan 14 20:44:40 2003 :: Log Chemosh: sock
Tue Jan 14 20:44:48 2003 :: Log Chemosh: reply hey
Tue Jan 14 20:48:43 2003 :: Sock.sinaddr:  216.194.99.14
Tue Jan 14 20:48:48 2003 :: Sock.sinaddr:  216.194.99.14
Tue Jan 14 20:48:52 2003 :: Loading Maedhros.
Tue Jan 14 20:48:52 2003 :: Look out, Maedhros@mudconnector.com has connected.
Tue Jan 14 20:50:14 2003 :: Log Chemosh: reply lol
Tue Jan 14 20:52:35 2003 :: Maedhros gained level 5
Tue Jan 14 20:53:23 2003 :: Log Chemosh: reply prolly
Tue Jan 14 20:59:18 2003 :: Log Chemosh: reply lol
Tue Jan 14 21:02:15 2003 :: Log Chemosh: reply true true
Tue Jan 14 21:03:59 2003 :: Sock.sinaddr:  172.156.56.122
Tue Jan 14 21:05:38 2003 :: Log Chemosh: reply not really, i donno how it works
Tue Jan 14 21:05:40 2003 :: Log Chemosh: owhere boat
Tue Jan 14 21:05:46 2003 :: Log Chemosh: who
Tue Jan 14 21:05:52 2003 :: Log Chemosh: user
Tue Jan 14 21:06:00 2003 :: Log Chemosh: reply just note hidd about it or somethin
Tue Jan 14 21:06:37 2003 :: Maedhros has quit.
Tue Jan 14 21:08:13 2003 :: Altessa@AC9C387A.ipt.aol.com new player.
Tue Jan 14 21:08:17 2003 :: Log Chemosh: reply where are u right now?
Tue Jan 14 21:08:18 2003 :: Log Chemosh: lo
Tue Jan 14 21:08:20 2003 :: Log Chemosh: goto ladr
Tue Jan 14 21:08:29 2003 :: Log Chemosh: sca
Tue Jan 14 21:08:30 2003 :: Log Chemosh: where
Tue Jan 14 21:08:33 2003 :: Log Chemosh: 'how did you get here?
Tue Jan 14 21:08:49 2003 :: Log Chemosh: lo
Tue Jan 14 21:09:02 2003 :: Log Chemosh: 'how does this boat thing work..?
Tue Jan 14 21:09:03 2003 :: Log Chemosh: list
Tue Jan 14 21:09:04 2003 :: Log Chemosh: 
Tue Jan 14 21:09:05 2003 :: Log Chemosh: 
Tue Jan 14 21:09:07 2003 :: Log Chemosh: 
Tue Jan 14 21:09:13 2003 :: Log Chemosh: 'just go south?
Tue Jan 14 21:09:16 2003 :: Log Chemosh: open south
Tue Jan 14 21:09:21 2003 :: Log Chemosh: unl south
Tue Jan 14 21:09:23 2003 :: Log Chemosh: lo
Tue Jan 14 21:09:28 2003 :: Log Chemosh: 
Tue Jan 14 21:09:28 2003 :: Log Chemosh: 
Tue Jan 14 21:09:34 2003 :: Log Chemosh: lo
Tue Jan 14 21:09:36 2003 :: Log Chemosh: 
Tue Jan 14 21:09:39 2003 :: Log Chemosh: 
Tue Jan 14 21:09:44 2003 :: Log Chemosh: nod
Tue Jan 14 21:09:49 2003 :: Log Chemosh: 'just wait some more i think
Tue Jan 14 21:09:51 2003 :: Log Chemosh: lo
Tue Jan 14 21:09:52 2003 :: Log Chemosh: 
Tue Jan 14 21:09:54 2003 :: Log Chemosh: 
Tue Jan 14 21:09:56 2003 :: Log Chemosh: 
Tue Jan 14 21:09:58 2003 :: Log Chemosh: 
Tue Jan 14 21:09:58 2003 :: Log Chemosh: 
Tue Jan 14 21:09:59 2003 :: Log Chemosh: 
Tue Jan 14 21:10:04 2003 :: Log Chemosh: 'yah, the south just opened
Tue Jan 14 21:10:09 2003 :: Log Chemosh: 'its coming
Tue Jan 14 21:10:47 2003 :: Log Chemosh: lo
Tue Jan 14 21:10:59 2003 :: Log Chemosh: 
Tue Jan 14 21:11:00 2003 :: Log Chemosh: 
Tue Jan 14 21:11:02 2003 :: Log Chemosh: 
Tue Jan 14 21:11:02 2003 :: Log Chemosh: 
Tue Jan 14 21:11:03 2003 :: Log Chemosh: 
Tue Jan 14 21:11:04 2003 :: Log Chemosh: list
Tue Jan 14 21:11:05 2003 :: Log Chemosh: 
Tue Jan 14 21:11:08 2003 :: Log Chemosh: 'its coming i think
Tue Jan 14 21:11:11 2003 :: Log Chemosh: 'just a lil longer
Tue Jan 14 21:14:56 2003 :: Log Chemosh: reply lol
Tue Jan 14 21:16:34 2003 :: Log Chemosh: lo
Tue Jan 14 21:16:39 2003 :: Log Chemosh: got 1214
Tue Jan 14 21:16:41 2003 :: Log Chemosh: who
Tue Jan 14 21:26:40 2003 :: Sock.sinaddr:  68.50.246.175
Tue Jan 14 21:26:43 2003 :: Loading Kirith.
Tue Jan 14 21:26:45 2003 :: Look out, Kirith@pcp01652371pcs.manass01.va.comcast.net has connected.
Tue Jan 14 21:28:58 2003 :: [*****] BUG: Affect_modify: unknown location 256.
Tue Jan 14 21:29:01 2003 :: [*****] BUG: Affect_location_name: unknown location 256.
Tue Jan 14 21:30:44 2003 :: [*****] BUG: Affect_location_name: unknown location 256.
Tue Jan 14 21:30:49 2003 :: [*****] BUG: Affect_location_name: unknown location 256.
Tue Jan 14 21:32:00 2003 :: [*****] BUG: Affect_location_name: unknown location 256.
Tue Jan 14 21:32:15 2003 :: [*****] BUG: Affect_location_name: unknown location 256.
Tue Jan 14 21:33:59 2003 :: Sock.sinaddr:  68.144.213.62
Tue Jan 14 21:34:01 2003 :: Loading Torianis.
Tue Jan 14 21:34:02 2003 :: Look out, Torianis@h68-144-213-62.cg.shawcable.net has connected.
Tue Jan 14 21:35:05 2003 :: [*****] BUG: Affect_modify: unknown location 256.
Tue Jan 14 21:43:04 2003 :: Sock.sinaddr:  68.50.246.175
Tue Jan 14 21:43:18 2003 :: Loading Gilean.
Tue Jan 14 21:43:19 2003 :: Look out, Gilean@pcp01652371pcs.manass01.va.comcast.net has connected.
Tue Jan 14 21:44:30 2003 :: Log Chemosh: imm lo
Tue Jan 14 21:55:32 2003 :: h68-144-213-62.cg.shawcable.net input spamming!
Tue Jan 14 21:55:38 2003 :: h68-144-213-62.cg.shawcable.net input spamming!
Tue Jan 14 21:55:44 2003 :: h68-144-213-62.cg.shawcable.net input spamming!
Tue Jan 14 21:55:51 2003 :: h68-144-213-62.cg.shawcable.net input spamming!
Tue Jan 14 21:55:57 2003 :: h68-144-213-62.cg.shawcable.net input spamming!
Tue Jan 14 21:58:32 2003 :: Ladron gained level 28
Tue Jan 14 21:59:48 2003 :: Sock.sinaddr:  172.166.98.60
Tue Jan 14 22:00:36 2003 :: Closing link to Koren.
Tue Jan 14 22:00:39 2003 :: Sock.sinaddr:  172.166.98.60
Tue Jan 14 22:01:02 2003 :: Closing link to Guido.
Tue Jan 14 22:01:04 2003 :: Sock.sinaddr:  172.166.98.60
Tue Jan 14 22:02:18 2003 :: EOF encountered on read.
Tue Jan 14 22:02:18 2003 :: Closing link to Xavier.
Tue Jan 14 22:02:26 2003 :: Sock.sinaddr:  172.166.98.60
Tue Jan 14 22:05:29 2003 :: EOF encountered on read.
Tue Jan 14 22:07:11 2003 :: Sock.sinaddr:  172.131.83.177
Tue Jan 14 22:08:37 2003 :: Altessa@AC8353B1.ipt.aol.com new player.
Tue Jan 14 22:21:56 2003 :: Log Chemosh: imm type wizi again
Tue Jan 14 22:21:56 2003 :: Log Chemosh: who
Tue Jan 14 22:22:06 2003 :: Log Chemosh: imm in ur case, inco
Tue Jan 14 22:22:08 2003 :: Log Chemosh: who
Tue Jan 14 22:23:53 2003 :: Sock.sinaddr:  66.25.72.138
Tue Jan 14 22:24:45 2003 :: Loading Prodigy.
Tue Jan 14 22:24:46 2003 :: Look out, Prodigy@cs662572-138.satx.rr.com has connected.
Tue Jan 14 22:25:54 2003 :: Prodigy has quit.
Tue Jan 14 22:30:01 2003 :: Log Chemosh: imm transfer
Tue Jan 14 22:32:41 2003 :: Log Chemosh: imm *nod*
Tue Jan 14 22:35:35 2003 :: Torianis has quit.
Tue Jan 14 22:41:24 2003 :: Log Chemosh: goto gil
Tue Jan 14 22:41:35 2003 :: Log Chemosh: 'wat mob?
Tue Jan 14 22:41:44 2003 :: Log Chemosh: 'why?
Tue Jan 14 22:42:13 2003 :: Log Chemosh: trans elflord
Tue Jan 14 22:42:14 2003 :: Log Chemosh: lo
Tue Jan 14 22:42:27 2003 :: Log Chemosh: nod
Tue Jan 14 22:42:28 2003 :: Log Chemosh: tip
Tue Jan 14 22:42:31 2003 :: Log Chemosh: goto 1214
Tue Jan 14 22:52:55 2003 :: Sock.sinaddr:  65.179.241.79
Tue Jan 14 22:52:56 2003 :: Loading Morgion.
Tue Jan 14 22:52:58 2003 :: Look out, Morgion@sdn-ap-027castocP0333.dialsprint.net has connected.
Tue Jan 14 22:53:44 2003 :: Log Morgion: snoop kirith
Tue Jan 14 22:54:56 2003 :: Log Morgion: snoop morgion
Tue Jan 14 22:56:19 2003 :: Sock.sinaddr:  65.179.241.79
Tue Jan 14 22:56:22 2003 :: Loading Sarven.
Tue Jan 14 22:56:24 2003 :: Look out, Sarven@sdn-ap-027castocP0333.dialsprint.net has connected.
Tue Jan 14 22:57:58 2003 :: Altessa gained level 2
Tue Jan 14 23:05:52 2003 :: Altessa has quit.
Tue Jan 14 23:28:30 2003 :: Log Chemosh: reply hey
Tue Jan 14 23:29:34 2003 :: Kirith has quit.
Tue Jan 14 23:29:37 2003 :: Sock.sinaddr:  216.194.99.14
Read_from_descriptor: Broken pipe
Tue Jan 14 23:30:23 2003 :: Log Chemosh: reply just really busy these days
Tue Jan 14 23:30:40 2003 :: Log Chemosh: reply dead week, final week, all that shit
Tue Jan 14 23:31:43 2003 :: Log Chemosh: reply it bites
Tue Jan 14 23:36:18 2003 :: Log Chemosh: reply yah, bad memory stick
Tue Jan 14 23:39:19 2003 :: Log Morgion: asperson gilean poofin
Tue Jan 14 23:42:11 2003 :: Ladron has quit.
Tue Jan 14 23:42:24 2003 :: Sock.sinaddr:  65.234.34.50
Tue Jan 14 23:42:24 2003 :: Loading Falcor.
Tue Jan 14 23:42:24 2003 :: Look out, Falcor@1Cust50.tnt3.mccomb.oh.da.uu.net has connected.
Tue Jan 14 23:42:53 2003 :: Log Morgion: force gil help opedit
Tue Jan 14 23:55:01 2003 :: Log Gilean: string short (Ancient) Armor of {wGrey {wMist {x
Tue Jan 14 23:55:23 2003 :: Log Gilean: string plate short (Ancient) Armor of {wGrey {wMist {x
Tue Jan 14 23:55:53 2003 :: Log Gilean: string obj plate short (Ancient) Armor of {wGrey {wMist{x
Tue Jan 14 23:56:11 2003 :: Log Gilean: string obj plate name armor
Tue Jan 14 23:56:51 2003 :: Log Gilean: string obj plate long Grey mists swirl into what appears to be armor.
Tue Jan 14 23:57:12 2003 :: Log Gilean: string obj
Tue Jan 14 23:57:36 2003 :: Log Gilean: string obj armor long Grey mists swirl into what appears to be armor.
Wed Jan 15 00:16:38 2003 :: Log Morgion: string obj sword short {ySword{x {Dof{x {yMorgion
Wed Jan 15 00:16:44 2003 :: Log Morgion: string obj sword short {ySword{x {Dof{x {yMorgion{x
Wed Jan 15 00:24:14 2003 :: Log Morgion: snoop gil
Wed Jan 15 00:28:44 2003 :: Sock.sinaddr:  35.12.23.72
Wed Jan 15 00:28:49 2003 :: Loading Kaillen.
Wed Jan 15 00:28:54 2003 :: Look out, Kaillen@pm839-20.dialip.mich.net has connected.
Wed Jan 15 00:34:01 2003 :: Log Morgion: snoop morgion
Wed Jan 15 00:36:07 2003 :: Sock.sinaddr:  66.248.84.55
Wed Jan 15 00:36:07 2003 :: Loading Chemosh.
Wed Jan 15 00:36:08 2003 :: Closing link to Chemosh.
Wed Jan 15 00:36:08 2003 :: Chemosh@14-055.006.popsite.net reconnected.
Wed Jan 15 00:38:03 2003 :: Log Gilean: switch cleric
Wed Jan 15 00:38:44 2003 :: Sock.sinaddr:  35.12.23.139
Wed Jan 15 00:38:49 2003 :: Loading Kaillen.
Wed Jan 15 00:38:54 2003 :: Closing link to Kaillen.
Wed Jan 15 00:38:54 2003 :: Kaillen@pm840-37.dialip.mich.net reconnected.
Wed Jan 15 00:39:52 2003 :: Log Morgion: switch gully
Wed Jan 15 00:40:11 2003 :: Log Gilean: switch gully
Wed Jan 15 00:40:53 2003 :: Falcor has quit.
Wed Jan 15 00:41:46 2003 :: Log Gilean: switch gully
Wed Jan 15 00:57:29 2003 :: Log Morgion: switch gully
Wed Jan 15 00:58:57 2003 :: Log Gilean: switch cleric
Wed Jan 15 01:00:02 2003 :: Log Gilean: switch cleric
Wed Jan 15 01:02:04 2003 :: Gilean has quit.
Wed Jan 15 01:04:19 2003 :: Sarven has quit.
Wed Jan 15 01:04:23 2003 :: Sock.sinaddr:  65.179.241.79
Wed Jan 15 01:04:26 2003 :: Loading Rey.
Wed Jan 15 01:04:28 2003 :: Look out, Rey@sdn-ap-027castocP0333.dialsprint.net has connected.
Wed Jan 15 01:08:58 2003 :: Log Chemosh: who
Wed Jan 15 01:09:00 2003 :: Log Chemosh: sock
Wed Jan 15 01:12:36 2003 :: Log Morgion: apurge rey
Wed Jan 15 01:13:33 2003 :: Log Morgion: apurge lai
Wed Jan 15 01:13:38 2003 :: Log Morgion: apurge kai
Wed Jan 15 01:15:09 2003 :: Sock.sinaddr:  216.194.99.14
Wed Jan 15 01:15:09 2003 :: EOF encountered on read.
Wed Jan 15 01:18:12 2003 :: Log Morgion: restore kai
Wed Jan 15 01:18:15 2003 :: Log Morgion: restore rey
Wed Jan 15 01:21:03 2003 :: sdn-ap-027castocP0333.dialsprint.net input spamming!
Wed Jan 15 01:22:05 2003 :: Sock.sinaddr:  35.12.23.228
Wed Jan 15 01:22:09 2003 :: Loading Kaillen.
Wed Jan 15 01:22:14 2003 :: Closing link to Kaillen.
Wed Jan 15 01:22:14 2003 :: Kaillen@pm842-26.dialip.mich.net reconnected.
Wed Jan 15 01:33:21 2003 :: sdn-ap-027castocP0333.dialsprint.net input spamming!
Wed Jan 15 01:34:02 2003 :: Kaillen gained level 25
Wed Jan 15 01:43:23 2003 :: [*****] BUG: Set_fighting: already fighting
Wed Jan 15 01:45:56 2003 :: [*****] BUG: Set_fighting: already fighting
Wed Jan 15 01:46:02 2003 :: sdn-ap-027castocP0333.dialsprint.net input spamming!
Wed Jan 15 01:46:06 2003 :: [*****] BUG: Set_fighting: already fighting
Wed Jan 15 01:51:59 2003 :: sdn-ap-027castocP0333.dialsprint.net input spamming!
Wed Jan 15 01:52:29 2003 :: Log Morgion: restore rey
Wed Jan 15 01:52:38 2003 :: Log Morgion: restore kai
Wed Jan 15 01:55:18 2003 :: [*****] BUG: Set_fighting: already fighting
Wed Jan 15 01:55:33 2003 :: [*****] BUG: Set_fighting: already fighting
Wed Jan 15 01:55:56 2003 :: [*****] BUG: Set_fighting: already fighting
Wed Jan 15 01:56:39 2003 :: sdn-ap-027castocP0333.dialsprint.net input spamming!
Wed Jan 15 01:56:51 2003 :: [*****] BUG: Set_fighting: already fighting
Wed Jan 15 01:57:21 2003 :: Log Morgion: restore all
Wed Jan 15 01:57:26 2003 :: Log Morgion: restore kai
Wed Jan 15 01:57:29 2003 :: Log Morgion: restore rey
Wed Jan 15 01:58:07 2003 :: sdn-ap-027castocP0333.dialsprint.net input spamming!
Wed Jan 15 01:58:08 2003 :: [*****] BUG: Set_fighting: already fighting
Wed Jan 15 01:58:40 2003 :: Log Morgion: restore rey
Wed Jan 15 01:58:42 2003 :: Log Morgion: restore kai
Wed Jan 15 02:00:07 2003 :: Log Morgion: apurge rey
Wed Jan 15 02:08:20 2003 :: Rey gained level 28
Wed Jan 15 02:09:47 2003 :: [*****] BUG: Set_fighting: already fighting
Wed Jan 15 02:21:20 2003 :: Log Morgion: protect morgion
Wed Jan 15 02:21:36 2003 :: Log Morgion: protect morgion
Wed Jan 15 02:21:46 2003 :: Log Morgion: protect morgion
Wed Jan 15 02:24:08 2003 :: Kaillen gained level 26
Wed Jan 15 02:33:28 2003 :: Log Chemosh: imm yah, i finished about 35% of my chem hw =P
Wed Jan 15 02:33:29 2003 :: Log Chemosh: who
Wed Jan 15 02:33:37 2003 :: Log Chemosh: imm and its umm.. almost 2 am, lol
Wed Jan 15 02:35:44 2003 :: Log Chemosh: imm yep
Wed Jan 15 02:37:51 2003 :: Log Chemosh: imm these pos take forever
Wed Jan 15 02:40:00 2003 :: Log Chemosh: imm lol
Wed Jan 15 02:46:40 2003 :: Rey has quit.
Wed Jan 15 02:47:06 2003 :: Morgion has quit.
Wed Jan 15 02:47:51 2003 :: Log Chemosh: imm later
Wed Jan 15 02:47:51 2003 :: Log Chemosh: who
Wed Jan 15 02:53:18 2003 :: Sock.sinaddr:  66.248.84.55
Read_from_descriptor: Connection reset by peer
Wed Jan 15 03:50:50 2003 :: Kaillen has quit.
Wed Jan 15 03:58:05 2003 :: Sock.sinaddr:  172.138.8.140
Wed Jan 15 03:58:13 2003 :: Loading Leigh.
Wed Jan 15 03:58:15 2003 :: Look out, Leigh@AC8A088C.ipt.aol.com has connected.
Wed Jan 15 03:58:58 2003 :: Leigh has quit.
Wed Jan 15 04:51:51 2003 :: Log Chemosh: quit
Wed Jan 15 04:51:51 2003 :: Chemosh has quit.
Wed Jan 15 07:39:08 2003 :: Sock.sinaddr:  216.194.99.14
Wed Jan 15 07:39:12 2003 :: Loading Dhamon.
Wed Jan 15 07:39:16 2003 :: Look out, Dhamon@mudconnector.com has connected.
Wed Jan 15 07:44:57 2003 :: Dhamon gained level 9
Wed Jan 15 07:46:39 2003 :: Dhamon killed by Crysania at 3005
Wed Jan 15 08:16:16 2003 :: Sock.sinaddr:  66.56.107.107
Wed Jan 15 08:16:17 2003 :: Loading Adesa.
Wed Jan 15 08:16:18 2003 :: Look out, Adesa@clt56-107-107.carolina.rr.com has connected.
Wed Jan 15 08:19:52 2003 :: Adesa has quit.
Wed Jan 15 08:30:48 2003 :: Sock.sinaddr:  165.138.121.1
Wed Jan 15 08:30:55 2003 :: Loading Ladron.
Wed Jan 15 08:30:57 2003 :: Look out, Ladron@165.138.121.1 has connected.
Wed Jan 15 08:52:19 2003 :: Sock.sinaddr:  213.237.76.9
Wed Jan 15 08:55:32 2003 :: Balduran@213.237.76.9.adsl.ro.worldonline.dk new player.
Wed Jan 15 08:57:44 2003 :: Balduran loses skill common
Wed Jan 15 09:13:02 2003 :: Ladron gained level 29
Wed Jan 15 09:13:41 2003 :: Balduran killed by a chained criminal at 3710
Wed Jan 15 09:15:28 2003 :: Ladron has quit.
Wed Jan 15 09:28:32 2003 :: Balduran gained level 2
Wed Jan 15 09:35:14 2003 :: Balduran gained level 3
Read_from_descriptor: Connection reset by peer
Wed Jan 15 09:38:22 2003 :: Closing link to Balduran.
Wed Jan 15 09:54:51 2003 :: Balduran has quit.
Wed Jan 15 10:04:38 2003 :: Sock.sinaddr:  198.161.203.41
Wed Jan 15 10:04:48 2003 :: Loading Draeborne.
Wed Jan 15 10:04:51 2003 :: Look out, Draeborne@198.161.203.41 has connected.
Wed Jan 15 10:11:18 2003 :: Sock.sinaddr:  216.194.99.14
Wed Jan 15 10:11:27 2003 :: Loading Maedhros.
Wed Jan 15 10:11:28 2003 :: Look out, Maedhros@mudconnector.com has connected.
Wed Jan 15 10:13:17 2003 :: Sock.sinaddr:  68.36.14.38
Wed Jan 15 10:13:19 2003 :: Loading Atryius.
Wed Jan 15 10:13:19 2003 :: Look out, Atryius@bgp380081bgs.plnfld01.nj.comcast.net has connected.
Wed Jan 15 10:21:17 2003 :: Dhamon gained level 10
Wed Jan 15 10:22:07 2003 :: Draeborne has quit.
Wed Jan 15 10:43:19 2003 :: Sock.sinaddr:  65.179.240.46
Wed Jan 15 10:43:22 2003 :: Loading Morgion.
Wed Jan 15 10:43:25 2003 :: Look out, Morgion@sdn-ap-027castocP0046.dialsprint.net has connected.
Wed Jan 15 10:43:53 2003 :: Morgion has quit.
Wed Jan 15 10:57:02 2003 :: Maedhros gained level 6
Wed Jan 15 10:57:02 2003 :: Atryius gained level 11
Wed Jan 15 11:00:17 2003 :: Dhamon gained level 11
Wed Jan 15 11:01:14 2003 :: Atryius killed by a marsh giant at 8309
Wed Jan 15 11:01:17 2003 :: Maedhros gained level 7
Wed Jan 15 11:03:45 2003 :: Sock.sinaddr:  24.237.150.143
Wed Jan 15 11:04:59 2003 :: Loading Tetrall.
Wed Jan 15 11:05:00 2003 :: Look out, Tetrall@143-150-237-24.sol-dial.gci.net has connected.
Wed Jan 15 11:07:08 2003 :: Dhamon has quit.
Wed Jan 15 11:07:11 2003 :: Maedhros has quit.
Wed Jan 15 11:22:23 2003 :: Tetrall killed by a helpless beggar at 3366
Wed Jan 15 11:31:45 2003 :: Sock.sinaddr:  66.56.107.107
Wed Jan 15 11:31:45 2003 :: Loading Adesa.
Wed Jan 15 11:31:46 2003 :: Look out, Adesa@clt56-107-107.carolina.rr.com has connected.
