Wed Jan 15 11:40:57 2003 :: ROM is ready to rock on port 6100.
Wed Jan 15 11:41:04 2003 :: Sock.sinaddr:  66.56.107.107
Wed Jan 15 11:41:04 2003 :: Loading Adesa.
Wed Jan 15 11:41:05 2003 :: Look out, Adesa@clt56-107-107.carolina.rr.com has connected.
Wed Jan 15 11:41:05 2003 :: Sock.sinaddr:  68.36.14.38
Wed Jan 15 11:41:10 2003 :: Sock.sinaddr:  24.237.150.143
Wed Jan 15 11:41:17 2003 :: Loading Tetrall.
Wed Jan 15 11:41:18 2003 :: Look out, Tetrall@143-150-237-24.sol-dial.gci.net has connected.
Wed Jan 15 11:55:08 2003 :: Sock.sinaddr:  206.74.106.38
Wed Jan 15 11:55:11 2003 :: Loading Nokomus.
Wed Jan 15 11:55:12 2003 :: Look out, Nokomus@206.74.106.38 has connected.
Wed Jan 15 11:55:43 2003 :: Log Nokomus: eye
Wed Jan 15 11:55:47 2003 :: Log Nokomus: who
Wed Jan 15 11:56:00 2003 :: Log Nokomus: look ad
Wed Jan 15 11:57:07 2003 :: Log Nokomus: say interesting
Wed Jan 15 11:57:09 2003 :: Log Nokomus: who
Wed Jan 15 11:58:08 2003 :: Log Nokomus: say nothing
Wed Jan 15 11:58:16 2003 :: Log Nokomus: say just thinkinf out loud
Wed Jan 15 11:59:03 2003 :: Log Nokomus: who
Wed Jan 15 11:59:05 2003 :: Log Nokomus: look
Wed Jan 15 11:59:09 2003 :: Log Nokomus: look te
Wed Jan 15 12:01:36 2003 :: Log Nokomus: eat pie
Wed Jan 15 12:01:38 2003 :: Log Nokomus: i
Wed Jan 15 12:03:00 2003 :: Log Nokomus: look
Wed Jan 15 12:03:02 2003 :: Log Nokomus: 
Wed Jan 15 12:03:03 2003 :: Log Nokomus: 
Wed Jan 15 12:03:04 2003 :: Log Nokomus: 
Wed Jan 15 12:03:05 2003 :: Log Nokomus: 
Wed Jan 15 12:03:07 2003 :: Log Nokomus: 
Wed Jan 15 12:03:08 2003 :: Log Nokomus: 
Wed Jan 15 12:03:09 2003 :: Log Nokomus: 
Wed Jan 15 12:03:10 2003 :: Log Nokomus: 
Wed Jan 15 12:03:12 2003 :: Log Nokomus: 
Wed Jan 15 12:03:12 2003 :: Log Nokomus: 
Wed Jan 15 12:03:13 2003 :: Log Nokomus: 
Wed Jan 15 12:03:13 2003 :: Log Nokomus: 
Wed Jan 15 12:03:14 2003 :: Log Nokomus: 
Wed Jan 15 12:03:15 2003 :: Log Nokomus: 
Wed Jan 15 12:03:16 2003 :: Log Nokomus: 
Wed Jan 15 12:03:17 2003 :: Log Nokomus: 
Wed Jan 15 12:03:19 2003 :: Log Nokomus: 
Wed Jan 15 12:03:20 2003 :: Log Nokomus: 
Wed Jan 15 12:03:23 2003 :: Log Nokomus: buy 10*pie
Wed Jan 15 12:03:26 2003 :: Log Nokomus: eat pie
Wed Jan 15 12:03:28 2003 :: Log Nokomus: eat pie
Wed Jan 15 12:03:30 2003 :: Log Nokomus: save
Wed Jan 15 12:03:42 2003 :: Log Nokomus: quit
Wed Jan 15 12:03:42 2003 :: Nokomus has quit.
Wed Jan 15 12:05:44 2003 :: Sock.sinaddr:  198.161.203.41
Wed Jan 15 12:05:50 2003 :: Loading Draeborne.
Wed Jan 15 12:05:54 2003 :: Look out, Draeborne@198.161.203.41 has connected.
