Fri Jan 17 06:05:13 2003 :: ROM is ready to rock on port 6100.
Fri Jan 17 06:05:50 2003 :: Sock.sinaddr:  24.247.67.24
Fri Jan 17 06:05:54 2003 :: Loading Hiddukel.
Fri Jan 17 06:05:55 2003 :: Look out, Hiddukel@24.247.67.24.up.mi.chartermi.net has connected.
Fri Jan 17 06:26:05 2003 :: Sock.sinaddr:  213.237.76.9
Fri Jan 17 06:26:17 2003 :: Loading Balduran.
Fri Jan 17 06:26:22 2003 :: Look out, Balduran@213.237.76.9.adsl.ro.worldonline.dk has connected.
Fri Jan 17 06:40:07 2003 :: Balduran gained level 7
Fri Jan 17 06:51:50 2003 :: Log Hiddukel: asperson bald prac
Fri Jan 17 06:52:11 2003 :: Log Hiddukel: asperson bald prac
Fri Jan 17 06:54:30 2003 :: Log Hiddukel: snoop bald
Fri Jan 17 06:55:47 2003 :: Log Hiddukel: pecho bald Turning Autoexit on might help out.
Fri Jan 17 06:57:10 2003 :: Log Hiddukel: set char bald steel 3,000
Fri Jan 17 06:57:15 2003 :: Log Hiddukel: set char bald steel 3000
Fri Jan 17 07:03:37 2003 :: Log Hiddukel: snoop selfpecho bald You can abbreviate the CAST command with just the letter C.
Fri Jan 17 07:03:57 2003 :: Log Hiddukel: pecho bald You can abbreviate the CAST command with the letter C, to make things easier.
Fri Jan 17 07:04:42 2003 :: Log Hiddukel: pecho bald The consider command can be abbreviated as well with just CON.
Fri Jan 17 07:05:38 2003 :: Log Hiddukel: pecho bald Most commands can be used with just an abbreviation for them, using the first couple of letters.
Fri Jan 17 07:06:45 2003 :: Log Hiddukel: snoop self
Fri Jan 17 07:15:07 2003 :: Balduran killed by a mean troll at 935
Fri Jan 17 07:31:37 2003 :: Balduran killed by a large snake at 8304
Fri Jan 17 07:35:43 2003 :: EOF encountered on read.
Fri Jan 17 07:35:43 2003 :: Closing link to Balduran.
Fri Jan 17 07:38:24 2003 :: Sock.sinaddr:  68.144.213.62
Fri Jan 17 07:38:26 2003 :: Loading Torianis.
Fri Jan 17 07:38:26 2003 :: Look out, Torianis@h68-144-213-62.cg.shawcable.net has connected.
Fri Jan 17 07:38:41 2003 :: Torianis has quit.
Fri Jan 17 07:51:52 2003 :: Balduran has quit.
Fri Jan 17 08:16:45 2003 :: Sock.sinaddr:  165.138.121.1
Fri Jan 17 08:16:54 2003 :: Loading Ladron.
Fri Jan 17 08:16:56 2003 :: Look out, Ladron@165.138.121.1 has connected.
Fri Jan 17 08:24:28 2003 :: Sock.sinaddr:  216.194.99.14
Fri Jan 17 08:24:32 2003 :: Loading Dhamon.
Fri Jan 17 08:24:35 2003 :: Look out, Dhamon@mudconnector.com has connected.
Fri Jan 17 08:28:28 2003 :: Ladron has quit.
Fri Jan 17 08:28:35 2003 :: Sock.sinaddr:  165.138.121.1
Fri Jan 17 08:29:32 2003 :: Sharak@165.138.121.1 new player.
Fri Jan 17 08:42:31 2003 :: Sharak gained level 2
Fri Jan 17 08:43:13 2003 :: Sharak gained level 3
Fri Jan 17 08:44:13 2003 :: Sharak gained level 4
Fri Jan 17 08:46:25 2003 :: Sharak gained level 5
Fri Jan 17 08:50:46 2003 :: Dhamon killed by a helpless beggar at 3261
Fri Jan 17 09:03:40 2003 :: Sharak gained level 6
Fri Jan 17 09:23:10 2003 :: Dhamon has quit.
Fri Jan 17 09:24:52 2003 :: Sharak has quit.
Fri Jan 17 09:39:04 2003 :: Sock.sinaddr:  216.194.99.14
Fri Jan 17 09:39:08 2003 :: Loading Dhamon.
Fri Jan 17 09:39:12 2003 :: Look out, Dhamon@mudconnector.com has connected.
Fri Jan 17 09:50:08 2003 :: mudconnector.com input spamming!
Fri Jan 17 10:17:44 2003 :: Sock.sinaddr:  216.89.114.164
Fri Jan 17 10:17:53 2003 :: Loading Majere.
Fri Jan 17 10:17:54 2003 :: Look out, Majere@216-89-114-164.bv.dp.net has connected.
Fri Jan 17 10:18:07 2003 :: Sock.sinaddr:  216.89.114.164
Fri Jan 17 10:18:13 2003 :: Loading Roman.
Fri Jan 17 10:18:15 2003 :: Look out, Roman@216-89-114-164.bv.dp.net has connected.
Fri Jan 17 10:24:37 2003 :: Sock.sinaddr:  198.161.203.41
Fri Jan 17 10:24:44 2003 :: Loading Draeborne.
Fri Jan 17 10:24:48 2003 :: Look out, Draeborne@198.161.203.41 has connected.
Fri Jan 17 10:26:06 2003 :: Sock.sinaddr:  66.213.68.114
Fri Jan 17 10:26:44 2003 :: EOF encountered on read.
Fri Jan 17 10:26:44 2003 :: Closing link to Drakstar.
Fri Jan 17 10:26:46 2003 :: Sock.sinaddr:  67.86.218.67
Fri Jan 17 10:28:05 2003 :: Letion@ool-4356da43.dyn.optonline.net new player.
Fri Jan 17 10:31:34 2003 :: Dhamon has quit.
Fri Jan 17 10:34:34 2003 :: Sock.sinaddr:  172.162.65.181
Fri Jan 17 10:34:59 2003 :: Loading Altessa.
Fri Jan 17 10:34:59 2003 :: Look out, Altessa@ACA241B5.ipt.aol.com has connected.
Fri Jan 17 10:36:09 2003 :: EOF encountered on read.
Fri Jan 17 10:36:09 2003 :: Closing link to Altessa.
Fri Jan 17 10:37:32 2003 :: Roman has quit.
Fri Jan 17 10:38:24 2003 :: Majere has quit.
Fri Jan 17 10:45:57 2003 :: Letion killed by a chained criminal at 3710
Fri Jan 17 10:51:54 2003 :: Altessa has quit.
Fri Jan 17 10:54:17 2003 :: Draeborne has quit.
Fri Jan 17 11:12:07 2003 :: Letion gained level 2
Fri Jan 17 11:21:04 2003 :: Letion gained level 3
Fri Jan 17 11:24:52 2003 :: Letion killed by the boar at 3744
Fri Jan 17 11:25:46 2003 :: Log Hiddukel: restore let
Fri Jan 17 11:26:18 2003 :: Log Hiddukel: apurge let
Fri Jan 17 11:27:55 2003 :: Log Hiddukel: snoop let
Fri Jan 17 11:30:14 2003 :: Log Hiddukel: asperson let auto
Fri Jan 17 11:30:40 2003 :: Letion gained level 4
Fri Jan 17 11:31:14 2003 :: Log Hiddukel: snoop self
Fri Jan 17 11:34:07 2003 :: Letion gained level 5
Fri Jan 17 11:41:21 2003 :: Letion has quit.
Fri Jan 17 11:51:50 2003 :: Sock.sinaddr:  66.248.84.110
Fri Jan 17 11:51:51 2003 :: Loading Chemosh.
Fri Jan 17 11:51:51 2003 :: Look out, Chemosh@14-110.006.popsite.net has connected.
Fri Jan 17 11:53:26 2003 :: Log Chemosh: who
Fri Jan 17 11:54:28 2003 :: Sock.sinaddr:  216.89.114.149
Fri Jan 17 11:55:10 2003 :: Loading Majere.
Fri Jan 17 11:55:12 2003 :: Look out, Majere@216-89-114-149.bv.dp.net has connected.
Fri Jan 17 11:55:51 2003 :: Sock.sinaddr:  216.194.99.14
Fri Jan 17 11:55:57 2003 :: Loading Maedhros.
Fri Jan 17 11:55:58 2003 :: Look out, Maedhros@mudconnector.com has connected.
Fri Jan 17 11:57:12 2003 :: Log Chemosh: afk
Fri Jan 17 11:58:47 2003 :: Majere has quit.
Fri Jan 17 12:01:43 2003 :: Maedhros has quit.
Fri Jan 17 12:17:19 2003 :: Sock.sinaddr:  131.227.115.87
Fri Jan 17 12:17:25 2003 :: Loading Shinare.
Fri Jan 17 12:17:27 2003 :: Look out, Shinare@dublin.ph.surrey.ac.uk has connected.
Fri Jan 17 12:17:29 2003 :: Shinare gets skill waterlungs
Fri Jan 17 12:23:02 2003 :: Sock.sinaddr:  216.194.99.14
Fri Jan 17 12:23:15 2003 :: Loading Maedhros.
Fri Jan 17 12:23:16 2003 :: Look out, Maedhros@mudconnector.com has connected.
Fri Jan 17 12:24:21 2003 :: Log Shinare: asperson chemosh note list
Fri Jan 17 12:24:21 2003 :: Log Chemosh: note list
Fri Jan 17 12:25:26 2003 :: Shinare has quit.
Fri Jan 17 12:28:34 2003 :: Log Chemosh: afk
Fri Jan 17 12:28:36 2003 :: Log Chemosh: note read
Fri Jan 17 13:00:17 2003 :: Sock.sinaddr:  172.128.78.71
Fri Jan 17 13:00:18 2003 :: Loading Altessa.
Fri Jan 17 13:00:19 2003 :: Look out, Altessa@AC804E47.ipt.aol.com has connected.
Fri Jan 17 13:02:29 2003 :: Log Altessa: delete
Fri Jan 17 13:02:35 2003 :: Log Altessa: delete
Fri Jan 17 13:02:38 2003 :: Log Altessa: delete
Fri Jan 17 13:02:41 2003 :: Sock.sinaddr:  172.128.78.71
Fri Jan 17 13:06:26 2003 :: Altessa@AC804E47.ipt.aol.com new player.
Fri Jan 17 13:07:04 2003 :: Sock.sinaddr:  65.179.241.227
Fri Jan 17 13:07:10 2003 :: Loading Morgion.
Fri Jan 17 13:07:13 2003 :: Look out, Morgion@sdn-ap-027castocP0481.dialsprint.net has connected.
Fri Jan 17 13:09:17 2003 :: Log Chemosh: change read
Fri Jan 17 13:16:29 2003 :: Sock.sinaddr:  24.29.79.142
Fri Jan 17 13:16:31 2003 :: Loading Jessca.
Fri Jan 17 13:16:31 2003 :: Look out, Jessca@alb-24-29-79-142.nycap.rr.com has connected.
Fri Jan 17 13:17:19 2003 :: Jessca has quit.
Fri Jan 17 13:23:44 2003 :: Log Morgion: snoop altessa
Fri Jan 17 13:24:25 2003 :: Log Hiddukel: asperson morgion snoop self
Fri Jan 17 13:24:25 2003 :: Log Morgion: snoop self
Fri Jan 17 13:25:15 2003 :: Log Morgion: snoop self
Fri Jan 17 13:28:25 2003 :: Sock.sinaddr:  12.107.146.31
Fri Jan 17 13:28:32 2003 :: Loading Solinari.
Fri Jan 17 13:28:36 2003 :: Look out, Solinari@31-146-107-12-pbg-ny.dialin.westelcom.com has connected.
Fri Jan 17 13:29:05 2003 :: Maedhros has quit.
Fri Jan 17 13:32:38 2003 :: Sock.sinaddr:  64.77.156.88
Fri Jan 17 13:32:41 2003 :: Loading Ladron.
Fri Jan 17 13:32:42 2003 :: Look out, Ladron@d024.as0.mdsn.in.voyager.net has connected.
Fri Jan 17 13:39:02 2003 :: Log Morgion: load 1248
Fri Jan 17 13:39:19 2003 :: Log Morgion: load obj 1248
Fri Jan 17 13:48:36 2003 :: Log Morgion: load obj 1248
Fri Jan 17 13:49:51 2003 :: Sock.sinaddr:  216.194.99.14
Fri Jan 17 13:49:55 2003 :: Loading Dhamon.
Fri Jan 17 13:49:58 2003 :: Look out, Dhamon@mudconnector.com has connected.
Fri Jan 17 13:51:04 2003 :: Log Morgion: load 1248
Fri Jan 17 13:51:14 2003 :: Log Morgion: load obj 1248
Fri Jan 17 13:52:10 2003 :: Dhamon has quit.
Fri Jan 17 13:52:41 2003 :: Log Solinari: string obj staff short The Staff of Magius
Fri Jan 17 13:53:10 2003 :: Log Solinari: string obj staff name staff magius
Fri Jan 17 13:54:42 2003 :: Log Morgion: load 1213
Fri Jan 17 13:54:48 2003 :: Log Morgion: load obj 1213
Fri Jan 17 13:54:56 2003 :: Log Solinari: string obj staff long A black staffwith a gold dragon claw holding a pale blue orb is here.
Fri Jan 17 13:56:26 2003 :: Log Solinari: string obj staff long A black staff with a gold dragon claw holding a pale blue orb is here.
Fri Jan 17 13:59:16 2003 :: Sock.sinaddr:  66.141.119.160
Fri Jan 17 14:01:57 2003 :: Dondor@ppp-66-141-119-160.dialup.eulstx.swbell.net new player.
Read_from_descriptor: Connection reset by peer
Fri Jan 17 14:02:07 2003 :: Closing link to Chemosh.
Fri Jan 17 14:02:31 2003 :: Log Morgion: load 1248
Fri Jan 17 14:02:38 2003 :: Log Morgion: load obj 1248
Fri Jan 17 14:03:43 2003 :: Log Morgion: load 1248
Fri Jan 17 14:03:54 2003 :: Log Morgion: load obj 1248
Fri Jan 17 14:05:17 2003 :: Log Morgion: restore maerty
Fri Jan 17 14:06:48 2003 :: Log Morgion: load 1248
Fri Jan 17 14:06:56 2003 :: Log Morgion: load obj 1248
Fri Jan 17 14:07:35 2003 :: Log Morgion: string 
Read_from_descriptor: Connection reset by peer
Fri Jan 17 14:08:01 2003 :: Closing link to Altessa.
Fri Jan 17 14:08:13 2003 :: Log Morgion: string obj staff short {DBlack{x {yPlague{x staff
Fri Jan 17 14:08:45 2003 :: Log Morgion: string obj staff short {yMorgion's{x {DBlack{x {yPlague{x
Fri Jan 17 14:09:35 2003 :: Log Morgion: string obj staff long A smooth black staff lays in the dirt.
Fri Jan 17 14:09:57 2003 :: Log Morgion: string obj staff name staff morgion plague
Fri Jan 17 14:10:11 2003 :: Sock.sinaddr:  172.128.78.71
Fri Jan 17 14:10:13 2003 :: Loading Altessa.
Fri Jan 17 14:10:13 2003 :: Altessa@AC804E47.ipt.aol.com reconnected.
Fri Jan 17 14:12:39 2003 :: Log Morgion: load obj 1213
Fri Jan 17 14:13:46 2003 :: Log Morgion: string obj wrath short Sword of the {DBlack {yLocust{x
Fri Jan 17 14:15:11 2003 :: Log Morgion: string obj wrath long A black sword engraved with a black locust is here.
Fri Jan 17 14:15:39 2003 :: Log Morgion: string obj wrath name black locust sword
Fri Jan 17 14:21:35 2003 :: Log Morgion: load obj 1213
Fri Jan 17 14:22:54 2003 :: Log Morgion: load obj 1213
Fri Jan 17 14:24:56 2003 :: Morgion has quit.
Fri Jan 17 14:25:42 2003 :: Log Solinari: notitle
Fri Jan 17 14:25:51 2003 :: Log Solinari: notitle Dondor
Fri Jan 17 14:26:03 2003 :: Log Solinari: string
Fri Jan 17 14:26:44 2003 :: Log Solinari: string char dondor title The Young Warrior
Fri Jan 17 14:27:39 2003 :: Ladron has quit.
Fri Jan 17 14:28:58 2003 :: Altessa killed by a chained criminal at 3716
Fri Jan 17 14:39:47 2003 :: Sock.sinaddr:  66.141.119.207
Fri Jan 17 14:40:38 2003 :: Dondar@ppp-66-141-119-207.dialup.eulstx.swbell.net new player.
Fri Jan 17 14:43:29 2003 :: Log Solinari: reward dondor 300
Fri Jan 17 14:43:35 2003 :: Log Solinari: reward dondor 200
Fri Jan 17 14:44:33 2003 :: Log Solinari: reward boo
Fri Jan 17 14:45:44 2003 :: Sock.sinaddr:  66.25.72.138
Fri Jan 17 14:46:10 2003 :: Log Solinari: purge dondor
Fri Jan 17 14:46:33 2003 :: Loading Prodigy.
Fri Jan 17 14:46:34 2003 :: Look out, Prodigy@cs662572-138.satx.rr.com has connected.
Fri Jan 17 14:46:44 2003 :: Log Solinari: reward dondar 200
Fri Jan 17 14:47:03 2003 :: Log Solinari: reward dondar 200
Fri Jan 17 14:47:16 2003 :: Log Solinari: notitle dondar
Fri Jan 17 14:47:42 2003 :: Log Solinari: string char Dondar title The Young Warrior
Fri Jan 17 14:50:02 2003 :: Sock.sinaddr:  67.115.155.2
Fri Jan 17 14:51:08 2003 :: Lobo@nick.sfpl.org new player.
Fri Jan 17 14:52:48 2003 :: Sock.sinaddr:  209.248.18.24
Fri Jan 17 14:54:29 2003 :: Sock.sinaddr:  66.248.82.194
Fri Jan 17 14:54:29 2003 :: Loading Chemosh.
Fri Jan 17 14:54:30 2003 :: Chemosh@12-194.006.popsite.net reconnected.
Fri Jan 17 14:54:30 2003 :: Log Chemosh: y
Fri Jan 17 14:54:32 2003 :: Log Chemosh: who
Fri Jan 17 14:54:36 2003 :: Log Chemosh: wizi
Fri Jan 17 14:55:03 2003 :: Altessa killed by a chained criminal at 3716
Fri Jan 17 14:55:07 2003 :: Prodigy has quit.
Fri Jan 17 14:56:21 2003 :: Tynan@mosike01-14.midwest.net new player.
Fri Jan 17 15:00:07 2003 :: Sock.sinaddr:  205.187.220.26
Fri Jan 17 15:00:30 2003 :: EOF encountered on read.
Fri Jan 17 15:01:17 2003 :: Sock.sinaddr:  65.71.197.186
Fri Jan 17 15:01:20 2003 :: Sock.sinaddr:  12.107.146.31
Fri Jan 17 15:01:24 2003 :: EOF encountered on read.
Fri Jan 17 15:02:52 2003 :: Selar@ppp-65-71-197-186.dialup.eulstx.swbell.net new player.
Read_from_descriptor: Connection reset by peer
Fri Jan 17 15:05:34 2003 :: Closing link to Dondar.
Fri Jan 17 15:07:13 2003 :: Sock.sinaddr:  65.71.197.186
Fri Jan 17 15:07:23 2003 :: Loading Dondar.
Fri Jan 17 15:07:26 2003 :: Dondar@ppp-65-71-197-186.dialup.eulstx.swbell.net reconnected.
Fri Jan 17 15:11:10 2003 :: Sock.sinaddr:  12.107.146.31
Fri Jan 17 15:12:34 2003 :: Log Solinari: string
Fri Jan 17 15:14:41 2003 :: Dan@31-146-107-12-pbg-ny.dialin.westelcom.com new player.
Fri Jan 17 15:15:28 2003 :: Log Solinari: string
Fri Jan 17 15:15:41 2003 :: Log Solinari: string dan name Caramon Majere
Fri Jan 17 15:15:56 2003 :: Log Dan: delete
Fri Jan 17 15:15:59 2003 :: Log Dan: delete
Read_from_descriptor: Connection timed out
Fri Jan 17 15:19:52 2003 :: Closing link to Chemosh.
Read_from_descriptor: Connection reset by peer
Fri Jan 17 15:20:17 2003 :: Closing link to Altessa.
Fri Jan 17 15:20:21 2003 :: Sock.sinaddr:  172.129.233.232
Fri Jan 17 15:20:23 2003 :: Loading Altessa.
Fri Jan 17 15:20:24 2003 :: Altessa@AC81E9E8.ipt.aol.com reconnected.
Fri Jan 17 15:21:49 2003 :: Dondar gained level 2
Fri Jan 17 15:22:40 2003 :: Sock.sinaddr:  66.139.128.97
Fri Jan 17 15:22:47 2003 :: Loading Dondar.
Fri Jan 17 15:22:54 2003 :: Closing link to Dondar.
Fri Jan 17 15:22:54 2003 :: Dondar@ppp-66-139-128-97.dialup.eulstx.swbell.net reconnected.
Fri Jan 17 15:25:57 2003 :: Sock.sinaddr:  12.107.146.31
Fri Jan 17 15:25:59 2003 :: EOF encountered on read.
Fri Jan 17 15:26:54 2003 :: Altessa gained level 2
Fri Jan 17 15:27:42 2003 :: Sock.sinaddr:  66.248.83.185
Fri Jan 17 15:27:42 2003 :: Loading Chemosh.
Fri Jan 17 15:27:42 2003 :: Chemosh@13-185.006.popsite.net reconnected.
Fri Jan 17 15:27:43 2003 :: Log Chemosh: y
Fri Jan 17 15:28:02 2003 :: Log Chemosh: who
Fri Jan 17 15:28:07 2003 :: Log Chemosh: omni
Fri Jan 17 15:28:09 2003 :: Log Chemosh: user
Fri Jan 17 15:32:52 2003 :: Dondar gained level 3
Fri Jan 17 15:34:41 2003 :: Sock.sinaddr:  12.107.146.31
Fri Jan 17 15:34:43 2003 :: EOF encountered on read.
Fri Jan 17 15:37:07 2003 :: Log Hiddukel: notitle dondar
Fri Jan 17 15:39:56 2003 :: Log Hiddukel: force solinari help title
Fri Jan 17 15:42:13 2003 :: Log Hiddukel: asperson alt prac
Fri Jan 17 15:42:57 2003 :: Sock.sinaddr:  12.107.146.31
Fri Jan 17 15:42:58 2003 :: EOF encountered on read.
Fri Jan 17 15:43:25 2003 :: Dondar gained level 4
Fri Jan 17 15:44:09 2003 :: Sock.sinaddr:  66.141.121.69
Fri Jan 17 15:44:15 2003 :: Loading Dondar.
Fri Jan 17 15:44:21 2003 :: Closing link to Dondar.
Fri Jan 17 15:44:21 2003 :: Dondar@ppp-66-141-121-69.dialup.eulstx.swbell.net reconnected.
Fri Jan 17 15:48:15 2003 :: Log Chemosh: who
Fri Jan 17 15:48:17 2003 :: Log Chemosh: quit
Fri Jan 17 15:48:17 2003 :: Chemosh has quit.
Fri Jan 17 15:49:11 2003 :: Altessa has quit.
Fri Jan 17 15:51:11 2003 :: Log Hiddukel: lastonimm
Fri Jan 17 15:51:52 2003 :: Sock.sinaddr:  172.129.233.232
Fri Jan 17 15:52:09 2003 :: Loading Altessa.
Fri Jan 17 15:52:20 2003 :: Look out, Altessa@AC81E9E8.ipt.aol.com has connected.
Fri Jan 17 15:53:02 2003 :: Log Hiddukel: asave area
Fri Jan 17 15:56:03 2003 :: Sock.sinaddr:  35.9.49.33
Fri Jan 17 15:56:09 2003 :: Loading Kaillen.
Fri Jan 17 15:56:13 2003 :: Look out, Kaillen@pm531-31.dialip.mich.net has connected.
Fri Jan 17 16:02:28 2003 :: Altessa gained level 3
Fri Jan 17 16:11:17 2003 :: Log Solinari: reward dondar 200
Fri Jan 17 16:13:06 2003 :: Dondar has quit.
Fri Jan 17 16:13:58 2003 :: Sock.sinaddr:  24.237.150.120
Fri Jan 17 16:15:03 2003 :: Loading Tetrall.
Fri Jan 17 16:15:04 2003 :: Look out, Tetrall@120-150-237-24.sol-dial.gci.net has connected.
Fri Jan 17 16:15:05 2003 :: Tetrall gets skill waterlungs
Fri Jan 17 16:21:33 2003 :: Solinari has quit.
Fri Jan 17 16:33:40 2003 :: Sock.sinaddr:  63.78.155.151
Fri Jan 17 16:33:47 2003 :: Loading Braum.
Fri Jan 17 16:33:49 2003 :: Look out, Braum@155door151.door.net has connected.
Fri Jan 17 16:35:55 2003 :: Altessa gained level 4
Fri Jan 17 16:56:28 2003 :: Sock.sinaddr:  66.25.72.138
Fri Jan 17 16:56:30 2003 :: Loading Prodigy.
Fri Jan 17 16:56:31 2003 :: Look out, Prodigy@cs662572-138.satx.rr.com has connected.
Fri Jan 17 17:00:03 2003 :: Sock.sinaddr:  68.144.213.62
Fri Jan 17 17:00:05 2003 :: Loading Torianis.
Fri Jan 17 17:00:05 2003 :: Look out, Torianis@h68-144-213-62.cg.shawcable.net has connected.
Fri Jan 17 17:03:44 2003 :: Prodigy has quit.
Fri Jan 17 17:04:45 2003 :: Tetrall has quit.
Fri Jan 17 17:04:54 2003 :: Torianis has quit.
Fri Jan 17 17:05:40 2003 :: Braum killed by A small green grass snake at 3107
Fri Jan 17 17:06:43 2003 :: Altessa gained level 5
Fri Jan 17 17:08:19 2003 :: Sock.sinaddr:  68.144.213.62
Fri Jan 17 17:08:20 2003 :: Loading Torianis.
Fri Jan 17 17:08:21 2003 :: Look out, Torianis@h68-144-213-62.cg.shawcable.net has connected.
Fri Jan 17 17:08:28 2003 :: Torianis has quit.
Fri Jan 17 17:12:09 2003 :: Braum has quit.
Fri Jan 17 17:35:17 2003 :: Sock.sinaddr:  66.139.128.180
Fri Jan 17 17:35:23 2003 :: Loading Dondar.
Fri Jan 17 17:35:27 2003 :: Look out, Dondar@ppp-66-139-128-180.dialup.eulstx.swbell.net has connected.
Fri Jan 17 17:37:09 2003 :: Sock.sinaddr:  68.144.213.62
Fri Jan 17 17:37:11 2003 :: Loading Torianis.
Fri Jan 17 17:37:11 2003 :: Look out, Torianis@h68-144-213-62.cg.shawcable.net has connected.
Fri Jan 17 17:37:19 2003 :: Sock.sinaddr:  204.255.95.103
Fri Jan 17 17:37:22 2003 :: Dondar gained level 5
Fri Jan 17 17:37:23 2003 :: Loading Braum.
Fri Jan 17 17:37:25 2003 :: Look out, Braum@doorhub103.hub.ofthe.net has connected.
Fri Jan 17 17:38:02 2003 :: Sock.sinaddr:  65.179.225.69
Fri Jan 17 17:38:06 2003 :: Loading Morgion.
Fri Jan 17 17:38:09 2003 :: Look out, Morgion@sdn-ap-025castocP0323.dialsprint.net has connected.
Fri Jan 17 17:43:03 2003 :: Log Morgion: string obj boots short a pair on {DBlack{x {yleather{x boots
Fri Jan 17 17:43:15 2003 :: Log Morgion: string obj boots short a pair of {DBlack{x {yleather{x boots
Fri Jan 17 17:43:52 2003 :: Log Morgion: string obj boots long A pair of Black leather boots sit on the ground
Fri Jan 17 17:44:25 2003 :: Log Morgion: string obj boots name black leather boots
Fri Jan 17 17:44:49 2003 :: Sock.sinaddr:  66.139.128.180
Fri Jan 17 17:44:49 2003 :: EOF encountered on read.
Fri Jan 17 17:44:49 2003 :: Closing link to Dondar.
Fri Jan 17 17:44:52 2003 :: Sock.sinaddr:  66.248.83.44
Fri Jan 17 17:44:53 2003 :: Loading Chemosh.
Fri Jan 17 17:44:53 2003 :: Look out, Chemosh@13-044.006.popsite.net has connected.
Fri Jan 17 17:44:54 2003 :: Loading Dondar.
Fri Jan 17 17:44:56 2003 :: Dondar@ppp-66-139-128-180.dialup.eulstx.swbell.net reconnected.
Fri Jan 17 17:45:09 2003 :: Log Chemosh: who
Fri Jan 17 17:45:13 2003 :: Log Chemosh: sock
Fri Jan 17 17:45:52 2003 :: Log Morgion: string obj helm short Helm of the {DBlack{x {yWind{x
Fri Jan 17 17:46:30 2003 :: Log Morgion: string obj helm long A black helm is here
Fri Jan 17 17:46:43 2003 :: Log Morgion: string obj helm name black helm
Fri Jan 17 17:47:27 2003 :: Kaillen killed by A sivak draconian at 990
Fri Jan 17 17:47:31 2003 :: Sock.sinaddr:  65.179.225.69
Fri Jan 17 17:47:34 2003 :: Loading Sarven.
Fri Jan 17 17:47:36 2003 :: Look out, Sarven@sdn-ap-025castocP0323.dialsprint.net has connected.
Fri Jan 17 17:48:18 2003 :: Log Chemosh: user
Fri Jan 17 17:48:23 2003 :: Log Chemosh: sock
Fri Jan 17 17:50:13 2003 :: Dondar gained level 6
Fri Jan 17 18:00:55 2003 :: Torianis gained level 33
Fri Jan 17 18:03:35 2003 :: Sock.sinaddr:  24.222.124.30
Fri Jan 17 18:04:06 2003 :: EOF encountered on read.
Fri Jan 17 18:06:08 2003 :: Sock.sinaddr:  66.139.128.2
Fri Jan 17 18:06:15 2003 :: Loading Dondar.
Fri Jan 17 18:06:21 2003 :: Closing link to Dondar.
Fri Jan 17 18:06:21 2003 :: Dondar@ppp-66-139-128-2.dialup.eulstx.swbell.net reconnected.
Fri Jan 17 18:07:10 2003 :: [*****] BUG: Mobprog: else without if, mob 16337 prog 16260
Fri Jan 17 18:11:19 2003 :: Dondar killed by a cleric at 3369
Fri Jan 17 18:17:04 2003 :: Sarven has quit.
Fri Jan 17 18:17:10 2003 :: Sock.sinaddr:  65.179.225.69
Fri Jan 17 18:17:13 2003 :: Loading Rey.
Fri Jan 17 18:17:16 2003 :: Look out, Rey@sdn-ap-025castocP0323.dialsprint.net has connected.
Fri Jan 17 18:18:37 2003 :: Dondar has quit.
Fri Jan 17 18:20:57 2003 :: Log Chemosh: reply you go to the sailor for training
Fri Jan 17 18:21:04 2003 :: Log Chemosh: reply only prac in guild
Fri Jan 17 18:21:06 2003 :: Log Chemosh: lo
Fri Jan 17 18:21:07 2003 :: Log Chemosh: who
Fri Jan 17 18:21:30 2003 :: Log Chemosh: reply its 5s,3w,4s or something from the pit
Fri Jan 17 18:21:37 2003 :: Log Hiddukel: restore all
Fri Jan 17 18:24:10 2003 :: Sock.sinaddr:  66.248.83.44
Fri Jan 17 18:26:02 2003 :: Kaillen gained level 30
Fri Jan 17 18:28:12 2003 :: Sock.sinaddr:  66.248.83.202
Fri Jan 17 18:28:13 2003 :: Loading Chemosh.
Fri Jan 17 18:28:13 2003 :: Closing link to Chemosh.
Fri Jan 17 18:28:13 2003 :: Chemosh@13-202.006.popsite.net reconnected.
Fri Jan 17 18:28:40 2003 :: Log Chemosh: who
Fri Jan 17 18:28:53 2003 :: Braum gained level 12
Fri Jan 17 18:30:51 2003 :: Sock.sinaddr:  66.139.128.183
Fri Jan 17 18:30:57 2003 :: Loading Dondar.
Fri Jan 17 18:31:00 2003 :: Look out, Dondar@ppp-66-139-128-183.dialup.eulstx.swbell.net has connected.
Fri Jan 17 18:32:24 2003 :: Sock.sinaddr:  66.248.83.202
Read_from_descriptor: Connection reset by peer
Fri Jan 17 18:33:17 2003 :: Closing link to Xhaedn.
Fri Jan 17 18:33:19 2003 :: Sock.sinaddr:  66.248.83.202
Fri Jan 17 18:33:49 2003 :: Xhaedn@13-202.006.popsite.net new player.
Fri Jan 17 18:35:01 2003 :: Log Chemosh: imm =P
Fri Jan 17 18:35:34 2003 :: Log Hiddukel: load bj 3162
Fri Jan 17 18:35:41 2003 :: Log Hiddukel: load obj 3162
Fri Jan 17 18:37:22 2003 :: Log Chemosh: omni
Fri Jan 17 18:37:23 2003 :: Log Chemosh: user
Fri Jan 17 18:37:33 2003 :: Log Chemosh: imm where the heck are the other ppl...
Fri Jan 17 18:37:43 2003 :: Braum has quit.
Fri Jan 17 18:41:06 2003 :: Log Chemosh: imm erm, ya, i guess
Fri Jan 17 18:41:08 2003 :: Log Chemosh: sock
Fri Jan 17 18:41:53 2003 :: Altessa gained level 6
Fri Jan 17 18:47:29 2003 :: Xhaedn gained level 2
Fri Jan 17 18:47:40 2003 :: EOF encountered on read.
Fri Jan 17 18:47:40 2003 :: Closing link to Dondar.
Fri Jan 17 18:47:48 2003 :: Sock.sinaddr:  66.139.128.183
Fri Jan 17 18:47:55 2003 :: Loading Dondar.
Fri Jan 17 18:47:58 2003 :: Dondar@ppp-66-139-128-183.dialup.eulstx.swbell.net reconnected.
Fri Jan 17 18:49:15 2003 :: Log Chemosh: imm huh, im binded by shackles?
Fri Jan 17 18:51:42 2003 :: Log Chemosh: imm i donno...
Fri Jan 17 18:52:53 2003 :: Log Chemosh: user
Fri Jan 17 18:53:01 2003 :: Log Chemosh: stat xhae
Fri Jan 17 18:53:08 2003 :: Torianis gained level 34
Fri Jan 17 18:54:08 2003 :: Log Hiddukel: flag char xhaedn aff shackes
Fri Jan 17 18:54:16 2003 :: Log Hiddukel: flag char xhaedn aff shackles
Fri Jan 17 18:54:30 2003 :: Log Hiddukel: flag char xhaedn aff shackles
Fri Jan 17 18:55:26 2003 :: Log Hiddukel: set char xhaedn race human
Fri Jan 17 18:55:37 2003 :: Log Hiddukel: flag char xhaedn aff shackles
Fri Jan 17 18:55:54 2003 :: Xhaedn has quit.
Fri Jan 17 18:58:10 2003 :: Log Chemosh: imm err.. afk for a bit, gotta go eat
Fri Jan 17 19:01:05 2003 :: Sock.sinaddr:  172.129.233.232
Read_from_descriptor: Connection reset by peer
Fri Jan 17 19:01:08 2003 :: Closing link to Altessa.
Fri Jan 17 19:01:09 2003 :: Loading Altessa.
Fri Jan 17 19:01:10 2003 :: Altessa@AC81E9E8.ipt.aol.com reconnected.
Fri Jan 17 19:03:19 2003 :: Log Dondar: delete
Fri Jan 17 19:03:22 2003 :: Log Dondar: delete
Fri Jan 17 19:03:50 2003 :: Kaillen gained level 31
Fri Jan 17 19:10:38 2003 :: Kaillen has quit.
Fri Jan 17 19:11:43 2003 :: Sock.sinaddr:  62.253.139.163
Fri Jan 17 19:15:58 2003 :: Rey gained level 30
Fri Jan 17 19:17:50 2003 :: Darten@pc1-cmbg3-3-cust163.cmbg.cable.ntl.com new player.
Fri Jan 17 19:18:59 2003 :: Sock.sinaddr:  66.248.83.202
Fri Jan 17 19:19:02 2003 :: Loading Xhaedn.
Fri Jan 17 19:19:03 2003 :: Look out, Xhaedn@13-202.006.popsite.net has connected.
Fri Jan 17 19:20:49 2003 :: Log Hiddukel: restore
Fri Jan 17 19:21:04 2003 :: Xhaedn killed by a chained criminal at 3716
Fri Jan 17 19:21:14 2003 :: Log Chemosh: imm bah, thats not cool =P
Fri Jan 17 19:21:32 2003 :: Log Chemosh: imm evil lil bugger
Fri Jan 17 19:21:51 2003 :: Log Hiddukel: trans alt
Fri Jan 17 19:23:43 2003 :: Log Hiddukel: force alt get all
Fri Jan 17 19:24:05 2003 :: Rey has quit.
Fri Jan 17 19:24:40 2003 :: Morgion has quit.
Fri Jan 17 19:24:54 2003 :: EOF encountered on read.
Fri Jan 17 19:24:54 2003 :: Closing link to Darten.
Fri Jan 17 19:31:45 2003 :: Log Hiddukel: trans rabbit
Fri Jan 17 19:33:37 2003 :: Log Hiddukel: purge
Fri Jan 17 19:33:57 2003 :: Log Hiddukel: trans tor
Fri Jan 17 19:35:20 2003 :: Log Hiddukel: trans tor
Fri Jan 17 19:42:30 2003 :: Log Hiddukel: trans tor
Fri Jan 17 19:42:45 2003 :: Log Hiddukel: empower xhaedn 5
Fri Jan 17 19:43:09 2003 :: Log Hiddukel: trans tor
Fri Jan 17 19:44:57 2003 :: Log Hiddukel: snoop alt
Fri Jan 17 19:48:12 2003 :: Log Hiddukel: snoop self
Fri Jan 17 19:49:19 2003 :: Log Hiddukel: sedit show point
Fri Jan 17 19:49:47 2003 :: Log Chemosh: imm mm, dont remember healing taking this long
Fri Jan 17 19:50:45 2003 :: Log Hiddukel: restore
Fri Jan 17 19:50:49 2003 :: h68-144-213-62.cg.shawcable.net input spamming!
Fri Jan 17 19:51:36 2003 :: Log Chemosh: imm mebbe im just sleeping in a bad healing room then
Fri Jan 17 19:52:09 2003 :: Log Chemosh: imm healed only 20 odd hp from the time u adv'd me
Fri Jan 17 19:59:12 2003 :: Altessa has quit.
Fri Jan 17 20:00:58 2003 :: Log Chemosh: imm huh?
Fri Jan 17 20:02:50 2003 :: Log Chemosh: imm lol
Fri Jan 17 20:04:27 2003 :: Log Chemosh: imm lol
Fri Jan 17 20:05:16 2003 :: Log Chemosh: imm =)
Fri Jan 17 20:06:33 2003 :: Log Chemosh: imm *nods*
Fri Jan 17 20:08:52 2003 :: Torianis has quit.
Fri Jan 17 20:11:05 2003 :: Sock.sinaddr:  68.144.213.62
Fri Jan 17 20:11:06 2003 :: Loading Torianis.
Fri Jan 17 20:11:06 2003 :: Look out, Torianis@h68-144-213-62.cg.shawcable.net has connected.
Fri Jan 17 20:16:28 2003 :: Torianis gained level 35
Fri Jan 17 20:17:12 2003 :: Log Hiddukel: trans tor 3054
Fri Jan 17 20:24:03 2003 :: Torianis has quit.
Fri Jan 17 20:25:38 2003 :: Log Chemosh: imm =P
Fri Jan 17 20:28:56 2003 :: Log Chemosh: imm cool
Fri Jan 17 20:41:58 2003 :: Xhaedn gained level 6
Fri Jan 17 20:43:20 2003 :: Sock.sinaddr:  68.144.213.62
Fri Jan 17 20:43:21 2003 :: Loading Torianis.
Fri Jan 17 20:43:22 2003 :: Look out, Torianis@h68-144-213-62.cg.shawcable.net has connected.
Fri Jan 17 20:45:47 2003 :: Torianis has quit.
Fri Jan 17 20:51:54 2003 :: Sock.sinaddr:  68.57.88.98
Fri Jan 17 20:54:36 2003 :: Drahcir@pcp912174pcs.brndml01.va.comcast.net new player.
Fri Jan 17 20:55:50 2003 :: EOF encountered on read.
Fri Jan 17 20:55:50 2003 :: Closing link to Drahcir.
Fri Jan 17 21:11:35 2003 :: Sock.sinaddr:  68.50.246.175
Fri Jan 17 21:13:09 2003 :: Loading Gilean.
Fri Jan 17 21:13:12 2003 :: Look out, Gilean@pcp01652371pcs.manass01.va.comcast.net has connected.
Fri Jan 17 21:39:39 2003 :: Sock.sinaddr:  24.237.147.188
Fri Jan 17 21:39:43 2003 :: Loading Tetrall.
Fri Jan 17 21:39:44 2003 :: Look out, Tetrall@188-147-237-24.sol-dial.gci.net has connected.
Fri Jan 17 21:41:16 2003 :: Log Gilean: switch cub
Fri Jan 17 21:41:19 2003 :: Log Gilean: switch bear
Fri Jan 17 21:42:56 2003 :: Gilean has quit.
Fri Jan 17 21:51:57 2003 :: Log Chemosh: who
Fri Jan 17 21:52:03 2003 :: Log Chemosh: reply i donno wat u mean
Fri Jan 17 21:54:08 2003 :: Log Chemosh: reply ah
Fri Jan 17 21:54:17 2003 :: 188-147-237-24.sol-dial.gci.net input spamming!
Fri Jan 17 21:55:13 2003 :: Log Chemosh: who
Fri Jan 17 21:55:15 2003 :: Log Chemosh: stat tet
Fri Jan 17 21:55:35 2003 :: Log Chemosh: reply yah, theres a lil bug with races who can breathe underwater
Fri Jan 17 21:55:38 2003 :: Log Chemosh: lo
Fri Jan 17 21:55:39 2003 :: Log Chemosh: who
Fri Jan 17 21:55:55 2003 :: Log Chemosh: reply hidd will hafta change your race, but hes afk right now..
Fri Jan 17 21:55:56 2003 :: Log Chemosh: who
Fri Jan 17 21:55:58 2003 :: Log Chemosh: user
Fri Jan 17 21:56:31 2003 :: Tetrall has quit.
Fri Jan 17 21:56:31 2003 :: Log Chemosh: reply k
Fri Jan 17 22:03:49 2003 :: Log Chemosh: who
Fri Jan 17 22:04:00 2003 :: Log Chemosh: imm hidd, tetrall has the same problem with the shackle thing
Fri Jan 17 22:06:44 2003 :: Sock.sinaddr:  65.234.34.192
Fri Jan 17 22:06:44 2003 :: Loading Falcor.
Fri Jan 17 22:06:45 2003 :: Look out, Falcor@1Cust192.tnt3.mccomb.oh.da.uu.net has connected.
Fri Jan 17 22:07:05 2003 :: Sock.sinaddr:  66.25.72.138
Fri Jan 17 22:07:07 2003 :: Loading Prodigy.
Fri Jan 17 22:07:08 2003 :: Look out, Prodigy@cs662572-138.satx.rr.com has connected.
Fri Jan 17 22:11:20 2003 :: 1Cust192.tnt3.mccomb.oh.da.uu.net input spamming!
Fri Jan 17 22:11:32 2003 :: 1Cust192.tnt3.mccomb.oh.da.uu.net input spamming!
Fri Jan 17 22:11:47 2003 :: 1Cust192.tnt3.mccomb.oh.da.uu.net input spamming!
Fri Jan 17 22:11:57 2003 :: 1Cust192.tnt3.mccomb.oh.da.uu.net input spamming!
Fri Jan 17 22:12:40 2003 :: 1Cust192.tnt3.mccomb.oh.da.uu.net input spamming!
Fri Jan 17 22:12:50 2003 :: 1Cust192.tnt3.mccomb.oh.da.uu.net input spamming!
Fri Jan 17 22:12:57 2003 :: 1Cust192.tnt3.mccomb.oh.da.uu.net input spamming!
Fri Jan 17 22:13:04 2003 :: 1Cust192.tnt3.mccomb.oh.da.uu.net input spamming!
Fri Jan 17 22:13:12 2003 :: 1Cust192.tnt3.mccomb.oh.da.uu.net input spamming!
Fri Jan 17 22:13:20 2003 :: 1Cust192.tnt3.mccomb.oh.da.uu.net input spamming!
Fri Jan 17 22:33:28 2003 :: Sock.sinaddr:  68.144.213.62
Fri Jan 17 22:33:29 2003 :: Loading Torianis.
Fri Jan 17 22:33:29 2003 :: Look out, Torianis@h68-144-213-62.cg.shawcable.net has connected.
Fri Jan 17 22:41:10 2003 :: Torianis has quit.
Fri Jan 17 22:51:20 2003 :: Falcor has quit.
Fri Jan 17 22:53:55 2003 :: Log Hiddukel: apurge hiddukel
Fri Jan 17 23:04:20 2003 :: Prodigy has quit.
Fri Jan 17 23:05:54 2003 :: Sock.sinaddr:  216.89.113.155
Fri Jan 17 23:06:01 2003 :: Loading Majere.
Fri Jan 17 23:06:03 2003 :: Look out, Majere@216-89-113-155.bv.dp.net has connected.
Fri Jan 17 23:09:23 2003 :: Sock.sinaddr:  216.89.113.155
Fri Jan 17 23:09:33 2003 :: Loading Roman.
Fri Jan 17 23:09:34 2003 :: Look out, Roman@216-89-113-155.bv.dp.net has connected.
Fri Jan 17 23:14:32 2003 :: Sock.sinaddr:  66.25.72.138
Fri Jan 17 23:14:34 2003 :: Loading Prodigy.
Fri Jan 17 23:14:35 2003 :: Look out, Prodigy@cs662572-138.satx.rr.com has connected.
Fri Jan 17 23:14:53 2003 :: Xhaedn has quit.
Fri Jan 17 23:14:59 2003 :: Log Chemosh: afk
Fri Jan 17 23:27:27 2003 :: Log Chemosh: afk
Fri Jan 17 23:34:53 2003 :: Majere has quit.
Fri Jan 17 23:35:05 2003 :: Roman has quit.
Fri Jan 17 23:41:08 2003 :: Sock.sinaddr:  68.144.213.62
Fri Jan 17 23:41:10 2003 :: Loading Torianis.
Fri Jan 17 23:41:10 2003 :: Look out, Torianis@h68-144-213-62.cg.shawcable.net has connected.
Fri Jan 17 23:46:42 2003 :: Torianis has quit.
Fri Jan 17 23:47:55 2003 :: Log Chemosh: imm mm
Fri Jan 17 23:48:27 2003 :: Log Chemosh: imm how bout quest info show where the mob/item is?
Fri Jan 17 23:48:53 2003 :: Log Chemosh: imm ooh, alrite
Fri Jan 17 23:49:30 2003 :: Log Chemosh: imm lol, dont do that =)
Fri Jan 17 23:51:20 2003 :: Prodigy has quit.
Fri Jan 17 23:53:52 2003 :: Log Chemosh: imm *nods*
Fri Jan 17 23:55:40 2003 :: Log Chemosh: sco
Fri Jan 17 23:56:04 2003 :: Log Chemosh: imm yah, get misaligned pretty easily
Fri Jan 17 23:57:59 2003 :: Log Chemosh: imm ouch
Sat Jan 18 00:01:58 2003 :: Log Chemosh: imm i could imagine...
Sat Jan 18 00:03:05 2003 :: Sock.sinaddr:  216.194.99.14
Sat Jan 18 00:04:55 2003 :: Log Hiddukel: asave changed
Sat Jan 18 00:04:56 2003 :: Log Hiddukel: copyover
Sat Jan 18 00:04:56 2003 :: ROM is ready to rock on port 6100.
Sat Jan 18 00:04:56 2003 :: Copyover recovery initiated
Sat Jan 18 00:04:56 2003 :: Loading Chemosh.
Sat Jan 18 00:04:56 2003 :: Loading Hiddukel.
Sat Jan 18 00:08:07 2003 :: Sock.sinaddr:  216.194.99.14
Sat Jan 18 00:08:15 2003 :: Loading Maedhros.
Sat Jan 18 00:08:16 2003 :: Look out, Maedhros@mudconnector.com has connected.
Sat Jan 18 00:09:13 2003 :: Log Hiddukel: snoop maed
Sat Jan 18 00:09:26 2003 :: Log Hiddukel: asperson maed auto
Sat Jan 18 00:10:07 2003 :: Log Hiddukel: asperson maed auto
Sat Jan 18 00:10:12 2003 :: Sock.sinaddr:  64.40.55.4
Sat Jan 18 00:10:22 2003 :: Loading Paladine.
Sat Jan 18 00:10:24 2003 :: Look out, Paladine@64-40-55-4.ncplus.net has connected.
Sat Jan 18 00:10:27 2003 :: Paladine gets skill mend
Sat Jan 18 00:11:21 2003 :: Maedhros has quit.
Sat Jan 18 00:11:29 2003 :: Sock.sinaddr:  216.194.99.14
Sat Jan 18 00:11:32 2003 :: Loading Maedhros.
Sat Jan 18 00:11:33 2003 :: Look out, Maedhros@mudconnector.com has connected.
Sat Jan 18 00:11:37 2003 :: Log Hiddukel: asperson maed auto
Sat Jan 18 00:12:58 2003 :: Log Chemosh: imm hi
Sat Jan 18 00:33:45 2003 :: Sock.sinaddr:  64.77.156.109
Sat Jan 18 00:33:49 2003 :: Loading Ladron.
Sat Jan 18 00:33:50 2003 :: Look out, Ladron@d045.as0.mdsn.in.voyager.net has connected.
Sat Jan 18 00:41:40 2003 :: Maedhros has quit.
Sat Jan 18 00:47:15 2003 :: Ladron has quit.
Sat Jan 18 00:47:23 2003 :: Log Hiddukel: asave changed
Sat Jan 18 00:47:24 2003 :: Log Hiddukel: copyover
Sat Jan 18 00:47:24 2003 :: ROM is ready to rock on port 6100.
Sat Jan 18 00:47:24 2003 :: Copyover recovery initiated
Sat Jan 18 00:47:24 2003 :: Loading Paladine.
Sat Jan 18 00:47:24 2003 :: Loading Hiddukel.
Sat Jan 18 00:47:24 2003 :: Loading Chemosh.
Sat Jan 18 00:53:58 2003 :: Sock.sinaddr:  64.77.156.109
Sat Jan 18 00:54:00 2003 :: Loading Ladron.
Sat Jan 18 00:54:01 2003 :: Look out, Ladron@d045.as0.mdsn.in.voyager.net has connected.
Sat Jan 18 01:10:16 2003 :: Ladron has quit.
Sat Jan 18 01:10:20 2003 :: Log Chemosh: who
Sat Jan 18 01:10:25 2003 :: Log Chemosh: who
Sat Jan 18 01:13:27 2003 :: Sock.sinaddr:  216.194.99.14
Sat Jan 18 01:13:31 2003 :: Loading Maedhros.
Sat Jan 18 01:13:32 2003 :: Look out, Maedhros@mudconnector.com has connected.
Sat Jan 18 01:14:32 2003 :: Log Paladine: load obj 10881
Sat Jan 18 01:22:08 2003 :: Log Paladine: snoop mae
Sat Jan 18 01:22:20 2003 :: Sock.sinaddr:  216.194.99.14
Sat Jan 18 01:22:20 2003 :: EOF encountered on read.
Sat Jan 18 01:27:47 2003 :: Maedhros killed by a small street dog at 3261
Sat Jan 18 01:41:08 2003 :: Log Paladine: restore maed
Sat Jan 18 01:44:46 2003 :: Log Paladine: purge warden
Sat Jan 18 01:44:48 2003 :: Log Paladine: purge warden
Sat Jan 18 01:44:51 2003 :: Log Paladine: apurge self
Sat Jan 18 01:48:49 2003 :: Log Paladine: snoop self
Sat Jan 18 01:48:56 2003 :: Log Paladine: snoop maed
Sat Jan 18 01:53:45 2003 :: Log Paladine: laston falcor
Sat Jan 18 01:54:07 2003 :: Log Paladine: laston gromph
Sat Jan 18 01:54:29 2003 :: Log Paladine: asp maed aff
Sat Jan 18 01:55:09 2003 :: Log Paladine: snoop self
Sat Jan 18 01:55:14 2003 :: Log Paladine: asp maed score
Sat Jan 18 01:55:32 2003 :: Log Paladine: reward maed 200
Sat Jan 18 01:55:49 2003 :: Log Paladine: reward maed 200
Sat Jan 18 02:15:39 2003 :: Sock.sinaddr:  4.64.88.32
Sat Jan 18 02:15:40 2003 :: Loading Lando.
Sat Jan 18 02:15:41 2003 :: Look out, Lando@evrtwa1-ar5-4-64-088-032.evrtwa1.dsl-verizon.net has connected.
Sat Jan 18 02:22:18 2003 :: Sock.sinaddr:  216.194.99.14
Sat Jan 18 02:23:00 2003 :: Kylsanas@mudconnector.com new player.
Sat Jan 18 02:23:26 2003 :: Lando has quit.
Sat Jan 18 02:23:34 2003 :: Maedhros has quit.
Sat Jan 18 02:26:27 2003 :: Sock.sinaddr:  66.248.83.202
Sat Jan 18 02:26:31 2003 :: Loading Xhaedn.
Sat Jan 18 02:26:33 2003 :: Look out, Xhaedn@13-202.006.popsite.net has connected.
Sat Jan 18 02:29:33 2003 :: EOF encountered on read.
Sat Jan 18 02:29:33 2003 :: Closing link to Kylsanas.
Sat Jan 18 02:29:57 2003 :: Sock.sinaddr:  66.248.82.21
Sat Jan 18 02:30:00 2003 :: Loading Cael.
Sat Jan 18 02:30:01 2003 :: Look out, Cael@12-021.006.popsite.net has connected.
Sat Jan 18 02:30:01 2003 :: Cael gets skill evade
Read_from_descriptor: Connection reset by peer
Sat Jan 18 02:30:10 2003 :: Closing link to Cael.
Sat Jan 18 02:30:13 2003 :: Sock.sinaddr:  66.248.82.21
Sat Jan 18 02:30:15 2003 :: Loading Cael.
Sat Jan 18 02:30:17 2003 :: Cael@12-021.006.popsite.net reconnected.
Sat Jan 18 02:30:18 2003 :: Cael has quit.
Sat Jan 18 02:30:20 2003 :: Sock.sinaddr:  66.248.82.21
Sat Jan 18 02:30:23 2003 :: Loading Xhaedn.
Sat Jan 18 02:30:26 2003 :: Closing link to Xhaedn.
Sat Jan 18 02:30:26 2003 :: Xhaedn@12-021.006.popsite.net reconnected.
Sat Jan 18 02:30:33 2003 :: Sock.sinaddr:  66.248.82.21
Sat Jan 18 02:30:34 2003 :: Loading Chemosh.
Sat Jan 18 02:30:34 2003 :: Closing link to Chemosh.
Sat Jan 18 02:30:34 2003 :: Chemosh@12-021.006.popsite.net reconnected.
Sat Jan 18 02:30:55 2003 :: Log Chemosh: sock
Sat Jan 18 02:46:23 2003 :: Log Paladine: check
Sat Jan 18 02:46:45 2003 :: Xhaedn has quit.
Sat Jan 18 03:47:05 2003 :: Sock.sinaddr:  172.169.210.60
Sat Jan 18 03:47:07 2003 :: Loading Altessa.
Sat Jan 18 03:47:08 2003 :: Look out, Altessa@ACA9D23C.ipt.aol.com has connected.
Sat Jan 18 03:49:49 2003 :: Altessa has quit.
Sat Jan 18 03:51:48 2003 :: Log Chemosh: who
Sat Jan 18 04:00:27 2003 :: Paladine has quit.
Sat Jan 18 04:14:27 2003 :: Log Chemosh: who
Sat Jan 18 04:32:49 2003 :: Log Chemosh: who
Sat Jan 18 04:32:51 2003 :: Log Chemosh: imm night
Sat Jan 18 04:33:03 2003 :: Log Chemosh: quit
Sat Jan 18 04:33:03 2003 :: Chemosh has quit.
Sat Jan 18 05:38:19 2003 :: Sock.sinaddr:  65.179.232.254
Sat Jan 18 05:38:23 2003 :: Loading Morgion.
Sat Jan 18 05:38:25 2003 :: Look out, Morgion@sdn-ap-026castocP0254.dialsprint.net has connected.
Sat Jan 18 05:38:29 2003 :: Morgion gets skill mend
Sat Jan 18 05:54:01 2003 :: Log Morgion: string obj tat short {D({X{yoozing{x{D){X A tattoo of a {DBlack{x {yLocust{x
Sat Jan 18 05:56:04 2003 :: Log Morgion: string obj plate short {D(Translucent){x {DBlack{y Plague{x armor
Sat Jan 18 05:57:22 2003 :: Log Morgion: string obj plate name black plague armor
Sat Jan 18 05:58:05 2003 :: Log Morgion: string obj armor long some dark colored armor is here
Sat Jan 18 06:01:23 2003 :: Log Morgion: asave area
Sat Jan 18 06:01:46 2003 :: Log Morgion: asave area
Sat Jan 18 06:10:18 2003 :: Log Morgion: clone ring
Sat Jan 18 06:12:05 2003 :: Log Morgion: string obj ring short {DBlack{y Wind{x
Sat Jan 18 06:13:39 2003 :: Log Morgion: string obj ring long a dark colored ring lays here 
Sat Jan 18 06:13:51 2003 :: Log Morgion: string obj ring name black wind
Sat Jan 18 06:14:04 2003 :: Log Morgion: string obj ring short {DBlack{y Wind{x
Sat Jan 18 06:14:10 2003 :: Log Morgion: string obj ring long a dark colored ring lays here 
Sat Jan 18 06:14:17 2003 :: Log Morgion: string obj ring name black wind
Sat Jan 18 06:15:40 2003 :: Log Morgion: fslay guard
Sat Jan 18 06:16:23 2003 :: Log Morgion: clone night
Sat Jan 18 06:17:41 2003 :: Log Morgion: string obj night short {DCloak{x of {yDisease{x
Sat Jan 18 06:18:19 2003 :: Log Morgion: string obj night name cloak disease
Sat Jan 18 06:18:35 2003 :: Log Morgion: string obj night name cloak disease
Sat Jan 18 06:18:41 2003 :: Log Morgion: string obj night name cloak disease
Sat Jan 18 06:19:28 2003 :: Log Morgion: string obj cloak short {DCloak{x of {yDecay{x
Sat Jan 18 06:26:02 2003 :: Log Morgion: slay spect
Sat Jan 18 06:26:26 2003 :: Log Morgion: slay black
Sat Jan 18 06:27:26 2003 :: Log Morgion: slay hands
Sat Jan 18 06:28:48 2003 :: Log Morgion: load
Sat Jan 18 06:29:09 2003 :: Log Morgion: load obj 12266 137
Sat Jan 18 06:29:16 2003 :: Log Morgion: load obj 12266 107
Sat Jan 18 06:33:48 2003 :: Log Morgion: string obj robes short a roiling {DBlack {yCloud{x
Sat Jan 18 06:34:29 2003 :: Log Morgion: string obj robes long a roiling black cloud floats here
Sat Jan 18 06:34:43 2003 :: Log Morgion: string obj robes name black cloud
Read_from_descriptor: Connection reset by peer
Sat Jan 18 06:43:45 2003 :: Closing link to Morgion.
Sat Jan 18 06:43:48 2003 :: Sock.sinaddr:  65.179.232.254
Sat Jan 18 06:43:54 2003 :: Loading Morgion.
Sat Jan 18 06:43:58 2003 :: Morgion@sdn-ap-026castocP0254.dialsprint.net reconnected.
Sat Jan 18 07:14:33 2003 :: Sock.sinaddr:  63.78.155.128
Sat Jan 18 07:14:37 2003 :: Loading Braum.
Sat Jan 18 07:14:40 2003 :: Look out, Braum@155door128.door.net has connected.
Sat Jan 18 07:15:56 2003 :: Log Morgion: snoop braum
Sat Jan 18 07:19:07 2003 :: Log Morgion: snoop self
Sat Jan 18 07:26:26 2003 :: Sock.sinaddr:  65.179.232.254
Sat Jan 18 07:26:26 2003 :: Sock.sinaddr:  65.179.232.254
Sat Jan 18 07:26:33 2003 :: Morgion has quit.
Sat Jan 18 07:26:43 2003 :: Loading Morgion.
Sat Jan 18 07:26:47 2003 :: Look out, Morgion@sdn-ap-026castocP0254.dialsprint.net has connected.
Sat Jan 18 07:30:56 2003 :: Morgion has quit.
Read_from_descriptor: Connection reset by peer
Sat Jan 18 07:55:34 2003 :: Braum has quit.
Sat Jan 18 08:11:59 2003 :: Sock.sinaddr:  63.78.155.128
Sat Jan 18 08:12:04 2003 :: Loading Braum.
Sat Jan 18 08:12:07 2003 :: Look out, Braum@155door128.door.net has connected.
Sat Jan 18 08:38:19 2003 :: Braum killed by an injured man at 1930
Sat Jan 18 08:42:32 2003 :: Sock.sinaddr:  65.64.247.64
Sat Jan 18 08:45:49 2003 :: Lokenna@adsl-65-64-247-64.dsl.hstntx.swbell.net new player.
Sat Jan 18 08:59:32 2003 :: Braum has quit.
Sat Jan 18 09:13:25 2003 :: Lokenna killed by a chained criminal at 3710
Sat Jan 18 09:14:26 2003 :: EOF encountered on read.
Sat Jan 18 09:14:26 2003 :: Closing link to Lokenna.
Sat Jan 18 09:24:04 2003 :: Sock.sinaddr:  63.78.155.100
Sat Jan 18 09:24:13 2003 :: Loading Braum.
Sat Jan 18 09:24:15 2003 :: Look out, Braum@155door100.door.net has connected.
Sat Jan 18 09:24:52 2003 :: Log Braum: delete
Sat Jan 18 09:24:53 2003 :: Sock.sinaddr:  172.159.159.113
Sat Jan 18 09:25:01 2003 :: Log Braum: delete
Sat Jan 18 09:25:06 2003 :: Sock.sinaddr:  63.78.155.100
Sat Jan 18 09:25:57 2003 :: EOF encountered on read.
Sat Jan 18 09:25:57 2003 :: Closing link to Aiemon.
Sat Jan 18 09:26:03 2003 :: Sock.sinaddr:  172.159.159.113
Sat Jan 18 09:26:13 2003 :: Sock.sinaddr:  172.159.159.113
Sat Jan 18 09:27:44 2003 :: Aiemon@AC9F9F71.ipt.aol.com new player.
Sat Jan 18 09:28:05 2003 :: Braum@155door100.door.net new player.
Sat Jan 18 09:33:02 2003 :: Log Aiemon: delete
Sat Jan 18 09:33:03 2003 :: Log Aiemon: delete
Sat Jan 18 09:34:35 2003 :: Sock.sinaddr:  64.77.156.74
Sat Jan 18 09:34:40 2003 :: Loading Ladron.
Sat Jan 18 09:34:42 2003 :: Look out, Ladron@d010.as0.mdsn.in.voyager.net has connected.
Sat Jan 18 09:50:10 2003 :: Braum gained level 2
Sat Jan 18 09:54:48 2003 :: Sock.sinaddr:  24.29.79.142
Sat Jan 18 09:54:49 2003 :: Loading Jessca.
Sat Jan 18 09:54:50 2003 :: Look out, Jessca@alb-24-29-79-142.nycap.rr.com has connected.
Sat Jan 18 09:55:22 2003 :: Jessca has quit.
Sat Jan 18 09:58:16 2003 :: Braum gained level 3
Sat Jan 18 10:05:46 2003 :: Ladron has quit.
Sat Jan 18 10:09:40 2003 :: Braum gained level 4
Sat Jan 18 10:11:10 2003 :: Log Hiddukel: restore
Sat Jan 18 10:11:13 2003 :: Log Hiddukel: restore braum,
Sat Jan 18 10:11:17 2003 :: Log Hiddukel: restore braum
Sat Jan 18 10:17:03 2003 :: Hiddukel has quit.
Sat Jan 18 10:21:25 2003 :: Braum gained level 5
Sat Jan 18 10:29:00 2003 :: Sock.sinaddr:  64.77.156.74
Sat Jan 18 10:29:02 2003 :: Loading Ladron.
Sat Jan 18 10:29:03 2003 :: Look out, Ladron@d010.as0.mdsn.in.voyager.net has connected.
Sat Jan 18 10:30:50 2003 :: Ladron has quit.
Sat Jan 18 10:33:59 2003 :: Sock.sinaddr:  68.144.213.62
Sat Jan 18 10:34:00 2003 :: Loading Torianis.
Sat Jan 18 10:34:01 2003 :: Look out, Torianis@h68-144-213-62.cg.shawcable.net has connected.
Sat Jan 18 10:34:28 2003 :: Torianis has quit.
Sat Jan 18 10:35:13 2003 :: Braum gained level 6
Sat Jan 18 11:03:14 2003 :: Braum gained level 7
Sat Jan 18 11:03:55 2003 :: Braum has quit.
Sat Jan 18 11:05:33 2003 :: Sock.sinaddr:  64.77.156.82
Sat Jan 18 11:05:36 2003 :: Loading Ladron.
Sat Jan 18 11:05:37 2003 :: Look out, Ladron@d018.as0.mdsn.in.voyager.net has connected.
Sat Jan 18 11:49:52 2003 :: Sock.sinaddr:  66.25.72.138
Sat Jan 18 11:49:55 2003 :: Loading Prodigy.
Sat Jan 18 11:49:56 2003 :: Look out, Prodigy@cs662572-138.satx.rr.com has connected.
Sat Jan 18 11:51:12 2003 :: Prodigy has quit.
Sat Jan 18 12:10:28 2003 :: Sock.sinaddr:  216.89.114.172
Sat Jan 18 12:12:54 2003 :: Loading Majere.
Sat Jan 18 12:12:55 2003 :: Look out, Majere@216-89-114-172.bv.dp.net has connected.
Sat Jan 18 12:14:28 2003 :: Majere gets skill mend
Sat Jan 18 12:15:36 2003 :: Sock.sinaddr:  172.186.171.125
Sat Jan 18 12:15:41 2003 :: Loading Quanto.
Sat Jan 18 12:15:43 2003 :: Look out, Quanto@ACBAAB7D.ipt.aol.com has connected.
Sat Jan 18 12:16:21 2003 :: Quanto has quit.
Sat Jan 18 12:18:11 2003 :: Log Majere: switch gilthanis
Sat Jan 18 12:18:15 2003 :: Log Majere: switch gilth
Sat Jan 18 12:19:12 2003 :: [*****] BUG: Mob_interpret: invalid cmd from mob 17501: 'grtransfer'
Sat Jan 18 12:21:46 2003 :: Majere has quit.
Sat Jan 18 12:29:33 2003 :: Sock.sinaddr:  204.255.95.85
Sat Jan 18 12:29:45 2003 :: Loading Braum.
Sat Jan 18 12:29:48 2003 :: Look out, Braum@doorhub85.hub.ofthe.net has connected.
Sat Jan 18 13:14:18 2003 :: Sock.sinaddr:  212.182.70.2
Sat Jan 18 13:14:28 2003 :: EOF encountered on read.
Sat Jan 18 13:14:28 2003 :: Closing link to Xantar.
Sat Jan 18 13:16:33 2003 :: Sock.sinaddr:  24.247.67.24
Sat Jan 18 13:16:37 2003 :: Loading Hiddukel.
Sat Jan 18 13:16:40 2003 :: Look out, Hiddukel@24.247.67.24.up.mi.chartermi.net has connected.
Sat Jan 18 13:16:42 2003 :: Hiddukel gets skill mend
Sat Jan 18 13:17:45 2003 :: Log Hiddukel: snoop lad
Sat Jan 18 13:20:32 2003 :: Log Hiddukel: snoop self
Sat Jan 18 13:24:45 2003 :: Log Hiddukel: laston duskrynn
Sat Jan 18 13:24:48 2003 :: Log Hiddukel: laston duskryn
Sat Jan 18 13:26:56 2003 :: Braum gained level 8
Sat Jan 18 13:31:07 2003 :: Sock.sinaddr:  66.248.83.25
Sat Jan 18 13:31:07 2003 :: Loading Chemosh.
Sat Jan 18 13:31:08 2003 :: Look out, Chemosh@13-025.006.popsite.net has connected.
Sat Jan 18 13:31:56 2003 :: Chemosh gets skill mend
Sat Jan 18 13:31:57 2003 :: Log Chemosh: who
Sat Jan 18 13:31:58 2003 :: Log Chemosh: note read
Sat Jan 18 13:44:54 2003 :: Sock.sinaddr:  172.152.199.157
Sat Jan 18 13:44:56 2003 :: Loading Altessa.
Sat Jan 18 13:44:57 2003 :: Look out, Altessa@AC98C79D.ipt.aol.com has connected.
Sat Jan 18 13:46:15 2003 :: Log Hiddukel: snoop alt
Sat Jan 18 13:48:23 2003 :: Log Hiddukel: snoop self
Sat Jan 18 13:48:27 2003 :: Log Hiddukel: log alt
Sat Jan 18 13:48:29 2003 :: Log Altessa: who
Sat Jan 18 13:48:32 2003 :: Log Hiddukel: log alt
Sat Jan 18 13:48:33 2003 :: Log Hiddukel: snoop alt
Sat Jan 18 13:50:38 2003 :: Braum gained level 9
Sat Jan 18 13:53:29 2003 :: Log Hiddukel: snoop self
Read_from_descriptor: Connection reset by peer
Sat Jan 18 13:56:50 2003 :: Closing link to Altessa.
Sat Jan 18 13:57:21 2003 :: Log Hiddukel: trans alt 3054
Sat Jan 18 14:00:33 2003 :: Sock.sinaddr:  172.148.184.64
Sat Jan 18 14:00:35 2003 :: EOF encountered on read.
Sat Jan 18 14:08:17 2003 :: Sock.sinaddr:  172.136.139.158
Sat Jan 18 14:08:19 2003 :: Loading Altessa.
Sat Jan 18 14:08:20 2003 :: Altessa@AC888B9E.ipt.aol.com reconnected.
Sat Jan 18 14:08:29 2003 :: Log Chemosh: who
Sat Jan 18 14:08:48 2003 :: Log Chemosh: user
Sat Jan 18 14:09:04 2003 :: Sock.sinaddr:  66.248.83.25
Sat Jan 18 14:09:08 2003 :: Loading Xhaedn.
Sat Jan 18 14:09:21 2003 :: Look out, Xhaedn@13-025.006.popsite.net has connected.
Sat Jan 18 14:15:40 2003 :: doorhub85.hub.ofthe.net input spamming!
Sat Jan 18 14:19:29 2003 :: Ladron has quit.
Sat Jan 18 14:19:38 2003 :: Sock.sinaddr:  64.77.156.82
Sat Jan 18 14:19:42 2003 :: Loading Ladron.
Sat Jan 18 14:19:43 2003 :: Look out, Ladron@d018.as0.mdsn.in.voyager.net has connected.
Sat Jan 18 14:20:05 2003 :: Ladron has quit.
Sat Jan 18 14:21:30 2003 :: Sock.sinaddr:  66.25.72.138
Sat Jan 18 14:21:33 2003 :: Loading Prodigy.
Sat Jan 18 14:21:33 2003 :: Look out, Prodigy@cs662572-138.satx.rr.com has connected.
Sat Jan 18 14:29:54 2003 :: Braum gained level 10
Sat Jan 18 14:32:09 2003 :: Braum has quit.
Sat Jan 18 14:40:23 2003 :: Log Chemosh: hero hehe
Sat Jan 18 14:44:28 2003 :: cs662572-138.satx.rr.com input spamming!
Sat Jan 18 14:54:43 2003 :: Log Chemosh: restore all
Sat Jan 18 14:54:53 2003 :: Log Chemosh: restore alte
Sat Jan 18 14:54:59 2003 :: Log Chemosh: lo
Sat Jan 18 14:58:04 2003 :: Prodigy has quit.
Sat Jan 18 15:03:44 2003 :: Sock.sinaddr:  65.179.232.88
Sat Jan 18 15:03:48 2003 :: Loading Morgion.
Sat Jan 18 15:03:50 2003 :: Look out, Morgion@sdn-ap-026castocP0088.dialsprint.net has connected.
Sat Jan 18 15:04:07 2003 :: Log Chemosh: user
Sat Jan 18 15:04:09 2003 :: Log Chemosh: who
Sat Jan 18 15:04:16 2003 :: Log Chemosh: purge alt
Sat Jan 18 15:04:18 2003 :: Log Chemosh: who
Sat Jan 18 15:04:22 2003 :: Log Chemosh: imm hey
Sat Jan 18 15:04:27 2003 :: Sock.sinaddr:  172.136.139.158
Sat Jan 18 15:04:29 2003 :: Loading Altessa.
Sat Jan 18 15:04:30 2003 :: Look out, Altessa@AC888B9E.ipt.aol.com has connected.
Sat Jan 18 15:05:09 2003 :: Log Chemosh: imm i want my guard skill? =)
Sat Jan 18 15:05:46 2003 :: Log Hiddukel: asperson xhaed prac
Sat Jan 18 15:05:58 2003 :: Log Hiddukel: asperson xhaed skill
Sat Jan 18 15:12:09 2003 :: Sock.sinaddr:  65.179.232.88
Sat Jan 18 15:12:18 2003 :: Loading Sarven.
Sat Jan 18 15:12:21 2003 :: Look out, Sarven@sdn-ap-026castocP0088.dialsprint.net has connected.
Sat Jan 18 15:34:38 2003 :: Altessa has quit.
Sat Jan 18 15:35:44 2003 :: Sarven has quit.
Sat Jan 18 15:36:04 2003 :: Morgion has quit.
Sat Jan 18 15:41:18 2003 :: Sock.sinaddr:  216.194.99.14
Sat Jan 18 15:41:22 2003 :: Loading Dhamon.
Sat Jan 18 15:41:24 2003 :: Look out, Dhamon@mudconnector.com has connected.
Sat Jan 18 15:43:20 2003 :: Log Chemosh: sock
Sat Jan 18 15:46:34 2003 :: Sock.sinaddr:  216.89.113.248
Sat Jan 18 15:46:45 2003 :: Loading Majere.
Sat Jan 18 15:46:49 2003 :: Look out, Majere@216-89-113-248.bv.dp.net has connected.
