Mon Jan 20 23:19:35 2003 :: ROM is ready to rock on port 6100.
Mon Jan 20 23:19:37 2003 :: Sock.sinaddr:  35.9.48.167
Mon Jan 20 23:19:42 2003 :: Sock.sinaddr:  24.247.67.24
Mon Jan 20 23:19:44 2003 :: Loading Hiddukel.
Mon Jan 20 23:19:46 2003 :: Look out, Hiddukel@24.247.67.24.up.mi.chartermi.net has connected.
Mon Jan 20 23:19:47 2003 :: Hiddukel gets skill repair shield
Mon Jan 20 23:19:47 2003 :: Hiddukel gets skill leather repair
Mon Jan 20 23:19:47 2003 :: Hiddukel gets skill plate repair
Mon Jan 20 23:19:47 2003 :: Hiddukel gets skill chain repair
Mon Jan 20 23:19:47 2003 :: Hiddukel gets skill weapon repair
Mon Jan 20 23:19:51 2003 :: Sock.sinaddr:  64.40.51.53
Mon Jan 20 23:19:56 2003 :: Loading Kaillen.
Mon Jan 20 23:19:58 2003 :: Loading Paladine.
Mon Jan 20 23:20:00 2003 :: Look out, Paladine@64-40-51-53.ncplus.net has connected.
Mon Jan 20 23:20:02 2003 :: Look out, Kaillen@pm529-15.dialip.mich.net has connected.
Mon Jan 20 23:20:03 2003 :: Paladine gets skill repair shield
Mon Jan 20 23:20:03 2003 :: Paladine gets skill leather repair
Mon Jan 20 23:20:03 2003 :: Paladine gets skill plate repair
Mon Jan 20 23:20:03 2003 :: Paladine gets skill chain repair
Mon Jan 20 23:20:03 2003 :: Paladine gets skill weapon repair
Mon Jan 20 23:20:05 2003 :: Kaillen gets skill enhanced damage
Mon Jan 20 23:20:05 2003 :: Kaillen gets skill bow
Mon Jan 20 23:21:25 2003 :: Log Hiddukel: set skill hiddukel all 100
Mon Jan 20 23:21:34 2003 :: Sock.sinaddr:  216.194.99.14
Mon Jan 20 23:21:38 2003 :: Loading Maedhros.
Mon Jan 20 23:21:39 2003 :: Look out, Maedhros@mudconnector.com has connected.
Mon Jan 20 23:25:53 2003 :: Sock.sinaddr:  66.248.84.91
Mon Jan 20 23:25:53 2003 :: Loading Chemosh.
Mon Jan 20 23:25:54 2003 :: Look out, Chemosh@14-091.006.popsite.net has connected.
Mon Jan 20 23:25:55 2003 :: Chemosh gets skill repair shield
Mon Jan 20 23:25:55 2003 :: Chemosh gets skill leather repair
Mon Jan 20 23:25:55 2003 :: Chemosh gets skill plate repair
Mon Jan 20 23:25:55 2003 :: Chemosh gets skill chain repair
Mon Jan 20 23:25:55 2003 :: Chemosh gets skill weapon repair
Mon Jan 20 23:28:59 2003 :: Log Hiddukel: set skill kaillen enhanced 2
Mon Jan 20 23:29:05 2003 :: Log Hiddukel: asperson kai skill
Mon Jan 20 23:34:49 2003 :: Log Paladine: load obj 1222
Mon Jan 20 23:37:37 2003 :: Sock.sinaddr:  65.179.240.179
Mon Jan 20 23:37:42 2003 :: Loading Morgion.
Mon Jan 20 23:37:44 2003 :: Look out, Morgion@sdn-ap-027castocP0179.dialsprint.net has connected.
Mon Jan 20 23:37:48 2003 :: Morgion gets skill repair shield
Mon Jan 20 23:37:48 2003 :: Morgion gets skill leather repair
Mon Jan 20 23:37:48 2003 :: Morgion gets skill plate repair
Mon Jan 20 23:37:48 2003 :: Morgion gets skill chain repair
Mon Jan 20 23:37:48 2003 :: Morgion gets skill weapon repair
Mon Jan 20 23:45:03 2003 :: Maedhros has quit.
Mon Jan 20 23:52:52 2003 :: Sock.sinaddr:  65.179.240.179
Mon Jan 20 23:52:55 2003 :: Loading Rey.
Mon Jan 20 23:52:58 2003 :: Look out, Rey@sdn-ap-027castocP0179.dialsprint.net has connected.
Mon Jan 20 23:52:59 2003 :: Rey gets skill enhanced damage
Mon Jan 20 23:52:59 2003 :: Rey gets skill bow
Tue Jan 21 00:11:28 2003 :: Sock.sinaddr:  172.140.77.43
Tue Jan 21 00:11:34 2003 :: Loading Altessa.
Tue Jan 21 00:11:36 2003 :: Look out, Altessa@AC8C4D2B.ipt.aol.com has connected.
Tue Jan 21 00:21:30 2003 :: Altessa has quit.
Tue Jan 21 00:58:42 2003 :: Sock.sinaddr:  172.151.28.203
Tue Jan 21 00:58:43 2003 :: Loading Dagaard.
Tue Jan 21 00:58:44 2003 :: Look out, Dagaard@AC971CCB.ipt.aol.com has connected.
Tue Jan 21 01:00:08 2003 :: Log Paladine: load obj 10881
Tue Jan 21 01:20:17 2003 :: Dagaard has quit.
Tue Jan 21 01:21:15 2003 :: Log Paladine: tele kaillen
Tue Jan 21 01:21:16 2003 :: Sock.sinaddr:  216.194.99.14
Tue Jan 21 01:21:17 2003 :: EOF encountered on read.
Read_from_descriptor: Connection reset by peer
Tue Jan 21 01:44:20 2003 :: Closing link to Kaillen.
Tue Jan 21 01:44:25 2003 :: Sock.sinaddr:  35.9.48.167
Tue Jan 21 01:44:28 2003 :: Loading Kaillen.
Tue Jan 21 01:44:31 2003 :: Kaillen@pm529-15.dialip.mich.net reconnected.
Tue Jan 21 01:59:07 2003 :: Sock.sinaddr:  35.9.48.6
Tue Jan 21 01:59:10 2003 :: Loading Kaillen.
Tue Jan 21 01:59:15 2003 :: Closing link to Kaillen.
Tue Jan 21 01:59:15 2003 :: Kaillen@pm526-04.dialip.mich.net reconnected.
Tue Jan 21 02:05:55 2003 :: Log Rey: murder kai
Tue Jan 21 02:06:05 2003 :: Log Paladine: snoop kail
Tue Jan 21 02:17:01 2003 :: Log Paladine: snoop self
Tue Jan 21 02:17:41 2003 :: Rey has quit.
Tue Jan 21 02:17:52 2003 :: Morgion has quit.
Tue Jan 21 02:33:20 2003 :: Log Paladine: set skill self all 100
Tue Jan 21 03:03:52 2003 :: Kaillen has quit.
Tue Jan 21 03:06:33 2003 :: Sock.sinaddr:  35.9.48.11
Tue Jan 21 03:06:42 2003 :: Loading Kaillen.
Tue Jan 21 03:06:47 2003 :: Look out, Kaillen@pm526-09.dialip.mich.net has connected.
Tue Jan 21 03:19:52 2003 :: Kaillen gained level 38
Tue Jan 21 03:29:18 2003 :: Sock.sinaddr:  66.248.81.148
Tue Jan 21 03:29:19 2003 :: Loading Chemosh.
Tue Jan 21 03:29:19 2003 :: Closing link to Chemosh.
Tue Jan 21 03:29:19 2003 :: Chemosh@11-148.006.popsite.net reconnected.
Tue Jan 21 03:29:25 2003 :: Hiddukel has quit.
Tue Jan 21 03:33:57 2003 :: Sock.sinaddr:  24.247.67.24
Tue Jan 21 03:33:59 2003 :: Loading Hiddukel.
Tue Jan 21 03:34:01 2003 :: Look out, Hiddukel@24.247.67.24.up.mi.chartermi.net has connected.
Tue Jan 21 03:38:05 2003 :: Sock.sinaddr:  35.9.48.11
Read_from_descriptor: Connection reset by peer
Tue Jan 21 03:38:05 2003 :: Closing link to Kaillen.
Tue Jan 21 03:38:10 2003 :: Loading Kaillen.
Tue Jan 21 03:38:13 2003 :: Kaillen@pm526-09.dialip.mich.net reconnected.
Read_from_descriptor: Connection reset by peer
Tue Jan 21 03:44:49 2003 :: Closing link to Kaillen.
Tue Jan 21 03:44:52 2003 :: Sock.sinaddr:  35.9.48.11
Tue Jan 21 03:44:55 2003 :: Loading Kaillen.
Tue Jan 21 03:44:58 2003 :: Kaillen@pm526-09.dialip.mich.net reconnected.
Tue Jan 21 03:57:12 2003 :: Paladine has quit.
Read_from_descriptor: Connection reset by peer
Tue Jan 21 04:04:07 2003 :: Closing link to Kaillen.
Tue Jan 21 04:04:14 2003 :: Sock.sinaddr:  35.9.48.11
Tue Jan 21 04:04:17 2003 :: Loading Kaillen.
Tue Jan 21 04:04:20 2003 :: Kaillen@pm526-09.dialip.mich.net reconnected.
Tue Jan 21 04:05:07 2003 :: Chemosh has quit.
Tue Jan 21 04:20:06 2003 :: Sock.sinaddr:  35.9.48.11
Tue Jan 21 04:20:09 2003 :: Loading Kaillen.
Tue Jan 21 04:20:18 2003 :: Closing link to Kaillen.
Tue Jan 21 04:20:18 2003 :: Kaillen@pm526-09.dialip.mich.net reconnected.
Read_from_descriptor: Connection reset by peer
Tue Jan 21 04:32:31 2003 :: Closing link to Kaillen.
Tue Jan 21 04:32:31 2003 :: Sock.sinaddr:  35.9.48.11
Tue Jan 21 04:32:37 2003 :: Loading Kaillen.
Tue Jan 21 04:32:39 2003 :: Kaillen@pm526-09.dialip.mich.net reconnected.
Tue Jan 21 04:50:36 2003 :: Log Hiddukel: check
Tue Jan 21 05:37:12 2003 :: Sock.sinaddr:  35.9.48.11
Read_from_descriptor: Connection reset by peer
Tue Jan 21 05:37:12 2003 :: Closing link to Kaillen.
Tue Jan 21 05:37:19 2003 :: Loading Kaillen.
Tue Jan 21 05:38:01 2003 :: Kaillen@pm526-09.dialip.mich.net reconnected.
Tue Jan 21 05:44:04 2003 :: Kaillen has quit.
Tue Jan 21 06:11:56 2003 :: Sock.sinaddr:  131.227.115.87
Tue Jan 21 06:12:01 2003 :: Loading Shinare.
Tue Jan 21 06:12:03 2003 :: Look out, Shinare@dublin.ph.surrey.ac.uk has connected.
Tue Jan 21 06:12:05 2003 :: Shinare gets skill repair shield
Tue Jan 21 06:12:05 2003 :: Shinare gets skill leather repair
Tue Jan 21 06:12:05 2003 :: Shinare gets skill plate repair
Tue Jan 21 06:12:05 2003 :: Shinare gets skill chain repair
Tue Jan 21 06:12:05 2003 :: Shinare gets skill weapon repair
Tue Jan 21 06:12:33 2003 :: Shinare has quit.
Tue Jan 21 06:57:37 2003 :: Hiddukel has quit.
Tue Jan 21 07:03:17 2003 :: Sock.sinaddr:  68.50.246.175
Tue Jan 21 07:03:20 2003 :: Loading Kirith.
Tue Jan 21 07:03:23 2003 :: Look out, Kirith@pcp01652371pcs.manass01.va.comcast.net has connected.
Tue Jan 21 07:03:24 2003 :: Kirith gets skill waterlungs
Tue Jan 21 07:04:34 2003 :: Kirith has quit.
Tue Jan 21 07:04:40 2003 :: Sock.sinaddr:  68.50.246.175
Tue Jan 21 07:04:45 2003 :: Loading Gilean.
Tue Jan 21 07:04:47 2003 :: Look out, Gilean@pcp01652371pcs.manass01.va.comcast.net has connected.
Tue Jan 21 07:04:50 2003 :: Gilean gets skill mend
Tue Jan 21 07:04:50 2003 :: Gilean gets skill repair shield
Tue Jan 21 07:04:50 2003 :: Gilean gets skill leather repair
Tue Jan 21 07:04:50 2003 :: Gilean gets skill plate repair
Tue Jan 21 07:04:50 2003 :: Gilean gets skill chain repair
Tue Jan 21 07:04:50 2003 :: Gilean gets skill weapon repair
Tue Jan 21 07:05:17 2003 :: Gilean has quit.
Tue Jan 21 07:49:21 2003 :: Sock.sinaddr:  165.138.121.1
Tue Jan 21 07:49:32 2003 :: Loading Ladron.
Tue Jan 21 07:49:35 2003 :: Look out, Ladron@165.138.121.1 has connected.
Tue Jan 21 07:51:15 2003 :: Ladron has quit.
Tue Jan 21 07:57:02 2003 :: Sock.sinaddr:  68.144.213.62
Tue Jan 21 07:57:03 2003 :: Loading Torianis.
Tue Jan 21 07:57:03 2003 :: Look out, Torianis@h68-144-213-62.cg.shawcable.net has connected.
Tue Jan 21 07:57:11 2003 :: Torianis has quit.
Tue Jan 21 08:12:18 2003 :: Sock.sinaddr:  68.144.213.62
Tue Jan 21 08:12:19 2003 :: Loading Torianis.
Tue Jan 21 08:12:20 2003 :: Look out, Torianis@h68-144-213-62.cg.shawcable.net has connected.
Tue Jan 21 08:20:02 2003 :: Torianis gained level 39
Tue Jan 21 08:21:56 2003 :: Torianis has quit.
Tue Jan 21 08:28:16 2003 :: Sock.sinaddr:  165.138.121.1
Tue Jan 21 08:28:20 2003 :: Loading Ladron.
Tue Jan 21 08:28:22 2003 :: Look out, Ladron@165.138.121.1 has connected.
Tue Jan 21 08:28:29 2003 :: Ladron has quit.
Tue Jan 21 09:15:42 2003 :: Sock.sinaddr:  165.138.121.1
Tue Jan 21 09:15:47 2003 :: Loading Ladron.
Tue Jan 21 09:15:49 2003 :: Look out, Ladron@165.138.121.1 has connected.
Tue Jan 21 09:15:55 2003 :: Ladron has quit.
Tue Jan 21 09:30:58 2003 :: Sock.sinaddr:  198.161.203.41
Tue Jan 21 09:31:06 2003 :: Loading Draeborne.
Tue Jan 21 09:31:09 2003 :: Look out, Draeborne@198.161.203.41 has connected.
Tue Jan 21 09:32:22 2003 :: Sock.sinaddr:  35.12.24.56
Tue Jan 21 09:32:28 2003 :: Loading Kaillen.
Tue Jan 21 09:32:32 2003 :: Look out, Kaillen@pm843-04.dialip.mich.net has connected.
Tue Jan 21 09:34:37 2003 :: Draeborne has quit.
Tue Jan 21 09:35:35 2003 :: Sock.sinaddr:  35.12.19.112
Tue Jan 21 09:35:40 2003 :: Loading Kaillen.
Tue Jan 21 09:35:43 2003 :: Kaillen. Bad Password. IP: pm727-10.dialip.mich.net> DoggyMan
Tue Jan 21 09:35:43 2003 :: Closing link to Kaillen.
Tue Jan 21 09:36:04 2003 :: Sock.sinaddr:  35.12.19.112
Tue Jan 21 09:36:13 2003 :: Loading Kaillen.
Tue Jan 21 09:36:18 2003 :: Closing link to Kaillen.
Tue Jan 21 09:36:18 2003 :: Kaillen@pm727-10.dialip.mich.net reconnected.
Tue Jan 21 09:38:21 2003 :: Sock.sinaddr:  198.161.203.41
Tue Jan 21 09:38:28 2003 :: Loading Draeborne.
Tue Jan 21 09:38:35 2003 :: Look out, Draeborne@198.161.203.41 has connected.
Tue Jan 21 09:39:16 2003 :: EOF encountered on read.
Tue Jan 21 09:39:16 2003 :: Closing link to Draeborne.
Tue Jan 21 09:50:05 2003 :: Sock.sinaddr:  35.12.26.111
Tue Jan 21 09:50:09 2003 :: Loading Kaillen.
Tue Jan 21 09:50:13 2003 :: Closing link to Kaillen.
Tue Jan 21 09:50:13 2003 :: Kaillen@pm855-09.dialip.mich.net reconnected.
Tue Jan 21 09:55:02 2003 :: Draeborne has quit.
Tue Jan 21 10:22:59 2003 :: Sock.sinaddr:  35.12.22.67
Tue Jan 21 10:23:02 2003 :: Loading Kaillen.
Tue Jan 21 10:23:06 2003 :: Closing link to Kaillen.
Tue Jan 21 10:23:06 2003 :: Kaillen@pm835-15.dialip.mich.net reconnected.
Tue Jan 21 10:26:45 2003 :: Sock.sinaddr:  198.161.203.41
Tue Jan 21 10:26:51 2003 :: Loading Draeborne.
Tue Jan 21 10:26:53 2003 :: Look out, Draeborne@198.161.203.41 has connected.
Tue Jan 21 10:28:12 2003 :: Draeborne has quit.
Tue Jan 21 10:28:24 2003 :: Sock.sinaddr:  198.161.203.41
Tue Jan 21 10:29:23 2003 :: Arealas@198.161.203.41 new player.
Tue Jan 21 10:30:07 2003 :: 198.161.203.41 input spamming!
Tue Jan 21 10:35:47 2003 :: Arealas gained level 2
Tue Jan 21 10:42:14 2003 :: Arealas gained level 3
Tue Jan 21 10:46:53 2003 :: Arealas killed by a chained criminal at 3710
Tue Jan 21 10:53:57 2003 :: Kaillen gained level 39
Tue Jan 21 10:57:00 2003 :: Arealas gained level 4
Tue Jan 21 11:02:50 2003 :: Arealas has quit.
Tue Jan 21 11:48:03 2003 :: Kaillen gained level 40
Tue Jan 21 12:05:09 2003 :: Sock.sinaddr:  24.247.67.24
Tue Jan 21 12:05:12 2003 :: Loading Hiddukel.
Tue Jan 21 12:05:14 2003 :: Look out, Hiddukel@24.247.67.24.up.mi.chartermi.net has connected.
Tue Jan 21 12:05:30 2003 :: Log Hiddukel: laston tetrall
Tue Jan 21 12:05:47 2003 :: Log Hiddukel: laston altessa
Tue Jan 21 12:07:23 2003 :: Log Hiddukel: asperson kaillen i
Tue Jan 21 12:36:05 2003 :: Log Hiddukel: laston thaylia
Tue Jan 21 12:36:20 2003 :: Log Hiddukel: laston braum
Tue Jan 21 12:36:45 2003 :: Sock.sinaddr:  216.89.114.50
Tue Jan 21 12:37:10 2003 :: Loading Majere.
Tue Jan 21 12:37:17 2003 :: Look out, Majere@216-89-114-50.bv.dp.net has connected.
Tue Jan 21 12:37:21 2003 :: Majere gets skill repair shield
Tue Jan 21 12:37:21 2003 :: Majere gets skill leather repair
Tue Jan 21 12:37:21 2003 :: Majere gets skill plate repair
Tue Jan 21 12:37:21 2003 :: Majere gets skill chain repair
Tue Jan 21 12:37:21 2003 :: Majere gets skill weapon repair
Tue Jan 21 12:47:21 2003 :: Majere has quit.
Tue Jan 21 12:50:20 2003 :: Log Hiddukel: fvlist obj
Tue Jan 21 13:13:51 2003 :: Sock.sinaddr:  128.151.160.163
Tue Jan 21 13:15:16 2003 :: Silmandil@cayuga.ee.rochester.edu new player.
Tue Jan 21 13:16:42 2003 :: Log Hiddukel: snoop sil
Tue Jan 21 13:16:45 2003 :: Log Hiddukel: snoop self
Tue Jan 21 13:17:47 2003 :: Log Hiddukel: trans sil
Tue Jan 21 13:18:22 2003 :: Log Hiddukel: empower sil 102
Tue Jan 21 13:18:32 2003 :: Log Hiddukel: set skill sil all 100
Tue Jan 21 13:18:54 2003 :: Log Hiddukel: snoop sil
Tue Jan 21 13:18:59 2003 :: Log Hiddukel: snoop self
Tue Jan 21 13:22:43 2003 :: Log Hiddukel: snoop sil
Tue Jan 21 13:23:33 2003 :: Log Hiddukel: snoop self
Tue Jan 21 13:31:30 2003 :: Sock.sinaddr:  12.79.33.171
Tue Jan 21 13:32:20 2003 :: Lornin@171.hartford-03-04rs.ct.dial-access.att.net new player.
Tue Jan 21 13:34:07 2003 :: Log Hiddukel: trans lorn
Tue Jan 21 13:34:14 2003 :: Log Hiddukel: empower lornin 102
Tue Jan 21 13:34:19 2003 :: Log Hiddukel: set skill lornin all 100
Tue Jan 21 13:34:55 2003 :: Log Hiddukel: snoop lorn
Tue Jan 21 13:36:34 2003 :: Log Hiddukel: snoop self
Tue Jan 21 13:37:22 2003 :: Kaillen gained level 41
Tue Jan 21 13:39:30 2003 :: Log Hiddukel: apurge hiddukel
Read_from_descriptor: Connection reset by peer
Tue Jan 21 13:48:14 2003 :: Closing link to Lornin.
Tue Jan 21 13:50:39 2003 :: Sock.sinaddr:  12.79.33.171
Tue Jan 21 13:52:12 2003 :: Sock.sinaddr:  24.116.55.46
Tue Jan 21 13:52:22 2003 :: Loading Reorx.
Tue Jan 21 13:52:27 2003 :: Look out, Reorx@24-116-55-46.cpe.cableone.net has connected.
Tue Jan 21 13:52:30 2003 :: Reorx gets skill repair shield
Tue Jan 21 13:52:30 2003 :: Reorx gets skill leather repair
Tue Jan 21 13:52:30 2003 :: Reorx gets skill plate repair
Tue Jan 21 13:52:30 2003 :: Reorx gets skill chain repair
Tue Jan 21 13:52:30 2003 :: Reorx gets skill weapon repair
Tue Jan 21 13:53:49 2003 :: Loading Lornin.
Tue Jan 21 13:53:51 2003 :: Lornin@171.hartford-03-04rs.ct.dial-access.att.net reconnected.
Tue Jan 21 13:54:56 2003 :: Sock.sinaddr:  68.144.213.62
Tue Jan 21 13:54:56 2003 :: Loading Torianis.
Tue Jan 21 13:54:57 2003 :: Look out, Torianis@h68-144-213-62.cg.shawcable.net has connected.
