Wed Jan 22 21:39:25 2003 :: ROM is ready to rock on port 6100.
Wed Jan 22 21:39:33 2003 :: Sock.sinaddr:  24.247.67.24
Wed Jan 22 21:39:37 2003 :: Loading Hiddukel.
Wed Jan 22 21:39:39 2003 :: Look out, Hiddukel@24.247.67.24.up.mi.chartermi.net has connected.
Wed Jan 22 21:39:46 2003 :: Sock.sinaddr:  66.248.83.120
Wed Jan 22 21:39:47 2003 :: Loading Chemosh.
Wed Jan 22 21:39:47 2003 :: Look out, Chemosh@13-120.006.popsite.net has connected.
Wed Jan 22 22:15:42 2003 :: Sock.sinaddr:  68.144.213.62
Wed Jan 22 22:15:44 2003 :: Loading Torianis.
Wed Jan 22 22:15:44 2003 :: Look out, Torianis@h68-144-213-62.cg.shawcable.net has connected.
Wed Jan 22 22:15:50 2003 :: Torianis has quit.
Wed Jan 22 22:18:13 2003 :: Sock.sinaddr:  68.144.213.62
Wed Jan 22 22:18:14 2003 :: Loading Torianis.
Wed Jan 22 22:18:14 2003 :: Look out, Torianis@h68-144-213-62.cg.shawcable.net has connected.
Wed Jan 22 22:19:13 2003 :: Sock.sinaddr:  24.247.67.24
Wed Jan 22 22:19:19 2003 :: Closing link to Crap.
Wed Jan 22 22:51:55 2003 :: h68-144-213-62.cg.shawcable.net input spamming!
Wed Jan 22 22:55:14 2003 :: Torianis has quit.
Wed Jan 22 22:59:27 2003 :: Sock.sinaddr:  68.144.213.62
Wed Jan 22 22:59:28 2003 :: Loading Torianis.
Wed Jan 22 22:59:28 2003 :: Look out, Torianis@h68-144-213-62.cg.shawcable.net has connected.
Wed Jan 22 23:09:49 2003 :: Torianis has quit.
Wed Jan 22 23:14:41 2003 :: Sock.sinaddr:  68.144.213.62
Wed Jan 22 23:14:42 2003 :: Loading Torianis.
Wed Jan 22 23:14:42 2003 :: Look out, Torianis@h68-144-213-62.cg.shawcable.net has connected.
Wed Jan 22 23:37:02 2003 :: Torianis has quit.
Wed Jan 22 23:37:04 2003 :: Sock.sinaddr:  68.144.213.62
Wed Jan 22 23:37:06 2003 :: Loading Torianis.
Wed Jan 22 23:37:06 2003 :: Torianis. Bad Password. IP: h68-144-213-62.cg.shawcable.net> quit
Wed Jan 22 23:37:06 2003 :: Closing link to Torianis.
Wed Jan 22 23:37:08 2003 :: Sock.sinaddr:  68.144.213.62
Wed Jan 22 23:37:09 2003 :: Loading Torianis.
Wed Jan 22 23:37:10 2003 :: Look out, Torianis@h68-144-213-62.cg.shawcable.net has connected.
Wed Jan 22 23:40:52 2003 :: Torianis has quit.
Wed Jan 22 23:45:26 2003 :: Sock.sinaddr:  216.194.99.14
Wed Jan 22 23:45:31 2003 :: Loading Maedhros.
Wed Jan 22 23:45:32 2003 :: Look out, Maedhros@mudconnector.com has connected.
Wed Jan 22 23:54:32 2003 :: Sock.sinaddr:  64.40.51.49
Wed Jan 22 23:54:48 2003 :: Loading Paladine.
Wed Jan 22 23:54:52 2003 :: Look out, Paladine@64-40-51-49.ncplus.net has connected.
Wed Jan 22 23:55:24 2003 :: Log Paladine: snoop maed
Wed Jan 22 23:55:28 2003 :: Log Paladine: snoop self
Thu Jan 23 00:02:01 2003 :: Maedhros killed by a large snake at 8304
Thu Jan 23 00:19:18 2003 :: Log Paladine: grab garb maed
Thu Jan 23 00:45:36 2003 :: Maedhros has quit.
Thu Jan 23 00:46:13 2003 :: Log Hiddukel: trans paladine
Thu Jan 23 01:19:04 2003 :: Sock.sinaddr:  216.194.99.14
Thu Jan 23 01:19:05 2003 :: EOF encountered on read.
Thu Jan 23 01:33:03 2003 :: Sock.sinaddr:  216.194.99.14
Thu Jan 23 01:33:07 2003 :: Loading Maedhros.
Thu Jan 23 01:33:08 2003 :: Look out, Maedhros@mudconnector.com has connected.
Thu Jan 23 01:33:57 2003 :: Maedhros has quit.
Thu Jan 23 01:53:27 2003 :: Sock.sinaddr:  216.194.99.14
Thu Jan 23 01:53:31 2003 :: Loading Maedhros.
Thu Jan 23 01:53:31 2003 :: Look out, Maedhros@mudconnector.com has connected.
Thu Jan 23 01:55:43 2003 :: Maedhros killed by a helpless beggar at 3132
Thu Jan 23 02:00:48 2003 :: Sock.sinaddr:  35.12.24.183
Thu Jan 23 02:00:52 2003 :: Loading Kaillen.
Thu Jan 23 02:00:56 2003 :: Look out, Kaillen@pm845-31.dialip.mich.net has connected.
Thu Jan 23 02:04:41 2003 :: Sock.sinaddr:  66.248.84.26
Thu Jan 23 02:04:41 2003 :: Loading Chemosh.
Thu Jan 23 02:04:42 2003 :: Closing link to Chemosh.
Thu Jan 23 02:04:42 2003 :: Chemosh@14-026.006.popsite.net reconnected.
Thu Jan 23 02:07:13 2003 :: Maedhros killed by a green troll at 8303
Thu Jan 23 02:10:58 2003 :: Maedhros killed by the monstrous snake at 8303
Thu Jan 23 02:12:59 2003 :: [*****] BUG: Attempt to recyle invalid memory of size 5.
Thu Jan 23 02:12:59 2003 :: [*****] BUG: auto
Thu Jan 23 02:13:53 2003 :: Log Hiddukel: gecho Kaillen, how the hell did your NAME get all jacked up?
Thu Jan 23 02:13:59 2003 :: Log Hiddukel: gecho Copyover coming
Thu Jan 23 02:14:01 2003 :: Log Hiddukel: asave changed
Thu Jan 23 02:14:03 2003 :: Log Hiddukel: copyover
Thu Jan 23 02:14:03 2003 :: ROM is ready to rock on port 6100.
Thu Jan 23 02:14:03 2003 :: Copyover recovery initiated
Thu Jan 23 02:14:03 2003 :: Loading Chemosh.
Thu Jan 23 02:14:03 2003 :: Loading unknown.
Thu Jan 23 02:14:03 2003 :: Loading Maedhros.
Thu Jan 23 02:14:03 2003 :: Loading Paladine.
Thu Jan 23 02:14:03 2003 :: Loading Hiddukel.
Thu Jan 23 02:14:08 2003 :: Sock.sinaddr:  35.12.24.166
Thu Jan 23 02:14:11 2003 :: Loading Kaillen.
Thu Jan 23 02:14:14 2003 :: Look out, Kaillen@pm845-14.dialip.mich.net has connected.
Thu Jan 23 02:14:26 2003 :: Log Hiddukel: copyover
Thu Jan 23 02:14:26 2003 :: ROM is ready to rock on port 6100.
Thu Jan 23 02:14:26 2003 :: Copyover recovery initiated
Thu Jan 23 02:14:26 2003 :: Loading Kaillen.
Thu Jan 23 02:14:26 2003 :: Loading Hiddukel.
Thu Jan 23 02:14:26 2003 :: Loading Paladine.
Thu Jan 23 02:14:26 2003 :: Loading Maedhros.
Thu Jan 23 02:14:26 2003 :: Loading unknown.
Thu Jan 23 02:14:26 2003 :: Loading Chemosh.
Thu Jan 23 02:14:31 2003 :: Log Hiddukel: reboot
Thu Jan 23 02:14:31 2003 :: Closing link to Chemosh.
Thu Jan 23 02:14:31 2003 :: Closing link to unknown.
Thu Jan 23 02:14:31 2003 :: Closing link to Maedhros.
Thu Jan 23 02:14:31 2003 :: Closing link to Paladine.
Thu Jan 23 02:14:31 2003 :: Closing link to Hiddukel.
Thu Jan 23 02:14:31 2003 :: Closing link to Kaillen.
Thu Jan 23 02:14:32 2003 :: Normal termination of game.
