Thu Jan 23 02:14:51 2003 :: ROM is ready to rock on port 6100.
Thu Jan 23 02:14:53 2003 :: Sock.sinaddr:  24.247.67.24
Thu Jan 23 02:14:54 2003 :: Sock.sinaddr:  216.194.99.14
Thu Jan 23 02:14:57 2003 :: Loading Hiddukel.
Thu Jan 23 02:14:58 2003 :: Look out, Hiddukel@24.247.67.24.up.mi.chartermi.net has connected.
Thu Jan 23 02:14:59 2003 :: Loading Maedhros.
Thu Jan 23 02:15:00 2003 :: Look out, Maedhros@mudconnector.com has connected.
Thu Jan 23 02:15:06 2003 :: Log Hiddukel: check
Thu Jan 23 02:15:09 2003 :: Sock.sinaddr:  64.40.51.49
Thu Jan 23 02:15:20 2003 :: Loading Paladine.
Thu Jan 23 02:15:21 2003 :: Sock.sinaddr:  35.12.24.166
Thu Jan 23 02:15:22 2003 :: Look out, Paladine@64-40-51-49.ncplus.net has connected.
Thu Jan 23 02:15:25 2003 :: Loading Kaillen.
Thu Jan 23 02:15:28 2003 :: Look out, Kaillen@pm845-14.dialip.mich.net has connected.
Thu Jan 23 02:16:33 2003 :: Maedhros has quit.
Thu Jan 23 02:16:48 2003 :: Log Hiddukel: switch kaillen
Read_from_descriptor: Connection reset by peer
Thu Jan 23 02:19:48 2003 :: Closing link to Paladine.
Thu Jan 23 02:19:53 2003 :: Sock.sinaddr:  64.40.51.49
Thu Jan 23 02:19:58 2003 :: Loading Paladine.
Thu Jan 23 02:19:59 2003 :: Paladine@64-40-51-49.ncplus.net reconnected.
Thu Jan 23 02:22:22 2003 :: Log Paladine: tele kaillen
Thu Jan 23 02:24:48 2003 :: Sock.sinaddr:  216.194.99.14
Thu Jan 23 02:24:52 2003 :: Loading Maedhros.
Thu Jan 23 02:24:52 2003 :: Look out, Maedhros@mudconnector.com has connected.
Thu Jan 23 02:25:06 2003 :: Maedhros has quit.
Thu Jan 23 02:27:05 2003 :: Sock.sinaddr:  216.194.99.14
Thu Jan 23 02:27:08 2003 :: Loading Maedhros.
Thu Jan 23 02:27:09 2003 :: Look out, Maedhros@mudconnector.com has connected.
Thu Jan 23 02:27:14 2003 :: Maedhros has quit.
Thu Jan 23 02:34:31 2003 :: Sock.sinaddr:  216.194.99.14
Thu Jan 23 02:34:39 2003 :: Loading Maedhros.
Thu Jan 23 02:34:40 2003 :: Look out, Maedhros@mudconnector.com has connected.
Thu Jan 23 02:36:08 2003 :: Maedhros has quit.
Thu Jan 23 02:39:39 2003 :: Sock.sinaddr:  66.248.84.26
Thu Jan 23 02:39:39 2003 :: Loading Chemosh.
Thu Jan 23 02:39:39 2003 :: Look out, Chemosh@14-026.006.popsite.net has connected.
Thu Jan 23 02:42:27 2003 :: Log Paladine: asp kaillen apprehend
Thu Jan 23 02:46:28 2003 :: Log Paladine: asp kaillen aff
Thu Jan 23 02:50:16 2003 :: Log Paladine: asp kaillen wo
Thu Jan 23 02:51:27 2003 :: Log Paladine: set char paladine steel 50300
Thu Jan 23 02:54:31 2003 :: Log Paladine: asp kaillen note list
Thu Jan 23 02:58:24 2003 :: Log Paladine: asave area
Thu Jan 23 03:00:33 2003 :: Log Paladine: switch knigh
Thu Jan 23 03:09:18 2003 :: Log Paladine: switch cl
Thu Jan 23 03:12:02 2003 :: Log Paladine: lastoni
Thu Jan 23 03:12:38 2003 :: Log Paladine: tele self 1209
Thu Jan 23 03:13:41 2003 :: Paladine has quit.
Thu Jan 23 03:15:53 2003 :: Sock.sinaddr:  65.179.240.115
Thu Jan 23 03:15:57 2003 :: Loading Morgion.
Thu Jan 23 03:15:59 2003 :: Look out, Morgion@sdn-ap-027castocP0115.dialsprint.net has connected.
Thu Jan 23 03:21:12 2003 :: Sock.sinaddr:  65.179.240.115
Thu Jan 23 03:21:15 2003 :: Loading Sarven.
Thu Jan 23 03:21:17 2003 :: Look out, Sarven@sdn-ap-027castocP0115.dialsprint.net has connected.
Thu Jan 23 03:27:31 2003 :: Sock.sinaddr:  35.12.19.120
Thu Jan 23 03:27:34 2003 :: Loading Kaillen.
Thu Jan 23 03:27:40 2003 :: Closing link to Kaillen.
Thu Jan 23 03:27:40 2003 :: Kaillen@pm727-18.dialip.mich.net reconnected.
Thu Jan 23 03:28:50 2003 :: Log Hiddukel: laston kiri
Thu Jan 23 03:33:08 2003 :: Hiddukel has quit.
Thu Jan 23 03:58:35 2003 :: Sock.sinaddr:  216.194.99.14
Thu Jan 23 03:58:46 2003 :: Loading Maedhros.
Thu Jan 23 03:58:50 2003 :: Look out, Maedhros@mudconnector.com has connected.
Thu Jan 23 04:11:43 2003 :: Sock.sinaddr:  24.247.67.24
Thu Jan 23 04:11:45 2003 :: Loading Hiddukel.
Thu Jan 23 04:11:47 2003 :: Look out, Hiddukel@24.247.67.24.up.mi.chartermi.net has connected.
Thu Jan 23 04:12:04 2003 :: Log Hiddukel: asperson morgion mwhere
Thu Jan 23 04:14:29 2003 :: Kaillen gained level 44
Thu Jan 23 04:16:34 2003 :: Chemosh has quit.
Thu Jan 23 04:20:10 2003 :: Sarven has quit.
Thu Jan 23 04:20:25 2003 :: Morgion has quit.
Thu Jan 23 04:21:57 2003 :: Maedhros has quit.
Thu Jan 23 04:24:05 2003 :: Log Hiddukel: restore kaillen
Thu Jan 23 04:37:37 2003 :: Log Hiddukel: snoop kai
Thu Jan 23 04:38:21 2003 :: Log Hiddukel: losereply kaillen
Thu Jan 23 04:42:34 2003 :: Log Hiddukel: snoop self
Thu Jan 23 04:42:49 2003 :: Log Hiddukel: asperson kai wo
Thu Jan 23 04:43:07 2003 :: Log Hiddukel: snoop kai
Thu Jan 23 04:44:00 2003 :: Log Hiddukel: asperson kai wo
Thu Jan 23 04:44:13 2003 :: Log Hiddukel: snoop self
Thu Jan 23 04:44:16 2003 :: Log Hiddukel: asperson kai wo
Thu Jan 23 04:44:21 2003 :: Log Hiddukel: asperson kai skill
Thu Jan 23 04:46:01 2003 :: Hiddukel has quit.
Thu Jan 23 05:20:27 2003 :: Kaillen gained level 45
Thu Jan 23 05:41:00 2003 :: Kaillen has quit.
Thu Jan 23 08:25:06 2003 :: Sock.sinaddr:  203.82.85.151
Thu Jan 23 08:25:12 2003 :: Loading Ulrik.
Thu Jan 23 08:25:12 2003 :: Look out, Ulrik@203.82.85.151 has connected.
Thu Jan 23 08:28:31 2003 :: Ulrik has quit.
Thu Jan 23 08:44:54 2003 :: Sock.sinaddr:  24.247.67.24
Thu Jan 23 08:44:58 2003 :: Loading Hiddukel.
Thu Jan 23 08:45:01 2003 :: Look out, Hiddukel@24.247.67.24.up.mi.chartermi.net has connected.
Thu Jan 23 08:45:05 2003 :: Log Hiddukel: check
Thu Jan 23 08:45:10 2003 :: Log Hiddukel: laston altessa
Thu Jan 23 09:21:49 2003 :: Sock.sinaddr:  198.161.203.41
Thu Jan 23 09:22:09 2003 :: Loading Arealas.
Thu Jan 23 09:22:12 2003 :: Look out, Arealas@198.161.203.41 has connected.
Thu Jan 23 09:22:57 2003 :: Log Hiddukel: snoop ar
Thu Jan 23 09:23:12 2003 :: Log Hiddukel: snoop self
Thu Jan 23 09:23:22 2003 :: Log Hiddukel: snoop are
Thu Jan 23 09:27:41 2003 :: Log Hiddukel: snoop self
Thu Jan 23 09:28:06 2003 :: Log Hiddukel: pecho arealas It's best to stick to killing in Palanthas until you reach at least level 14.
Thu Jan 23 09:33:54 2003 :: Log Hiddukel: asperson area skill
Thu Jan 23 09:34:24 2003 :: Log Hiddukel: asperson area spell
Thu Jan 23 09:34:42 2003 :: Log Hiddukel: set char hiddukel class battlemage
Thu Jan 23 09:47:42 2003 :: Sock.sinaddr:  68.144.213.62
Thu Jan 23 09:47:42 2003 :: Arealas has quit.
Thu Jan 23 09:47:43 2003 :: Loading Torianis.
Thu Jan 23 09:47:44 2003 :: Look out, Torianis@h68-144-213-62.cg.shawcable.net has connected.
Thu Jan 23 09:49:35 2003 :: Log Hiddukel: asave changed
Thu Jan 23 09:49:40 2003 :: Log Hiddukel: asave changed
Thu Jan 23 09:49:40 2003 :: Log Hiddukel: copyover
Thu Jan 23 09:49:40 2003 :: ROM is ready to rock on port 6100.
Thu Jan 23 09:49:40 2003 :: Copyover recovery initiated
Thu Jan 23 09:49:40 2003 :: Loading Torianis.
Thu Jan 23 09:49:40 2003 :: Loading Hiddukel.
Thu Jan 23 10:13:08 2003 :: h68-144-213-62.cg.shawcable.net input spamming!
Thu Jan 23 10:31:43 2003 :: Sock.sinaddr:  198.161.203.41
Thu Jan 23 10:31:46 2003 :: Loading Arealas.
Thu Jan 23 10:31:51 2003 :: Look out, Arealas@198.161.203.41 has connected.
Thu Jan 23 10:43:05 2003 :: Torianis has quit.
Thu Jan 23 10:45:03 2003 :: Arealas gained level 7
Thu Jan 23 10:51:27 2003 :: Sock.sinaddr:  168.122.236.39
Thu Jan 23 10:51:32 2003 :: Loading Habbakuk.
Thu Jan 23 10:51:33 2003 :: Look out, Habbakuk@comm700-c1201-dhcp039.bu.edu has connected.
Thu Jan 23 10:59:13 2003 :: EOF encountered on read.
Thu Jan 23 10:59:13 2003 :: Closing link to Arealas.
Thu Jan 23 11:01:31 2003 :: Habbakuk has quit.
Thu Jan 23 11:15:15 2003 :: Arealas has quit.
Thu Jan 23 11:44:59 2003 :: Sock.sinaddr:  68.144.213.62
Thu Jan 23 11:45:00 2003 :: Loading Torianis.
Thu Jan 23 11:45:01 2003 :: Look out, Torianis@h68-144-213-62.cg.shawcable.net has connected.
Thu Jan 23 11:45:13 2003 :: Torianis has quit.
Thu Jan 23 11:57:24 2003 :: Sock.sinaddr:  35.12.26.131
Thu Jan 23 11:57:27 2003 :: Loading Kaillen.
Thu Jan 23 11:57:31 2003 :: Look out, Kaillen@pm855-29.dialip.mich.net has connected.
Thu Jan 23 12:02:19 2003 :: Sock.sinaddr:  35.12.15.156
Thu Jan 23 12:02:22 2003 :: Loading Kaillen.
Thu Jan 23 12:02:27 2003 :: Closing link to Kaillen.
Thu Jan 23 12:02:27 2003 :: Kaillen@pm610-04.dialip.mich.net reconnected.
Thu Jan 23 12:04:37 2003 :: Sock.sinaddr:  65.234.34.171
Thu Jan 23 12:04:37 2003 :: Loading Falcor.
Thu Jan 23 12:04:37 2003 :: Look out, Falcor@1Cust171.tnt3.mccomb.oh.da.uu.net has connected.
Thu Jan 23 12:09:41 2003 :: Sock.sinaddr:  216.89.113.45
Thu Jan 23 12:11:43 2003 :: Closing link to Majer.
Thu Jan 23 12:11:54 2003 :: Sock.sinaddr:  216.89.113.45
Thu Jan 23 12:11:55 2003 :: Sock.sinaddr:  216.89.113.45
Thu Jan 23 12:12:12 2003 :: Loading Majere.
Thu Jan 23 12:12:14 2003 :: Look out, Majere@216-89-113-45.bv.dp.net has connected.
Thu Jan 23 12:12:27 2003 :: Closing link to Roan.
Thu Jan 23 12:12:32 2003 :: Sock.sinaddr:  216.89.113.45
Thu Jan 23 12:12:37 2003 :: Loading Roman.
Thu Jan 23 12:12:38 2003 :: Look out, Roman@216-89-113-45.bv.dp.net has connected.
Thu Jan 23 12:14:35 2003 :: Roman has quit.
Thu Jan 23 12:14:39 2003 :: Majere has quit.
Thu Jan 23 12:57:17 2003 :: Sock.sinaddr:  65.179.241.37
Thu Jan 23 12:57:20 2003 :: Loading Morgion.
Thu Jan 23 12:57:22 2003 :: Look out, Morgion@sdn-ap-027castocP0291.dialsprint.net has connected.
Thu Jan 23 12:57:42 2003 :: Log Morgion: snoop kai
Thu Jan 23 12:58:55 2003 :: Log Morgion: snoop self
Thu Jan 23 12:59:01 2003 :: Log Morgion: snoop falcor
Thu Jan 23 13:05:05 2003 :: Log Morgion: restore falcor
Thu Jan 23 13:07:45 2003 :: Kaillen gained level 46
Thu Jan 23 13:07:50 2003 :: Log Morgion: snoop self
Thu Jan 23 13:07:57 2003 :: Sock.sinaddr:  65.179.241.37
Thu Jan 23 13:08:14 2003 :: Loading Sarven.
Thu Jan 23 13:08:16 2003 :: Look out, Sarven@sdn-ap-027castocP0291.dialsprint.net has connected.
Thu Jan 23 13:14:38 2003 :: Sock.sinaddr:  64.231.202.3
Read_from_descriptor: Connection reset by peer
Thu Jan 23 13:15:16 2003 :: Sock.sinaddr:  64.231.202.3
Thu Jan 23 13:16:51 2003 :: Falcor has quit.
Thu Jan 23 13:16:59 2003 :: Balvyne@HSE-Quebec-City-ppp129852.qc.sympatico.ca new player.
Thu Jan 23 13:31:39 2003 :: Balvyne gained level 2
Thu Jan 23 13:33:06 2003 :: Log Morgion: snoop bal
Thu Jan 23 13:34:48 2003 :: Log Morgion: snoop self
Thu Jan 23 13:35:06 2003 :: Sarven has quit.
Thu Jan 23 13:35:11 2003 :: Morgion has quit.
Thu Jan 23 13:41:22 2003 :: Balvyne gained level 3
Thu Jan 23 13:47:47 2003 :: Log Hiddukel: restore all
Thu Jan 23 13:55:13 2003 :: Balvyne gained level 4
Thu Jan 23 14:04:24 2003 :: Log Hiddukel: asperson kaillen alias
Thu Jan 23 14:04:38 2003 :: Log Hiddukel: restore all
Thu Jan 23 14:16:07 2003 :: Balvyne gained level 5
Thu Jan 23 14:25:07 2003 :: Kaillen gained level 47
Thu Jan 23 14:25:17 2003 :: Balvyne has quit.
Thu Jan 23 14:39:19 2003 :: Sock.sinaddr:  216.211.8.198
Thu Jan 23 14:39:27 2003 :: Loading Fraewyn.
Thu Jan 23 14:39:28 2003 :: Look out, Fraewyn@lake8-198.lakeheadu.ca has connected.
Thu Jan 23 14:46:42 2003 :: Kaillen has quit.
Thu Jan 23 14:49:58 2003 :: Sock.sinaddr:  12.107.146.160
Thu Jan 23 14:50:00 2003 :: EOF encountered on read.
Thu Jan 23 15:17:10 2003 :: Fraewyn killed by a green troll at 8306
Thu Jan 23 15:17:52 2003 :: Sock.sinaddr:  66.248.83.41
Thu Jan 23 15:17:52 2003 :: Loading Chemosh.
Thu Jan 23 15:17:53 2003 :: Look out, Chemosh@13-041.006.popsite.net has connected.
Thu Jan 23 15:28:24 2003 :: Sock.sinaddr:  216.211.8.226
Thu Jan 23 15:28:29 2003 :: Loading Fraewyn.
Thu Jan 23 15:28:32 2003 :: Closing link to Fraewyn.
Thu Jan 23 15:28:32 2003 :: Fraewyn@lake8-226.lakeheadu.ca reconnected.
Thu Jan 23 15:31:56 2003 :: EOF encountered on read.
Thu Jan 23 15:31:56 2003 :: Closing link to Fraewyn.
Thu Jan 23 15:47:10 2003 :: Sock.sinaddr:  63.78.155.3
Thu Jan 23 15:47:15 2003 :: Loading Braum.
Thu Jan 23 15:47:20 2003 :: Look out, Braum@155door3.door.net has connected.
Thu Jan 23 15:48:16 2003 :: Fraewyn has quit.
Thu Jan 23 16:04:33 2003 :: Braum has quit.
Thu Jan 23 16:10:13 2003 :: Sock.sinaddr:  63.78.155.3
Thu Jan 23 16:10:18 2003 :: Loading Braum.
Thu Jan 23 16:10:20 2003 :: Look out, Braum@155door3.door.net has connected.
Thu Jan 23 16:44:00 2003 :: Sock.sinaddr:  68.144.213.62
Thu Jan 23 16:44:04 2003 :: Loading Torianis.
Thu Jan 23 16:44:05 2003 :: Look out, Torianis@h68-144-213-62.cg.shawcable.net has connected.
Thu Jan 23 17:02:39 2003 :: Sock.sinaddr:  12.107.140.133
Thu Jan 23 17:02:58 2003 :: Loading Solinari.
Thu Jan 23 17:03:01 2003 :: Look out, Solinari@133-140-107-12-pbg-ny.dialin.westelcom.com has connected.
Thu Jan 23 17:03:25 2003 :: Sock.sinaddr:  12.107.140.133
Thu Jan 23 17:03:34 2003 :: EOF encountered on read.
Thu Jan 23 17:03:41 2003 :: Solinari has quit.
Thu Jan 23 17:05:16 2003 :: Torianis gained level 44
Thu Jan 23 17:15:14 2003 :: h68-144-213-62.cg.shawcable.net input spamming!
Thu Jan 23 17:18:01 2003 :: Torianis killed by a cutthroat at 17883
Thu Jan 23 17:38:56 2003 :: Torianis has quit.
Thu Jan 23 17:42:10 2003 :: Braum gained level 17
Thu Jan 23 17:49:23 2003 :: Braum has quit.
Thu Jan 23 18:32:37 2003 :: Sock.sinaddr:  64.231.209.165
Thu Jan 23 18:32:41 2003 :: Loading Balvyne.
Thu Jan 23 18:32:44 2003 :: Look out, Balvyne@HSE-Montreal-ppp122648.qc.sympatico.ca has connected.
Read_from_descriptor: Connection reset by peer
Thu Jan 23 18:52:47 2003 :: Closing link to Balvyne.
Thu Jan 23 18:55:32 2003 :: Sock.sinaddr:  64.231.204.91
Thu Jan 23 18:55:36 2003 :: Loading Balvyne.
Thu Jan 23 18:55:39 2003 :: Balvyne@HSE-Quebec-City-ppp130448.qc.sympatico.ca reconnected.
Read_from_descriptor: Connection reset by peer
Thu Jan 23 19:01:54 2003 :: Closing link to Balvyne.
Thu Jan 23 19:16:06 2003 :: Log Hiddukel: check
Thu Jan 23 19:18:17 2003 :: Balvyne has quit.
Thu Jan 23 19:20:55 2003 :: Log Hiddukel: check
Thu Jan 23 19:31:32 2003 :: Sock.sinaddr:  68.144.213.62
Thu Jan 23 19:31:34 2003 :: Loading Torianis.
Thu Jan 23 19:31:34 2003 :: Look out, Torianis@h68-144-213-62.cg.shawcable.net has connected.
Thu Jan 23 19:48:40 2003 :: Sock.sinaddr:  216.194.99.14
Thu Jan 23 19:48:47 2003 :: Closing link to Maedhor.
Thu Jan 23 19:48:50 2003 :: Sock.sinaddr:  216.194.99.14
Thu Jan 23 19:48:53 2003 :: Loading Maedhros.
Thu Jan 23 19:48:54 2003 :: Look out, Maedhros@mudconnector.com has connected.
Thu Jan 23 19:50:09 2003 :: Maedhros has quit.
Thu Jan 23 20:01:31 2003 :: Sock.sinaddr:  64.231.204.91
Thu Jan 23 20:03:57 2003 :: Sock.sinaddr:  66.25.72.138
Thu Jan 23 20:04:00 2003 :: Loading Prodigy.
Thu Jan 23 20:04:01 2003 :: Look out, Prodigy@cs662572-138.satx.rr.com has connected.
Thu Jan 23 20:07:11 2003 :: Loading Balvyne.
Thu Jan 23 20:07:14 2003 :: Look out, Balvyne@HSE-Quebec-City-ppp130448.qc.sympatico.ca has connected.
Thu Jan 23 20:07:35 2003 :: Prodigy has quit.
Thu Jan 23 20:12:13 2003 :: EOF encountered on read.
Thu Jan 23 20:12:13 2003 :: Closing link to Balvyne.
Thu Jan 23 20:25:56 2003 :: Torianis has quit.
Thu Jan 23 20:28:04 2003 :: Balvyne has quit.
Thu Jan 23 21:08:22 2003 :: Sock.sinaddr:  216.194.99.14
Thu Jan 23 21:08:30 2003 :: Loading Maedhros.
Thu Jan 23 21:08:31 2003 :: Look out, Maedhros@mudconnector.com has connected.
Thu Jan 23 21:09:26 2003 :: Sock.sinaddr:  66.25.72.138
Thu Jan 23 21:09:29 2003 :: Loading Prodigy.
Thu Jan 23 21:09:30 2003 :: Look out, Prodigy@cs662572-138.satx.rr.com has connected.
Thu Jan 23 21:10:19 2003 :: Prodigy has quit.
Thu Jan 23 21:11:55 2003 :: Maedhros has quit.
Thu Jan 23 21:28:23 2003 :: Sock.sinaddr:  68.144.213.62
Thu Jan 23 21:28:24 2003 :: Loading Torianis.
Thu Jan 23 21:28:24 2003 :: Look out, Torianis@h68-144-213-62.cg.shawcable.net has connected.
Thu Jan 23 21:38:38 2003 :: Torianis has quit.
Thu Jan 23 22:26:11 2003 :: Chemosh has quit.
Thu Jan 23 22:55:10 2003 :: Log Hiddukel: asave changed
Thu Jan 23 22:55:12 2003 :: Log Hiddukel: reboot
Thu Jan 23 22:55:12 2003 :: Closing link to Hiddukel.
Thu Jan 23 22:55:12 2003 :: Normal termination of game.
