Wed Jan 29 07:58:18 2003 :: ROM is ready to rock on port 6100.
Wed Jan 29 07:58:23 2003 :: Sock.sinaddr:  24.247.67.24
Wed Jan 29 07:58:26 2003 :: Loading Hiddukel.
Wed Jan 29 07:58:27 2003 :: Look out, Hiddukel@24.247.67.24.up.mi.chartermi.net has connected.
Wed Jan 29 07:58:30 2003 :: Log Hiddukel: check
Wed Jan 29 08:01:30 2003 :: Log Hiddukel: asave changed
Wed Jan 29 08:01:31 2003 :: Log Hiddukel: copyover
Wed Jan 29 08:01:31 2003 :: ROM is ready to rock on port 6100.
Wed Jan 29 08:01:31 2003 :: Copyover recovery initiated
Wed Jan 29 08:01:31 2003 :: Loading Hiddukel.
Wed Jan 29 08:01:50 2003 :: Sock.sinaddr:  24.247.67.24
Wed Jan 29 08:01:58 2003 :: Closing link to Shrala.
Wed Jan 29 09:30:33 2003 :: Sock.sinaddr:  198.161.203.41
Wed Jan 29 09:30:38 2003 :: Loading Arealas.
Wed Jan 29 09:30:41 2003 :: Look out, Arealas@198.161.203.41 has connected.
Wed Jan 29 09:52:20 2003 :: Arealas has quit.
Wed Jan 29 10:24:06 2003 :: Sock.sinaddr:  198.161.203.41
Wed Jan 29 10:24:12 2003 :: Loading Arealas.
Wed Jan 29 10:24:15 2003 :: Look out, Arealas@198.161.203.41 has connected.
Wed Jan 29 10:30:24 2003 :: Arealas gained level 9
Wed Jan 29 10:32:01 2003 :: Sock.sinaddr:  68.144.213.62
Wed Jan 29 10:32:03 2003 :: Loading Torianis.
Wed Jan 29 10:32:03 2003 :: Look out, Torianis@h68-144-213-62.cg.shawcable.net has connected.
Wed Jan 29 10:32:07 2003 :: Torianis has quit.
Wed Jan 29 10:32:15 2003 :: Sock.sinaddr:  68.144.213.62
Wed Jan 29 10:32:16 2003 :: Loading Torianis.
Wed Jan 29 10:32:16 2003 :: Look out, Torianis@h68-144-213-62.cg.shawcable.net has connected.
Wed Jan 29 10:32:23 2003 :: Torianis has quit.
Wed Jan 29 10:45:36 2003 :: Arealas has quit.
Wed Jan 29 11:27:46 2003 :: Sock.sinaddr:  4.64.88.32
Wed Jan 29 11:27:48 2003 :: Loading Hydroth.
Wed Jan 29 11:27:48 2003 :: Look out, Hydroth@evrtwa1-ar5-4-64-088-032.evrtwa1.dsl-verizon.net has connected.
Wed Jan 29 11:29:10 2003 :: Hydroth has quit.
Wed Jan 29 11:43:40 2003 :: Sock.sinaddr:  68.144.213.62
Wed Jan 29 11:43:42 2003 :: Loading Torianis.
Wed Jan 29 11:43:42 2003 :: Look out, Torianis@h68-144-213-62.cg.shawcable.net has connected.
Wed Jan 29 11:43:51 2003 :: Torianis has quit.
Wed Jan 29 12:02:23 2003 :: Sock.sinaddr:  68.144.213.62
Wed Jan 29 12:02:24 2003 :: Loading Torianis.
Wed Jan 29 12:02:24 2003 :: Look out, Torianis@h68-144-213-62.cg.shawcable.net has connected.
Wed Jan 29 12:02:36 2003 :: Torianis has quit.
Wed Jan 29 12:25:48 2003 :: Sock.sinaddr:  216.194.99.14
Wed Jan 29 12:25:52 2003 :: Loading Quarin.
Wed Jan 29 12:25:57 2003 :: Look out, Quarin@mudconnector.com has connected.
Wed Jan 29 13:18:32 2003 :: Quarin gained level 13
Wed Jan 29 13:29:50 2003 :: Sock.sinaddr:  12.107.146.117
Read_from_descriptor: Connection reset by peer
Wed Jan 29 13:36:16 2003 :: Quarin has quit.
Wed Jan 29 14:40:50 2003 :: Log Hiddukel: check
Wed Jan 29 15:01:48 2003 :: Sock.sinaddr:  209.53.183.33
Wed Jan 29 15:01:54 2003 :: Loading Mythias.
Wed Jan 29 15:01:56 2003 :: Look out, Mythias@209.53.183.33 has connected.
Wed Jan 29 15:02:21 2003 :: [*****] BUG: Act: bad code 119.
Wed Jan 29 15:02:21 2003 :: [*****] BUG: Act: bad code 111.
Wed Jan 29 15:02:37 2003 :: [*****] BUG: Act: bad code 119.
Wed Jan 29 15:02:37 2003 :: [*****] BUG: Act: bad code 111.
Wed Jan 29 15:03:01 2003 :: Mythias has quit.
Wed Jan 29 15:03:36 2003 :: Sock.sinaddr:  209.53.183.33
Wed Jan 29 15:03:38 2003 :: EOF encountered on read.
Wed Jan 29 15:13:17 2003 :: Sock.sinaddr:  12.107.146.117
Wed Jan 29 15:13:23 2003 :: Loading Solinari.
Wed Jan 29 15:13:25 2003 :: Look out, Solinari@117-146-107-12-pbg-ny.dialin.westelcom.com has connected.
Wed Jan 29 15:15:48 2003 :: Solinari has quit.
Wed Jan 29 15:18:07 2003 :: Sock.sinaddr:  64.185.17.101
Wed Jan 29 15:18:15 2003 :: Loading Braum.
Wed Jan 29 15:18:17 2003 :: Look out, Braum@nts-101.17-185-64.nts-online.net has connected.
Wed Jan 29 15:20:56 2003 :: Sock.sinaddr:  209.53.183.33
Wed Jan 29 15:21:02 2003 :: Loading Maedhros.
Wed Jan 29 15:21:03 2003 :: Look out, Maedhros@209.53.183.33 has connected.
Wed Jan 29 15:23:58 2003 :: Log Hiddukel: snoop braum
Wed Jan 29 15:24:19 2003 :: Log Hiddukel: snoop self
Wed Jan 29 15:24:29 2003 :: Log Hiddukel: snoop brau
Wed Jan 29 15:25:02 2003 :: Log Hiddukel: snoop selr
Wed Jan 29 15:25:04 2003 :: Log Hiddukel: snoop self
Wed Jan 29 15:26:21 2003 :: Sock.sinaddr:  66.248.82.75
Wed Jan 29 15:26:22 2003 :: Loading Chemosh.
Wed Jan 29 15:26:22 2003 :: Look out, Chemosh@12-075.006.popsite.net has connected.
Wed Jan 29 15:29:25 2003 :: Maedhros has quit.
Wed Jan 29 15:49:27 2003 :: Sock.sinaddr:  209.53.183.33
Wed Jan 29 15:49:34 2003 :: Loading Maedhros.
Wed Jan 29 15:49:35 2003 :: Look out, Maedhros@209.53.183.33 has connected.
Read_from_descriptor: Connection reset by peer
Wed Jan 29 15:52:04 2003 :: Closing link to Braum.
Wed Jan 29 15:52:57 2003 :: Maedhros has quit.
Wed Jan 29 15:53:32 2003 :: Sock.sinaddr:  64.185.17.199
Wed Jan 29 15:53:39 2003 :: Loading Braum.
Wed Jan 29 15:53:41 2003 :: Braum@nts-199.17-185-64.nts-online.net reconnected.
Wed Jan 29 15:59:14 2003 :: Chemosh has quit.
Wed Jan 29 16:10:04 2003 :: Log Hiddukel: ban
Wed Jan 29 16:10:25 2003 :: Log Hiddukel: allow .nycap.rr.com
Wed Jan 29 16:10:27 2003 :: Log Hiddukel: ban
Wed Jan 29 16:28:19 2003 :: Sock.sinaddr:  68.144.213.62
Wed Jan 29 16:28:21 2003 :: Loading Torianis.
Wed Jan 29 16:28:22 2003 :: Look out, Torianis@h68-144-213-62.cg.shawcable.net has connected.
Wed Jan 29 16:35:58 2003 :: Log Hiddukel: restore braum
Wed Jan 29 16:36:06 2003 :: Log Hiddukel: snoop braum
Wed Jan 29 16:36:12 2003 :: Log Hiddukel: force braum email hiddukel
Wed Jan 29 16:36:49 2003 :: Log Hiddukel: snoop self
Wed Jan 29 16:37:51 2003 :: Braum has quit.
Wed Jan 29 16:41:09 2003 :: Sock.sinaddr:  66.248.83.206
Wed Jan 29 16:41:09 2003 :: Loading Chemosh.
Wed Jan 29 16:41:10 2003 :: Look out, Chemosh@13-206.006.popsite.net has connected.
Wed Jan 29 16:45:16 2003 :: Torianis has quit.
Wed Jan 29 18:07:36 2003 :: Sock.sinaddr:  68.144.213.62
Wed Jan 29 18:07:37 2003 :: Loading Torianis.
Wed Jan 29 18:07:38 2003 :: Look out, Torianis@h68-144-213-62.cg.shawcable.net has connected.
Wed Jan 29 18:07:41 2003 :: Torianis has quit.
Wed Jan 29 18:22:10 2003 :: Sock.sinaddr:  68.144.213.62
Wed Jan 29 18:22:11 2003 :: Loading Torianis.
Wed Jan 29 18:22:11 2003 :: Look out, Torianis@h68-144-213-62.cg.shawcable.net has connected.
Wed Jan 29 18:34:39 2003 :: Torianis has quit.
Wed Jan 29 18:38:19 2003 :: Sock.sinaddr:  64.185.19.53
Wed Jan 29 18:38:25 2003 :: Loading Braum.
Wed Jan 29 18:38:27 2003 :: Look out, Braum@nts-53.19-185-64.nts-online.net has connected.
Wed Jan 29 19:01:04 2003 :: Braum has quit.
Wed Jan 29 19:14:58 2003 :: Sock.sinaddr:  68.144.213.62
Wed Jan 29 19:14:59 2003 :: Loading Torianis.
Wed Jan 29 19:15:00 2003 :: Look out, Torianis@h68-144-213-62.cg.shawcable.net has connected.
Wed Jan 29 19:15:06 2003 :: Torianis has quit.
Wed Jan 29 19:49:56 2003 :: Sock.sinaddr:  66.25.72.138
Wed Jan 29 19:50:53 2003 :: Loading Prodigy.
Wed Jan 29 19:50:54 2003 :: Look out, Prodigy@cs662572-138.satx.rr.com has connected.
Wed Jan 29 20:03:17 2003 :: Sock.sinaddr:  67.217.203.165
Wed Jan 29 20:03:17 2003 :: Loading Falcor.
Wed Jan 29 20:03:18 2003 :: Look out, Falcor@1Cust165.tnt2.mccomb.oh.da.uu.net has connected.
Wed Jan 29 20:04:12 2003 :: Falcor has quit.
Wed Jan 29 20:05:13 2003 :: Prodigy has quit.
Wed Jan 29 20:05:34 2003 :: Sock.sinaddr:  68.144.213.62
Wed Jan 29 20:05:35 2003 :: Loading Torianis.
Wed Jan 29 20:05:35 2003 :: Look out, Torianis@h68-144-213-62.cg.shawcable.net has connected.
Wed Jan 29 20:05:40 2003 :: Torianis has quit.
Wed Jan 29 20:05:42 2003 :: Sock.sinaddr:  200.46.62.132
Wed Jan 29 20:05:43 2003 :: Loading Lunitari.
Wed Jan 29 20:05:43 2003 :: Look out, Lunitari@200.46.62.132 has connected.
Wed Jan 29 20:05:46 2003 :: Sock.sinaddr:  200.46.62.132
Wed Jan 29 20:05:46 2003 :: Loading Alucard.
Wed Jan 29 20:05:47 2003 :: Look out, Alucard@200.46.62.132 has connected.
Wed Jan 29 20:05:48 2003 :: Lunitari gets skill deathblade
Wed Jan 29 20:05:48 2003 :: Lunitari gets skill flameblade
Wed Jan 29 20:05:48 2003 :: Lunitari gets skill runeblade
Read_from_descriptor: Connection reset by peer
Wed Jan 29 20:06:10 2003 :: Closing link to Alucard.
Wed Jan 29 20:08:38 2003 :: EOF encountered on read.
Wed Jan 29 20:08:38 2003 :: Closing link to Lunitari.
Wed Jan 29 20:12:12 2003 :: Chemosh has quit.
Wed Jan 29 20:15:07 2003 :: Alucard killed by Alucard at 2
Wed Jan 29 20:16:27 2003 :: Sock.sinaddr:  66.248.82.43
Wed Jan 29 20:16:27 2003 :: Loading Chemosh.
Wed Jan 29 20:16:27 2003 :: Look out, Chemosh@12-043.006.popsite.net has connected.
Wed Jan 29 20:19:17 2003 :: Chemosh has quit.
Wed Jan 29 20:22:37 2003 :: Alucard has quit.
Wed Jan 29 20:23:14 2003 :: Sock.sinaddr:  66.248.84.99
Wed Jan 29 20:23:15 2003 :: Loading Chemosh.
Wed Jan 29 20:23:15 2003 :: Look out, Chemosh@14-099.006.popsite.net has connected.
Wed Jan 29 20:54:14 2003 :: Sock.sinaddr:  216.194.99.14
Wed Jan 29 20:54:23 2003 :: Loading Maedhros.
Wed Jan 29 20:54:24 2003 :: Look out, Maedhros@mudconnector.com has connected.
Wed Jan 29 20:54:55 2003 :: Maedhros has quit.
Wed Jan 29 21:37:41 2003 :: Sock.sinaddr:  216.194.99.14
Wed Jan 29 21:37:45 2003 :: Loading Maedhros.
Wed Jan 29 21:37:46 2003 :: Look out, Maedhros@mudconnector.com has connected.
Wed Jan 29 21:40:19 2003 :: Maedhros killed by a green troll at 8304
Wed Jan 29 21:44:08 2003 :: Maedhros has quit.
Wed Jan 29 22:42:57 2003 :: Log Hiddukel: check
Wed Jan 29 22:43:02 2003 :: Log Hiddukel: punload lunitari
Wed Jan 29 22:43:02 2003 :: Lunitari has quit.
Wed Jan 29 23:33:40 2003 :: Sock.sinaddr:  68.144.213.62
Wed Jan 29 23:33:40 2003 :: Loading Torianis.
Wed Jan 29 23:33:41 2003 :: Look out, Torianis@h68-144-213-62.cg.shawcable.net has connected.
Wed Jan 29 23:33:47 2003 :: Torianis has quit.
Wed Jan 29 23:35:15 2003 :: Sock.sinaddr:  68.144.213.62
Wed Jan 29 23:35:16 2003 :: Loading Torianis.
Wed Jan 29 23:35:17 2003 :: Look out, Torianis@h68-144-213-62.cg.shawcable.net has connected.
Wed Jan 29 23:57:21 2003 :: Torianis has quit.
Wed Jan 29 23:58:36 2003 :: Log Hiddukel: check
Thu Jan 30 00:04:29 2003 :: Sock.sinaddr:  216.194.99.14
Thu Jan 30 00:04:36 2003 :: Loading Maedhros.
Thu Jan 30 00:04:38 2003 :: Look out, Maedhros@mudconnector.com has connected.
Thu Jan 30 00:07:03 2003 :: Maedhros has quit.
Thu Jan 30 00:24:47 2003 :: Sock.sinaddr:  202.88.66.42
Thu Jan 30 00:30:36 2003 :: Themuoro@ppp-spn202-88-66-42.cust.micronesiantel.net new player.
Thu Jan 30 00:30:47 2003 :: Sock.sinaddr:  63.187.145.46
Thu Jan 30 00:30:48 2003 :: Loading Morgion.
Thu Jan 30 00:30:48 2003 :: Look out, Morgion@sdn-ap-015castocP0300.dialsprint.net has connected.
Thu Jan 30 00:31:38 2003 :: Sock.sinaddr:  64.40.51.20
Thu Jan 30 00:31:56 2003 :: Loading Paladine.
Thu Jan 30 00:32:06 2003 :: Look out, Paladine@64-40-51-20.ncplus.net has connected.
Thu Jan 30 00:38:15 2003 :: Sock.sinaddr:  63.187.145.46
Thu Jan 30 00:38:58 2003 :: Loading Orlando.
Thu Jan 30 00:39:01 2003 :: Look out, Orlando@sdn-ap-015castocP0300.dialsprint.net has connected.
Thu Jan 30 00:39:13 2003 :: Log Hiddukel: empower orlando 3
Thu Jan 30 00:39:26 2003 :: Sock.sinaddr:  216.194.99.14
Read_from_descriptor: Broken pipe
Thu Jan 30 00:46:09 2003 :: Log Morgion: tele self 1209
Thu Jan 30 00:48:47 2003 :: Log Paladine: tele morg
Thu Jan 30 01:06:49 2003 :: Log Morgion: snoop the
Thu Jan 30 01:14:59 2003 :: Log Hiddukel: asave changed
Thu Jan 30 01:15:06 2003 :: Log Hiddukel: force Orlando save
Thu Jan 30 01:15:06 2003 :: Log Hiddukel: force Themuoro save
Thu Jan 30 01:15:06 2003 :: Log Hiddukel: force Chemosh save
Thu Jan 30 01:15:12 2003 :: Log Hiddukel: asave changed
Thu Jan 30 01:15:12 2003 :: Log Hiddukel: copyover
Thu Jan 30 01:15:12 2003 :: ROM is ready to rock on port 6100.
Thu Jan 30 01:15:12 2003 :: Copyover recovery initiated
Thu Jan 30 01:15:12 2003 :: Loading Orlando.
Thu Jan 30 01:15:12 2003 :: Loading Paladine.
Thu Jan 30 01:15:12 2003 :: Loading Morgion.
Thu Jan 30 01:15:12 2003 :: Loading Themuoro.
Thu Jan 30 01:15:12 2003 :: Loading Chemosh.
Thu Jan 30 01:15:12 2003 :: Loading Hiddukel.
Thu Jan 30 01:15:47 2003 :: Log Paladine: check
Thu Jan 30 01:15:50 2003 :: Log Hiddukel: check
Thu Jan 30 01:18:33 2003 :: Log Hiddukel: asave changed
Thu Jan 30 01:18:34 2003 :: Log Hiddukel: copyover
Thu Jan 30 01:18:34 2003 :: ROM is ready to rock on port 6100.
Thu Jan 30 01:18:34 2003 :: Copyover recovery initiated
Thu Jan 30 01:18:34 2003 :: Loading Hiddukel.
Thu Jan 30 01:18:34 2003 :: Loading Chemosh.
Thu Jan 30 01:18:34 2003 :: Loading Themuoro.
Thu Jan 30 01:18:34 2003 :: Loading Morgion.
Thu Jan 30 01:18:34 2003 :: Loading Paladine.
Thu Jan 30 01:18:34 2003 :: Loading Orlando.
Thu Jan 30 01:19:21 2003 :: Sock.sinaddr:  216.194.99.14
Thu Jan 30 01:19:22 2003 :: EOF encountered on read.
Thu Jan 30 01:22:27 2003 :: Log Morgion: snoop the
Thu Jan 30 01:23:25 2003 :: Log Paladine: set char self class knight
Thu Jan 30 01:23:43 2003 :: Log Hiddukel: set char hiddukel class thief
Thu Jan 30 01:23:50 2003 :: Log Paladine: set char morgion class cleric
Thu Jan 30 01:31:36 2003 :: Log Paladine: load obj 2651
Thu Jan 30 01:31:45 2003 :: Log Paladine: clone harp
Thu Jan 30 01:51:14 2003 :: Orlando has quit.
Thu Jan 30 01:52:44 2003 :: Morgion has quit.
Thu Jan 30 01:58:55 2003 :: Sock.sinaddr:  216.40.217.211
Thu Jan 30 01:58:55 2003 :: EOF encountered on read.
Thu Jan 30 01:59:18 2003 :: Log Hiddukel: asave changed
Thu Jan 30 01:59:18 2003 :: Log Hiddukel: copyover
Thu Jan 30 01:59:18 2003 :: ROM is ready to rock on port 6100.
Thu Jan 30 01:59:18 2003 :: Copyover recovery initiated
Thu Jan 30 01:59:18 2003 :: Loading Paladine.
Thu Jan 30 01:59:18 2003 :: Loading Chemosh.
Thu Jan 30 01:59:18 2003 :: Loading Hiddukel.
Thu Jan 30 01:59:46 2003 :: Sock.sinaddr:  24.247.67.24
Thu Jan 30 01:59:50 2003 :: Loading Chrissy.
Thu Jan 30 01:59:51 2003 :: Look out, Chrissy@24.247.67.24.up.mi.chartermi.net has connected.
Thu Jan 30 02:00:06 2003 :: Chrissy has quit.
Thu Jan 30 02:04:47 2003 :: Log Hiddukel: asave changed
Thu Jan 30 02:04:47 2003 :: Log Hiddukel: copyover
Thu Jan 30 02:04:47 2003 :: ROM is ready to rock on port 6100.
Thu Jan 30 02:04:47 2003 :: Copyover recovery initiated
Thu Jan 30 02:04:47 2003 :: Loading Hiddukel.
Thu Jan 30 02:04:47 2003 :: Loading Chemosh.
Thu Jan 30 02:04:47 2003 :: Loading Paladine.
Thu Jan 30 02:51:01 2003 :: Log Hiddukel: asave changed
Thu Jan 30 02:51:01 2003 :: Log Hiddukel: copyover
Thu Jan 30 02:51:01 2003 :: ROM is ready to rock on port 6100.
Thu Jan 30 02:51:01 2003 :: Copyover recovery initiated
Thu Jan 30 02:51:01 2003 :: Loading Paladine.
Thu Jan 30 02:51:01 2003 :: Loading Chemosh.
Thu Jan 30 02:51:01 2003 :: Loading Hiddukel.
Thu Jan 30 02:51:52 2003 :: Sock.sinaddr:  24.247.67.24
Thu Jan 30 02:51:55 2003 :: Loading Chrissy.
Thu Jan 30 02:51:56 2003 :: Look out, Chrissy@24.247.67.24.up.mi.chartermi.net has connected.
Thu Jan 30 02:52:41 2003 :: Chrissy has quit.
Thu Jan 30 02:55:53 2003 :: Log Hiddukel: asave changed
Thu Jan 30 02:55:53 2003 :: Log Hiddukel: copyover
Thu Jan 30 02:55:53 2003 :: ROM is ready to rock on port 6100.
Thu Jan 30 02:55:53 2003 :: Copyover recovery initiated
Thu Jan 30 02:55:53 2003 :: Loading Hiddukel.
Thu Jan 30 02:55:53 2003 :: Loading Chemosh.
Thu Jan 30 02:55:53 2003 :: Loading Paladine.
Thu Jan 30 02:56:18 2003 :: Sock.sinaddr:  24.247.67.24
Thu Jan 30 02:56:23 2003 :: Loading Chrissy.
Thu Jan 30 02:56:24 2003 :: Look out, Chrissy@24.247.67.24.up.mi.chartermi.net has connected.
Thu Jan 30 02:56:42 2003 :: Chrissy has quit.
Thu Jan 30 03:07:07 2003 :: Hiddukel has quit.
Thu Jan 30 03:07:15 2003 :: Sock.sinaddr:  24.247.67.24
Read_from_descriptor: Connection reset by peer
Thu Jan 30 03:49:05 2003 :: Paladine has quit.
Thu Jan 30 03:54:54 2003 :: Chemosh has quit.
Thu Jan 30 04:10:29 2003 :: Sock.sinaddr:  4.64.88.32
Thu Jan 30 04:10:30 2003 :: Loading Lando.
Thu Jan 30 04:10:30 2003 :: Look out, Lando@evrtwa1-ar5-4-64-088-032.evrtwa1.dsl-verizon.net has connected.
Thu Jan 30 04:10:35 2003 :: Lando has quit.
Thu Jan 30 04:21:58 2003 :: Sock.sinaddr:  24.247.67.24
Thu Jan 30 04:22:01 2003 :: Loading Hiddukel.
Thu Jan 30 04:22:03 2003 :: Look out, Hiddukel@24.247.67.24.up.mi.chartermi.net has connected.
Thu Jan 30 04:22:07 2003 :: Log Hiddukel: check
Thu Jan 30 04:22:14 2003 :: Log Hiddukel: lastonimm
Thu Jan 30 04:35:05 2003 :: Log Hiddukel: asave changed
Thu Jan 30 04:35:06 2003 :: Log Hiddukel: copyover
Thu Jan 30 04:35:06 2003 :: ROM is ready to rock on port 6100.
Thu Jan 30 04:35:06 2003 :: Copyover recovery initiated
Thu Jan 30 04:35:06 2003 :: Loading Hiddukel.
Thu Jan 30 04:36:51 2003 :: Log Hiddukel: asave changed
Thu Jan 30 04:36:52 2003 :: Log Hiddukel: copyover
Thu Jan 30 04:36:52 2003 :: ROM is ready to rock on port 6100.
Thu Jan 30 04:36:52 2003 :: Copyover recovery initiated
Thu Jan 30 04:36:52 2003 :: Loading Hiddukel.
Thu Jan 30 04:39:34 2003 :: Log Hiddukel: asave changed
Thu Jan 30 04:39:35 2003 :: Log Hiddukel: copyover
Thu Jan 30 04:39:35 2003 :: ROM is ready to rock on port 6100.
Thu Jan 30 04:39:35 2003 :: Copyover recovery initiated
Thu Jan 30 04:39:35 2003 :: Loading Hiddukel.
Thu Jan 30 04:41:18 2003 :: Log Hiddukel: copyover
Thu Jan 30 04:41:18 2003 :: ROM is ready to rock on port 6100.
Thu Jan 30 04:41:18 2003 :: Copyover recovery initiated
Thu Jan 30 04:41:18 2003 :: Loading Hiddukel.
Thu Jan 30 04:43:00 2003 :: Log Hiddukel: copyover
Thu Jan 30 04:43:00 2003 :: ROM is ready to rock on port 6100.
Thu Jan 30 04:43:00 2003 :: Copyover recovery initiated
Thu Jan 30 04:43:00 2003 :: Loading Hiddukel.
Thu Jan 30 04:44:56 2003 :: Log Hiddukel: copyover
Thu Jan 30 04:44:56 2003 :: ROM is ready to rock on port 6100.
Thu Jan 30 04:44:56 2003 :: Copyover recovery initiated
Thu Jan 30 04:44:56 2003 :: Loading Hiddukel.
Thu Jan 30 04:46:15 2003 :: Log Hiddukel: copyover
Thu Jan 30 04:46:15 2003 :: ROM is ready to rock on port 6100.
Thu Jan 30 04:46:15 2003 :: Copyover recovery initiated
Thu Jan 30 04:46:15 2003 :: Loading Hiddukel.
Thu Jan 30 04:50:45 2003 :: Log Hiddukel: copyover
Thu Jan 30 04:50:45 2003 :: ROM is ready to rock on port 6100.
Thu Jan 30 04:50:45 2003 :: Copyover recovery initiated
Thu Jan 30 04:50:45 2003 :: Loading Hiddukel.
Thu Jan 30 04:59:38 2003 :: Log Hiddukel: copyover
Thu Jan 30 04:59:38 2003 :: ROM is ready to rock on port 6100.
Thu Jan 30 04:59:38 2003 :: Copyover recovery initiated
Thu Jan 30 04:59:38 2003 :: Loading Hiddukel.
Thu Jan 30 05:01:05 2003 :: Log Hiddukel: copyover
Thu Jan 30 05:01:05 2003 :: ROM is ready to rock on port 6100.
Thu Jan 30 05:01:05 2003 :: Copyover recovery initiated
Thu Jan 30 05:01:05 2003 :: Loading Hiddukel.
Thu Jan 30 05:02:07 2003 :: Log Hiddukel: copyover
Thu Jan 30 05:02:07 2003 :: ROM is ready to rock on port 6100.
Thu Jan 30 05:02:07 2003 :: Copyover recovery initiated
Thu Jan 30 05:02:07 2003 :: Loading Hiddukel.
Thu Jan 30 05:03:59 2003 :: Log Hiddukel: copyover
Thu Jan 30 05:03:59 2003 :: ROM is ready to rock on port 6100.
Thu Jan 30 05:03:59 2003 :: Copyover recovery initiated
Thu Jan 30 05:03:59 2003 :: Loading Hiddukel.
Thu Jan 30 05:10:41 2003 :: Log Hiddukel: copyover
Thu Jan 30 05:10:41 2003 :: ROM is ready to rock on port 6100.
Thu Jan 30 05:10:41 2003 :: Copyover recovery initiated
Thu Jan 30 05:10:41 2003 :: Loading Hiddukel.
Thu Jan 30 05:18:53 2003 :: Log Hiddukel: copyover
Thu Jan 30 05:18:53 2003 :: ROM is ready to rock on port 6100.
Thu Jan 30 05:18:53 2003 :: Copyover recovery initiated
Thu Jan 30 05:18:53 2003 :: Loading Hiddukel.
Thu Jan 30 05:24:09 2003 :: Log Hiddukel: asave changed
Thu Jan 30 05:24:09 2003 :: Log Hiddukel: copyover
Thu Jan 30 05:24:09 2003 :: ROM is ready to rock on port 6100.
Thu Jan 30 05:24:09 2003 :: Copyover recovery initiated
Thu Jan 30 05:24:09 2003 :: Loading Hiddukel.
Thu Jan 30 05:37:29 2003 :: Log Hiddukel: asave changed
Thu Jan 30 05:37:30 2003 :: Log Hiddukel: copyover
Thu Jan 30 05:37:30 2003 :: ROM is ready to rock on port 6100.
Thu Jan 30 05:37:30 2003 :: Copyover recovery initiated
Thu Jan 30 05:37:30 2003 :: Loading Hiddukel.
Thu Jan 30 05:41:01 2003 :: Log Hiddukel: copyover
Thu Jan 30 05:41:01 2003 :: ROM is ready to rock on port 6100.
Thu Jan 30 05:41:01 2003 :: Copyover recovery initiated
Thu Jan 30 05:41:01 2003 :: Loading Hiddukel.
Thu Jan 30 05:48:19 2003 :: Log Hiddukel: copyover
Thu Jan 30 05:48:19 2003 :: ROM is ready to rock on port 6100.
Thu Jan 30 05:48:19 2003 :: Copyover recovery initiated
Thu Jan 30 05:48:19 2003 :: Loading Hiddukel.
Thu Jan 30 05:48:49 2003 :: Hiddukel has quit.
Thu Jan 30 05:49:05 2003 :: Sock.sinaddr:  24.247.67.24
Thu Jan 30 05:49:07 2003 :: Loading Hiddukel.
Thu Jan 30 05:49:08 2003 :: Look out, Hiddukel@24.247.67.24.up.mi.chartermi.net has connected.
Thu Jan 30 05:49:11 2003 :: Log Hiddukel: check
Thu Jan 30 05:52:14 2003 :: Sock.sinaddr:  24.247.67.24
Thu Jan 30 05:52:18 2003 :: Loading Chrissy.
Thu Jan 30 05:52:19 2003 :: Look out, Chrissy@24.247.67.24.up.mi.chartermi.net has connected.
Thu Jan 30 05:53:51 2003 :: Log Hiddukel: copyover
Thu Jan 30 05:53:51 2003 :: ROM is ready to rock on port 6100.
Thu Jan 30 05:53:51 2003 :: Copyover recovery initiated
Thu Jan 30 05:53:51 2003 :: Loading Chrissy.
Thu Jan 30 05:53:51 2003 :: Loading Hiddukel.
Thu Jan 30 05:54:13 2003 :: Chrissy has quit.
Thu Jan 30 06:44:42 2003 :: Log Hiddukel: copyover
Thu Jan 30 06:44:42 2003 :: ROM is ready to rock on port 6100.
Thu Jan 30 06:44:42 2003 :: Copyover recovery initiated
Thu Jan 30 06:44:42 2003 :: Loading Hiddukel.
Thu Jan 30 06:54:08 2003 :: Log Hiddukel: asave changed
Thu Jan 30 06:54:09 2003 :: Log Hiddukel: copyover
Thu Jan 30 06:54:09 2003 :: ROM is ready to rock on port 6100.
Thu Jan 30 06:54:09 2003 :: Copyover recovery initiated
Thu Jan 30 06:54:09 2003 :: Loading Hiddukel.
Thu Jan 30 07:04:21 2003 :: Log Hiddukel: asave changed
Thu Jan 30 07:04:21 2003 :: Log Hiddukel: copyover
Thu Jan 30 07:04:21 2003 :: ROM is ready to rock on port 6100.
Thu Jan 30 07:04:21 2003 :: Copyover recovery initiated
Thu Jan 30 07:04:21 2003 :: Loading Hiddukel.
Thu Jan 30 07:05:53 2003 :: Log Hiddukel: asave changed
Thu Jan 30 07:05:54 2003 :: Log Hiddukel: copyover
Thu Jan 30 07:05:54 2003 :: ROM is ready to rock on port 6100.
Thu Jan 30 07:05:54 2003 :: Copyover recovery initiated
Thu Jan 30 07:05:54 2003 :: Loading Hiddukel.
Thu Jan 30 07:21:40 2003 :: Sock.sinaddr:  165.138.121.1
Thu Jan 30 07:21:44 2003 :: Loading Ladron.
Thu Jan 30 07:21:45 2003 :: Look out, Ladron@165.138.121.1 has connected.
Read_from_descriptor: Connection reset by peer
Thu Jan 30 07:21:55 2003 :: Closing link to Ladron.
Thu Jan 30 07:22:03 2003 :: Log Hiddukel: snoop lad
Thu Jan 30 07:22:27 2003 :: Log Hiddukel: check
Thu Jan 30 07:22:31 2003 :: Log Hiddukel: punload ladron
Thu Jan 30 07:22:31 2003 :: Ladron has quit.
Thu Jan 30 07:25:16 2003 :: Sock.sinaddr:  4.64.88.32
Thu Jan 30 07:25:17 2003 :: Loading Lando.
Thu Jan 30 07:25:17 2003 :: Look out, Lando@evrtwa1-ar5-4-64-088-032.evrtwa1.dsl-verizon.net has connected.
Thu Jan 30 07:27:09 2003 :: Lando has quit.
Thu Jan 30 07:34:12 2003 :: Sock.sinaddr:  68.144.213.62
Thu Jan 30 07:34:13 2003 :: Loading Torianis.
Thu Jan 30 07:34:13 2003 :: Look out, Torianis@h68-144-213-62.cg.shawcable.net has connected.
Thu Jan 30 07:36:35 2003 :: Torianis has quit.
Thu Jan 30 07:38:40 2003 :: Sock.sinaddr:  68.144.213.62
Thu Jan 30 07:38:41 2003 :: Loading Torianis.
Thu Jan 30 07:38:42 2003 :: Look out, Torianis@h68-144-213-62.cg.shawcable.net has connected.
Thu Jan 30 07:38:59 2003 :: Torianis has quit.
Thu Jan 30 07:55:28 2003 :: Log Hiddukel: asave changed
Thu Jan 30 07:55:28 2003 :: Log Hiddukel: copyover
Thu Jan 30 07:55:28 2003 :: ROM is ready to rock on port 6100.
Thu Jan 30 07:55:28 2003 :: Copyover recovery initiated
Thu Jan 30 07:55:28 2003 :: Loading Hiddukel.
Thu Jan 30 07:55:47 2003 :: Log Hiddukel: copyover
Thu Jan 30 07:55:47 2003 :: ROM is ready to rock on port 6100.
Thu Jan 30 07:55:47 2003 :: Copyover recovery initiated
Thu Jan 30 07:55:47 2003 :: Loading Hiddukel.
Thu Jan 30 07:57:49 2003 :: Log Hiddukel: copyover
Thu Jan 30 07:57:49 2003 :: ROM is ready to rock on port 6100.
Thu Jan 30 07:57:49 2003 :: Copyover recovery initiated
Thu Jan 30 07:57:49 2003 :: Loading Hiddukel.
Thu Jan 30 07:58:58 2003 :: Log Hiddukel: shutdown
Thu Jan 30 07:58:58 2003 :: Closing link to Hiddukel.
Thu Jan 30 07:58:59 2003 :: Normal termination of game.
