Wed Mar 19 00:32:15 2003 :: ROM is ready to rock on port 6100.
Wed Mar 19 00:32:22 2003 :: Sock.sinaddr:  63.187.81.119
Wed Mar 19 00:32:22 2003 :: Loading Morgion.
Wed Mar 19 00:32:23 2003 :: Look out, Morgion@sdn-ap-009castocP0373.dialsprint.net has connected.
Wed Mar 19 00:32:31 2003 :: Sock.sinaddr:  64.40.51.105
Wed Mar 19 00:32:35 2003 :: Sock.sinaddr:  193.136.33.200
Wed Mar 19 00:32:44 2003 :: Loading Gimli.
Wed Mar 19 00:32:44 2003 :: Look out, Gimli@aulas-i-p2.fe.up.pt has connected.
Wed Mar 19 00:32:52 2003 :: Loading Paladine.
Wed Mar 19 00:32:54 2003 :: Look out, Paladine@64-40-51-105.ncplus.net has connected.
Wed Mar 19 00:33:17 2003 :: Sock.sinaddr:  193.136.33.200
Wed Mar 19 00:33:25 2003 :: Loading Onun.
Wed Mar 19 00:33:29 2003 :: Look out, Onun@aulas-i-p2.fe.up.pt has connected.
Wed Mar 19 00:34:08 2003 :: Sock.sinaddr:  63.187.81.119
Wed Mar 19 00:34:08 2003 :: Loading Morgion.
Wed Mar 19 00:34:16 2003 :: Loading Sarven.
Wed Mar 19 00:34:20 2003 :: Look out, Sarven@sdn-ap-009castocP0373.dialsprint.net has connected.
Wed Mar 19 00:41:11 2003 :: Sock.sinaddr:  172.162.176.189
Wed Mar 19 00:42:31 2003 :: Sock.sinaddr:  172.162.176.189
Wed Mar 19 00:43:51 2003 :: EOF encountered on read.
Wed Mar 19 00:43:51 2003 :: EOF encountered on read.
Wed Mar 19 00:48:25 2003 :: Sock.sinaddr:  24.247.67.24
Wed Mar 19 00:48:30 2003 :: Loading Hiddukel.
Wed Mar 19 00:48:34 2003 :: Look out, Hiddukel@24.247.67.24.up.mi.chartermi.net has connected.
Wed Mar 19 00:53:17 2003 :: Sock.sinaddr:  193.136.33.200
Wed Mar 19 00:53:26 2003 :: Loading Nospheratus.
Wed Mar 19 00:53:26 2003 :: Look out, Nospheratus@aulas-i-p2.fe.up.pt has connected.
Read_from_descriptor: Broken pipe
Wed Mar 19 00:53:27 2003 :: Closing link to Nospheratus.
Wed Mar 19 00:53:28 2003 :: Sock.sinaddr:  193.136.33.200
Wed Mar 19 00:53:29 2003 :: Loading Nospheratus.
Wed Mar 19 00:53:29 2003 :: Look out, Nospheratus@aulas-i-p2.fe.up.pt has connected.
Wed Mar 19 00:56:10 2003 :: Sock.sinaddr:  193.136.33.200
Wed Mar 19 00:56:16 2003 :: Loading Belfegor.
Wed Mar 19 00:56:19 2003 :: Look out, Belfegor@aulas-i-p2.fe.up.pt has connected.
Wed Mar 19 00:56:46 2003 :: Sock.sinaddr:  24.247.67.24
Wed Mar 19 00:56:48 2003 :: Loading Bennuir.
Wed Mar 19 00:56:50 2003 :: Look out, Bennuir@24.247.67.24.up.mi.chartermi.net has connected.
Wed Mar 19 00:56:59 2003 :: Sock.sinaddr:  24.247.67.24
Wed Mar 19 00:57:06 2003 :: Loading Wrenoth.
Wed Mar 19 00:57:08 2003 :: Look out, Wrenoth@24.247.67.24.up.mi.chartermi.net has connected.
Wed Mar 19 00:57:30 2003 :: Sock.sinaddr:  63.187.81.119
Wed Mar 19 00:57:32 2003 :: Loading Rey.
Wed Mar 19 00:57:34 2003 :: Look out, Rey@sdn-ap-009castocP0373.dialsprint.net has connected.
Wed Mar 19 00:57:50 2003 :: Sock.sinaddr:  64.40.51.105
Wed Mar 19 00:57:51 2003 :: Loading Kougyoku.
Wed Mar 19 00:57:54 2003 :: Sock.sinaddr:  63.187.81.119
Wed Mar 19 00:57:56 2003 :: Look out, Kougyoku@64-40-51-105.ncplus.net has connected.
Wed Mar 19 00:57:57 2003 :: Loading Winston.
Wed Mar 19 00:58:00 2003 :: Look out, Winston@sdn-ap-009castocP0373.dialsprint.net has connected.
Wed Mar 19 01:00:13 2003 :: Log Paladine: tele winston kougyoku
Wed Mar 19 01:02:06 2003 :: [WARNING] wandering kender sais: I'm glad you're a fighter at heart. You dwarves couldn't shape mud!
Wed Mar 19 01:03:16 2003 :: Belfegor gained level 8
Wed Mar 19 01:08:34 2003 :: [WARNING] wandering kender sais: I'm glad you're a fighter at heart. You dwarves couldn't shape mud!
Wed Mar 19 01:10:29 2003 :: Log Paladine: asp winston wo
Wed Mar 19 01:12:37 2003 :: Sock.sinaddr:  172.157.230.71
Wed Mar 19 01:12:49 2003 :: Loading Zoldor.
Wed Mar 19 01:12:50 2003 :: Look out, Zoldor@AC9DE647.ipt.aol.com has connected.
Wed Mar 19 01:17:02 2003 :: Log Paladine: asp belf i
Wed Mar 19 01:17:05 2003 :: Log Paladine: asp belf eq
Wed Mar 19 01:17:54 2003 :: Log Paladine: load obj 3287
Wed Mar 19 01:18:06 2003 :: Log Paladine: load obj 3827
Wed Mar 19 01:19:53 2003 :: [WARNING] wandering kender sais: I'm glad you're a fighter at heart. You dwarves couldn't shape mud!
Wed Mar 19 01:21:15 2003 :: [WARNING] wandering kender sais: I'm glad you're a fighter at heart. You dwarves couldn't shape mud!
Wed Mar 19 01:23:17 2003 :: Belfegor has quit.
Wed Mar 19 01:31:42 2003 :: Nospheratus has quit.
Wed Mar 19 01:37:07 2003 :: Winston killed by a Hylar guard at 16137
Wed Mar 19 01:39:29 2003 :: Sock.sinaddr:  193.136.33.200
Wed Mar 19 01:39:44 2003 :: Loading Belfegor.
Wed Mar 19 01:39:50 2003 :: Look out, Belfegor@aulas-i-p2.fe.up.pt has connected.
Wed Mar 19 01:45:41 2003 :: Zoldor has quit.
Wed Mar 19 01:46:11 2003 :: Log Morgion: restore winston
Wed Mar 19 01:46:21 2003 :: Log Morgion: restore kougyoku
Wed Mar 19 01:46:30 2003 :: Sock.sinaddr:  66.190.18.45
Wed Mar 19 01:46:31 2003 :: Loading Blonk.
Wed Mar 19 01:46:31 2003 :: Look out, Blonk@c66.190.18.45.roc.mn.charter.com has connected.
Wed Mar 19 01:50:19 2003 :: Log Paladine: asp winston aff
Wed Mar 19 01:54:10 2003 :: Log Paladine: asp winston aff
Wed Mar 19 01:54:59 2003 :: Sock.sinaddr:  193.136.33.200
Wed Mar 19 01:55:07 2003 :: Loading Lethran.
Wed Mar 19 01:55:09 2003 :: Look out, Lethran@aulas-i-p2.fe.up.pt has connected.
Wed Mar 19 01:56:28 2003 :: Belfegor gained level 9
Wed Mar 19 01:56:43 2003 :: Kougyoku gained level 55
Wed Mar 19 01:56:59 2003 :: Log Paladine: apurge koug
Wed Mar 19 01:58:55 2003 :: Sock.sinaddr:  216.40.217.211
Wed Mar 19 01:58:56 2003 :: EOF encountered on read.
Wed Mar 19 02:22:27 2003 :: [WARNING] Paladine sais: Yeah... Gimli and Felix... Multiplay.. Told them that there was No Multiplay allowed on this mud.. and if I caught another person from that univ multiplaying agian, i would ban the univ i
Wed Mar 19 02:23:10 2003 :: Log Morgion: snoop onun
Wed Mar 19 02:23:17 2003 :: Log Morgion: snoop gimli
Wed Mar 19 02:26:01 2003 :: Log Morgion: snoop gimli
Wed Mar 19 02:29:07 2003 :: Sock.sinaddr:  212.85.7.10
Wed Mar 19 02:29:24 2003 :: Loading Rannon.
Wed Mar 19 02:29:27 2003 :: Look out, Rannon@212.85.7.10 has connected.
Wed Mar 19 02:29:29 2003 :: Rannon gets skill disarm traps
Wed Mar 19 02:29:29 2003 :: Rannon gets skill set traps
Wed Mar 19 02:30:51 2003 :: Log Paladine: tele koug xak
Wed Mar 19 02:31:11 2003 :: Log Paladine: tele winst koug
Wed Mar 19 02:33:33 2003 :: Log Paladine: tele gimli
Wed Mar 19 02:33:35 2003 :: Log Paladine: tele onun
Wed Mar 19 02:34:21 2003 :: Belfegor gained level 10
Read_from_descriptor: Connection reset by peer
Wed Mar 19 02:35:29 2003 :: Closing link to Rannon.
Wed Mar 19 02:38:02 2003 :: c66.190.18.45.roc.mn.charter.com input spamming!
Wed Mar 19 02:38:25 2003 :: Sock.sinaddr:  193.136.33.200
Wed Mar 19 02:38:26 2003 :: Loading Nospheratus.
Wed Mar 19 02:38:26 2003 :: Look out, Nospheratus@aulas-i-p2.fe.up.pt has connected.
Wed Mar 19 02:43:31 2003 :: Log Morgion: snoop self
Wed Mar 19 02:46:55 2003 :: [WARNING] Gimli sais: we do not know everyone from the university that plays in this mud
Wed Mar 19 02:48:34 2003 :: Rey has quit.
Wed Mar 19 02:48:38 2003 :: Sarven has quit.
Wed Mar 19 02:48:59 2003 :: Log Paladine: tele gimli 17707
Wed Mar 19 02:49:04 2003 :: Log Paladine: tele onun 3054
Wed Mar 19 02:51:51 2003 :: Rannon has quit.
Wed Mar 19 02:53:23 2003 :: Kougyoku has quit.
Wed Mar 19 02:53:27 2003 :: Sock.sinaddr:  217.129.143.101
Wed Mar 19 02:53:33 2003 :: Loading Oriebir.
Wed Mar 19 02:53:34 2003 :: Look out, Oriebir@217.129.143.101 has connected.
Wed Mar 19 02:53:49 2003 :: Winston has quit.
Wed Mar 19 02:54:48 2003 :: Gimli gained level 46
Wed Mar 19 02:56:18 2003 :: [WARNING] Oriebir replies to Paladine: pretty great this mud
Wed Mar 19 02:56:39 2003 :: Morgion has quit.
Wed Mar 19 02:58:28 2003 :: [WARNING] Gimli sais: no prob... i understand what you did... you have to keep the order in the mud
Wed Mar 19 03:04:29 2003 :: Onun killed by A druid-in-training at 3367
Wed Mar 19 03:05:36 2003 :: Log Paladine: laston kaillen
Wed Mar 19 03:07:27 2003 :: Sock.sinaddr:  193.136.33.200
Wed Mar 19 03:07:32 2003 :: Loading Rakzag.
Wed Mar 19 03:07:36 2003 :: Look out, Rakzag@aulas-i-p2.fe.up.pt has connected.
Wed Mar 19 03:08:02 2003 :: Belfegor has quit.
Wed Mar 19 03:08:12 2003 :: [WARNING] Oriebir replies to Lethran: eh pah, o help merc n da, akilo aparece a falar do mud
Wed Mar 19 03:08:39 2003 :: Log Paladine: gecho ENGLISH ONLY. ANY OTHER LANGUAGE WILL BE MET WITH CONCEQUENCES
Wed Mar 19 03:09:21 2003 :: Log Paladine: snoop ori
Wed Mar 19 03:10:06 2003 :: Log Paladine: gecho This MUD's primary language is ENGLISH.
Wed Mar 19 03:11:00 2003 :: Oriebir has quit.
Wed Mar 19 03:11:30 2003 :: Log Paladine: gecho All code, is written in ENGLISH, all Rooms are written in ENGLISH, and you are expected to comply with this pattern, of ENGLISH.
Wed Mar 19 03:20:16 2003 :: Sock.sinaddr:  4.64.88.32
Wed Mar 19 03:20:19 2003 :: Loading Lando.
Wed Mar 19 03:20:19 2003 :: Look out, Lando@evrtwa1-ar5-4-64-088-032.evrtwa1.dsl-verizon.net has connected.
Wed Mar 19 03:21:35 2003 :: Lando has quit.
Wed Mar 19 03:23:28 2003 :: Lethran killed by a Follower at 809
Wed Mar 19 03:23:49 2003 :: Lethran gained level 19
Wed Mar 19 03:26:02 2003 :: Log Hiddukel: empower wrenoth 33
Wed Mar 19 03:27:31 2003 :: [WARNING] Hiddukel tells Lethran: Tells..... please limit to how much you use it.... after all, how fair would it be if this was a Portuguese MUD where no Imm spoke English, yet we talked using English all the time
Wed Mar 19 03:27:58 2003 :: Sock.sinaddr:  81.77.78.255
Wed Mar 19 03:28:34 2003 :: EOF encountered on read.
Wed Mar 19 03:28:34 2003 :: Closing link to Ragnarok.
Wed Mar 19 03:28:40 2003 :: Sock.sinaddr:  81.77.78.255
Wed Mar 19 03:30:25 2003 :: Flame@user-1791.bbd02tcl.dsl.pol.co.uk new player.
Wed Mar 19 03:31:02 2003 :: [WARNING] Hiddukel replies to Lethran: You'd understand every word who'd say? I just said.... IF we SPOKE ENGLISH... on a MUD in Portuguese, where NO IMM Spoke ENGLISH..
Wed Mar 19 03:32:25 2003 :: aulas-i-p2.fe.up.pt input spamming!
Wed Mar 19 03:36:33 2003 :: [WARNING] Hiddukel tells Lethran: Nope... I've seen a couple of MUDs written by Russian programmers... who have created English/Russian supported MUDs
Wed Mar 19 03:37:00 2003 :: Blonk has quit.
Wed Mar 19 03:37:53 2003 :: [WARNING] Hiddukel tells Lethran: And all without writing an entire Duplicate of the MUD, one in english, 1 in RUssian
Wed Mar 19 03:37:58 2003 :: Flame killed by a chained criminal at 3716
Wed Mar 19 03:38:13 2003 :: Log Hiddukel: restore all
Read_from_descriptor: Connection timed out
Wed Mar 19 03:38:15 2003 :: Closing link to Paladine.
Wed Mar 19 03:38:19 2003 :: EOF encountered on read.
Wed Mar 19 03:38:19 2003 :: Closing link to Flame.
Wed Mar 19 03:39:35 2003 :: [WARNING] Hiddukel tells Lethran: It was a pretty interesting program... now, if I could get my hands on even just an outline, or even a hint of where to begin coding something like that for a MUD (given the fact we have to code under restrictions).... I'd definately write multi-language support systems
Wed Mar 19 03:39:57 2003 :: [WARNING] Lethran replies to Hiddukel: i think i've been in one of those muds before... but if it's all about translations it would'nt work correctly because there are some expressions in portuguese (and in ohter languages too) that wouldn't make sense in english
Wed Mar 19 03:44:28 2003 :: Rakzag gained level 15
Wed Mar 19 04:02:45 2003 :: Nospheratus has quit.
Wed Mar 19 04:05:13 2003 :: Onun gained level 14
Wed Mar 19 04:23:19 2003 :: Rakzag killed by a cleric at 3367
Wed Mar 19 04:44:31 2003 :: Rakzag has quit.
Wed Mar 19 05:07:34 2003 :: Lethran killed by a noble at 3315
Wed Mar 19 05:12:08 2003 :: Gimli has quit.
Wed Mar 19 05:12:59 2003 :: Sock.sinaddr:  193.136.33.200
Wed Mar 19 05:15:52 2003 :: Max@aulas-i-p2.fe.up.pt new player.
Wed Mar 19 05:16:35 2003 :: Lethran has quit.
Wed Mar 19 05:21:34 2003 :: Sock.sinaddr:  193.136.33.200
Wed Mar 19 05:21:39 2003 :: Loading Lethran.
Wed Mar 19 05:21:41 2003 :: Look out, Lethran@aulas-i-p2.fe.up.pt has connected.
Wed Mar 19 05:41:01 2003 :: Max gained level 2
Wed Mar 19 05:43:18 2003 :: Sock.sinaddr:  217.129.143.101
Wed Mar 19 05:43:38 2003 :: Loading Oriebir.
Wed Mar 19 05:43:39 2003 :: Look out, Oriebir@217.129.143.101 has connected.
Wed Mar 19 05:46:07 2003 :: Lethran has quit.
Wed Mar 19 05:51:33 2003 :: Sock.sinaddr:  172.150.131.160
Wed Mar 19 05:51:36 2003 :: Loading Ash.
Wed Mar 19 05:51:37 2003 :: Look out, Ash@AC9683A0.ipt.aol.com has connected.
Wed Mar 19 05:51:49 2003 :: Ash has quit.
Wed Mar 19 05:52:18 2003 :: Max gained level 3
Wed Mar 19 05:55:11 2003 :: Sock.sinaddr:  172.150.131.160
Wed Mar 19 05:55:13 2003 :: Loading Ash.
Wed Mar 19 05:55:16 2003 :: Look out, Ash@AC9683A0.ipt.aol.com has connected.
Wed Mar 19 06:00:54 2003 :: Max gained level 4
Wed Mar 19 06:01:58 2003 :: Ash has quit.
Wed Mar 19 06:07:27 2003 :: Max gained level 5
Wed Mar 19 06:07:46 2003 :: Sock.sinaddr:  172.150.131.160
Wed Mar 19 06:07:47 2003 :: Loading Ash.
Wed Mar 19 06:07:49 2003 :: Look out, Ash@AC9683A0.ipt.aol.com has connected.
Wed Mar 19 06:09:20 2003 :: Sock.sinaddr:  193.136.33.200
Wed Mar 19 06:09:26 2003 :: Loading Lethran.
Wed Mar 19 06:09:28 2003 :: Look out, Lethran@aulas-i-p2.fe.up.pt has connected.
Wed Mar 19 06:10:15 2003 :: Onun has quit.
Wed Mar 19 06:11:45 2003 :: Max gained level 6
Wed Mar 19 06:12:25 2003 :: Max has quit.
Wed Mar 19 06:19:20 2003 :: Sock.sinaddr:  172.148.204.175
Wed Mar 19 06:19:32 2003 :: Sock.sinaddr:  172.148.204.175
Wed Mar 19 06:19:37 2003 :: Loading Paul.
Wed Mar 19 06:19:39 2003 :: Look out, Paul@AC94CCAF.ipt.aol.com has connected.
Wed Mar 19 06:33:40 2003 :: Ash has quit.
Wed Mar 19 06:38:36 2003 :: Oriebir killed by a gate warden at 739
Wed Mar 19 06:49:48 2003 :: Paul has quit.
Wed Mar 19 06:50:31 2003 :: Sock.sinaddr:  193.136.33.200
Wed Mar 19 06:50:33 2003 :: Loading Nospheratus.
Wed Mar 19 06:50:33 2003 :: Look out, Nospheratus@aulas-i-p2.fe.up.pt has connected.
Wed Mar 19 07:04:46 2003 :: Sock.sinaddr:  172.148.204.175
Wed Mar 19 07:04:53 2003 :: Loading Paul.
Wed Mar 19 07:04:55 2003 :: Look out, Paul@AC94CCAF.ipt.aol.com has connected.
Wed Mar 19 07:06:11 2003 :: Nospheratus has quit.
Wed Mar 19 07:39:11 2003 :: Oriebir has quit.
Wed Mar 19 07:48:36 2003 :: Sock.sinaddr:  172.150.131.160
Wed Mar 19 07:48:38 2003 :: Loading Ash.
Wed Mar 19 07:48:39 2003 :: Look out, Ash@AC9683A0.ipt.aol.com has connected.
Read_from_descriptor: Connection reset by peer
Wed Mar 19 08:06:49 2003 :: Closing link to Ash.
Wed Mar 19 08:09:15 2003 :: Sock.sinaddr:  172.150.131.160
Wed Mar 19 08:09:18 2003 :: Loading Ash.
Wed Mar 19 08:09:19 2003 :: Ash@AC9683A0.ipt.aol.com reconnected.
Wed Mar 19 08:15:47 2003 :: Log Hiddukel: asp ash idea show
Wed Mar 19 08:16:55 2003 :: Log Hiddukel: restore all
Wed Mar 19 08:24:26 2003 :: Ash has quit.
Wed Mar 19 08:34:07 2003 :: [*****] BUG: Save_char_obj: fopen
../player/Lethran: Input/output error
Wed Mar 19 08:34:07 2003 :: [*****] BUG: Sig handler SIGSEGV
Wed Mar 19 08:34:07 2003 :: Saved zones:
Wed Mar 19 08:34:07 2003 :: None.
Wed Mar 19 08:34:07 2003 :: [*****] BUG: Save_char_obj: fopen
../player/Paul: Input/output error
Wed Mar 19 08:34:07 2003 :: [*****] BUG: Sig handler SIGSEGV
Wed Mar 19 08:34:07 2003 :: Saved zones:
Wed Mar 19 08:34:07 2003 :: None.
Wed Mar 19 08:34:07 2003 :: [*****] BUG: Save_char_obj: fopen
../player/PWed Mar 19 08:34:07 2003 :: Saved zones:
Wed Mar 19 08:34:07 2003 :: None.
Wed Mar 19 08:34:07 2003 :: [*****] BUG: Save_char_obj: fopen
../player/Paul: Input/output error
Wed Mar 19 08:34:07 2003 :: [*****] BUG: Sig handler SIGSEGV
Wed Mar 19 08:34:07 2003 :: Saved zones:
Wed Mar 19 08:34:07 2003 :: None.
Wed Mar 19 08:34:07 2003 :: [*****] BUG: Save_char_obj: fopen
../player/Paul: Input/output error
Wed Mar 19 08:34:07 2003 :: [*****] BUG: Sig handler SIGSEGV
Wed Mar 19 08:34:07 2003 :: Saved zones:
Wed Mar 19 08:34:07 2003 :: None.
Wed Mar 19 08:34:07 2003 :: [*****] BUG: Save_char_obj: fopen
../player/Paul: Input/output error
Wed Mar 19 08:34:07 2003 :: [*****] BUG: Sig handler SIGSEGV
Wed Mar 19 08:34:07 2003 :: Saved zones:
Wed Mar 19 08:34:07 2003 :: None.
Wed Mar 19 08:34:07 2003 :: [*****] BUG: Save_char_obj: fopen
../player/Paul: Input/output error
Wed Mar 19 08:34:07 2003 :: [*****] BUG: Sig handler SIGSEGV
Wed Mar 19 08:34:07 2003 :: Saved zones:
Wed Mar 19 08:34:07 2003 :: None.
Wed Mar 19 08:34: