Sun Aug 10 10:00:52 2003 :: ROM is ready to rock on port 6100.
Sun Aug 10 10:00:58 2003 :: Sock.sinaddr:  64.40.51.112
Sun Aug 10 10:00:59 2003 :: Loading Paladine.
Sun Aug 10 10:01:00 2003 :: Look out, Paladine@64-40-51-112.ncplus.net has connected.
Sun Aug 10 10:01:08 2003 :: Sock.sinaddr:  68.99.148.39
Sun Aug 10 10:01:13 2003 :: Loading Larnoth.
Sun Aug 10 10:01:16 2003 :: Look out, Larnoth@ip68-99-148-39.mc.at.cox.net has connected.
Sun Aug 10 10:37:06 2003 :: Paladine has quit.
Sun Aug 10 10:45:22 2003 :: Sock.sinaddr:  68.99.148.39
Sun Aug 10 10:45:30 2003 :: Loading Ramza.
Sun Aug 10 10:45:38 2003 :: Look out, Ramza@ip68-99-148-39.mc.at.cox.net has connected.
Sun Aug 10 10:52:52 2003 :: Ramza killed by a hobgoblin guard at 4820
Sun Aug 10 10:56:25 2003 :: Sock.sinaddr:  172.130.7.35
Sun Aug 10 10:56:40 2003 :: Loading Kiri.
Sun Aug 10 10:56:42 2003 :: Look out, Kiri@AC820723.ipt.aol.com has connected.
Sun Aug 10 11:10:09 2003 :: ip68-99-148-39.mc.at.cox.net input spamming!
Sun Aug 10 11:12:41 2003 :: EOF encountered on read.
Sun Aug 10 11:12:41 2003 :: Closing link to Ramza.
Sun Aug 10 11:24:11 2003 :: ip68-99-148-39.mc.at.cox.net input spamming!
Sun Aug 10 11:28:43 2003 :: Ramza has quit.
Sun Aug 10 11:30:57 2003 :: Sock.sinaddr:  68.71.152.224
Sun Aug 10 11:31:01 2003 :: Loading Ulas.
Sun Aug 10 11:31:03 2003 :: Look out, Ulas@ky-richmond3c-224.rhmdky.adelphia.net has connected.
Sun Aug 10 11:31:43 2003 :: ip68-99-148-39.mc.at.cox.net input spamming!
Sun Aug 10 11:32:25 2003 :: Ulas has quit.
Sun Aug 10 11:34:02 2003 :: ip68-99-148-39.mc.at.cox.net input spamming!
Sun Aug 10 11:36:58 2003 :: EOF encountered on read.
Sun Aug 10 11:36:58 2003 :: Closing link to Larnoth.
Sun Aug 10 11:42:04 2003 :: Sock.sinaddr:  68.144.213.62
Sun Aug 10 11:42:05 2003 :: Loading Torianis.
Sun Aug 10 11:42:05 2003 :: Look out, Torianis@h68-144-213-62.cg.shawcable.net has connected.
Sun Aug 10 11:43:30 2003 :: Torianis has quit.
Sun Aug 10 11:46:26 2003 :: Sock.sinaddr:  68.99.148.39
Sun Aug 10 11:46:38 2003 :: Loading Larnoth.
Sun Aug 10 11:46:42 2003 :: Larnoth@ip68-99-148-39.mc.at.cox.net reconnected.
Sun Aug 10 11:49:12 2003 :: ip68-99-148-39.mc.at.cox.net input spamming!
Sun Aug 10 11:52:25 2003 :: ip68-99-148-39.mc.at.cox.net input spamming!
Sun Aug 10 12:00:55 2003 :: Sock.sinaddr:  68.99.148.39
Read_from_descriptor: Connection reset by peer
Sun Aug 10 12:00:59 2003 :: Closing link to Larnoth.
Sun Aug 10 12:01:01 2003 :: Loading Larnoth.
Sun Aug 10 12:01:28 2003 :: Sock.sinaddr:  68.99.148.39
Sun Aug 10 12:01:32 2003 :: Loading Larnoth.
Sun Aug 10 12:01:35 2003 :: Larnoth@ip68-99-148-39.mc.at.cox.net reconnected.
Sun Aug 10 12:01:40 2003 :: Larnoth. Bad Password. IP: ip68-99-148-39.mc.at.cox.net> larnoth
Sun Aug 10 12:01:40 2003 :: Closing link to Larnoth.
Sun Aug 10 12:03:09 2003 :: EOF encountered on read.
Sun Aug 10 12:03:09 2003 :: Closing link to Larnoth.
Sun Aug 10 12:18:59 2003 :: Larnoth has quit.
Sun Aug 10 12:18:59 2003 :: [*****] BUG: update_char: Trying to work with an invalidated character.

Sun Aug 10 12:33:56 2003 :: Sock.sinaddr:  172.130.67.233
Sun Aug 10 12:34:12 2003 :: Closing link to Kir.
Sun Aug 10 12:34:13 2003 :: Sock.sinaddr:  172.130.67.233
Sun Aug 10 12:34:16 2003 :: Loading Kiri.
Sun Aug 10 12:34:18 2003 :: Closing link to Kiri.
Sun Aug 10 12:34:18 2003 :: Kiri@AC8243E9.ipt.aol.com reconnected.
Sun Aug 10 12:41:52 2003 :: Sock.sinaddr:  67.37.118.65
Sun Aug 10 12:42:19 2003 :: Loading Branchala.
Sun Aug 10 12:42:21 2003 :: Look out, Branchala@pppmart67-37-118-65.reliable-net.net has connected.
Sun Aug 10 12:44:05 2003 :: Sock.sinaddr:  68.99.148.39
Sun Aug 10 12:44:05 2003 :: Sock.sinaddr:  68.99.148.39
Sun Aug 10 12:44:10 2003 :: EOF encountered on read.
Sun Aug 10 12:44:30 2003 :: Loading Larnoth.
Sun Aug 10 12:44:36 2003 :: Look out, Larnoth@ip68-99-148-39.mc.at.cox.net has connected.
Sun Aug 10 12:53:05 2003 :: Sock.sinaddr:  68.99.148.39
Sun Aug 10 12:53:05 2003 :: Sock.sinaddr:  68.144.213.62
Sun Aug 10 12:53:06 2003 :: Loading Torianis.
Sun Aug 10 12:53:07 2003 :: Look out, Torianis@h68-144-213-62.cg.shawcable.net has connected.
Sun Aug 10 12:53:15 2003 :: Loading Larnoth.
Sun Aug 10 12:53:21 2003 :: Closing link to Larnoth.
Sun Aug 10 12:53:21 2003 :: Larnoth@ip68-99-148-39.mc.at.cox.net reconnected.
Sun Aug 10 12:54:02 2003 :: Log Branchala: string obj claymore name sword branchala
Sun Aug 10 12:54:42 2003 :: Log Branchala: string obj sword short {C(Glowing){x The Sword of Branchala
Sun Aug 10 12:56:01 2003 :: Log Branchala: string obj dagger name dagger branchala
Sun Aug 10 12:56:23 2003 :: Torianis has quit.
Sun Aug 10 12:56:29 2003 :: Log Branchala: string obj dagger short {C(Glowing){x The Dagger of Branchala
Sun Aug 10 12:59:00 2003 :: Sock.sinaddr:  68.99.144.54
Sun Aug 10 12:59:13 2003 :: Loading Flands.
Sun Aug 10 12:59:18 2003 :: Look out, Flands@ip68-99-144-54.mc.at.cox.net has connected.
Read_from_descriptor: Connection reset by peer
Sun Aug 10 13:05:09 2003 :: Closing link to Kiri.
Sun Aug 10 13:12:08 2003 :: EOF encountered on read.
Sun Aug 10 13:12:08 2003 :: Closing link to Larnoth.
Sun Aug 10 13:13:30 2003 :: Sock.sinaddr:  68.99.148.39
Sun Aug 10 13:13:35 2003 :: Loading Larnoth.
Sun Aug 10 13:13:38 2003 :: Larnoth@ip68-99-148-39.mc.at.cox.net reconnected.
Sun Aug 10 13:19:53 2003 :: [*****] BUG: Damage: 1270: more than 1200 points!
Sun Aug 10 13:20:21 2003 :: ip68-99-148-39.mc.at.cox.net input spamming!
Sun Aug 10 13:24:27 2003 :: Sock.sinaddr:  66.152.128.147
Sun Aug 10 13:24:44 2003 :: Loading Alec.
Sun Aug 10 13:24:45 2003 :: Look out, Alec@du128147.pit.ptd.net has connected.
Sun Aug 10 13:25:11 2003 :: Alec has quit.
Sun Aug 10 13:29:05 2003 :: Log Branchala: string obj trident name trident branchala
Sun Aug 10 13:29:30 2003 :: Log Branchala: string obj trident short {C(Glowing){x The Trident of Branchala
Sun Aug 10 13:31:50 2003 :: Log Branchala: string clay short {C(Glowing){X The Claymore of Branchala
Sun Aug 10 13:31:55 2003 :: Log Branchala: string obj clay short {C(Glowing){X The Claymore of Branchala
Sun Aug 10 13:34:17 2003 :: Flands killed by a black wyvern at 3371
Sun Aug 10 13:34:51 2003 :: Log Branchala: string obj axe short {C(Glowing){x The Double-Edged Axe of Branchala
Sun Aug 10 13:35:26 2003 :: Log Branchala: string obj axe name double axe
Sun Aug 10 13:38:28 2003 :: Log Branchala: string obj can name {C(Glowing){x  A Book of Equipment
Sun Aug 10 13:38:43 2003 :: Log Branchala: string obj can short {C(Glowing){x  A Book of Equipment
Sun Aug 10 13:39:10 2003 :: Log Branchala: string obj can short {C(Glowing){x  A Book of cantrips
Sun Aug 10 13:39:28 2003 :: Log Branchala: string obj whoop name book armor
Sun Aug 10 13:40:05 2003 :: Log Branchala: string obj armor short {C(Glowing){x A Book of Armor
Sun Aug 10 13:41:29 2003 :: Log Branchala: string book equipment short {C(Glowing){x The Book of Equipment
Sun Aug 10 13:41:34 2003 :: Log Branchala: string equipment short {C(Glowing){x The Book of Equipment
Sun Aug 10 13:41:39 2003 :: Log Branchala: string obj equipment short {C(Glowing){x The Book of Equipment
Sun Aug 10 13:43:49 2003 :: Sock.sinaddr:  24.69.161.229
Sun Aug 10 13:43:54 2003 :: Loading Xypher.
Sun Aug 10 13:43:54 2003 :: Look out, Xypher@24.69.161.229 has connected.
Sun Aug 10 13:47:14 2003 :: [*****] BUG: Damage: 1618: more than 1200 points!
Sun Aug 10 13:47:47 2003 :: [*****] BUG: Damage: 1362: more than 1200 points!
Sun Aug 10 13:51:44 2003 :: Sock.sinaddr:  24.103.116.103
Sun Aug 10 13:51:47 2003 :: Loading Dagg.
Sun Aug 10 13:51:47 2003 :: Look out, Dagg@CPE00207806d883-CM014110205916.cpe.net.cable.rogers.com has connected.
Sun Aug 10 13:56:14 2003 :: [WARNING] Dagg replies to Branchala: ok, thought you may have been an imm on a different mud at one point
Sun Aug 10 14:02:44 2003 :: EOF encountered on read.
Sun Aug 10 14:02:44 2003 :: Closing link to Larnoth.
Sun Aug 10 14:02:54 2003 :: Sock.sinaddr:  68.99.148.39
Sun Aug 10 14:02:59 2003 :: Loading Larnoth.
Sun Aug 10 14:03:10 2003 :: Larnoth@ip68-99-148-39.mc.at.cox.net reconnected.
Sun Aug 10 14:17:45 2003 :: Flands killed by a hobgoblin elite guard at 4814
Sun Aug 10 14:20:24 2003 :: Log Branchala: switch dragon
Sun Aug 10 14:20:56 2003 :: Log Branchala: switch dragon
Sun Aug 10 14:21:37 2003 :: Log Branchala: switch shop
Sun Aug 10 14:22:10 2003 :: Log Branchala: switch shop
Sun Aug 10 14:22:25 2003 :: Branchala has quit.
Sun Aug 10 14:23:01 2003 :: [WARNING] Dagg replies to Larnoth: considering I've played this mud for 13 hours, I don't know how all of the skills/commands work yet
Sun Aug 10 14:29:13 2003 :: Dagg gained level 22
Sun Aug 10 14:39:55 2003 :: Flands gained level 16
Sun Aug 10 14:43:19 2003 :: Xypher gained level 10
Sun Aug 10 14:46:59 2003 :: Sock.sinaddr:  195.23.184.53
Sun Aug 10 14:47:50 2003 :: Sock.sinaddr:  195.23.184.53
Sun Aug 10 14:47:51 2003 :: Loading Belenus.
Sun Aug 10 14:47:51 2003 :: Look out, Belenus@195-23-184-53.nr.ip.pt has connected.
Sun Aug 10 14:48:08 2003 :: Belenus has quit.
Sun Aug 10 14:48:26 2003 :: Sock.sinaddr:  195.23.184.53
Sun Aug 10 14:48:27 2003 :: Loading Belenus.
Sun Aug 10 14:48:27 2003 :: Look out, Belenus@195-23-184-53.nr.ip.pt has connected.
Sun Aug 10 14:48:52 2003 :: Belenus has quit.
Sun Aug 10 14:48:55 2003 :: Sock.sinaddr:  195.23.184.53
Sun Aug 10 14:48:55 2003 :: Loading Magyar.
Sun Aug 10 14:48:55 2003 :: Look out, Magyar@195-23-184-53.nr.ip.pt has connected.
Sun Aug 10 14:49:25 2003 :: Sock.sinaddr:  68.99.148.39
Sun Aug 10 14:49:35 2003 :: Loading Ramza.
Sun Aug 10 14:49:36 2003 :: Look out, Ramza@ip68-99-148-39.mc.at.cox.net has connected.
Sun Aug 10 14:52:06 2003 :: Xypher has quit.
Sun Aug 10 14:52:30 2003 :: Sock.sinaddr:  24.69.161.229
Sun Aug 10 14:52:35 2003 :: Loading Xypher.
Sun Aug 10 14:52:35 2003 :: Look out, Xypher@h24-69-161-229.pk.shawcable.net has connected.
Sun Aug 10 14:52:57 2003 :: Xypher has quit.
Sun Aug 10 14:58:04 2003 :: Log Larnoth: murder dagg
Sun Aug 10 14:58:18 2003 :: Dagg has quit.
Sun Aug 10 14:59:20 2003 :: Flands killed by a Palanthas guard at 3008
Sun Aug 10 15:15:03 2003 :: Sock.sinaddr:  172.169.235.151
Sun Aug 10 15:15:08 2003 :: Loading Kiri.
Sun Aug 10 15:15:10 2003 :: Kiri@ACA9EB97.ipt.aol.com reconnected.
Sun Aug 10 15:28:20 2003 :: Flands killed by a helpless beggar at 3122
Sun Aug 10 15:32:47 2003 :: EOF encountered on read.
Sun Aug 10 15:32:47 2003 :: Closing link to Ramza.
Sun Aug 10 15:39:31 2003 :: Magyar has quit.
Sun Aug 10 15:49:08 2003 :: Ramza has quit.
Sun Aug 10 16:10:44 2003 :: Sock.sinaddr:  68.99.144.54
Sun Aug 10 16:10:48 2003 :: EOF encountered on read.
Sun Aug 10 16:20:29 2003 :: Sock.sinaddr:  4.64.88.32
Sun Aug 10 16:20:30 2003 :: Loading Hydroth.
Sun Aug 10 16:20:30 2003 :: Look out, Hydroth@evrtwa1-ar5-4-64-088-032.evrtwa1.dsl-verizon.net has connected.
Sun Aug 10 16:20:33 2003 :: Hydroth has quit.
Sun Aug 10 16:29:55 2003 :: Flands has quit.
Sun Aug 10 16:53:32 2003 :: ip68-99-148-39.mc.at.cox.net input spamming!
Sun Aug 10 17:03:33 2003 :: Larnoth killed by the knight of the crown at 13715
Sun Aug 10 17:12:23 2003 :: ip68-99-148-39.mc.at.cox.net input spamming!
Sun Aug 10 17:13:18 2003 :: ip68-99-148-39.mc.at.cox.net input spamming!
Sun Aug 10 17:15:10 2003 :: Sock.sinaddr:  172.164.194.126
Sun Aug 10 17:15:51 2003 :: Loading Kiri.
Sun Aug 10 17:15:54 2003 :: Closing link to Kiri.
Sun Aug 10 17:15:54 2003 :: Kiri@ACA4C27E.ipt.aol.com reconnected.
Sun Aug 10 17:18:32 2003 :: ip68-99-148-39.mc.at.cox.net input spamming!
Sun Aug 10 17:19:44 2003 :: Larnoth killed by a hobgoblin at 4811
Sun Aug 10 17:39:17 2003 :: Sock.sinaddr:  68.144.213.62
Sun Aug 10 17:39:17 2003 :: Loading Torianis.
Sun Aug 10 17:39:18 2003 :: Look out, Torianis@h68-144-213-62.cg.shawcable.net has connected.
Sun Aug 10 17:45:22 2003 :: Torianis has quit.
Sun Aug 10 17:47:24 2003 :: ip68-99-148-39.mc.at.cox.net input spamming!
Sun Aug 10 17:49:31 2003 :: ip68-99-148-39.mc.at.cox.net input spamming!
Sun Aug 10 17:49:59 2003 :: ip68-99-148-39.mc.at.cox.net input spamming!
Sun Aug 10 17:55:09 2003 :: Sock.sinaddr:  24.53.101.102
Sun Aug 10 17:55:13 2003 :: Loading Dominic.
Sun Aug 10 17:55:15 2003 :: Look out, Dominic@ga-canton-u1-c4b-102.atlaga.adelphia.net has connected.
Sun Aug 10 18:27:36 2003 :: Sock.sinaddr:  68.144.213.62
Sun Aug 10 18:27:37 2003 :: Loading Torianis.
Sun Aug 10 18:27:37 2003 :: Look out, Torianis@h68-144-213-62.cg.shawcable.net has connected.
Sun Aug 10 18:28:24 2003 :: EOF encountered on read.
Sun Aug 10 18:28:24 2003 :: Closing link to Larnoth.
Sun Aug 10 18:28:46 2003 :: Sock.sinaddr:  68.99.148.39
Sun Aug 10 18:29:06 2003 :: Dominic has quit.
Sun Aug 10 18:29:06 2003 :: [*****] BUG: update_char: Trying to work with an invalidated character.

Sun Aug 10 18:29:06 2003 :: Loading Larnoth.
Sun Aug 10 18:29:09 2003 :: Larnoth@ip68-99-148-39.mc.at.cox.net reconnected.
Sun Aug 10 18:30:11 2003 :: ip68-99-148-39.mc.at.cox.net input spamming!
Sun Aug 10 18:31:09 2003 :: Torianis has quit.
Sun Aug 10 18:32:11 2003 :: ip68-99-148-39.mc.at.cox.net input spamming!
Sun Aug 10 18:32:36 2003 :: ip68-99-148-39.mc.at.cox.net input spamming!
Sun Aug 10 18:34:46 2003 :: ip68-99-148-39.mc.at.cox.net input spamming!
Sun Aug 10 18:37:21 2003 :: ip68-99-148-39.mc.at.cox.net input spamming!
Sun Aug 10 18:45:25 2003 :: ip68-99-148-39.mc.at.cox.net input spamming!
Sun Aug 10 18:51:27 2003 :: EOF encountered on read.
Sun Aug 10 18:51:27 2003 :: Closing link to Larnoth.
Sun Aug 10 19:07:21 2003 :: Larnoth has quit.
Sun Aug 10 19:27:07 2003 :: Sock.sinaddr:  172.142.98.65
Sun Aug 10 19:27:14 2003 :: Loading Kiri.
Sun Aug 10 19:27:27 2003 :: Closing link to Kiri.
Sun Aug 10 19:27:27 2003 :: Kiri@AC8E6241.ipt.aol.com reconnected.
Sun Aug 10 19:29:26 2003 :: Sock.sinaddr:  68.144.213.62
Sun Aug 10 19:29:27 2003 :: Loading Torianis.
Sun Aug 10 19:29:27 2003 :: Look out, Torianis@h68-144-213-62.cg.shawcable.net has connected.
Sun Aug 10 19:32:22 2003 :: Torianis has quit.
Sun Aug 10 20:02:13 2003 :: Sock.sinaddr:  24.103.116.103
Sun Aug 10 20:02:15 2003 :: Loading Dagg.
Sun Aug 10 20:02:16 2003 :: Look out, Dagg@CPE00207806d883-CM014110205916.cpe.net.cable.rogers.com has connected.
Sun Aug 10 20:02:20 2003 :: Dagg has quit.
Sun Aug 10 20:57:03 2003 :: Sock.sinaddr:  172.144.141.176
Sun Aug 10 20:57:53 2003 :: Loading Kiri.
Sun Aug 10 20:57:57 2003 :: Closing link to Kiri.
Sun Aug 10 20:57:57 2003 :: Kiri@AC908DB0.ipt.aol.com reconnected.
Sun Aug 10 20:59:53 2003 :: Sock.sinaddr:  172.199.153.235
Sun Aug 10 20:59:56 2003 :: Loading Kilgor.
Sun Aug 10 20:59:58 2003 :: Look out, Kilgor@ACC799EB.ipt.aol.com has connected.
Sun Aug 10 21:01:33 2003 :: Kilgor has quit.
Sun Aug 10 21:06:11 2003 :: Sock.sinaddr:  172.199.153.235
Sun Aug 10 21:06:22 2003 :: Loading Jarek.
Sun Aug 10 21:06:22 2003 :: Sock.sinaddr:  67.37.118.78
Sun Aug 10 21:06:25 2003 :: Look out, Jarek@ACC799EB.ipt.aol.com has connected.
Sun Aug 10 21:07:02 2003 :: Loading Branchala.
Sun Aug 10 21:07:03 2003 :: Look out, Branchala@pppmart67-37-118-78.reliable-net.net has connected.
Sun Aug 10 21:26:53 2003 :: Sock.sinaddr:  63.151.2.108
Sun Aug 10 21:27:05 2003 :: Loading Majere.
Sun Aug 10 21:27:06 2003 :: Look out, Majere@user-108-2.inu.net has connected.
Sun Aug 10 21:29:12 2003 :: Jarek has quit.
Sun Aug 10 21:29:16 2003 :: Sock.sinaddr:  172.199.153.235
Sun Aug 10 21:29:21 2003 :: Loading Milanos.
Sun Aug 10 21:29:23 2003 :: Look out, Milanos@ACC799EB.ipt.aol.com has connected.
Sun Aug 10 21:29:51 2003 :: Majere has quit.
Sun Aug 10 21:32:43 2003 :: Sock.sinaddr:  172.147.170.226
Sun Aug 10 21:32:48 2003 :: Loading Vickriman.
Sun Aug 10 21:32:50 2003 :: Look out, Vickriman@AC93AAE2.ipt.aol.com has connected.
Sun Aug 10 21:36:14 2003 :: Milanos has quit.
Read_from_descriptor: Connection reset by peer
Sun Aug 10 21:46:10 2003 :: Closing link to Vickriman.
Sun Aug 10 21:46:12 2003 :: Sock.sinaddr:  172.147.170.226
Sun Aug 10 21:47:52 2003 :: Kemoris@AC93AAE2.ipt.aol.com new player.
Sun Aug 10 21:53:39 2003 :: Sock.sinaddr:  172.137.215.9
Sun Aug 10 21:53:42 2003 :: Loading Kiri.
Sun Aug 10 21:53:47 2003 :: Closing link to Kiri.
Sun Aug 10 21:53:47 2003 :: Kiri@AC89D709.ipt.aol.com reconnected.
Sun Aug 10 21:58:32 2003 :: Log Branchala: string obj fur white fur cloak
Sun Aug 10 21:58:37 2003 :: Log Branchala: string obj fur short white fur cloak
Sun Aug 10 21:58:49 2003 :: Log Branchala: string obj fur name white fur cloak
Sun Aug 10 21:59:15 2003 :: Log Branchala: string obj fur long a white fur cloak lies here.
Sun Aug 10 22:02:07 2003 :: Vickriman has quit.
Sun Aug 10 22:07:46 2003 :: Kemoris gained level 2
Sun Aug 10 22:09:13 2003 :: Kemoris gained level 3
Sun Aug 10 22:09:55 2003 :: Kemoris gained level 4
Sun Aug 10 22:12:42 2003 :: Log Branchala: string obj axe short Axe of the Chosen One
Sun Aug 10 22:12:58 2003 :: Log Branchala: string obj axe name axe chosen one
Sun Aug 10 22:13:32 2003 :: Log Branchala: string obj axe long An axe lies here, belonging to the chosen one of Branchala...
Sun Aug 10 22:13:49 2003 :: Kemoris gained level 5
Sun Aug 10 22:13:52 2003 :: Sock.sinaddr:  172.135.69.25
Sun Aug 10 22:13:56 2003 :: Sock.sinaddr:  172.135.69.25
Sun Aug 10 22:13:59 2003 :: Loading Zeckarah.
Sun Aug 10 22:14:02 2003 :: Look out, Zeckarah@AC874519.ipt.aol.com has connected.
Sun Aug 10 22:16:26 2003 :: Zeckarah has quit.
Sun Aug 10 22:16:28 2003 :: Sock.sinaddr:  172.135.69.25
Sun Aug 10 22:16:31 2003 :: Loading Zeak.
Sun Aug 10 22:16:33 2003 :: Look out, Zeak@AC874519.ipt.aol.com has connected.
Sun Aug 10 22:20:18 2003 :: Kemoris gained level 6
Sun Aug 10 22:20:25 2003 :: Log Branchala: string tat short {C(Glowing){x Tattoo of Branchala
Sun Aug 10 22:20:30 2003 :: Log Branchala: string obj tat short {C(Glowing){x Tattoo of Branchala
Sun Aug 10 22:20:41 2003 :: Log Branchala: string obj tat name tattoo branchala
Sun Aug 10 22:21:15 2003 :: Log Branchala: string obj tat long A tattoo bearing a remarkable resemblance to the Patron of elves, Branchala is here...
Sun Aug 10 22:26:41 2003 :: Zeak gained level 15
Sun Aug 10 22:27:41 2003 :: Kemoris gained level 7
Read_from_descriptor: Connection reset by peer
Sun Aug 10 22:28:46 2003 :: Closing link to Kiri.
Sun Aug 10 22:29:17 2003 :: Zeak killed by Branchala at 3054
Sun Aug 10 22:46:32 2003 :: Kemoris gained level 8
Sun Aug 10 22:55:38 2003 :: Kemoris gained level 9
Sun Aug 10 22:58:08 2003 :: Zeak gained level 16
Sun Aug 10 23:11:05 2003 :: Kemoris gained level 10
Sun Aug 10 23:12:20 2003 :: Zeak killed by a cleric at 3365
Sun Aug 10 23:13:18 2003 :: Branchala has quit.
Sun Aug 10 23:17:53 2003 :: Zeak has quit.
Sun Aug 10 23:17:55 2003 :: Sock.sinaddr:  172.135.69.25
Sun Aug 10 23:18:07 2003 :: Loading Harakcez.
Sun Aug 10 23:18:08 2003 :: Look out, Harakcez@AC874519.ipt.aol.com has connected.
Sun Aug 10 23:18:13 2003 :: Log Harakcez: delete
Sun Aug 10 23:18:16 2003 :: Log Harakcez: delete
Sun Aug 10 23:18:19 2003 :: Sock.sinaddr:  172.135.69.25
Sun Aug 10 23:18:26 2003 :: Loading Borax.
Sun Aug 10 23:18:30 2003 :: Look out, Borax@AC874519.ipt.aol.com has connected.
Sun Aug 10 23:18:35 2003 :: Log Borax: del
Sun Aug 10 23:18:59 2003 :: Log Borax: delete
Sun Aug 10 23:19:01 2003 :: Log Borax: delete
Sun Aug 10 23:19:03 2003 :: Sock.sinaddr:  172.135.69.25
Sun Aug 10 23:19:09 2003 :: Loading Xabe.
Sun Aug 10 23:19:11 2003 :: Look out, Xabe@AC874519.ipt.aol.com has connected.
Sun Aug 10 23:20:44 2003 :: Xabe has quit.
Sun Aug 10 23:20:46 2003 :: Sock.sinaddr:  172.135.69.25
Sun Aug 10 23:20:51 2003 :: Loading Zeckarah.
Sun Aug 10 23:20:53 2003 :: Look out, Zeckarah@AC874519.ipt.aol.com has connected.
Sun Aug 10 23:26:12 2003 :: Kemoris has quit.
Sun Aug 10 23:42:56 2003 :: Sock.sinaddr:  172.169.82.187
Sun Aug 10 23:43:02 2003 :: Loading Kiri.
Sun Aug 10 23:43:03 2003 :: Kiri@ACA952BB.ipt.aol.com reconnected.
Mon Aug 11 00:08:30 2003 :: Zeckarah has quit.
Mon Aug 11 00:08:33 2003 :: Sock.sinaddr:  172.135.69.25
Mon Aug 11 00:08:40 2003 :: Loading Zeckarah.
Mon Aug 11 00:08:42 2003 :: Look out, Zeckarah@AC874519.ipt.aol.com has connected.
Mon Aug 11 00:12:30 2003 :: Sock.sinaddr:  4.64.88.32
Mon Aug 11 00:12:31 2003 :: Loading Hydroth.
Mon Aug 11 00:12:32 2003 :: Look out, Hydroth@evrtwa1-ar5-4-64-088-032.evrtwa1.dsl-verizon.net has connected.
Mon Aug 11 00:12:34 2003 :: Hydroth has quit.
Mon Aug 11 00:17:26 2003 :: Zeckarah has quit.
Mon Aug 11 00:50:02 2003 :: Sock.sinaddr:  68.144.213.62
Mon Aug 11 00:50:04 2003 :: Loading Torianis.
Mon Aug 11 00:50:05 2003 :: Look out, Torianis@h68-144-213-62.cg.shawcable.net has connected.
Mon Aug 11 00:50:10 2003 :: Torianis has quit.
Mon Aug 11 00:54:52 2003 :: Sock.sinaddr:  68.144.213.62
Mon Aug 11 00:54:53 2003 :: Loading Torianis.
Mon Aug 11 00:54:54 2003 :: Look out, Torianis@h68-144-213-62.cg.shawcable.net has connected.
Mon Aug 11 01:00:13 2003 :: Torianis has quit.
Mon Aug 11 01:06:07 2003 :: Sock.sinaddr:  68.144.213.62
Mon Aug 11 01:06:08 2003 :: Loading Torianis.
Mon Aug 11 01:06:09 2003 :: Look out, Torianis@h68-144-213-62.cg.shawcable.net has connected.
Mon Aug 11 01:07:33 2003 :: Torianis has quit.
Mon Aug 11 01:18:34 2003 :: Sock.sinaddr:  204.209.44.14
Mon Aug 11 01:18:34 2003 :: EOF encountered on read.
Mon Aug 11 01:25:21 2003 :: Sock.sinaddr:  172.166.220.254
Mon Aug 11 01:25:58 2003 :: Loading Kiri.
Mon Aug 11 01:26:04 2003 :: Closing link to Kiri.
Mon Aug 11 01:26:04 2003 :: Kiri@ACA6DCFE.ipt.aol.com reconnected.
Mon Aug 11 01:31:50 2003 :: Sock.sinaddr:  68.144.213.62
Mon Aug 11 01:31:51 2003 :: Loading Torianis.
Mon Aug 11 01:31:52 2003 :: Look out, Torianis@h68-144-213-62.cg.shawcable.net has connected.
Mon Aug 11 01:32:08 2003 :: Torianis has quit.
Mon Aug 11 01:51:51 2003 :: Sock.sinaddr:  172.174.138.148
Mon Aug 11 01:51:53 2003 :: Loading Kiri.
Mon Aug 11 01:51:58 2003 :: Closing link to Kiri.
Mon Aug 11 01:51:58 2003 :: Kiri@ACAE8A94.ipt.aol.com reconnected.
Mon Aug 11 01:52:23 2003 :: Sock.sinaddr:  172.174.138.148
Mon Aug 11 01:52:26 2003 :: Loading Karlas.
Mon Aug 11 01:52:27 2003 :: Look out, Karlas@ACAE8A94.ipt.aol.com has connected.
Mon Aug 11 01:53:16 2003 :: Karlas has quit.
Mon Aug 11 01:53:18 2003 :: Sock.sinaddr:  172.174.138.148
Mon Aug 11 01:55:46 2003 :: Sock.sinaddr:  172.198.242.67
Mon Aug 11 01:55:55 2003 :: Loading Kilgor.
Mon Aug 11 01:55:59 2003 :: Look out, Kilgor@ACC6F243.ipt.aol.com has connected.
Mon Aug 11 01:56:38 2003 :: Toran@ACAE8A94.ipt.aol.com new player.
Mon Aug 11 01:57:21 2003 :: Kilgor has quit.
Mon Aug 11 02:02:15 2003 :: Log Toran: delete
Mon Aug 11 02:02:17 2003 :: Log Toran: delete
Mon Aug 11 02:02:19 2003 :: Sock.sinaddr:  172.174.138.148
Mon Aug 11 02:08:02 2003 :: Sock.sinaddr:  216.40.217.211
Mon Aug 11 02:08:02 2003 :: EOF encountered on read.
Mon Aug 11 02:14:18 2003 :: Sock.sinaddr:  193.136.33.200
Mon Aug 11 02:14:22 2003 :: Loading Halig.
Mon Aug 11 02:14:26 2003 :: Look out, Halig@aulas-i-p2.fe.up.pt has connected.
Mon Aug 11 02:14:36 2003 :: Sock.sinaddr:  193.136.33.200
Mon Aug 11 02:14:40 2003 :: Loading Xulox.
Mon Aug 11 02:14:43 2003 :: Look out, Xulox@aulas-i-p2.fe.up.pt has connected.
Mon Aug 11 02:16:49 2003 :: aulas-i-p2.fe.up.pt input spamming!
Mon Aug 11 02:21:25 2003 :: aulas-i-p2.fe.up.pt input spamming!
Mon Aug 11 02:26:17 2003 :: aulas-i-p2.fe.up.pt input spamming!
Mon Aug 11 02:27:19 2003 :: aulas-i-p2.fe.up.pt input spamming!
Mon Aug 11 02:28:27 2003 :: aulas-i-p2.fe.up.pt input spamming!
Mon Aug 11 02:29:39 2003 :: aulas-i-p2.fe.up.pt input spamming!
Mon Aug 11 02:31:43 2003 :: aulas-i-p2.fe.up.pt input spamming!
Mon Aug 11 02:33:02 2003 :: aulas-i-p2.fe.up.pt input spamming!
Mon Aug 11 02:36:32 2003 :: aulas-i-p2.fe.up.pt input spamming!
Mon Aug 11 02:36:40 2003 :: aulas-i-p2.fe.up.pt input spamming!
Mon Aug 11 02:42:01 2003 :: aulas-i-p2.fe.up.pt input spamming!
Mon Aug 11 02:42:57 2003 :: aulas-i-p2.fe.up.pt input spamming!
Mon Aug 11 02:43:48 2003 :: aulas-i-p2.fe.up.pt input spamming!
Mon Aug 11 02:48:28 2003 :: aulas-i-p2.fe.up.pt input spamming!
Mon Aug 11 02:50:00 2003 :: Sock.sinaddr:  172.198.242.67
Mon Aug 11 02:50:11 2003 :: Loading Kilgor.
Mon Aug 11 02:50:12 2003 :: Look out, Kilgor@ACC6F243.ipt.aol.com has connected.
Mon Aug 11 02:50:19 2003 :: aulas-i-p2.fe.up.pt input spamming!
Mon Aug 11 02:51:34 2003 :: aulas-i-p2.fe.up.pt input spamming!
Mon Aug 11 02:53:52 2003 :: aulas-i-p2.fe.up.pt input spamming!
Mon Aug 11 02:55:13 2003 :: aulas-i-p2.fe.up.pt input spamming!
Mon Aug 11 03:00:02 2003 :: aulas-i-p2.fe.up.pt input spamming!
Mon Aug 11 03:00:56 2003 :: aulas-i-p2.fe.up.pt input spamming!
Mon Aug 11 03:01:08 2003 :: aulas-i-p2.fe.up.pt input spamming!
Mon Aug 11 03:02:49 2003 :: aulas-i-p2.fe.up.pt input spamming!
Mon Aug 11 03:06:11 2003 :: Kilgor has quit.
Mon Aug 11 03:08:35 2003 :: aulas-i-p2.fe.up.pt input spamming!
Mon Aug 11 03:08:59 2003 :: Sock.sinaddr:  194.109.250.47
Mon Aug 11 03:09:18 2003 :: Loading Elrayis.
Mon Aug 11 03:09:21 2003 :: Elrayis. Bad Password. IP: a194-109-250-47.adsl.xs4all.nl> elrayis
Mon Aug 11 03:09:21 2003 :: Closing link to Elrayis.
Mon Aug 11 03:09:29 2003 :: Sock.sinaddr:  194.109.250.47
Mon Aug 11 03:09:39 2003 :: Loading Elrayis.
Mon Aug 11 03:09:42 2003 :: Look out, Elrayis@a194-109-250-47.adsl.xs4all.nl has connected.
Mon Aug 11 03:10:18 2003 :: aulas-i-p2.fe.up.pt input spamming!
Mon Aug 11 03:12:22 2003 :: Elrayis has quit.
Mon Aug 11 03:13:11 2003 :: aulas-i-p2.fe.up.pt input spamming!
Mon Aug 11 03:15:54 2003 :: aulas-i-p2.fe.up.pt input spamming!
Mon Aug 11 03:17:09 2003 :: aulas-i-p2.fe.up.pt input spamming!
Mon Aug 11 03:17:14 2003 :: Halig gained level 51
Mon Aug 11 03:19:05 2003 :: Sock.sinaddr:  193.10.117.115
Mon Aug 11 03:19:11 2003 :: EOF encountered on read.
Mon Aug 11 03:19:45 2003 :: Sock.sinaddr:  193.10.117.115
Mon Aug 11 03:26:11 2003 :: Xulox gained level 52
Mon Aug 11 03:26:14 2003 :: aulas-i-p2.fe.up.pt input spamming!
Mon Aug 11 03:26:27 2003 :: Fangor@mh117-115.dynamic.mh.se new player.
Mon Aug 11 03:27:05 2003 :: aulas-i-p2.fe.up.pt input spamming!
Mon Aug 11 03:27:53 2003 :: aulas-i-p2.fe.up.pt input spamming!
Mon Aug 11 03:29:05 2003 :: aulas-i-p2.fe.up.pt input spamming!
Mon Aug 11 03:32:47 2003 :: aulas-i-p2.fe.up.pt input spamming!
Mon Aug 11 03:34:03 2003 :: aulas-i-p2.fe.up.pt input spamming!
Mon Aug 11 03:34:30 2003 :: aulas-i-p2.fe.up.pt input spamming!
Mon Aug 11 03:44:59 2003 :: Fangor gained level 2
Mon Aug 11 03:50:14 2003 :: Sock.sinaddr:  4.64.88.32
Mon Aug 11 03:50:16 2003 :: Loading Hydroth.
Mon Aug 11 03:50:17 2003 :: Look out, Hydroth@evrtwa1-ar5-4-64-088-032.evrtwa1.dsl-verizon.net has connected.
Mon Aug 11 03:50:20 2003 :: Hydroth has quit.
Mon Aug 11 03:52:05 2003 :: Fangor gained level 3
Mon Aug 11 03:56:59 2003 :: Fangor gained level 4
Mon Aug 11 03:57:17 2003 :: aulas-i-p2.fe.up.pt input spamming!
Mon Aug 11 04:01:22 2003 :: aulas-i-p2.fe.up.pt input spamming!
Mon Aug 11 04:01:34 2003 :: Sock.sinaddr:  217.88.170.199
Mon Aug 11 04:01:58 2003 :: aulas-i-p2.fe.up.pt input spamming!
Mon Aug 11 04:02:23 2003 :: Yutring@pD958AAC7.dip.t-dialin.net new player.
Mon Aug 11 04:03:02 2003 :: EOF encountered on read.
Mon Aug 11 04:03:02 2003 :: Closing link to Yutring.
Mon Aug 11 04:04:32 2003 :: aulas-i-p2.fe.up.pt input spamming!
Mon Aug 11 04:09:54 2003 :: aulas-i-p2.fe.up.pt input spamming!
Mon Aug 11 04:11:00 2003 :: aulas-i-p2.fe.up.pt input spamming!
Mon Aug 11 04:12:35 2003 :: Fangor gained level 5
Mon Aug 11 04:15:31 2003 :: aulas-i-p2.fe.up.pt input spamming!
Mon Aug 11 04:16:23 2003 :: aulas-i-p2.fe.up.pt input spamming!
Mon Aug 11 04:18:33 2003 :: aulas-i-p2.fe.up.pt input spamming!
Mon Aug 11 04:19:14 2003 :: Halig killed by city guard at 17711
Mon Aug 11 04:28:28 2003 :: aulas-i-p2.fe.up.pt input spamming!
Mon Aug 11 04:30:47 2003 :: aulas-i-p2.fe.up.pt input spamming!
Mon Aug 11 04:31:57 2003 :: aulas-i-p2.fe.up.pt input spamming!
Mon Aug 11 04:32:59 2003 :: Fangor gained level 6
Mon Aug 11 04:33:06 2003 :: aulas-i-p2.fe.up.pt input spamming!
Mon Aug 11 04:41:22 2003 :: aulas-i-p2.fe.up.pt input spamming!
Mon Aug 11 04:44:14 2003 :: aulas-i-p2.fe.up.pt input spamming!
Mon Aug 11 04:45:27 2003 :: aulas-i-p2.fe.up.pt input spamming!
Mon Aug 11 04:53:37 2003 :: aulas-i-p2.fe.up.pt input spamming!
Mon Aug 11 04:54:40 2003 :: aulas-i-p2.fe.up.pt input spamming!
Mon Aug 11 04:57:34 2003 :: aulas-i-p2.fe.up.pt input spamming!
Mon Aug 11 04:59:14 2003 :: aulas-i-p2.fe.up.pt input spamming!
Mon Aug 11 05:01:07 2003 :: aulas-i-p2.fe.up.pt input spamming!
Mon Aug 11 05:01:08 2003 :: Halig gained level 52
Mon Aug 11 05:02:02 2003 :: Fangor gained level 7
Mon Aug 11 05:10:05 2003 :: aulas-i-p2.fe.up.pt input spamming!
Mon Aug 11 05:12:19 2003 :: aulas-i-p2.fe.up.pt input spamming!
Mon Aug 11 05:13:53 2003 :: aulas-i-p2.fe.up.pt input spamming!
Mon Aug 11 05:35:51 2003 :: aulas-i-p2.fe.up.pt input spamming!
Mon Aug 11 05:37:53 2003 :: aulas-i-p2.fe.up.pt input spamming!
Mon Aug 11 05:38:36 2003 :: Xulox killed by city guard at 17749
Mon Aug 11 05:38:41 2003 :: aulas-i-p2.fe.up.pt input spamming!
Mon Aug 11 05:39:42 2003 :: Sock.sinaddr:  193.136.33.200
Mon Aug 11 05:39:47 2003 :: Loading Malakyth.
Mon Aug 11 05:39:49 2003 :: Look out, Malakyth@aulas-i-p2.fe.up.pt has connected.
Mon Aug 11 05:55:00 2003 :: Fangor gained level 8
Mon Aug 11 06:06:52 2003 :: aulas-i-p2.fe.up.pt input spamming!
Mon Aug 11 06:10:21 2003 :: Sock.sinaddr:  81.84.110.229
Mon Aug 11 06:10:32 2003 :: Loading Yazeram.
Mon Aug 11 06:10:33 2003 :: Look out, Yazeram@81.84.110.229 has connected.
Mon Aug 11 06:32:58 2003 :: Xulox has quit.
Mon Aug 11 06:34:08 2003 :: Malakyth has quit.
Mon Aug 11 06:34:42 2003 :: Halig has quit.
Mon Aug 11 06:44:32 2003 :: Sock.sinaddr:  62.48.152.119
Mon Aug 11 06:44:35 2003 :: Loading Magyar.
Mon Aug 11 06:44:35 2003 :: Look out, Magyar@adsl-62-48-152-119.ptprime.net has connected.
Mon Aug 11 06:56:57 2003 :: Sock.sinaddr:  66.58.231.12
Mon Aug 11 06:56:59 2003 :: Loading Mishakal.
Mon Aug 11 06:56:59 2003 :: Look out, Mishakal@12-231-58-66.gci.net has connected.
Mon Aug 11 06:57:48 2003 :: Fangor gained level 9
Mon Aug 11 07:01:10 2003 :: Mishakal has quit.
Mon Aug 11 07:21:09 2003 :: Yazeram has quit.
Mon Aug 11 07:24:48 2003 :: Magyar has quit.
Mon Aug 11 07:25:07 2003 :: Sock.sinaddr:  62.48.152.119
Mon Aug 11 07:25:13 2003 :: Loading Belenus.
Mon Aug 11 07:25:16 2003 :: Look out, Belenus@adsl-62-48-152-119.ptprime.net has connected.
Mon Aug 11 07:46:34 2003 :: Belenus has quit.
Mon Aug 11 07:46:36 2003 :: Sock.sinaddr:  62.48.152.119
Mon Aug 11 07:46:41 2003 :: Loading Magyar.
Mon Aug 11 07:46:45 2003 :: Magyar. Bad Password. IP: adsl-62-48-152-119.ptprime.net> ruijorgr
Mon Aug 11 07:46:45 2003 :: Closing link to Magyar.
Mon Aug 11 07:46:48 2003 :: Sock.sinaddr:  62.48.152.119
Mon Aug 11 07:46:52 2003 :: Loading Magyar.
Mon Aug 11 07:46:58 2003 :: Look out, Magyar@adsl-62-48-152-119.ptprime.net has connected.
Mon Aug 11 07:49:05 2003 :: Magyar has quit.
Mon Aug 11 07:56:17 2003 :: Sock.sinaddr:  193.136.33.200
Mon Aug 11 07:56:21 2003 :: Sock.sinaddr:  193.136.33.200
Mon Aug 11 07:56:24 2003 :: Loading Halig.
Mon Aug 11 07:56:27 2003 :: Look out, Halig@aulas-i-p2.fe.up.pt has connected.
Mon Aug 11 07:56:35 2003 :: Loading Xulox.
Mon Aug 11 07:56:38 2003 :: Look out, Xulox@aulas-i-p2.fe.up.pt has connected.
Mon Aug 11 07:56:58 2003 :: Fangor gained level 10
Mon Aug 11 08:15:01 2003 :: Xulox gained level 53
Mon Aug 11 08:18:50 2003 :: aulas-i-p2.fe.up.pt input spamming!
Mon Aug 11 08:20:31 2003 :: aulas-i-p2.fe.up.pt input spamming!
Mon Aug 11 08:21:54 2003 :: aulas-i-p2.fe.up.pt input spamming!
Mon Aug 11 08:41:31 2003 :: Halig gained level 53
Mon Aug 11 08:58:59 2003 :: Fangor gained level 11
Mon Aug 11 09:05:37 2003 :: aulas-i-p2.fe.up.pt input spamming!
Mon Aug 11 09:07:53 2003 :: Sock.sinaddr:  66.58.231.12
Mon Aug 11 09:07:54 2003 :: Loading Mishakal.
Mon Aug 11 09:07:54 2003 :: Look out, Mishakal@12-231-58-66.gci.net has connected.
Mon Aug 11 09:08:56 2003 :: Mishakal has quit.
Mon Aug 11 09:12:39 2003 :: aulas-i-p2.fe.up.pt input spamming!
Mon Aug 11 09:14:23 2003 :: aulas-i-p2.fe.up.pt input spamming!
Mon Aug 11 09:17:57 2003 :: aulas-i-p2.fe.up.pt input spamming!
Mon Aug 11 09:19:26 2003 :: aulas-i-p2.fe.up.pt input spamming!
Mon Aug 11 09:36:53 2003 :: aulas-i-p2.fe.up.pt input spamming!
Mon Aug 11 09:38:14 2003 :: aulas-i-p2.fe.up.pt input spamming!
Mon Aug 11 09:39:18 2003 :: aulas-i-p2.fe.up.pt input spamming!
Mon Aug 11 09:40:42 2003 :: aulas-i-p2.fe.up.pt input spamming!
Mon Aug 11 09:45:41 2003 :: aulas-i-p2.fe.up.pt input spamming!
Mon Aug 11 09:50:46 2003 :: Fangor gained level 12
Mon Aug 11 09:54:19 2003 :: Sock.sinaddr:  64.40.51.94
Mon Aug 11 09:54:21 2003 :: Loading Paladine.
Mon Aug 11 09:54:22 2003 :: Look out, Paladine@64-40-51-94.ncplus.net has connected.
Mon Aug 11 09:59:47 2003 :: Log Paladine: check
Mon Aug 11 10:00:19 2003 :: Log Paladine: desock 6
Mon Aug 11 10:00:19 2003 :: Closing link to Toran.
Mon Aug 11 10:00:46 2003 :: Log Paladine: force kiri quit
Mon Aug 11 10:00:46 2003 :: Kiri has quit.
Mon Aug 11 10:02:04 2003 :: Sock.sinaddr:  195.23.189.203
Mon Aug 11 10:02:06 2003 :: Loading Magyar.
Mon Aug 11 10:02:06 2003 :: Look out, Magyar@195-23-189-203.nr.ip.pt has connected.
Mon Aug 11 10:12:39 2003 :: Sock.sinaddr:  193.136.33.200
Mon Aug 11 10:12:43 2003 :: Loading Malakyth.
Mon Aug 11 10:12:46 2003 :: Look out, Malakyth@aulas-i-p2.fe.up.pt has connected.
Mon Aug 11 10:14:26 2003 :: Sock.sinaddr:  66.58.231.12
Mon Aug 11 10:14:28 2003 :: Loading Mishakal.
Mon Aug 11 10:14:28 2003 :: Look out, Mishakal@12-231-58-66.gci.net has connected.
Mon Aug 11 10:15:27 2003 :: Sock.sinaddr:  66.58.231.12
Mon Aug 11 10:15:28 2003 :: Loading Kylera.
Mon Aug 11 10:15:29 2003 :: Look out, Kylera@12-231-58-66.gci.net has connected.
Mon Aug 11 10:18:45 2003 :: Malakyth has quit.
Mon Aug 11 10:25:28 2003 :: Kylera gained level 28
Mon Aug 11 10:26:16 2003 :: aulas-i-p2.fe.up.pt input spamming!
Mon Aug 11 10:27:55 2003 :: aulas-i-p2.fe.up.pt input spamming!
Mon Aug 11 10:28:51 2003 :: Halig gained level 54
Mon Aug 11 10:36:25 2003 :: 195-23-189-203.nr.ip.pt input spamming!
Mon Aug 11 10:37:07 2003 :: Xulox gained level 54
Mon Aug 11 10:37:40 2003 :: aulas-i-p2.fe.up.pt input spamming!
Mon Aug 11 10:42:44 2003 :: Halig has quit.
Mon Aug 11 10:42:46 2003 :: Xulox has quit.
Mon Aug 11 10:45:23 2003 :: Log Paladine: grab true magyar
Mon Aug 11 10:46:08 2003 :: Log Paladine: set char magyar align -1000
Mon Aug 11 10:53:32 2003 :: Magyar has quit.
Mon Aug 11 10:53:39 2003 :: Sock.sinaddr:  195.23.189.203
Mon Aug 11 10:53:45 2003 :: Loading Belenus.
Mon Aug 11 10:53:49 2003 :: Look out, Belenus@195-23-189-203.nr.ip.pt has connected.
Mon Aug 11 10:54:06 2003 :: Log Paladine: snoop bel
Mon Aug 11 10:54:39 2003 :: [WARNING] Fangor tells Belenus: new mud to me
Mon Aug 11 10:55:23 2003 :: Log Paladine: snoop self
Mon Aug 11 10:56:08 2003 :: Belenus has quit.
Mon Aug 11 10:56:17 2003 :: Sock.sinaddr:  195.23.189.203
Mon Aug 11 10:56:17 2003 :: Loading Magyar.
Mon Aug 11 10:56:17 2003 :: Look out, Magyar@195-23-189-203.nr.ip.pt has connected.
Mon Aug 11 10:56:26 2003 :: Log Paladine: snoop magy
Mon Aug 11 11:01:33 2003 :: Sock.sinaddr:  172.139.193.9
Mon Aug 11 11:01:37 2003 :: Loading Nokomus.
Mon Aug 11 11:01:39 2003 :: Look out, Nokomus@AC8BC109.ipt.aol.com has connected.
Mon Aug 11 11:01:57 2003 :: Log Paladine: snoop self
Mon Aug 11 11:04:01 2003 :: Log Paladine: apurge ky
Mon Aug 11 11:04:08 2003 :: Log Paladine: set weather foggy
Mon Aug 11 11:10:48 2003 :: Log Paladine: force mish say yes i do
Mon Aug 11 11:16:55 2003 :: Sock.sinaddr:  172.131.165.7
Mon Aug 11 11:17:25 2003 :: Kylera gained level 29
Mon Aug 11 11:17:27 2003 :: Loading Zeckarah.
Mon Aug 11 11:17:32 2003 :: Look out, Zeckarah@AC83A507.ipt.aol.com has connected.
Read_from_descriptor: Connection reset by peer
Mon Aug 11 11:20:51 2003 :: Closing link to Kylera.
Read_from_descriptor: Connection reset by peer
Mon Aug 11 11:20:51 2003 :: Closing link to Mishakal.
Mon Aug 11 11:24:23 2003 :: Sock.sinaddr:  66.58.231.12
Mon Aug 11 11:24:24 2003 :: Loading Mishakal.
Mon Aug 11 11:24:24 2003 :: Mishakal@12-231-58-66.gci.net reconnected.
Mon Aug 11 11:24:35 2003 :: Sock.sinaddr:  66.58.231.12
Mon Aug 11 11:24:36 2003 :: Loading Kylera.
Mon Aug 11 11:24:36 2003 :: Kylera@12-231-58-66.gci.net reconnected.
Read_from_descriptor: Connection reset by peer
Mon Aug 11 11:25:11 2003 :: Closing link to Nokomus.
Mon Aug 11 11:37:15 2003 :: Sock.sinaddr:  172.133.119.48
Mon Aug 11 11:37:20 2003 :: Loading Nokomus.
Mon Aug 11 11:37:21 2003 :: Nokomus@AC857730.ipt.aol.com reconnected.
Mon Aug 11 11:39:52 2003 :: Fangor gained level 13
Mon Aug 11 11:41:15 2003 :: Log Paladine: pload kemoris
Mon Aug 11 11:41:15 2003 :: Loading kemoris.
Mon Aug 11 11:41:30 2003 :: Kylera has quit.
Mon Aug 11 11:41:31 2003 :: Log Paladine: grab axe kem
Mon Aug 11 11:41:50 2003 :: Log Paladine: punload kem
Mon Aug 11 11:41:50 2003 :: Kemoris has quit.
Mon Aug 11 11:42:19 2003 :: Log Paladine: pload branchala
Mon Aug 11 11:42:19 2003 :: Loading branchala.
Mon Aug 11 11:42:33 2003 :: Log Paladine: asp brach i
Mon Aug 11 11:42:37 2003 :: Log Paladine: asp bran i
Mon Aug 11 11:43:03 2003 :: Log Paladine: asp bran i
Mon Aug 11 11:43:49 2003 :: Log Paladine: asp branch l i weap
Mon Aug 11 11:44:01 2003 :: Log Paladine: force branch get all.clay can
Mon Aug 11 11:44:14 2003 :: Log Paladine: asp branch get all.clay weap
Mon Aug 11 11:44:23 2003 :: Log Paladine: asp brach drop all.clay
Mon Aug 11 11:44:33 2003 :: Log Paladine: asp branch drop all.clay
Mon Aug 11 11:45:00 2003 :: Log Paladine: punload branchala
Mon Aug 11 11:45:00 2003 :: Branchala has quit.
Mon Aug 11 11:45:13 2003 :: Log Paladine: pload branchala
Mon Aug 11 11:45:13 2003 :: Loading branchala.
Mon Aug 11 11:45:25 2003 :: Log Paladine: grab axe branch
Mon Aug 11 11:45:39 2003 :: Log Paladine: punload branch
Mon Aug 11 11:45:39 2003 :: Branchala has quit.
Mon Aug 11 11:45:43 2003 :: Log Paladine: pload branch
Mon Aug 11 11:46:24 2003 :: Log Paladine: purge
Mon Aug 11 11:46:35 2003 :: Log Paladine: purge
Mon Aug 11 11:46:49 2003 :: Log Paladine: asave area
Mon Aug 11 11:46:53 2003 :: [WARNING] Zeckarah tells Nokomus: And do remember I only started muds last month
Mon Aug 11 11:47:20 2003 :: Log Paladine: asave area
Mon Aug 11 11:47:22 2003 :: Log Paladine: purge
Mon Aug 11 11:53:36 2003 :: Sock.sinaddr:  66.58.231.12
Mon Aug 11 11:53:37 2003 :: Loading Mishakal.
Mon Aug 11 11:53:39 2003 :: Closing link to Mishakal.
Mon Aug 11 11:53:39 2003 :: Mishakal@12-231-58-66.gci.net reconnected.
Mon Aug 11 11:53:50 2003 :: Log Paladine: asave area
Mon Aug 11 11:53:52 2003 :: Log Paladine: purge
Mon Aug 11 11:55:24 2003 :: Mishakal has quit.
Mon Aug 11 11:55:47 2003 :: Log Paladine: asave area
Mon Aug 11 11:55:49 2003 :: Log Paladine: purge
Mon Aug 11 11:56:34 2003 :: Log Paladine: asave area
Mon Aug 11 11:57:34 2003 :: Log Paladine: asave area
Mon Aug 11 11:57:37 2003 :: Log Paladine: purge
Mon Aug 11 11:59:36 2003 :: Log Paladine: asave area
Mon Aug 11 12:03:26 2003 :: Zeckarah gained level 47
Mon Aug 11 12:11:46 2003 :: Sock.sinaddr:  4.65.174.64
Mon Aug 11 12:11:48 2003 :: EOF encountered on read.
Mon Aug 11 12:12:13 2003 :: Paladine has quit.
Mon Aug 11 12:14:02 2003 :: Magyar gained level 56
Mon Aug 11 12:18:32 2003 :: Nokomus has quit.
Mon Aug 11 12:18:35 2003 :: Sock.sinaddr:  172.133.119.48
Mon Aug 11 12:18:39 2003 :: Loading Nokomus.
Mon Aug 11 12:18:40 2003 :: Look out, Nokomus@AC857730.ipt.aol.com has connected.
Mon Aug 11 12:21:29 2003 :: Zeckarah killed by city guard at 17711
Mon Aug 11 12:22:18 2003 :: Sock.sinaddr:  172.146.152.2
Mon Aug 11 12:22:22 2003 :: Loading Kiri.
Mon Aug 11 12:22:23 2003 :: Look out, Kiri@AC929802.ipt.aol.com has connected.
Mon Aug 11 12:32:23 2003 :: Sock.sinaddr:  81.84.110.229
Mon Aug 11 12:32:28 2003 :: Loading Yazeram.
Mon Aug 11 12:32:28 2003 :: Look out, Yazeram@81.84.110.229 has connected.
Mon Aug 11 12:34:30 2003 :: Yazeram has quit.
Mon Aug 11 12:41:08 2003 :: Magyar has quit.
Mon Aug 11 12:41:27 2003 :: Nokomus has quit.
Mon Aug 11 12:43:19 2003 :: Zeckarah has quit.
Mon Aug 11 12:43:55 2003 :: Sock.sinaddr:  172.131.165.7
Mon Aug 11 12:44:11 2003 :: Loading Zeak.
Mon Aug 11 12:44:13 2003 :: Look out, Zeak@AC83A507.ipt.aol.com has connected.
Mon Aug 11 12:48:48 2003 :: Zeak has quit.
Mon Aug 11 13:26:27 2003 :: Sock.sinaddr:  172.131.165.7
Mon Aug 11 13:26:56 2003 :: Loading Xabe.
Mon Aug 11 13:26:59 2003 :: Look out, Xabe@AC83A507.ipt.aol.com has connected.
Mon Aug 11 13:42:10 2003 :: Xabe gained level 18
Mon Aug 11 13:45:17 2003 :: Xabe has quit.
Mon Aug 11 13:45:24 2003 :: Sock.sinaddr:  172.131.165.7
Mon Aug 11 13:45:31 2003 :: Loading Zeckarah.
Mon Aug 11 13:45:33 2003 :: Look out, Zeckarah@AC83A507.ipt.aol.com has connected.
Mon Aug 11 13:52:50 2003 :: Zeckarah has quit.
Mon Aug 11 13:53:01 2003 :: Sock.sinaddr:  172.131.165.7
Mon Aug 11 13:53:07 2003 :: Loading Xabe.
Mon Aug 11 13:53:09 2003 :: Look out, Xabe@AC83A507.ipt.aol.com has connected.
Mon Aug 11 13:53:37 2003 :: [WARNING] Fangor tells Xabe: at the moment im chillmuding so i would not be that much help
Mon Aug 11 13:54:24 2003 :: Fangor gained level 14
Mon Aug 11 14:00:14 2003 :: Fangor gained level 15
Mon Aug 11 14:03:00 2003 :: Xabe has quit.
Mon Aug 11 14:03:15 2003 :: Sock.sinaddr:  172.131.165.7
Mon Aug 11 14:03:20 2003 :: Loading Zeckarah.
Mon Aug 11 14:03:22 2003 :: Look out, Zeckarah@AC83A507.ipt.aol.com has connected.
Mon Aug 11 14:21:28 2003 :: Sock.sinaddr:  67.37.118.87
Mon Aug 11 14:22:10 2003 :: Loading Branchala.
Mon Aug 11 14:22:12 2003 :: Look out, Branchala@pppmart67-37-118-87.reliable-net.net has connected.
Mon Aug 11 14:23:20 2003 :: Sock.sinaddr:  67.37.118.87
Mon Aug 11 14:23:30 2003 :: Sock.sinaddr:  68.99.148.39
Mon Aug 11 14:23:30 2003 :: Loading Persae.
Mon Aug 11 14:23:32 2003 :: Look out, Persae@pppmart67-37-118-87.reliable-net.net has connected.
Mon Aug 11 14:23:34 2003 :: Loading Ramza.
Mon Aug 11 14:23:36 2003 :: Look out, Ramza@ip68-99-148-39.mc.at.cox.net has connected.
Mon Aug 11 14:36:17 2003 :: Sock.sinaddr:  81.193.24.8
Mon Aug 11 14:36:19 2003 :: Loading Sphera.
Mon Aug 11 14:36:19 2003 :: Look out, Sphera@81.193.24.8 has connected.
Mon Aug 11 14:38:08 2003 :: Sphera killed by Khisanth the Black Dragon at 11285
Mon Aug 11 14:39:50 2003 :: Sock.sinaddr:  68.99.148.39
Read_from_descriptor: Connection reset by peer
Mon Aug 11 14:39:51 2003 :: Closing link to Ramza.
Mon Aug 11 14:40:02 2003 :: Loading Ramza.
Mon Aug 11 14:40:03 2003 :: Ramza@ip68-99-148-39.mc.at.cox.net reconnected.
Mon Aug 11 14:42:05 2003 :: Sock.sinaddr:  172.131.250.163
Mon Aug 11 14:42:09 2003 :: Loading Kiri.
Mon Aug 11 14:42:15 2003 :: Closing link to Kiri.
Mon Aug 11 14:42:15 2003 :: Kiri@AC83FAA3.ipt.aol.com reconnected.
Mon Aug 11 14:50:07 2003 :: Sock.sinaddr:  68.99.148.39
Mon Aug 11 14:50:12 2003 :: Loading Larnoth.
Mon Aug 11 14:50:15 2003 :: Look out, Larnoth@ip68-99-148-39.mc.at.cox.net has connected.
Mon Aug 11 14:53:25 2003 :: Persae gained level 44
Mon Aug 11 15:01:37 2003 :: Sock.sinaddr:  68.99.148.39
Mon Aug 11 15:01:37 2003 :: EOF encountered on read.
Mon Aug 11 15:01:37 2003 :: Closing link to Larnoth.
Mon Aug 11 15:01:40 2003 :: EOF encountered on read.
Mon Aug 11 15:04:18 2003 :: Sphera has quit.
Mon Aug 11 15:10:22 2003 :: Persae has quit.
Mon Aug 11 15:13:44 2003 :: Zeckarah has quit.
Mon Aug 11 15:17:21 2003 :: Sock.sinaddr:  68.99.148.39
Mon Aug 11 15:17:37 2003 :: Larnoth has quit.
Mon Aug 11 15:17:37 2003 :: [*****] BUG: update_char: Trying to work with an invalidated character.

Mon Aug 11 15:17:48 2003 :: Loading Larnoth.
Mon Aug 11 15:17:51 2003 :: Look out, Larnoth@ip68-99-148-39.mc.at.cox.net has connected.
Mon Aug 11 15:20:25 2003 :: Log Branchala: fvlist
Mon Aug 11 15:20:29 2003 :: Log Branchala: fvlist obj
Mon Aug 11 15:24:29 2003 :: [*****] BUG: Mpat - No such location from vnum 14551.
Mon Aug 11 15:31:12 2003 :: Sock.sinaddr:  68.99.144.54
Mon Aug 11 15:31:38 2003 :: Loading Flands.
Mon Aug 11 15:31:45 2003 :: Look out, Flands@ip68-99-144-54.mc.at.cox.net has connected.
Mon Aug 11 15:42:34 2003 :: Branchala has quit.
Mon Aug 11 15:43:06 2003 :: Sock.sinaddr:  195.23.184.219
Mon Aug 11 15:43:06 2003 :: Loading Magyar.
Mon Aug 11 15:43:07 2003 :: Look out, Magyar@195-23-184-219.nr.ip.pt has connected.
Mon Aug 11 15:45:52 2003 :: Flands killed by a student at 3063
Mon Aug 11 15:52:52 2003 :: Flands killed by a student at 3063
Mon Aug 11 16:00:45 2003 :: Sock.sinaddr:  172.144.183.138
Mon Aug 11 16:00:52 2003 :: Loading Kiri.
Mon Aug 11 16:00:56 2003 :: Closing link to Kiri.
Mon Aug 11 16:00:56 2003 :: Kiri@AC90B78A.ipt.aol.com reconnected.
Mon Aug 11 16:04:04 2003 :: Sock.sinaddr:  24.69.161.229
Mon Aug 11 16:04:10 2003 :: Loading Xypher.
Mon Aug 11 16:04:11 2003 :: Look out, Xypher@h24-69-161-229.pk.shawcable.net has connected.
Mon Aug 11 16:07:12 2003 :: Magyar has quit.
Mon Aug 11 16:07:19 2003 :: Sock.sinaddr:  195.23.184.219
Mon Aug 11 16:07:28 2003 :: Loading Adrastos.
Mon Aug 11 16:07:34 2003 :: Look out, Adrastos@195-23-184-219.nr.ip.pt has connected.
Mon Aug 11 16:17:10 2003 :: Flands killed by A druid-in-training at 3367
Mon Aug 11 16:19:32 2003 :: EOF encountered on read.
Mon Aug 11 16:19:32 2003 :: Closing link to Ramza.
Mon Aug 11 16:20:25 2003 :: Adrastos has quit.
Mon Aug 11 16:20:34 2003 :: Sock.sinaddr:  195.23.184.219
Mon Aug 11 16:20:39 2003 :: Loading Belenus.
Mon Aug 11 16:20:43 2003 :: Look out, Belenus@195-23-184-219.nr.ip.pt has connected.
Mon Aug 11 16:27:40 2003 :: Belenus has quit.
Mon Aug 11 16:27:48 2003 :: Sock.sinaddr:  195.23.184.219
Mon Aug 11 16:27:48 2003 :: Loading Magyar.
Mon Aug 11 16:27:48 2003 :: Look out, Magyar@195-23-184-219.nr.ip.pt has connected.
Mon Aug 11 16:29:05 2003 :: Xypher has quit.
Mon Aug 11 16:35:37 2003 :: Ramza has quit.
Mon Aug 11 16:55:53 2003 :: Flands has quit.
Mon Aug 11 16:59:16 2003 :: Sock.sinaddr:  68.71.152.224
Mon Aug 11 16:59:21 2003 :: Loading Ulas.
Mon Aug 11 16:59:23 2003 :: Ulas. Bad Password. IP: ky-richmond3c-224.rhmdky.adelphia.net> dukhead
Mon Aug 11 16:59:23 2003 :: Closing link to Ulas.
Mon Aug 11 16:59:33 2003 :: Sock.sinaddr:  68.71.152.224
Mon Aug 11 16:59:35 2003 :: Loading Ulas.
Mon Aug 11 16:59:38 2003 :: Look out, Ulas@ky-richmond3c-224.rhmdky.adelphia.net has connected.
Mon Aug 11 17:01:26 2003 :: Ulas has quit.
Mon Aug 11 17:05:15 2003 :: Sock.sinaddr:  68.99.148.39
Mon Aug 11 17:05:20 2003 :: Loading Ramza.
Mon Aug 11 17:05:21 2003 :: Look out, Ramza@ip68-99-148-39.mc.at.cox.net has connected.
Mon Aug 11 17:10:02 2003 :: Fangor gained level 16
Mon Aug 11 17:10:08 2003 :: ip68-99-148-39.mc.at.cox.net input spamming!
Mon Aug 11 17:15:03 2003 :: Sock.sinaddr:  68.99.148.39
Mon Aug 11 17:15:08 2003 :: EOF encountered on read.
Mon Aug 11 17:15:08 2003 :: Closing link to Larnoth.
Mon Aug 11 17:15:14 2003 :: Loading Larnoth.
Mon Aug 11 17:15:18 2003 :: Larnoth@ip68-99-148-39.mc.at.cox.net reconnected.
Mon Aug 11 17:15:26 2003 :: Sock.sinaddr:  68.99.148.39
Mon Aug 11 17:15:32 2003 :: EOF encountered on read.
Mon Aug 11 17:15:32 2003 :: Closing link to Larnoth.
Mon Aug 11 17:15:39 2003 :: Loading Larnoth.
Mon Aug 11 17:15:43 2003 :: Larnoth@ip68-99-148-39.mc.at.cox.net reconnected.
Mon Aug 11 17:15:55 2003 :: Sock.sinaddr:  68.99.148.39
Mon Aug 11 17:16:05 2003 :: EOF encountered on read.
Mon Aug 11 17:20:19 2003 :: Magyar has quit.
Mon Aug 11 17:23:58 2003 :: EOF encountered on read.
Mon Aug 11 17:23:58 2003 :: Closing link to Ramza.
Mon Aug 11 17:40:08 2003 :: Ramza has quit.
Mon Aug 11 17:42:53 2003 :: EOF encountered on read.
Mon Aug 11 17:42:53 2003 :: Closing link to Larnoth.
Mon Aug 11 17:58:53 2003 :: Larnoth has quit.
Mon Aug 11 17:58:53 2003 :: [*****] BUG: update_char: Trying to work with an invalidated character.

Mon Aug 11 18:06:44 2003 :: Sock.sinaddr:  24.69.38.229
Mon Aug 11 18:06:55 2003 :: EOF encountered on read.
Mon Aug 11 18:07:20 2003 :: Sock.sinaddr:  24.69.38.229
Mon Aug 11 18:07:27 2003 :: Loading Lerokuo.
Mon Aug 11 18:07:31 2003 :: Look out, Lerokuo@h24-69-38-229.gv.shawcable.net has connected.
Mon Aug 11 18:08:59 2003 :: Lerokuo has quit.
Mon Aug 11 18:19:34 2003 :: Sock.sinaddr:  24.69.38.229
Mon Aug 11 18:19:46 2003 :: Loading Lerokuo.
Mon Aug 11 18:19:49 2003 :: Look out, Lerokuo@h24-69-38-229.gv.shawcable.net has connected.
Mon Aug 11 18:26:34 2003 :: EOF encountered on read.
Mon Aug 11 18:26:34 2003 :: Closing link to Lerokuo.
Mon Aug 11 18:36:21 2003 :: Fangor gained level 17
Mon Aug 11 18:42:23 2003 :: Lerokuo has quit.
Mon Aug 11 19:05:37 2003 :: Fangor has quit.
Mon Aug 11 19:16:53 2003 :: Sock.sinaddr:  172.196.61.83
Mon Aug 11 19:17:02 2003 :: Loading Morgion.
Mon Aug 11 19:17:04 2003 :: Look out, Morgion@ACC43D53.ipt.aol.com has connected.
Mon Aug 11 19:18:46 2003 :: Morgion has quit.
Mon Aug 11 20:18:21 2003 :: Sock.sinaddr:  172.197.114.29
Mon Aug 11 20:18:25 2003 :: Loading Kilgor.
Mon Aug 11 20:18:27 2003 :: Look out, Kilgor@ACC5721D.ipt.aol.com has connected.
Mon Aug 11 20:19:39 2003 :: Sock.sinaddr:  67.37.118.58
Mon Aug 11 20:21:02 2003 :: Loading Branchala.
Mon Aug 11 20:21:05 2003 :: Look out, Branchala@pppmart67-37-118-58.reliable-net.net has connected.
Mon Aug 11 20:21:32 2003 :: Kilgor has quit.
Mon Aug 11 20:24:33 2003 :: Sock.sinaddr:  172.197.114.29
Mon Aug 11 20:24:40 2003 :: Loading Kilgor.
Mon Aug 11 20:24:42 2003 :: Look out, Kilgor@ACC5721D.ipt.aol.com has connected.
Mon Aug 11 20:25:57 2003 :: Kilgor has quit.
Mon Aug 11 20:27:42 2003 :: Sock.sinaddr:  172.150.170.140
Mon Aug 11 20:27:47 2003 :: Loading Vickriman.
Mon Aug 11 20:27:48 2003 :: Look out, Vickriman@AC96AA8C.ipt.aol.com has connected.
Mon Aug 11 20:35:07 2003 :: Log Branchala: string obj sword name sword holiness
Mon Aug 11 20:35:21 2003 :: Log Branchala: string obj sword name sword holiness holy
Mon Aug 11 20:36:55 2003 :: Log Branchala: string obj sword short {C(Holy){x Sword of Holiness
Read_from_descriptor: Connection reset by peer
Mon Aug 11 20:38:16 2003 :: Closing link to Vickriman.
Mon Aug 11 20:38:18 2003 :: Sock.sinaddr:  172.150.170.140
Mon Aug 11 20:38:24 2003 :: Loading Kemoris.
Mon Aug 11 20:38:26 2003 :: Look out, Kemoris@AC96AA8C.ipt.aol.com has connected.
Read_from_descriptor: Connection reset by peer
Mon Aug 11 20:38:57 2003 :: Closing link to Kemoris.
Mon Aug 11 20:39:00 2003 :: Sock.sinaddr:  172.150.170.140
Mon Aug 11 20:39:04 2003 :: Loading Vickriman.
Mon Aug 11 20:39:05 2003 :: Vickriman@AC96AA8C.ipt.aol.com reconnected.
Mon Aug 11 20:39:14 2003 :: Vickriman has quit.
Mon Aug 11 20:39:19 2003 :: Sock.sinaddr:  172.150.170.140
Mon Aug 11 20:39:24 2003 :: Loading Kemoris.
Mon Aug 11 20:39:26 2003 :: Kemoris@AC96AA8C.ipt.aol.com reconnected.
Mon Aug 11 20:39:54 2003 :: Kemoris killed by Crysania at 3005
Mon Aug 11 20:44:27 2003 :: Kemoris has quit.
Mon Aug 11 20:47:01 2003 :: Branchala has quit.
Mon Aug 11 21:38:35 2003 :: Sock.sinaddr:  172.198.161.29
Mon Aug 11 21:38:38 2003 :: Loading Kilgor.
Mon Aug 11 21:38:40 2003 :: Look out, Kilgor@ACC6A11D.ipt.aol.com has connected.
Mon Aug 11 21:47:22 2003 :: Kilgor has quit.
Mon Aug 11 22:51:27 2003 :: Sock.sinaddr:  172.196.90.177
Mon Aug 11 22:51:30 2003 :: Loading Morgion.
Mon Aug 11 22:51:32 2003 :: Look out, Morgion@ACC45AB1.ipt.aol.com has connected.
Read_from_descriptor: Connection reset by peer
Mon Aug 11 22:51:41 2003 :: Closing link to Kiri.
Mon Aug 11 23:19:22 2003 :: Sock.sinaddr:  208.180.215.46
Mon Aug 11 23:19:25 2003 :: Loading Gyom.
Mon Aug 11 23:19:26 2003 :: Look out, Gyom@cdm-208-215-46-fayt.cox-internet.com has connected.
Mon Aug 11 23:21:01 2003 :: Gyom has quit.
Mon Aug 11 23:21:06 2003 :: Sock.sinaddr:  208.180.215.46
Mon Aug 11 23:21:09 2003 :: Loading Dekyos.
Mon Aug 11 23:21:10 2003 :: Look out, Dekyos@cdm-208-215-46-fayt.cox-internet.com has connected.
Read_from_descriptor: Connection reset by peer
Mon Aug 11 23:21:14 2003 :: Closing link to Morgion.
Mon Aug 11 23:21:21 2003 :: Dekyos has quit.
Mon Aug 11 23:26:13 2003 :: Sock.sinaddr:  66.58.231.12
Mon Aug 11 23:26:14 2003 :: Loading Mishakal.
Mon Aug 11 23:26:14 2003 :: Look out, Mishakal@12-231-58-66.gci.net has connected.
Mon Aug 11 23:26:44 2003 :: Mishakal has quit.
Mon Aug 11 23:27:57 2003 :: Sock.sinaddr:  68.144.213.62
Mon Aug 11 23:27:59 2003 :: Loading Torianis.
Mon Aug 11 23:27:59 2003 :: Look out, Torianis@h68-144-213-62.cg.shawcable.net has connected.
Mon Aug 11 23:35:50 2003 :: Torianis has quit.
Tue Aug 12 00:16:54 2003 :: Sock.sinaddr:  172.161.111.38
Tue Aug 12 00:17:27 2003 :: Loading Kiri.
Tue Aug 12 00:17:29 2003 :: Kiri@ACA16F26.ipt.aol.com reconnected.
Read_from_descriptor: Connection reset by peer
Tue Aug 12 00:56:19 2003 :: Closing link to Kiri.
Tue Aug 12 01:23:06 2003 :: Sock.sinaddr:  204.209.44.14
Tue Aug 12 01:23:06 2003 :: EOF encountered on read.
Tue Aug 12 02:08:23 2003 :: Sock.sinaddr:  66.58.231.12
Tue Aug 12 02:08:24 2003 :: Loading Mishakal.
Tue Aug 12 02:08:24 2003 :: Look out, Mishakal@12-231-58-66.gci.net has connected.
Tue Aug 12 02:08:46 2003 :: Mishakal has quit.
Tue Aug 12 02:14:15 2003 :: Sock.sinaddr:  216.40.217.211
Tue Aug 12 02:14:15 2003 :: EOF encountered on read.
Tue Aug 12 02:18:09 2003 :: Sock.sinaddr:  172.143.85.24
Tue Aug 12 02:25:14 2003 :: Sock.sinaddr:  66.58.231.12
Tue Aug 12 02:25:15 2003 :: Loading Mishakal.
Tue Aug 12 02:25:15 2003 :: Look out, Mishakal@12-231-58-66.gci.net has connected.
Tue Aug 12 02:25:23 2003 :: Sock.sinaddr:  66.58.231.12
Tue Aug 12 02:25:24 2003 :: Loading Kylera.
Tue Aug 12 02:25:24 2003 :: Look out, Kylera@12-231-58-66.gci.net has connected.
Tue Aug 12 02:27:51 2003 :: Kylera has quit.
Tue Aug 12 02:27:53 2003 :: Mishakal has quit.
Tue Aug 12 04:44:18 2003 :: Sock.sinaddr:  172.157.210.215
Tue Aug 12 04:44:22 2003 :: Loading Nokomus.
Tue Aug 12 04:44:24 2003 :: Look out, Nokomus@AC9DD2D7.ipt.aol.com has connected.
Tue Aug 12 04:44:55 2003 :: Nokomus has quit.
Tue Aug 12 06:30:28 2003 :: Sock.sinaddr:  172.199.50.177
Tue Aug 12 06:30:35 2003 :: Loading Kilgor.
Tue Aug 12 06:30:37 2003 :: Look out, Kilgor@ACC732B1.ipt.aol.com has connected.
Tue Aug 12 06:31:03 2003 :: Kilgor has quit.
Tue Aug 12 06:34:49 2003 :: Sock.sinaddr:  172.199.50.177
Tue Aug 12 06:35:01 2003 :: Loading Kilgor.
Tue Aug 12 06:35:03 2003 :: Look out, Kilgor@ACC732B1.ipt.aol.com has connected.
Tue Aug 12 06:40:05 2003 :: Sock.sinaddr:  62.48.152.69
Tue Aug 12 06:40:18 2003 :: Loading Magyar.
Tue Aug 12 06:40:21 2003 :: Look out, Magyar@adsl-62-48-152-69.ptprime.net has connected.
Tue Aug 12 06:50:35 2003 :: Sock.sinaddr:  172.137.140.84
Tue Aug 12 06:52:02 2003 :: Loading Zeak.
Tue Aug 12 06:52:04 2003 :: Look out, Zeak@AC898C54.ipt.aol.com has connected.
Tue Aug 12 06:55:52 2003 :: Magyar has quit.
Tue Aug 12 06:55:54 2003 :: Sock.sinaddr:  62.48.152.69
Tue Aug 12 06:56:00 2003 :: Loading Belenus.
Tue Aug 12 06:56:04 2003 :: Look out, Belenus@adsl-62-48-152-69.ptprime.net has connected.
Tue Aug 12 07:02:52 2003 :: Sock.sinaddr:  172.130.132.211
Tue Aug 12 07:03:02 2003 :: Loading Kiri.
Tue Aug 12 07:03:03 2003 :: Kiri@AC8284D3.ipt.aol.com reconnected.
Tue Aug 12 07:05:53 2003 :: Sock.sinaddr:  68.71.152.224
Tue Aug 12 07:05:56 2003 :: Loading Ulas.
Tue Aug 12 07:05:58 2003 :: Look out, Ulas@ky-richmond3c-224.rhmdky.adelphia.net has connected.
Tue Aug 12 07:07:56 2003 :: Ulas has quit.
Read_from_descriptor: Connection reset by peer
Tue Aug 12 07:08:44 2003 :: Closing link to Zeak.
Tue Aug 12 07:10:34 2003 :: Sock.sinaddr:  172.135.209.163
Tue Aug 12 07:10:40 2003 :: Loading Zeak.
Tue Aug 12 07:10:45 2003 :: Zeak@AC87D1A3.ipt.aol.com reconnected.
Tue Aug 12 07:12:39 2003 :: Kilgor has quit.
Tue Aug 12 07:12:44 2003 :: Sock.sinaddr:  172.199.50.177
Tue Aug 12 07:12:47 2003 :: Loading Kilgor.
Tue Aug 12 07:12:50 2003 :: Look out, Kilgor@ACC732B1.ipt.aol.com has connected.
Tue Aug 12 07:19:24 2003 :: Belenus has quit.
Tue Aug 12 07:19:28 2003 :: Sock.sinaddr:  62.48.152.69
Tue Aug 12 07:19:34 2003 :: Loading Magyar.
Tue Aug 12 07:19:37 2003 :: Look out, Magyar@adsl-62-48-152-69.ptprime.net has connected.
Tue Aug 12 07:23:58 2003 :: Zeak has quit.
Tue Aug 12 07:24:01 2003 :: Sock.sinaddr:  172.135.209.163
Tue Aug 12 07:24:08 2003 :: EOF encountered on read.
Tue Aug 12 07:24:08 2003 :: Closing link to Zeck.
Tue Aug 12 07:24:08 2003 :: Sock.sinaddr:  172.135.209.163
Tue Aug 12 07:24:12 2003 :: Loading Zeckarah.
Tue Aug 12 07:24:16 2003 :: Look out, Zeckarah@AC87D1A3.ipt.aol.com has connected.
Tue Aug 12 07:42:43 2003 :: Magyar has quit.
Tue Aug 12 07:43:58 2003 :: Sock.sinaddr:  4.64.88.32
Tue Aug 12 07:44:00 2003 :: Loading Hydroth.
Tue Aug 12 07:44:00 2003 :: Look out, Hydroth@evrtwa1-ar5-4-64-088-032.evrtwa1.dsl-verizon.net has connected.
Tue Aug 12 07:45:35 2003 :: Hydroth has quit.
Tue Aug 12 07:45:45 2003 :: Zeckarah has quit.
Tue Aug 12 07:48:44 2003 :: Kilgor has quit.
Tue Aug 12 08:27:22 2003 :: Sock.sinaddr:  4.64.88.32
Tue Aug 12 08:27:23 2003 :: Loading Hydroth.
Tue Aug 12 08:27:23 2003 :: Look out, Hydroth@evrtwa1-ar5-4-64-088-032.evrtwa1.dsl-verizon.net has connected.
Tue Aug 12 08:27:26 2003 :: Hydroth has quit.
Read_from_descriptor: Connection reset by peer
Tue Aug 12 08:43:53 2003 :: Closing link to Kiri.
Tue Aug 12 09:38:36 2003 :: Sock.sinaddr:  172.130.132.211
Tue Aug 12 09:39:26 2003 :: Loading Kiri.
Tue Aug 12 09:39:30 2003 :: Kiri@AC8284D3.ipt.aol.com reconnected.
Tue Aug 12 10:22:42 2003 :: Sock.sinaddr:  172.195.79.3
Tue Aug 12 10:22:47 2003 :: Loading Jarek.
Tue Aug 12 10:22:48 2003 :: Look out, Jarek@ACC34F03.ipt.aol.com has connected.
Tue Aug 12 10:58:31 2003 :: Sock.sinaddr:  68.144.213.62
Tue Aug 12 10:58:32 2003 :: Loading Torianis.
Tue Aug 12 10:58:32 2003 :: Look out, Torianis@h68-144-213-62.cg.shawcable.net has connected.
Tue Aug 12 10:58:44 2003 :: Torianis has quit.
Tue Aug 12 11:09:09 2003 :: Sock.sinaddr:  172.193.206.121
Tue Aug 12 11:09:14 2003 :: Loading Morgion.
Tue Aug 12 11:09:16 2003 :: Morgion@ACC1CE79.ipt.aol.com reconnected.
Read_from_descriptor: Connection reset by peer
Tue Aug 12 11:09:50 2003 :: Closing link to Kiri.
Tue Aug 12 11:10:39 2003 :: Morgion has quit.
Tue Aug 12 11:16:39 2003 :: Jarek has quit.
Tue Aug 12 12:03:51 2003 :: Sock.sinaddr:  172.162.65.35
Tue Aug 12 12:03:54 2003 :: Loading Kiri.
Tue Aug 12 12:03:55 2003 :: Kiri@ACA24123.ipt.aol.com reconnected.
Read_from_descriptor: Connection reset by peer
Tue Aug 12 12:07:13 2003 :: Closing link to Kiri.
Tue Aug 12 13:25:52 2003 :: Sock.sinaddr:  66.58.231.12
Tue Aug 12 13:25:53 2003 :: Loading Mishakal.
Tue Aug 12 13:25:53 2003 :: Look out, Mishakal@12-231-58-66.gci.net has connected.
Tue Aug 12 13:26:02 2003 :: Mishakal has quit.
Tue Aug 12 14:37:28 2003 :: Sock.sinaddr:  172.141.117.64
Tue Aug 12 14:38:30 2003 :: Loading Nokomus.
Tue Aug 12 14:38:33 2003 :: Look out, Nokomus@AC8D7540.ipt.aol.com has connected.
Tue Aug 12 14:38:58 2003 :: Nokomus has quit.
Tue Aug 12 14:48:05 2003 :: Sock.sinaddr:  172.130.34.227
Tue Aug 12 14:48:14 2003 :: Loading Kiri.
Tue Aug 12 14:48:15 2003 :: Kiri@AC8222E3.ipt.aol.com reconnected.
Read_from_descriptor: Connection reset by peer
Tue Aug 12 14:53:07 2003 :: Closing link to Kiri.
Tue Aug 12 14:59:03 2003 :: Sock.sinaddr:  68.99.148.39
Tue Aug 12 14:59:59 2003 :: Loading Larnoth.
Tue Aug 12 15:00:04 2003 :: Look out, Larnoth@ip68-99-148-39.mc.at.cox.net has connected.
Tue Aug 12 15:55:15 2003 :: Sock.sinaddr:  172.141.117.64
Tue Aug 12 15:55:19 2003 :: Loading Nokomus.
Tue Aug 12 15:55:21 2003 :: Look out, Nokomus@AC8D7540.ipt.aol.com has connected.
Tue Aug 12 16:07:55 2003 :: Nokomus has quit.
Tue Aug 12 16:13:40 2003 :: Sock.sinaddr:  195.23.197.112
Tue Aug 12 16:13:48 2003 :: Loading Magyar.
Tue Aug 12 16:13:49 2003 :: Look out, Magyar@195-23-197-112.nr.ip.pt has connected.
Tue Aug 12 16:17:19 2003 :: Sock.sinaddr:  172.141.117.64
Tue Aug 12 16:17:24 2003 :: Magyar has quit.
Tue Aug 12 16:17:31 2003 :: Sock.sinaddr:  195.23.197.112
Tue Aug 12 16:17:37 2003 :: Loading Adrastos.
Tue Aug 12 16:17:42 2003 :: EOF encountered on read.
Tue Aug 12 16:17:42 2003 :: Look out, Adrastos@195-23-197-112.nr.ip.pt has connected.
Tue Aug 12 16:19:24 2003 :: Adrastos has quit.
Tue Aug 12 16:19:34 2003 :: Sock.sinaddr:  195.23.197.112
Tue Aug 12 16:19:35 2003 :: Loading Magyar.
Tue Aug 12 16:19:35 2003 :: Look out, Magyar@195-23-197-112.nr.ip.pt has connected.
Tue Aug 12 16:20:07 2003 :: Sock.sinaddr:  68.99.148.39
Tue Aug 12 16:20:21 2003 :: EOF encountered on read.
Tue Aug 12 16:20:21 2003 :: Closing link to Larnoth.
Tue Aug 12 16:20:29 2003 :: Loading Larnoth.
Tue Aug 12 16:20:32 2003 :: Larnoth@ip68-99-148-39.mc.at.cox.net reconnected.
Tue Aug 12 16:45:07 2003 :: Magyar has quit.
Tue Aug 12 16:45:17 2003 :: Sock.sinaddr:  195.23.197.112
Tue Aug 12 16:45:23 2003 :: Loading Adrastos.
Tue Aug 12 16:45:27 2003 :: Look out, Adrastos@195-23-197-112.nr.ip.pt has connected.
Tue Aug 12 16:46:18 2003 :: Sock.sinaddr:  24.69.161.229
Tue Aug 12 16:46:31 2003 :: Loading Xypher.
Tue Aug 12 16:46:32 2003 :: Look out, Xypher@h24-69-161-229.pk.shawcable.net has connected.
Tue Aug 12 16:56:57 2003 :: Adrastos has quit.
Tue Aug 12 17:10:26 2003 :: EOF encountered on read.
Tue Aug 12 17:10:26 2003 :: Closing link to Larnoth.
Tue Aug 12 17:12:42 2003 :: Xypher gained level 11
Tue Aug 12 17:18:03 2003 :: Sock.sinaddr:  68.99.148.39
Tue Aug 12 17:18:07 2003 :: Loading Larnoth.
Tue Aug 12 17:18:10 2003 :: Larnoth. Bad Password. IP: ip68-99-148-39.mc.at.cox.net> hiyaeeddy
Tue Aug 12 17:18:10 2003 :: Closing link to Larnoth.
Tue Aug 12 17:18:13 2003 :: Sock.sinaddr:  68.99.148.39
Tue Aug 12 17:18:19 2003 :: Loading Larnoth.
Tue Aug 12 17:18:23 2003 :: Larnoth@ip68-99-148-39.mc.at.cox.net reconnected.
Tue Aug 12 17:33:11 2003 :: EOF encountered on read.
Tue Aug 12 17:33:11 2003 :: Closing link to Larnoth.
Tue Aug 12 17:34:39 2003 :: Sock.sinaddr:  68.144.213.62
Tue Aug 12 17:34:40 2003 :: Loading Torianis.
Tue Aug 12 17:34:40 2003 :: Look out, Torianis@h68-144-213-62.cg.shawcable.net has connected.
Tue Aug 12 17:34:48 2003 :: Torianis has quit.
Tue Aug 12 17:43:50 2003 :: h24-69-161-229.pk.shawcable.net input spamming!
Tue Aug 12 17:43:51 2003 :: EOF encountered on read.
Tue Aug 12 17:43:51 2003 :: Closing link to Xypher.
Tue Aug 12 17:44:51 2003 :: Sock.sinaddr:  24.69.161.229
Tue Aug 12 17:44:56 2003 :: Loading Xypher.
Tue Aug 12 17:44:56 2003 :: Xypher@h24-69-161-229.pk.shawcable.net reconnected.
Tue Aug 12 17:49:29 2003 :: Larnoth has quit.
Tue Aug 12 17:49:29 2003 :: [*****] BUG: update_char: Trying to work with an invalidated character.

Tue Aug 12 17:58:29 2003 :: Sock.sinaddr:  67.37.118.74
Tue Aug 12 17:58:32 2003 :: Loading Branchala.
Tue Aug 12 17:58:33 2003 :: Look out, Branchala@pppmart67-37-118-74.reliable-net.net has connected.
Tue Aug 12 18:10:26 2003 :: Xypher killed by a Palanthas guard at 3369
Tue Aug 12 18:14:37 2003 :: Log Branchala: asave
Tue Aug 12 18:15:45 2003 :: Log Branchala: questreset
Tue Aug 12 18:17:06 2003 :: Log Branchala: fvlist
Tue Aug 12 18:17:11 2003 :: Log Branchala: fvlist obj
Tue Aug 12 18:19:39 2003 :: Log Branchala: switch gwen
Tue Aug 12 18:20:49 2003 :: Log Branchala: switch shop
Tue Aug 12 18:21:00 2003 :: Log shopkeeper man: switch
Tue Aug 12 18:21:16 2003 :: Log Branchala: switch shop
Tue Aug 12 18:21:34 2003 :: Log Branchala: switch shop
Tue Aug 12 18:29:44 2003 :: Log Branchala: switch missy
Tue Aug 12 18:30:22 2003 :: Log Branchala: switch gwen
Tue Aug 12 18:30:40 2003 :: Log miss gwen: switch bran
Tue Aug 12 18:31:04 2003 :: Log Branchala: switch gwen
Tue Aug 12 18:31:12 2003 :: Log Branchala: purge gwen
Tue Aug 12 18:32:20 2003 :: Log Branchala: switch missy
Tue Aug 12 18:33:25 2003 :: Log Branchala: switch missy
Tue Aug 12 18:39:14 2003 :: Sock.sinaddr:  24.69.161.229
Tue Aug 12 18:39:20 2003 :: Loading Xypher.
Tue Aug 12 18:39:23 2003 :: Closing link to Xypher.
Tue Aug 12 18:39:23 2003 :: Xypher@h24-69-161-229.pk.shawcable.net reconnected.
Tue Aug 12 18:41:41 2003 :: Xypher gained level 12
Tue Aug 12 18:50:07 2003 :: Sock.sinaddr:  204.209.44.14
Read_from_descriptor: Broken pipe
Tue Aug 12 18:50:24 2003 :: Sock.sinaddr:  209.193.90.171
Tue Aug 12 18:50:57 2003 :: Sock.sinaddr:  209.193.90.171
Tue Aug 12 18:51:03 2003 :: Shadowrunner@office.gill.force.vcn.com new player.
Tue Aug 12 18:52:55 2003 :: Sock.sinaddr:  172.193.29.75
Tue Aug 12 18:53:00 2003 :: Loading Kilgor.
Tue Aug 12 18:53:02 2003 :: Kilgor. Bad Password. IP: ACC11D4B.ipt.aol.com> courgae
Tue Aug 12 18:53:02 2003 :: Closing link to Kilgor.
Tue Aug 12 18:53:07 2003 :: Sock.sinaddr:  172.193.29.75
Tue Aug 12 18:53:09 2003 :: Loading Kilgor.
Tue Aug 12 18:53:10 2003 :: Look out, Kilgor@ACC11D4B.ipt.aol.com has connected.
Tue Aug 12 18:59:58 2003 :: Picoerx@office.gill.force.vcn.com new player.
Tue Aug 12 19:02:25 2003 :: Sock.sinaddr:  172.129.18.67
Tue Aug 12 19:02:27 2003 :: Loading Kiri.
Tue Aug 12 19:02:28 2003 :: Kiri@AC811243.ipt.aol.com reconnected.
Tue Aug 12 19:14:43 2003 :: Log Branchala: questreset branch
Tue Aug 12 19:15:37 2003 :: Kilgor has quit.
Tue Aug 12 19:15:41 2003 :: Sock.sinaddr:  172.193.29.75
Tue Aug 12 19:15:44 2003 :: Loading Kilgor.
Tue Aug 12 19:15:45 2003 :: Look out, Kilgor@ACC11D4B.ipt.aol.com has connected.
Tue Aug 12 19:16:04 2003 :: EOF encountered on read.
Tue Aug 12 19:16:04 2003 :: Closing link to Picoerx.
Tue Aug 12 19:16:49 2003 :: [WARNING] Branchala imms: I'd love to get my mitts on the source code for this mud tho...
Tue Aug 12 19:17:34 2003 :: Log Branchala: questreset branch
Tue Aug 12 19:19:28 2003 :: Sock.sinaddr:  68.144.213.62
Tue Aug 12 19:19:30 2003 :: Loading Torianis.
Tue Aug 12 19:19:30 2003 :: Look out, Torianis@h68-144-213-62.cg.shawcable.net has connected.
Tue Aug 12 19:22:34 2003 :: [WARNING] Branchala replies to Xypher: Actually, Before I found this mud, I spent almost all of my spare time retrofitting the textures on Rainbow 6: Rogue spear... ;)
Tue Aug 12 19:22:49 2003 :: [WARNING] Branchala imms: Actually, Before I found this mud, I spent almost all of my spare time retrofitting the textures on Rainbow 6: Rogue spear... ;)
Tue Aug 12 19:23:07 2003 :: Log Branchala: questreset branch
Tue Aug 12 19:23:28 2003 :: [WARNING] Kiri imms: I generally found coding and mudding at the same time, last September
Tue Aug 12 19:27:11 2003 :: Log Branchala: switch cleric
Tue Aug 12 19:28:24 2003 :: Kilgor gained level 41
Tue Aug 12 19:28:57 2003 :: Log Branchala: purge hound
Tue Aug 12 19:28:59 2003 :: Log Branchala: purge hound
Tue Aug 12 19:30:09 2003 :: Log Branchala: switch cler
Tue Aug 12 19:30:21 2003 :: h68-144-213-62.cg.shawcable.net input spamming!
Tue Aug 12 19:31:15 2003 :: Branchala has quit.
Tue Aug 12 19:32:03 2003 :: Sock.sinaddr:  63.185.72.253
Tue Aug 12 19:32:22 2003 :: Torianis has quit.
Tue Aug 12 19:34:20 2003 :: Sereg@sdn-ap-002txhousP0253.dialsprint.net new player.
Tue Aug 12 19:36:38 2003 :: Sock.sinaddr:  68.144.213.62
Tue Aug 12 19:36:40 2003 :: Loading Torianis.
Tue Aug 12 19:36:40 2003 :: Look out, Torianis@h68-144-213-62.cg.shawcable.net has connected.
Read_from_descriptor: Connection reset by peer
Tue Aug 12 19:36:50 2003 :: Closing link to Kiri.
Tue Aug 12 19:40:12 2003 :: Torianis has quit.
Tue Aug 12 19:44:12 2003 :: Sereg gained level 2
Tue Aug 12 19:46:03 2003 :: Xypher has quit.
Tue Aug 12 19:49:00 2003 :: Kilgor has quit.
Tue Aug 12 19:49:38 2003 :: Log Sereg: delete
Tue Aug 12 19:49:40 2003 :: Log Sereg: delete
Tue Aug 12 19:49:41 2003 :: Sock.sinaddr:  63.185.72.253
Tue Aug 12 19:50:46 2003 :: Sereg@sdn-ap-002txhousP0253.dialsprint.net new player.
Tue Aug 12 19:57:13 2003 :: Sereg gained level 2
Tue Aug 12 19:59:16 2003 :: Sereg has quit.
Tue Aug 12 20:05:32 2003 :: Sock.sinaddr:  172.193.29.75
Tue Aug 12 20:05:37 2003 :: Loading Kilgor.
Tue Aug 12 20:05:39 2003 :: Look out, Kilgor@ACC11D4B.ipt.aol.com has connected.
Tue Aug 12 20:20:27 2003 :: Sock.sinaddr:  209.193.90.171
Tue Aug 12 20:20:58 2003 :: EOF encountered on read.
Tue Aug 12 20:20:58 2003 :: Closing link to Picoerx.
Tue Aug 12 20:22:00 2003 :: Kilgor has quit.
Tue Aug 12 21:46:59 2003 :: Sock.sinaddr:  24.53.101.102
Tue Aug 12 21:47:08 2003 :: Loading Dominic.
Tue Aug 12 21:47:09 2003 :: Look out, Dominic@ga-canton-u1-c4b-102.atlaga.adelphia.net has connected.
Tue Aug 12 21:47:16 2003 :: Dominic has quit.
Tue Aug 12 22:04:52 2003 :: Sock.sinaddr:  172.149.110.151
Tue Aug 12 22:05:55 2003 :: Loading Kiri.
Tue Aug 12 22:05:56 2003 :: Kiri@AC956E97.ipt.aol.com reconnected.
Read_from_descriptor: Connection reset by peer
Tue Aug 12 23:02:30 2003 :: Closing link to Kiri.
Tue Aug 12 23:19:26 2003 :: Sock.sinaddr:  172.129.230.235
Tue Aug 12 23:19:31 2003 :: Loading Kiri.
Tue Aug 12 23:19:32 2003 :: Kiri@AC81E6EB.ipt.aol.com reconnected.
Wed Aug 13 00:40:42 2003 :: Sock.sinaddr:  172.170.186.68
Wed Aug 13 00:40:47 2003 :: Loading Nokomus.
Wed Aug 13 00:40:48 2003 :: Look out, Nokomus@ACAABA44.ipt.aol.com has connected.
Wed Aug 13 00:41:08 2003 :: Nokomus has quit.
Wed Aug 13 00:41:09 2003 :: Sock.sinaddr:  172.170.186.68
Wed Aug 13 00:41:17 2003 :: EOF encountered on read.
Wed Aug 13 00:53:37 2003 :: Sock.sinaddr:  68.144.213.62
Wed Aug 13 00:53:38 2003 :: Loading Torianis.
Wed Aug 13 00:53:38 2003 :: Look out, Torianis@h68-144-213-62.cg.shawcable.net has connected.
Wed Aug 13 00:53:42 2003 :: Torianis has quit.
Wed Aug 13 01:04:48 2003 :: Sock.sinaddr:  193.136.33.205
Wed Aug 13 01:05:07 2003 :: Sock.sinaddr:  193.136.33.205
Wed Aug 13 01:05:15 2003 :: Loading Halig.
Wed Aug 13 01:05:18 2003 :: Look out, Halig@aulas-l-p3.fe.up.pt has connected.
Wed Aug 13 01:05:24 2003 :: Loading Xulox.
Wed Aug 13 01:05:27 2003 :: Look out, Xulox@aulas-l-p3.fe.up.pt has connected.
Wed Aug 13 01:09:36 2003 :: aulas-l-p3.fe.up.pt input spamming!
Wed Aug 13 01:10:57 2003 :: aulas-l-p3.fe.up.pt input spamming!
Wed Aug 13 01:12:52 2003 :: aulas-l-p3.fe.up.pt input spamming!
Wed Aug 13 01:14:09 2003 :: aulas-l-p3.fe.up.pt input spamming!
Wed Aug 13 01:15:13 2003 :: aulas-l-p3.fe.up.pt input spamming!
Wed Aug 13 01:19:55 2003 :: aulas-l-p3.fe.up.pt input spamming!
Wed Aug 13 01:21:45 2003 :: Sock.sinaddr:  204.209.44.14
Wed Aug 13 01:21:45 2003 :: EOF encountered on read.
Wed Aug 13 01:29:01 2003 :: aulas-l-p3.fe.up.pt input spamming!
Wed Aug 13 01:30:42 2003 :: aulas-l-p3.fe.up.pt input spamming!
Wed Aug 13 01:32:08 2003 :: aulas-l-p3.fe.up.pt input spamming!
Wed Aug 13 01:32:35 2003 :: Sock.sinaddr:  172.170.186.68
Wed Aug 13 01:32:38 2003 :: Loading Nokomus.
Wed Aug 13 01:32:40 2003 :: Look out, Nokomus@ACAABA44.ipt.aol.com has connected.
Wed Aug 13 01:32:50 2003 :: aulas-l-p3.fe.up.pt input spamming!
Wed Aug 13 01:34:03 2003 :: aulas-l-p3.fe.up.pt input spamming!
Wed Aug 13 01:35:34 2003 :: aulas-l-p3.fe.up.pt input spamming!
Wed Aug 13 01:36:56 2003 :: aulas-l-p3.fe.up.pt input spamming!
Wed Aug 13 01:39:48 2003 :: Nokomus has quit.
Wed Aug 13 01:45:33 2003 :: aulas-l-p3.fe.up.pt input spamming!
Wed Aug 13 01:46:21 2003 :: aulas-l-p3.fe.up.pt input spamming!
Wed Aug 13 01:48:41 2003 :: aulas-l-p3.fe.up.pt input spamming!
Wed Aug 13 01:50:20 2003 :: aulas-l-p3.fe.up.pt input spamming!
Wed Aug 13 01:54:18 2003 :: aulas-l-p3.fe.up.pt input spamming!
Wed Aug 13 01:55:45 2003 :: Sock.sinaddr:  66.58.231.12
Wed Aug 13 01:55:46 2003 :: Loading Mishakal.
Wed Aug 13 01:55:47 2003 :: Look out, Mishakal@12-231-58-66.gci.net has connected.
Wed Aug 13 01:56:32 2003 :: Sock.sinaddr:  193.136.33.205
Wed Aug 13 01:56:36 2003 :: Loading Malakyth.
Wed Aug 13 01:56:37 2003 :: Sock.sinaddr:  81.84.110.229
Wed Aug 13 01:56:41 2003 :: Look out, Malakyth@aulas-l-p3.fe.up.pt has connected.
Wed Aug 13 01:56:41 2003 :: Loading Robert.
Wed Aug 13 01:56:41 2003 :: Look out, Robert@81.84.110.229 has connected.
Read_from_descriptor: Connection reset by peer
Wed Aug 13 01:57:11 2003 :: Closing link to Kiri.
Wed Aug 13 01:57:45 2003 :: Mishakal has quit.
Wed Aug 13 02:04:57 2003 :: Robert has quit.
Wed Aug 13 02:05:20 2003 :: Sock.sinaddr:  81.84.110.229
Wed Aug 13 02:05:22 2003 :: Loading Robert.
Wed Aug 13 02:05:22 2003 :: Look out, Robert@81.84.110.229 has connected.
Wed Aug 13 02:05:47 2003 :: Malakyth has quit.
Wed Aug 13 02:09:17 2003 :: 81.84.110.229 input spamming!
Wed Aug 13 02:09:41 2003 :: Sock.sinaddr:  216.40.217.211
Wed Aug 13 02:09:41 2003 :: EOF encountered on read.
Wed Aug 13 02:15:01 2003 :: aulas-l-p3.fe.up.pt input spamming!
Wed Aug 13 02:15:42 2003 :: Robert has quit.
Wed Aug 13 02:16:30 2003 :: aulas-l-p3.fe.up.pt input spamming!
Wed Aug 13 02:19:19 2003 :: aulas-l-p3.fe.up.pt input spamming!
Wed Aug 13 02:35:40 2003 :: aulas-l-p3.fe.up.pt input spamming!
Wed Aug 13 02:37:24 2003 :: aulas-l-p3.fe.up.pt input spamming!
Wed Aug 13 02:38:36 2003 :: aulas-l-p3.fe.up.pt input spamming!
Wed Aug 13 02:39:34 2003 :: Halig gained level 55
Wed Aug 13 02:52:58 2003 :: aulas-l-p3.fe.up.pt input spamming!
Wed Aug 13 02:54:19 2003 :: aulas-l-p3.fe.up.pt input spamming!
Wed Aug 13 02:55:36 2003 :: Halig killed by city guard at 17727
Wed Aug 13 02:55:37 2003 :: aulas-l-p3.fe.up.pt input spamming!
Wed Aug 13 02:58:54 2003 :: Sock.sinaddr:  193.136.33.205
Wed Aug 13 02:58:58 2003 :: Loading Malakyth.
Wed Aug 13 02:59:02 2003 :: Look out, Malakyth@aulas-l-p3.fe.up.pt has connected.
Wed Aug 13 03:12:06 2003 :: aulas-l-p3.fe.up.pt input spamming!
Wed Aug 13 03:12:59 2003 :: aulas-l-p3.fe.up.pt input spamming!
Wed Aug 13 03:21:31 2003 :: aulas-l-p3.fe.up.pt input spamming!
Wed Aug 13 03:23:11 2003 :: aulas-l-p3.fe.up.pt input spamming!
Wed Aug 13 03:26:24 2003 :: aulas-l-p3.fe.up.pt input spamming!
Wed Aug 13 03:29:32 2003 :: aulas-l-p3.fe.up.pt input spamming!
Wed Aug 13 03:32:31 2003 :: Malakyth killed by a hobgoblin shaman at 4952
Wed Aug 13 03:34:03 2003 :: aulas-l-p3.fe.up.pt input spamming!
Wed Aug 13 03:41:34 2003 :: aulas-l-p3.fe.up.pt input spamming!
Wed Aug 13 03:45:48 2003 :: Malakyth has quit.
Wed Aug 13 03:47:57 2003 :: aulas-l-p3.fe.up.pt input spamming!
Wed Aug 13 03:49:35 2003 :: aulas-l-p3.fe.up.pt input spamming!
Wed Aug 13 03:50:41 2003 :: aulas-l-p3.fe.up.pt input spamming!
Wed Aug 13 03:51:16 2003 :: Sock.sinaddr:  66.58.231.12
Wed Aug 13 03:51:17 2003 :: Loading Mishakal.
Wed Aug 13 03:51:18 2003 :: Look out, Mishakal@12-231-58-66.gci.net has connected.
Wed Aug 13 03:52:32 2003 :: Mishakal has quit.
Wed Aug 13 03:53:40 2003 :: aulas-l-p3.fe.up.pt input spamming!
Wed Aug 13 03:55:01 2003 :: aulas-l-p3.fe.up.pt input spamming!
Wed Aug 13 03:57:45 2003 :: aulas-l-p3.fe.up.pt input spamming!
Wed Aug 13 03:59:04 2003 :: aulas-l-p3.fe.up.pt input spamming!
Wed Aug 13 04:01:21 2003 :: aulas-l-p3.fe.up.pt input spamming!
Wed Aug 13 04:11:48 2003 :: Xulox has quit.
Wed Aug 13 04:28:15 2003 :: Halig has quit.
Wed Aug 13 04:30:43 2003 :: Sock.sinaddr:  193.136.33.205
Wed Aug 13 04:30:47 2003 :: Loading Halig.
Wed Aug 13 04:30:50 2003 :: Look out, Halig@aulas-l-p3.fe.up.pt has connected.
Wed Aug 13 04:30:57 2003 :: Sock.sinaddr:  193.136.33.205
Wed Aug 13 04:31:01 2003 :: Loading Xulox.
Wed Aug 13 04:31:04 2003 :: Look out, Xulox@aulas-l-p3.fe.up.pt has connected.
Wed Aug 13 04:35:24 2003 :: Xulox gained level 55
Wed Aug 13 04:41:15 2003 :: aulas-l-p3.fe.up.pt input spamming!
Wed Aug 13 04:43:38 2003 :: aulas-l-p3.fe.up.pt input spamming!
Wed Aug 13 04:44:10 2003 :: aulas-l-p3.fe.up.pt input spamming!
Wed Aug 13 04:44:59 2003 :: aulas-l-p3.fe.up.pt input spamming!
Wed Aug 13 04:51:34 2003 :: aulas-l-p3.fe.up.pt input spamming!
Wed Aug 13 04:52:46 2003 :: aulas-l-p3.fe.up.pt input spamming!
Wed Aug 13 04:58:16 2003 :: aulas-l-p3.fe.up.pt input spamming!
Wed Aug 13 04:59:45 2003 :: aulas-l-p3.fe.up.pt input spamming!
Wed Aug 13 05:02:32 2003 :: aulas-l-p3.fe.up.pt input spamming!
Wed Aug 13 05:03:53 2003 :: aulas-l-p3.fe.up.pt input spamming!
Wed Aug 13 05:05:15 2003 :: aulas-l-p3.fe.up.pt input spamming!
Wed Aug 13 05:06:15 2003 :: aulas-l-p3.fe.up.pt input spamming!
Wed Aug 13 05:09:02 2003 :: aulas-l-p3.fe.up.pt input spamming!
Wed Aug 13 05:10:03 2003 :: aulas-l-p3.fe.up.pt input spamming!
Wed Aug 13 05:11:39 2003 :: aulas-l-p3.fe.up.pt input spamming!
Wed Aug 13 05:13:40 2003 :: aulas-l-p3.fe.up.pt input spamming!
Wed Aug 13 05:14:37 2003 :: aulas-l-p3.fe.up.pt input spamming!
Wed Aug 13 05:15:00 2003 :: Sock.sinaddr:  193.136.33.205
Wed Aug 13 05:15:05 2003 :: Loading Malakyth.
Wed Aug 13 05:15:07 2003 :: Look out, Malakyth@aulas-l-p3.fe.up.pt has connected.
Wed Aug 13 05:16:29 2003 :: Malakyth has quit.
Wed Aug 13 05:22:27 2003 :: Sock.sinaddr:  193.136.33.205
Wed Aug 13 05:22:31 2003 :: Loading Halig.
Wed Aug 13 05:22:35 2003 :: Closing link to Halig.
Wed Aug 13 05:22:35 2003 :: Halig@aulas-l-p3.fe.up.pt reconnected.
Wed Aug 13 05:22:46 2003 :: Sock.sinaddr:  193.136.33.205
Wed Aug 13 05:22:50 2003 :: Loading Xulox.
Wed Aug 13 05:22:55 2003 :: Closing link to Xulox.
Wed Aug 13 05:22:55 2003 :: Xulox@aulas-l-p3.fe.up.pt reconnected.
Wed Aug 13 05:24:05 2003 :: Halig gained level 56
Wed Aug 13 05:25:41 2003 :: aulas-l-p3.fe.up.pt input spamming!
Wed Aug 13 05:32:26 2003 :: Sock.sinaddr:  81.193.24.42
Wed Aug 13 05:32:32 2003 :: Loading Sphera.
Wed Aug 13 05:32:32 2003 :: Look out, Sphera@81.193.24.42 has connected.
Wed Aug 13 05:33:01 2003 :: aulas-l-p3.fe.up.pt input spamming!
Wed Aug 13 05:37:10 2003 :: aulas-l-p3.fe.up.pt input spamming!
Wed Aug 13 05:39:05 2003 :: Sphera has quit.
Wed Aug 13 05:40:27 2003 :: aulas-l-p3.fe.up.pt input spamming!
Wed Aug 13 05:41:58 2003 :: aulas-l-p3.fe.up.pt input spamming!
Wed Aug 13 05:42:52 2003 :: aulas-l-p3.fe.up.pt input spamming!
Wed Aug 13 06:03:20 2003 :: aulas-l-p3.fe.up.pt input spamming!
Wed Aug 13 06:06:56 2003 :: aulas-l-p3.fe.up.pt input spamming!
Wed Aug 13 06:09:03 2003 :: aulas-l-p3.fe.up.pt input spamming!
Wed Aug 13 06:10:12 2003 :: aulas-l-p3.fe.up.pt input spamming!
Wed Aug 13 06:12:24 2003 :: aulas-l-p3.fe.up.pt input spamming!
Wed Aug 13 06:14:10 2003 :: Sock.sinaddr:  193.136.33.205
Wed Aug 13 06:14:13 2003 :: Loading Petrus.
Wed Aug 13 06:14:15 2003 :: Look out, Petrus@aulas-l-p3.fe.up.pt has connected.
Wed Aug 13 06:17:21 2003 :: Xulox has quit.
Wed Aug 13 06:18:13 2003 :: Petrus has quit.
Wed Aug 13 06:34:22 2003 :: Halig has quit.
Wed Aug 13 06:53:54 2003 :: Sock.sinaddr:  193.136.33.205
Wed Aug 13 06:53:56 2003 :: Loading Halig.
Wed Aug 13 06:53:58 2003 :: Look out, Halig@aulas-l-p3.fe.up.pt has connected.
Wed Aug 13 06:54:07 2003 :: Sock.sinaddr:  193.136.33.205
Wed Aug 13 06:54:10 2003 :: Loading Petrus.
Wed Aug 13 06:54:13 2003 :: Look out, Petrus@aulas-l-p3.fe.up.pt has connected.
Wed Aug 13 06:58:42 2003 :: aulas-l-p3.fe.up.pt input spamming!
Wed Aug 13 07:07:56 2003 :: Sock.sinaddr:  66.58.231.12
Wed Aug 13 07:07:57 2003 :: Loading Mishakal.
Wed Aug 13 07:07:58 2003 :: Look out, Mishakal@12-231-58-66.gci.net has connected.
Wed Aug 13 07:08:07 2003 :: Mishakal has quit.
Wed Aug 13 07:16:03 2003 :: aulas-l-p3.fe.up.pt input spamming!
Wed Aug 13 07:18:44 2003 :: Petrus gained level 66
Wed Aug 13 07:23:23 2003 :: aulas-l-p3.fe.up.pt input spamming!
Wed Aug 13 07:28:11 2003 :: Sock.sinaddr:  193.136.33.205
Wed Aug 13 07:28:15 2003 :: Loading Malakyth.
Wed Aug 13 07:28:18 2003 :: Look out, Malakyth@aulas-l-p3.fe.up.pt has connected.
Wed Aug 13 07:53:35 2003 :: Halig gained level 57
Wed Aug 13 07:53:38 2003 :: aulas-l-p3.fe.up.pt input spamming!
Wed Aug 13 08:04:02 2003 :: Sock.sinaddr:  62.48.152.111
Wed Aug 13 08:04:05 2003 :: Loading Magyar.
Wed Aug 13 08:04:05 2003 :: Look out, Magyar@adsl-62-48-152-111.ptprime.net has connected.
Wed Aug 13 08:35:37 2003 :: adsl-62-48-152-111.ptprime.net input spamming!
Wed Aug 13 08:37:06 2003 :: adsl-62-48-152-111.ptprime.net input spamming!
Wed Aug 13 09:04:59 2003 :: Magyar has quit.
Wed Aug 13 09:07:10 2003 :: aulas-l-p3.fe.up.pt input spamming!
Wed Aug 13 09:09:52 2003 :: aulas-l-p3.fe.up.pt input spamming!
Wed Aug 13 09:18:18 2003 :: aulas-l-p3.fe.up.pt input spamming!
Wed Aug 13 09:19:59 2003 :: Malakyth has quit.
Wed Aug 13 09:35:49 2003 :: aulas-l-p3.fe.up.pt input spamming!
Wed Aug 13 09:39:49 2003 :: aulas-l-p3.fe.up.pt input spamming!
Wed Aug 13 09:40:55 2003 :: aulas-l-p3.fe.up.pt input spamming!
Wed Aug 13 09:41:33 2003 :: Petrus has quit.
Wed Aug 13 09:41:35 2003 :: Halig has quit.
Wed Aug 13 10:02:45 2003 :: Sock.sinaddr:  193.136.33.205
Wed Aug 13 10:02:47 2003 :: Sock.sinaddr:  193.136.33.205
Wed Aug 13 10:02:51 2003 :: Loading Halig.
Wed Aug 13 10:02:53 2003 :: Look out, Halig@aulas-l-p3.fe.up.pt has connected.
Wed Aug 13 10:03:00 2003 :: Loading Petrus.
Wed Aug 13 10:03:02 2003 :: Look out, Petrus@aulas-l-p3.fe.up.pt has connected.
Wed Aug 13 10:08:11 2003 :: Sock.sinaddr:  172.131.122.23
Wed Aug 13 10:08:15 2003 :: Loading Nokomus.
Wed Aug 13 10:08:17 2003 :: Look out, Nokomus@AC837A17.ipt.aol.com has connected.
Wed Aug 13 10:08:42 2003 :: Nokomus has quit.
Wed Aug 13 10:08:43 2003 :: Sock.sinaddr:  172.131.122.23
Wed Aug 13 10:08:55 2003 :: EOF encountered on read.
Wed Aug 13 10:10:02 2003 :: Sock.sinaddr:  172.131.122.23
Wed Aug 13 10:10:04 2003 :: Loading Nokomus.
Wed Aug 13 10:10:06 2003 :: Look out, Nokomus@AC837A17.ipt.aol.com has connected.
Wed Aug 13 10:13:32 2003 :: Nokomus gained level 22
Wed Aug 13 10:17:26 2003 :: aulas-l-p3.fe.up.pt input spamming!
Wed Aug 13 10:18:24 2003 :: Halig gained level 58
Wed Aug 13 10:18:27 2003 :: aulas-l-p3.fe.up.pt input spamming!
Wed Aug 13 10:19:42 2003 :: aulas-l-p3.fe.up.pt input spamming!
Wed Aug 13 10:20:12 2003 :: aulas-l-p3.fe.up.pt input spamming!
Wed Aug 13 10:27:38 2003 :: Petrus gained level 67
Wed Aug 13 10:37:58 2003 :: Sock.sinaddr:  172.200.56.204
Wed Aug 13 10:37:59 2003 :: Loading Kiri.
Wed Aug 13 10:38:00 2003 :: Kiri@ACC838CC.ipt.aol.com reconnected.
Wed Aug 13 10:51:05 2003 :: Sock.sinaddr:  172.150.145.200
Wed Aug 13 10:51:09 2003 :: Loading Nokomus.
Wed Aug 13 10:51:12 2003 :: Closing link to Nokomus.
Wed Aug 13 10:51:12 2003 :: Nokomus@AC9691C8.ipt.aol.com reconnected.
Wed Aug 13 10:58:34 2003 :: Sock.sinaddr:  172.142.149.236
Wed Aug 13 11:07:06 2003 :: aulas-l-p3.fe.up.pt input spamming!
Wed Aug 13 11:08:45 2003 :: Halig killed by city guard at 17715
Wed Aug 13 11:09:24 2003 :: Petrus has quit.
Wed Aug 13 11:12:03 2003 :: Sock.sinaddr:  172.128.135.146
Wed Aug 13 11:13:06 2003 :: Halig killed by a minotaur at 17715
Wed Aug 13 11:17:47 2003 :: Halig has quit.
Wed Aug 13 11:43:12 2003 :: Nokomus has quit.
Wed Aug 13 12:10:06 2003 :: Sock.sinaddr:  67.37.118.71
Wed Aug 13 12:10:15 2003 :: Loading Branchala.
Wed Aug 13 12:10:16 2003 :: Look out, Branchala@pppmart67-37-118-71.reliable-net.net has connected.
Wed Aug 13 12:10:28 2003 :: Sock.sinaddr:  172.172.18.97
Wed Aug 13 12:10:38 2003 :: Loading Kiri.
Wed Aug 13 12:10:40 2003 :: Closing link to Kiri.
Wed Aug 13 12:10:40 2003 :: Kiri@ACAC1261.ipt.aol.com reconnected.
Wed Aug 13 12:42:29 2003 :: Sock.sinaddr:  24.69.161.229
Wed Aug 13 12:42:36 2003 :: Loading Xypher.
Wed Aug 13 12:42:38 2003 :: Look out, Xypher@h24-69-161-229.pk.shawcable.net has connected.
Wed Aug 13 12:43:14 2003 :: Xypher gained level 13
Wed Aug 13 12:46:55 2003 :: Sock.sinaddr:  172.194.105.77
Wed Aug 13 12:47:43 2003 :: Manabe@ACC2694D.ipt.aol.com new player.
Read_from_descriptor: Connection reset by peer
Wed Aug 13 12:48:03 2003 :: Closing link to Kiri.
Wed Aug 13 12:57:17 2003 :: Sock.sinaddr:  81.193.25.234
Wed Aug 13 12:57:19 2003 :: Loading Sphera.
Wed Aug 13 12:57:20 2003 :: Look out, Sphera@81.193.25.234 has connected.
Wed Aug 13 13:09:58 2003 :: Log Branchala: switch rabb
Wed Aug 13 13:11:37 2003 :: Sphera has quit.
Wed Aug 13 13:14:54 2003 :: Log Branchala: switch leviathan
Wed Aug 13 13:16:29 2003 :: Log Branchala: purge lec
Wed Aug 13 13:16:32 2003 :: Log Branchala: purge lev
Wed Aug 13 13:33:30 2003 :: Sock.sinaddr:  64.40.51.229
Wed Aug 13 13:33:47 2003 :: EOF encountered on read.
Wed Aug 13 13:35:38 2003 :: Sock.sinaddr:  64.40.51.229
Wed Aug 13 13:35:43 2003 :: Loading Paladine.
Wed Aug 13 13:35:46 2003 :: Look out, Paladine@64-40-51-229.ncplus.net has connected.
Wed Aug 13 13:36:36 2003 :: Log Paladine: tele bran
Wed Aug 13 13:42:46 2003 :: Log Paladine: asp branch wiznet status
Wed Aug 13 13:44:01 2003 :: Log Paladine: set char branch security 0
Wed Aug 13 13:48:19 2003 :: Log Paladine: set char xypher align -1000
Wed Aug 13 13:49:36 2003 :: Log Paladine: asave area
Wed Aug 13 13:49:52 2003 :: Log Paladine: tele branch
Wed Aug 13 13:50:20 2003 :: Log Paladine: asave area
Wed Aug 13 13:53:05 2003 :: Paladine has quit.
Wed Aug 13 13:53:56 2003 :: Sock.sinaddr:  81.193.26.4
Wed Aug 13 13:53:59 2003 :: Loading Sphera.
Wed Aug 13 13:53:59 2003 :: Look out, Sphera@81.193.26.4 has connected.
Wed Aug 13 13:55:55 2003 :: Sock.sinaddr:  67.37.118.71
Wed Aug 13 13:56:01 2003 :: Loading Persae.
Wed Aug 13 13:56:03 2003 :: Look out, Persae@pppmart67-37-118-71.reliable-net.net has connected.
Wed Aug 13 13:57:47 2003 :: Sock.sinaddr:  172.162.71.228
Wed Aug 13 13:57:57 2003 :: Loading Nokomus.
Wed Aug 13 13:58:01 2003 :: Look out, Nokomus@ACA247E4.ipt.aol.com has connected.
Wed Aug 13 14:08:49 2003 :: Xypher killed by a small boy at 3083
Wed Aug 13 14:10:45 2003 :: Persae has quit.
Wed Aug 13 14:13:30 2003 :: Log Branchala: switch ass
Wed Aug 13 14:17:37 2003 :: Xypher killed by Branchala at 3054
Wed Aug 13 14:20:46 2003 :: Sphera has quit.
Wed Aug 13 14:37:34 2003 :: Nokomus has quit.
Wed Aug 13 14:37:45 2003 :: Sock.sinaddr:  172.162.71.228
Wed Aug 13 14:43:03 2003 :: Sock.sinaddr:  172.128.0.104
Wed Aug 13 14:43:06 2003 :: Loading Kiri.
Wed Aug 13 14:43:07 2003 :: Kiri@AC800068.ipt.aol.com reconnected.
Wed Aug 13 14:44:48 2003 :: Xypher has quit.
Wed Aug 13 14:46:35 2003 :: Kiri has quit.
Wed Aug 13 15:04:24 2003 :: Sock.sinaddr:  65.212.174.2
Wed Aug 13 15:04:27 2003 :: Loading Paladine.
Wed Aug 13 15:04:31 2003 :: Look out, Paladine@usr2.netro-corp.com has connected.
Wed Aug 13 15:05:50 2003 :: Sock.sinaddr:  68.144.213.62
Wed Aug 13 15:05:51 2003 :: Loading Torianis.
Wed Aug 13 15:05:51 2003 :: Look out, Torianis@h68-144-213-62.cg.shawcable.net has connected.
Wed Aug 13 15:08:40 2003 :: Branchala has quit.
Wed Aug 13 15:10:55 2003 :: Log Paladine: snoop tori
Wed Aug 13 15:11:02 2003 :: Log Paladine: force tori look home
Wed Aug 13 15:11:56 2003 :: Paladine has quit.
Wed Aug 13 15:12:22 2003 :: Sock.sinaddr:  24.53.101.102
Wed Aug 13 15:12:26 2003 :: Loading Dominic.
Wed Aug 13 15:12:27 2003 :: Look out, Dominic@ga-canton-u1-c4b-102.atlaga.adelphia.net has connected.
Wed Aug 13 15:12:33 2003 :: Dominic has quit.
Wed Aug 13 15:13:45 2003 :: Torianis has quit.
Wed Aug 13 15:15:35 2003 :: Sock.sinaddr:  172.128.0.104
Wed Aug 13 15:15:37 2003 :: Loading Kiri.
Wed Aug 13 15:15:39 2003 :: Look out, Kiri@AC800068.ipt.aol.com has connected.
Wed Aug 13 15:15:48 2003 :: Kiri has quit.
Wed Aug 13 15:29:07 2003 :: Sock.sinaddr:  68.99.144.54
Wed Aug 13 15:29:39 2003 :: Loading Flands.
Wed Aug 13 15:29:44 2003 :: Look out, Flands@ip68-99-144-54.mc.at.cox.net has connected.
Wed Aug 13 15:33:11 2003 :: Sock.sinaddr:  68.99.148.39
Wed Aug 13 15:33:28 2003 :: Loading Larnoth.
Wed Aug 13 15:33:33 2003 :: Look out, Larnoth@ip68-99-148-39.mc.at.cox.net has connected.
Wed Aug 13 15:52:22 2003 :: Flands has quit.
Wed Aug 13 15:52:40 2003 :: Sock.sinaddr:  68.99.144.54
Wed Aug 13 15:52:46 2003 :: Loading Flands.
Wed Aug 13 15:52:51 2003 :: Look out, Flands@ip68-99-144-54.mc.at.cox.net has connected.
Wed Aug 13 15:58:43 2003 :: Flands has quit.
Wed Aug 13 15:59:29 2003 :: EOF encountered on read.
Wed Aug 13 15:59:29 2003 :: Closing link to Larnoth.
Wed Aug 13 16:15:50 2003 :: Larnoth has quit.
Wed Aug 13 16:15:50 2003 :: [*****] BUG: update_char: Trying to work with an invalidated character.

Wed Aug 13 16:17:05 2003 :: Sock.sinaddr:  68.99.148.39
Wed Aug 13 16:17:38 2003 :: Loading Ramza.
Wed Aug 13 16:17:40 2003 :: Ramza. Bad Password. IP: ip68-99-148-39.mc.at.cox.net> masamuen
Wed Aug 13 16:17:40 2003 :: Closing link to Ramza.
Wed Aug 13 16:17:45 2003 :: Sock.sinaddr:  68.99.148.39
Wed Aug 13 16:17:50 2003 :: Loading Ramza.
Wed Aug 13 16:17:52 2003 :: Look out, Ramza@ip68-99-148-39.mc.at.cox.net has connected.
Wed Aug 13 16:21:20 2003 :: Sock.sinaddr:  68.98.197.132
Wed Aug 13 16:22:07 2003 :: EOF encountered on read.
Wed Aug 13 16:22:12 2003 :: Sock.sinaddr:  68.98.197.132
Wed Aug 13 16:28:41 2003 :: Artemis@ip68-98-197-132.mc.at.cox.net new player.
Wed Aug 13 16:28:59 2003 :: Sock.sinaddr:  68.99.148.39
Wed Aug 13 16:28:59 2003 :: EOF encountered on read.
Wed Aug 13 16:28:59 2003 :: Closing link to Ramza.
Wed Aug 13 16:30:24 2003 :: Sock.sinaddr:  65.212.174.2
Wed Aug 13 16:30:27 2003 :: Loading Paladine.
Wed Aug 13 16:30:30 2003 :: Look out, Paladine@usr2.netro-corp.com has connected.
Wed Aug 13 16:32:14 2003 :: Delitia@ip68-99-148-39.mc.at.cox.net new player.
Wed Aug 13 16:34:50 2003 :: EOF encountered on read.
Wed Aug 13 16:34:50 2003 :: Closing link to Delitia.
Read_from_descriptor: Connection reset by peer
Wed Aug 13 16:37:44 2003 :: Closing link to Artemis.
Wed Aug 13 16:45:05 2003 :: Ramza has quit.
Wed Aug 13 16:50:01 2003 :: Paladine has quit.
Wed Aug 13 17:01:04 2003 :: Sock.sinaddr:  65.212.174.2
Wed Aug 13 17:01:07 2003 :: Loading Paladine.
Wed Aug 13 17:01:10 2003 :: Look out, Paladine@usr2.netro-corp.com has connected.
Wed Aug 13 17:01:26 2003 :: Paladine has quit.
Wed Aug 13 17:27:15 2003 :: Sock.sinaddr:  68.99.148.39
Wed Aug 13 17:27:28 2003 :: Loading Larnoth.
Wed Aug 13 17:27:32 2003 :: Look out, Larnoth@ip68-99-148-39.mc.at.cox.net has connected.
Wed Aug 13 18:39:19 2003 :: Sock.sinaddr:  65.212.174.2
Wed Aug 13 18:39:21 2003 :: Loading Paladine.
Wed Aug 13 18:39:24 2003 :: Look out, Paladine@usr2.netro-corp.com has connected.
Wed Aug 13 18:39:38 2003 :: Paladine has quit.
Read_from_descriptor: Connection reset by peer
Wed Aug 13 18:46:09 2003 :: Closing link to Larnoth.
Wed Aug 13 18:47:09 2003 :: Sock.sinaddr:  68.99.148.39
Wed Aug 13 18:47:23 2003 :: Loading Larnoth.
Wed Aug 13 18:47:26 2003 :: Larnoth@ip68-99-148-39.mc.at.cox.net reconnected.
Wed Aug 13 18:59:30 2003 :: EOF encountered on read.
Wed Aug 13 18:59:30 2003 :: Closing link to Larnoth.
Wed Aug 13 19:15:50 2003 :: Larnoth has quit.
Wed Aug 13 19:15:50 2003 :: [*****] BUG: update_char: Trying to work with an invalidated character.

Wed Aug 13 19:17:01 2003 :: Sock.sinaddr:  65.212.174.2
Wed Aug 13 19:17:15 2003 :: Loading Paladine.
Wed Aug 13 19:17:18 2003 :: Look out, Paladine@usr2.netro-corp.com has connected.
Wed Aug 13 19:17:28 2003 :: Log Paladine: lastoni
Wed Aug 13 19:17:32 2003 :: Paladine has quit.
Wed Aug 13 20:31:10 2003 :: Sock.sinaddr:  65.212.174.2
Wed Aug 13 20:31:13 2003 :: Loading Paladine.
Wed Aug 13 20:31:16 2003 :: Look out, Paladine@usr2.netro-corp.com has connected.
Wed Aug 13 20:35:06 2003 :: Log Paladine: flag
Wed Aug 13 20:36:55 2003 :: Paladine has quit.
Wed Aug 13 20:50:35 2003 :: Sock.sinaddr:  65.212.174.2
Wed Aug 13 20:50:38 2003 :: Loading Paladine.
Wed Aug 13 20:50:41 2003 :: Look out, Paladine@usr2.netro-corp.com has connected.
Wed Aug 13 20:51:20 2003 :: Paladine has quit.
Wed Aug 13 20:57:02 2003 :: Sock.sinaddr:  65.212.174.2
Wed Aug 13 20:57:05 2003 :: Loading Paladine.
Wed Aug 13 20:57:08 2003 :: Look out, Paladine@usr2.netro-corp.com has connected.
Wed Aug 13 21:11:08 2003 :: Paladine has quit.
Wed Aug 13 21:43:34 2003 :: Sock.sinaddr:  68.144.213.62
Wed Aug 13 21:43:35 2003 :: Loading Torianis.
Wed Aug 13 21:43:36 2003 :: Look out, Torianis@h68-144-213-62.cg.shawcable.net has connected.
Wed Aug 13 21:46:55 2003 :: Torianis has quit.
Wed Aug 13 22:15:37 2003 :: Sock.sinaddr:  65.212.174.2
Wed Aug 13 22:15:42 2003 :: Loading Paladine.
Wed Aug 13 22:15:45 2003 :: Look out, Paladine@usr2.netro-corp.com has connected.
Wed Aug 13 22:15:49 2003 :: Log Paladine: lastoni
Wed Aug 13 22:15:52 2003 :: Log Paladine: check
Wed Aug 13 22:16:12 2003 :: Sock.sinaddr:  65.212.174.2
Wed Aug 13 22:16:15 2003 :: Loading Rilia.
Wed Aug 13 22:16:17 2003 :: Look out, Rilia@usr2.netro-corp.com has connected.
Wed Aug 13 22:16:20 2003 :: Rilia has quit.
Wed Aug 13 22:17:29 2003 :: Log Paladine: asave changed
Wed Aug 13 22:17:30 2003 :: Log Paladine: copy
Wed Aug 13 22:17:30 2003 :: ROM is ready to rock on port 6100.
Wed Aug 13 22:17:30 2003 :: Copyover recovery initiated
Wed Aug 13 22:17:30 2003 :: Loading Paladine.
Wed Aug 13 22:18:42 2003 :: Log Paladine: check process
Wed Aug 13 22:19:39 2003 :: Log Paladine: switch vial
Wed Aug 13 22:19:42 2003 :: Log Paladine: switch priest
Wed Aug 13 22:20:02 2003 :: Paladine has quit.
Wed Aug 13 22:48:51 2003 :: Sock.sinaddr:  172.192.20.205
Wed Aug 13 22:48:54 2003 :: Loading Kilgor.
Wed Aug 13 22:48:58 2003 :: Look out, Kilgor@ACC014CD.ipt.aol.com has connected.
Wed Aug 13 22:49:16 2003 :: Kilgor has quit.
Wed Aug 13 23:08:43 2003 :: Sock.sinaddr:  172.140.18.197
Wed Aug 13 23:08:46 2003 :: Loading Kiri.
Wed Aug 13 23:08:46 2003 :: Look out, Kiri@AC8C12C5.ipt.aol.com has connected.
Wed Aug 13 23:08:52 2003 :: Kiri has quit.
Wed Aug 13 23:52:45 2003 :: Sock.sinaddr:  172.192.57.223
Wed Aug 13 23:53:00 2003 :: Loading Jarek.
Wed Aug 13 23:53:03 2003 :: Look out, Jarek@ACC039DF.ipt.aol.com has connected.
Wed Aug 13 23:59:56 2003 :: Sock.sinaddr:  64.40.51.6
Wed Aug 13 23:59:58 2003 :: Loading Paladine.
Wed Aug 13 23:59:58 2003 :: Look out, Paladine@64-40-51-6.ncplus.net has connected.
Thu Aug 14 00:04:05 2003 :: Sock.sinaddr:  209.197.146.238
Thu Aug 14 00:05:34 2003 :: Greiver@cal53-uas-3-209197146238.3web.net new player.
Thu Aug 14 00:06:20 2003 :: Jarek has quit.
Thu Aug 14 00:08:23 2003 :: EOF encountered on read.
Thu Aug 14 00:08:23 2003 :: Closing link to Greiver.
Thu Aug 14 00:34:49 2003 :: Log Paladine: asave changed
Thu Aug 14 00:34:51 2003 :: Log Paladine: shutdown
Thu Aug 14 00:34:51 2003 :: Closing link to Paladine.
Thu Aug 14 00:34:51 2003 :: [*****] BUG: update_char: Trying to work with an invalidated character.

Thu Aug 14 00:34:51 2003 :: Normal termination of game.
