Tue May  6 21:31:09 2003 :: ROM is ready to rock on port 6100.
Tue May  6 21:31:10 2003 :: Sock.sinaddr:  172.140.162.159
Tue May  6 21:31:10 2003 :: Sock.sinaddr:  63.231.120.30
Tue May  6 21:31:11 2003 :: Loading Aleina.
Tue May  6 21:31:12 2003 :: Look out, Aleina@albqdslgw4poola30.albq.uswest.net has connected.
Tue May  6 21:31:12 2003 :: Sock.sinaddr:  168.122.236.39
Tue May  6 21:31:12 2003 :: Loading Zoldor.
Tue May  6 21:31:13 2003 :: Look out, Zoldor@AC8CA29F.ipt.aol.com has connected.
Tue May  6 21:31:17 2003 :: Loading Habbakuk.
Tue May  6 21:31:18 2003 :: Look out, Habbakuk@comm700-c1201-dhcp039.bu.edu has connected.
Tue May  6 21:31:26 2003 :: Sock.sinaddr:  66.58.231.12
Tue May  6 21:31:26 2003 :: Sock.sinaddr:  64.40.51.4
Tue May  6 21:31:32 2003 :: Loading Paladine.
Tue May  6 21:31:34 2003 :: Look out, Paladine@64-40-51-4.ncplus.net has connected.
Tue May  6 21:31:58 2003 :: Sock.sinaddr:  63.187.112.34
Tue May  6 21:31:58 2003 :: Loading Morgion.
Tue May  6 21:31:58 2003 :: Look out, Morgion@sdn-ap-012castocP0034.dialsprint.net has connected.
Tue May  6 21:32:38 2003 :: [WARNING] Paladine imms: had to restart the mud
Tue May  6 21:32:49 2003 :: Darym@12-231-58-66.gci.net new player.
Tue May  6 21:34:16 2003 :: Log Darym: delete
Tue May  6 21:34:19 2003 :: Log Darym: delete
Tue May  6 21:34:28 2003 :: Sock.sinaddr:  66.58.231.12
Tue May  6 21:34:30 2003 :: Loading Allyria.
Tue May  6 21:34:31 2003 :: Allyria. Bad Password. IP: 12-231-58-66.gci.net> 
Tue May  6 21:34:31 2003 :: Closing link to Allyria.
Tue May  6 21:34:35 2003 :: Sock.sinaddr:  66.58.231.12
Tue May  6 21:34:38 2003 :: Loading Allyria.
Tue May  6 21:34:38 2003 :: Allyria. Bad Password. IP: 12-231-58-66.gci.net> 
Tue May  6 21:34:38 2003 :: Closing link to Allyria.
Tue May  6 21:34:43 2003 :: Sock.sinaddr:  66.58.231.12
Tue May  6 21:34:46 2003 :: Loading Allyria.
Tue May  6 21:34:47 2003 :: Look out, Allyria@12-231-58-66.gci.net has connected.
Tue May  6 21:36:48 2003 :: [WARNING] Paladine imms: This MUD has countles... absolutley countless number of objects
Tue May  6 21:40:10 2003 :: Allyria gained level 4
Tue May  6 21:40:52 2003 :: Log Paladine: set char habb security 9
Tue May  6 21:40:57 2003 :: Log Paladine: set char morgion security 9
Tue May  6 21:41:32 2003 :: Sock.sinaddr:  66.25.72.138
Tue May  6 21:42:00 2003 :: Sock.sinaddr:  64.77.156.84
Tue May  6 21:42:07 2003 :: Closing link to Dekyo.
Tue May  6 21:42:11 2003 :: Sock.sinaddr:  64.77.156.84
Tue May  6 21:42:22 2003 :: Closing link to Who.
Tue May  6 21:42:28 2003 :: Sock.sinaddr:  64.77.156.84
Tue May  6 21:42:32 2003 :: Loading Dekyos.
Tue May  6 21:42:33 2003 :: Look out, Dekyos@d020.as0.mdsn.in.voyager.net has connected.
Tue May  6 21:43:26 2003 :: Loading Prodigy.
Tue May  6 21:43:27 2003 :: Look out, Prodigy@cs662572-138.satx.rr.com has connected.
Tue May  6 21:44:07 2003 :: [WARNING] Paladine imms: dont fucking crash my mud when im fixing it
Tue May  6 21:48:58 2003 :: Sock.sinaddr:  168.122.236.39
Tue May  6 21:49:02 2003 :: Loading Habbakuk.
Read_from_descriptor: Connection reset by peer
Tue May  6 21:49:02 2003 :: Closing link to Habbakuk.
Tue May  6 21:49:03 2003 :: Habbakuk@comm700-c1201-dhcp039.bu.edu reconnected.
Tue May  6 21:50:20 2003 :: Log Paladine: set char morgion security 1
Tue May  6 21:50:49 2003 :: Allyria gained level 5
Tue May  6 21:52:06 2003 :: Log Habbakuk: asave area
Tue May  6 21:52:13 2003 :: Sock.sinaddr:  213.22.145.20
Tue May  6 21:52:21 2003 :: Loading Gotrek.
Tue May  6 21:52:26 2003 :: Look out, Gotrek@a213-22-145-20.netcabo.pt has connected.
Tue May  6 21:54:12 2003 :: Log Habbakuk: asave area
Tue May  6 21:54:37 2003 :: Log Paladine: asave area
Tue May  6 21:57:26 2003 :: Log Paladine: asave area
Tue May  6 21:57:35 2003 :: Gotrek has quit.
Tue May  6 21:58:43 2003 :: Morgion has quit.
Tue May  6 22:00:05 2003 :: Log Habbakuk: asave area
Tue May  6 22:00:52 2003 :: Zoldor has quit.
Tue May  6 22:02:11 2003 :: Log Habbakuk: asave area
Tue May  6 22:06:34 2003 :: Sock.sinaddr:  172.140.162.159
Tue May  6 22:06:36 2003 :: Loading Zoldor.
Tue May  6 22:06:40 2003 :: Look out, Zoldor@AC8CA29F.ipt.aol.com has connected.
Tue May  6 22:07:52 2003 :: Log Habbakuk: asave area
Tue May  6 22:08:40 2003 :: Allyria gained level 6
Tue May  6 22:10:44 2003 :: Prodigy has quit.
Read_from_descriptor: Connection reset by peer
Tue May  6 22:15:37 2003 :: Closing link to Zoldor.
Tue May  6 22:16:10 2003 :: Log Habbakuk: asave area
Tue May  6 22:16:43 2003 :: Sock.sinaddr:  35.12.19.169
Tue May  6 22:16:47 2003 :: Loading Kaillen.
Tue May  6 22:16:50 2003 :: Look out, Kaillen@pm728-17.dialip.mich.net has connected.
Tue May  6 22:18:16 2003 :: Habbakuk has quit.
Tue May  6 22:18:51 2003 :: Log Paladine: asave area
Tue May  6 22:19:54 2003 :: Sock.sinaddr:  24.154.159.100
Tue May  6 22:19:59 2003 :: Loading Majere.
Tue May  6 22:20:02 2003 :: Look out, Majere@acs-24-154-159-100.zoominternet.net has connected.
Tue May  6 22:20:32 2003 :: Log Paladine: asave area
Tue May  6 22:20:48 2003 :: Log Paladine: pload halek
Tue May  6 22:20:48 2003 :: Loading halek.
Tue May  6 22:21:25 2003 :: Log Paladine: tele halek 3054
Tue May  6 22:21:28 2003 :: Log Paladine: tele horse 3054
Tue May  6 22:21:32 2003 :: Log Paladine: punload halek
Tue May  6 22:21:32 2003 :: Halek has quit.
Tue May  6 22:22:42 2003 :: [WARNING] Paladine replies to Kaillen: Don't worry we have started working on the mud
Tue May  6 22:22:49 2003 :: Allyria gained level 7
Tue May  6 22:28:14 2003 :: Majere has quit.
Tue May  6 22:28:49 2003 :: [WARNING] Allyria replies to Kaillen: heh, ZMud
Tue May  6 22:29:31 2003 :: Log Paladine: asave changed
Tue May  6 22:29:41 2003 :: Log Paladine: gecho Ack! copyover now.
Tue May  6 22:29:42 2003 :: Log Paladine: copy
Tue May  6 22:29:42 2003 :: ROM is ready to rock on port 6100.
Tue May  6 22:29:42 2003 :: Copyover recovery initiated
Tue May  6 22:29:42 2003 :: Loading Kaillen.
Tue May  6 22:29:42 2003 :: Loading Dekyos.
Tue May  6 22:29:42 2003 :: Loading Allyria.
Tue May  6 22:29:42 2003 :: Loading Paladine.
Tue May  6 22:29:42 2003 :: Loading Aleina.
Tue May  6 22:30:52 2003 :: Sock.sinaddr:  24.154.159.100
Tue May  6 22:31:09 2003 :: Loading Majere.
Tue May  6 22:31:10 2003 :: Look out, Majere@acs-24-154-159-100.zoominternet.net has connected.
Tue May  6 22:31:31 2003 :: Sock.sinaddr:  24.154.159.100
Tue May  6 22:31:38 2003 :: Loading Hollern.
Tue May  6 22:31:40 2003 :: Look out, Hollern@acs-24-154-159-100.zoominternet.net has connected.
Tue May  6 22:32:02 2003 :: Log Majere: tran hollern crysania
Tue May  6 22:32:03 2003 :: Log Paladine: lose kaillen
Tue May  6 22:32:03 2003 :: Sock.sinaddr:  64.40.51.4
Tue May  6 22:32:04 2003 :: Loading Rilia.
Tue May  6 22:32:04 2003 :: Look out, Rilia@64-40-51-4.ncplus.net has connected.
Tue May  6 22:33:27 2003 :: Log Paladine: tele rilia min
Tue May  6 22:37:35 2003 :: Allyria gained level 8
Tue May  6 22:44:51 2003 :: Log Paladine: snoop kaillen
Tue May  6 22:50:54 2003 :: Hollern has quit.
Tue May  6 22:51:22 2003 :: Dekyos has quit.
Tue May  6 22:51:24 2003 :: Sock.sinaddr:  64.77.156.84
Tue May  6 22:51:27 2003 :: Loading Branath.
Tue May  6 22:51:28 2003 :: Look out, Branath@d020.as0.mdsn.in.voyager.net has connected.
Tue May  6 22:51:28 2003 :: Allyria has quit.
Tue May  6 22:59:40 2003 :: Log Paladine: losereply kaillen
Tue May  6 23:00:36 2003 :: Rilia has quit.
Tue May  6 23:00:51 2003 :: Aleina has quit.
Tue May  6 23:04:14 2003 :: [WARNING] Kaillen says: First, is this not a DL Theme MUD.
Tue May  6 23:04:25 2003 :: [WARNING] Paladine says: yeah this is a dl theme mud
Tue May  6 23:04:48 2003 :: [WARNING] Kaillen says: Second, is this not a MUD where RP is (supposedly) important and enforced?
Tue May  6 23:08:34 2003 :: Log Paladine: tele kaillen
Tue May  6 23:14:14 2003 :: Log Paladine: snoop kaillen
Tue May  6 23:16:46 2003 :: Sock.sinaddr:  24.154.159.100
Tue May  6 23:16:51 2003 :: Loading Hollern.
Tue May  6 23:16:52 2003 :: Look out, Hollern@acs-24-154-159-100.zoominternet.net has connected.
Tue May  6 23:23:38 2003 :: Log Paladine: asp bran skills
Tue May  6 23:24:02 2003 :: Log Paladine: snoop bran
Tue May  6 23:24:28 2003 :: Log Paladine: snoop self
Tue May  6 23:24:30 2003 :: Log Paladine: snoop kaillen
Tue May  6 23:37:20 2003 :: Sock.sinaddr:  63.155.192.62
Tue May  6 23:38:00 2003 :: Ishboo@0-1pool192-62.nas5.columbus1.oh.us.da.qwest.net new player.
Tue May  6 23:46:25 2003 :: Log Majere: noexp branath
Tue May  6 23:47:20 2003 :: Hollern has quit.
Tue May  6 23:55:34 2003 :: Log Paladine: noi kaillen
Tue May  6 23:56:17 2003 :: Log Paladine: snoop self
Wed May  7 00:02:00 2003 :: Log Paladine: deny branath
Wed May  7 00:02:00 2003 :: Branath has quit.
Wed May  7 00:04:45 2003 :: Sock.sinaddr:  24.126.76.78
Wed May  7 00:04:50 2003 :: Loading Duskryn.
Wed May  7 00:04:51 2003 :: Look out, Duskryn@c-24-126-76-78.we.client2.attbi.com has connected.
Wed May  7 00:05:04 2003 :: Majere has quit.
Wed May  7 00:07:18 2003 :: Duskryn has quit.
Wed May  7 00:07:19 2003 :: Sock.sinaddr:  24.126.76.78
Wed May  7 00:08:20 2003 :: Log Paladine: tele kaillen horse
Wed May  7 00:08:32 2003 :: Log Paladine: tele kaillen warhorse
Wed May  7 00:08:56 2003 :: Julia@c-24-126-76-78.we.client2.attbi.com new player.
Wed May  7 00:11:32 2003 :: Log Paladine: lose kaillen
Wed May  7 00:18:21 2003 :: Sock.sinaddr:  24.126.76.78
Wed May  7 00:18:24 2003 :: Loading Duskryn.
Wed May  7 00:18:26 2003 :: Look out, Duskryn@c-24-126-76-78.we.client2.attbi.com has connected.
Wed May  7 00:18:37 2003 :: Sock.sinaddr:  64.40.51.4
Wed May  7 00:18:38 2003 :: Loading Rilia.
Wed May  7 00:18:39 2003 :: Look out, Rilia@64-40-51-4.ncplus.net has connected.
Wed May  7 00:20:16 2003 :: Log Paladine: tele rilia
Wed May  7 00:23:56 2003 :: Duskryn has quit.
Wed May  7 00:24:15 2003 :: Log Paladine: tele rilia kaillen
Wed May  7 00:28:58 2003 :: Log Paladine: lose kaillen
Wed May  7 00:32:12 2003 :: Log Paladine: lose kaillen
Wed May  7 01:00:57 2003 :: Sock.sinaddr:  172.137.203.109
Wed May  7 01:01:18 2003 :: Loading Zoldor.
Wed May  7 01:01:21 2003 :: Look out, Zoldor@AC89CB6D.ipt.aol.com has connected.
Wed May  7 01:05:00 2003 :: Log Paladine: snoop kaillen
Wed May  7 01:05:48 2003 :: Log Paladine: snoop self
Wed May  7 01:08:54 2003 :: Sock.sinaddr:  63.187.1.72
Wed May  7 01:08:54 2003 :: Loading Morgion.
Wed May  7 01:08:54 2003 :: Look out, Morgion@sdn-ap-001castocP0326.dialsprint.net has connected.
Wed May  7 01:10:03 2003 :: Sock.sinaddr:  63.187.1.72
Wed May  7 01:10:06 2003 :: Loading Sarven.
Wed May  7 01:10:09 2003 :: Look out, Sarven@sdn-ap-001castocP0326.dialsprint.net has connected.
Wed May  7 01:19:36 2003 :: Sock.sinaddr:  204.209.44.14
Wed May  7 01:19:36 2003 :: EOF encountered on read.
Wed May  7 01:19:37 2003 :: [WARNING] Zoldor tells Sarven: [ooc] I generally hate being a mage in muds anyways
Wed May  7 01:21:07 2003 :: Log Paladine: asp kaillen deaf
Wed May  7 01:22:06 2003 :: [WARNING] Zoldor says: Depends on the mud, really. Certain muds I like being a mage, others I like being a fighter dude.
Wed May  7 01:25:17 2003 :: Rilia has quit.
Wed May  7 01:28:17 2003 :: Paladine has quit.
Read_from_descriptor: Connection reset by peer
Wed May  7 01:32:13 2003 :: Closing link to Zoldor.
Wed May  7 01:34:28 2003 :: Kaillen has quit.
Wed May  7 01:48:30 2003 :: Zoldor has quit.
Wed May  7 02:02:18 2003 :: Sock.sinaddr:  64.40.51.25
Wed May  7 02:02:25 2003 :: Loading Paladine.
Wed May  7 02:02:28 2003 :: Look out, Paladine@64-40-51-25.ncplus.net has connected.
Wed May  7 02:05:37 2003 :: Log Paladine: asave area
Wed May  7 02:06:43 2003 :: Log Paladine: load obj 10976
Wed May  7 02:07:12 2003 :: Sarven has quit.
Wed May  7 02:07:43 2003 :: Log Paladine: pload rogan
Wed May  7 02:07:43 2003 :: Loading rogan.
Wed May  7 02:07:48 2003 :: Log Paladine: grab belt rog
Wed May  7 02:07:56 2003 :: Log Paladine: asp rog hold belt
Wed May  7 02:08:03 2003 :: Log Paladine: asp rog rem belt
Wed May  7 02:08:06 2003 :: [*****] BUG: Sig handler SIGSEGV
Wed May  7 02:08:06 2003 :: Saved zones:
Wed May  7 02:08:06 2003 :: None.
Wed May  7 02:08:06 2003 :: ROM is ready to rock on port 6100.
Wed May  7 02:08:06 2003 :: Copyover recovery initiated
Wed May  7 02:08:06 2003 :: Loading Paladine.
Wed May  7 02:08:06 2003 :: Loading Morgion.
Wed May  7 02:08:20 2003 :: Log Paladine: asp rog rem belt
Wed May  7 02:08:24 2003 :: Sock.sinaddr:  216.40.217.211
Wed May  7 02:08:25 2003 :: EOF encountered on read.
Wed May  7 02:08:27 2003 :: Log Paladine: asp rogan rem belt
Wed May  7 02:09:06 2003 :: Log Paladine: shutdown
Wed May  7 02:09:06 2003 :: Closing link to Morgion.
Wed May  7 02:09:06 2003 :: Closing link to Paladine.
Wed May  7 02:09:06 2003 :: Normal termination of game.
