Thu May 15 12:13:22 2003 :: ROM is ready to rock on port 6100.
Thu May 15 12:13:28 2003 :: Sock.sinaddr:  193.136.33.200
Thu May 15 12:13:35 2003 :: Sock.sinaddr:  24.247.64.176
Thu May 15 12:13:37 2003 :: Loading Hiddukel.
Thu May 15 12:13:39 2003 :: Look out, Hiddukel@24.247.64.176.up.mi.chartermi.net has connected.
Thu May 15 12:13:41 2003 :: Loading Malakyth.
Thu May 15 12:13:43 2003 :: Log Hiddukel: check
Thu May 15 12:13:44 2003 :: Look out, Malakyth@aulas-i-p2.fe.up.pt has connected.
Thu May 15 12:19:17 2003 :: Sock.sinaddr:  66.58.231.12
Thu May 15 12:19:23 2003 :: EOF encountered on read.
Thu May 15 12:19:23 2003 :: Closing link to Vyrae.
Thu May 15 12:19:29 2003 :: Sock.sinaddr:  66.58.231.12
Thu May 15 12:19:29 2003 :: Loading Allyria.
Thu May 15 12:19:30 2003 :: Look out, Allyria@12-231-58-66.gci.net has connected.
Thu May 15 12:19:40 2003 :: Sock.sinaddr:  63.187.65.75
Thu May 15 12:19:40 2003 :: Loading Morgion.
Thu May 15 12:19:40 2003 :: Look out, Morgion@sdn-ap-007castocP0329.dialsprint.net has connected.
Thu May 15 12:21:16 2003 :: Log Hiddukel: tick
Thu May 15 12:26:31 2003 :: Log Hiddukel: restore all
Thu May 15 12:32:51 2003 :: Log Morgion: snoop slly
Thu May 15 12:32:54 2003 :: Log Morgion: snoop ally
Thu May 15 12:33:36 2003 :: Log Morgion: trans ally
Thu May 15 12:33:41 2003 :: Log Morgion: snoop self
Thu May 15 12:37:07 2003 :: Sock.sinaddr:  12.158.107.119
Thu May 15 12:37:11 2003 :: Closing link to Kord.
Thu May 15 12:37:16 2003 :: Sock.sinaddr:  12.158.107.119
Thu May 15 12:37:19 2003 :: Loading Avari.
Thu May 15 12:37:20 2003 :: Look out, Avari@mper-ac023.gtcom.net has connected.
Thu May 15 12:38:29 2003 :: Avari has quit.
Thu May 15 12:40:43 2003 :: Morgion has quit.
Thu May 15 12:42:45 2003 :: Sock.sinaddr:  4.64.88.32
Thu May 15 12:42:47 2003 :: Loading Lando.
Thu May 15 12:42:48 2003 :: Look out, Lando@evrtwa1-ar5-4-64-088-032.evrtwa1.dsl-verizon.net has connected.
Thu May 15 12:42:51 2003 :: Lando has quit.
Thu May 15 12:42:55 2003 :: Sock.sinaddr:  4.64.88.32
Thu May 15 12:42:56 2003 :: Loading Hydroth.
Thu May 15 12:42:56 2003 :: Look out, Hydroth@evrtwa1-ar5-4-64-088-032.evrtwa1.dsl-verizon.net has connected.
Thu May 15 12:45:33 2003 :: Hydroth has quit.
Thu May 15 12:57:08 2003 :: Malakyth has quit.
Thu May 15 12:59:44 2003 :: Sock.sinaddr:  81.193.26.150
Thu May 15 12:59:50 2003 :: Loading Sphera.
Thu May 15 12:59:50 2003 :: Look out, Sphera@81.193.26.150 has connected.
Thu May 15 13:02:15 2003 :: Sock.sinaddr:  213.22.158.25
Thu May 15 13:02:19 2003 :: Loading Cetebelem.
Thu May 15 13:02:20 2003 :: Look out, Cetebelem@a213-22-158-25.netcabo.pt has connected.
Thu May 15 13:05:38 2003 :: Log Hiddukel: asp sphe song
Thu May 15 13:05:57 2003 :: Log Hiddukel: snoop sph
Thu May 15 13:06:03 2003 :: Log Hiddukel: restore all
Thu May 15 13:06:45 2003 :: Cetebelem has quit.
Thu May 15 13:08:43 2003 :: Log Hiddukel: snoop self
Thu May 15 13:09:40 2003 :: Log Hiddukel: load obj 5834
Thu May 15 13:15:22 2003 :: Log Hiddukel: snoop sph
Thu May 15 13:15:44 2003 :: Log Hiddukel: restore all
Thu May 15 13:16:33 2003 :: Log Hiddukel: FORCE ALLY HELP ADMIT
Thu May 15 13:16:57 2003 :: Log Hiddukel: snoop self
Thu May 15 13:26:19 2003 :: Sock.sinaddr:  213.22.158.25
Thu May 15 13:26:20 2003 :: Loading Cetebelem.
Thu May 15 13:26:20 2003 :: Look out, Cetebelem@a213-22-158-25.netcabo.pt has connected.
Thu May 15 13:28:31 2003 :: Allyria has quit.
Thu May 15 13:45:20 2003 :: Sock.sinaddr:  213.13.233.174
Thu May 15 13:45:25 2003 :: Loading Nospheratus.
Thu May 15 13:45:25 2003 :: Look out, Nospheratus@adslsapo-b3-233-174.telepac.pt has connected.
Thu May 15 13:47:46 2003 :: Cetebelem has quit.
Thu May 15 13:52:44 2003 :: Sock.sinaddr:  66.58.231.12
Thu May 15 13:52:45 2003 :: Loading Allyria.
Thu May 15 13:52:46 2003 :: Look out, Allyria@12-231-58-66.gci.net has connected.
Thu May 15 13:57:06 2003 :: Sphera has quit.
Thu May 15 14:01:24 2003 :: Nospheratus has quit.
Thu May 15 14:02:24 2003 :: Sock.sinaddr:  213.13.233.174
Thu May 15 14:02:26 2003 :: Loading Nospheratus.
Thu May 15 14:02:27 2003 :: Look out, Nospheratus@adslsapo-b3-233-174.telepac.pt has connected.
Thu May 15 14:02:51 2003 :: Nospheratus has quit.
Thu May 15 14:02:54 2003 :: Sock.sinaddr:  213.13.233.174
Thu May 15 14:02:55 2003 :: Loading Nospheratus.
Thu May 15 14:02:55 2003 :: Look out, Nospheratus@adslsapo-b3-233-174.telepac.pt has connected.
Thu May 15 14:04:55 2003 :: Sock.sinaddr:  4.64.88.32
Thu May 15 14:04:58 2003 :: Loading Hydroth.
Thu May 15 14:04:58 2003 :: Look out, Hydroth@evrtwa1-ar5-4-64-088-032.evrtwa1.dsl-verizon.net has connected.
Thu May 15 14:06:53 2003 :: Sock.sinaddr:  24.53.101.102
Thu May 15 14:06:57 2003 :: Loading Wanlorn.
Thu May 15 14:06:58 2003 :: Look out, Wanlorn@ga-canton-u1-c4b-102.atlaga.adelphia.net has connected.
Thu May 15 14:09:27 2003 :: Wanlorn has quit.
Thu May 15 14:17:27 2003 :: adslsapo-b3-233-174.telepac.pt input spamming!
Thu May 15 14:25:06 2003 :: Sock.sinaddr:  64.77.156.85
Thu May 15 14:25:08 2003 :: Loading Dekyos.
Thu May 15 14:25:09 2003 :: Look out, Dekyos@d021.as0.mdsn.in.voyager.net has connected.
Thu May 15 14:31:09 2003 :: Hydroth gained level 25
Thu May 15 14:34:03 2003 :: Allyria gained level 26
Thu May 15 14:40:01 2003 :: Sock.sinaddr:  213.13.228.148
Thu May 15 14:40:04 2003 :: Loading Sphera.
Thu May 15 14:40:04 2003 :: Look out, Sphera@adslsapo-b3-228-148.telepac.pt has connected.
Thu May 15 14:40:38 2003 :: Sock.sinaddr:  206.53.110.63
Thu May 15 14:41:10 2003 :: Norea@206.53.110.63 new player.
Thu May 15 14:41:44 2003 :: Log Norea: delete
Thu May 15 14:41:45 2003 :: Log Norea: delete
Thu May 15 14:54:34 2003 :: Dekyos has quit.
Thu May 15 14:57:16 2003 :: Sock.sinaddr:  193.136.33.200
Thu May 15 14:57:18 2003 :: Loading Cetebelem.
Thu May 15 14:57:18 2003 :: Look out, Cetebelem@aulas-i-p2.fe.up.pt has connected.
Thu May 15 14:59:12 2003 :: Hydroth gained level 26
Thu May 15 15:00:49 2003 :: Nospheratus has quit.
Thu May 15 15:00:56 2003 :: Sock.sinaddr:  213.13.233.174
Thu May 15 15:00:56 2003 :: Loading Nospheratus.
Thu May 15 15:00:57 2003 :: Look out, Nospheratus@adslsapo-b3-233-174.telepac.pt has connected.
Thu May 15 15:10:31 2003 :: Sock.sinaddr:  172.164.114.82
Thu May 15 15:11:34 2003 :: Loading Zoldor.
Thu May 15 15:11:35 2003 :: Look out, Zoldor@ACA47252.ipt.aol.com has connected.
Thu May 15 15:11:48 2003 :: [*****] BUG: Extract_obj: obj 8307 not found.
Thu May 15 15:12:47 2003 :: Zoldor has quit.
Thu May 15 15:13:07 2003 :: Sock.sinaddr:  12.107.146.44
Thu May 15 15:13:11 2003 :: Sock.sinaddr:  12.107.146.44
Thu May 15 15:13:22 2003 :: Loading Solinari.
Thu May 15 15:13:26 2003 :: Look out, Solinari@44-146-107-12-pbg-ny.dialin.westelcom.com has connected.
Thu May 15 15:13:56 2003 :: Loading Logan.
Thu May 15 15:13:59 2003 :: Look out, Logan@44-146-107-12-pbg-ny.dialin.westelcom.com has connected.
Thu May 15 15:16:48 2003 :: Sock.sinaddr:  66.190.19.55
Thu May 15 15:24:53 2003 :: Sock.sinaddr:  172.201.79.213
Thu May 15 15:24:59 2003 :: Loading Habbakuk.
Thu May 15 15:25:00 2003 :: Look out, Habbakuk@ACC94FD5.ipt.aol.com has connected.
Thu May 15 15:31:54 2003 :: Allyria gained level 27
Thu May 15 15:32:50 2003 :: Logan has quit.
Thu May 15 15:32:54 2003 :: Solinari has quit.
Thu May 15 15:33:33 2003 :: Hydroth gained level 27
Thu May 15 15:47:46 2003 :: Hiddukel has quit.
Thu May 15 15:54:33 2003 :: Allyria has quit.
Thu May 15 15:54:44 2003 :: Sock.sinaddr:  66.58.231.12
Thu May 15 15:54:45 2003 :: Loading Allyria.
Thu May 15 15:54:45 2003 :: Look out, Allyria@12-231-58-66.gci.net has connected.
Thu May 15 15:54:51 2003 :: Allyria has quit.
Thu May 15 15:56:54 2003 :: Habbakuk has quit.
Thu May 15 16:06:51 2003 :: Hydroth has quit.
Thu May 15 16:08:21 2003 :: Sock.sinaddr:  213.22.158.25
Thu May 15 16:08:25 2003 :: Loading Cetebelem.
Thu May 15 16:08:36 2003 :: Closing link to Cetebelem.
Thu May 15 16:08:43 2003 :: Loading Cetebelem.
Thu May 15 16:08:46 2003 :: Cetebelem. Bad Password. IP: a213-22-158-25.netcabo.pt> eui476
Thu May 15 16:08:46 2003 :: Closing link to Cetebelem.
Thu May 15 16:09:10 2003 :: Sock.sinaddr:  213.22.158.25
Thu May 15 16:09:11 2003 :: Loading Cetebelem.
Thu May 15 16:09:11 2003 :: Look out, Cetebelem@a213-22-158-25.netcabo.pt has connected.
Thu May 15 16:28:37 2003 :: Sock.sinaddr:  81.84.10.226
Thu May 15 16:28:57 2003 :: Loading Sievel.
Thu May 15 16:28:59 2003 :: Look out, Sievel@81.84.10.226 has connected.
Thu May 15 16:29:40 2003 :: Nospheratus has quit.
Thu May 15 16:29:42 2003 :: Sock.sinaddr:  66.58.231.12
Thu May 15 16:29:43 2003 :: Loading Allyria.
Thu May 15 16:29:43 2003 :: Look out, Allyria@12-231-58-66.gci.net has connected.
Thu May 15 16:30:13 2003 :: Sphera has quit.
Thu May 15 16:32:43 2003 :: Sock.sinaddr:  172.154.119.178
Thu May 15 16:35:01 2003 :: Loading Zoldor.
Thu May 15 16:35:02 2003 :: Look out, Zoldor@AC9A77B2.ipt.aol.com has connected.
Thu May 15 16:37:06 2003 :: Cetebelem has quit.
Thu May 15 16:39:03 2003 :: Sock.sinaddr:  81.84.10.226
Thu May 15 16:39:13 2003 :: Loading Hessar.
Thu May 15 16:39:15 2003 :: Look out, Hessar@81.84.10.226 has connected.
Thu May 15 16:39:52 2003 :: Sock.sinaddr:  81.84.81.104
Thu May 15 16:39:57 2003 :: Loading Yazeram.
Thu May 15 16:39:57 2003 :: Look out, Yazeram@81.84.81.104 has connected.
Thu May 15 16:40:07 2003 :: 81.84.10.226 input spamming!
Thu May 15 16:42:28 2003 :: Zoldor has quit.
Thu May 15 16:47:29 2003 :: Sievel has quit.
Thu May 15 16:51:36 2003 :: Sock.sinaddr:  81.84.81.104
Thu May 15 16:51:39 2003 :: Loading Robert.
Thu May 15 16:51:39 2003 :: Look out, Robert@81.84.81.104 has connected.
Thu May 15 16:53:14 2003 :: Robert has quit.
Thu May 15 16:53:14 2003 :: Hessar has quit.
Thu May 15 16:53:19 2003 :: Sock.sinaddr:  81.84.10.226
Thu May 15 16:53:23 2003 :: Loading Sievel.
Thu May 15 16:53:25 2003 :: Look out, Sievel@81.84.10.226 has connected.
Thu May 15 17:00:19 2003 :: Sock.sinaddr:  81.84.81.104
Thu May 15 17:00:22 2003 :: Loading Robert.
Thu May 15 17:00:22 2003 :: Look out, Robert@81.84.81.104 has connected.
Thu May 15 17:01:11 2003 :: Robert has quit.
Thu May 15 17:06:10 2003 :: Sock.sinaddr:  81.84.10.226
Thu May 15 17:06:18 2003 :: Loading Hessar.
Thu May 15 17:06:19 2003 :: Look out, Hessar@81.84.10.226 has connected.
Thu May 15 17:07:06 2003 :: Yazeram gained level 36
Thu May 15 17:07:23 2003 :: Sock.sinaddr:  81.84.81.104
Thu May 15 17:07:25 2003 :: Loading Robert.
Thu May 15 17:07:26 2003 :: Look out, Robert@81.84.81.104 has connected.
Thu May 15 17:07:59 2003 :: Robert has quit.
Thu May 15 17:11:04 2003 :: Allyria has quit.
Thu May 15 17:32:36 2003 :: Sock.sinaddr:  81.84.81.104
Thu May 15 17:32:38 2003 :: Loading Robert.
Thu May 15 17:32:38 2003 :: Look out, Robert@81.84.81.104 has connected.
Thu May 15 17:33:16 2003 :: Sock.sinaddr:  213.22.145.20
Thu May 15 17:33:21 2003 :: Loading Gotrek.
Thu May 15 17:33:25 2003 :: [*****] BUG: Sig handler SIGSEGV
Thu May 15 17:33:25 2003 :: Saved zones:
Thu May 15 17:33:25 2003 ::                  Newport - 'newport.are'
Thu May 15 17:33:25 2003 :: Closing link to Gotrek.
Thu May 15 17:33:25 2003 :: ROM is ready to rock on port 6100.
Thu May 15 17:33:25 2003 :: Copyover recovery initiated
Thu May 15 17:33:25 2003 :: Loading Robert.
Thu May 15 17:33:25 2003 :: Loading Hessar.
Thu May 15 17:33:25 2003 :: Loading Sievel.
Thu May 15 17:33:25 2003 :: Loading Yazeram.
Thu May 15 17:33:28 2003 :: Sock.sinaddr:  213.22.145.20
Thu May 15 17:33:33 2003 :: Hessar has quit.
Thu May 15 17:33:36 2003 :: Yazeram has quit.
Thu May 15 17:33:40 2003 :: Loading Gotrek.
Thu May 15 17:33:43 2003 :: Look out, Gotrek@a213-22-145-20.netcabo.pt has connected.
Thu May 15 17:39:45 2003 :: Sock.sinaddr:  66.141.144.91
Thu May 15 17:39:56 2003 :: EOF encountered on read.
Thu May 15 17:40:47 2003 :: Sock.sinaddr:  81.84.10.226
Thu May 15 17:40:50 2003 :: Loading Hessar.
Thu May 15 17:40:52 2003 :: Look out, Hessar@81.84.10.226 has connected.
Thu May 15 17:42:27 2003 :: Sock.sinaddr:  66.141.144.91
Thu May 15 17:42:40 2003 :: Loading Lyssa.
Thu May 15 17:42:43 2003 :: Look out, Lyssa@adsl-66-141-144-91.dsl.hstntx.swbell.net has connected.
Thu May 15 17:50:02 2003 :: Sock.sinaddr:  65.67.135.23
Thu May 15 17:50:07 2003 :: Loading Eleri.
Thu May 15 17:50:08 2003 :: Look out, Eleri@adsl-65-67-135-23.dsl.hstntx.swbell.net has connected.
Thu May 15 17:57:16 2003 :: Sievel has quit.
Thu May 15 18:00:07 2003 :: Sock.sinaddr:  81.84.10.226
Thu May 15 18:00:11 2003 :: Loading Hessar.
Thu May 15 18:03:28 2003 :: Robert has quit.
Thu May 15 18:03:40 2003 :: Lyssa gained level 3
Thu May 15 18:04:08 2003 :: EOF encountered on read.
Thu May 15 18:04:08 2003 :: Closing link to Hessar.
Thu May 15 18:04:09 2003 :: Sock.sinaddr:  81.84.10.226
Thu May 15 18:04:14 2003 :: Loading Sievel.
Thu May 15 18:04:16 2003 :: Look out, Sievel@81.84.10.226 has connected.
Thu May 15 18:05:14 2003 :: Sievel has quit.
Thu May 15 18:06:42 2003 :: Hessar has quit.
Thu May 15 18:12:35 2003 :: Sock.sinaddr:  66.58.231.12
Thu May 15 18:12:36 2003 :: Loading Allyria.
Thu May 15 18:12:36 2003 :: Look out, Allyria@12-231-58-66.gci.net has connected.
Thu May 15 18:14:21 2003 :: adsl-65-67-135-23.dsl.hstntx.swbell.net input spamming!
Thu May 15 18:26:21 2003 :: Gotrek gained level 20
Thu May 15 18:30:01 2003 :: Eleri has quit.
Thu May 15 18:30:03 2003 :: Allyria has quit.
Thu May 15 18:40:58 2003 :: [*****] BUG: Extract_obj: obj 3288 not found.
Thu May 15 18:40:58 2003 :: [*****] BUG: Extract_obj: obj 3288 not found.
Thu May 15 18:40:58 2003 :: [*****] BUG: Extract_obj: obj 3288 not found.
Thu May 15 18:40:58 2003 :: [*****] BUG: Extract_obj: obj 3288 not found.
Thu May 15 18:40:58 2003 :: [*****] BUG: Extract_obj: obj 3288 not found.
Thu May 15 18:40:58 2003 :: [*****] BUG: Extract_obj: obj 3288 not found.
Thu May 15 18:40:58 2003 :: [*****] BUG: Extract_obj: obj 3082 not found.
Thu May 15 18:40:58 2003 :: [*****] BUG: Extract_obj: obj 3082 not found.
Thu May 15 18:40:58 2003 :: [*****] BUG: Extract_obj: obj 3082 not found.
Thu May 15 18:40:58 2003 :: [*****] BUG: Extract_obj: obj 3082 not found.
Thu May 15 18:40:58 2003 :: [*****] BUG: Extract_obj: obj 3082 not found.
Thu May 15 18:40:58 2003 :: [*****] BUG: Extract_obj: obj 3082 not found.
Thu May 15 18:40:58 2003 :: [*****] BUG: Extract_obj: obj 3082 not found.
Thu May 15 18:40:58 2003 :: [*****] BUG: Extract_obj: obj 3082 not found.
Thu May 15 18:40:58 2003 :: [*****] BUG: Extract_obj: obj 3082 not found.
Thu May 15 18:40:58 2003 :: [*****] BUG: Extract_obj: obj 3082 not found.
Thu May 15 18:40:58 2003 :: [*****] BUG: Extract_obj: obj 3288 not found.
Thu May 15 18:40:58 2003 :: [*****] BUG: Extract_obj: obj 3288 not found.
Thu May 15 18:40:58 2003 :: [*****] BUG: Extract_obj: obj 3288 not found.
Thu May 15 18:40:58 2003 :: [*****] BUG: Extract_obj: obj 3288 not found.
Thu May 15 18:40:58 2003 :: [*****] BUG: Extract_obj: obj 3288 not found.
Thu May 15 18:40:58 2003 :: Gotrek killed by Crysania at 3005
Thu May 15 18:56:59 2003 :: Sock.sinaddr:  66.90.174.18
Thu May 15 18:57:02 2003 :: Loading Rogan.
Thu May 15 18:57:04 2003 :: Look out, Rogan@66-90-174-18.grandecom.net has connected.
Thu May 15 19:02:31 2003 :: Sock.sinaddr:  65.67.135.23
Thu May 15 19:02:34 2003 :: Loading Eleri.
Thu May 15 19:02:35 2003 :: Look out, Eleri@adsl-65-67-135-23.dsl.hstntx.swbell.net has connected.
Thu May 15 19:08:47 2003 :: Eleri has quit.
Thu May 15 19:10:01 2003 :: Lyssa has quit.
Thu May 15 19:11:49 2003 :: Sock.sinaddr:  66.58.231.12
Thu May 15 19:11:51 2003 :: Loading Allyria.
Thu May 15 19:11:51 2003 :: Look out, Allyria@12-231-58-66.gci.net has connected.
Thu May 15 19:12:20 2003 :: Sock.sinaddr:  66.141.144.91
Thu May 15 19:12:29 2003 :: Loading Lyssa.
Thu May 15 19:12:31 2003 :: Look out, Lyssa@adsl-66-141-144-91.dsl.hstntx.swbell.net has connected.
Thu May 15 19:15:21 2003 :: Sock.sinaddr:  12.158.107.119
Thu May 15 19:15:23 2003 :: Loading Cypress.
Thu May 15 19:15:24 2003 :: Look out, Cypress@mper-ac023.gtcom.net has connected.
Thu May 15 19:15:30 2003 :: Cypress has quit.
Thu May 15 19:21:31 2003 :: [WARNING] Rogan tells Gotrek: *ooc* She's completely new to mudding, so don't give her too hard a time alright?
Thu May 15 19:21:49 2003 :: Sock.sinaddr:  24.247.64.176
Thu May 15 19:21:51 2003 :: Loading Hiddukel.
Thu May 15 19:21:53 2003 :: Look out, Hiddukel@24.247.64.176.up.mi.chartermi.net has connected.
Thu May 15 19:21:58 2003 :: Log Hiddukel: restore all
Thu May 15 19:21:59 2003 :: Log Hiddukel: check
Thu May 15 19:22:39 2003 :: [WARNING] Rogan tells Gotrek: *ooc* okie dokie, just letting you know what level she is on mudding wise.
Thu May 15 19:25:47 2003 :: Log Hiddukel: asp got eq
Thu May 15 19:33:40 2003 :: Sock.sinaddr:  65.67.135.23
Thu May 15 19:33:43 2003 :: Loading Eleri.
Thu May 15 19:33:44 2003 :: Look out, Eleri@adsl-65-67-135-23.dsl.hstntx.swbell.net has connected.
Thu May 15 19:33:53 2003 :: Log Hiddukel: snoop got
Thu May 15 19:34:09 2003 :: Log Hiddukel: tick
Thu May 15 19:34:12 2003 :: Log Hiddukel: snoop self
Thu May 15 19:34:25 2003 :: [WARNING] Rogan says: I refered this one to the website....and she liked it, so she decided to give the mud a try.
Thu May 15 19:35:14 2003 :: [WARNING] Hiddukel says: Sometimes I think I've added toooo many things to this MUD... it's making it much harder to track down BUGS
Thu May 15 19:35:47 2003 :: [WARNING] Hiddukel says: Especially ones that don't log.. and when I run the DEBUGGER... the MUD seems to wanna go stable all the time for some reason
Thu May 15 19:37:02 2003 :: Sock.sinaddr:  172.168.237.101
Thu May 15 19:38:40 2003 :: Log Hiddukel: echo Thu May 15 18:40:58 2003 :: [*****] BUG: Extract_obj: obj 3288 not found.
Thu May 15 19:38:40 2003 :: Log Hiddukel: echo Thu May 15 18:40:58 2003 :: [*****] BUG: Extract_obj: obj 3288 not found.
Thu May 15 19:38:40 2003 :: Log Hiddukel: echo Thu May 15 18:40:58 2003 :: [*****] BUG: Extract_obj: obj 3288 not found.
Thu May 15 19:38:40 2003 :: Log Hiddukel: echo Thu May 15 18:40:58 2003 :: [*****] BUG: Extract_obj: obj 3288 not found.
Thu May 15 19:38:41 2003 :: Log Hiddukel: echo Thu May 15 18:40:58 2003 :: [*****] BUG: Extract_obj: obj 3288 not found.
Thu May 15 19:38:41 2003 :: Log Hiddukel: echo Thu May 15 18:40:58 2003 :: [*****] BUG: Extract_obj: obj 3288 not found.
Thu May 15 19:38:41 2003 :: Log Hiddukel: echo Thu May 15 18:40:58 2003 :: [*****] BUG: Extract_obj: obj 3082 not found.
Thu May 15 19:38:41 2003 :: Log Hiddukel: echo Thu May 15 18:40:58 2003 :: [*****] BUG: Extract_obj: obj 3082 not found.
Thu May 15 19:38:42 2003 :: Log Hiddukel: echo Thu May 15 18:40:58 2003 :: [*****] BUG: Extract_obj: obj 3082 not found.
Thu May 15 19:38:42 2003 :: Log Hiddukel: echo Thu May 15 18:40:58 2003 :: [*****] BUG: Extract_obj: obj 3082 not found.
Thu May 15 19:38:42 2003 :: Log Hiddukel: echo Thu May 15 18:40:58 2003 :: [*****] BUG: Extract_obj: obj 3082 not found.
Thu May 15 19:38:42 2003 :: Log Hiddukel: echo Thu May 15 18:40:58 2003 :: [*****] BUG: Extract_obj: obj 3082 not found.
Thu May 15 19:38:43 2003 :: Log Hiddukel: echo Thu May 15 18:40:58 2003 :: [*****] BUG: Extract_obj: obj 3082 not found.
Thu May 15 19:38:43 2003 :: Log Hiddukel: echo Thu May 15 18:40:58 2003 :: [*****] BUG: Extract_obj: obj 3082 not found.
Thu May 15 19:38:43 2003 :: Log Hiddukel: echo Thu May 15 18:40:58 2003 :: [*****] BUG: Extract_obj: obj 3082 not found.
Thu May 15 19:38:43 2003 :: Log Hiddukel: echo Thu May 15 18:40:58 2003 :: [*****] BUG: Extract_obj: obj 3082 not found.
Thu May 15 19:38:44 2003 :: Log Hiddukel: echo Thu May 15 18:40:58 2003 :: [*****] BUG: Extract_obj: obj 3288 not found.
Thu May 15 19:38:44 2003 :: Log Hiddukel: echo Thu May 15 18:40:58 2003 :: [*****] BUG: Extract_obj: obj 3288 not found.
Thu May 15 19:38:44 2003 :: Log Hiddukel: echo Thu May 15 18:40:58 2003 :: [*****] BUG: Extract_obj: obj 3288 not found.
Thu May 15 19:38:44 2003 :: Log Hiddukel: echo Thu May 15 18:40:58 2003 :: [*****] BUG: Extract_obj: obj 3288 not found.
Thu May 15 19:38:45 2003 :: Log Hiddukel: echo Thu May 15 18:40:58 2003 :: [*****] BUG: Extract_obj: obj 3288 not found.
Thu May 15 19:38:45 2003 :: Log Hiddukel: echo Thu May 15 18:40:58 2003 :: Gotrek killed by Crysania at 3005
Thu May 15 19:41:13 2003 :: Log Hiddukel: murder got
Thu May 15 19:41:19 2003 :: [*****] BUG: Extract_obj: obj 3288 not found.
Thu May 15 19:41:19 2003 :: [*****] BUG: Extract_obj: obj 3288 not found.
Thu May 15 19:41:19 2003 :: [*****] BUG: Extract_obj: obj 3288 not found.
Thu May 15 19:41:19 2003 :: [*****] BUG: Extract_obj: obj 3288 not found.
Thu May 15 19:41:19 2003 :: [*****] BUG: Extract_obj: obj 3288 not found.
Thu May 15 19:41:19 2003 :: [*****] BUG: Extract_obj: obj 3288 not found.
Thu May 15 19:41:19 2003 :: [*****] BUG: Extract_obj: obj 3288 not found.
Thu May 15 19:41:19 2003 :: [*****] BUG: Extract_obj: obj 3288 not found.
Thu May 15 19:41:19 2003 :: [*****] BUG: Extract_obj: obj 3288 not found.
Thu May 15 19:41:19 2003 :: [*****] BUG: Extract_obj: obj 3082 not found.
Thu May 15 19:41:19 2003 :: [*****] BUG: Extract_obj: obj 3082 not found.
Thu May 15 19:41:19 2003 :: [*****] BUG: Extract_obj: obj 3082 not found.
Thu May 15 19:41:19 2003 :: [*****] BUG: Extract_obj: obj 3082 not found.
Thu May 15 19:41:19 2003 :: [*****] BUG: Extract_obj: obj 3082 not found.
Thu May 15 19:41:19 2003 :: [*****] BUG: Extract_obj: obj 3082 not found.
Thu May 15 19:41:19 2003 :: [*****] BUG: Extract_obj: obj 3082 not found.
Thu May 15 19:41:19 2003 :: [*****] BUG: Extract_obj: obj 3082 not found.
Thu May 15 19:41:19 2003 :: [*****] BUG: Extract_obj: obj 3082 not found.
Thu May 15 19:41:19 2003 :: Gotrek killed by Hiddukel at 3054
Thu May 15 19:41:43 2003 :: Log Hiddukel: restore got
Thu May 15 19:42:22 2003 :: [WARNING] Rogan says: It's always interesting when the immortals kill you for the betterent of the mud.
Thu May 15 19:42:24 2003 :: Log Hiddukel: apurge got
Thu May 15 19:45:43 2003 :: Log Hiddukel: load obj 3288
Thu May 15 19:45:46 2003 :: Log Hiddukel: clone vial
Thu May 15 19:45:47 2003 :: Log Hiddukel: clone vial
Thu May 15 19:45:47 2003 :: Log Hiddukel: clone vial
Thu May 15 19:45:47 2003 :: Log Hiddukel: clone vial
Thu May 15 19:45:48 2003 :: Log Hiddukel: clone vial
Thu May 15 19:45:48 2003 :: Log Hiddukel: clone vial
Thu May 15 19:45:48 2003 :: Log Hiddukel: clone vial
Thu May 15 19:45:48 2003 :: Log Hiddukel: clone vial
Thu May 15 19:45:49 2003 :: Log Hiddukel: clone vial
Thu May 15 19:45:49 2003 :: Log Hiddukel: clone vial
Thu May 15 19:46:17 2003 :: Log Hiddukel: load obj 3082
Thu May 15 19:46:21 2003 :: Log Hiddukel: clone potion
Thu May 15 19:46:21 2003 :: Log Hiddukel: clone potion
Thu May 15 19:46:22 2003 :: Log Hiddukel: clone potion
Thu May 15 19:46:22 2003 :: Log Hiddukel: clone potion
Thu May 15 19:46:22 2003 :: Log Hiddukel: clone potion
Thu May 15 19:46:22 2003 :: Log Hiddukel: clone potion
Thu May 15 19:46:23 2003 :: Log Hiddukel: clone potion
Thu May 15 19:46:23 2003 :: Log Hiddukel: clone potion
Thu May 15 19:46:32 2003 :: Log Hiddukel: clone vial
Thu May 15 19:46:41 2003 :: Log Hiddukel: asave changed
Thu May 15 19:46:42 2003 :: Log Hiddukel: copyover
Thu May 15 19:46:42 2003 :: ROM is ready to rock on port 6100.
Thu May 15 19:46:42 2003 :: Copyover recovery initiated
Thu May 15 19:46:42 2003 :: Loading Eleri.
Thu May 15 19:46:42 2003 :: Loading Hiddukel.
Thu May 15 19:46:42 2003 :: Loading Lyssa.
Thu May 15 19:46:42 2003 :: Loading Allyria.
Thu May 15 19:46:42 2003 :: Loading Rogan.
Thu May 15 19:46:42 2003 :: Loading Gotrek.
Thu May 15 19:47:20 2003 :: Gotrek killed by Hiddukel at 3054
Thu May 15 19:47:37 2003 :: Log Hiddukel: slay got
Thu May 15 19:47:47 2003 :: Log Hiddukel: restore all
Thu May 15 19:49:26 2003 :: Log Hiddukel: murder got
Thu May 15 19:49:29 2003 :: Log Hiddukel: apurge got
Thu May 15 19:49:31 2003 :: Log Hiddukel: murder got
Thu May 15 19:49:35 2003 :: Gotrek killed by Hiddukel at 3054
Thu May 15 19:49:51 2003 :: Log Hiddukel: restore got
Thu May 15 19:50:47 2003 :: Log Hiddukel: load obj 3724
Thu May 15 19:50:47 2003 :: Log Hiddukel: load obj 3724
Thu May 15 19:51:30 2003 :: Log Hiddukel: set char hiddukel class ranger
Thu May 15 19:52:41 2003 :: Log Hiddukel: restore all
Thu May 15 19:55:00 2003 :: Log Hiddukel: restore all
Thu May 15 19:56:28 2003 :: Log Hiddukel: asp lys af
Thu May 15 19:56:31 2003 :: Rogan has quit.
Thu May 15 20:01:49 2003 :: Lyssa gained level 4
Thu May 15 20:02:03 2003 :: Sock.sinaddr:  24.53.101.102
Thu May 15 20:02:07 2003 :: Loading Wanlorn.
Thu May 15 20:02:09 2003 :: Look out, Wanlorn@ga-canton-u1-c4b-102.atlaga.adelphia.net has connected.
Thu May 15 20:05:56 2003 :: Lyssa gained level 5
Thu May 15 20:07:57 2003 :: Wanlorn has quit.
Thu May 15 20:10:50 2003 :: Allyria has quit.
Thu May 15 20:20:27 2003 :: Eleri killed by a judge at 17898
Thu May 15 20:21:54 2003 :: Eleri has quit.
Thu May 15 20:30:21 2003 :: Sock.sinaddr:  66.58.231.12
Thu May 15 20:30:22 2003 :: Loading Allyria.
Thu May 15 20:30:22 2003 :: Look out, Allyria@12-231-58-66.gci.net has connected.
Thu May 15 20:30:46 2003 :: Allyria has quit.
Thu May 15 20:33:24 2003 :: Sock.sinaddr:  172.160.90.17
Thu May 15 20:37:33 2003 :: Loading Zoldor.
Thu May 15 20:37:35 2003 :: Look out, Zoldor@ACA05A11.ipt.aol.com has connected.
Thu May 15 20:43:27 2003 :: Log Hiddukel: restore all
Thu May 15 20:43:44 2003 :: Log Hiddukel: snoop lyss
Thu May 15 20:45:33 2003 :: Log Hiddukel: set char lyss steel 5000
Thu May 15 20:46:24 2003 :: Log Hiddukel: snoop self
Thu May 15 21:00:22 2003 :: Log Hiddukel: snoop lyss
Thu May 15 21:00:54 2003 :: Log Hiddukel: snoop self
Thu May 15 21:01:55 2003 :: Hiddukel has quit.
Read_from_descriptor: Connection reset by peer
Thu May 15 21:07:00 2003 :: Closing link to Zoldor.
Thu May 15 21:16:32 2003 :: Sock.sinaddr:  66.58.231.12
Thu May 15 21:16:33 2003 :: Loading Allyria.
Thu May 15 21:16:34 2003 :: Look out, Allyria@12-231-58-66.gci.net has connected.
Thu May 15 21:18:49 2003 :: Lyssa has quit.
Thu May 15 21:22:45 2003 :: Zoldor has quit.
Thu May 15 21:22:45 2003 :: [*****] BUG: update_char: Trying to work with an invalidated character.

Thu May 15 21:23:38 2003 :: Allyria has quit.
Thu May 15 21:27:38 2003 :: Sock.sinaddr:  64.77.156.74
Thu May 15 21:27:40 2003 :: Loading Dekyos.
Thu May 15 21:27:41 2003 :: Look out, Dekyos@d010.as0.mdsn.in.voyager.net has connected.
Thu May 15 21:27:50 2003 :: Dekyos has quit.
Thu May 15 21:27:53 2003 :: Sock.sinaddr:  64.77.156.74
Thu May 15 21:27:55 2003 :: Loading Gyom.
Thu May 15 21:27:56 2003 :: Look out, Gyom@d010.as0.mdsn.in.voyager.net has connected.
Thu May 15 21:35:17 2003 :: Sock.sinaddr:  66.58.231.12
Thu May 15 21:35:19 2003 :: Loading Allyria.
Thu May 15 21:35:19 2003 :: Look out, Allyria@12-231-58-66.gci.net has connected.
Thu May 15 21:50:50 2003 :: [WARNING] Gyom tells Allyria: I started playin this mud back in like august 2001, or somethin like that
Thu May 15 21:51:15 2003 :: Sock.sinaddr:  4.64.88.32
Thu May 15 21:51:16 2003 :: Loading Hydroth.
Thu May 15 21:51:16 2003 :: Look out, Hydroth@evrtwa1-ar5-4-64-088-032.evrtwa1.dsl-verizon.net has connected.
Thu May 15 21:53:27 2003 :: Gotrek gained level 21
Thu May 15 21:55:25 2003 :: Sock.sinaddr:  172.141.50.19
Thu May 15 21:57:45 2003 :: Loading Zoldor.
Thu May 15 21:57:46 2003 :: Look out, Zoldor@AC8D3213.ipt.aol.com has connected.
Thu May 15 22:03:24 2003 :: Hydroth gained level 28
Thu May 15 22:04:38 2003 :: Sock.sinaddr:  62.135.35.37
Thu May 15 22:04:41 2003 :: Loading Ghared.
Thu May 15 22:04:42 2003 :: Look out, Ghared@host-62-135-35-37.link.net has connected.
Thu May 15 22:04:43 2003 :: Ghared gets skill staff
Thu May 15 22:17:57 2003 :: Zoldor killed by An Elite Trooper at 713
Thu May 15 22:18:21 2003 :: Allyria gained level 28
Thu May 15 22:25:00 2003 :: Gyom gained level 8
Thu May 15 22:26:40 2003 :: Gyom has quit.
Thu May 15 22:26:44 2003 :: Sock.sinaddr:  64.77.156.74
Thu May 15 22:26:46 2003 :: Loading Dekyos.
Thu May 15 22:26:47 2003 :: Look out, Dekyos@d010.as0.mdsn.in.voyager.net has connected.
Thu May 15 22:29:22 2003 :: Sock.sinaddr:  64.77.156.76
Thu May 15 22:29:26 2003 :: Loading Dekyos.
Thu May 15 22:29:29 2003 :: Closing link to Dekyos.
Thu May 15 22:29:29 2003 :: Dekyos@d012.as0.mdsn.in.voyager.net reconnected.
Thu May 15 22:31:51 2003 :: Ghared gained level 16
Thu May 15 22:32:55 2003 :: Allyria has quit.
Thu May 15 22:34:46 2003 :: Dekyos has quit.
Thu May 15 22:35:37 2003 :: Hydroth has quit.
Thu May 15 22:47:56 2003 :: Sock.sinaddr:  64.40.55.140
Thu May 15 22:48:01 2003 :: Loading Paladine.
Thu May 15 22:48:04 2003 :: Look out, Paladine@64-40-55-140.ncplus.net has connected.
Thu May 15 22:48:21 2003 :: Log Paladine: lastoni
Thu May 15 22:49:34 2003 :: Sock.sinaddr:  64.40.55.140
Thu May 15 22:49:35 2003 :: Loading Kougyoku.
Thu May 15 22:49:39 2003 :: Look out, Kougyoku@64-40-55-140.ncplus.net has connected.
Thu May 15 22:53:07 2003 :: Sock.sinaddr:  64.77.156.76
Thu May 15 22:53:10 2003 :: Loading Dekyos.
Thu May 15 22:53:11 2003 :: Look out, Dekyos@d012.as0.mdsn.in.voyager.net has connected.
Thu May 15 22:55:24 2003 :: Dekyos has quit.
Thu May 15 22:57:07 2003 :: Sock.sinaddr:  66.58.231.12
Thu May 15 22:57:08 2003 :: Loading Allyria.
Thu May 15 22:57:08 2003 :: Look out, Allyria@12-231-58-66.gci.net has connected.
Thu May 15 22:57:30 2003 :: Log Paladine: snoop al
Thu May 15 22:58:37 2003 :: Log Paladine: set skill self all 100
Thu May 15 23:00:53 2003 :: Log Paladine: snoop self
Thu May 15 23:01:03 2003 :: Sock.sinaddr:  63.187.49.50
Thu May 15 23:01:03 2003 :: Loading Morgion.
Thu May 15 23:01:04 2003 :: Look out, Morgion@sdn-ap-006castocP0304.dialsprint.net has connected.
Thu May 15 23:01:23 2003 :: Sock.sinaddr:  63.187.49.50
Thu May 15 23:01:25 2003 :: Loading Sarven.
Thu May 15 23:01:27 2003 :: Look out, Sarven@sdn-ap-006castocP0304.dialsprint.net has connected.
Thu May 15 23:05:31 2003 :: Zoldor killed by a skull cardinal at 788
Thu May 15 23:08:11 2003 :: Sock.sinaddr:  63.187.1.75
Thu May 15 23:08:11 2003 :: Loading Morgion.
Thu May 15 23:08:16 2003 :: Sock.sinaddr:  63.187.1.75
Thu May 15 23:08:18 2003 :: Closing link to Morgion.
Thu May 15 23:08:18 2003 :: Morgion@sdn-ap-001castocP0329.dialsprint.net reconnected.
Thu May 15 23:08:21 2003 :: Loading Sarven.
Thu May 15 23:08:25 2003 :: Closing link to Sarven.
Thu May 15 23:08:25 2003 :: Sarven@sdn-ap-001castocP0329.dialsprint.net reconnected.
Thu May 15 23:18:08 2003 :: Log Paladine: reward gotrek 1000
Thu May 15 23:20:02 2003 :: Zoldor has quit.
Thu May 15 23:21:55 2003 :: Gotrek gained level 22
Thu May 15 23:25:06 2003 :: Log Paladine: snoop sarven
Thu May 15 23:26:13 2003 :: Log Paladine: snoop al
Thu May 15 23:27:37 2003 :: Ghared gained level 17
Thu May 15 23:29:58 2003 :: Sock.sinaddr:  24.247.64.176
Thu May 15 23:30:01 2003 :: Loading Hiddukel.
Thu May 15 23:30:02 2003 :: Look out, Hiddukel@24.247.64.176.up.mi.chartermi.net has connected.
Thu May 15 23:30:06 2003 :: Log Hiddukel: check
Thu May 15 23:31:30 2003 :: Log Hiddukel: gecho You look at me... but you don't see... understand.... I'm a Sinner...... Don't corner me.. don't lecture me.... raise your hands... your a sinner!!!!
Thu May 15 23:32:40 2003 :: Log Hiddukel: gecho Evil courses through your body... your left eye turns permenatly black... shadows cloak around your arm, twisting it into a long python.
Thu May 15 23:34:47 2003 :: Log Paladine: snoop self
Thu May 15 23:34:51 2003 :: Sock.sinaddr:  63.187.1.245
Thu May 15 23:34:52 2003 :: Loading Morgion.
Thu May 15 23:34:54 2003 :: Closing link to Morgion.
Thu May 15 23:34:54 2003 :: Morgion@sdn-ap-001castocP0499.dialsprint.net reconnected.
Thu May 15 23:35:12 2003 :: Sock.sinaddr:  63.187.1.245
Thu May 15 23:35:15 2003 :: Loading Sarven.
Thu May 15 23:35:18 2003 :: Closing link to Sarven.
Thu May 15 23:35:18 2003 :: Sarven@sdn-ap-001castocP0499.dialsprint.net reconnected.
Thu May 15 23:36:27 2003 :: Log Hiddukel: check
Thu May 15 23:37:02 2003 :: Log Paladine: pecho gotrek Yes.
Thu May 15 23:38:18 2003 :: Log Hiddukel: empower morgion 108
Thu May 15 23:39:06 2003 :: Log Paladine: laston kirith
Read_from_descriptor: No route to host
Thu May 15 23:59:43 2003 :: Closing link to Sarven.
Fri May 16 00:04:22 2003 :: Ghared gained level 18
Fri May 16 00:04:43 2003 :: Sock.sinaddr:  193.136.33.200
Fri May 16 00:04:49 2003 :: Loading Durak.
Fri May 16 00:04:53 2003 :: Look out, Durak@aulas-i-p2.fe.up.pt has connected.
Fri May 16 00:07:37 2003 :: Ghared has quit.
Fri May 16 00:11:33 2003 :: Log Paladine: restore got
Fri May 16 00:15:21 2003 :: Log Paladine: snoop durak
Fri May 16 00:15:54 2003 :: Log Paladine: snoop self
Read_from_descriptor: No route to host
Fri May 16 00:18:57 2003 :: Closing link to Morgion.
Fri May 16 00:21:55 2003 :: Log Paladine: punload morgion
Fri May 16 00:21:55 2003 :: Morgion has quit.
Fri May 16 00:23:39 2003 :: Sock.sinaddr:  193.136.33.200
Fri May 16 00:23:40 2003 :: Loading Gimli.
Fri May 16 00:23:40 2003 :: Look out, Gimli@aulas-i-p2.fe.up.pt has connected.
Fri May 16 00:24:14 2003 :: Sock.sinaddr:  172.141.50.19
Fri May 16 00:24:16 2003 :: Loading Zoldor.
Fri May 16 00:24:16 2003 :: Zoldor. Bad Password. IP: AC8D3213.ipt.aol.com> zoldor
Fri May 16 00:24:16 2003 :: Closing link to Zoldor.
Fri May 16 00:24:18 2003 :: Sock.sinaddr:  172.141.50.19
Fri May 16 00:24:22 2003 :: Loading Zoldor.
Fri May 16 00:24:24 2003 :: Look out, Zoldor@AC8D3213.ipt.aol.com has connected.
Fri May 16 00:28:30 2003 :: Log Paladine: pecho durak I don't think Hiddukel is available OOC at the moment
Fri May 16 00:34:26 2003 :: Gotrek has quit.
Fri May 16 00:34:31 2003 :: Sock.sinaddr:  213.22.145.20
Fri May 16 00:34:38 2003 :: Loading Gotrek.
Fri May 16 00:34:40 2003 :: Look out, Gotrek@a213-22-145-20.netcabo.pt has connected.
Fri May 16 00:35:26 2003 :: Log Paladine: check
Fri May 16 00:35:30 2003 :: Log Paladine: punload sarven
Fri May 16 00:35:30 2003 :: Sarven has quit.
Read_from_descriptor: Connection reset by peer
Fri May 16 00:37:13 2003 :: Closing link to Zoldor.
Fri May 16 00:44:28 2003 :: Log Paladine: snoop al
Fri May 16 00:44:44 2003 :: Log Paladine: snoop self
Fri May 16 00:47:07 2003 :: Log Paladine: snoo dur
Fri May 16 00:47:24 2003 :: Sock.sinaddr:  193.136.33.200
Fri May 16 00:47:56 2003 :: Gotrek has quit.
Fri May 16 00:48:47 2003 :: Draknov@aulas-i-p2.fe.up.pt new player.
Fri May 16 00:50:26 2003 :: Log Paladine: snoop self
Fri May 16 00:52:28 2003 :: Log Paladine: load obj 5768
Fri May 16 00:53:03 2003 :: Log Paladine: string obj sym short a heart shaped pendant
Fri May 16 00:53:13 2003 :: Log Paladine: string obj sym name heart shaped pendant
Fri May 16 00:53:36 2003 :: Zoldor has quit.
Fri May 16 00:53:50 2003 :: Log Paladine: string obj pendant long Here lies a heart shaped pendant, a symbol of Allyria's love.
Fri May 16 00:57:42 2003 :: Draknov gained level 2
Fri May 16 00:59:00 2003 :: Gimli has quit.
Fri May 16 01:02:03 2003 :: Sock.sinaddr:  193.136.33.200
Fri May 16 01:02:07 2003 :: Loading Mithras.
Fri May 16 01:02:09 2003 :: Look out, Mithras@aulas-i-p2.fe.up.pt has connected.
Fri May 16 01:07:34 2003 :: Draknov gained level 3
Fri May 16 01:08:43 2003 :: Log Paladine: snoop al
Fri May 16 01:08:58 2003 :: Sock.sinaddr:  193.136.33.200
Fri May 16 01:09:00 2003 :: Loading Gimli.
Fri May 16 01:09:00 2003 :: Look out, Gimli@aulas-i-p2.fe.up.pt has connected.
Fri May 16 01:11:41 2003 :: Sock.sinaddr:  193.136.33.200
Fri May 16 01:11:48 2003 :: Loading Malakyth.
Fri May 16 01:11:51 2003 :: Look out, Malakyth@aulas-i-p2.fe.up.pt has connected.
Fri May 16 01:12:22 2003 :: Log Paladine: snoop self
Fri May 16 01:13:02 2003 :: EOF encountered on read.
Fri May 16 01:13:02 2003 :: Closing link to Allyria.
Fri May 16 01:13:08 2003 :: Sock.sinaddr:  66.58.231.12
Fri May 16 01:13:09 2003 :: Loading Allyria.
Fri May 16 01:13:10 2003 :: Allyria@12-231-58-66.gci.net reconnected.
Fri May 16 01:14:50 2003 :: Sock.sinaddr:  193.136.33.200
Fri May 16 01:14:58 2003 :: Loading Nandu.
Fri May 16 01:15:00 2003 :: Look out, Nandu@aulas-i-p2.fe.up.pt has connected.
Fri May 16 01:15:27 2003 :: Sock.sinaddr:  193.136.33.200
Fri May 16 01:15:29 2003 :: Mithras has quit.
Fri May 16 01:15:34 2003 :: Loading Lelldorin.
Fri May 16 01:15:36 2003 :: Look out, Lelldorin@aulas-i-p2.fe.up.pt has connected.
Fri May 16 01:17:23 2003 :: Log Paladine: snoo al
Fri May 16 01:21:36 2003 :: Sock.sinaddr:  204.209.44.14
Fri May 16 01:21:37 2003 :: EOF encountered on read.
Fri May 16 01:22:41 2003 :: Sock.sinaddr:  193.136.33.200
Fri May 16 01:22:46 2003 :: Loading Mithras.
Fri May 16 01:22:49 2003 :: Look out, Mithras@aulas-i-p2.fe.up.pt has connected.
Fri May 16 01:23:03 2003 :: Mithras has quit.
Fri May 16 01:24:50 2003 :: Sock.sinaddr:  193.136.33.200
Fri May 16 01:24:51 2003 :: Loading Sphera.
Fri May 16 01:24:51 2003 :: Look out, Sphera@aulas-i-p2.fe.up.pt has connected.
Fri May 16 01:25:36 2003 :: Log Hiddukel: notitle durak
Fri May 16 01:26:02 2003 :: Log Hiddukel: string char durak title - The {dShadow{rThief{x
Fri May 16 01:26:06 2003 :: Sock.sinaddr:  193.136.33.200
Fri May 16 01:26:08 2003 :: Loading Mithras.
Fri May 16 01:26:10 2003 :: Look out, Mithras@aulas-i-p2.fe.up.pt has connected.
Fri May 16 01:26:16 2003 :: Log Hiddukel: restore all
Fri May 16 01:26:26 2003 :: Mithras has quit.
Fri May 16 01:26:31 2003 :: Draknov gained level 4
Fri May 16 01:27:10 2003 :: Log Paladine: sno al
Fri May 16 01:27:54 2003 :: Sock.sinaddr:  193.136.33.200
Fri May 16 01:28:00 2003 :: Loading Mithras.
Fri May 16 01:28:13 2003 :: Look out, Mithras@aulas-i-p2.fe.up.pt has connected.
Fri May 16 01:28:14 2003 :: Log Hiddukel: string char durak title - The {DShadow{rThief{x
Fri May 16 01:29:05 2003 :: Mithras has quit.
Fri May 16 01:31:24 2003 :: Lelldorin has quit.
Fri May 16 01:33:07 2003 :: Draknov gained level 5
Fri May 16 01:34:10 2003 :: Sock.sinaddr:  193.136.33.200
Fri May 16 01:34:11 2003 :: Loading Furihar.
Fri May 16 01:34:11 2003 :: Look out, Furihar@aulas-i-p2.fe.up.pt has connected.
Fri May 16 01:35:32 2003 :: Sock.sinaddr:  193.136.33.200
Fri May 16 01:35:38 2003 :: Loading Mithras.
Fri May 16 01:35:40 2003 :: Look out, Mithras@aulas-i-p2.fe.up.pt has connected.
Fri May 16 01:36:01 2003 :: Mithras has quit.
Fri May 16 01:38:40 2003 :: Sock.sinaddr:  193.136.33.200
Fri May 16 01:38:41 2003 :: Loading Cetebelem.
Fri May 16 01:38:41 2003 :: Look out, Cetebelem@aulas-i-p2.fe.up.pt has connected.
Fri May 16 01:43:26 2003 :: Sock.sinaddr:  193.136.33.200
Fri May 16 01:43:37 2003 :: Log Paladine: check
Fri May 16 01:43:54 2003 :: Loading Fango.
Fri May 16 01:43:57 2003 :: Look out, Fango@aulas-i-p2.fe.up.pt has connected.
Fri May 16 01:45:15 2003 :: Log Paladine: reward nandu 1
Fri May 16 01:47:10 2003 :: aulas-i-p2.fe.up.pt input spamming!
Fri May 16 01:48:40 2003 :: Malakyth gained level 54
Fri May 16 01:55:49 2003 :: aulas-i-p2.fe.up.pt input spamming!
Fri May 16 01:57:37 2003 :: Draknov gained level 6
Fri May 16 02:05:04 2003 :: Sock.sinaddr:  193.136.33.200
Fri May 16 02:05:05 2003 :: Loading Nospheratus.
Fri May 16 02:05:05 2003 :: Look out, Nospheratus@aulas-i-p2.fe.up.pt has connected.
Fri May 16 02:05:08 2003 :: Nospheratus has quit.
Fri May 16 02:05:48 2003 :: Sock.sinaddr:  193.136.33.200
Fri May 16 02:05:49 2003 :: Loading Nospheratus.
Fri May 16 02:05:49 2003 :: Look out, Nospheratus@aulas-i-p2.fe.up.pt has connected.
Fri May 16 02:06:07 2003 :: Sock.sinaddr:  216.40.217.211
Fri May 16 02:06:07 2003 :: EOF encountered on read.
Fri May 16 02:10:03 2003 :: Gimli has quit.
Fri May 16 02:11:29 2003 :: Log Hiddukel: trans mala
Fri May 16 02:12:00 2003 :: Log Paladine: tele self 1209
Fri May 16 02:14:05 2003 :: Sock.sinaddr:  193.136.33.200
Fri May 16 02:14:09 2003 :: Loading Mithras.
Fri May 16 02:14:11 2003 :: Look out, Mithras@aulas-i-p2.fe.up.pt has connected.
Fri May 16 02:14:38 2003 :: Mithras has quit.
Fri May 16 02:21:22 2003 :: Sock.sinaddr:  193.136.33.200
Fri May 16 02:21:29 2003 :: Closing link to Raven.
Fri May 16 02:21:40 2003 :: Sock.sinaddr:  193.136.33.200
Fri May 16 02:21:41 2003 :: Loading Yazeram.
Fri May 16 02:21:41 2003 :: Look out, Yazeram@aulas-i-p2.fe.up.pt has connected.
Fri May 16 02:22:32 2003 :: Log Hiddukel: trans nos
Fri May 16 02:22:38 2003 :: Log Hiddukel: set char hiddukel class conjuror
Fri May 16 02:23:54 2003 :: Nospheratus killed by Hiddukel at 1209
Fri May 16 02:24:08 2003 :: Log Hiddukel: restore
Fri May 16 02:24:57 2003 :: Log Hiddukel: load obj 15214
Fri May 16 02:27:45 2003 :: Log Hiddukel: force nos get all
Fri May 16 02:27:54 2003 :: Log Hiddukel: slay serv
Fri May 16 02:28:09 2003 :: Log Hiddukel: force nos c 'detect invis
Fri May 16 02:28:12 2003 :: Log Hiddukel: asp nos l
Fri May 16 02:28:22 2003 :: Draknov gained level 7
Fri May 16 02:28:30 2003 :: Log Hiddukel: load obj 10661
Fri May 16 02:28:37 2003 :: Log Hiddukel: force nos quaff potion
Fri May 16 02:28:51 2003 :: Log Hiddukel: load obj 10661
Fri May 16 02:30:14 2003 :: Log Hiddukel: load obj 15217
Fri May 16 02:30:15 2003 :: Log Hiddukel: load obj 15217
Fri May 16 02:33:20 2003 :: Log Hiddukel: string obj golden ring name spheras love
Fri May 16 02:33:30 2003 :: Log Hiddukel: string obj golden name spheras ring
Fri May 16 02:33:42 2003 :: Log Paladine: lose durak
Fri May 16 02:33:54 2003 :: Sock.sinaddr:  193.136.33.200
Fri May 16 02:33:58 2003 :: Loading Mithras.
Fri May 16 02:34:00 2003 :: Look out, Mithras@aulas-i-p2.fe.up.pt has connected.
Fri May 16 02:34:08 2003 :: Log Hiddukel: string obj spheras name spheras love
Fri May 16 02:34:19 2003 :: Mithras has quit.
Fri May 16 02:34:33 2003 :: Log Hiddukel: string obj love short {R(Red Aura) {cSphera's Love{x
Fri May 16 02:34:41 2003 :: Log Hiddukel: apurge nos
Fri May 16 02:34:50 2003 :: Log Hiddukel: clone ring
Fri May 16 02:34:57 2003 :: Log Hiddukel: clone love
Fri May 16 02:35:35 2003 :: Log Hiddukel: trans nos sphera
Fri May 16 02:36:15 2003 :: Log Paladine: asp fango note
Fri May 16 02:36:19 2003 :: Log Paladine: asp fango note list
Fri May 16 02:37:42 2003 :: Log Paladine: asp fango notel ist
Fri May 16 02:37:45 2003 :: Log Paladine: asp fango note list
Fri May 16 02:37:51 2003 :: Log Paladine: asp fango note read 14
Fri May 16 02:38:00 2003 :: Log Paladine: asp fango note read 15
Fri May 16 02:38:26 2003 :: Log Paladine: asp fango note list
Fri May 16 02:38:28 2003 :: Nandu gained level 46
Fri May 16 02:38:34 2003 :: Log Paladine: asp fango note forward 15 immortals
Fri May 16 02:38:40 2003 :: [WARNING] Hiddukel tells Nospheratus: I've been MUDing for nearly 12 years now.. and in that time, excluding being an Imm for the last 5 years... I never once asked an Imm how something works... I always found/figured it out on my own ;)
Fri May 16 02:40:34 2003 :: Nospheratus has quit.
Fri May 16 02:42:10 2003 :: Furihar gained level 44
Fri May 16 02:43:19 2003 :: Sock.sinaddr:  193.136.33.200
Fri May 16 02:43:24 2003 :: Loading Lelldorin.
Fri May 16 02:43:26 2003 :: Look out, Lelldorin@aulas-i-p2.fe.up.pt has connected.
Fri May 16 02:44:10 2003 :: Cetebelem gained level 42
Fri May 16 02:51:09 2003 :: Log Hiddukel: set char hiddukel class necromancer
Fri May 16 02:52:40 2003 :: Log Paladine: snoop self
Fri May 16 02:56:37 2003 :: Fango gained level 10
Fri May 16 02:57:50 2003 :: Lelldorin has quit.
Fri May 16 03:02:33 2003 :: Allyria has quit.
Fri May 16 03:11:19 2003 :: Fango has quit.
Fri May 16 03:13:50 2003 :: Nandu gained level 47
Fri May 16 03:14:44 2003 :: Cetebelem gained level 43
Fri May 16 03:18:18 2003 :: Sock.sinaddr:  193.136.33.200
Fri May 16 03:18:25 2003 :: Loading Mithras.
Fri May 16 03:18:31 2003 :: Mithras. Bad Password. IP: aulas-i-p2.fe.up.pt> 
Fri May 16 03:18:31 2003 :: Closing link to Mithras.
Fri May 16 03:18:35 2003 :: Draknov gained level 8
Fri May 16 03:18:38 2003 :: Sock.sinaddr:  193.136.33.200
Fri May 16 03:18:43 2003 :: Loading Mithras.
Fri May 16 03:18:45 2003 :: Look out, Mithras@aulas-i-p2.fe.up.pt has connected.
Fri May 16 03:19:00 2003 :: Mithras has quit.
Fri May 16 03:21:59 2003 :: Furihar gained level 45
Fri May 16 03:25:23 2003 :: Malakyth killed by city guard at 17716
Fri May 16 03:27:41 2003 :: Sock.sinaddr:  193.136.33.200
Fri May 16 03:27:43 2003 :: Loading Nospheratus.
Fri May 16 03:27:43 2003 :: Look out, Nospheratus@aulas-i-p2.fe.up.pt has connected.
Fri May 16 03:28:34 2003 :: Kougyoku has quit.
Fri May 16 03:39:15 2003 :: aulas-i-p2.fe.up.pt input spamming!
Fri May 16 03:46:29 2003 :: Draknov has quit.
Fri May 16 03:46:30 2003 :: Sock.sinaddr:  193.136.33.200
Fri May 16 03:46:33 2003 :: Loading Gimli.
Fri May 16 03:46:33 2003 :: Look out, Gimli@aulas-i-p2.fe.up.pt has connected.
Fri May 16 03:46:50 2003 :: Gimli has quit.
Fri May 16 03:46:57 2003 :: Sock.sinaddr:  193.136.33.200
Fri May 16 03:47:00 2003 :: Loading Robert.
Fri May 16 03:47:01 2003 :: Look out, Robert@aulas-i-p2.fe.up.pt has connected.
Fri May 16 03:57:20 2003 :: Sock.sinaddr:  193.136.33.237
Fri May 16 03:57:26 2003 :: Loading Sievel.
Fri May 16 03:57:28 2003 :: Look out, Sievel@deec-salasinf.fe.up.pt has connected.
Fri May 16 03:58:23 2003 :: Cetebelem gained level 44
Fri May 16 04:01:59 2003 :: Furihar gained level 46
Fri May 16 04:02:28 2003 :: Log Hiddukel: gecho ** Copyover in 30 seconds folks, get your tents, etc... **
Fri May 16 04:02:41 2003 :: Robert has quit.
Fri May 16 04:02:55 2003 :: Furihar has quit.
Fri May 16 04:02:55 2003 :: Nandu has quit.
Fri May 16 04:03:00 2003 :: Cetebelem has quit.
Fri May 16 04:03:03 2003 :: Log Hiddukel: gecho ** I didn'
Fri May 16 04:03:09 2003 :: Log Hiddukel: gecho ** I didn't say log off **
Fri May 16 04:03:36 2003 :: Sock.sinaddr:  193.136.33.200
Fri May 16 04:03:43 2003 :: Loading Nandu.
Fri May 16 04:03:45 2003 :: Look out, Nandu@aulas-i-p2.fe.up.pt has connected.
Fri May 16 04:03:59 2003 :: Sock.sinaddr:  193.136.33.200
Fri May 16 04:04:00 2003 :: Loading Cetebelem.
Fri May 16 04:04:00 2003 :: Look out, Cetebelem@aulas-i-p2.fe.up.pt has connected.
Fri May 16 04:04:07 2003 :: Sock.sinaddr:  193.136.33.200
Fri May 16 04:04:09 2003 :: Loading Furihar.
Fri May 16 04:04:10 2003 :: Look out, Furihar@aulas-i-p2.fe.up.pt has connected.
Fri May 16 04:06:22 2003 :: Log Hiddukel: asave changed
Fri May 16 04:06:23 2003 :: Log Hiddukel: asave changed
Fri May 16 04:06:24 2003 :: Log Hiddukel: copyover
Fri May 16 04:06:24 2003 :: ROM is ready to rock on port 6100.
Fri May 16 04:06:24 2003 :: Copyover recovery initiated
Fri May 16 04:06:24 2003 :: Loading Furihar.
Fri May 16 04:06:24 2003 :: Loading Cetebelem.
Fri May 16 04:06:24 2003 :: Loading Nandu.
Fri May 16 04:06:24 2003 :: Loading Sievel.
Fri May 16 04:06:24 2003 :: Loading Nospheratus.
Fri May 16 04:06:24 2003 :: Loading Yazeram.
Fri May 16 04:06:24 2003 :: Loading Sphera.
Fri May 16 04:06:24 2003 :: Loading Malakyth.
Fri May 16 04:06:24 2003 :: Loading Durak.
Fri May 16 04:06:24 2003 :: Loading Hiddukel.
Fri May 16 04:06:24 2003 :: Loading Paladine.
Fri May 16 04:06:35 2003 :: Log Hiddukel: snoop nos
Fri May 16 04:07:01 2003 :: Log Hiddukel: force nos skill
Fri May 16 04:07:27 2003 :: Log Hiddukel: force nos help unholyrite
Fri May 16 04:07:31 2003 :: Log Hiddukel: snoop self
Fri May 16 04:08:15 2003 :: Log Hiddukel: set skll hiddukel all 100
Fri May 16 04:08:19 2003 :: Log Hiddukel: set skill hiddukel all 100
Fri May 16 04:09:06 2003 :: Log Paladine: set skill self all 100
Fri May 16 04:09:38 2003 :: Log Hiddukel: asp nos prac
Fri May 16 04:10:35 2003 :: Nandu gained level 48
Fri May 16 04:13:17 2003 :: Log Hiddukel: restore all
Fri May 16 04:13:50 2003 :: Log Hiddukel: asave changed
Fri May 16 04:13:51 2003 :: Log Hiddukel: copyover
Fri May 16 04:13:51 2003 :: ROM is ready to rock on port 6100.
Fri May 16 04:13:51 2003 :: Copyover recovery initiated
Fri May 16 04:13:51 2003 :: Loading Paladine.
Fri May 16 04:13:51 2003 :: Loading Hiddukel.
Fri May 16 04:13:51 2003 :: Loading Durak.
Fri May 16 04:13:51 2003 :: Loading Malakyth.
Fri May 16 04:13:51 2003 :: Loading Sphera.
Fri May 16 04:13:51 2003 :: Loading Yazeram.
Fri May 16 04:13:51 2003 :: Loading Nospheratus.
Fri May 16 04:13:51 2003 :: Loading Sievel.
Fri May 16 04:13:51 2003 :: Loading Nandu.
Fri May 16 04:13:51 2003 :: Loading Cetebelem.
Fri May 16 04:13:51 2003 :: Loading Furihar.
Fri May 16 04:16:58 2003 :: Nospheratus has quit.
Fri May 16 04:17:37 2003 :: Durak gained level 56
Fri May 16 04:17:57 2003 :: Sock.sinaddr:  193.136.33.200
Fri May 16 04:17:59 2003 :: Loading Nospheratus.
Fri May 16 04:18:00 2003 :: Look out, Nospheratus@aulas-i-p2.fe.up.pt has connected.
Fri May 16 04:18:09 2003 :: Yazeram has quit.
Fri May 16 04:18:10 2003 :: Sock.sinaddr:  64.40.55.140
Fri May 16 04:18:11 2003 :: Loading Rilia.
Fri May 16 04:18:12 2003 :: Look out, Rilia@64-40-55-140.ncplus.net has connected.
Fri May 16 04:18:18 2003 :: Log Paladine: tele rilia 1210
Fri May 16 04:20:43 2003 :: Log Hiddukel: force siev help rule
Fri May 16 04:21:20 2003 :: Log Paladine: grab restring nos
Fri May 16 04:21:50 2003 :: Sock.sinaddr:  193.136.33.200
Fri May 16 04:21:53 2003 :: Loading Mithras.
Fri May 16 04:21:57 2003 :: Look out, Mithras@aulas-i-p2.fe.up.pt has connected.
Fri May 16 04:22:05 2003 :: Mithras has quit.
Fri May 16 04:23:08 2003 :: Log Paladine: string obj can short {BBox{X
Fri May 16 04:23:14 2003 :: Log Paladine: string obj can name box
Fri May 16 04:23:33 2003 :: Log Paladine: string obj box long A box full of bottles
Fri May 16 04:23:40 2003 :: Log Paladine: string obj box name box bottles
Fri May 16 04:23:55 2003 :: Sock.sinaddr:  193.136.33.200
Fri May 16 04:23:57 2003 :: Loading Robert.
Fri May 16 04:23:57 2003 :: Look out, Robert@aulas-i-p2.fe.up.pt has connected.
Fri May 16 04:26:22 2003 :: Log Paladine: string obj can short Nospheratus {DBag{X
Fri May 16 04:26:27 2003 :: Log Paladine: string obj can name nos bag
Fri May 16 04:27:12 2003 :: Log Paladine: string obj bag long You see a bag with a name in it - "Nospheratus".
Fri May 16 04:30:13 2003 :: [WARNING] Hiddukel imms: Today... the MUD wasn't crashing.. it was just logging in huge logs of Extract_obj bug reports
Fri May 16 04:30:40 2003 :: Sphera gained level 61
Fri May 16 04:30:56 2003 :: Log Paladine: string obj helmet short {Ddark{X glasses
Fri May 16 04:31:03 2003 :: Log Paladine: string obj helmet name dark glasses
Fri May 16 04:31:21 2003 :: Log Paladine: string obj glasses long You see some strange dark glasses in the ground.
Fri May 16 04:32:08 2003 :: Log Paladine: tele self hiddukel
Fri May 16 04:33:05 2003 :: Log Paladine: lose nos
Fri May 16 04:35:12 2003 :: Log Hiddukel: string obj glasses name helm
Fri May 16 04:35:20 2003 :: Log Hiddukel: string obj helm short a helm
Fri May 16 04:35:37 2003 :: Log Hiddukel: string obj helm long An ordinary helm lies here on the ground.
Fri May 16 04:40:56 2003 :: aulas-i-p2.fe.up.pt input spamming!
Fri May 16 04:46:20 2003 :: aulas-i-p2.fe.up.pt input spamming!
Fri May 16 04:54:12 2003 :: Log Paladine: asave area
Fri May 16 05:02:38 2003 :: Furihar has quit.
Fri May 16 05:03:32 2003 :: Robert has quit.
Fri May 16 05:04:23 2003 :: Sock.sinaddr:  193.136.33.200
Fri May 16 05:04:24 2003 :: Loading Furihar.
Fri May 16 05:04:25 2003 :: Look out, Furihar@aulas-i-p2.fe.up.pt has connected.
Fri May 16 05:08:05 2003 :: Log Paladine: check
Fri May 16 05:08:52 2003 :: Sievel has quit.
Fri May 16 05:08:57 2003 :: Sock.sinaddr:  193.136.33.237
Fri May 16 05:09:01 2003 :: Loading Hessar.
Fri May 16 05:09:03 2003 :: Look out, Hessar@deec-salasinf.fe.up.pt has connected.
Fri May 16 05:09:08 2003 :: Cetebelem gained level 45
Fri May 16 05:09:23 2003 :: Malakyth has quit.
Fri May 16 05:11:29 2003 :: Sock.sinaddr:  193.136.33.200
Fri May 16 05:11:58 2003 :: EOF encountered on read.
Fri May 16 05:16:33 2003 :: Sock.sinaddr:  193.136.33.200
Fri May 16 05:18:03 2003 :: Sock.sinaddr:  65.67.135.23
Fri May 16 05:18:05 2003 :: Loading Eleri.
Fri May 16 05:18:06 2003 :: Look out, Eleri@adsl-65-67-135-23.dsl.hstntx.swbell.net has connected.
Fri May 16 05:20:06 2003 :: Log Paladine: asave area
Fri May 16 05:20:23 2003 :: Log Paladine: gecho 30 seconds until copyover, pick up all your tents, etc...
Fri May 16 05:21:22 2003 :: Log Paladine: copy
Fri May 16 05:21:23 2003 :: ROM is ready to rock on port 6100.
Fri May 16 05:21:23 2003 :: Copyover recovery initiated
Fri May 16 05:21:23 2003 :: Loading Eleri.
Fri May 16 05:21:23 2003 :: Loading Hessar.
Fri May 16 05:21:23 2003 :: Loading Furihar.
Fri May 16 05:21:23 2003 :: Loading Rilia.
Fri May 16 05:21:23 2003 :: Loading Nospheratus.
Fri May 16 05:21:23 2003 :: Loading Cetebelem.
Fri May 16 05:21:23 2003 :: Loading Nandu.
Fri May 16 05:21:23 2003 :: Loading Sphera.
Fri May 16 05:21:23 2003 :: Loading Durak.
Fri May 16 05:21:23 2003 :: Loading Hiddukel.
Fri May 16 05:21:23 2003 :: Loading Paladine.
Fri May 16 05:21:33 2003 :: Sock.sinaddr:  193.136.33.200
Fri May 16 05:24:13 2003 :: aulas-i-p2.fe.up.pt input spamming!
Fri May 16 05:24:46 2003 :: Log Hiddukel: restore all
Fri May 16 05:24:49 2003 :: Hiddukel has quit.
Fri May 16 05:24:53 2003 :: Cailisson@aulas-i-p2.fe.up.pt new player.
Fri May 16 05:28:13 2003 :: EOF encountered on read.
Fri May 16 05:28:13 2003 :: Closing link to Eleri.
Fri May 16 05:28:20 2003 :: Sock.sinaddr:  65.67.135.23
Fri May 16 05:29:01 2003 :: Loading Eleri.
Fri May 16 05:29:02 2003 :: Eleri@adsl-65-67-135-23.dsl.hstntx.swbell.net reconnected.
Fri May 16 05:29:44 2003 :: Hessar has quit.
Fri May 16 05:30:54 2003 :: Eleri has quit.
Fri May 16 05:35:02 2003 :: Furihar gained level 47
Fri May 16 05:46:18 2003 :: aulas-i-p2.fe.up.pt input spamming!
Fri May 16 05:49:40 2003 :: Log Paladine: asave area
Fri May 16 05:49:53 2003 :: Nandu gained level 49
Fri May 16 05:51:39 2003 :: Log Paladine: string obj god long The best fucking weapon in the GAME lies here, Nospheratus and ONLY Nospheratus can have it!
Fri May 16 05:51:54 2003 :: Log Paladine: set obj
Fri May 16 05:54:18 2003 :: Log Paladine: grab god nos
Fri May 16 05:55:09 2003 :: Log Paladine: set obj
Fri May 16 05:56:12 2003 :: Log Paladine: fvlist obj
Fri May 16 05:56:53 2003 :: Log Paladine: lose nos
Fri May 16 05:57:39 2003 :: aulas-i-p2.fe.up.pt input spamming!
Fri May 16 05:58:57 2003 :: Log Paladine: load obk 5797
Fri May 16 05:59:02 2003 :: Log Paladine: load obj 5797
Fri May 16 05:59:03 2003 :: Log Paladine: load obj 5797
Fri May 16 05:59:16 2003 :: Log Paladine: clone wea
Fri May 16 05:59:58 2003 :: Log Paladine: asp nos skills
Fri May 16 06:00:04 2003 :: aulas-i-p2.fe.up.pt input spamming!
Fri May 16 06:02:24 2003 :: Durak has quit.
Fri May 16 06:03:07 2003 :: Sock.sinaddr:  193.136.33.200
Fri May 16 06:03:21 2003 :: Loading Mithras.
Fri May 16 06:03:24 2003 :: Look out, Mithras@aulas-i-p2.fe.up.pt has connected.
Fri May 16 06:05:12 2003 :: Sock.sinaddr:  193.136.33.200
Fri May 16 06:05:15 2003 :: Loading Robert.
Fri May 16 06:05:15 2003 :: Look out, Robert@aulas-i-p2.fe.up.pt has connected.
Fri May 16 06:05:49 2003 :: Log Paladine: check
Fri May 16 06:05:59 2003 :: Log Paladine: emp ril 50
Fri May 16 06:06:14 2003 :: Log Paladine: set skill rilia all 100
Fri May 16 06:06:59 2003 :: Mithras has quit.
Fri May 16 06:07:14 2003 :: Log Paladine: tele ril 3054
Fri May 16 06:07:44 2003 :: Rilia has quit.
Fri May 16 06:07:49 2003 :: Sock.sinaddr:  64.40.55.140
Fri May 16 06:07:50 2003 :: Loading Rilia.
Fri May 16 06:07:50 2003 :: Look out, Rilia@64-40-55-140.ncplus.net has connected.
Fri May 16 06:07:53 2003 :: Cailisson gained level 2
Fri May 16 06:11:32 2003 :: Log Paladine: slay silv
Fri May 16 06:14:55 2003 :: Cailisson has quit.
Fri May 16 06:20:13 2003 :: Log Paladine: load obj 11907
Fri May 16 06:20:36 2003 :: Log Paladine: load obj 15705
Fri May 16 06:21:01 2003 :: Sock.sinaddr:  193.136.33.200
Fri May 16 06:21:06 2003 :: Loading Mithras.
Fri May 16 06:21:10 2003 :: Look out, Mithras@aulas-i-p2.fe.up.pt has connected.
Fri May 16 06:22:41 2003 :: Mithras has quit.
Fri May 16 06:23:14 2003 :: Log Paladine: load obj 15793
Fri May 16 06:23:18 2003 :: Sock.sinaddr:  81.84.112.96
Fri May 16 06:23:28 2003 :: Loading Malakyth.
Fri May 16 06:23:31 2003 :: Look out, Malakyth@81.84.112.96 has connected.
Fri May 16 06:23:32 2003 :: Malakyth gets skill unholyrite
Fri May 16 06:24:41 2003 :: Nandu has quit.
Fri May 16 06:28:14 2003 :: Log Paladine: set obj
Fri May 16 06:28:19 2003 :: Log Paladine: set obj gaun v0 0
Fri May 16 06:28:36 2003 :: Log Paladine: set obj gaun v0 12
Fri May 16 06:28:45 2003 :: Log Paladine: set obj gaun v4 0
Fri May 16 06:29:43 2003 :: Log Paladine: asp nos eq
Fri May 16 06:30:16 2003 :: Log Paladine: asp mal eq
Fri May 16 06:33:09 2003 :: Log Paladine: string obj robe short (Kinky) A tight fishnet outfit
Fri May 16 06:33:56 2003 :: Log Paladine: string obj robe long Here lies a small suit, with lots of holes in it. It seems like it would go best on a woman...
Fri May 16 06:34:25 2003 :: Log Paladine: string obj robe name fishnet outfit suit
Fri May 16 06:35:48 2003 :: Log Paladine: asp mal eq
Fri May 16 06:35:52 2003 :: Log Paladine: asp mala eq
Fri May 16 06:36:36 2003 :: Furihar has quit.
Fri May 16 06:40:49 2003 :: Sock.sinaddr:  193.136.33.200
Fri May 16 06:40:52 2003 :: Loading Furihar.
Fri May 16 06:40:52 2003 :: Look out, Furihar@aulas-i-p2.fe.up.pt has connected.
Fri May 16 06:41:14 2003 :: Log Paladine: tele ril
Fri May 16 06:42:20 2003 :: Rilia has quit.
Fri May 16 06:42:24 2003 :: Paladine has quit.
Fri May 16 06:45:34 2003 :: aulas-i-p2.fe.up.pt input spamming!
Fri May 16 06:46:42 2003 :: aulas-i-p2.fe.up.pt input spamming!
Fri May 16 06:47:21 2003 :: Nospheratus killed by The tomb guard at 17512
Fri May 16 06:47:28 2003 :: Sock.sinaddr:  193.136.33.225
Fri May 16 06:47:30 2003 :: aulas-i-p2.fe.up.pt input spamming!
Fri May 16 06:47:47 2003 :: Malakyth has quit.
Fri May 16 06:48:04 2003 :: Loading Sievel.
Fri May 16 06:48:12 2003 :: Look out, Sievel@deec-lab-poen-sup.fe.up.pt has connected.
Fri May 16 06:48:25 2003 :: Sievel gets skill unholyrite
Fri May 16 06:55:15 2003 :: Sievel has quit.
Fri May 16 06:57:05 2003 :: Sock.sinaddr:  213.22.145.20
Fri May 16 06:57:10 2003 :: Loading Gotrek.
Fri May 16 06:57:13 2003 :: Look out, Gotrek@a213-22-145-20.netcabo.pt has connected.
Fri May 16 06:58:28 2003 :: Sock.sinaddr:  24.154.62.180
Fri May 16 06:58:28 2003 :: EOF encountered on read.
Fri May 16 06:58:35 2003 :: Sock.sinaddr:  24.154.62.180
Fri May 16 06:59:05 2003 :: EOF encountered on read.
Fri May 16 06:59:32 2003 :: Sock.sinaddr:  193.136.33.200
Fri May 16 06:59:54 2003 :: Sock.sinaddr:  24.154.62.180
Fri May 16 07:00:07 2003 :: Loading Cailisson.
Fri May 16 07:00:15 2003 :: Look out, Cailisson@aulas-i-p2.fe.up.pt has connected.
Fri May 16 07:01:17 2003 :: RobRoy@acs-24-154-62-180.zoominternet.net new player.
Fri May 16 07:03:28 2003 :: Gotrek killed by a black wyvern at 904
Fri May 16 07:04:40 2003 :: Cailisson gained level 3
Fri May 16 07:06:38 2003 :: Sock.sinaddr:  193.136.33.200
Fri May 16 07:06:41 2003 :: Loading Gimli.
Fri May 16 07:06:41 2003 :: Look out, Gimli@aulas-i-p2.fe.up.pt has connected.
Fri May 16 07:11:09 2003 :: Robert has quit.
Fri May 16 07:16:20 2003 :: RobRoy killed by a chained criminal at 3710
Fri May 16 07:18:18 2003 :: Gimli has quit.
Fri May 16 07:18:24 2003 :: aulas-i-p2.fe.up.pt input spamming!
Fri May 16 07:20:40 2003 :: aulas-i-p2.fe.up.pt input spamming!
Fri May 16 07:20:59 2003 :: RobRoy killed by a chained criminal at 3710
Fri May 16 07:21:23 2003 :: Nospheratus has quit.
Fri May 16 07:26:04 2003 :: Sock.sinaddr:  193.136.33.200
Fri May 16 07:26:07 2003 :: Loading Nospheratus.
Fri May 16 07:26:07 2003 :: Look out, Nospheratus@aulas-i-p2.fe.up.pt has connected.
Fri May 16 07:26:54 2003 :: EOF encountered on read.
Fri May 16 07:26:54 2003 :: Closing link to Nospheratus.
Fri May 16 07:27:28 2003 :: Sock.sinaddr:  193.136.33.200
Fri May 16 07:27:30 2003 :: Loading Nospheratus.
Fri May 16 07:27:31 2003 :: Nospheratus@aulas-i-p2.fe.up.pt reconnected.
Fri May 16 07:29:41 2003 :: RobRoy gained level 2
Fri May 16 07:30:57 2003 :: Cailisson gained level 4
Fri May 16 07:33:57 2003 :: Sock.sinaddr:  68.144.213.62
Fri May 16 07:33:59 2003 :: Loading Torianis.
Fri May 16 07:33:59 2003 :: Look out, Torianis@h68-144-213-62.cg.shawcable.net has connected.
Fri May 16 07:34:00 2003 :: Torianis gets skill staff
Fri May 16 07:34:36 2003 :: RobRoy gained level 3
Fri May 16 07:36:09 2003 :: Cetebelem gained level 46
Fri May 16 07:36:21 2003 :: Cetebelem has quit.
Fri May 16 07:36:39 2003 :: Gotrek gained level 23
Fri May 16 07:36:47 2003 :: Torianis has quit.
Fri May 16 07:52:27 2003 :: Furihar has quit.
Fri May 16 08:07:21 2003 :: EOF encountered on read.
Fri May 16 08:07:21 2003 :: Closing link to RobRoy.
Fri May 16 08:09:22 2003 :: Gotrek has quit.
Fri May 16 08:16:53 2003 :: Cailisson has quit.
Fri May 16 08:23:12 2003 :: RobRoy has quit.
Fri May 16 08:38:46 2003 :: Sock.sinaddr:  193.136.33.200
Fri May 16 08:39:09 2003 :: Loading Draknov.
Fri May 16 08:39:16 2003 :: Look out, Draknov@aulas-i-p2.fe.up.pt has connected.
Fri May 16 08:39:22 2003 :: Draknov gets skill unholyrite
Fri May 16 08:56:12 2003 :: Draknov has quit.
Fri May 16 08:57:08 2003 :: Sock.sinaddr:  62.135.35.238
Fri May 16 08:57:14 2003 :: Closing link to Kinos.
Fri May 16 08:57:18 2003 :: Sock.sinaddr:  62.135.35.238
Fri May 16 08:57:20 2003 :: Loading Ghared.
Fri May 16 08:57:21 2003 :: Look out, Ghared@host-62-135-35-238.link.net has connected.
Fri May 16 09:13:57 2003 :: Nospheratus has quit.
Fri May 16 09:14:00 2003 :: Sphera has quit.
Fri May 16 09:18:12 2003 :: EOF encountered on read.
Fri May 16 09:18:12 2003 :: Closing link to Ghared.
Fri May 16 09:34:27 2003 :: Ghared has quit.
Fri May 16 09:34:27 2003 :: [*****] BUG: update_char: Trying to work with an invalidated character.

Fri May 16 09:54:57 2003 :: Sock.sinaddr:  62.135.35.42
Fri May 16 09:55:00 2003 :: Loading Ghared.
Fri May 16 09:55:01 2003 :: Look out, Ghared@host-62-135-35-42.link.net has connected.
Fri May 16 10:02:21 2003 :: Sock.sinaddr:  213.13.233.124
Fri May 16 10:02:26 2003 :: Loading Adamastor.
Fri May 16 10:02:26 2003 :: Look out, Adamastor@adslsapo-b3-233-124.telepac.pt has connected.
Fri May 16 10:09:38 2003 :: Sock.sinaddr:  193.136.33.200
Fri May 16 10:09:41 2003 :: Loading Nospheratus.
Fri May 16 10:09:41 2003 :: Look out, Nospheratus@aulas-i-p2.fe.up.pt has connected.
Fri May 16 10:10:11 2003 :: Nospheratus has quit.
Fri May 16 10:20:21 2003 :: Sock.sinaddr:  24.247.64.176
Fri May 16 10:20:25 2003 :: Loading Hiddukel.
Fri May 16 10:20:30 2003 :: Look out, Hiddukel@24.247.64.176.up.mi.chartermi.net has connected.
Fri May 16 10:28:31 2003 :: Ghared gained level 19
Fri May 16 10:28:57 2003 :: Ghared has quit.
Fri May 16 10:42:44 2003 :: Adamastor gained level 43
Fri May 16 10:43:03 2003 :: Adamastor has quit.
Fri May 16 11:00:50 2003 :: Sock.sinaddr:  172.175.74.193
Fri May 16 11:00:55 2003 :: Loading Habbakuk.
Fri May 16 11:00:56 2003 :: Look out, Habbakuk@ACAF4AC1.ipt.aol.com has connected.
Fri May 16 11:00:58 2003 :: Habbakuk gets skill unholyrite
Fri May 16 11:13:15 2003 :: Log Hiddukel: lastonimm
Fri May 16 11:16:22 2003 :: [WARNING] Hiddukel says: Shit ... who knows.. he's probably building on another MUD.. or even went out to start his own, like every other person who plays a MUD wants and tries to do..
Fri May 16 11:16:51 2003 :: [WARNING] Habbakuk says: heh.. i dont have the time for another mud...its hard enough loggin on here
Fri May 16 11:27:38 2003 :: [WARNING] Hiddukel says: The MUD shouldn'
Fri May 16 11:27:55 2003 :: [WARNING] Hiddukel says: The MUD shouldn't close down.. since I have autochecking set up with WOlfpaw...
Fri May 16 11:30:52 2003 :: Sock.sinaddr:  24.154.159.100
Fri May 16 11:31:08 2003 :: Loading Majere.
Fri May 16 11:31:10 2003 :: Look out, Majere@acs-24-154-159-100.zoominternet.net has connected.
Fri May 16 11:31:11 2003 :: Majere gets skill unholyrite
Fri May 16 11:32:28 2003 :: Sock.sinaddr:  24.154.159.100
Fri May 16 11:32:35 2003 :: Loading Hollern.
Fri May 16 11:32:37 2003 :: Look out, Hollern@acs-24-154-159-100.zoominternet.net has connected.
Fri May 16 11:32:43 2003 :: Sock.sinaddr:  24.154.159.100
Fri May 16 11:32:49 2003 :: Loading Roman.
Fri May 16 11:32:51 2003 :: Look out, Roman@acs-24-154-159-100.zoominternet.net has connected.
Fri May 16 11:32:52 2003 :: Roman gets skill staff
Fri May 16 11:32:56 2003 :: Sock.sinaddr:  24.154.159.100
Fri May 16 11:33:00 2003 :: Loading Rianna.
Fri May 16 11:33:02 2003 :: Look out, Rianna@acs-24-154-159-100.zoominternet.net has connected.
Fri May 16 11:33:03 2003 :: Rianna gets skill staff
Fri May 16 11:33:20 2003 :: Log Majere: tran roman 1203
Fri May 16 11:33:26 2003 :: Log Majere: tran rianna 1203
Fri May 16 11:36:37 2003 :: Log Majere: tran roman 1210
Fri May 16 11:36:42 2003 :: Log Majere: tran rianna 1210
Fri May 16 11:37:13 2003 :: Habbakuk has quit.
Fri May 16 11:55:15 2003 :: Hiddukel has quit.
Fri May 16 11:56:58 2003 :: Sock.sinaddr:  208.182.153.193
Fri May 16 11:57:01 2003 :: Loading Jonathon.
Fri May 16 11:57:02 2003 :: Look out, Jonathon@host153-193.stratford-hs.davidson.k12tn.net has connected.
Fri May 16 11:57:30 2003 :: Hollern has quit.
Fri May 16 12:00:13 2003 :: Rianna has quit.
Fri May 16 12:00:16 2003 :: Roman has quit.
Fri May 16 12:04:22 2003 :: Jonathon has quit.
Fri May 16 12:04:57 2003 :: Majere has quit.
Fri May 16 12:15:46 2003 :: Sock.sinaddr:  213.13.228.8
Fri May 16 12:15:51 2003 :: Loading Sphera.
Fri May 16 12:15:51 2003 :: Look out, Sphera@adslsapo-b3-228-8.telepac.pt has connected.
Fri May 16 12:52:18 2003 :: Sock.sinaddr:  204.209.44.14
Fri May 16 12:52:42 2003 :: Sphera has quit.
Fri May 16 12:53:01 2003 :: EOF encountered on read.
Fri May 16 12:53:01 2003 :: Closing link to Ainvar.
Fri May 16 13:10:59 2003 :: Sock.sinaddr:  213.13.231.195
Fri May 16 13:11:02 2003 :: Loading Sphera.
Fri May 16 13:11:02 2003 :: Look out, Sphera@adslsapo-b3-231-195.telepac.pt has connected.
Fri May 16 13:13:32 2003 :: Sock.sinaddr:  213.13.224.34
Fri May 16 13:13:35 2003 :: Loading Sphera.
Fri May 16 13:13:37 2003 :: Closing link to Sphera.
Fri May 16 13:13:37 2003 :: Sphera@adslsapo-b3-224-34.telepac.pt reconnected.
Fri May 16 13:27:34 2003 :: Sock.sinaddr:  172.161.95.18
Fri May 16 13:27:38 2003 :: Loading Terra.
Fri May 16 13:27:38 2003 :: Look out, Terra@ACA15F12.ipt.aol.com has connected.
Fri May 16 13:28:40 2003 :: Terra has quit.
Fri May 16 13:28:41 2003 :: Sock.sinaddr:  172.161.95.18
Fri May 16 13:28:45 2003 :: Loading Eleria.
Fri May 16 13:28:45 2003 :: Look out, Eleria@ACA15F12.ipt.aol.com has connected.
Fri May 16 13:42:55 2003 :: Eleria has quit.
Fri May 16 13:47:46 2003 :: Sphera has quit.
Fri May 16 13:48:13 2003 :: Sock.sinaddr:  213.13.239.4
Fri May 16 13:48:16 2003 :: Loading Nospheratus.
Fri May 16 13:48:16 2003 :: Look out, Nospheratus@adslsapo-b3-239-4.telepac.pt has connected.
Fri May 16 13:57:45 2003 :: Sock.sinaddr:  4.64.88.32
Fri May 16 13:57:46 2003 :: Loading Hydroth.
Fri May 16 13:57:47 2003 :: Look out, Hydroth@evrtwa1-ar5-4-64-088-032.evrtwa1.dsl-verizon.net has connected.
Fri May 16 14:00:51 2003 :: Hydroth has quit.
Fri May 16 14:10:34 2003 :: Sock.sinaddr:  24.53.101.102
Fri May 16 14:10:38 2003 :: Loading Wanlorn.
Fri May 16 14:10:40 2003 :: Look out, Wanlorn@ga-canton-u1-c4b-102.atlaga.adelphia.net has connected.
Fri May 16 14:14:14 2003 :: Sock.sinaddr:  64.40.51.121
Fri May 16 14:14:22 2003 :: Loading Paladine.
Fri May 16 14:14:25 2003 :: Look out, Paladine@64-40-51-121.ncplus.net has connected.
Fri May 16 14:15:19 2003 :: Wanlorn has quit.
Fri May 16 14:16:44 2003 :: Sock.sinaddr:  24.53.101.102
Fri May 16 14:18:12 2003 :: Sock.sinaddr:  172.152.177.114
Fri May 16 14:20:08 2003 :: Log Paladine: gecho The game will be rebooting in 1 min
Fri May 16 14:20:56 2003 :: Log Paladine: force all save
Fri May 16 14:21:15 2003 :: Log Paladine: shutdown
Fri May 16 14:21:15 2003 :: Closing link to Paladine.
Fri May 16 14:21:15 2003 :: Closing link to Nospheratus.
Fri May 16 14:21:16 2003 :: Normal termination of game.
