Wed Jun  4 23:54:34 2003 :: ROM is ready to rock on port 6100.
Wed Jun  4 23:54:51 2003 :: Sock.sinaddr:  64.40.51.250
Wed Jun  4 23:55:06 2003 :: Loading Paladine.
Wed Jun  4 23:55:10 2003 :: Look out, Paladine@64-40-51-250.ncplus.net has connected.
Wed Jun  4 23:56:08 2003 :: Sock.sinaddr:  12.85.166.71
Wed Jun  4 23:56:14 2003 :: Loading Daiez.
Wed Jun  4 23:56:20 2003 :: Look out, Daiez@71.st-louis-166-167rs.mo.dial-access.att.net has connected.
Thu Jun  5 00:05:38 2003 :: Log Daiez: delete
Thu Jun  5 00:05:42 2003 :: Log Daiez: delete
Thu Jun  5 00:05:44 2003 :: Log Daiez: delete
Thu Jun  5 00:17:59 2003 :: Log Paladine: purge
Thu Jun  5 00:18:56 2003 :: Log Paladine: asave changed
Thu Jun  5 00:18:57 2003 :: Log Paladine: copy
Thu Jun  5 00:18:57 2003 :: ROM is ready to rock on port 6100.
Thu Jun  5 00:18:57 2003 :: Copyover recovery initiated
Thu Jun  5 00:18:57 2003 :: Loading Paladine.
Thu Jun  5 00:25:45 2003 :: Sock.sinaddr:  64.40.51.222
Thu Jun  5 00:25:50 2003 :: Loading Paladine.
Thu Jun  5 00:25:53 2003 :: Closing link to Paladine.
Thu Jun  5 00:25:53 2003 :: Paladine@64-40-51-222.ncplus.net reconnected.
Thu Jun  5 00:25:57 2003 :: Sock.sinaddr:  172.175.238.211
Thu Jun  5 00:25:58 2003 :: Log Paladine: check process
Thu Jun  5 00:27:15 2003 :: Log Paladine: check process
Thu Jun  5 00:27:34 2003 :: Sock.sinaddr:  64.40.51.222
Read_from_descriptor: Connection reset by peer
Thu Jun  5 00:28:03 2003 :: Log Paladine: shutdown
Thu Jun  5 00:28:03 2003 :: Closing link to Paladine.
Thu Jun  5 00:28:03 2003 :: Normal termination of game.
