Thu Jul 17 01:09:13 2003 :: ROM is ready to rock on port 6100.
Thu Jul 17 01:09:17 2003 :: Sock.sinaddr:  66.109.205.10
Thu Jul 17 01:09:19 2003 :: Loading Paladine.
Thu Jul 17 01:09:20 2003 :: Look out, Paladine@66-109-205-10.ncplus.net has connected.
Thu Jul 17 01:13:05 2003 :: Log Paladine: asave are
Thu Jul 17 01:13:08 2003 :: Log Paladine: asave area
Thu Jul 17 01:13:36 2003 :: Sock.sinaddr:  172.139.134.106
Thu Jul 17 01:13:37 2003 :: Log Paladine: asave area
Thu Jul 17 01:13:38 2003 :: Loading Xalfor.
Thu Jul 17 01:13:38 2003 :: Look out, Xalfor@AC8B866A.ipt.aol.com has connected.
Thu Jul 17 01:17:38 2003 :: Sock.sinaddr:  64.180.78.106
Thu Jul 17 01:17:43 2003 :: Loading Favre.
Thu Jul 17 01:17:45 2003 :: Look out, Favre@amh14136y17xj.bc.hsia.telus.net has connected.
Thu Jul 17 01:18:24 2003 :: [WARNING] Paladine replies to Favre: The entire mud got shut down for 30 seconds.. I DID say there was going to be a reboot...
Thu Jul 17 01:20:41 2003 :: Sock.sinaddr:  204.209.44.14
Thu Jul 17 01:20:41 2003 :: EOF encountered on read.
Thu Jul 17 01:33:18 2003 :: Sock.sinaddr:  35.12.15.228
Thu Jul 17 01:33:22 2003 :: Loading Halek.
Thu Jul 17 01:33:29 2003 :: Look out, Halek@pm649-26.dialip.mich.net has connected.
Thu Jul 17 01:44:45 2003 :: [WARNING] Paladine replies to Halek: Now if you go up a level (above level 5) in mud school it automatically zaps you to the temple
Thu Jul 17 01:45:28 2003 :: [WARNING] Paladine tells Halek: No that's not if you go above level 5 in mud school you get stuck
Thu Jul 17 01:45:54 2003 :: Log Paladine: tele halek
Thu Jul 17 01:45:58 2003 :: Log Paladine: snoop hal
Thu Jul 17 01:46:01 2003 :: [WARNING] Paladine says: mud school
Thu Jul 17 01:47:09 2003 :: Favre killed by a small street dog at 3261
Thu Jul 17 01:47:55 2003 :: Log Paladine: tele halek 3054
Thu Jul 17 01:55:53 2003 :: Sock.sinaddr:  66.109.205.10
Thu Jul 17 01:55:54 2003 :: Loading Rilia.
Thu Jul 17 01:55:55 2003 :: Look out, Rilia@66-109-205-10.ncplus.net has connected.
Thu Jul 17 01:56:05 2003 :: Log Paladine: tele rilia
Thu Jul 17 01:56:26 2003 :: Sock.sinaddr:  216.40.217.211
Thu Jul 17 01:56:26 2003 :: EOF encountered on read.
Thu Jul 17 01:59:00 2003 :: Favre gained level 7
Thu Jul 17 02:00:46 2003 :: Halek has quit.
Thu Jul 17 02:00:56 2003 :: Sock.sinaddr:  35.12.15.228
Thu Jul 17 02:00:59 2003 :: Loading Kaillen.
Thu Jul 17 02:01:02 2003 :: Look out, Kaillen@pm649-26.dialip.mich.net has connected.
Thu Jul 17 02:01:11 2003 :: Log Paladine: tele ril
Thu Jul 17 02:01:55 2003 :: Log Paladine: emp ril 75
Thu Jul 17 02:05:20 2003 :: EOF encountered on read.
Thu Jul 17 02:05:20 2003 :: Closing link to Favre.
Thu Jul 17 02:13:22 2003 :: Log Paladine: switch cent
Thu Jul 17 02:13:38 2003 :: Log Paladine: switch centaur
Thu Jul 17 02:14:20 2003 :: Log Paladine: switch centaur keen
Thu Jul 17 02:14:28 2003 :: Log Paladine: switch 'centaur keen
Thu Jul 17 02:16:39 2003 :: Log Paladine: restore rilia
Thu Jul 17 02:17:42 2003 :: Log Rilia: murder kaillen
Thu Jul 17 02:17:51 2003 :: Sock.sinaddr:  24.192.110.195
Thu Jul 17 02:18:17 2003 :: Log Paladine: snoop k
Thu Jul 17 02:18:23 2003 :: Log Paladine: snoop kail
Thu Jul 17 02:18:43 2003 :: Drewras@CPE00062596b69b-CM008037868040.cpe.net.cable.rogers.com new player.
Thu Jul 17 02:19:25 2003 :: Log Paladine: tele rilia kaillen
Thu Jul 17 02:20:52 2003 :: Log Paladine: asp kail af
Thu Jul 17 02:21:18 2003 :: Favre has quit.
Thu Jul 17 02:23:24 2003 :: Xalfor has quit.
Thu Jul 17 02:23:37 2003 :: Drewras gained level 2
Thu Jul 17 02:24:47 2003 :: Log Paladine: restore
Thu Jul 17 02:25:19 2003 :: Log Paladine: apurge self
Thu Jul 17 02:25:55 2003 :: Log Paladine: apurge self
Thu Jul 17 02:26:03 2003 :: Log Paladine: apurge kail
Thu Jul 17 02:28:03 2003 :: Drewras gained level 3
Thu Jul 17 02:32:30 2003 :: Drewras gained level 4
Thu Jul 17 02:34:18 2003 :: Sock.sinaddr:  193.136.33.234
Thu Jul 17 02:34:34 2003 :: Loading Sievel.
Thu Jul 17 02:34:34 2003 :: Look out, Sievel@193.136.33.234 has connected.
Thu Jul 17 02:41:25 2003 :: Drewras gained level 5
Thu Jul 17 02:42:08 2003 :: Sievel has quit.
Thu Jul 17 02:42:26 2003 :: Log Paladine: asave area
Thu Jul 17 02:42:28 2003 :: Log Paladine: purge
Thu Jul 17 02:43:06 2003 :: Kaillen has quit.
Thu Jul 17 02:43:12 2003 :: Log Paladine: tele ril 3054
Thu Jul 17 02:43:16 2003 :: Sock.sinaddr:  35.12.15.228
Thu Jul 17 02:43:19 2003 :: Loading Garrett.
Thu Jul 17 02:43:22 2003 :: Look out, Garrett@pm649-26.dialip.mich.net has connected.
Thu Jul 17 02:44:12 2003 :: Sock.sinaddr:  213.13.238.192
Thu Jul 17 02:44:13 2003 :: Loading Adrastos.
Thu Jul 17 02:44:13 2003 :: Look out, Adrastos@adslsapo-b3-238-192.telepac.pt has connected.
Thu Jul 17 02:44:37 2003 :: Rilia has quit.
Thu Jul 17 02:44:56 2003 :: Sock.sinaddr:  64.180.78.106
Thu Jul 17 02:45:04 2003 :: Loading Narya.
Thu Jul 17 02:45:06 2003 :: Look out, Narya@amh14136y17xj.bc.hsia.telus.net has connected.
Thu Jul 17 02:46:38 2003 :: Log Paladine: purge
Thu Jul 17 02:46:50 2003 :: Log Paladine: asave area
Thu Jul 17 02:49:57 2003 :: Sock.sinaddr:  81.84.10.250
Thu Jul 17 02:50:01 2003 :: Loading Sievel.
Thu Jul 17 02:50:01 2003 :: Look out, Sievel@81.84.10.250 has connected.
Thu Jul 17 02:51:14 2003 :: EOF encountered on read.
Thu Jul 17 02:51:14 2003 :: Closing link to Narya.
Thu Jul 17 02:51:15 2003 :: Sock.sinaddr:  64.180.78.106
Thu Jul 17 02:51:43 2003 :: Berbe@amh14136y17xj.bc.hsia.telus.net new player.
Thu Jul 17 02:53:36 2003 :: EOF encountered on read.
Thu Jul 17 02:53:36 2003 :: Closing link to Berbe.
Thu Jul 17 02:53:37 2003 :: Sock.sinaddr:  64.180.78.106
Thu Jul 17 02:53:56 2003 :: Log Drewras: murder berbe
Thu Jul 17 02:54:03 2003 :: Bebre@amh14136y17xj.bc.hsia.telus.net new player.
Thu Jul 17 02:56:04 2003 :: Log Paladine: tele beb
Thu Jul 17 02:56:10 2003 :: Log Paladine: freeze be
Thu Jul 17 02:56:12 2003 :: Log Paladine: tele be
Thu Jul 17 02:57:28 2003 :: Log Paladine: snoop beb
Thu Jul 17 02:57:51 2003 :: Log Paladine: freeze be
Thu Jul 17 02:59:07 2003 :: Drewras killed by a small street dog at 3261
Thu Jul 17 02:59:15 2003 :: Log Paladine: force be help rules
Thu Jul 17 03:01:30 2003 :: pm649-26.dialip.mich.net input spamming!
Thu Jul 17 03:07:25 2003 :: Narya has quit.
Thu Jul 17 03:10:12 2003 :: Drewras gained level 6
Thu Jul 17 03:13:57 2003 :: Bebre gained level 2
Thu Jul 17 03:14:05 2003 :: Drewras has quit.
Thu Jul 17 03:18:06 2003 :: Bebre gained level 3
Thu Jul 17 03:27:31 2003 :: Sock.sinaddr:  193.136.33.200
Thu Jul 17 03:27:41 2003 :: EOF encountered on read.
Thu Jul 17 03:32:06 2003 :: Sock.sinaddr:  64.180.78.106
Thu Jul 17 03:32:06 2003 :: EOF encountered on read.
Thu Jul 17 03:32:06 2003 :: Closing link to Bebre.
Thu Jul 17 03:32:19 2003 :: Loading Narya.
Thu Jul 17 03:32:22 2003 :: Look out, Narya@amh14136y17xj.bc.hsia.telus.net has connected.
Thu Jul 17 03:32:41 2003 :: Log Paladine: snoop nar
Thu Jul 17 03:33:30 2003 :: Log Paladine: perm *bc.hsia.telus.net
Thu Jul 17 03:33:42 2003 :: Log Paladine: check
Thu Jul 17 03:33:44 2003 :: Log Paladine: deny bebre
Thu Jul 17 03:33:44 2003 :: Bebre has quit.
Thu Jul 17 03:34:33 2003 :: Log Paladine: grab orb siev
Thu Jul 17 03:34:52 2003 :: Log Paladine: check
Thu Jul 17 03:35:42 2003 :: Narya has quit.
Thu Jul 17 03:35:44 2003 :: Log Paladine: punload narya
Thu Jul 17 03:35:49 2003 :: Sock.sinaddr:  64.180.78.106
Thu Jul 17 03:35:54 2003 :: Sock.sinaddr:  64.180.78.106
Thu Jul 17 03:35:58 2003 :: Sock.sinaddr:  64.180.78.106
Thu Jul 17 03:36:08 2003 :: Sock.sinaddr:  64.180.78.106
Thu Jul 17 03:37:24 2003 :: Log Paladine: pload favre
Thu Jul 17 03:37:24 2003 :: Loading favre.
Thu Jul 17 03:37:27 2003 :: Log Paladine: deny favre
Thu Jul 17 03:37:27 2003 :: Favre has quit.
Thu Jul 17 03:37:29 2003 :: Log Paladine: pload narya
Thu Jul 17 03:37:29 2003 :: Loading narya.
Thu Jul 17 03:37:32 2003 :: Log Paladine: deny narya
Thu Jul 17 03:37:32 2003 :: Narya has quit.
Thu Jul 17 03:38:57 2003 :: adslsapo-b3-238-192.telepac.pt input spamming!
Thu Jul 17 03:43:02 2003 :: Log Paladine: grab true ad
Thu Jul 17 03:43:36 2003 :: Log Paladine: set char adras align -1000
Thu Jul 17 03:49:13 2003 :: Sock.sinaddr:  64.180.78.106
Thu Jul 17 03:54:17 2003 :: Garrett gained level 43
Thu Jul 17 03:58:32 2003 :: Sievel has quit.
Thu Jul 17 04:01:22 2003 :: Sock.sinaddr:  64.180.78.106
Thu Jul 17 04:01:56 2003 :: Sock.sinaddr:  64.180.78.106
Thu Jul 17 04:07:40 2003 :: Sock.sinaddr:  64.180.78.106
Thu Jul 17 04:11:03 2003 :: Sock.sinaddr:  64.180.78.106
Thu Jul 17 04:22:56 2003 :: Adrastos gained level 45
Thu Jul 17 04:24:05 2003 :: Garrett gained level 44
Thu Jul 17 04:33:38 2003 :: Sock.sinaddr:  193.136.33.200
Thu Jul 17 04:33:44 2003 :: Loading Sievel.
Thu Jul 17 04:33:46 2003 :: Look out, Sievel@aulas-i-p2.fe.up.pt has connected.
Thu Jul 17 04:34:58 2003 :: Sievel has quit.
Thu Jul 17 04:54:44 2003 :: Sock.sinaddr:  35.12.15.228
Thu Jul 17 04:54:47 2003 :: Loading Garrett.
Read_from_descriptor: Connection reset by peer
Thu Jul 17 04:54:48 2003 :: Closing link to Garrett.
Thu Jul 17 04:54:50 2003 :: Garrett@pm649-26.dialip.mich.net reconnected.
Thu Jul 17 04:55:39 2003 :: Log Paladine: check
Thu Jul 17 04:56:08 2003 :: Log Paladine: restore all
Thu Jul 17 04:56:11 2003 :: Paladine has quit.
Thu Jul 17 04:57:59 2003 :: Garrett gained level 45
Thu Jul 17 04:58:15 2003 :: Sock.sinaddr:  81.84.81.2
Thu Jul 17 04:58:19 2003 :: Loading Gimli.
Thu Jul 17 04:58:19 2003 :: Look out, Gimli@81.84.81.2 has connected.
Thu Jul 17 04:59:43 2003 :: Gimli has quit.
Thu Jul 17 05:01:42 2003 :: Adrastos gained level 46
Thu Jul 17 05:03:04 2003 :: Sock.sinaddr:  193.136.33.200
Thu Jul 17 05:03:10 2003 :: Loading Gilead.
Thu Jul 17 05:03:12 2003 :: Look out, Gilead@aulas-i-p2.fe.up.pt has connected.
Thu Jul 17 05:04:14 2003 :: Sock.sinaddr:  193.136.33.200
Thu Jul 17 05:04:21 2003 :: Loading Gilead.
Thu Jul 17 05:04:27 2003 :: Closing link to Gilead.
Thu Jul 17 05:04:27 2003 :: Gilead@aulas-i-p2.fe.up.pt reconnected.
Thu Jul 17 05:12:36 2003 :: Gilead has quit.
Thu Jul 17 05:22:57 2003 :: Sock.sinaddr:  4.64.88.32
Thu Jul 17 05:22:59 2003 :: Loading Hydroth.
Thu Jul 17 05:22:59 2003 :: Look out, Hydroth@evrtwa1-ar5-4-64-088-032.evrtwa1.dsl-verizon.net has connected.
Thu Jul 17 05:24:00 2003 :: Hydroth has quit.
Thu Jul 17 05:25:16 2003 :: Garrett has quit.
Thu Jul 17 05:42:13 2003 :: Sock.sinaddr:  172.132.141.223
Thu Jul 17 05:43:09 2003 :: Loading Xalfor.
Thu Jul 17 05:43:09 2003 :: Look out, Xalfor@AC848DDF.ipt.aol.com has connected.
Thu Jul 17 05:45:20 2003 :: Adrastos has quit.
Read_from_descriptor: Connection reset by peer
Thu Jul 17 05:45:30 2003 :: Closing link to Xalfor.
Thu Jul 17 06:01:50 2003 :: Xalfor has quit.
Thu Jul 17 06:08:05 2003 :: Sock.sinaddr:  64.180.78.106
Thu Jul 17 06:26:32 2003 :: Sock.sinaddr:  172.130.14.222
Thu Jul 17 06:27:02 2003 :: EOF encountered on read.
Thu Jul 17 06:27:02 2003 :: Closing link to Harkcez.
Thu Jul 17 06:27:03 2003 :: Sock.sinaddr:  172.130.14.222
Thu Jul 17 06:27:10 2003 :: Loading Harakcez.
Thu Jul 17 06:27:13 2003 :: Look out, Harakcez@AC820EDE.ipt.aol.com has connected.
Thu Jul 17 06:28:05 2003 :: [*****] BUG: Save_char_obj: fopen
../player/Harakcez: Input/output error
Thu Jul 17 06:28:05 2003 :: [*****] BUG: Sig handler SIGSEGV
Thu Jul 17 06:28:05 2003 :: [*****] BUG: Sig handler SIGSEGV
Thu Jul 17 06:28:05 2003 :: [*****] BUG: Sig handler SIGSEGV
Thu Jul 17 06:28:05 2003 :: [*****] BUG: Sig handler SIGSEGV
Thu Jul 17 06:28:05 2003 :: [*****] BUG: Sig handler SIGSEGV
Thu Jul 17 06:28:05 2003 :: [*****] BUG: Sig handler SIGSEGV
Thu Jul 17 06:28:05 2003 :: [*****] BUG: Sig handler SIGSEGV
Thu Jul 17 06:28:05 2003 :: [*****] BUG: Sig handler SIGSEGV
Thu Jul 17 06:28:05 2003 :: [*****] BUG: Sig handler SIGSEGV
Thu Jul 17 06:28:05 2003 :: [*****] BUG: Sig handler SIGSEGV
Thu Jul 17 06:28:05 2003 :: [*****] BUG: Sig handler SIGSEGV
Thu Jul 17 06:28:05 2003 :: [*****] BUG: Sig handler SIGSEGV
Thu Jul 17 06:28:05 2003 :: [*****] BUG: Sig handler SIGSEGV
Thu Jul 17 06:28:05 2003 :: [*****] BUG: Sig handler SIGSEGV
Thu Jul 17 06:28:05 2003 :: [*****] BUG: Sig handler SIGSEGV
Thu Jul 17 06:28:05 2003 :: [*****] BUG: Sig handler SIGSEGV
Thu Jul 17 06:28:05 2003 :: [*****] BUG: Sig handler SIGSEGV
Thu Jul 17 06:28:05 2003 :: [*****] BUG: