Thu Jul 24 21:50:03 2003 :: ROM is ready to rock on port 6100.
Thu Jul 24 21:50:04 2003 :: Sock.sinaddr:  68.71.152.224
Thu Jul 24 21:50:05 2003 :: Sock.sinaddr:  64.40.55.73
Thu Jul 24 21:50:06 2003 :: Loading Paladine.
Thu Jul 24 21:50:07 2003 :: Look out, Paladine@64-40-55-73.ncplus.net has connected.
Thu Jul 24 21:50:30 2003 :: Sock.sinaddr:  66.58.231.12
Thu Jul 24 21:50:31 2003 :: Loading Mishakal.
Thu Jul 24 21:50:32 2003 :: Look out, Mishakal@12-231-58-66.gci.net has connected.
Thu Jul 24 21:51:00 2003 :: Sock.sinaddr:  66.58.231.12
Thu Jul 24 21:51:01 2003 :: Loading Lyrasarya.
Thu Jul 24 21:51:02 2003 :: Look out, Lyrasarya@12-231-58-66.gci.net has connected.
Thu Jul 24 21:51:05 2003 :: Paladine has quit.
Thu Jul 24 21:51:12 2003 :: Loading Ulas.
Thu Jul 24 21:51:15 2003 :: Look out, Ulas@ky-richmond3c-224.rhmdky.adelphia.net has connected.
Thu Jul 24 21:52:14 2003 :: Sock.sinaddr:  65.105.14.66
Thu Jul 24 21:52:15 2003 :: Loading Desrakursha.
Thu Jul 24 21:52:16 2003 :: Look out, Desrakursha@65.105.14.66.ptr.us.xo.net has connected.
Thu Jul 24 22:03:57 2003 :: 12-231-58-66.gci.net input spamming!
Thu Jul 24 22:04:09 2003 :: 12-231-58-66.gci.net input spamming!
Thu Jul 24 22:08:24 2003 :: Desrakursha has quit.
Thu Jul 24 22:09:13 2003 :: Ulas has quit.
Thu Jul 24 22:11:50 2003 :: Lyrasarya gained level 7
Thu Jul 24 22:59:50 2003 :: Sock.sinaddr:  65.212.174.2
Thu Jul 24 23:00:06 2003 :: EOF encountered on read.
Thu Jul 24 23:01:40 2003 :: Sock.sinaddr:  65.212.174.2
Thu Jul 24 23:01:46 2003 :: Loading Paladine.
Thu Jul 24 23:01:50 2003 :: Look out, Paladine@usr2.netro-corp.com has connected.
Thu Jul 24 23:01:57 2003 :: Mishakal has quit.
Thu Jul 24 23:02:03 2003 :: Lyrasarya has quit.
Thu Jul 24 23:02:29 2003 :: Paladine has quit.
Thu Jul 24 23:08:47 2003 :: Sock.sinaddr:  65.212.174.2
Thu Jul 24 23:08:50 2003 :: Loading Paladine.
Thu Jul 24 23:08:55 2003 :: Look out, Paladine@usr2.netro-corp.com has connected.
Thu Jul 24 23:10:45 2003 :: Log Paladine: purge
Thu Jul 24 23:10:48 2003 :: Log Paladine: asave area
Thu Jul 24 23:12:46 2003 :: Log Paladine: purge
Thu Jul 24 23:12:50 2003 :: Log Paladine: asave area
Thu Jul 24 23:12:52 2003 :: Paladine has quit.
Thu Jul 24 23:18:05 2003 :: Sock.sinaddr:  172.199.234.200
Thu Jul 24 23:18:09 2003 :: Loading Morgion.
Thu Jul 24 23:18:11 2003 :: Look out, Morgion@ACC7EAC8.ipt.aol.com has connected.
Thu Jul 24 23:18:18 2003 :: Log Morgion: change
Thu Jul 24 23:18:30 2003 :: Log Morgion: who
Thu Jul 24 23:18:42 2003 :: Sock.sinaddr:  172.199.234.200
Thu Jul 24 23:18:45 2003 :: Loading Sarven.
Thu Jul 24 23:18:47 2003 :: Look out, Sarven@ACC7EAC8.ipt.aol.com has connected.
Thu Jul 24 23:19:28 2003 :: Log Morgion: mwhere qual
Thu Jul 24 23:19:44 2003 :: Log Morgion: mwhere qualenesti
Thu Jul 24 23:19:47 2003 :: Log Morgion: area
Thu Jul 24 23:20:18 2003 :: Log Morgion: wizhelp
Thu Jul 24 23:20:30 2003 :: Log Morgion: vlist
Thu Jul 24 23:21:18 2003 :: Log Morgion: goto qual
Thu Jul 24 23:21:22 2003 :: Log Morgion: 
Thu Jul 24 23:21:35 2003 :: Log Morgion: 
Thu Jul 24 23:21:40 2003 :: Log Morgion: owhere qual
Thu Jul 24 23:21:49 2003 :: Log Morgion: goto wayreth
Thu Jul 24 23:22:03 2003 :: Log Morgion: wizhelp
Thu Jul 24 23:22:26 2003 :: Log Morgion: help desocket
Thu Jul 24 23:22:39 2003 :: Log Morgion: help force
Thu Jul 24 23:23:01 2003 :: Log Morgion: goto 1219
Thu Jul 24 23:24:28 2003 :: Sock.sinaddr:  68.71.152.224
Thu Jul 24 23:24:35 2003 :: Sock.sinaddr:  68.71.152.224
Thu Jul 24 23:24:38 2003 :: Loading Ulas.
Thu Jul 24 23:24:40 2003 :: Look out, Ulas@ky-richmond3c-224.rhmdky.adelphia.net has connected.
Thu Jul 24 23:24:51 2003 :: Log Morgion: trans sarven
Thu Jul 24 23:25:01 2003 :: Log Morgion: i
Thu Jul 24 23:32:47 2003 :: Sarven has quit.
Thu Jul 24 23:32:58 2003 :: Log Morgion: prayfile read
Thu Jul 24 23:44:21 2003 :: Log Morgion: quit
Thu Jul 24 23:44:21 2003 :: Morgion has quit.
Thu Jul 24 23:51:08 2003 :: Ulas has quit.
Fri Jul 25 00:03:27 2003 :: Sock.sinaddr:  66.58.231.12
Fri Jul 25 00:03:28 2003 :: Loading Mishakal.
Fri Jul 25 00:03:28 2003 :: Look out, Mishakal@12-231-58-66.gci.net has connected.
Fri Jul 25 00:04:50 2003 :: Sock.sinaddr:  65.212.174.2
Fri Jul 25 00:04:54 2003 :: Loading Paladine.
Fri Jul 25 00:04:58 2003 :: Look out, Paladine@usr2.netro-corp.com has connected.
Fri Jul 25 00:04:59 2003 :: Log Mishakal: fvlist obj
Fri Jul 25 00:09:57 2003 :: Log Paladine: snoop mish
Fri Jul 25 00:09:58 2003 :: Log Paladine: check
Fri Jul 25 00:10:25 2003 :: Log Paladine: tele mishwizi 102
Fri Jul 25 00:10:30 2003 :: Log Paladine: snoop self
Fri Jul 25 00:10:31 2003 :: Log Paladine: tele mish
Fri Jul 25 00:11:09 2003 :: Log Paladine: set char mishakal align 100
Fri Jul 25 00:11:32 2003 :: Log Paladine: ban
Fri Jul 25 00:30:11 2003 :: Log Paladine: asave area
Fri Jul 25 00:38:42 2003 :: Log Paladine: asave area
Fri Jul 25 00:38:51 2003 :: Log Paladine: load obj 1215
Fri Jul 25 00:39:12 2003 :: Log Paladine: set char mishakal align 1000
Fri Jul 25 00:43:18 2003 :: Sock.sinaddr:  65.212.174.2
Fri Jul 25 00:43:24 2003 :: Log Paladine: snoop mish
Fri Jul 25 00:43:25 2003 :: Loading Kougyoku.
Fri Jul 25 00:43:27 2003 :: Look out, Kougyoku@usr2.netro-corp.com has connected.
Fri Jul 25 00:43:32 2003 :: Log Paladine: snoop self
Fri Jul 25 00:43:40 2003 :: Sock.sinaddr:  66.58.231.12
Fri Jul 25 00:43:42 2003 :: Loading Mishakal.
Fri Jul 25 00:43:45 2003 :: Closing link to Mishakal.
Fri Jul 25 00:43:45 2003 :: Mishakal@12-231-58-66.gci.net reconnected.
Fri Jul 25 00:43:45 2003 :: EOF encountered on read.
Fri Jul 25 00:43:45 2003 :: Closing link to Mishakal.
Fri Jul 25 00:43:51 2003 :: Sock.sinaddr:  66.58.231.12
Fri Jul 25 00:43:52 2003 :: Loading Mishakal.
Fri Jul 25 00:43:52 2003 :: Mishakal@12-231-58-66.gci.net reconnected.
Fri Jul 25 00:44:06 2003 :: Sock.sinaddr:  66.58.231.12
Fri Jul 25 00:44:07 2003 :: Loading Allyria.
Fri Jul 25 00:44:07 2003 :: Look out, Allyria@12-231-58-66.gci.net has connected.
Fri Jul 25 00:47:07 2003 :: Log Paladine: tele kou dranth
Fri Jul 25 00:47:47 2003 :: Log Paladine: purge
Fri Jul 25 00:48:01 2003 :: Log Paladine: purge
Fri Jul 25 00:48:46 2003 :: Log Paladine: purge
Fri Jul 25 00:50:45 2003 :: Log Paladine: purge
Fri Jul 25 00:50:57 2003 :: Log Paladine: purge
Fri Jul 25 00:52:58 2003 :: Log Paladine: tele koug 15605
Fri Jul 25 00:53:41 2003 :: Log Paladine: asave area
Fri Jul 25 00:54:29 2003 :: Log Paladine: tele kou
Fri Jul 25 00:54:41 2003 :: Log Paladine: slay war
Fri Jul 25 01:15:25 2003 :: Sock.sinaddr:  35.12.23.166
Fri Jul 25 01:15:28 2003 :: Loading Garrett.
Fri Jul 25 01:15:31 2003 :: Look out, Garrett@pm841-14.dialip.mich.net has connected.
Fri Jul 25 01:17:05 2003 :: Log Paladine: asp mish af
Fri Jul 25 01:17:16 2003 :: Sock.sinaddr:  204.209.44.14
Fri Jul 25 01:17:17 2003 :: EOF encountered on read.
Fri Jul 25 01:18:04 2003 :: Log Paladine: restore
Fri Jul 25 01:20:31 2003 :: Sock.sinaddr:  193.136.33.200
Fri Jul 25 01:20:40 2003 :: Sock.sinaddr:  193.136.33.200
Fri Jul 25 01:20:44 2003 :: Loading Petrus.
Fri Jul 25 01:20:46 2003 :: Look out, Petrus@aulas-i-p2.fe.up.pt has connected.
Fri Jul 25 01:20:49 2003 :: Loading Halig.
Fri Jul 25 01:20:52 2003 :: Look out, Halig@aulas-i-p2.fe.up.pt has connected.
Fri Jul 25 01:21:34 2003 :: Kougyoku has quit.
Fri Jul 25 01:21:43 2003 :: Paladine has quit.
Fri Jul 25 01:23:36 2003 :: Allyria has quit.
Fri Jul 25 01:23:38 2003 :: Halig killed by a noble at 17796
Fri Jul 25 01:23:52 2003 :: Sock.sinaddr:  193.136.33.200
Fri Jul 25 01:24:00 2003 :: Loading Pankas.
Fri Jul 25 01:24:03 2003 :: Look out, Pankas@aulas-i-p2.fe.up.pt has connected.
Fri Jul 25 01:26:26 2003 :: [WARNING] Mishakal says: That is not of my doing, The name may be the cause as it is an illegal un-original name for this MUD
Fri Jul 25 01:33:24 2003 :: pm841-14.dialip.mich.net input spamming!
Fri Jul 25 01:33:30 2003 :: pm841-14.dialip.mich.net input spamming!
Fri Jul 25 01:33:36 2003 :: pm841-14.dialip.mich.net input spamming!
Fri Jul 25 01:33:42 2003 :: pm841-14.dialip.mich.net input spamming!
Fri Jul 25 01:33:49 2003 :: pm841-14.dialip.mich.net input spamming!
Fri Jul 25 01:37:01 2003 :: Pankas has quit.
Fri Jul 25 01:49:00 2003 :: Sock.sinaddr:  66.58.231.12
Fri Jul 25 01:50:08 2003 :: Kylera@12-231-58-66.gci.net new player.
Fri Jul 25 01:52:47 2003 :: Kylera gained level 2
Fri Jul 25 01:55:11 2003 :: Sock.sinaddr:  216.40.217.211
Fri Jul 25 01:55:11 2003 :: EOF encountered on read.
Fri Jul 25 01:58:14 2003 :: Kylera gained level 3
Fri Jul 25 01:59:02 2003 :: Kylera gained level 4
Fri Jul 25 02:01:02 2003 :: Kylera gained level 5
Fri Jul 25 02:03:59 2003 :: Petrus has quit.
Fri Jul 25 02:04:22 2003 :: Sock.sinaddr:  65.212.174.2
Fri Jul 25 02:04:24 2003 :: Loading Paladine.
Fri Jul 25 02:04:28 2003 :: Look out, Paladine@usr2.netro-corp.com has connected.
Fri Jul 25 02:04:44 2003 :: Halig has quit.
Fri Jul 25 02:06:48 2003 :: Sock.sinaddr:  193.136.33.200
Fri Jul 25 02:06:52 2003 :: Loading Petrus.
Fri Jul 25 02:06:54 2003 :: Look out, Petrus@aulas-i-p2.fe.up.pt has connected.
Fri Jul 25 02:06:58 2003 :: Sock.sinaddr:  193.136.33.200
Fri Jul 25 02:07:01 2003 :: Loading Halig.
Fri Jul 25 02:07:04 2003 :: Look out, Halig@aulas-i-p2.fe.up.pt has connected.
Fri Jul 25 02:08:14 2003 :: Kylera gained level 6
Fri Jul 25 02:12:15 2003 :: Garrett has quit.
Fri Jul 25 02:12:31 2003 :: Sock.sinaddr:  35.12.23.166
Fri Jul 25 02:12:34 2003 :: Loading Kaillen.
Fri Jul 25 02:12:37 2003 :: Look out, Kaillen@pm841-14.dialip.mich.net has connected.
Fri Jul 25 02:13:05 2003 :: Log Paladine: tele petrus
Fri Jul 25 02:15:45 2003 :: Log Paladine: pload magius
Fri Jul 25 02:17:15 2003 :: Log Paladine: tele petrus minot
Fri Jul 25 02:20:38 2003 :: Log Paladine: check
Fri Jul 25 02:21:37 2003 :: Kylera has quit.
Fri Jul 25 02:39:36 2003 :: Halig gained level 31
Fri Jul 25 02:42:33 2003 :: Sock.sinaddr:  193.136.33.200
Fri Jul 25 02:42:39 2003 :: Loading Malakyth.
Fri Jul 25 02:42:41 2003 :: Look out, Malakyth@aulas-i-p2.fe.up.pt has connected.
Fri Jul 25 02:50:12 2003 :: Log Paladine: switch wandering kender
Fri Jul 25 02:50:20 2003 :: Log Paladine: switch 'wandering kender'
Fri Jul 25 02:58:17 2003 :: Log Paladine: switch kend
Fri Jul 25 02:59:16 2003 :: Log Paladine: switch kend
Fri Jul 25 02:59:54 2003 :: Log Paladine: slay ken
Fri Jul 25 03:00:29 2003 :: Paladine has quit.
Fri Jul 25 03:03:49 2003 :: Sock.sinaddr:  65.212.174.2
Fri Jul 25 03:03:52 2003 :: Loading Paladine.
Fri Jul 25 03:03:56 2003 :: Look out, Paladine@usr2.netro-corp.com has connected.
Fri Jul 25 03:04:58 2003 :: Kaillen has quit.
Fri Jul 25 03:05:23 2003 :: Sock.sinaddr:  65.212.174.2
Fri Jul 25 03:05:26 2003 :: Loading Kougyoku.
Fri Jul 25 03:05:27 2003 :: Look out, Kougyoku@usr2.netro-corp.com has connected.
Fri Jul 25 03:07:49 2003 :: Malakyth has quit.
Fri Jul 25 03:07:58 2003 :: Petrus has quit.
Fri Jul 25 03:08:44 2003 :: Sock.sinaddr:  193.136.33.200
Fri Jul 25 03:08:47 2003 :: Loading Petrus.
Fri Jul 25 03:08:49 2003 :: Petrus. Bad Password. IP: aulas-i-p2.fe.up.pt> passwor
Fri Jul 25 03:08:49 2003 :: Closing link to Petrus.
Fri Jul 25 03:08:52 2003 :: Sock.sinaddr:  193.136.33.200
Fri Jul 25 03:08:55 2003 :: Loading Petrus.
Fri Jul 25 03:08:57 2003 :: Look out, Petrus@aulas-i-p2.fe.up.pt has connected.
Fri Jul 25 03:09:11 2003 :: Mishakal has quit.
Fri Jul 25 03:09:14 2003 :: Kougyoku has quit.
Fri Jul 25 03:09:58 2003 :: Petrus has quit.
Fri Jul 25 03:10:04 2003 :: Sock.sinaddr:  193.136.33.200
Fri Jul 25 03:10:08 2003 :: Loading Gilead.
Fri Jul 25 03:10:11 2003 :: Look out, Gilead@aulas-i-p2.fe.up.pt has connected.
Fri Jul 25 03:10:30 2003 :: Gilead has quit.
Fri Jul 25 03:10:36 2003 :: Sock.sinaddr:  193.136.33.200
Fri Jul 25 03:10:41 2003 :: Loading Alexander.
Fri Jul 25 03:10:44 2003 :: Look out, Alexander@aulas-i-p2.fe.up.pt has connected.
Fri Jul 25 03:11:32 2003 :: Log Paladine: purge
Fri Jul 25 03:11:37 2003 :: Log Paladine: asave area
Fri Jul 25 03:12:12 2003 :: Alexander has quit.
Fri Jul 25 03:12:54 2003 :: Log Paladine: purge
Fri Jul 25 03:13:04 2003 :: Log Paladine: asave area
Fri Jul 25 03:17:10 2003 :: Log Paladine: asave area
Fri Jul 25 03:23:07 2003 :: Log Paladine: asave area
Fri Jul 25 03:26:37 2003 :: Paladine has quit.
Fri Jul 25 03:28:45 2003 :: Halig has quit.
Fri Jul 25 03:33:26 2003 :: Sock.sinaddr:  193.136.33.200
Fri Jul 25 03:33:30 2003 :: Loading Halig.
Fri Jul 25 03:33:31 2003 :: Halig. Bad Password. IP: aulas-i-p2.fe.up.pt> 
Fri Jul 25 03:33:31 2003 :: Closing link to Halig.
Fri Jul 25 03:33:32 2003 :: Sock.sinaddr:  193.136.33.200
Fri Jul 25 03:33:35 2003 :: Loading Halig.
Fri Jul 25 03:33:37 2003 :: Look out, Halig@aulas-i-p2.fe.up.pt has connected.
Fri Jul 25 03:33:53 2003 :: Sock.sinaddr:  193.136.33.200
Fri Jul 25 03:33:58 2003 :: Sock.sinaddr:  193.136.33.200
Fri Jul 25 03:34:03 2003 :: Loading Petrus.
Fri Jul 25 03:34:06 2003 :: Look out, Petrus@aulas-i-p2.fe.up.pt has connected.
Fri Jul 25 04:01:10 2003 :: Halig gained level 32
Fri Jul 25 04:19:14 2003 :: Sock.sinaddr:  65.212.174.2
Fri Jul 25 04:19:32 2003 :: Loading Paladine.
Fri Jul 25 04:19:37 2003 :: Look out, Paladine@usr2.netro-corp.com has connected.
Fri Jul 25 04:24:59 2003 :: Halig gained level 33
Fri Jul 25 04:28:32 2003 :: Sock.sinaddr:  172.191.172.73
Fri Jul 25 04:28:35 2003 :: Loading Quanto.
Fri Jul 25 04:28:38 2003 :: Look out, Quanto@ACBFAC49.ipt.aol.com has connected.
Fri Jul 25 04:29:09 2003 :: Quanto has quit.
Fri Jul 25 04:29:21 2003 :: Log Paladine: asave area
Fri Jul 25 04:29:25 2003 :: Log Paladine: purge
Fri Jul 25 04:30:01 2003 :: Log Paladine: asave area
Fri Jul 25 04:30:26 2003 :: Log Paladine: asave area
Fri Jul 25 04:31:24 2003 :: Log Paladine: purge
Fri Jul 25 04:32:36 2003 :: Log Paladine: asave area
Fri Jul 25 04:34:25 2003 :: Log Paladine: asave area
Fri Jul 25 04:34:42 2003 :: Log Paladine: purge
Fri Jul 25 04:34:45 2003 :: Log Paladine: purge
Fri Jul 25 04:35:02 2003 :: Log Paladine: asave area
Fri Jul 25 04:35:49 2003 :: Sock.sinaddr:  193.136.33.200
Fri Jul 25 04:35:50 2003 :: Loading Cetebelem.
Fri Jul 25 04:35:50 2003 :: Look out, Cetebelem@aulas-i-p2.fe.up.pt has connected.
Fri Jul 25 04:35:52 2003 :: Sock.sinaddr:  193.136.33.200
Fri Jul 25 04:35:53 2003 :: Loading Mithras.
Fri Jul 25 04:35:53 2003 :: Look out, Mithras@aulas-i-p2.fe.up.pt has connected.
Fri Jul 25 04:36:05 2003 :: Halig killed by a grave digger at 17854
Fri Jul 25 04:36:55 2003 :: Log Paladine: asave area
Fri Jul 25 04:38:30 2003 :: Log Paladine: asave area
Fri Jul 25 04:38:35 2003 :: Log Paladine: purge
Fri Jul 25 04:39:16 2003 :: Log Paladine: purg
Fri Jul 25 04:39:21 2003 :: Log Paladine: asave area
Fri Jul 25 04:41:30 2003 :: Sock.sinaddr:  193.136.33.200
Fri Jul 25 04:41:37 2003 :: Loading Malakyth.
Fri Jul 25 04:41:39 2003 :: Look out, Malakyth@aulas-i-p2.fe.up.pt has connected.
Fri Jul 25 04:47:32 2003 :: Log Paladine: asave area
Fri Jul 25 04:48:08 2003 :: Log Paladine: purge
Fri Jul 25 04:52:50 2003 :: Malakyth has quit.
Fri Jul 25 04:53:47 2003 :: Mithras has quit.
Fri Jul 25 04:53:56 2003 :: Cetebelem has quit.
Fri Jul 25 04:57:14 2003 :: Sock.sinaddr:  193.136.33.200
Fri Jul 25 04:57:24 2003 :: Loading Malakyth.
Fri Jul 25 04:57:26 2003 :: Look out, Malakyth@aulas-i-p2.fe.up.pt has connected.
Fri Jul 25 04:58:16 2003 :: Sock.sinaddr:  81.193.16.15
Fri Jul 25 04:58:21 2003 :: Loading Adamastor.
Fri Jul 25 04:58:21 2003 :: Look out, Adamastor@81.193.16.15 has connected.
Fri Jul 25 05:08:39 2003 :: Log Paladine: snoop adamastor
Fri Jul 25 05:12:18 2003 :: Log Paladine: asp adam quest info
Fri Jul 25 05:17:16 2003 :: Petrus has quit.
Fri Jul 25 05:21:04 2003 :: Halig has quit.
Fri Jul 25 05:24:26 2003 :: Log Paladine: snoop self
Fri Jul 25 05:24:33 2003 :: Log Paladine: asp adam i
Fri Jul 25 05:24:38 2003 :: Log Paladine: asp adam l i can
Fri Jul 25 05:25:27 2003 :: Log Paladine: set char adamastor align 1000
Fri Jul 25 05:29:29 2003 :: Log Paladine: clean all
Fri Jul 25 05:29:29 2003 :: Deleted - Altessa

Fri Jul 25 05:29:29 2003 :: Deleted - Kellon

Fri Jul 25 05:29:48 2003 :: Log Paladine: ban
Fri Jul 25 05:29:57 2003 :: Log Paladine: allow bc.hsia.telus.net
Fri Jul 25 05:31:12 2003 :: Log Paladine: laston sievel
Fri Jul 25 05:32:07 2003 :: Log Paladine: tele cat
Fri Jul 25 05:32:37 2003 :: Log Paladine: purge
Fri Jul 25 05:35:56 2003 :: Paladine has quit.
Fri Jul 25 05:36:05 2003 :: Sock.sinaddr:  193.136.33.200
Fri Jul 25 05:36:20 2003 :: Loading Mithras.
Fri Jul 25 05:36:25 2003 :: Look out, Mithras@aulas-i-p2.fe.up.pt has connected.
Fri Jul 25 05:50:04 2003 :: Sock.sinaddr:  193.136.33.200
Fri Jul 25 05:50:14 2003 :: Loading Halig.
Fri Jul 25 05:50:16 2003 :: Look out, Halig@aulas-i-p2.fe.up.pt has connected.
Fri Jul 25 05:53:05 2003 :: Mithras has quit.
Fri Jul 25 05:54:33 2003 :: Sock.sinaddr:  193.136.33.200
Fri Jul 25 05:54:37 2003 :: Loading Nandu.
Fri Jul 25 05:54:39 2003 :: Look out, Nandu@aulas-i-p2.fe.up.pt has connected.
Fri Jul 25 05:58:56 2003 :: Nandu has quit.
Fri Jul 25 06:02:33 2003 :: Sock.sinaddr:  66.58.231.12
Fri Jul 25 06:02:34 2003 :: Loading Mishakal.
Fri Jul 25 06:02:34 2003 :: Look out, Mishakal@12-231-58-66.gci.net has connected.
Fri Jul 25 06:03:07 2003 :: Sock.sinaddr:  66.58.231.12
Fri Jul 25 06:03:08 2003 :: Loading Kylera.
Fri Jul 25 06:03:09 2003 :: Kylera. Bad Password. IP: 12-231-58-66.gci.net> limes
Fri Jul 25 06:03:09 2003 :: Closing link to Kylera.
Fri Jul 25 06:03:25 2003 :: Sock.sinaddr:  66.58.231.12
Fri Jul 25 06:03:26 2003 :: Loading Kylera.
Fri Jul 25 06:03:26 2003 :: Kylera. Bad Password. IP: 12-231-58-66.gci.net> thornwraithe
Fri Jul 25 06:03:26 2003 :: Closing link to Kylera.
Fri Jul 25 06:03:36 2003 :: Sock.sinaddr:  66.58.231.12
Fri Jul 25 06:03:37 2003 :: Loading Kylera.
Fri Jul 25 06:03:37 2003 :: Look out, Kylera@12-231-58-66.gci.net has connected.
Fri Jul 25 06:05:03 2003 :: Halig has quit.
Fri Jul 25 06:10:32 2003 :: Sock.sinaddr:  193.136.33.200
Fri Jul 25 06:10:35 2003 :: Loading Halig.
Fri Jul 25 06:10:38 2003 :: Look out, Halig@aulas-i-p2.fe.up.pt has connected.
Fri Jul 25 06:11:26 2003 :: Adamastor has quit.
Fri Jul 25 06:16:41 2003 :: Sock.sinaddr:  193.136.33.200
Fri Jul 25 06:16:57 2003 :: Loading Durak.
Fri Jul 25 06:17:00 2003 :: Look out, Durak@aulas-i-p2.fe.up.pt has connected.
Fri Jul 25 06:18:24 2003 :: Kylera gained level 7
Fri Jul 25 06:21:29 2003 :: Kylera gained level 8
Fri Jul 25 06:22:01 2003 :: Halig has quit.
Fri Jul 25 06:29:41 2003 :: Kylera gained level 9
Fri Jul 25 06:33:24 2003 :: Sock.sinaddr:  68.99.148.39
Fri Jul 25 06:33:44 2003 :: Kylera has quit.
Fri Jul 25 06:36:08 2003 :: [WARNING] Durak replies to Mishakal: so i am tired of being rollplaying ... and most of all players receive free xp for their rollplay ... and they level more frequently than i .... i have 200 hours of muding ... i thought this was a rollplaying game .... but it isnt its a level game ...
Fri Jul 25 06:37:10 2003 :: Chath@ip68-99-148-39.mc.at.cox.net new player.
Fri Jul 25 06:44:19 2003 :: Sock.sinaddr:  66.58.231.12
Fri Jul 25 06:44:20 2003 :: Loading Kylera.
Fri Jul 25 06:44:20 2003 :: Look out, Kylera@12-231-58-66.gci.net has connected.
Fri Jul 25 06:45:53 2003 :: Kylera gained level 10
Fri Jul 25 06:46:05 2003 :: Chath killed by a chained criminal at 3710
Fri Jul 25 06:48:43 2003 :: Sock.sinaddr:  193.136.33.200
Fri Jul 25 06:48:48 2003 :: Loading Petrus.
Fri Jul 25 06:48:50 2003 :: Look out, Petrus@aulas-i-p2.fe.up.pt has connected.
Fri Jul 25 06:55:47 2003 :: Sock.sinaddr:  193.136.33.200
Fri Jul 25 06:55:52 2003 :: Loading Halig.
Fri Jul 25 06:55:54 2003 :: Look out, Halig@aulas-i-p2.fe.up.pt has connected.
Fri Jul 25 06:56:41 2003 :: Chath killed by a chained criminal at 3710
Fri Jul 25 07:01:54 2003 :: Petrus has quit.
Fri Jul 25 07:02:05 2003 :: Durak has quit.
Fri Jul 25 07:02:05 2003 :: Kylera gained level 11
Fri Jul 25 07:09:24 2003 :: Kylera has quit.
Fri Jul 25 07:18:01 2003 :: Sock.sinaddr:  193.136.33.200
Fri Jul 25 07:18:05 2003 :: Loading Petrus.
Fri Jul 25 07:18:07 2003 :: Look out, Petrus@aulas-i-p2.fe.up.pt has connected.
Fri Jul 25 07:21:24 2003 :: Petrus has quit.
Fri Jul 25 07:32:55 2003 :: Sock.sinaddr:  68.99.148.39
Fri Jul 25 07:32:59 2003 :: EOF encountered on read.
Fri Jul 25 07:41:15 2003 :: Sock.sinaddr:  68.71.152.224
Fri Jul 25 07:41:22 2003 :: Loading Ulas.
Fri Jul 25 07:41:28 2003 :: Look out, Ulas@ky-richmond3c-224.rhmdky.adelphia.net has connected.
Fri Jul 25 07:51:30 2003 :: Chath killed by a chained criminal at 3710
Fri Jul 25 07:56:48 2003 :: Sock.sinaddr:  64.40.51.134
Fri Jul 25 07:56:49 2003 :: Loading Paladine.
Fri Jul 25 07:56:50 2003 :: Look out, Paladine@64-40-51-134.ncplus.net has connected.
Fri Jul 25 07:57:19 2003 :: Malakyth has quit.
Fri Jul 25 07:57:48 2003 :: Log Paladine: tele mish
Fri Jul 25 08:03:51 2003 :: Sock.sinaddr:  193.136.33.200
Fri Jul 25 08:04:04 2003 :: Loading Petrus.
Fri Jul 25 08:04:05 2003 :: Look out, Petrus@aulas-i-p2.fe.up.pt has connected.
Fri Jul 25 08:11:21 2003 :: Sock.sinaddr:  193.136.33.200
Fri Jul 25 08:12:39 2003 :: Loading Malakyth.
Fri Jul 25 08:12:42 2003 :: Look out, Malakyth@aulas-i-p2.fe.up.pt has connected.
Fri Jul 25 08:14:16 2003 :: Ulas has quit.
Fri Jul 25 08:14:55 2003 :: Sock.sinaddr:  66.58.231.12
Fri Jul 25 08:14:57 2003 :: Loading Lyrasarya.
Fri Jul 25 08:14:57 2003 :: Look out, Lyrasarya@12-231-58-66.gci.net has connected.
Fri Jul 25 08:16:54 2003 :: Log Paladine: gecho 2 copyover coming.. Pick up your tents/etc off the ground
Fri Jul 25 08:17:28 2003 :: Log Paladine: force all save
Fri Jul 25 08:17:40 2003 :: Malakyth has quit.
Fri Jul 25 08:17:43 2003 :: Petrus has quit.
Fri Jul 25 08:17:44 2003 :: Halig has quit.
Fri Jul 25 08:17:54 2003 :: Log Paladine: gecho I did not say log off
Fri Jul 25 08:18:08 2003 :: Log Paladine: asave changed
Fri Jul 25 08:18:15 2003 :: Log Paladine: copyover
Fri Jul 25 08:18:15 2003 :: ROM is ready to rock on port 6100.
Fri Jul 25 08:18:15 2003 :: Copyover recovery initiated
Fri Jul 25 08:18:15 2003 :: Loading Lyrasarya.
Fri Jul 25 08:18:15 2003 :: Loading Paladine.
Fri Jul 25 08:18:15 2003 :: Loading Chath.
Fri Jul 25 08:18:15 2003 :: Loading Mishakal.
Fri Jul 25 08:19:25 2003 :: Log Paladine: copyover
Fri Jul 25 08:19:25 2003 :: ROM is ready to rock on port 6100.
Fri Jul 25 08:19:25 2003 :: Copyover recovery initiated
Fri Jul 25 08:19:25 2003 :: Loading Mishakal.
Fri Jul 25 08:19:25 2003 :: Loading Chath.
Fri Jul 25 08:19:25 2003 :: Loading Paladine.
Fri Jul 25 08:19:25 2003 :: Loading Lyrasarya.
Fri Jul 25 08:19:48 2003 :: Log Paladine: tele mish
Fri Jul 25 08:20:40 2003 :: Sock.sinaddr:  193.136.33.200
Fri Jul 25 08:20:46 2003 :: Loading Halig.
Fri Jul 25 08:20:48 2003 :: Look out, Halig@aulas-i-p2.fe.up.pt has connected.
Fri Jul 25 08:20:56 2003 :: Log Paladine: tele mish
Fri Jul 25 08:21:11 2003 :: Sock.sinaddr:  193.136.33.200
Fri Jul 25 08:21:18 2003 :: Loading Malakyth.
Fri Jul 25 08:21:20 2003 :: Look out, Malakyth@aulas-i-p2.fe.up.pt has connected.
Fri Jul 25 08:21:31 2003 :: Log Paladine: tele mish
Fri Jul 25 08:25:45 2003 :: Log Paladine: asave area
Fri Jul 25 08:25:55 2003 :: Log Paladine: asave area
Fri Jul 25 08:27:01 2003 :: Sock.sinaddr:  65.31.34.11
Fri Jul 25 08:27:02 2003 :: Loading Falcor.
Fri Jul 25 08:27:02 2003 :: Look out, Falcor@dhcp065-031-034-011.woh.rr.com has connected.
Fri Jul 25 08:27:07 2003 :: Falcor has quit.
Fri Jul 25 08:30:06 2003 :: Log Paladine: asave area
Fri Jul 25 08:30:16 2003 :: Log Paladine: asave area
Fri Jul 25 08:31:19 2003 :: Log Paladine: tele mish
Fri Jul 25 08:32:31 2003 :: Chath gained level 2
Fri Jul 25 08:33:21 2003 :: Log Paladine: asave area
Fri Jul 25 08:33:26 2003 :: Log Paladine: asave area
Fri Jul 25 08:34:16 2003 :: Malakyth has quit.
Fri Jul 25 08:34:26 2003 :: Sock.sinaddr:  193.136.33.200
Fri Jul 25 08:34:32 2003 :: Loading Malakyth.
Fri Jul 25 08:34:32 2003 :: Malakyth. Bad Password. IP: aulas-i-p2.fe.up.pt> 
Fri Jul 25 08:34:32 2003 :: Closing link to Malakyth.
Fri Jul 25 08:34:43 2003 :: Sock.sinaddr:  193.136.33.200
Fri Jul 25 08:34:53 2003 :: Loading Malakyth.
Fri Jul 25 08:34:57 2003 :: Look out, Malakyth@aulas-i-p2.fe.up.pt has connected.
Fri Jul 25 08:35:03 2003 :: Malakyth has quit.
Fri Jul 25 08:35:08 2003 :: Sock.sinaddr:  193.136.33.200
Fri Jul 25 08:35:18 2003 :: Loading Petrus.
Fri Jul 25 08:35:21 2003 :: Look out, Petrus@aulas-i-p2.fe.up.pt has connected.
Fri Jul 25 08:35:29 2003 :: Log Paladine: snoop pet
Fri Jul 25 08:36:27 2003 :: Log Paladine: check
Fri Jul 25 08:38:46 2003 :: Sock.sinaddr:  193.136.33.200
Fri Jul 25 08:38:48 2003 :: Loading Sirob.
Fri Jul 25 08:38:48 2003 :: Look out, Sirob@aulas-i-p2.fe.up.pt has connected.
Fri Jul 25 08:39:34 2003 :: Log Paladine: freeze hal
Fri Jul 25 08:39:36 2003 :: Log Paladine: freeze pe
Fri Jul 25 08:39:44 2003 :: Log Paladine: tele petrus
Fri Jul 25 08:39:46 2003 :: Log Paladine: tele hal
Fri Jul 25 08:39:58 2003 :: Log Paladine: freeze pet
Fri Jul 25 08:40:03 2003 :: Log Paladine: freeze hal
Fri Jul 25 08:43:11 2003 :: Sirob has quit.
Fri Jul 25 08:45:56 2003 :: Log Paladine: noexp pet
Fri Jul 25 08:46:04 2003 :: Log Paladine: noexp halig
Fri Jul 25 08:49:00 2003 :: Log Paladine: snoop self
Fri Jul 25 09:02:10 2003 :: Chath gained level 3
Fri Jul 25 09:05:56 2003 :: Petrus has quit.
Fri Jul 25 09:10:25 2003 :: Sock.sinaddr:  193.136.33.200
Fri Jul 25 09:10:26 2003 :: Loading Sirob.
Fri Jul 25 09:10:27 2003 :: Look out, Sirob@aulas-i-p2.fe.up.pt has connected.
Fri Jul 25 09:11:22 2003 :: Sirob has quit.
Fri Jul 25 09:11:25 2003 :: Halig has quit.
Fri Jul 25 09:11:26 2003 :: Sock.sinaddr:  193.136.33.200
Fri Jul 25 09:11:28 2003 :: Loading Nospheratus.
Fri Jul 25 09:11:28 2003 :: Look out, Nospheratus@aulas-i-p2.fe.up.pt has connected.
Fri Jul 25 09:16:19 2003 :: Log Paladine: snoop nos
Fri Jul 25 09:17:44 2003 :: Log Paladine: asave area
Fri Jul 25 09:18:52 2003 :: Log Paladine: purge qualinesti
Fri Jul 25 09:18:58 2003 :: Log Paladine: purge qualinesti
Fri Jul 25 09:18:58 2003 :: Log Paladine: purge qualinesti
Fri Jul 25 09:18:58 2003 :: Log Paladine: purge qualinesti
Fri Jul 25 09:18:59 2003 :: Log Paladine: purge qualinesti
Fri Jul 25 09:18:59 2003 :: Log Paladine: purge qualinesti
Fri Jul 25 09:19:00 2003 :: Log Paladine: purge qualinesti
Fri Jul 25 09:19:00 2003 :: Log Paladine: purge qualinesti
Fri Jul 25 09:19:00 2003 :: Log Paladine: purge qualinesti
Fri Jul 25 09:19:01 2003 :: Log Paladine: purge qualinesti
Fri Jul 25 09:19:01 2003 :: Log Paladine: purge qualinesti
Fri Jul 25 09:19:02 2003 :: Log Paladine: purge qualinesti
Fri Jul 25 09:19:02 2003 :: Log Paladine: purge qualinesti
Fri Jul 25 09:19:13 2003 :: Log Paladine: asave area
Fri Jul 25 09:21:30 2003 :: Log Paladine: tele dog
Fri Jul 25 09:21:51 2003 :: Log Paladine: tele 31.dog
Fri Jul 25 09:22:04 2003 :: Log Paladine: snoop self
Fri Jul 25 09:22:45 2003 :: Log Paladine: load mob 3029
Fri Jul 25 09:22:49 2003 :: Log Paladine: clone dog
Fri Jul 25 09:22:50 2003 :: Log Paladine: clone dog
Fri Jul 25 09:22:50 2003 :: Log Paladine: clone dog
Fri Jul 25 09:23:11 2003 :: Log Paladine: clone d
Fri Jul 25 09:23:45 2003 :: Log Paladine: load mob 3030
Fri Jul 25 09:23:47 2003 :: Log Paladine: load mob 3030
Fri Jul 25 09:23:47 2003 :: Log Paladine: load mob 3030
Fri Jul 25 09:23:48 2003 :: Log Paladine: load mob 3030
Fri Jul 25 09:23:48 2003 :: Log Paladine: load mob 3030
Fri Jul 25 09:23:48 2003 :: Log Paladine: load mob 3030
Fri Jul 25 09:23:49 2003 :: Log Paladine: load mob 3030
Fri Jul 25 09:23:49 2003 :: Log Paladine: load mob 3030
Fri Jul 25 09:23:49 2003 :: Log Paladine: load mob 3030
Fri Jul 25 09:27:38 2003 :: Chath gained level 4
Fri Jul 25 09:27:40 2003 :: Log Paladine: load obj 5740
Fri Jul 25 09:27:45 2003 :: Log Paladine: snoop mish
Fri Jul 25 09:27:57 2003 :: Sock.sinaddr:  193.136.33.200
Fri Jul 25 09:28:03 2003 :: Loading Halig.
Fri Jul 25 09:28:05 2003 :: Look out, Halig@aulas-i-p2.fe.up.pt has connected.
Fri Jul 25 09:28:20 2003 :: Log Paladine: snoop self
Fri Jul 25 09:28:58 2003 :: aulas-i-p2.fe.up.pt input spamming!
Fri Jul 25 09:30:49 2003 :: Log Paladine: tele mish
Fri Jul 25 09:31:20 2003 :: Halig has quit.
Fri Jul 25 09:32:14 2003 :: Lyrasarya gained level 8
Fri Jul 25 09:34:08 2003 :: Log Paladine: snoop mish
Fri Jul 25 09:34:29 2003 :: Log Paladine: purge
Fri Jul 25 09:35:37 2003 :: Log Paladine: grab leather mish
Fri Jul 25 09:36:44 2003 :: Log Paladine: asave area
Fri Jul 25 09:37:03 2003 :: Log Paladine: asave area
Fri Jul 25 09:37:13 2003 :: Log Paladine: purge
Fri Jul 25 09:38:07 2003 :: Log Paladine: purge
Fri Jul 25 09:39:08 2003 :: Log Paladine: asp mish i
Fri Jul 25 09:39:51 2003 :: aulas-i-p2.fe.up.pt input spamming!
Fri Jul 25 09:40:06 2003 :: Log Paladine: purge
Fri Jul 25 09:40:06 2003 :: [*****] BUG: Sig handler SIGSEGV
Fri Jul 25 09:40:06 2003 :: Saved zones:
Fri Jul 25 09:40:06 2003 :: None.
Fri Jul 25 09:40:06 2003 :: ROM is ready to rock on port 6100.
Fri Jul 25 09:40:06 2003 :: Copyover recovery initiated
Fri Jul 25 09:40:06 2003 :: Loading Nospheratus.
Fri Jul 25 09:40:06 2003 :: Loading Lyrasarya.
Fri Jul 25 09:40:06 2003 :: Loading Paladine.
Fri Jul 25 09:40:06 2003 :: Loading Chath.
Fri Jul 25 09:40:06 2003 :: Loading Mishakal.
Fri Jul 25 09:41:59 2003 :: Log Paladine: purge
Fri Jul 25 09:42:00 2003 :: [*****] BUG: Sig handler SIGSEGV
Fri Jul 25 09:42:00 2003 :: Saved zones:
Fri Jul 25 09:42:00 2003 :: None.
Fri Jul 25 09:42:00 2003 :: ROM is ready to rock on port 6100.
Fri Jul 25 09:42:00 2003 :: Copyover recovery initiated
Fri Jul 25 09:42:00 2003 :: Loading Mishakal.
Fri Jul 25 09:42:00 2003 :: Loading Chath.
Fri Jul 25 09:42:00 2003 :: Loading Paladine.
Fri Jul 25 09:42:00 2003 :: Loading Lyrasarya.
Fri Jul 25 09:42:00 2003 :: Loading Nospheratus.
Fri Jul 25 09:42:06 2003 :: Log Paladine: gecho Found it
Fri Jul 25 09:42:19 2003 :: Lyrasarya has quit.
Fri Jul 25 09:42:33 2003 :: Log Paladine: purge
Fri Jul 25 09:42:37 2003 :: Log Paladine: purge
Fri Jul 25 09:43:35 2003 :: Sock.sinaddr:  81.193.29.235
Fri Jul 25 09:43:39 2003 :: Loading Sphera.
Fri Jul 25 09:43:40 2003 :: Look out, Sphera@81.193.29.235 has connected.
Fri Jul 25 09:43:53 2003 :: Log Paladine: asave area
Fri Jul 25 09:45:45 2003 :: aulas-i-p2.fe.up.pt input spamming!
Fri Jul 25 09:46:15 2003 :: Chath gained level 5
Fri Jul 25 09:47:54 2003 :: Sock.sinaddr:  172.131.62.214
Fri Jul 25 09:48:15 2003 :: Closing link to Melah.
Fri Jul 25 09:48:32 2003 :: Sock.sinaddr:  172.131.62.214
Fri Jul 25 09:48:56 2003 :: Loading Meliah.
Fri Jul 25 09:48:59 2003 :: Look out, Meliah@AC833ED6.ipt.aol.com has connected.
Fri Jul 25 09:52:43 2003 :: Nospheratus has quit.
Fri Jul 25 09:54:19 2003 :: Meliah has quit.
Fri Jul 25 09:55:22 2003 :: Sphera has quit.
Fri Jul 25 09:57:57 2003 :: Sock.sinaddr:  193.136.33.200
Fri Jul 25 09:57:57 2003 :: Loading Sirob.
Fri Jul 25 09:57:58 2003 :: Look out, Sirob@aulas-i-p2.fe.up.pt has connected.
Fri Jul 25 10:01:59 2003 :: aulas-i-p2.fe.up.pt input spamming!
Fri Jul 25 10:02:13 2003 :: Paladine has quit.
Fri Jul 25 10:04:11 2003 :: Mishakal has quit.
Fri Jul 25 10:10:52 2003 :: Sirob has quit.
Fri Jul 25 10:20:43 2003 :: Sock.sinaddr:  172.167.78.171
Fri Jul 25 10:20:50 2003 :: Loading Zeckarah.
Fri Jul 25 10:20:53 2003 :: Look out, Zeckarah@ACA74EAB.ipt.aol.com has connected.
Fri Jul 25 10:21:54 2003 :: EOF encountered on read.
Fri Jul 25 10:21:54 2003 :: Closing link to Zeckarah.
Fri Jul 25 10:21:54 2003 :: Sock.sinaddr:  172.167.78.171
Fri Jul 25 10:22:08 2003 :: EOF encountered on read.
Fri Jul 25 10:22:08 2003 :: Closing link to Borax.
Fri Jul 25 10:22:08 2003 :: Sock.sinaddr:  172.167.78.171
Fri Jul 25 10:22:14 2003 :: Loading Barox.
Fri Jul 25 10:22:17 2003 :: Look out, Barox@ACA74EAB.ipt.aol.com has connected.
Fri Jul 25 10:22:32 2003 :: Chath gained level 6
Fri Jul 25 10:24:01 2003 :: EOF encountered on read.
Fri Jul 25 10:24:01 2003 :: Closing link to Barox.
Fri Jul 25 10:24:02 2003 :: Sock.sinaddr:  172.167.78.171
Fri Jul 25 10:24:09 2003 :: Loading Zeckarah.
Fri Jul 25 10:24:12 2003 :: Zeckarah@ACA74EAB.ipt.aol.com reconnected.
Fri Jul 25 10:35:03 2003 :: Chath killed by A foul smelling skunk at 2507
Fri Jul 25 10:39:51 2003 :: Barox has quit.
Fri Jul 25 10:44:08 2003 :: Sock.sinaddr:  4.64.88.32
Fri Jul 25 10:44:10 2003 :: Loading Hydroth.
Fri Jul 25 10:44:10 2003 :: Look out, Hydroth@evrtwa1-ar5-4-64-088-032.evrtwa1.dsl-verizon.net has connected.
Fri Jul 25 10:44:40 2003 :: Hydroth has quit.
Fri Jul 25 10:50:25 2003 :: Sock.sinaddr:  66.58.231.12
Fri Jul 25 10:50:26 2003 :: Loading Mishakal.
Fri Jul 25 10:50:26 2003 :: Look out, Mishakal@12-231-58-66.gci.net has connected.
Fri Jul 25 10:52:36 2003 :: Sock.sinaddr:  66.58.231.12
Fri Jul 25 10:52:37 2003 :: Loading Lyrasarya.
Fri Jul 25 10:52:38 2003 :: Look out, Lyrasarya@12-231-58-66.gci.net has connected.
Fri Jul 25 10:54:32 2003 :: Lyrasarya has quit.
Fri Jul 25 10:54:37 2003 :: Sock.sinaddr:  66.58.231.12
Fri Jul 25 10:54:38 2003 :: Loading Kylera.
Fri Jul 25 10:54:38 2003 :: Look out, Kylera@12-231-58-66.gci.net has connected.
Fri Jul 25 11:04:20 2003 :: Kylera gained level 12
Fri Jul 25 11:08:21 2003 :: Kylera has quit.
Fri Jul 25 11:11:00 2003 :: Mishakal has quit.
Fri Jul 25 11:34:45 2003 :: Sock.sinaddr:  66.58.231.12
Fri Jul 25 11:34:46 2003 :: Loading Mishakal.
Fri Jul 25 11:34:46 2003 :: Look out, Mishakal@12-231-58-66.gci.net has connected.
Fri Jul 25 11:38:11 2003 :: Sock.sinaddr:  66.82.160.1
Fri Jul 25 11:38:19 2003 :: Loading Majere.
Fri Jul 25 11:38:20 2003 :: Look out, Majere@dpc6682160001.direcpc.com has connected.
Fri Jul 25 11:40:43 2003 :: Sock.sinaddr:  66.82.160.1
Fri Jul 25 11:40:53 2003 :: Loading Roman.
Fri Jul 25 11:40:54 2003 :: Look out, Roman@dpc6682160001.direcpc.com has connected.
Fri Jul 25 11:49:09 2003 :: Log Majere: tran chat
Fri Jul 25 11:50:36 2003 :: Log Majere: tran chat zeck
Fri Jul 25 11:52:37 2003 :: Log Majere: tran Roman
Fri Jul 25 12:04:04 2003 :: EOF encountered on read.
Fri Jul 25 12:04:04 2003 :: Closing link to Chath.
Fri Jul 25 12:04:10 2003 :: Sock.sinaddr:  68.99.148.39
Fri Jul 25 12:04:36 2003 :: EOF encountered on read.
Fri Jul 25 12:04:36 2003 :: Closing link to Suaco.
Fri Jul 25 12:06:00 2003 :: Sock.sinaddr:  68.99.148.39
Fri Jul 25 12:06:09 2003 :: Loading Chath.
Fri Jul 25 12:06:13 2003 :: Chath@ip68-99-148-39.mc.at.cox.net reconnected.
Fri Jul 25 12:07:08 2003 :: EOF encountered on read.
Fri Jul 25 12:07:08 2003 :: Closing link to Chath.
Fri Jul 25 12:08:50 2003 :: EOF encountered on read.
Fri Jul 25 12:08:50 2003 :: Closing link to Zeckarah.
Fri Jul 25 12:08:51 2003 :: Sock.sinaddr:  172.167.78.171
Fri Jul 25 12:09:57 2003 :: Xabe@ACA74EAB.ipt.aol.com new player.
Fri Jul 25 12:14:37 2003 :: Roman has quit.
Fri Jul 25 12:16:52 2003 :: Sock.sinaddr:  193.136.33.200
Fri Jul 25 12:17:06 2003 :: Log Majere: tran chath
Fri Jul 25 12:17:30 2003 :: Loading Vigos.
Fri Jul 25 12:17:32 2003 :: Look out, Vigos@aulas-i-p2.fe.up.pt has connected.
Fri Jul 25 12:18:52 2003 :: Vigos has quit.
Fri Jul 25 12:22:52 2003 :: Sock.sinaddr:  66.153.29.23
Fri Jul 25 12:22:58 2003 :: Loading Solinari.
Fri Jul 25 12:23:02 2003 :: Look out, Solinari@ppp277.tc-1.alb-pt.ny.localnet.com has connected.
Fri Jul 25 12:23:21 2003 :: Chath has quit.
Fri Jul 25 12:24:51 2003 :: Zeckarah has quit.
Fri Jul 25 12:31:09 2003 :: Sock.sinaddr:  62.29.118.11
Fri Jul 25 12:31:59 2003 :: Loading Arda.
Fri Jul 25 12:32:03 2003 :: Look out, Arda@62.29.118.11 has connected.
Fri Jul 25 12:34:49 2003 :: [WARNING] Majere says: Yeah, please come on our mud...we're being seiged by the Portuguese...
Fri Jul 25 12:40:50 2003 :: Xabe gained level 2
Fri Jul 25 12:40:57 2003 :: Mishakal has quit.
Fri Jul 25 12:41:30 2003 :: Majere has quit.
Fri Jul 25 12:41:53 2003 :: EOF encountered on read.
Fri Jul 25 12:41:53 2003 :: Closing link to Xabe.
Fri Jul 25 12:41:53 2003 :: Sock.sinaddr:  172.167.78.171
Fri Jul 25 12:41:59 2003 :: Loading Zeckarah.
Fri Jul 25 12:42:01 2003 :: Look out, Zeckarah@ACA74EAB.ipt.aol.com has connected.
Fri Jul 25 12:44:28 2003 :: Sock.sinaddr:  195.23.188.7
Fri Jul 25 12:44:41 2003 :: Loading Magyar.
Fri Jul 25 12:44:44 2003 :: Look out, Magyar@195-23-188-7.nr.ip.pt has connected.
Fri Jul 25 12:50:58 2003 :: EOF encountered on read.
Fri Jul 25 12:50:58 2003 :: Closing link to Zeckarah.
Fri Jul 25 12:51:00 2003 :: Sock.sinaddr:  172.167.78.171
Fri Jul 25 12:51:01 2003 :: Magyar has quit.
Fri Jul 25 12:51:01 2003 :: Arda has quit.
Fri Jul 25 12:51:08 2003 :: Loading Xabe.
Fri Jul 25 12:51:10 2003 :: Xabe@ACA74EAB.ipt.aol.com reconnected.
Fri Jul 25 12:51:16 2003 :: Sock.sinaddr:  62.29.118.11
Fri Jul 25 12:51:28 2003 :: Loading Rand.
Fri Jul 25 12:51:33 2003 :: Rand. Bad Password. IP: 62.29.118.11> irontree50
Fri Jul 25 12:51:33 2003 :: Closing link to Rand.
Fri Jul 25 12:51:37 2003 :: Xabe gained level 3
Fri Jul 25 12:51:39 2003 :: Sock.sinaddr:  62.29.118.11
Fri Jul 25 12:52:11 2003 :: Sock.sinaddr:  81.193.17.163
Fri Jul 25 12:52:13 2003 :: Loading Adamastor.
Fri Jul 25 12:52:14 2003 :: Look out, Adamastor@81.193.17.163 has connected.
Fri Jul 25 12:53:30 2003 :: Adamastor has quit.
Fri Jul 25 12:53:30 2003 :: Sock.sinaddr:  195.23.188.7
Fri Jul 25 12:54:16 2003 :: Sock.sinaddr:  68.71.152.224
Fri Jul 25 12:54:20 2003 :: Loading Ulas.
Fri Jul 25 12:54:22 2003 :: Look out, Ulas@ky-richmond3c-224.rhmdky.adelphia.net has connected.
Fri Jul 25 12:55:22 2003 :: Alvis@195-23-188-7.nr.ip.pt new player.
Fri Jul 25 12:55:30 2003 :: Dylan@62.29.118.11 new player.
Fri Jul 25 12:56:39 2003 :: 195-23-188-7.nr.ip.pt input spamming!
Fri Jul 25 12:56:48 2003 :: 195-23-188-7.nr.ip.pt input spamming!
Fri Jul 25 12:57:47 2003 :: 195-23-188-7.nr.ip.pt input spamming!
Fri Jul 25 12:59:00 2003 :: Sock.sinaddr:  66.58.231.12
Fri Jul 25 12:59:01 2003 :: Loading Mishakal.
Fri Jul 25 12:59:01 2003 :: Look out, Mishakal@12-231-58-66.gci.net has connected.
Fri Jul 25 12:59:12 2003 :: Xabe gained level 4
Fri Jul 25 12:59:36 2003 :: Dylan gained level 2
Fri Jul 25 13:01:29 2003 :: Sock.sinaddr:  66.82.160.1
Fri Jul 25 13:01:33 2003 :: Alvis gained level 2
Fri Jul 25 13:01:35 2003 :: Dylan gained level 3
Fri Jul 25 13:01:35 2003 :: Xabe gained level 5
Fri Jul 25 13:01:41 2003 :: Loading Majere.
Fri Jul 25 13:01:43 2003 :: Look out, Majere@dpc6682160001.direcpc.com has connected.
Fri Jul 25 13:04:55 2003 :: Ulas has quit.
Fri Jul 25 13:05:05 2003 :: Alvis has quit.
Fri Jul 25 13:05:15 2003 :: Sock.sinaddr:  195.23.188.7
Fri Jul 25 13:05:20 2003 :: Log Mishakal: losereply xabe
Fri Jul 25 13:05:20 2003 :: Loading Kilmar.
Fri Jul 25 13:05:24 2003 :: Look out, Kilmar@195-23-188-7.nr.ip.pt has connected.
Fri Jul 25 13:07:00 2003 :: Zeckarah has quit.
Fri Jul 25 13:09:35 2003 :: Sock.sinaddr:  35.12.24.121
Fri Jul 25 13:09:38 2003 :: Loading Garrett.
Fri Jul 25 13:09:41 2003 :: Look out, Garrett@pm844-19.dialip.mich.net has connected.
Fri Jul 25 13:09:44 2003 :: Kilmar has quit.
Fri Jul 25 13:09:56 2003 :: Sock.sinaddr:  195.23.188.7
Fri Jul 25 13:09:56 2003 :: Sock.sinaddr:  68.99.148.39
Fri Jul 25 13:10:04 2003 :: Loading Alvis.
Fri Jul 25 13:10:07 2003 :: Look out, Alvis@195-23-188-7.nr.ip.pt has connected.
Fri Jul 25 13:10:13 2003 :: Loading Chath.
Fri Jul 25 13:10:16 2003 :: Look out, Chath@ip68-99-148-39.mc.at.cox.net has connected.
Fri Jul 25 13:11:35 2003 :: EOF encountered on read.
Fri Jul 25 13:11:35 2003 :: Closing link to Chath.
Fri Jul 25 13:11:40 2003 :: Sock.sinaddr:  68.99.148.39
Fri Jul 25 13:12:38 2003 :: Suaco@ip68-99-148-39.mc.at.cox.net new player.
Fri Jul 25 13:12:44 2003 :: Log Majere: tran mish
Fri Jul 25 13:12:53 2003 :: Log Majere: tran chath crysania
Fri Jul 25 13:14:56 2003 :: Sock.sinaddr:  68.71.152.224
Fri Jul 25 13:15:00 2003 :: Loading Ulas.
Fri Jul 25 13:15:03 2003 :: Look out, Ulas@ky-richmond3c-224.rhmdky.adelphia.net has connected.
Fri Jul 25 13:17:37 2003 :: EOF encountered on read.
Fri Jul 25 13:17:37 2003 :: Closing link to Suaco.
Fri Jul 25 13:19:07 2003 :: Sock.sinaddr:  68.99.148.39
Fri Jul 25 13:20:36 2003 :: Loading Suaco.
Fri Jul 25 13:20:39 2003 :: Suaco@ip68-99-148-39.mc.at.cox.net reconnected.
Fri Jul 25 13:21:41 2003 :: Dylan has quit.
Fri Jul 25 13:21:58 2003 :: Sock.sinaddr:  62.29.118.11
Fri Jul 25 13:22:12 2003 :: EOF encountered on read.
Fri Jul 25 13:23:38 2003 :: Solinari has quit.
Fri Jul 25 13:25:28 2003 :: Sock.sinaddr:  66.153.29.23
Fri Jul 25 13:25:38 2003 :: Loading Lance.
Fri Jul 25 13:25:42 2003 :: Look out, Lance@ppp277.tc-1.alb-pt.ny.localnet.com has connected.
Fri Jul 25 13:26:16 2003 :: Lance has quit.
Fri Jul 25 13:26:18 2003 :: Sock.sinaddr:  66.58.231.12
Fri Jul 25 13:26:19 2003 :: Loading Vyera.
Fri Jul 25 13:26:19 2003 :: Look out, Vyera@12-231-58-66.gci.net has connected.
Fri Jul 25 13:26:51 2003 :: Vyera has quit.
Fri Jul 25 13:26:51 2003 :: Xabe gained level 6
Fri Jul 25 13:26:51 2003 :: Alvis gained level 3
Fri Jul 25 13:26:55 2003 :: Sock.sinaddr:  66.58.231.12
Fri Jul 25 13:26:56 2003 :: Loading Allyria.
Fri Jul 25 13:26:56 2003 :: Look out, Allyria@12-231-58-66.gci.net has connected.
Fri Jul 25 13:27:34 2003 :: Sock.sinaddr:  66.82.160.1
Fri Jul 25 13:27:40 2003 :: Loading Roman.
Fri Jul 25 13:27:42 2003 :: Look out, Roman@dpc6682160001.direcpc.com has connected.
Fri Jul 25 13:27:51 2003 :: Sock.sinaddr:  66.82.160.1
Fri Jul 25 13:27:55 2003 :: Loading Hollern.
Fri Jul 25 13:27:57 2003 :: Look out, Hollern@dpc6682160001.direcpc.com has connected.
Fri Jul 25 13:28:00 2003 :: Chath has quit.
Fri Jul 25 13:28:13 2003 :: Hollern has quit.
Fri Jul 25 13:31:02 2003 :: Ulas has quit.
Fri Jul 25 13:31:06 2003 :: Sock.sinaddr:  68.71.152.224
Fri Jul 25 13:32:06 2003 :: Log Majere: tran roman crysania
Fri Jul 25 13:32:21 2003 :: Aiden@ky-richmond3c-224.rhmdky.adelphia.net new player.
Fri Jul 25 13:41:36 2003 :: Alvis gained level 4
Fri Jul 25 13:41:36 2003 :: Xabe gained level 7
Fri Jul 25 13:41:48 2003 :: Aiden gained level 2
Fri Jul 25 13:43:14 2003 :: pm844-19.dialip.mich.net input spamming!
Fri Jul 25 13:44:07 2003 :: Allyria has quit.
Fri Jul 25 13:44:10 2003 :: Roman has quit.
Fri Jul 25 13:44:13 2003 :: Mishakal has quit.
Fri Jul 25 13:44:25 2003 :: Majere has quit.
Fri Jul 25 13:45:24 2003 :: Aiden gained level 3
Fri Jul 25 13:45:24 2003 :: Xabe gained level 8
Fri Jul 25 13:46:00 2003 :: Alvis gained level 5
Fri Jul 25 13:46:24 2003 :: Suaco gained level 2
Fri Jul 25 13:47:09 2003 :: Aiden gained level 4
Fri Jul 25 13:50:45 2003 :: Suaco gained level 3
Fri Jul 25 13:52:41 2003 :: Garrett has quit.
Fri Jul 25 13:59:25 2003 :: Alvis gained level 6
Fri Jul 25 13:59:25 2003 :: Xabe gained level 9
Fri Jul 25 14:00:55 2003 :: Suaco gained level 4
Fri Jul 25 14:02:10 2003 :: Alvis has quit.
Fri Jul 25 14:05:42 2003 :: Aiden gained level 5
Fri Jul 25 14:08:28 2003 :: Xabe gained level 10
Fri Jul 25 14:12:28 2003 :: Aiden gained level 6
Fri Jul 25 14:15:31 2003 :: Suaco gained level 5
Fri Jul 25 14:17:16 2003 :: Aiden gained level 7
Fri Jul 25 14:17:16 2003 :: Xabe gained level 11
Fri Jul 25 14:22:11 2003 :: EOF encountered on read.
Fri Jul 25 14:22:11 2003 :: Closing link to Xabe.
Fri Jul 25 14:22:40 2003 :: Sock.sinaddr:  172.167.78.171
Fri Jul 25 14:22:45 2003 :: Loading Xabe.
Fri Jul 25 14:22:48 2003 :: Xabe@ACA74EAB.ipt.aol.com reconnected.
Fri Jul 25 14:24:09 2003 :: EOF encountered on read.
Fri Jul 25 14:24:09 2003 :: Closing link to Xabe.
Fri Jul 25 14:25:35 2003 :: Sock.sinaddr:  68.99.148.39
Fri Jul 25 14:25:41 2003 :: Loading Suaco.
Fri Jul 25 14:25:48 2003 :: Closing link to Suaco.
Fri Jul 25 14:25:48 2003 :: Suaco@ip68-99-148-39.mc.at.cox.net reconnected.
Fri Jul 25 14:33:39 2003 :: Aiden has quit.
Fri Jul 25 14:37:17 2003 :: EOF encountered on read.
Fri Jul 25 14:37:17 2003 :: Closing link to Suaco.
Fri Jul 25 14:40:01 2003 :: Xabe has quit.
Fri Jul 25 14:40:47 2003 :: Sock.sinaddr:  35.12.24.121
Fri Jul 25 14:41:00 2003 :: Loading Garrett.
Fri Jul 25 14:41:04 2003 :: Look out, Garrett@pm844-19.dialip.mich.net has connected.
Fri Jul 25 14:53:31 2003 :: Suaco has quit.
Fri Jul 25 15:05:57 2003 :: Sock.sinaddr:  68.99.148.39
Fri Jul 25 15:06:03 2003 :: Loading Suaco.
Fri Jul 25 15:06:05 2003 :: Look out, Suaco@ip68-99-148-39.mc.at.cox.net has connected.
Fri Jul 25 15:22:28 2003 :: Suaco gained level 6
Fri Jul 25 15:23:15 2003 :: Sock.sinaddr:  213.13.239.127
Fri Jul 25 15:23:15 2003 :: Loading Adamastor.
Fri Jul 25 15:23:16 2003 :: Look out, Adamastor@adslsapo-b3-239-127.telepac.pt has connected.
Fri Jul 25 15:23:24 2003 :: Adamastor has quit.
Fri Jul 25 15:23:33 2003 :: Sock.sinaddr:  213.13.239.127
Fri Jul 25 15:23:33 2003 :: Loading Adrastos.
Fri Jul 25 15:23:33 2003 :: Look out, Adrastos@adslsapo-b3-239-127.telepac.pt has connected.
Fri Jul 25 15:32:55 2003 :: EOF encountered on read.
Fri Jul 25 15:32:55 2003 :: Closing link to Suaco.
Fri Jul 25 15:37:22 2003 :: Adrastos has quit.
Fri Jul 25 15:44:58 2003 :: Garrett gained level 48
Fri Jul 25 15:45:06 2003 :: Sock.sinaddr:  68.99.148.39
Fri Jul 25 15:45:11 2003 :: Loading Suaco.
Fri Jul 25 15:45:15 2003 :: Suaco@ip68-99-148-39.mc.at.cox.net reconnected.
Fri Jul 25 15:46:25 2003 :: Sock.sinaddr:  68.81.186.145
Fri Jul 25 15:46:37 2003 :: Closing link to Aon.
Fri Jul 25 15:51:37 2003 :: Suaco killed by the boar at 3746
Fri Jul 25 15:52:01 2003 :: Sock.sinaddr:  68.99.148.39
Read_from_descriptor: Connection reset by peer
Fri Jul 25 16:17:49 2003 :: Suaco killed by Crysania at 3005
Fri Jul 25 16:53:59 2003 :: Garrett has quit.
Fri Jul 25 16:59:09 2003 :: EOF encountered on read.
Fri Jul 25 16:59:09 2003 :: Closing link to Suaco.
Fri Jul 25 16:59:22 2003 :: Sock.sinaddr:  68.99.148.39
Fri Jul 25 16:59:30 2003 :: Loading Chath.
Fri Jul 25 16:59:33 2003 :: Look out, Chath@ip68-99-148-39.mc.at.cox.net has connected.
Fri Jul 25 17:02:59 2003 :: EOF encountered on read.
Fri Jul 25 17:02:59 2003 :: Closing link to Chath.
Fri Jul 25 17:03:02 2003 :: Sock.sinaddr:  68.99.148.39
Fri Jul 25 17:03:08 2003 :: Loading Suaco.
Fri Jul 25 17:03:13 2003 :: Suaco@ip68-99-148-39.mc.at.cox.net reconnected.
Fri Jul 25 17:13:39 2003 :: EOF encountered on read.
Fri Jul 25 17:13:39 2003 :: Closing link to Suaco.
Fri Jul 25 17:13:43 2003 :: Sock.sinaddr:  68.99.148.39
Fri Jul 25 17:13:49 2003 :: Loading Chath.
Fri Jul 25 17:13:51 2003 :: Chath@ip68-99-148-39.mc.at.cox.net reconnected.
Fri Jul 25 17:13:56 2003 :: EOF encountered on read.
Fri Jul 25 17:13:56 2003 :: Closing link to Chath.
Fri Jul 25 17:13:59 2003 :: Sock.sinaddr:  68.99.148.39
Fri Jul 25 17:14:04 2003 :: Loading Suaco.
Fri Jul 25 17:14:07 2003 :: Suaco@ip68-99-148-39.mc.at.cox.net reconnected.
Fri Jul 25 17:21:02 2003 :: EOF encountered on read.
Fri Jul 25 17:21:02 2003 :: Closing link to Suaco.
Fri Jul 25 17:21:05 2003 :: Sock.sinaddr:  68.99.148.39
Fri Jul 25 17:21:10 2003 :: Loading Suaco.
Fri Jul 25 17:21:13 2003 :: Suaco@ip68-99-148-39.mc.at.cox.net reconnected.
Fri Jul 25 17:23:33 2003 :: EOF encountered on read.
Fri Jul 25 17:23:33 2003 :: Closing link to Suaco.
Fri Jul 25 17:30:17 2003 :: Chath has quit.
Fri Jul 25 17:32:16 2003 :: Sock.sinaddr:  68.210.9.37
Fri Jul 25 17:33:12 2003 :: Drax@adsl-210-9-37.mco.bellsouth.net new player.
Fri Jul 25 17:34:39 2003 :: EOF encountered on read.
Fri Jul 25 17:34:39 2003 :: Closing link to Drax.
Fri Jul 25 17:40:02 2003 :: Suaco has quit.
Fri Jul 25 17:53:30 2003 :: Sock.sinaddr:  68.99.148.39
Fri Jul 25 17:53:35 2003 :: Loading Suaco.
Fri Jul 25 17:53:38 2003 :: Look out, Suaco@ip68-99-148-39.mc.at.cox.net has connected.
Fri Jul 25 17:54:12 2003 :: EOF encountered on read.
Fri Jul 25 17:54:12 2003 :: Closing link to Suaco.
Fri Jul 25 17:54:16 2003 :: Sock.sinaddr:  68.99.148.39
Fri Jul 25 17:54:23 2003 :: Loading Daenar.
Fri Jul 25 17:54:26 2003 :: Look out, Daenar@ip68-99-148-39.mc.at.cox.net has connected.
Fri Jul 25 17:54:45 2003 :: Sock.sinaddr:  68.99.148.39
Fri Jul 25 17:54:45 2003 :: EOF encountered on read.
Fri Jul 25 17:54:45 2003 :: Closing link to Daenar.
Fri Jul 25 17:55:08 2003 :: EOF encountered on read.
Fri Jul 25 17:57:40 2003 :: Sock.sinaddr:  68.71.152.224
Fri Jul 25 17:58:46 2003 :: Loading Ulas.
Fri Jul 25 17:58:48 2003 :: Look out, Ulas@ky-richmond3c-224.rhmdky.adelphia.net has connected.
Fri Jul 25 18:01:59 2003 :: Ulas has quit.
Fri Jul 25 18:10:02 2003 :: Suaco has quit.
Fri Jul 25 18:10:47 2003 :: Daenar has quit.
Fri Jul 25 18:19:18 2003 :: Sock.sinaddr:  4.64.88.32
Fri Jul 25 18:19:19 2003 :: Loading Hydroth.
Fri Jul 25 18:19:20 2003 :: Look out, Hydroth@evrtwa1-ar5-4-64-088-032.evrtwa1.dsl-verizon.net has connected.
Fri Jul 25 18:19:22 2003 :: Hydroth has quit.
Fri Jul 25 18:23:29 2003 :: Sock.sinaddr:  68.71.152.224
Fri Jul 25 18:23:36 2003 :: Loading Aiden.
Fri Jul 25 18:23:41 2003 :: Look out, Aiden@ky-richmond3c-224.rhmdky.adelphia.net has connected.
Fri Jul 25 18:28:59 2003 :: Aiden has quit.
Fri Jul 25 18:38:44 2003 :: Sock.sinaddr:  68.99.148.39
Fri Jul 25 18:38:56 2003 :: Closing link to Suacoi.
Fri Jul 25 18:39:02 2003 :: Sock.sinaddr:  68.99.148.39
Fri Jul 25 18:39:06 2003 :: Loading Suaco.
Fri Jul 25 18:39:09 2003 :: Look out, Suaco@ip68-99-148-39.mc.at.cox.net has connected.
Fri Jul 25 18:54:56 2003 :: EOF encountered on read.
Fri Jul 25 18:54:56 2003 :: Closing link to Suaco.
Fri Jul 25 18:55:00 2003 :: Sock.sinaddr:  68.99.148.39
Fri Jul 25 18:55:09 2003 :: Closing link to Chatch.
Fri Jul 25 18:55:11 2003 :: Sock.sinaddr:  68.99.148.39
Fri Jul 25 18:55:18 2003 :: Loading Chath.
Fri Jul 25 18:55:20 2003 :: Look out, Chath@ip68-99-148-39.mc.at.cox.net has connected.
Fri Jul 25 18:58:37 2003 :: EOF encountered on read.
Fri Jul 25 18:58:37 2003 :: Closing link to Chath.
Fri Jul 25 18:58:38 2003 :: Sock.sinaddr:  68.99.148.39
Fri Jul 25 18:58:47 2003 :: Loading Suaco.
Fri Jul 25 18:58:52 2003 :: Suaco@ip68-99-148-39.mc.at.cox.net reconnected.
Fri Jul 25 18:59:14 2003 :: Sock.sinaddr:  68.99.148.39
Fri Jul 25 18:59:14 2003 :: Sock.sinaddr:  68.99.148.39
Fri Jul 25 18:59:19 2003 :: Loading Chath.
Fri Jul 25 18:59:25 2003 :: Chath@ip68-99-148-39.mc.at.cox.net reconnected.
Fri Jul 25 19:02:24 2003 :: EOF encountered on read.
Fri Jul 25 19:02:24 2003 :: Closing link to Chath.
Fri Jul 25 19:02:27 2003 :: EOF encountered on read.
Fri Jul 25 19:02:35 2003 :: EOF encountered on read.
Fri Jul 25 19:02:35 2003 :: Closing link to Suaco.
Fri Jul 25 19:15:29 2003 :: Sock.sinaddr:  66.90.196.122
Fri Jul 25 19:16:06 2003 :: Akina@66-90-196-122.grandecom.net new player.
Fri Jul 25 19:18:17 2003 :: Chath has quit.
Fri Jul 25 19:18:29 2003 :: Sock.sinaddr:  81.84.81.2
Fri Jul 25 19:18:31 2003 :: Loading Yazeram.
Fri Jul 25 19:18:32 2003 :: Look out, Yazeram@81.84.81.2 has connected.
Fri Jul 25 19:19:04 2003 :: Suaco has quit.
Fri Jul 25 19:25:08 2003 :: Sock.sinaddr:  66.90.196.122
Fri Jul 25 19:25:08 2003 :: Sock.sinaddr:  68.71.152.224
Read_from_descriptor: Connection reset by peer
Fri Jul 25 19:25:19 2003 :: Loading Aiden.
Fri Jul 25 19:25:23 2003 :: Look out, Aiden@ky-richmond3c-224.rhmdky.adelphia.net has connected.
Fri Jul 25 19:26:42 2003 :: Yazeram has quit.
Fri Jul 25 19:26:49 2003 :: Sock.sinaddr:  81.84.81.2
Fri Jul 25 19:26:52 2003 :: Loading Gimli.
Fri Jul 25 19:26:53 2003 :: Look out, Gimli@81.84.81.2 has connected.
Fri Jul 25 19:27:46 2003 :: Aiden has quit.
Fri Jul 25 19:27:48 2003 :: 81.84.81.2 input spamming!
Fri Jul 25 19:27:59 2003 :: Sock.sinaddr:  68.71.152.224
Fri Jul 25 19:28:10 2003 :: EOF encountered on read.
Fri Jul 25 19:51:20 2003 :: Gimli has quit.
Fri Jul 25 19:51:30 2003 :: Sock.sinaddr:  81.84.81.2
Fri Jul 25 19:51:34 2003 :: Loading Robert.
Fri Jul 25 19:51:34 2003 :: Look out, Robert@81.84.81.2 has connected.
Fri Jul 25 20:28:55 2003 :: Robert has quit.
Fri Jul 25 21:18:22 2003 :: Sock.sinaddr:  68.71.152.224
Fri Jul 25 21:18:28 2003 :: Loading Ulas.
Fri Jul 25 21:18:33 2003 :: Look out, Ulas@ky-richmond3c-224.rhmdky.adelphia.net has connected.
Fri Jul 25 21:21:38 2003 :: Ulas has quit.
Fri Jul 25 21:21:45 2003 :: Sock.sinaddr:  68.71.152.224
Fri Jul 25 21:21:49 2003 :: Loading Aiden.
Fri Jul 25 21:21:52 2003 :: Look out, Aiden@ky-richmond3c-224.rhmdky.adelphia.net has connected.
Fri Jul 25 21:36:05 2003 :: Aiden has quit.
Fri Jul 25 21:48:48 2003 :: Sock.sinaddr:  213.22.130.93
Fri Jul 25 21:48:56 2003 :: EOF encountered on read.
Fri Jul 25 22:50:34 2003 :: Sock.sinaddr:  203.220.155.77
Read_from_descriptor: Connection reset by peer
Fri Jul 25 22:52:42 2003 :: Sock.sinaddr:  66.82.160.1
Fri Jul 25 22:52:53 2003 :: Loading Majere.
Fri Jul 25 22:52:53 2003 :: Look out, Majere@dpc6682160001.direcpc.com has connected.
Fri Jul 25 22:53:31 2003 :: Sock.sinaddr:  66.82.160.1
Fri Jul 25 22:53:41 2003 :: Loading Roman.
Fri Jul 25 22:53:45 2003 :: Look out, Roman@dpc6682160001.direcpc.com has connected.
Fri Jul 25 23:04:21 2003 :: Sock.sinaddr:  65.212.174.2
Fri Jul 25 23:04:24 2003 :: Loading Paladine.
Fri Jul 25 23:04:29 2003 :: Look out, Paladine@usr2.netro-corp.com has connected.
Fri Jul 25 23:05:59 2003 :: Paladine has quit.
Fri Jul 25 23:27:52 2003 :: Roman has quit.
Fri Jul 25 23:27:55 2003 :: Majere has quit.
Sat Jul 26 00:06:17 2003 :: Sock.sinaddr:  65.212.174.2
Sat Jul 26 00:06:20 2003 :: Loading Paladine.
Sat Jul 26 00:06:25 2003 :: Look out, Paladine@usr2.netro-corp.com has connected.
Sat Jul 26 00:26:05 2003 :: Log Paladine: asave area
Sat Jul 26 00:27:37 2003 :: Log Paladine: asave area
Sat Jul 26 00:27:42 2003 :: Log Paladine: asave area
Sat Jul 26 00:27:48 2003 :: Log Paladine: asave area
Sat Jul 26 00:29:11 2003 :: Paladine has quit.
Sat Jul 26 00:35:15 2003 :: Sock.sinaddr:  65.212.174.2
Sat Jul 26 00:35:19 2003 :: Loading Paladine.
Sat Jul 26 00:35:24 2003 :: Look out, Paladine@usr2.netro-corp.com has connected.
Sat Jul 26 00:35:55 2003 :: Log Paladine: asave area
Sat Jul 26 00:35:58 2003 :: Log Paladine: purge
Sat Jul 26 00:43:53 2003 :: Log Paladine: viol missy
Sat Jul 26 00:44:43 2003 :: Log Paladine: purge
Sat Jul 26 00:48:00 2003 :: Log Paladine: asave area
Sat Jul 26 00:53:08 2003 :: Log Paladine: asave area
Sat Jul 26 00:58:12 2003 :: Log Paladine: clean all
Sat Jul 26 00:58:12 2003 :: Deleted - Magius

Sat Jul 26 01:10:11 2003 :: Log Paladine: asave changed
Sat Jul 26 01:10:15 2003 :: Log Paladine: copyover
Sat Jul 26 01:10:15 2003 :: ROM is ready to rock on port 6100.
Sat Jul 26 01:10:15 2003 :: Copyover recovery initiated
Sat Jul 26 01:10:15 2003 :: Loading Paladine.
Sat Jul 26 01:16:54 2003 :: Log Paladine: oped 1207
Sat Jul 26 01:17:38 2003 :: Log Paladine: oped 1207
Sat Jul 26 01:17:55 2003 :: Log Paladine: asave area
Sat Jul 26 01:17:59 2003 :: Log Paladine: load obj 1207
Sat Jul 26 01:18:02 2003 :: Log Paladine: clone home
Sat Jul 26 01:18:05 2003 :: [*****] BUG: Cmd_eval_obj: prog 1207 syntax error(5): '$n 1280'
Sat Jul 26 01:18:31 2003 :: Log Paladine: opedit 1207
Sat Jul 26 01:18:47 2003 :: Log Paladine: asave area
Sat Jul 26 01:19:02 2003 :: Log Paladine: asave area
Sat Jul 26 01:21:21 2003 :: Log Paladine: asave area
Sat Jul 26 01:21:31 2003 :: Log Paladine: load obj i
Sat Jul 26 01:22:14 2003 :: Log Paladine: asave area
Sat Jul 26 01:22:19 2003 :: Paladine has quit.
Sat Jul 26 01:24:44 2003 :: Sock.sinaddr:  204.209.44.14
Sat Jul 26 01:24:45 2003 :: EOF encountered on read.
Sat Jul 26 01:53:49 2003 :: Sock.sinaddr:  216.40.217.211
Sat Jul 26 01:53:49 2003 :: EOF encountered on read.
Sat Jul 26 02:16:25 2003 :: Sock.sinaddr:  65.212.174.2
Sat Jul 26 02:16:28 2003 :: Loading Paladine.
Sat Jul 26 02:16:33 2003 :: Look out, Paladine@usr2.netro-corp.com has connected.
Sat Jul 26 02:17:28 2003 :: Sock.sinaddr:  65.212.174.2
Sat Jul 26 02:17:32 2003 :: Loading Kougyoku.
Sat Jul 26 02:17:34 2003 :: Look out, Kougyoku@usr2.netro-corp.com has connected.
Sat Jul 26 02:17:44 2003 :: Kougyoku has quit.
Sat Jul 26 02:20:52 2003 :: Log Paladine: purge
Sat Jul 26 02:20:52 2003 :: [*****] BUG: Sig handler SIGSEGV
Sat Jul 26 02:20:52 2003 :: Saved zones:
Sat Jul 26 02:20:52 2003 ::            immortal area - 'immort.are'
Sat Jul 26 02:20:52 2003 :: ROM is ready to rock on port 6100.
Sat Jul 26 02:20:52 2003 :: Copyover recovery initiated
Sat Jul 26 02:20:52 2003 :: Loading Paladine.
Sat Jul 26 02:23:38 2003 :: Log Paladine: asave area
Sat Jul 26 02:37:07 2003 :: Log Paladine: asave area
Sat Jul 26 02:37:25 2003 :: Log Paladine: asave area
Sat Jul 26 02:38:18 2003 :: Log Paladine: asave area
Sat Jul 26 02:39:16 2003 :: Log Paladine: check
Sat Jul 26 02:42:21 2003 :: Log Paladine: load obj 5671
Sat Jul 26 02:47:06 2003 :: Log Paladine: fvlist obj
Sat Jul 26 02:59:36 2003 :: Log Paladine: copy
Sat Jul 26 02:59:36 2003 :: ROM is ready to rock on port 6100.
Sat Jul 26 02:59:36 2003 :: Copyover recovery initiated
Sat Jul 26 02:59:36 2003 :: Loading Paladine.
Sat Jul 26 03:00:59 2003 :: Log Paladine: asave changed
Sat Jul 26 03:01:02 2003 :: Log Paladine: copyover
Sat Jul 26 03:01:02 2003 :: ROM is ready to rock on port 6100.
Sat Jul 26 03:01:02 2003 :: Copyover recovery initiated
Sat Jul 26 03:01:02 2003 :: Loading Paladine.
Sat Jul 26 03:04:15 2003 :: Sock.sinaddr:  172.175.164.179
Sat Jul 26 03:04:23 2003 :: Loading Zoldor.
Sat Jul 26 03:04:24 2003 :: Zoldor. Bad Password. IP: ACAFA4B3.ipt.aol.com> zoldor
Sat Jul 26 03:04:24 2003 :: Closing link to Zoldor.
Sat Jul 26 03:04:26 2003 :: Sock.sinaddr:  172.175.164.179
Sat Jul 26 03:04:29 2003 :: Loading Xalfor.
Sat Jul 26 03:04:29 2003 :: Look out, Xalfor@ACAFA4B3.ipt.aol.com has connected.
Sat Jul 26 03:07:06 2003 :: Xalfor has quit.
Sat Jul 26 03:07:35 2003 :: Sock.sinaddr:  172.175.164.179
Sat Jul 26 03:07:52 2003 :: Loading Zoldor.
Sat Jul 26 03:07:53 2003 :: Look out, Zoldor@ACAFA4B3.ipt.aol.com has connected.
Sat Jul 26 03:10:10 2003 :: Log Paladine: rpedit create 2951
Sat Jul 26 03:12:10 2003 :: Log Paladine: asave area
Sat Jul 26 03:15:01 2003 :: Log Paladine: asave area
Sat Jul 26 03:15:35 2003 :: Log Paladine: rpedit 2951
Sat Jul 26 03:17:24 2003 :: Log Paladine: rpedit 2951
Sat Jul 26 03:19:24 2003 :: Log Paladine: asave area
Sat Jul 26 03:19:40 2003 :: Log Paladine: rpedit 2951
Sat Jul 26 03:19:50 2003 :: Log Paladine: asave area
Sat Jul 26 03:20:30 2003 :: Log Paladine: tele zoldor
Sat Jul 26 03:20:33 2003 :: Log Paladine: snoop zoldor
Sat Jul 26 03:22:35 2003 :: Log Paladine: tele zold 2951
Sat Jul 26 03:23:04 2003 :: Log Paladine: snoop self
Sat Jul 26 03:23:21 2003 :: Log Paladine: tele zoldor 17797
Sat Jul 26 03:23:48 2003 :: Log Paladine: asave area
Sat Jul 26 03:24:25 2003 :: Log Paladine: rpedit 2961
Sat Jul 26 03:24:31 2003 :: Log Paladine: rped 2951
Sat Jul 26 03:24:51 2003 :: Log Paladine: asave area
Sat Jul 26 03:25:10 2003 :: Log Paladine: rpedit 2951
Sat Jul 26 03:25:26 2003 :: Log Paladine: asave area
Sat Jul 26 03:26:30 2003 :: Log Paladine: tele dog
Sat Jul 26 03:27:03 2003 :: Log Paladine: rpedit 2951
Sat Jul 26 03:27:17 2003 :: Paladine has quit.
Sat Jul 26 03:30:40 2003 :: Sock.sinaddr:  35.12.24.80
Sat Jul 26 03:30:43 2003 :: Loading Garrett.
Sat Jul 26 03:30:46 2003 :: Look out, Garrett@pm843-28.dialip.mich.net has connected.
Sat Jul 26 03:37:36 2003 :: pm843-28.dialip.mich.net input spamming!
Read_from_descriptor: Connection reset by peer
Sat Jul 26 03:43:33 2003 :: Closing link to Zoldor.
Sat Jul 26 03:58:01 2003 :: pm843-28.dialip.mich.net input spamming!
Sat Jul 26 03:59:34 2003 :: Zoldor has quit.
Sat Jul 26 04:13:40 2003 :: Sock.sinaddr:  66.90.172.35
Sat Jul 26 04:13:45 2003 :: Loading Rogan.
Sat Jul 26 04:13:46 2003 :: Look out, Rogan@66-90-172-35.grandecom.net has connected.
Sat Jul 26 04:14:48 2003 :: Sock.sinaddr:  65.212.174.2
Sat Jul 26 04:14:53 2003 :: Loading Paladine.
Sat Jul 26 04:14:57 2003 :: Look out, Paladine@usr2.netro-corp.com has connected.
Sat Jul 26 04:19:23 2003 :: Log Paladine: asp rogan note list
Sat Jul 26 04:22:45 2003 :: Log Paladine: tele gar
Sat Jul 26 04:22:51 2003 :: Log Paladine: snoop gar
Sat Jul 26 04:23:55 2003 :: Log Paladine: rpedit 2951
Sat Jul 26 04:24:08 2003 :: Log Paladine: asave area
Sat Jul 26 04:24:19 2003 :: Log Paladine: tele 3.dog
Sat Jul 26 04:28:33 2003 :: Log Paladine: slay squire
Sat Jul 26 04:29:52 2003 :: Rogan has quit.
Sat Jul 26 04:29:54 2003 :: Sock.sinaddr:  66.90.172.35
Sat Jul 26 04:29:55 2003 :: EOF encountered on read.
Sat Jul 26 04:29:57 2003 :: Sock.sinaddr:  66.90.172.35
Sat Jul 26 04:30:03 2003 :: Loading Esqueleto.
Sat Jul 26 04:30:05 2003 :: Look out, Esqueleto@66-90-172-35.grandecom.net has connected.
Sat Jul 26 04:30:27 2003 :: Log Paladine: rpedit 2951
Sat Jul 26 04:31:56 2003 :: Log Paladine: tele gar mino
Sat Jul 26 04:32:02 2003 :: Log Paladine: snoop self
Sat Jul 26 04:32:17 2003 :: Log Paladine: rpedit 2951
Sat Jul 26 04:33:37 2003 :: Log Paladine: rpedit 2951
Sat Jul 26 04:34:33 2003 :: Log Paladine: asave area
Sat Jul 26 04:35:55 2003 :: Log Paladine: purge
Sat Jul 26 04:36:02 2003 :: Log Paladine: laston prodigy
Sat Jul 26 04:37:12 2003 :: Log Paladine: asp gar af
Sat Jul 26 04:37:20 2003 :: Log Paladine: tele gar
Sat Jul 26 04:38:18 2003 :: Log Paladine: snoop gar
Sat Jul 26 04:38:47 2003 :: Log Paladine: force gar west
Sat Jul 26 04:38:53 2003 :: Log Paladine: snoop self
Sat Jul 26 04:39:02 2003 :: Log Paladine: tele gar 17778
Sat Jul 26 04:45:14 2003 :: Sock.sinaddr:  81.193.24.168
Sat Jul 26 04:45:18 2003 :: Loading Sarna.
Sat Jul 26 04:45:19 2003 :: Look out, Sarna@81.193.24.168 has connected.
Sat Jul 26 04:45:42 2003 :: Log Paladine: asp sarna score
Sat Jul 26 04:47:58 2003 :: Sock.sinaddr:  65.212.174.2
Sat Jul 26 04:48:01 2003 :: Loading Kougyoku.
Sat Jul 26 04:48:03 2003 :: Look out, Kougyoku@usr2.netro-corp.com has connected.
Sat Jul 26 04:56:02 2003 :: Esqueleto has quit.
Sat Jul 26 04:56:20 2003 :: Log Paladine: set char kougyoku full 60
Sat Jul 26 04:56:26 2003 :: Log Paladine: set char kougyoku thirst 60
Sat Jul 26 05:06:30 2003 :: Sarna gained level 33
Sat Jul 26 05:09:07 2003 :: Garrett gained level 49
Sat Jul 26 05:09:15 2003 :: Sarna has quit.
Sat Jul 26 05:13:42 2003 :: Log Paladine: asp gar i
Sat Jul 26 05:15:27 2003 :: Log Paladine: snoop gar
Sat Jul 26 05:16:49 2003 :: Log Paladine: grab gloves gar
Sat Jul 26 05:27:04 2003 :: Log Paladine: asave area
Sat Jul 26 05:37:48 2003 :: Kougyoku has quit.
Sat Jul 26 05:37:51 2003 :: Paladine has quit.
Sat Jul 26 05:43:59 2003 :: Garrett has quit.
Sat Jul 26 05:50:04 2003 :: Sock.sinaddr:  81.84.81.2
Sat Jul 26 05:50:07 2003 :: Loading Gimli.
Sat Jul 26 05:50:08 2003 :: Look out, Gimli@81.84.81.2 has connected.
Sat Jul 26 05:51:08 2003 :: Gimli has quit.
Sat Jul 26 06:19:18 2003 :: Sock.sinaddr:  213.13.238.60
Sat Jul 26 06:19:21 2003 :: Loading Adrastos.
Sat Jul 26 06:19:21 2003 :: Look out, Adrastos@adslsapo-b3-238-60.telepac.pt has connected.
Sat Jul 26 06:19:34 2003 :: Adrastos has quit.
Sat Jul 26 06:25:38 2003 :: Sock.sinaddr:  65.212.174.2
Sat Jul 26 06:25:42 2003 :: Loading Paladine.
Sat Jul 26 06:25:45 2003 :: Look out, Paladine@usr2.netro-corp.com has connected.
Sat Jul 26 06:25:54 2003 :: Paladine has quit.
Sat Jul 26 06:50:31 2003 :: Sock.sinaddr:  213.13.238.60
Sat Jul 26 06:50:32 2003 :: Loading Adrastos.
Sat Jul 26 06:50:32 2003 :: Look out, Adrastos@adslsapo-b3-238-60.telepac.pt has connected.
Sat Jul 26 06:53:36 2003 :: adslsapo-b3-238-60.telepac.pt input spamming!
Sat Jul 26 06:54:31 2003 :: Sock.sinaddr:  68.99.148.39
Sat Jul 26 06:54:38 2003 :: Loading Suaco.
Sat Jul 26 06:54:42 2003 :: Look out, Suaco@ip68-99-148-39.mc.at.cox.net has connected.
Sat Jul 26 07:13:51 2003 :: EOF encountered on read.
Sat Jul 26 07:13:51 2003 :: Closing link to Suaco.
Sat Jul 26 07:13:52 2003 :: Sock.sinaddr:  68.99.148.39
Sat Jul 26 07:16:42 2003 :: Erick@ip68-99-148-39.mc.at.cox.net new player.
Sat Jul 26 07:18:30 2003 :: EOF encountered on read.
Sat Jul 26 07:18:30 2003 :: Closing link to Erick.
Sat Jul 26 07:18:45 2003 :: Sock.sinaddr:  68.99.148.39
Sat Jul 26 07:19:50 2003 :: EOF encountered on read.
Sat Jul 26 07:19:50 2003 :: Closing link to Aco.
Sat Jul 26 07:19:53 2003 :: Sock.sinaddr:  68.99.148.39
Sat Jul 26 07:20:24 2003 :: Aku@ip68-99-148-39.mc.at.cox.net new player.
Sat Jul 26 07:21:08 2003 :: EOF encountered on read.
Sat Jul 26 07:21:08 2003 :: Closing link to Aku.
Sat Jul 26 07:21:08 2003 :: Sock.sinaddr:  68.99.148.39
Sat Jul 26 07:21:31 2003 :: Aku@ip68-99-148-39.mc.at.cox.net new player.
Sat Jul 26 07:23:48 2003 :: Sock.sinaddr:  81.84.10.250
Sat Jul 26 07:24:54 2003 :: Kahn@81.84.10.250 new player.
Sat Jul 26 07:29:45 2003 :: Suaco has quit.
Sat Jul 26 07:29:56 2003 :: EOF encountered on read.
Sat Jul 26 07:29:56 2003 :: Closing link to Aku.
Sat Jul 26 07:29:56 2003 :: Sock.sinaddr:  68.99.148.39
Sat Jul 26 07:30:07 2003 :: Loading Erick.
Sat Jul 26 07:30:10 2003 :: Erick. Bad Password. IP: ip68-99-148-39.mc.at.cox.net> d
Sat Jul 26 07:30:10 2003 :: Closing link to Erick.
Sat Jul 26 07:30:13 2003 :: Sock.sinaddr:  68.99.148.39
Sat Jul 26 07:31:45 2003 :: EOF encountered on read.
Sat Jul 26 07:31:45 2003 :: Closing link to Erik.
Sat Jul 26 07:31:46 2003 :: Sock.sinaddr:  68.99.148.39
Sat Jul 26 07:31:50 2003 :: Loading Suaco.
Sat Jul 26 07:31:53 2003 :: Look out, Suaco@ip68-99-148-39.mc.at.cox.net has connected.
Sat Jul 26 07:32:04 2003 :: Sock.sinaddr:  68.99.148.39
Sat Jul 26 07:32:04 2003 :: EOF encountered on read.
Sat Jul 26 07:32:04 2003 :: Closing link to Suaco.
Sat Jul 26 07:33:19 2003 :: Erik@ip68-99-148-39.mc.at.cox.net new player.
Sat Jul 26 07:34:25 2003 :: Sock.sinaddr:  68.99.148.39
Sat Jul 26 07:34:25 2003 :: EOF encountered on read.
Sat Jul 26 07:34:25 2003 :: Closing link to Erik.
Sat Jul 26 07:34:25 2003 :: 81.84.10.250 input spamming!
Sat Jul 26 07:34:29 2003 :: Loading Suaco.
Sat Jul 26 07:34:31 2003 :: 81.84.10.250 input spamming!
Sat Jul 26 07:34:34 2003 :: Suaco@ip68-99-148-39.mc.at.cox.net reconnected.
Sat Jul 26 07:34:46 2003 :: EOF encountered on read.
Sat Jul 26 07:34:46 2003 :: Closing link to Suaco.
Sat Jul 26 07:34:48 2003 :: Sock.sinaddr:  68.99.148.39
Sat Jul 26 07:36:33 2003 :: Ulrich@ip68-99-148-39.mc.at.cox.net new player.
Sat Jul 26 07:38:34 2003 :: EOF encountered on read.
Sat Jul 26 07:38:34 2003 :: Closing link to Ulrich.
Sat Jul 26 07:38:38 2003 :: Sock.sinaddr:  68.99.148.39
Sat Jul 26 07:38:41 2003 :: 81.84.10.250 input spamming!
Sat Jul 26 07:38:48 2003 :: 81.84.10.250 input spamming!
Sat Jul 26 07:38:54 2003 :: 81.84.10.250 input spamming!
Sat Jul 26 07:39:02 2003 :: 81.84.10.250 input spamming!
Sat Jul 26 07:39:11 2003 :: 81.84.10.250 input spamming!
Sat Jul 26 07:39:19 2003 :: 81.84.10.250 input spamming!
Sat Jul 26 07:39:22 2003 :: Elrich@ip68-99-148-39.mc.at.cox.net new player.
Sat Jul 26 07:39:27 2003 :: 81.84.10.250 input spamming!
Sat Jul 26 07:39:35 2003 :: 81.84.10.250 input spamming!
Sat Jul 26 07:39:42 2003 :: 81.84.10.250 input spamming!
Sat Jul 26 07:41:58 2003 :: Adrastos has quit.
Sat Jul 26 07:46:06 2003 :: Elrich killed by a chained criminal at 3716
Sat Jul 26 07:49:50 2003 :: 81.84.10.250 input spamming!
Sat Jul 26 07:50:00 2003 :: 81.84.10.250 input spamming!
Sat Jul 26 07:50:08 2003 :: 81.84.10.250 input spamming!
Sat Jul 26 07:50:17 2003 :: 81.84.10.250 input spamming!
Sat Jul 26 07:50:32 2003 :: 81.84.10.250 input spamming!
Sat Jul 26 07:50:39 2003 :: 81.84.10.250 input spamming!
Sat Jul 26 07:50:45 2003 :: 81.84.10.250 input spamming!
Sat Jul 26 07:50:45 2003 :: Suaco has quit.
Sat Jul 26 07:50:51 2003 :: 81.84.10.250 input spamming!
Sat Jul 26 07:51:01 2003 :: 81.84.10.250 input spamming!
Sat Jul 26 07:51:08 2003 :: 81.84.10.250 input spamming!
Sat Jul 26 07:51:22 2003 :: 81.84.10.250 input spamming!
Sat Jul 26 07:51:29 2003 :: 81.84.10.250 input spamming!
Sat Jul 26 07:51:51 2003 :: 81.84.10.250 input spamming!
Sat Jul 26 07:56:27 2003 :: Kahn gained level 2
Sat Jul 26 07:57:15 2003 :: Kahn gained level 3
Sat Jul 26 07:58:30 2003 :: Elrich gained level 2
Sat Jul 26 07:59:42 2003 :: Kahn gained level 4
Sat Jul 26 08:01:51 2003 :: Kahn gained level 5
Sat Jul 26 08:05:36 2003 :: Kahn gained level 6
Sat Jul 26 08:06:39 2003 :: Elrich gained level 3
Sat Jul 26 08:07:18 2003 :: 81.84.10.250 input spamming!
Sat Jul 26 08:07:25 2003 :: 81.84.10.250 input spamming!
Sat Jul 26 08:07:29 2003 :: Sock.sinaddr:  195.23.197.63
Sat Jul 26 08:07:35 2003 :: 81.84.10.250 input spamming!
Sat Jul 26 08:07:47 2003 :: 81.84.10.250 input spamming!
Sat Jul 26 08:07:58 2003 :: 81.84.10.250 input spamming!
Sat Jul 26 08:08:02 2003 :: Loading Alvis.
Sat Jul 26 08:08:06 2003 :: Look out, Alvis@195-23-197-63.nr.ip.pt has connected.
Sat Jul 26 08:08:07 2003 :: 81.84.10.250 input spamming!
Sat Jul 26 08:08:26 2003 :: 81.84.10.250 input spamming!
Sat Jul 26 08:08:33 2003 :: 81.84.10.250 input spamming!
Sat Jul 26 08:08:41 2003 :: 81.84.10.250 input spamming!
Sat Jul 26 08:08:49 2003 :: 195-23-197-63.nr.ip.pt input spamming!
Sat Jul 26 08:08:51 2003 :: 81.84.10.250 input spamming!
Sat Jul 26 08:09:00 2003 :: 81.84.10.250 input spamming!
Sat Jul 26 08:09:23 2003 :: 81.84.10.250 input spamming!
Sat Jul 26 08:09:29 2003 :: 81.84.10.250 input spamming!
Sat Jul 26 08:09:36 2003 :: 81.84.10.250 input spamming!
Sat Jul 26 08:09:50 2003 :: 81.84.10.250 input spamming!
Sat Jul 26 08:10:11 2003 :: 81.84.10.250 input spamming!
Sat Jul 26 08:10:17 2003 :: 81.84.10.250 input spamming!
Sat Jul 26 08:10:25 2003 :: 81.84.10.250 input spamming!
Sat Jul 26 08:11:08 2003 :: 81.84.10.250 input spamming!
Sat Jul 26 08:11:14 2003 :: 81.84.10.250 input spamming!
Sat Jul 26 08:11:27 2003 :: 81.84.10.250 input spamming!
Sat Jul 26 08:11:33 2003 :: 81.84.10.250 input spamming!
Sat Jul 26 08:11:47 2003 :: Elrich gained level 4
Sat Jul 26 08:12:10 2003 :: 81.84.10.250 input spamming!
Sat Jul 26 08:12:16 2003 :: 81.84.10.250 input spamming!
Sat Jul 26 08:12:36 2003 :: 81.84.10.250 input spamming!
Sat Jul 26 08:12:51 2003 :: 81.84.10.250 input spamming!
Sat Jul 26 08:13:01 2003 :: 81.84.10.250 input spamming!
Sat Jul 26 08:13:09 2003 :: 81.84.10.250 input spamming!
Sat Jul 26 08:13:16 2003 :: 81.84.10.250 input spamming!
Sat Jul 26 08:13:26 2003 :: 81.84.10.250 input spamming!
Sat Jul 26 08:13:36 2003 :: 81.84.10.250 input spamming!
Sat Jul 26 08:13:46 2003 :: 81.84.10.250 input spamming!
Sat Jul 26 08:14:02 2003 :: 81.84.10.250 input spamming!
Sat Jul 26 08:14:18 2003 :: 81.84.10.250 input spamming!
Sat Jul 26 08:14:24 2003 :: 81.84.10.250 input spamming!
Sat Jul 26 08:14:31 2003 :: 81.84.10.250 input spamming!
Sat Jul 26 08:14:39 2003 :: 81.84.10.250 input spamming!
Sat Jul 26 08:14:52 2003 :: 81.84.10.250 input spamming!
Sat Jul 26 08:15:01 2003 :: 81.84.10.250 input spamming!
Sat Jul 26 08:15:09 2003 :: 81.84.10.250 input spamming!
Sat Jul 26 08:16:34 2003 :: 81.84.10.250 input spamming!
Sat Jul 26 08:16:44 2003 :: 81.84.10.250 input spamming!
Sat Jul 26 08:16:52 2003 :: 81.84.10.250 input spamming!
Sat Jul 26 08:17:00 2003 :: 81.84.10.250 input spamming!
Sat Jul 26 08:17:16 2003 :: 81.84.10.250 input spamming!
Sat Jul 26 08:17:33 2003 :: 81.84.10.250 input spamming!
Sat Jul 26 08:17:44 2003 :: 81.84.10.250 input spamming!
Sat Jul 26 08:18:09 2003 :: Sock.sinaddr:  193.136.33.200
Sat Jul 26 08:18:10 2003 :: Loading Yazeram.
Sat Jul 26 08:18:10 2003 :: 81.84.10.250 input spamming!
Sat Jul 26 08:18:10 2003 :: Look out, Yazeram@aulas-i-p2.fe.up.pt has connected.
Sat Jul 26 08:18:16 2003 :: 81.84.10.250 input spamming!
Sat Jul 26 08:18:25 2003 :: 81.84.10.250 input spamming!
Sat Jul 26 08:18:37 2003 :: 81.84.10.250 input spamming!
Sat Jul 26 08:18:43 2003 :: 81.84.10.250 input spamming!
Sat Jul 26 08:18:49 2003 :: 81.84.10.250 input spamming!
Sat Jul 26 08:19:08 2003 :: 81.84.10.250 input spamming!
Sat Jul 26 08:19:26 2003 :: 81.84.10.250 input spamming!
Sat Jul 26 08:19:32 2003 :: 81.84.10.250 input spamming!
Sat Jul 26 08:19:44 2003 :: 81.84.10.250 input spamming!
Sat Jul 26 08:20:00 2003 :: 81.84.10.250 input spamming!
Sat Jul 26 08:20:16 2003 :: 81.84.10.250 input spamming!
Sat Jul 26 08:20:22 2003 :: 81.84.10.250 input spamming!
Sat Jul 26 08:20:29 2003 :: 81.84.10.250 input spamming!
Sat Jul 26 08:20:34 2003 :: Elrich gained level 5
Sat Jul 26 08:20:35 2003 :: 81.84.10.250 input spamming!
Sat Jul 26 08:20:41 2003 :: 81.84.10.250 input spamming!
Sat Jul 26 08:20:47 2003 :: 81.84.10.250 input spamming!
Sat Jul 26 08:20:57 2003 :: 81.84.10.250 input spamming!
Sat Jul 26 08:21:05 2003 :: 81.84.10.250 input spamming!
Sat Jul 26 08:21:15 2003 :: Kahn gained level 7
Sat Jul 26 08:21:20 2003 :: 81.84.10.250 input spamming!
Sat Jul 26 08:21:20 2003 :: Alvis gained level 7
Sat Jul 26 08:21:26 2003 :: 81.84.10.250 input spamming!
Sat Jul 26 08:21:32 2003 :: 81.84.10.250 input spamming!
Sat Jul 26 08:21:40 2003 :: 81.84.10.250 input spamming!
Sat Jul 26 08:22:00 2003 :: 81.84.10.250 input spamming!
Sat Jul 26 08:22:09 2003 :: 81.84.10.250 input spamming!
Sat Jul 26 08:22:15 2003 :: 81.84.10.250 input spamming!
Sat Jul 26 08:22:22 2003 :: 81.84.10.250 input spamming!
Sat Jul 26 08:22:45 2003 :: 81.84.10.250 input spamming!
Sat Jul 26 08:22:51 2003 :: 81.84.10.250 input spamming!
Sat Jul 26 08:22:57 2003 :: 81.84.10.250 input spamming!
Sat Jul 26 08:23:04 2003 :: 81.84.10.250 input spamming!
Sat Jul 26 08:23:12 2003 :: 81.84.10.250 input spamming!
Sat Jul 26 08:23:22 2003 :: 81.84.10.250 input spamming!
Sat Jul 26 08:23:30 2003 :: 81.84.10.250 input spamming!
Sat Jul 26 08:23:38 2003 :: 81.84.10.250 input spamming!
Sat Jul 26 08:23:50 2003 :: 81.84.10.250 input spamming!
Sat Jul 26 08:23:56 2003 :: 81.84.10.250 input spamming!
Sat Jul 26 08:24:15 2003 :: 81.84.10.250 input spamming!
Sat Jul 26 08:24:26 2003 :: 81.84.10.250 input spamming!
Sat Jul 26 08:24:35 2003 :: 81.84.10.250 input spamming!
Sat Jul 26 08:24:41 2003 :: 81.84.10.250 input spamming!
Sat Jul 26 08:24:47 2003 :: 81.84.10.250 input spamming!
Sat Jul 26 08:24:52 2003 :: Alvis has quit.
Sat Jul 26 08:24:58 2003 :: 81.84.10.250 input spamming!
Sat Jul 26 08:25:04 2003 :: 81.84.10.250 input spamming!
Sat Jul 26 08:25:12 2003 :: 81.84.10.250 input spamming!
Sat Jul 26 08:25:18 2003 :: 81.84.10.250 input spamming!
Sat Jul 26 08:25:25 2003 :: Sock.sinaddr:  195.23.197.63
Sat Jul 26 08:25:32 2003 :: Loading Magyar.
Sat Jul 26 08:25:34 2003 :: 81.84.10.250 input spamming!
Sat Jul 26 08:25:35 2003 :: Look out, Magyar@195-23-197-63.nr.ip.pt has connected.
Sat Jul 26 08:25:41 2003 :: 81.84.10.250 input spamming!
Sat Jul 26 08:25:49 2003 :: 81.84.10.250 input spamming!
Sat Jul 26 08:25:57 2003 :: 81.84.10.250 input spamming!
Sat Jul 26 08:26:07 2003 :: 81.84.10.250 input spamming!
Sat Jul 26 08:26:57 2003 :: 81.84.10.250 input spamming!
Sat Jul 26 08:27:12 2003 :: 81.84.10.250 input spamming!
Sat Jul 26 08:27:20 2003 :: 81.84.10.250 input spamming!
Sat Jul 26 08:27:26 2003 :: 81.84.10.250 input spamming!
Sat Jul 26 08:31:28 2003 :: Sock.sinaddr:  68.99.148.39
Sat Jul 26 08:32:14 2003 :: Elrich gained level 6
Sat Jul 26 08:36:26 2003 :: Squall@ip68-99-148-39.mc.at.cox.net new player.
Sat Jul 26 08:41:19 2003 :: Sock.sinaddr:  193.136.33.200
Sat Jul 26 08:41:22 2003 :: Loading Halig.
Sat Jul 26 08:41:24 2003 :: Look out, Halig@aulas-i-p2.fe.up.pt has connected.
Sat Jul 26 08:43:03 2003 :: Magyar has quit.
Sat Jul 26 08:43:06 2003 :: Sock.sinaddr:  195.23.197.63
Sat Jul 26 08:43:12 2003 :: Loading Alvis.
Sat Jul 26 08:43:15 2003 :: Look out, Alvis@195-23-197-63.nr.ip.pt has connected.
Sat Jul 26 08:43:22 2003 :: Sock.sinaddr:  193.136.33.200
Sat Jul 26 08:43:27 2003 :: Loading Malakyth.
Sat Jul 26 08:43:29 2003 :: Look out, Malakyth@aulas-i-p2.fe.up.pt has connected.
Sat Jul 26 08:43:30 2003 :: Squall gained level 2
Sat Jul 26 08:44:26 2003 :: Kahn gained level 8
Sat Jul 26 08:45:49 2003 :: Yazeram has quit.
Sat Jul 26 08:46:36 2003 :: 81.84.10.250 input spamming!
Sat Jul 26 08:46:48 2003 :: 81.84.10.250 input spamming!
Sat Jul 26 08:46:54 2003 :: 81.84.10.250 input spamming!
Sat Jul 26 08:47:55 2003 :: 81.84.10.250 input spamming!
Sat Jul 26 08:48:10 2003 :: 81.84.10.250 input spamming!
Sat Jul 26 08:48:23 2003 :: 81.84.10.250 input spamming!
Sat Jul 26 08:48:29 2003 :: 81.84.10.250 input spamming!
Sat Jul 26 08:51:47 2003 :: Elrich gained level 7
Sat Jul 26 08:56:32 2003 :: Kahn gained level 9
Sat Jul 26 08:57:08 2003 :: Alvis gained level 8
Sat Jul 26 08:58:56 2003 :: Squall gained level 3
Sat Jul 26 09:02:05 2003 :: Halig has quit.
Sat Jul 26 09:07:41 2003 :: Kahn gained level 10
Sat Jul 26 09:09:20 2003 :: Alvis gained level 9
Sat Jul 26 09:13:20 2003 :: Malakyth has quit.
Sat Jul 26 09:15:47 2003 :: Kahn gained level 11
Sat Jul 26 09:21:33 2003 :: Sock.sinaddr:  193.136.33.200
Sat Jul 26 09:21:34 2003 :: Loading Yazeram.
Sat Jul 26 09:21:34 2003 :: Look out, Yazeram@aulas-i-p2.fe.up.pt has connected.
Sat Jul 26 09:21:52 2003 :: Sock.sinaddr:  193.136.33.200
Sat Jul 26 09:21:55 2003 :: Loading Halig.
Sat Jul 26 09:21:57 2003 :: Look out, Halig@aulas-i-p2.fe.up.pt has connected.
Sat Jul 26 09:22:01 2003 :: Sock.sinaddr:  193.136.33.200
Sat Jul 26 09:22:06 2003 :: Loading Malakyth.
Sat Jul 26 09:22:08 2003 :: Look out, Malakyth@aulas-i-p2.fe.up.pt has connected.
Sat Jul 26 09:23:46 2003 :: Yazeram has quit.
Sat Jul 26 09:23:50 2003 :: Sock.sinaddr:  193.136.33.200
Sat Jul 26 09:23:50 2003 :: Loading Robert.
Sat Jul 26 09:23:51 2003 :: Look out, Robert@aulas-i-p2.fe.up.pt has connected.
Sat Jul 26 09:24:53 2003 :: Alvis gained level 10
Sat Jul 26 09:27:26 2003 :: Sock.sinaddr:  68.99.148.39
Sat Jul 26 09:27:26 2003 :: EOF encountered on read.
Sat Jul 26 09:27:26 2003 :: Closing link to Squall.
Sat Jul 26 09:27:31 2003 :: Loading Suaco.
Sat Jul 26 09:27:33 2003 :: Look out, Suaco@ip68-99-148-39.mc.at.cox.net has connected.
Sat Jul 26 09:28:38 2003 :: EOF encountered on read.
Sat Jul 26 09:28:38 2003 :: Closing link to Suaco.
Sat Jul 26 09:28:38 2003 :: Sock.sinaddr:  68.99.148.39
Sat Jul 26 09:28:51 2003 :: Loading Squall.
Sat Jul 26 09:28:56 2003 :: Squall@ip68-99-148-39.mc.at.cox.net reconnected.
Sat Jul 26 09:29:22 2003 :: Malakyth has quit.
Sat Jul 26 09:29:29 2003 :: Sock.sinaddr:  193.136.33.200
Sat Jul 26 09:29:33 2003 :: Loading Malakyth.
Sat Jul 26 09:29:35 2003 :: Look out, Malakyth@aulas-i-p2.fe.up.pt has connected.
Sat Jul 26 09:29:47 2003 :: Kahn gained level 12
Sat Jul 26 09:31:29 2003 :: Squall gained level 4
Sat Jul 26 09:41:44 2003 :: Alvis gained level 11
Sat Jul 26 09:42:36 2003 :: Sock.sinaddr:  4.64.88.32
Sat Jul 26 09:42:37 2003 :: Loading Hydroth.
Sat Jul 26 09:42:37 2003 :: Look out, Hydroth@evrtwa1-ar5-4-64-088-032.evrtwa1.dsl-verizon.net has connected.
Sat Jul 26 09:42:41 2003 :: Hydroth has quit.
Sat Jul 26 09:44:50 2003 :: Suaco has quit.
Sat Jul 26 09:45:57 2003 :: Robert has quit.
Sat Jul 26 09:46:04 2003 :: Sock.sinaddr:  193.136.33.200
Sat Jul 26 09:46:04 2003 :: Loading Raven.
Sat Jul 26 09:46:05 2003 :: Look out, Raven@aulas-i-p2.fe.up.pt has connected.
Sat Jul 26 09:48:01 2003 :: Malakyth has quit.
Sat Jul 26 09:49:52 2003 :: Raven has quit.
Sat Jul 26 09:54:00 2003 :: Squall gained level 5
Sat Jul 26 09:54:53 2003 :: Sock.sinaddr:  193.136.33.200
Sat Jul 26 09:54:57 2003 :: Loading Petrus.
Sat Jul 26 09:54:59 2003 :: Look out, Petrus@aulas-i-p2.fe.up.pt has connected.
Sat Jul 26 09:55:10 2003 :: EOF encountered on read.
Sat Jul 26 09:55:10 2003 :: Closing link to Squall.
Sat Jul 26 09:59:24 2003 :: Elrich killed by A druid-in-training at 3303
Sat Jul 26 10:00:24 2003 :: Kahn gained level 13
Sat Jul 26 10:01:20 2003 :: Sock.sinaddr:  213.13.234.95
Sat Jul 26 10:01:23 2003 :: Loading Adrastos.
Sat Jul 26 10:01:23 2003 :: Look out, Adrastos@adslsapo-b3-234-95.telepac.pt has connected.
Sat Jul 26 10:02:04 2003 :: EOF encountered on read.
Sat Jul 26 10:02:04 2003 :: Closing link to Elrich.
Sat Jul 26 10:02:19 2003 :: Adrastos has quit.
Sat Jul 26 10:10:18 2003 :: Sock.sinaddr:  193.136.33.200
Sat Jul 26 10:10:22 2003 :: Loading Malakyth.
Sat Jul 26 10:10:25 2003 :: Look out, Malakyth@aulas-i-p2.fe.up.pt has connected.
Sat Jul 26 10:11:08 2003 :: Squall has quit.
Sat Jul 26 10:11:57 2003 :: Malakyth has quit.
Sat Jul 26 10:12:32 2003 :: Alvis gained level 12
Sat Jul 26 10:13:08 2003 :: Petrus has quit.
Sat Jul 26 10:16:43 2003 :: Sock.sinaddr:  68.99.148.39
Sat Jul 26 10:17:04 2003 :: Sock.sinaddr:  193.136.33.200
Sat Jul 26 10:17:08 2003 :: Loading Petrus.
Sat Jul 26 10:17:10 2003 :: Look out, Petrus@aulas-i-p2.fe.up.pt has connected.
Sat Jul 26 10:17:53 2003 :: Elrich has quit.
Sat Jul 26 10:19:08 2003 :: EOF encountered on read.
Sat Jul 26 10:19:08 2003 :: Closing link to Dalam.
Sat Jul 26 10:19:08 2003 :: Sock.sinaddr:  68.99.148.39
Sat Jul 26 10:20:21 2003 :: Lanjr@ip68-99-148-39.mc.at.cox.net new player.
Sat Jul 26 10:20:43 2003 :: Sock.sinaddr:  213.13.234.95
Sat Jul 26 10:20:43 2003 :: Loading Adrastos.
Sat Jul 26 10:20:43 2003 :: Look out, Adrastos@adslsapo-b3-234-95.telepac.pt has connected.
Sat Jul 26 10:23:03 2003 :: Alvis has quit.
Sat Jul 26 10:23:19 2003 :: Sock.sinaddr:  195.23.197.63
Sat Jul 26 10:23:25 2003 :: EOF encountered on read.
Sat Jul 26 10:23:30 2003 :: Sock.sinaddr:  195.23.197.63
Sat Jul 26 10:23:41 2003 :: Loading Magyar.
Sat Jul 26 10:23:46 2003 :: Look out, Magyar@195-23-197-63.nr.ip.pt has connected.
Sat Jul 26 10:25:01 2003 :: Petrus has quit.
Sat Jul 26 10:25:03 2003 :: Halig has quit.
Sat Jul 26 10:28:39 2003 :: EOF encountered on read.
Sat Jul 26 10:28:39 2003 :: Closing link to Lanjr.
Sat Jul 26 10:28:40 2003 :: Sock.sinaddr:  68.99.148.39
Sat Jul 26 10:29:48 2003 :: Sock.sinaddr:  68.99.148.39
Sat Jul 26 10:29:48 2003 :: EOF encountered on read.
Sat Jul 26 10:29:48 2003 :: Closing link to Lanjir.
Sat Jul 26 10:30:32 2003 :: Sock.sinaddr:  193.136.33.200
Sat Jul 26 10:30:36 2003 :: Loading Halig.
Sat Jul 26 10:30:39 2003 :: Look out, Halig@aulas-i-p2.fe.up.pt has connected.
Sat Jul 26 10:31:27 2003 :: EOF encountered on read.
Sat Jul 26 10:31:27 2003 :: Closing link to Lanjir.
Sat Jul 26 10:31:37 2003 :: Sock.sinaddr:  68.99.148.39
Sat Jul 26 10:31:55 2003 :: EOF encountered on read.
Sat Jul 26 10:32:09 2003 :: Halig has quit.
Sat Jul 26 10:32:15 2003 :: Sock.sinaddr:  193.136.33.200
Sat Jul 26 10:32:19 2003 :: Loading Petrus.
Sat Jul 26 10:32:19 2003 :: Petrus. Bad Password. IP: aulas-i-p2.fe.up.pt> 
Sat Jul 26 10:32:19 2003 :: Closing link to Petrus.
Sat Jul 26 10:32:21 2003 :: Sock.sinaddr:  193.136.33.200
Sat Jul 26 10:32:23 2003 :: Loading Petrus.
Sat Jul 26 10:32:25 2003 :: Look out, Petrus@aulas-i-p2.fe.up.pt has connected.
Sat Jul 26 10:32:46 2003 :: Petrus has quit.
Sat Jul 26 10:40:27 2003 :: Kahn has quit.
Sat Jul 26 10:42:35 2003 :: Adrastos has quit.
Sat Jul 26 10:45:58 2003 :: Magyar has quit.
Sat Jul 26 10:48:56 2003 :: Sock.sinaddr:  64.40.55.158
Sat Jul 26 10:48:58 2003 :: Loading Paladine.
Sat Jul 26 10:48:58 2003 :: Look out, Paladine@64-40-55-158.ncplus.net has connected.
Sat Jul 26 10:50:32 2003 :: Log Paladine: shutdown
Sat Jul 26 10:50:32 2003 :: Closing link to Paladine.
Sat Jul 26 10:50:32 2003 :: Normal termination of game.
