Tue Sep 14 15:40:58 2010 :: ROM is ready to rock on port 6100.
Tue Sep 14 15:40:58 2010 :: Could not backup players. Please report to Paladine.
Tue Sep 14 21:41:02 2010 :: Sock.sinaddr:  97.95.73.29
Tue Sep 14 21:41:05 2010 :: Loading Hiddukel.
Tue Sep 14 21:41:06 2010 :: Look out, Hiddukel@97-95-73-29.dhcp.eucl.wi.charter.com has connected.
Tue Sep 14 21:41:10 2010 :: Log Hiddukel: laston pashintra
Tue Sep 14 21:42:08 2010 :: Log Hiddukel: laston constance
Tue Sep 14 21:42:13 2010 :: Log Hiddukel: laston constantine
Tue Sep 14 21:42:20 2010 :: Log Hiddukel: laston inglor
Tue Sep 14 21:43:00 2010 :: Log Hiddukel: check
Tue Sep 14 21:44:29 2010 :: Sock.sinaddr:  173.126.179.152
Tue Sep 14 21:44:30 2010 :: Loading Svalski.
Tue Sep 14 21:44:30 2010 :: Look out, Svalski@173-126-179-152.pools.spcsdns.net has connected.
Tue Sep 14 21:46:06 2010 :: Svalski has quit.
Tue Sep 14 21:46:12 2010 :: Sock.sinaddr:  173.126.179.152
Tue Sep 14 21:46:15 2010 :: Loading Isini.
Tue Sep 14 21:46:16 2010 :: Look out, Isini@173-126-179-152.pools.spcsdns.net has connected.
Tue Sep 14 21:46:36 2010 :: tombguard tomb guard assassinated by Isini at 17512
Tue Sep 14 21:47:37 2010 :: silvanoshei questmaster speaker assassinated by Isini at 17635
Tue Sep 14 21:48:37 2010 :: Isini has quit.
Tue Sep 14 21:48:44 2010 :: Sock.sinaddr:  173.126.179.152
Tue Sep 14 21:48:44 2010 :: Loading Svalski.
Tue Sep 14 21:48:44 2010 :: Look out, Svalski@173-126-179-152.pools.spcsdns.net has connected.
Tue Sep 14 21:49:30 2010 :: Svalski has quit.
Tue Sep 14 21:49:33 2010 :: Sock.sinaddr:  173.126.179.152
Tue Sep 14 21:49:36 2010 :: Loading Isini.
Tue Sep 14 21:49:37 2010 :: Look out, Isini@173-126-179-152.pools.spcsdns.net has connected.
Tue Sep 14 21:49:54 2010 :: Isini has quit.
Tue Sep 14 21:49:57 2010 :: Sock.sinaddr:  173.126.179.152
Tue Sep 14 21:49:57 2010 :: Loading Svalski.
Tue Sep 14 21:49:58 2010 :: Look out, Svalski@173-126-179-152.pools.spcsdns.net has connected.
Tue Sep 14 21:55:17 2010 :: Sock.sinaddr:  24.88.107.233
Tue Sep 14 21:55:19 2010 :: Loading Chislev.
Tue Sep 14 21:55:21 2010 :: Look out, Chislev@cpe-024-088-107-233.sc.res.rr.com has connected.
Tue Sep 14 22:02:56 2010 :: Sock.sinaddr:  216.135.54.194
Tue Sep 14 22:02:59 2010 :: Loading Chidak.
Tue Sep 14 22:03:02 2010 :: Look out, Chidak@client001-static.c044772.customers.cinergycom.net has connected.
Tue Sep 14 22:03:24 2010 :: Sock.sinaddr:  173.23.237.63
Tue Sep 14 22:03:27 2010 :: Loading Covah.
Tue Sep 14 22:03:30 2010 :: Covah. Bad Password. IP: 173-23-237-63.client.mchsi.com> decimation
Tue Sep 14 22:03:30 2010 :: Closing link to Covah.
Tue Sep 14 22:03:31 2010 :: Sock.sinaddr:  173.23.237.63
Tue Sep 14 22:03:34 2010 :: Loading Covah.
Tue Sep 14 22:03:39 2010 :: Covah. Bad Password. IP: 173-23-237-63.client.mchsi.com> destruction
Tue Sep 14 22:03:39 2010 :: Closing link to Covah.
Tue Sep 14 22:04:02 2010 :: Sock.sinaddr:  173.23.237.63
Tue Sep 14 22:04:06 2010 :: Loading Covah.
Tue Sep 14 22:04:08 2010 :: Covah. Bad Password. IP: 173-23-237-63.client.mchsi.com> chiral
Tue Sep 14 22:04:08 2010 :: Closing link to Covah.
Tue Sep 14 22:04:25 2010 :: Sock.sinaddr:  173.23.237.63
Tue Sep 14 22:04:28 2010 :: Loading Covah.
Tue Sep 14 22:04:38 2010 :: Covah. Bad Password. IP: 173-23-237-63.client.mchsi.com> devastation
Tue Sep 14 22:04:38 2010 :: Closing link to Covah.
Tue Sep 14 22:04:39 2010 :: Sock.sinaddr:  173.23.237.63
Tue Sep 14 22:04:43 2010 :: Loading Covah.
Tue Sep 14 22:04:48 2010 :: Covah. Bad Password. IP: 173-23-237-63.client.mchsi.com> devistation
Tue Sep 14 22:04:48 2010 :: Closing link to Covah.
Tue Sep 14 22:04:49 2010 :: Sock.sinaddr:  173.23.237.63
Tue Sep 14 22:04:54 2010 :: Loading Covah.
Tue Sep 14 22:05:12 2010 :: Covah. Bad Password. IP: 173-23-237-63.client.mchsi.com> decimate
Tue Sep 14 22:05:12 2010 :: Closing link to Covah.
Tue Sep 14 22:05:13 2010 :: Sock.sinaddr:  173.23.237.63
Tue Sep 14 22:05:17 2010 :: Loading Covah.
Tue Sep 14 22:07:40 2010 :: Covah. Bad Password. IP: 173-23-237-63.client.mchsi.com> decimize
Tue Sep 14 22:07:40 2010 :: Closing link to Covah.
Tue Sep 14 22:07:42 2010 :: Sock.sinaddr:  173.23.237.63
Tue Sep 14 22:07:44 2010 :: Loading Gael.
Tue Sep 14 22:07:47 2010 :: Look out, Gael@173-23-237-63.client.mchsi.com has connected.
Tue Sep 14 22:08:54 2010 :: Sock.sinaddr:  216.153.43.36
Tue Sep 14 22:08:57 2010 :: Loading Trathanas.
Tue Sep 14 22:08:58 2010 :: Look out, Trathanas@host36-69-153-216.isdn.net has connected.
Tue Sep 14 22:10:44 2010 :: Sock.sinaddr:  67.189.84.147
Tue Sep 14 22:10:47 2010 :: Loading Mishakal.
Tue Sep 14 22:10:49 2010 :: Look out, Mishakal@c-67-189-84-147.hsd1.wa.comcast.net has connected.
Tue Sep 14 22:16:32 2010 :: Chidak has quit.
Tue Sep 14 22:16:33 2010 :: Sock.sinaddr:  216.135.54.194
Tue Sep 14 22:16:35 2010 :: Loading Rakseth.
Tue Sep 14 22:16:38 2010 :: Look out, Rakseth@client001-static.c044772.customers.cinergycom.net has connected.
Tue Sep 14 22:19:11 2010 :: Sock.sinaddr:  24.88.107.233
Tue Sep 14 22:19:14 2010 :: Loading Theriss.
Tue Sep 14 22:19:16 2010 :: Look out, Theriss@cpe-024-088-107-233.sc.res.rr.com has connected.
Tue Sep 14 22:22:34 2010 :: Rakseth has quit.
Tue Sep 14 22:22:38 2010 :: Sock.sinaddr:  216.135.54.194
Tue Sep 14 22:22:44 2010 :: Loading Chidak.
Tue Sep 14 22:22:44 2010 :: Look out, Chidak@client001-static.c044772.customers.cinergycom.net has connected.
Tue Sep 14 22:23:45 2010 :: guardian kot stronghold assassinated by Chidak at 11626
Tue Sep 14 22:26:05 2010 :: Log Chislev: laston razel
Tue Sep 14 22:27:18 2010 :: Chidak has quit.
Tue Sep 14 22:27:19 2010 :: Sock.sinaddr:  216.135.54.194
Tue Sep 14 22:27:21 2010 :: Loading Alaeroth.
Tue Sep 14 22:27:24 2010 :: Look out, Alaeroth@client001-static.c044772.customers.cinergycom.net has connected.
Tue Sep 14 22:28:00 2010 :: [WARNING] Alaeroth tells Hiddukel: Also, how long does i have to work for a true mark and high priest on here.. sirrion logged on like one damn day, kinda rp'd with me, i got a title.... and he vanished to work on his own MUD.
Tue Sep 14 22:28:25 2010 :: Log Hiddukel: laston sirrion
Tue Sep 14 22:28:34 2010 :: Log Hiddukel: lastonimm
Tue Sep 14 22:29:37 2010 :: Gael has quit.
Tue Sep 14 22:29:39 2010 :: Sock.sinaddr:  173.23.237.63
Tue Sep 14 22:29:41 2010 :: Loading Covah.
Tue Sep 14 22:29:43 2010 :: Covah. Bad Password. IP: 173-23-237-63.client.mchsi.com> chiral
Tue Sep 14 22:29:43 2010 :: Closing link to Covah.
Tue Sep 14 22:30:01 2010 :: Sock.sinaddr:  173.23.237.63
Tue Sep 14 22:30:19 2010 :: Loading Covah.
Tue Sep 14 22:30:19 2010 :: Log Hiddukel: pload sirrion
Tue Sep 14 22:30:19 2010 :: Loading sirrion.
Tue Sep 14 22:30:19 2010 :: Covah. Bad Password. IP: 173-23-237-63.client.mchsi.com> blood1519
Tue Sep 14 22:30:19 2010 :: Closing link to Covah.
Tue Sep 14 22:30:21 2010 :: Sock.sinaddr:  173.23.237.63
Tue Sep 14 22:30:22 2010 :: Log Hiddukel: pload chemosh
Tue Sep 14 22:30:22 2010 :: Loading chemosh.
Tue Sep 14 22:30:25 2010 :: Loading Gael.
Tue Sep 14 22:30:27 2010 :: Look out, Gael@173-23-237-63.client.mchsi.com has connected.
Tue Sep 14 22:30:29 2010 :: Log Hiddukel: pload morgion
Tue Sep 14 22:30:34 2010 :: Log Hiddukel: pload morgion
Tue Sep 14 22:30:38 2010 :: Log Hiddukel: deny sirrion
Tue Sep 14 22:30:38 2010 :: Sirrion has quit.
Tue Sep 14 22:31:02 2010 :: Log Hiddukel: deny chemosh
Tue Sep 14 22:31:02 2010 :: Chemosh has quit.
Tue Sep 14 22:31:08 2010 :: Log Hiddukel: lastonimm
Tue Sep 14 22:32:36 2010 :: Gael has quit.
Tue Sep 14 22:32:38 2010 :: Sock.sinaddr:  173.23.237.63
Tue Sep 14 22:32:40 2010 :: Loading Covah.
Tue Sep 14 22:32:47 2010 :: Covah. Bad Password. IP: 173-23-237-63.client.mchsi.com> bethany4260
Tue Sep 14 22:32:47 2010 :: Closing link to Covah.
Tue Sep 14 22:32:49 2010 :: Sock.sinaddr:  173.23.237.63
Tue Sep 14 22:32:53 2010 :: Loading Gael.
Tue Sep 14 22:32:56 2010 :: Look out, Gael@173-23-237-63.client.mchsi.com has connected.
Tue Sep 14 22:33:34 2010 :: [WARNING] Chislev imms: I honestly never thought they would get a mud up and going. They tryed it once before I think long time ago.
Tue Sep 14 22:34:03 2010 :: [WARNING] Chislev imms: hell I tryed to make a mud when I was like 18 lol we will just say I failed tragically
Tue Sep 14 22:36:30 2010 :: Log Hiddukel: mark alaeroth flame
Tue Sep 14 22:36:34 2010 :: Log Hiddukel: mark asa
Tue Sep 14 22:36:39 2010 :: [WARNING] Alaeroth replies to Hiddukel: Oh... I thought you knew about Sirrion... Hell, i helped him build some of his underground drow city on his MUD, didn't mean to tell on him.
Tue Sep 14 22:37:19 2010 :: Log Hiddukel: set char alaeroth align 0
Tue Sep 14 22:38:07 2010 :: Gael has quit.
Tue Sep 14 22:38:09 2010 :: Sock.sinaddr:  173.23.237.63
Tue Sep 14 22:38:11 2010 :: Loading Covah.
Tue Sep 14 22:38:16 2010 :: Covah. Bad Password. IP: 173-23-237-63.client.mchsi.com> blood1519
Tue Sep 14 22:38:16 2010 :: Closing link to Covah.
Tue Sep 14 22:38:17 2010 :: Sock.sinaddr:  173.23.237.63
Tue Sep 14 22:38:21 2010 :: Loading Covah.
Tue Sep 14 22:38:27 2010 :: Covah. Bad Password. IP: 173-23-237-63.client.mchsi.com> doubt1519
Tue Sep 14 22:38:27 2010 :: Closing link to Covah.
Tue Sep 14 22:38:29 2010 :: Sock.sinaddr:  173.23.237.63
Tue Sep 14 22:38:33 2010 :: Loading Covah.
Tue Sep 14 22:38:39 2010 :: Covah. Bad Password. IP: 173-23-237-63.client.mchsi.com> bethany4260
Tue Sep 14 22:38:39 2010 :: Closing link to Covah.
Tue Sep 14 22:38:40 2010 :: Sock.sinaddr:  173.23.237.63
Tue Sep 14 22:38:44 2010 :: Loading Covah.
Tue Sep 14 22:38:50 2010 :: Covah. Bad Password. IP: 173-23-237-63.client.mchsi.com> anguish
Tue Sep 14 22:38:50 2010 :: Closing link to Covah.
Tue Sep 14 22:38:52 2010 :: Sock.sinaddr:  173.23.237.63
Tue Sep 14 22:38:54 2010 :: Loading Covah.
Tue Sep 14 22:39:49 2010 :: Covah. Bad Password. IP: 173-23-237-63.client.mchsi.com> 
Tue Sep 14 22:39:49 2010 :: Closing link to Covah.
Tue Sep 14 22:39:51 2010 :: Sock.sinaddr:  173.23.237.63
Tue Sep 14 22:39:55 2010 :: Loading Gael.
Tue Sep 14 22:39:58 2010 :: Look out, Gael@173-23-237-63.client.mchsi.com has connected.
Tue Sep 14 22:41:13 2010 :: Sock.sinaddr:  173.126.179.152
Tue Sep 14 22:41:14 2010 :: Loading Svalski.
Tue Sep 14 22:41:17 2010 :: Closing link to Svalski.
Tue Sep 14 22:41:17 2010 :: Svalski@173-126-179-152.pools.spcsdns.net reconnected.
Tue Sep 14 22:42:24 2010 :: Sock.sinaddr:  74.171.93.18
Tue Sep 14 22:42:25 2010 :: Sock.sinaddr:  74.171.93.18
Tue Sep 14 22:42:29 2010 :: Loading Sinjin.
Tue Sep 14 22:42:29 2010 :: Look out, Sinjin@adsl-074-171-093-018.sip.ags.bellsouth.net has connected.
Tue Sep 14 22:42:58 2010 :: Gael has quit.
Tue Sep 14 22:46:14 2010 :: [WARNING] Alaeroth replies to Hiddukel: ACtually, i told Marthias about the mud of sirrion's. Sirrion hired me to build, and i was friends with Marthias at the time.. guess he got interested after i mentioned it. My bad if i caused anything...
Tue Sep 14 22:46:28 2010 :: Log Chislev: addapply
Tue Sep 14 22:47:33 2010 :: [*****] BUG: buffer overflow past size 16384
Tue Sep 14 22:53:19 2010 :: Sock.sinaddr:  4.225.146.50
Tue Sep 14 22:53:20 2010 :: Loading Reivax.
Tue Sep 14 22:53:21 2010 :: Look out, Reivax@dialup-4.225.146.50.Dial1.Cincinnati1.Level3.net has connected.
Tue Sep 14 22:54:44 2010 :: Log Mishakal: string obj sithel short a {rThorn {BKnot{x
Tue Sep 14 22:55:10 2010 :: Log Mishakal: string obj sithel long A strand of thorns is looped into a knot that has no begining and thus no end.
Tue Sep 14 22:55:21 2010 :: Log Mishakal: string obj sithel name thorn knot
Tue Sep 14 22:57:09 2010 :: Log Mishakal: string obj orb short ({MGhostly{x) Enchanters Spellbook{x
Tue Sep 14 22:57:37 2010 :: Log Mishakal: string obj orb long A ghostly spell book floats nearby.
Tue Sep 14 22:57:50 2010 :: Log Mishakal: string obj orb name enchanters spellbook
Tue Sep 14 23:00:28 2010 :: Log Mishakal: string obj ball short {DFocus {wof {YPwer{x
Tue Sep 14 23:00:49 2010 :: Log Mishakal: string obj ball long A twisted limb from an oak tree designed with an infinite swirl and runes of power branded into it. A bright red ruby crests the top of the staff.
Tue Sep 14 23:00:57 2010 :: Log Mishakal: string obj ball short {DFocus {wof {YPower{x
Tue Sep 14 23:01:06 2010 :: Log Mishakal: string obj ball name focus power
Tue Sep 14 23:02:31 2010 :: Log Mishakal: string obj short ({DTattooed{x) A Crescent{x
Tue Sep 14 23:02:56 2010 :: Log Mishakal: string obj cuff short ({DTattooed{x) A Crescent{x
Tue Sep 14 23:03:20 2010 :: Log Mishakal: string obj cuff long A black crescent is tattooed on each forearm.
Tue Sep 14 23:03:43 2010 :: Log Mishakal: string obj cuff name crescent
Tue Sep 14 23:03:50 2010 :: Log Mishakal: string obj cuff long A black crescent is tattooed on each forearm.
Tue Sep 14 23:03:52 2010 :: Sock.sinaddr:  173.126.179.152
Tue Sep 14 23:03:53 2010 :: Loading Svalski.
Tue Sep 14 23:03:55 2010 :: Closing link to Svalski.
Tue Sep 14 23:03:55 2010 :: Svalski@173-126-179-152.pools.spcsdns.net reconnected.
Tue Sep 14 23:03:57 2010 :: Log Mishakal: string obj cuff short ({DTattooed{x) A Crescent{x
Tue Sep 14 23:04:00 2010 :: Log Mishakal: string obj cuff name crescent
Tue Sep 14 23:04:17 2010 :: [*****] BUG: buffer overflow past size 16384
Tue Sep 14 23:04:38 2010 :: Reivax has quit.
Tue Sep 14 23:04:39 2010 :: Sock.sinaddr:  4.225.146.50
Tue Sep 14 23:04:41 2010 :: Loading Xavier.
Tue Sep 14 23:04:43 2010 :: Look out, Xavier@dialup-4.225.146.50.Dial1.Cincinnati1.Level3.net has connected.
Tue Sep 14 23:05:23 2010 :: Log Mishakal: string obj girth short ({mTwisted{w) ({DDarkened{x) Belt of Skin
Tue Sep 14 23:05:46 2010 :: Log Mishakal: string obj girth long A belt made from twisted leathered skins lies here.
Tue Sep 14 23:05:59 2010 :: Log Mishakal: string obj girth name belt skin
Tue Sep 14 23:05:59 2010 :: [WARNING] Alaeroth tells Sinjin: Fuck, he did... now he's gonna start pking EVERYTHING on the MUD
Tue Sep 14 23:06:26 2010 :: Log Hiddukel: snoop alaer
Tue Sep 14 23:06:36 2010 :: Log Mishakal: string obj skin short ({YEnchanted{x) Grey Robes
Tue Sep 14 23:06:44 2010 :: Log Hiddukel: snoop self
Tue Sep 14 23:06:52 2010 :: Log Mishakal: string obj skin long A robe of grey shimmers here with many enchantsments sewn into it.
Tue Sep 14 23:07:25 2010 :: Log Mishakal: string obj skin long A robe of grey shimmers here with many enchantments sewn into it.
Tue Sep 14 23:07:39 2010 :: Log Mishakal: string obj skin name grey robes
Tue Sep 14 23:08:35 2010 :: Sock.sinaddr:  24.88.107.233
Tue Sep 14 23:08:40 2010 :: Loading Xanzabar.
Tue Sep 14 23:08:41 2010 :: Look out, Xanzabar@cpe-024-088-107-233.sc.res.rr.com has connected.
Tue Sep 14 23:08:43 2010 :: Log Mishakal: string obj shield short ({YEnchanted{x) ({WFlying{x) Draconian Scales{x
Tue Sep 14 23:09:02 2010 :: Log Mishakal: string obj shield long A group of golden draconian floats here in the shape of a tower shield.
Tue Sep 14 23:10:02 2010 :: Log Mishakal: string obj shield long A group of golden draconian scales floats here in the shape of a tower shield.
Tue Sep 14 23:10:30 2010 :: Log Mishakal: string obj shield name draconian scales
Tue Sep 14 23:11:16 2010 :: Log Hiddukel: murder sin
Tue Sep 14 23:11:37 2010 :: Sock.sinaddr:  173.126.179.152
Tue Sep 14 23:11:37 2010 :: Loading Svalski.
Tue Sep 14 23:11:39 2010 :: Closing link to Svalski.
Tue Sep 14 23:11:39 2010 :: Svalski@173-126-179-152.pools.spcsdns.net reconnected.
Tue Sep 14 23:12:39 2010 :: adsl-074-171-093-018.sip.ags.bellsouth.net input spamming!
Tue Sep 14 23:12:46 2010 :: adsl-074-171-093-018.sip.ags.bellsouth.net input spamming!
Tue Sep 14 23:12:51 2010 :: Log Mishakal: string obj scale short ({YEnchanted{x) Draconian Scales{x
Tue Sep 14 23:12:54 2010 :: adsl-074-171-093-018.sip.ags.bellsouth.net input spamming!
Tue Sep 14 23:13:04 2010 :: adsl-074-171-093-018.sip.ags.bellsouth.net input spamming!
Tue Sep 14 23:13:19 2010 :: adsl-074-171-093-018.sip.ags.bellsouth.net input spamming!
Tue Sep 14 23:13:40 2010 :: adsl-074-171-093-018.sip.ags.bellsouth.net input spamming!
Tue Sep 14 23:14:38 2010 :: Log Hiddukel: apurge hiddukel
Tue Sep 14 23:14:52 2010 :: Log Mishakal: string obj vambrace short ({RTattooed{x) Arcane Symbols{x
Tue Sep 14 23:15:06 2010 :: Log Hiddukel: apurge hiddukel
Tue Sep 14 23:15:08 2010 :: Xanzabar has quit.
Tue Sep 14 23:15:15 2010 :: Log Mishakal: string obj vambrace long A series of red arcane runes, and symbols traverse the arms of this draconian.
Tue Sep 14 23:15:52 2010 :: Log Mishakal: string obj vambrace name arcane symbols
Tue Sep 14 23:17:42 2010 :: Log Mishakal: string obj make long A coupon that is still good for restringing 14 items. -- Mish
Tue Sep 14 23:17:46 2010 :: Log Hiddukel: slay crys
Tue Sep 14 23:18:23 2010 :: Log Hiddukel: trans sin
Tue Sep 14 23:18:32 2010 :: [*****] BUG: Unequip_char: already unequipped.
Tue Sep 14 23:18:32 2010 :: [*****] BUG: Unequip_char: already unequipped.
Tue Sep 14 23:18:53 2010 :: Log Hiddukel: apurge sin
Tue Sep 14 23:18:55 2010 :: Log Hiddukel: restore
Tue Sep 14 23:19:42 2010 :: Log Hiddukel: set char hiddukel steel 5000000
Tue Sep 14 23:19:49 2010 :: Mishakal has quit.
Tue Sep 14 23:20:03 2010 :: Log Hiddukel: laston dekyos
Tue Sep 14 23:21:34 2010 :: Svalski killed by Trathanas at 4860
Tue Sep 14 23:22:43 2010 :: Log Hiddukel: set char hiddukel class assassin
Tue Sep 14 23:22:56 2010 :: Theriss has quit.
Tue Sep 14 23:23:00 2010 :: Sock.sinaddr:  24.88.107.233
Tue Sep 14 23:23:02 2010 :: Loading Cyrus.
Tue Sep 14 23:23:03 2010 :: Look out, Cyrus@cpe-024-088-107-233.sc.res.rr.com has connected.
Tue Sep 14 23:23:18 2010 :: Alaeroth has quit.
Tue Sep 14 23:23:20 2010 :: Sock.sinaddr:  216.135.54.194
Tue Sep 14 23:23:22 2010 :: Loading Chidak.
Tue Sep 14 23:23:23 2010 :: Look out, Chidak@client001-static.c044772.customers.cinergycom.net has connected.
Tue Sep 14 23:23:29 2010 :: Log Hiddukel: asp chidak skill
Tue Sep 14 23:23:57 2010 :: Log Hiddukel: disable
Tue Sep 14 23:25:43 2010 :: Svalski killed by Svalski at 4860
Tue Sep 14 23:27:55 2010 :: Log Chislev: transfer svalski 1221
Tue Sep 14 23:29:50 2010 :: Log Hiddukel: restore all
Tue Sep 14 23:29:52 2010 :: Log Hiddukel: asave changed
Tue Sep 14 23:29:53 2010 :: Log Hiddukel: copyover
Tue Sep 14 23:29:53 2010 :: [*****] BUG: Sig handler SIGSEGV
Tue Sep 14 23:29:53 2010 :: Saved zones:
Tue Sep 14 23:29:53 2010 :: None.
Tue Sep 14 17:29:53 2010 :: ROM is ready to rock on port 6100.
Tue Sep 14 17:29:53 2010 :: Could not backup players. Please report to Paladine.
Tue Sep 14 17:29:53 2010 :: Copyover recovery initiated
Tue Sep 14 17:29:53 2010 :: Loading Chidak.
Tue Sep 14 17:29:53 2010 :: Loading Cyrus.
Tue Sep 14 17:29:53 2010 :: Loading Svalski.
Tue Sep 14 17:29:53 2010 :: Loading Xavier.
Tue Sep 14 17:29:53 2010 :: Loading Sinjin.
Tue Sep 14 17:29:53 2010 :: Loading Trathanas.
Tue Sep 14 17:29:53 2010 :: Loading Chislev.
Tue Sep 14 17:29:53 2010 :: Loading Hiddukel.
Tue Sep 14 23:29:55 2010 :: Log Hiddukel: asave changed
Tue Sep 14 23:29:55 2010 :: Log Hiddukel: copyover
Tue Sep 14 17:29:55 2010 :: ROM is ready to rock on port 6100.
Tue Sep 14 17:29:55 2010 :: Could not backup players. Please report to Paladine.
Tue Sep 14 17:29:55 2010 :: Copyover recovery initiated
Tue Sep 14 17:29:55 2010 :: Loading Hiddukel.
Tue Sep 14 17:29:55 2010 :: Loading Chislev.
Tue Sep 14 17:29:55 2010 :: Loading Trathanas.
Tue Sep 14 17:29:55 2010 :: Loading Sinjin.
Tue Sep 14 17:29:55 2010 :: Loading Xavier.
Tue Sep 14 17:29:55 2010 :: Loading Svalski.
Tue Sep 14 17:29:55 2010 :: Loading Cyrus.
Tue Sep 14 17:29:55 2010 :: Loading Chidak.
Tue Sep 14 23:30:01 2010 :: Log Hiddukel: asp chidak skill
Tue Sep 14 23:30:04 2010 :: Sock.sinaddr:  74.171.93.18
Tue Sep 14 23:31:15 2010 :: Chidak has quit.
Tue Sep 14 23:31:17 2010 :: Sock.sinaddr:  216.135.54.194
Tue Sep 14 23:31:23 2010 :: Loading Chidak.
Tue Sep 14 23:31:25 2010 :: Look out, Chidak@client001-static.c044772.customers.cinergycom.net has connected.
Tue Sep 14 23:31:27 2010 :: Log Hiddukel: asp chidak skill
Tue Sep 14 23:31:27 2010 :: Chidak gets skill cutthroat
Tue Sep 14 23:31:28 2010 :: Log Hiddukel: asp chidak skill
Tue Sep 14 23:32:02 2010 :: Cyrus has quit.
Tue Sep 14 23:32:07 2010 :: Sock.sinaddr:  24.88.107.233
Tue Sep 14 23:32:09 2010 :: Loading Cyrus.
Tue Sep 14 23:32:11 2010 :: Look out, Cyrus@cpe-024-088-107-233.sc.res.rr.com has connected.
Tue Sep 14 23:32:11 2010 :: Cyrus gets skill cutthroat
Tue Sep 14 23:32:35 2010 :: Log Chislev: string obj gaunt short {BAura{x of {YPower{x
Tue Sep 14 23:33:04 2010 :: Log Chislev: string obj gaunt long An aura of power, crackling with destructive force.
Tue Sep 14 23:33:09 2010 :: Log Chislev: string obj gaunt aura power
Tue Sep 14 23:33:14 2010 :: Log Chislev: string obj gaunt name aura power
Tue Sep 14 23:33:40 2010 :: Log Hiddukel: restore all
Tue Sep 14 23:33:41 2010 :: Hiddukel has quit.
Tue Sep 14 23:34:41 2010 :: Log Chislev: string obj sheath short ({YEnchanted{x) Sigil of Health
Tue Sep 14 23:34:44 2010 :: Log Chislev: string obj 2.sheath short ({YEnchanted{x) Sigil of Health
Tue Sep 14 23:34:59 2010 :: Log Chislev: string obj sheath long An arcane sigil of health is branded here.
Tue Sep 14 23:35:04 2010 :: Log Chislev: string obj 2.sheath long An arcane sigil of health is branded here.
Tue Sep 14 23:35:21 2010 :: Log Chislev: string obj sheath name sigil health
Tue Sep 14 23:35:27 2010 :: Log Chislev: string obj sheath name sigil health
Tue Sep 14 23:36:43 2010 :: crown knight solamnic assassinated by Cyrus at 3005
Tue Sep 14 23:37:16 2010 :: EOF encountered on read.
Tue Sep 14 23:37:16 2010 :: Closing link to Chidak.
Tue Sep 14 23:37:17 2010 :: Log Chislev: string obj boots short {yDraconian Scales{x
Tue Sep 14 23:37:20 2010 :: Sock.sinaddr:  216.135.54.194
Tue Sep 14 23:37:29 2010 :: Loading Chidak.
Tue Sep 14 23:37:29 2010 :: Chidak@client001-static.c044772.customers.cinergycom.net reconnected.
Tue Sep 14 23:37:31 2010 :: Log Chislev: string obj boots long Hardened scales lie here.
Tue Sep 14 23:37:39 2010 :: Log Chislev: string obj boots name draconian scales
Tue Sep 14 23:38:45 2010 :: Cyrus has quit.
Tue Sep 14 23:38:48 2010 :: Sock.sinaddr:  24.88.107.233
Tue Sep 14 23:38:50 2010 :: Loading Theriss.
Tue Sep 14 23:38:52 2010 :: Look out, Theriss@cpe-024-088-107-233.sc.res.rr.com has connected.
Tue Sep 14 23:39:32 2010 :: Theriss has quit.
Tue Sep 14 23:39:35 2010 :: Sock.sinaddr:  24.88.107.233
Tue Sep 14 23:39:37 2010 :: Loading Cyrus.
Tue Sep 14 23:39:38 2010 :: Look out, Cyrus@cpe-024-088-107-233.sc.res.rr.com has connected.
Tue Sep 14 23:39:54 2010 :: Sock.sinaddr:  173.126.179.152
Tue Sep 14 23:39:55 2010 :: Loading Svalski.
Tue Sep 14 23:39:56 2010 :: Closing link to Svalski.
Tue Sep 14 23:39:56 2010 :: Svalski@173-126-179-152.pools.spcsdns.net reconnected.
Tue Sep 14 23:40:15 2010 :: Log Chislev: string obj scales short {yDraconian Talons{x
Tue Sep 14 23:40:38 2010 :: Log Chislev: string obj scales long hardened scales ending in talons lie here.
Tue Sep 14 23:40:47 2010 :: Log Chislev: string obj scales name draconian talons
Tue Sep 14 23:41:24 2010 :: Chidak has quit.
Tue Sep 14 23:42:15 2010 :: Log Chislev: string obj pants ({WTattooed{x) The Three Moons
Tue Sep 14 23:43:12 2010 :: Log Chislev: string obj pants long Three moons are tattooed along each leg, starting with the White moon, then the Red moon, and lastly the Black moon. Each moon is linked by a string of thorns.
Tue Sep 14 23:43:19 2010 :: Log Chislev: string obj pants short ({WTattooed{x) The Three Moons
Tue Sep 14 23:43:27 2010 :: Log Chislev: string obj pants name tattooed three moons
Tue Sep 14 23:45:19 2010 :: Sock.sinaddr:  216.135.54.194
Tue Sep 14 23:45:26 2010 :: Loading Chidak.
Tue Sep 14 23:45:27 2010 :: Look out, Chidak@client001-static.c044772.customers.cinergycom.net has connected.
Tue Sep 14 23:48:02 2010 :: Xavier has quit.
Tue Sep 14 23:57:52 2010 :: Trathanas has quit.
Tue Sep 14 23:57:53 2010 :: Sock.sinaddr:  216.153.43.36
Tue Sep 14 23:57:55 2010 :: Loading Trathanas.
Tue Sep 14 23:57:57 2010 :: Look out, Trathanas@host36-69-153-216.isdn.net has connected.
Tue Sep 14 23:57:57 2010 :: Trathanas gets skill cutthroat
Wed Sep 15 00:08:24 2010 :: Chidak has quit.
Wed Sep 15 00:08:28 2010 :: Sock.sinaddr:  216.135.54.194
Wed Sep 15 00:08:37 2010 :: Closing link to Yyaril.
Wed Sep 15 00:08:42 2010 :: Sock.sinaddr:  216.135.54.194
Wed Sep 15 00:08:49 2010 :: Loading Alaeroth.
Wed Sep 15 00:08:49 2010 :: Look out, Alaeroth@client001-static.c044772.customers.cinergycom.net has connected.
Wed Sep 15 00:09:16 2010 :: Log Chislev: purge
Wed Sep 15 00:09:22 2010 :: Log Chislev: purge
Wed Sep 15 00:09:25 2010 :: Log Chislev: purge
Wed Sep 15 00:09:32 2010 :: Log Alaeroth: mark
Wed Sep 15 00:09:49 2010 :: Alaeroth has quit.
Wed Sep 15 00:09:53 2010 :: Log Chislev: purge
Wed Sep 15 00:09:54 2010 :: Sock.sinaddr:  216.135.54.194
Wed Sep 15 00:09:55 2010 :: Log Chislev: purge
Wed Sep 15 00:09:56 2010 :: Loading Chidak.
Wed Sep 15 00:09:57 2010 :: Log Chislev: purge
Wed Sep 15 00:09:58 2010 :: Look out, Chidak@client001-static.c044772.customers.cinergycom.net has connected.
Wed Sep 15 00:10:21 2010 :: Log Chislev: switch aur
Wed Sep 15 00:11:01 2010 :: Log Chislev: purge
Wed Sep 15 00:11:43 2010 :: Log Chislev: purge
Wed Sep 15 00:12:44 2010 :: Chidak has quit.
Wed Sep 15 00:12:45 2010 :: Sock.sinaddr:  216.135.54.194
Wed Sep 15 00:13:01 2010 :: EOF encountered on read.
Wed Sep 15 00:13:12 2010 :: Log Chislev: switch skele
Wed Sep 15 00:13:19 2010 :: Log Chislev: purge
Wed Sep 15 00:14:17 2010 :: Trathanas gained level 88
Wed Sep 15 00:19:17 2010 :: Log Chislev: string obj polearm short a d{Wdragonlance{x
Wed Sep 15 00:19:23 2010 :: Log Chislev: string obj polearm short a {Wdragonlance{x
Wed Sep 15 00:20:08 2010 :: Sock.sinaddr:  216.135.54.194
Wed Sep 15 00:20:18 2010 :: Loading Chidak.
Wed Sep 15 00:20:19 2010 :: Look out, Chidak@client001-static.c044772.customers.cinergycom.net has connected.
Wed Sep 15 00:21:16 2010 :: Log Chislev: string obj polearm a {YCrown {WKnight's{x Lance
Wed Sep 15 00:21:21 2010 :: Chidak has quit.
Wed Sep 15 00:21:22 2010 :: Sock.sinaddr:  216.135.54.194
Wed Sep 15 00:21:24 2010 :: Loading Alaeroth.
Wed Sep 15 00:21:26 2010 :: Look out, Alaeroth@client001-static.c044772.customers.cinergycom.net has connected.
Wed Sep 15 00:21:29 2010 :: Log Chislev: string obj polearm short a {YCrown {WKnight's{x Lance
Wed Sep 15 00:21:41 2010 :: Alaeroth has quit.
Wed Sep 15 00:22:33 2010 :: Log Chislev: string obj polearm long An ancient lance bearing the symbol of the Sword lies here.
Wed Sep 15 00:22:50 2010 :: Log Chislev: string obj polearm short a {cSword {WKnight's{x Lance
Wed Sep 15 00:23:04 2010 :: Log Chislev: string obj polearm name sword knights lance
Wed Sep 15 00:23:21 2010 :: Log Chislev: switch rail
Wed Sep 15 00:24:03 2010 :: Log Chislev: grab lance rail
Wed Sep 15 00:25:18 2010 :: Log Chislev: grab lance cyrus
Wed Sep 15 00:48:08 2010 :: Log Chislev: grab lance
Wed Sep 15 00:48:16 2010 :: Log Chislev: grab lance
Wed Sep 15 00:48:23 2010 :: Log Chislev: grab lance
Wed Sep 15 00:48:32 2010 :: Log Chislev: grab lance
Wed Sep 15 00:48:38 2010 :: Log Chislev: grab lance
Wed Sep 15 00:48:46 2010 :: Log Chislev: grab lance cyrus
Wed Sep 15 00:49:15 2010 :: Log Chislev: string obj lance short ({yRelic{x) a {cSword {WKnight's{x Lance
Wed Sep 15 00:57:05 2010 :: Sock.sinaddr:  204.209.44.14
Write_to_descriptor: Broken pipe
Write_to_descriptor: Broken pipe
Write_to_descriptor: Broken pipe
Write_to_descriptor: Broken pipe
Write_to_descriptor: Broken pipe
Write_to_descriptor: Broken pipe
Write_to_descriptor: Broken pipe
Wed Sep 15 00:57:05 2010 :: EOF encountered on read.
Wed Sep 15 00:57:06 2010 :: EOF encountered on read.
Wed Sep 15 01:06:35 2010 :: Log Chislev: grab armor sinjin
Wed Sep 15 01:08:01 2010 :: Sock.sinaddr:  173.126.179.152
Wed Sep 15 01:08:02 2010 :: Loading Svalski.
Wed Sep 15 01:08:51 2010 :: Closing link to Svalski.
Wed Sep 15 01:08:51 2010 :: Svalski@173-126-179-152.pools.spcsdns.net reconnected.
Wed Sep 15 01:12:38 2010 :: Log Chislev: switch skele
Wed Sep 15 01:14:16 2010 :: Log Chislev: apurge sinjin
Wed Sep 15 01:15:02 2010 :: Sinjin has quit.
Wed Sep 15 01:15:08 2010 :: Sock.sinaddr:  74.171.93.18
Wed Sep 15 01:15:15 2010 :: Loading Sinjin.
Wed Sep 15 01:15:16 2010 :: Look out, Sinjin@adsl-074-171-093-018.sip.ags.bellsouth.net has connected.
Wed Sep 15 01:15:37 2010 :: Cyrus has quit.
Wed Sep 15 01:23:54 2010 :: Sock.sinaddr:  24.88.107.233
Wed Sep 15 01:23:57 2010 :: Loading Sahldazahr.
Wed Sep 15 01:23:59 2010 :: Look out, Sahldazahr@cpe-024-088-107-233.sc.res.rr.com has connected.
Wed Sep 15 01:24:58 2010 :: Log Chislev: switch rail
Wed Sep 15 01:26:06 2010 :: Svalski gained level 82
Wed Sep 15 01:27:34 2010 :: Log Chislev: transfer sahl 4741
Wed Sep 15 01:32:18 2010 :: Sock.sinaddr:  24.88.107.233
Wed Sep 15 01:32:20 2010 :: Loading Artimus.
Wed Sep 15 01:32:24 2010 :: Look out, Artimus@cpe-024-088-107-233.sc.res.rr.com has connected.
Wed Sep 15 01:32:41 2010 :: Log Chislev: transfer art 17804
Wed Sep 15 01:32:46 2010 :: EOF encountered on read.
Wed Sep 15 01:32:46 2010 :: Closing link to Sinjin.
Wed Sep 15 01:32:46 2010 :: Sock.sinaddr:  74.171.93.18
Wed Sep 15 01:32:48 2010 :: Loading Sinjin.
Wed Sep 15 01:32:49 2010 :: Sinjin@adsl-074-171-093-018.sip.ags.bellsouth.net reconnected.
Wed Sep 15 01:32:52 2010 :: Log Chislev: switch rail
Wed Sep 15 01:35:19 2010 :: Sahldazahr gained level 39
Wed Sep 15 01:35:25 2010 :: Artimus has quit.
Wed Sep 15 01:36:47 2010 :: Log Chislev: transfer sahldazahr 1977
Wed Sep 15 01:42:01 2010 :: Sinjin has quit.
Wed Sep 15 01:42:04 2010 :: EOF encountered on read.
Wed Sep 15 02:03:28 2010 :: EOF encountered on read.
Wed Sep 15 02:03:28 2010 :: Closing link to Svalski.
Wed Sep 15 02:03:29 2010 :: Sock.sinaddr:  173.126.179.152
Wed Sep 15 02:03:29 2010 :: Loading Svalski.
Wed Sep 15 02:03:29 2010 :: Svalski@173-126-179-152.pools.spcsdns.net reconnected.
Wed Sep 15 02:19:54 2010 :: Sahldazahr has quit.
Wed Sep 15 02:21:57 2010 :: Sock.sinaddr:  89.152.31.153
Wed Sep 15 02:22:00 2010 :: Loading Solinari.
Wed Sep 15 02:22:00 2010 :: Look out, Solinari@a89-152-31-153.cpe.netcabo.pt has connected.
Wed Sep 15 02:35:04 2010 :: Trathanas has quit.
Wed Sep 15 02:35:05 2010 :: Sock.sinaddr:  216.153.43.36
Wed Sep 15 02:35:06 2010 :: Loading Jace.
Wed Sep 15 02:35:07 2010 :: Look out, Jace@host36-69-153-216.isdn.net has connected.
Wed Sep 15 02:35:17 2010 :: Jace has quit.
Wed Sep 15 02:41:19 2010 :: 173-126-179-152.pools.spcsdns.net input spamming!
Wed Sep 15 02:43:50 2010 :: Sock.sinaddr:  89.152.31.153
Wed Sep 15 02:43:55 2010 :: Loading Solinari.
Wed Sep 15 02:43:55 2010 :: EOF encountered on read.
Wed Sep 15 02:43:55 2010 :: Closing link to Svalski.
Wed Sep 15 02:43:55 2010 :: Closing link to Solinari.
Wed Sep 15 02:43:55 2010 :: Solinari@a89-152-31-153.cpe.netcabo.pt reconnected.
Wed Sep 15 02:43:56 2010 :: Sock.sinaddr:  173.126.179.152
Wed Sep 15 02:43:56 2010 :: Loading Svalski.
Wed Sep 15 02:43:56 2010 :: Svalski@173-126-179-152.pools.spcsdns.net reconnected.
Wed Sep 15 02:44:52 2010 :: Sock.sinaddr:  89.152.31.153
Wed Sep 15 02:44:52 2010 :: Loading Valakas.
Wed Sep 15 02:44:53 2010 :: Look out, Valakas@a89-152-31-153.cpe.netcabo.pt has connected.
Wed Sep 15 02:46:21 2010 :: Valakas has quit.
Wed Sep 15 02:46:26 2010 :: Sock.sinaddr:  89.152.31.153
Wed Sep 15 02:46:30 2010 :: Loading Bayum.
Wed Sep 15 02:46:31 2010 :: Look out, Bayum@a89-152-31-153.cpe.netcabo.pt has connected.
Wed Sep 15 02:46:48 2010 :: Bayum has quit.
Wed Sep 15 02:46:49 2010 :: Sock.sinaddr:  89.152.31.153
Wed Sep 15 02:46:54 2010 :: Loading Eyleen.
Wed Sep 15 02:46:56 2010 :: Look out, Eyleen@a89-152-31-153.cpe.netcabo.pt has connected.
Wed Sep 15 02:47:03 2010 :: Eyleen has quit.
Wed Sep 15 02:47:05 2010 :: Sock.sinaddr:  89.152.31.153
Wed Sep 15 02:47:19 2010 :: Loading Dessan.
Wed Sep 15 02:47:22 2010 :: Look out, Dessan@a89-152-31-153.cpe.netcabo.pt has connected.
Wed Sep 15 02:47:31 2010 :: Dessan has quit.
Wed Sep 15 02:47:33 2010 :: Sock.sinaddr:  89.152.31.153
Wed Sep 15 02:47:37 2010 :: Loading Shinzo.
Wed Sep 15 02:47:43 2010 :: Look out, Shinzo@a89-152-31-153.cpe.netcabo.pt has connected.
Wed Sep 15 02:47:44 2010 :: Shinzo gets skill cutthroat
Wed Sep 15 02:47:49 2010 :: Shinzo has quit.
Wed Sep 15 02:47:51 2010 :: Sock.sinaddr:  89.152.31.153
Wed Sep 15 02:48:04 2010 :: Loading Lohar.
Wed Sep 15 02:48:05 2010 :: Look out, Lohar@a89-152-31-153.cpe.netcabo.pt has connected.
Wed Sep 15 02:48:11 2010 :: Lohar has quit.
Wed Sep 15 02:48:13 2010 :: Sock.sinaddr:  89.152.31.153
Wed Sep 15 02:48:17 2010 :: Loading Komo.
Wed Sep 15 02:48:20 2010 :: Look out, Komo@a89-152-31-153.cpe.netcabo.pt has connected.
Wed Sep 15 02:48:29 2010 :: Komo has quit.
Wed Sep 15 02:48:36 2010 :: Sock.sinaddr:  89.152.31.153
Wed Sep 15 02:48:36 2010 :: Loading Valakas.
Wed Sep 15 02:48:36 2010 :: Look out, Valakas@a89-152-31-153.cpe.netcabo.pt has connected.
Wed Sep 15 02:52:25 2010 :: 173-126-179-152.pools.spcsdns.net input spamming!
Wed Sep 15 02:54:22 2010 :: 173-126-179-152.pools.spcsdns.net input spamming!
Wed Sep 15 02:57:25 2010 :: 173-126-179-152.pools.spcsdns.net input spamming!
Wed Sep 15 03:03:00 2010 :: Sock.sinaddr:  24.13.28.15
Wed Sep 15 03:03:01 2010 :: Loading Nuitari.
Wed Sep 15 03:03:01 2010 :: Look out, Nuitari@c-24-13-28-15.hsd1.in.comcast.net has connected.
Wed Sep 15 03:03:07 2010 :: Sock.sinaddr:  24.13.28.15
Wed Sep 15 03:03:08 2010 :: Loading Arthelias.
Wed Sep 15 03:03:08 2010 :: Look out, Arthelias@c-24-13-28-15.hsd1.in.comcast.net has connected.
Wed Sep 15 03:03:17 2010 :: Arthelias has quit.
Wed Sep 15 03:03:27 2010 :: Sock.sinaddr:  24.13.28.15
Wed Sep 15 03:03:27 2010 :: Loading Swael.
Wed Sep 15 03:03:27 2010 :: Look out, Swael@c-24-13-28-15.hsd1.in.comcast.net has connected.
Wed Sep 15 03:03:39 2010 :: 173-126-179-152.pools.spcsdns.net input spamming!
Wed Sep 15 03:21:51 2010 :: 173-126-179-152.pools.spcsdns.net input spamming!
Wed Sep 15 03:24:24 2010 :: 173-126-179-152.pools.spcsdns.net input spamming!
Wed Sep 15 03:25:45 2010 :: 173-126-179-152.pools.spcsdns.net input spamming!
New_descriptor: getpeername: Transport endpoint is not connected
Write_to_descriptor: Connection reset by peer
Write_to_descriptor: Broken pipe
Write_to_descriptor: Broken pipe
Write_to_descriptor: Broken pipe
Write_to_descriptor: Broken pipe
Write_to_descriptor: Broken pipe
Write_to_descriptor: Broken pipe
Write_to_descriptor: Broken pipe
Wed Sep 15 03:36:57 2010 :: EOF encountered on read.
Wed Sep 15 03:36:57 2010 :: EOF encountered on read.
Wed Sep 15 03:37:03 2010 :: Sock.sinaddr:  173.126.179.152
Wed Sep 15 03:37:03 2010 :: Loading Svalski.
Wed Sep 15 03:37:05 2010 :: Closing link to Svalski.
Wed Sep 15 03:37:05 2010 :: Svalski@173-126-179-152.pools.spcsdns.net reconnected.
Wed Sep 15 03:44:35 2010 :: c-24-13-28-15.hsd1.in.comcast.net input spamming!
Wed Sep 15 03:47:17 2010 :: c-24-13-28-15.hsd1.in.comcast.net input spamming!
Wed Sep 15 03:49:39 2010 :: Swael has quit.
Wed Sep 15 03:49:45 2010 :: Nuitari has quit.
Wed Sep 15 03:58:39 2010 :: Valakas has quit.
Wed Sep 15 04:09:37 2010 :: Sock.sinaddr:  173.126.179.152
Wed Sep 15 04:09:38 2010 :: Loading Svalski.
Wed Sep 15 04:09:42 2010 :: Closing link to Svalski.
Wed Sep 15 04:09:42 2010 :: Svalski@173-126-179-152.pools.spcsdns.net reconnected.
Wed Sep 15 04:17:40 2010 :: Svalski has quit.
Wed Sep 15 04:44:43 2010 :: Sock.sinaddr:  68.24.68.37
Wed Sep 15 04:44:43 2010 :: Loading Svalski.
Wed Sep 15 04:44:44 2010 :: Look out, Svalski@68-24-68-37.pools.spcsdns.net has connected.
Wed Sep 15 05:11:08 2010 :: Solinari has quit.
Wed Sep 15 05:14:50 2010 :: Sock.sinaddr:  204.209.44.14
Wed Sep 15 05:14:58 2010 :: EOF encountered on read.
Wed Sep 15 05:15:41 2010 :: Sock.sinaddr:  98.247.104.224
Wed Sep 15 05:17:00 2010 :: Ragnor@c-98-247-104-224.hsd1.wa.comcast.net new player.
Wed Sep 15 05:18:35 2010 :: EOF encountered on read.
Wed Sep 15 05:18:35 2010 :: Closing link to Ragnor.
Wed Sep 15 05:34:05 2010 :: Svalski has quit.
Wed Sep 15 07:08:43 2010 :: Sock.sinaddr:  216.135.54.194
Wed Sep 15 07:08:50 2010 :: Loading Alaeroth.
Wed Sep 15 07:08:51 2010 :: Look out, Alaeroth@client001-static.c044772.customers.cinergycom.net has connected.
Wed Sep 15 07:09:20 2010 :: Alaeroth has quit.
Wed Sep 15 07:09:21 2010 :: Sock.sinaddr:  216.135.54.194
Wed Sep 15 07:09:24 2010 :: Loading Rakseth.
Wed Sep 15 07:09:33 2010 :: Look out, Rakseth@client001-static.c044772.customers.cinergycom.net has connected.
Wed Sep 15 07:09:39 2010 :: Rakseth has quit.
Wed Sep 15 07:09:40 2010 :: Sock.sinaddr:  216.135.54.194
Wed Sep 15 07:09:43 2010 :: Loading Chidak.
Wed Sep 15 07:09:45 2010 :: Look out, Chidak@client001-static.c044772.customers.cinergycom.net has connected.
Wed Sep 15 07:12:07 2010 :: Chidak has quit.
Wed Sep 15 07:12:11 2010 :: Sock.sinaddr:  216.135.54.194
Wed Sep 15 07:12:14 2010 :: Closing link to Yyaril.
Wed Sep 15 07:12:16 2010 :: Sock.sinaddr:  216.135.54.194
Wed Sep 15 07:12:26 2010 :: Loading Alaeroth.
Wed Sep 15 07:12:29 2010 :: Look out, Alaeroth@client001-static.c044772.customers.cinergycom.net has connected.
Wed Sep 15 07:13:23 2010 :: Alaeroth has quit.
Wed Sep 15 07:13:27 2010 :: Sock.sinaddr:  216.135.54.194
Wed Sep 15 07:13:35 2010 :: Loading Rakseth.
Wed Sep 15 07:13:38 2010 :: Look out, Rakseth@client001-static.c044772.customers.cinergycom.net has connected.
Wed Sep 15 07:13:43 2010 :: Rakseth has quit.
Wed Sep 15 07:13:45 2010 :: Sock.sinaddr:  216.135.54.194
Wed Sep 15 07:13:47 2010 :: Loading Chidak.
Wed Sep 15 07:13:48 2010 :: Look out, Chidak@client001-static.c044772.customers.cinergycom.net has connected.
Wed Sep 15 07:14:09 2010 :: Sock.sinaddr:  184.213.255.61
Wed Sep 15 07:14:15 2010 :: Loading Darkahn.
Wed Sep 15 07:14:21 2010 :: Look out, Darkahn@184-213-255-61.pools.spcsdns.net has connected.
Wed Sep 15 07:14:32 2010 :: Darkahn has quit.
Wed Sep 15 07:16:45 2010 :: Sock.sinaddr:  89.152.31.153
Wed Sep 15 07:16:48 2010 :: Loading Solinari.
Wed Sep 15 07:16:48 2010 :: Look out, Solinari@a89-152-31-153.cpe.netcabo.pt has connected.
Wed Sep 15 07:23:06 2010 :: Chidak has quit.
Wed Sep 15 07:23:08 2010 :: Sock.sinaddr:  216.135.54.194
Wed Sep 15 07:23:10 2010 :: Loading Alaeroth.
Wed Sep 15 07:23:12 2010 :: Look out, Alaeroth@client001-static.c044772.customers.cinergycom.net has connected.
Wed Sep 15 07:28:41 2010 :: Sock.sinaddr:  71.168.81.16
Wed Sep 15 07:29:24 2010 :: Loading Tencha.
Wed Sep 15 07:29:27 2010 :: Look out, Tencha@pool-71-168-81-16.cncdnh.east.myfairpoint.net has connected.
Wed Sep 15 07:29:28 2010 :: Tencha gets skill cutthroat
Wed Sep 15 07:40:56 2010 :: Tencha has quit.
Wed Sep 15 07:41:00 2010 :: Sock.sinaddr:  71.168.81.16
Wed Sep 15 07:41:07 2010 :: Loading Tencha.
Wed Sep 15 07:41:10 2010 :: Look out, Tencha@pool-71-168-81-16.cncdnh.east.myfairpoint.net has connected.
Wed Sep 15 07:41:31 2010 :: Tencha has quit.
Wed Sep 15 07:41:46 2010 :: Alaeroth has quit.
Wed Sep 15 07:41:47 2010 :: Sock.sinaddr:  216.135.54.194
Wed Sep 15 07:41:54 2010 :: Loading Rakseth.
Wed Sep 15 07:41:56 2010 :: Sock.sinaddr:  71.168.81.16
Wed Sep 15 07:41:56 2010 :: Look out, Rakseth@client001-static.c044772.customers.cinergycom.net has connected.
Wed Sep 15 07:42:00 2010 :: Loading Tenchu.
Wed Sep 15 07:42:02 2010 :: Look out, Tenchu@pool-71-168-81-16.cncdnh.east.myfairpoint.net has connected.
Wed Sep 15 07:42:25 2010 :: Rakseth has quit.
Wed Sep 15 07:42:26 2010 :: Sock.sinaddr:  216.135.54.194
Wed Sep 15 07:42:28 2010 :: Loading Chidak.
Wed Sep 15 07:42:30 2010 :: Look out, Chidak@client001-static.c044772.customers.cinergycom.net has connected.
Wed Sep 15 07:49:12 2010 :: Chidak has quit.
Wed Sep 15 08:01:41 2010 :: Sock.sinaddr:  216.153.43.36
Wed Sep 15 08:01:43 2010 :: Loading Jace.
Wed Sep 15 08:01:44 2010 :: Look out, Jace@host36-69-153-216.isdn.net has connected.
Wed Sep 15 08:14:28 2010 :: Solinari has quit.
Wed Sep 15 08:28:16 2010 :: Sock.sinaddr:  170.185.71.19
Wed Sep 15 08:28:43 2010 :: Loading Orin.
Wed Sep 15 08:28:45 2010 :: Look out, Orin@daviess.kyschools.us has connected.
Wed Sep 15 08:35:06 2010 :: Tenchu has quit.
Wed Sep 15 08:35:13 2010 :: Sock.sinaddr:  71.168.81.16
Wed Sep 15 08:35:17 2010 :: Loading Lorne.
Wed Sep 15 08:35:19 2010 :: Look out, Lorne@pool-71-168-81-16.cncdnh.east.myfairpoint.net has connected.
Wed Sep 15 08:35:48 2010 :: Orin has quit.
Wed Sep 15 08:35:51 2010 :: Sock.sinaddr:  170.185.71.19
Wed Sep 15 08:35:56 2010 :: Loading Alyrion.
Wed Sep 15 08:35:58 2010 :: Look out, Alyrion@daviess.kyschools.us has connected.
Wed Sep 15 08:38:19 2010 :: Lorne has quit.
Wed Sep 15 08:38:22 2010 :: Sock.sinaddr:  71.168.81.16
Wed Sep 15 08:38:25 2010 :: Loading Tenchu.
Wed Sep 15 08:38:27 2010 :: Look out, Tenchu@pool-71-168-81-16.cncdnh.east.myfairpoint.net has connected.
Wed Sep 15 08:47:24 2010 :: Sock.sinaddr:  170.185.71.19
Wed Sep 15 08:47:30 2010 :: Loading Alyrion.
Read_from_descriptor: Connection reset by peer
Wed Sep 15 08:47:32 2010 :: Closing link to Alyrion.
Wed Sep 15 08:47:32 2010 :: Alyrion@daviess.kyschools.us reconnected.
Wed Sep 15 08:54:48 2010 :: Alyrion has quit.
Wed Sep 15 09:04:18 2010 :: Sock.sinaddr:  173.126.10.123
Wed Sep 15 09:04:24 2010 :: Sock.sinaddr:  96.255.236.130
Wed Sep 15 09:04:30 2010 :: Loading Svalski.
Wed Sep 15 09:04:30 2010 :: Loading Zendfrel.
Wed Sep 15 09:04:32 2010 :: Look out, Zendfrel@pool-96-255-236-130.washdc.fios.verizon.net has connected.
Wed Sep 15 09:04:34 2010 :: Look out, Svalski@173-126-10-123.pools.spcsdns.net has connected.
Wed Sep 15 09:06:53 2010 :: Sock.sinaddr:  170.185.71.19
Wed Sep 15 09:06:56 2010 :: Loading Alyrion.
Wed Sep 15 09:06:58 2010 :: Look out, Alyrion@daviess.kyschools.us has connected.
Wed Sep 15 09:07:09 2010 :: Jace has quit.
Wed Sep 15 09:07:09 2010 :: Sock.sinaddr:  216.153.43.36
Wed Sep 15 09:07:11 2010 :: Loading Trathanas.
Wed Sep 15 09:07:12 2010 :: Look out, Trathanas@host36-69-153-216.isdn.net has connected.
Wed Sep 15 09:07:27 2010 :: Trathanas has quit.
Wed Sep 15 09:07:28 2010 :: Sock.sinaddr:  216.153.43.36
Wed Sep 15 09:07:29 2010 :: Loading Jace.
Wed Sep 15 09:07:30 2010 :: Look out, Jace@host36-69-153-216.isdn.net has connected.
Wed Sep 15 09:09:06 2010 :: Jace has quit.
Wed Sep 15 09:09:06 2010 :: Sock.sinaddr:  216.153.43.36
Wed Sep 15 09:09:08 2010 :: Loading Trathanas.
Wed Sep 15 09:09:09 2010 :: Look out, Trathanas@host36-69-153-216.isdn.net has connected.
Wed Sep 15 09:11:24 2010 :: Zendfrel has quit.
Wed Sep 15 09:11:34 2010 :: Sock.sinaddr:  96.255.236.130
Wed Sep 15 09:13:56 2010 :: Svalski has quit.
Wed Sep 15 09:14:34 2010 :: Sock.sinaddr:  68.26.87.113
Wed Sep 15 09:14:34 2010 :: Loading Svalski.
Wed Sep 15 09:14:35 2010 :: Look out, Svalski@68-26-87-113.pools.spcsdns.net has connected.
Wed Sep 15 09:23:41 2010 :: Alyrion gained level 20
Wed Sep 15 09:27:15 2010 :: Sock.sinaddr:  68.26.87.113
Wed Sep 15 09:27:15 2010 :: Loading Svalski.
Wed Sep 15 09:27:19 2010 :: Closing link to Svalski.
Wed Sep 15 09:27:19 2010 :: Svalski@68-26-87-113.pools.spcsdns.net reconnected.
Wed Sep 15 09:40:45 2010 :: Alyrion gained level 21
Wed Sep 15 09:43:21 2010 :: Alyrion has quit.
Wed Sep 15 09:58:07 2010 :: Sock.sinaddr:  137.141.136.168
Wed Sep 15 09:58:13 2010 :: Loading Wilhelmina.
Wed Sep 15 09:58:16 2010 :: Look out, Wilhelmina@137.141.136.168 has connected.
Wed Sep 15 09:59:10 2010 :: Wilhelmina has quit.
Wed Sep 15 10:12:18 2010 :: Svalski has quit.
Wed Sep 15 10:12:23 2010 :: Trathanas has quit.
Wed Sep 15 10:12:23 2010 :: Sock.sinaddr:  216.153.43.36
Wed Sep 15 10:12:25 2010 :: Loading Jace.
Wed Sep 15 10:12:26 2010 :: Sock.sinaddr:  68.26.87.113
Wed Sep 15 10:12:26 2010 :: Look out, Jace@host36-69-153-216.isdn.net has connected.
Wed Sep 15 10:12:30 2010 :: Loading Isini.
Wed Sep 15 10:12:32 2010 :: Isini. Bad Password. IP: 68-26-87-113.pools.spcsdns.net> colra99
Wed Sep 15 10:12:32 2010 :: Closing link to Isini.
Wed Sep 15 10:12:33 2010 :: Sock.sinaddr:  68.26.87.113
Wed Sep 15 10:12:38 2010 :: Loading Isini.
Wed Sep 15 10:12:39 2010 :: Look out, Isini@68-26-87-113.pools.spcsdns.net has connected.
Wed Sep 15 10:12:40 2010 :: Isini gets skill cutthroat
Wed Sep 15 10:12:52 2010 :: Isini has quit.
Wed Sep 15 10:12:54 2010 :: Sock.sinaddr:  68.26.87.113
Wed Sep 15 10:12:58 2010 :: Loading Trelsanith.
Wed Sep 15 10:13:00 2010 :: Look out, Trelsanith@68-26-87-113.pools.spcsdns.net has connected.
Wed Sep 15 10:13:21 2010 :: Trelsanith has quit.
Wed Sep 15 10:13:23 2010 :: Sock.sinaddr:  68.26.87.113
Wed Sep 15 10:13:25 2010 :: Loading Bjorn.
Wed Sep 15 10:13:26 2010 :: Look out, Bjorn@68-26-87-113.pools.spcsdns.net has connected.
Wed Sep 15 10:14:27 2010 :: Bjorn has quit.
Wed Sep 15 10:14:29 2010 :: Sock.sinaddr:  68.26.87.113
Wed Sep 15 10:14:31 2010 :: Loading Niro.
Wed Sep 15 10:14:32 2010 :: Look out, Niro@68-26-87-113.pools.spcsdns.net has connected.
Wed Sep 15 10:14:58 2010 :: Niro has quit.
Wed Sep 15 10:27:08 2010 :: Sock.sinaddr:  66.57.202.149
Wed Sep 15 10:27:14 2010 :: Loading Reorx.
Wed Sep 15 10:27:19 2010 :: Look out, Reorx@cpe-066-057-202-149.sc.res.rr.com has connected.
Wed Sep 15 10:27:47 2010 :: Log Reorx: laston chislev
Wed Sep 15 10:27:58 2010 :: Reorx has quit.
Wed Sep 15 10:33:24 2010 :: Tenchu has quit.
Wed Sep 15 10:33:29 2010 :: Sock.sinaddr:  71.181.100.205
Wed Sep 15 10:34:23 2010 :: Loading Tencha.
Wed Sep 15 10:34:26 2010 :: Look out, Tencha@71.181.100.205 has connected.
Wed Sep 15 10:34:26 2010 :: Loading Zendfrel.
Wed Sep 15 10:34:29 2010 :: Look out, Zendfrel@pool-96-255-236-130.washdc.fios.verizon.net has connected.
Wed Sep 15 10:35:05 2010 :: Sock.sinaddr:  74.171.93.18
Wed Sep 15 10:35:05 2010 :: Sock.sinaddr:  74.171.93.18
Wed Sep 15 10:35:07 2010 :: Loading Sinjin.
Wed Sep 15 10:35:08 2010 :: Look out, Sinjin@adsl-074-171-093-018.sip.ags.bellsouth.net has connected.
Wed Sep 15 10:37:31 2010 :: Zendfrel has quit.
Wed Sep 15 10:37:31 2010 :: Sock.sinaddr:  96.255.236.130
Wed Sep 15 10:37:35 2010 :: Loading Gediss.
Wed Sep 15 10:37:37 2010 :: Look out, Gediss@pool-96-255-236-130.washdc.fios.verizon.net has connected.
Wed Sep 15 10:38:34 2010 :: Gediss has quit.
Wed Sep 15 10:38:35 2010 :: Sock.sinaddr:  96.255.236.130
Wed Sep 15 10:38:38 2010 :: Loading Zendfrel.
Wed Sep 15 10:38:40 2010 :: Look out, Zendfrel@pool-96-255-236-130.washdc.fios.verizon.net has connected.
Wed Sep 15 10:53:02 2010 :: Tencha has quit.
Wed Sep 15 10:53:50 2010 :: Sock.sinaddr:  71.181.100.205
Wed Sep 15 11:02:54 2010 :: Log Chislev: laston habbakuk
Wed Sep 15 11:02:58 2010 :: Log Chislev: laston majere
Wed Sep 15 11:06:20 2010 :: Sock.sinaddr:  208.3.137.36
Wed Sep 15 11:06:23 2010 :: Loading Andrina.
Wed Sep 15 11:06:26 2010 :: Look out, Andrina@208.3.137.36 has connected.
Wed Sep 15 11:12:05 2010 :: Sock.sinaddr:  4.225.148.168
Wed Sep 15 11:12:07 2010 :: Loading Xavier.
Wed Sep 15 11:12:08 2010 :: Look out, Xavier@dialup-4.225.148.168.Dial1.Cincinnati1.Level3.net has connected.
Wed Sep 15 11:16:49 2010 :: Sock.sinaddr:  74.171.93.18
Wed Sep 15 11:16:51 2010 :: Loading Bimbly.
Wed Sep 15 11:16:53 2010 :: Look out, Bimbly@adsl-074-171-093-018.sip.ags.bellsouth.net has connected.
Wed Sep 15 11:18:32 2010 :: Sock.sinaddr:  67.189.84.147
Wed Sep 15 11:18:35 2010 :: Loading Mishakal.
Wed Sep 15 11:18:37 2010 :: Look out, Mishakal@c-67-189-84-147.hsd1.wa.comcast.net has connected.
Wed Sep 15 11:20:02 2010 :: adsl-074-171-093-018.sip.ags.bellsouth.net input spamming!
Wed Sep 15 11:22:17 2010 :: Log Mishakal: switch crys
Wed Sep 15 11:27:48 2010 :: Mishakal has quit.
Wed Sep 15 11:36:17 2010 :: Xavier killed by Sinjin at 3048
Wed Sep 15 11:45:01 2010 :: Jace has quit.
Wed Sep 15 11:45:02 2010 :: Sock.sinaddr:  216.153.43.36
Wed Sep 15 11:45:05 2010 :: Loading Lythanis.
Wed Sep 15 11:45:06 2010 :: Look out, Lythanis@host36-69-153-216.isdn.net has connected.
Wed Sep 15 11:45:27 2010 :: Lythanis has quit.
Wed Sep 15 11:45:30 2010 :: Sock.sinaddr:  216.153.43.36
Wed Sep 15 11:45:32 2010 :: Loading Jace.
Wed Sep 15 11:45:33 2010 :: Look out, Jace@host36-69-153-216.isdn.net has connected.
Wed Sep 15 11:51:16 2010 :: Jace has quit.
Wed Sep 15 11:51:16 2010 :: Sock.sinaddr:  216.153.43.36
Wed Sep 15 11:51:20 2010 :: Loading Lythanis.
Wed Sep 15 11:51:21 2010 :: Look out, Lythanis@host36-69-153-216.isdn.net has connected.
Wed Sep 15 11:52:36 2010 :: Lythanis has quit.
Wed Sep 15 11:52:37 2010 :: Sock.sinaddr:  216.153.43.36
Wed Sep 15 11:52:38 2010 :: Loading Jace.
Wed Sep 15 11:52:39 2010 :: Look out, Jace@host36-69-153-216.isdn.net has connected.
Wed Sep 15 11:54:32 2010 :: Xavier has quit.
Wed Sep 15 12:11:14 2010 :: Sock.sinaddr:  71.181.100.205
Wed Sep 15 12:11:27 2010 :: Loading Tencha.
Wed Sep 15 12:11:30 2010 :: Look out, Tencha@71.181.100.205 has connected.
Wed Sep 15 12:15:31 2010 :: Sock.sinaddr:  4.225.148.168
Wed Sep 15 12:15:33 2010 :: Loading Reivax.
Wed Sep 15 12:15:35 2010 :: Look out, Reivax@dialup-4.225.148.168.Dial1.Cincinnati1.Level3.net has connected.
Wed Sep 15 12:15:40 2010 :: Reivax has quit.
Wed Sep 15 12:15:41 2010 :: Sock.sinaddr:  4.225.148.168
Wed Sep 15 12:15:43 2010 :: Loading Xavier.
Wed Sep 15 12:15:44 2010 :: Look out, Xavier@dialup-4.225.148.168.Dial1.Cincinnati1.Level3.net has connected.
Wed Sep 15 12:15:58 2010 :: [WARNING] Sinjin emotes: could've swore he had a mud wrestling ring in here.
Wed Sep 15 12:17:55 2010 :: Xavier has quit.
Wed Sep 15 12:22:49 2010 :: Jace has quit.
Wed Sep 15 12:34:39 2010 :: Sock.sinaddr:  4.225.148.168
Wed Sep 15 12:34:42 2010 :: Loading Xavier.
Wed Sep 15 12:34:43 2010 :: Look out, Xavier@dialup-4.225.148.168.Dial1.Cincinnati1.Level3.net has connected.
Wed Sep 15 12:37:27 2010 :: Sock.sinaddr:  216.153.43.36
Wed Sep 15 12:37:29 2010 :: Loading Jace.
Wed Sep 15 12:37:29 2010 :: Look out, Jace@host36-69-153-216.isdn.net has connected.
Wed Sep 15 12:39:25 2010 :: Xavier has quit.
Wed Sep 15 12:41:09 2010 :: Log Chislev: lose jace
Wed Sep 15 12:53:11 2010 :: Sock.sinaddr:  4.225.148.168
Wed Sep 15 12:53:13 2010 :: Loading Xavier.
Wed Sep 15 12:53:14 2010 :: Look out, Xavier@dialup-4.225.148.168.Dial1.Cincinnati1.Level3.net has connected.
Wed Sep 15 12:53:22 2010 :: Sock.sinaddr:  24.13.28.15
Wed Sep 15 12:53:23 2010 :: Loading Nuitari.
Wed Sep 15 12:53:23 2010 :: Look out, Nuitari@c-24-13-28-15.hsd1.in.comcast.net has connected.
Wed Sep 15 12:53:30 2010 :: Sock.sinaddr:  24.13.28.15
Wed Sep 15 12:53:30 2010 :: Loading Nayato.
Wed Sep 15 12:53:30 2010 :: Look out, Nayato@c-24-13-28-15.hsd1.in.comcast.net has connected.
Wed Sep 15 12:54:32 2010 :: Sock.sinaddr:  24.13.28.15
Wed Sep 15 12:54:33 2010 :: Loading Arthelias.
Wed Sep 15 12:54:33 2010 :: Look out, Arthelias@c-24-13-28-15.hsd1.in.comcast.net has connected.
Wed Sep 15 12:54:40 2010 :: Arthelias has quit.
Wed Sep 15 12:55:07 2010 :: Sock.sinaddr:  24.13.28.15
Wed Sep 15 12:55:07 2010 :: Loading Arthelias.
Wed Sep 15 12:55:08 2010 :: Look out, Arthelias@c-24-13-28-15.hsd1.in.comcast.net has connected.
Wed Sep 15 12:55:34 2010 :: Log Xavier: admit arth undead
Wed Sep 15 12:55:39 2010 :: Arthelias has quit.
Wed Sep 15 12:57:24 2010 :: Xavier has quit.
Wed Sep 15 12:58:29 2010 :: Nayato has quit.
Wed Sep 15 12:58:37 2010 :: Sock.sinaddr:  24.13.28.15
Wed Sep 15 12:58:37 2010 :: Loading Swael.
Wed Sep 15 12:58:37 2010 :: Look out, Swael@c-24-13-28-15.hsd1.in.comcast.net has connected.
Wed Sep 15 13:00:34 2010 :: Sock.sinaddr:  216.135.54.194
Wed Sep 15 13:00:38 2010 :: Loading Chidak.
Wed Sep 15 13:00:39 2010 :: Look out, Chidak@client001-static.c044772.customers.cinergycom.net has connected.
Wed Sep 15 13:01:19 2010 :: Sock.sinaddr:  24.13.28.15
Wed Sep 15 13:01:19 2010 :: EOF encountered on read.
Wed Sep 15 13:01:19 2010 :: Closing link to Swael.
Wed Sep 15 13:01:19 2010 :: Loading Swael.
Wed Sep 15 13:01:19 2010 :: Swael@c-24-13-28-15.hsd1.in.comcast.net reconnected.
Wed Sep 15 13:03:00 2010 :: Sock.sinaddr:  24.13.28.15
Wed Sep 15 13:03:00 2010 :: Loading Bram.
Wed Sep 15 13:03:00 2010 :: Look out, Bram@c-24-13-28-15.hsd1.in.comcast.net has connected.
Wed Sep 15 13:03:13 2010 :: Bram has quit.
Wed Sep 15 13:03:18 2010 :: Sock.sinaddr:  24.13.28.15
Wed Sep 15 13:03:18 2010 :: Loading Varthanorai.
Wed Sep 15 13:03:18 2010 :: Varthanorai. Bad Password. IP: c-24-13-28-15.hsd1.in.comcast.net> FuckChris
Wed Sep 15 13:03:18 2010 :: Closing link to Varthanorai.
Wed Sep 15 13:03:35 2010 :: Sock.sinaddr:  24.13.28.15
Wed Sep 15 13:03:35 2010 :: Loading Varthanorai.
Wed Sep 15 13:03:35 2010 :: Look out, Varthanorai@c-24-13-28-15.hsd1.in.comcast.net has connected.
Wed Sep 15 13:03:35 2010 :: Varthanorai gets skill cutthroat
Wed Sep 15 13:03:48 2010 :: Varthanorai has quit.
Wed Sep 15 13:04:31 2010 :: Sinjin has quit.
Wed Sep 15 13:04:34 2010 :: EOF encountered on read.
Wed Sep 15 13:05:08 2010 :: Jace has quit.
Wed Sep 15 13:05:09 2010 :: Sock.sinaddr:  216.153.43.36
Wed Sep 15 13:05:12 2010 :: Loading Sarthil.
Wed Sep 15 13:05:12 2010 :: Look out, Sarthil@host36-69-153-216.isdn.net has connected.
Wed Sep 15 13:07:14 2010 :: Sarthil has quit.
Wed Sep 15 13:07:14 2010 :: Sock.sinaddr:  216.153.43.36
Wed Sep 15 13:07:16 2010 :: Loading Jace.
Wed Sep 15 13:07:17 2010 :: Look out, Jace@host36-69-153-216.isdn.net has connected.
Wed Sep 15 13:07:49 2010 :: Jace has quit.
Wed Sep 15 13:07:49 2010 :: Sock.sinaddr:  216.153.43.36
Wed Sep 15 13:07:51 2010 :: Loading Virote.
Wed Sep 15 13:07:52 2010 :: Look out, Virote@host36-69-153-216.isdn.net has connected.
Wed Sep 15 13:09:57 2010 :: Chidak has quit.
Wed Sep 15 13:09:59 2010 :: c-24-13-28-15.hsd1.in.comcast.net input spamming!
Wed Sep 15 13:11:02 2010 :: Sock.sinaddr:  216.135.54.194
Wed Sep 15 13:11:04 2010 :: Loading Alaeroth.
Wed Sep 15 13:11:05 2010 :: Look out, Alaeroth@client001-static.c044772.customers.cinergycom.net has connected.
Wed Sep 15 13:14:41 2010 :: c-24-13-28-15.hsd1.in.comcast.net input spamming!
Wed Sep 15 13:15:26 2010 :: adsl-074-171-093-018.sip.ags.bellsouth.net input spamming!
Wed Sep 15 13:16:10 2010 :: Swael has quit.
Wed Sep 15 13:16:17 2010 :: Sock.sinaddr:  24.13.28.15
Wed Sep 15 13:16:18 2010 :: Loading Arthelias.
Wed Sep 15 13:16:18 2010 :: Look out, Arthelias@c-24-13-28-15.hsd1.in.comcast.net has connected.
Wed Sep 15 13:17:57 2010 :: Sock.sinaddr:  24.13.28.15
Wed Sep 15 13:17:57 2010 :: Loading Bram.
Wed Sep 15 13:17:57 2010 :: Look out, Bram@c-24-13-28-15.hsd1.in.comcast.net has connected.
Wed Sep 15 13:19:52 2010 :: Sock.sinaddr:  67.189.84.147
Wed Sep 15 13:19:55 2010 :: Loading Mishakal.
Wed Sep 15 13:19:57 2010 :: Look out, Mishakal@c-67-189-84-147.hsd1.wa.comcast.net has connected.
Wed Sep 15 13:20:46 2010 :: Sock.sinaddr:  66.76.107.146
Wed Sep 15 13:20:47 2010 :: Loading Bavon.
Wed Sep 15 13:20:47 2010 :: Look out, Bavon@66-76-107-146.btvlar.sta.suddenlink.net has connected.
Wed Sep 15 13:23:02 2010 :: Bavon has quit.
Wed Sep 15 13:23:11 2010 :: Sock.sinaddr:  66.76.107.146
Wed Sep 15 13:23:11 2010 :: Loading Vazara.
Wed Sep 15 13:23:12 2010 :: Look out, Vazara@66-76-107-146.btvlar.sta.suddenlink.net has connected.
Wed Sep 15 13:23:35 2010 :: Log Nuitari: grab orb
Wed Sep 15 13:23:37 2010 :: Vazara has quit.
Wed Sep 15 13:23:38 2010 :: Log Nuitari: grab orb bram
Wed Sep 15 13:23:40 2010 :: Log Nuitari: clone orb
Wed Sep 15 13:23:42 2010 :: Log Nuitari: sgive orb arth
Wed Sep 15 13:23:46 2010 :: Log Nuitari: sgive orb bram
Wed Sep 15 13:24:28 2010 :: Log Nuitari: grab orb bram
Wed Sep 15 13:24:30 2010 :: Log Nuitari: clone orb
Wed Sep 15 13:24:33 2010 :: Log Nuitari: sgive orb bram
Wed Sep 15 13:24:35 2010 :: Log Nuitari: sgive orb arth
Wed Sep 15 13:30:18 2010 :: Sock.sinaddr:  24.13.28.15
Wed Sep 15 13:30:19 2010 :: Loading Varthanorai.
Wed Sep 15 13:30:19 2010 :: Look out, Varthanorai@c-24-13-28-15.hsd1.in.comcast.net has connected.
Wed Sep 15 13:30:33 2010 :: Varthanorai has quit.
Wed Sep 15 13:31:39 2010 :: Mishakal has quit.
Wed Sep 15 13:32:04 2010 :: Virote has quit.
Wed Sep 15 13:32:14 2010 :: Bram has quit.
Wed Sep 15 13:32:27 2010 :: Sock.sinaddr:  216.153.43.36
Wed Sep 15 13:32:29 2010 :: Loading Jace.
Wed Sep 15 13:32:30 2010 :: Look out, Jace@host36-69-153-216.isdn.net has connected.
Wed Sep 15 13:32:33 2010 :: Alaeroth has quit.
Wed Sep 15 13:38:56 2010 :: Jace has quit.
Wed Sep 15 13:43:45 2010 :: Andrina has quit.
Wed Sep 15 13:52:56 2010 :: Zendfrel has quit.
Wed Sep 15 13:53:40 2010 :: Sock.sinaddr:  74.171.93.18
Wed Sep 15 13:53:40 2010 :: EOF encountered on read.
Wed Sep 15 13:53:40 2010 :: Closing link to Bimbly.
Wed Sep 15 13:53:43 2010 :: Loading Bimbly.
Wed Sep 15 13:53:44 2010 :: Bimbly@adsl-074-171-093-018.sip.ags.bellsouth.net reconnected.
Wed Sep 15 14:00:01 2010 :: Sock.sinaddr:  96.255.236.130
Wed Sep 15 14:00:04 2010 :: Loading Zendfrel.
Wed Sep 15 14:00:06 2010 :: Look out, Zendfrel@pool-96-255-236-130.washdc.fios.verizon.net has connected.
Wed Sep 15 14:00:56 2010 :: Arthelias gained level 71
Wed Sep 15 14:04:34 2010 :: c-24-13-28-15.hsd1.in.comcast.net input spamming!
Wed Sep 15 14:40:53 2010 :: c-24-13-28-15.hsd1.in.comcast.net input spamming!
Wed Sep 15 14:48:11 2010 :: Sock.sinaddr:  86.169.39.3
Wed Sep 15 14:48:47 2010 :: Tencha gained level 71
Wed Sep 15 14:48:55 2010 :: Closing link to Jinda.
Wed Sep 15 14:49:18 2010 :: Sock.sinaddr:  86.169.39.3
Wed Sep 15 14:50:41 2010 :: Isolayn@host86-169-39-3.range86-169.btcentralplus.com new player.
Wed Sep 15 14:58:06 2010 :: Sock.sinaddr:  24.13.28.15
Wed Sep 15 14:58:07 2010 :: Loading Nuitari.
Wed Sep 15 14:58:07 2010 :: Closing link to Nuitari.
Wed Sep 15 14:58:07 2010 :: Nuitari@c-24-13-28-15.hsd1.in.comcast.net reconnected.
Wed Sep 15 15:05:24 2010 :: Isolayn gained level 2
Wed Sep 15 15:09:06 2010 :: Zendfrel gained level 73
Wed Sep 15 15:09:18 2010 :: Isolayn gained level 3
Wed Sep 15 15:15:15 2010 :: Isolayn gained level 4
Wed Sep 15 15:15:18 2010 :: Sock.sinaddr:  74.171.93.18
Wed Sep 15 15:15:19 2010 :: Sock.sinaddr:  74.171.93.18
Wed Sep 15 15:15:22 2010 :: Loading Sinjin.
Wed Sep 15 15:15:23 2010 :: Look out, Sinjin@adsl-074-171-093-018.sip.ags.bellsouth.net has connected.
Wed Sep 15 15:16:49 2010 :: Sock.sinaddr:  216.135.54.194
Wed Sep 15 15:16:54 2010 :: Loading Chidak.
Wed Sep 15 15:16:54 2010 :: Look out, Chidak@client001-static.c044772.customers.cinergycom.net has connected.
Wed Sep 15 15:21:25 2010 :: Isolayn gained level 5
Wed Sep 15 15:23:07 2010 :: Chidak has quit.
Wed Sep 15 15:23:11 2010 :: Sock.sinaddr:  216.135.54.194
Wed Sep 15 15:23:16 2010 :: Loading Alaeroth.
Wed Sep 15 15:23:16 2010 :: Look out, Alaeroth@client001-static.c044772.customers.cinergycom.net has connected.
Wed Sep 15 15:24:03 2010 :: c-24-13-28-15.hsd1.in.comcast.net input spamming!
Wed Sep 15 15:24:53 2010 :: Alaeroth has quit.
Wed Sep 15 15:24:54 2010 :: Sock.sinaddr:  216.135.54.194
Wed Sep 15 15:24:56 2010 :: Loading Rakseth.
Wed Sep 15 15:24:57 2010 :: Look out, Rakseth@client001-static.c044772.customers.cinergycom.net has connected.
Wed Sep 15 15:26:38 2010 :: Rakseth has quit.
Wed Sep 15 15:26:39 2010 :: Sock.sinaddr:  216.135.54.194
Wed Sep 15 15:26:44 2010 :: Loading Linx.
Wed Sep 15 15:26:45 2010 :: Sock.sinaddr:  24.13.28.15
Wed Sep 15 15:26:45 2010 :: Loading Arthelias.
Wed Sep 15 15:26:46 2010 :: Look out, Arthelias@c-24-13-28-15.hsd1.in.comcast.net has connected.
Wed Sep 15 15:26:46 2010 :: Linx. Bad Password. IP: client001-static.c044772.customers.cinergycom.net> googlecom
Wed Sep 15 15:26:46 2010 :: Closing link to Linx.
Wed Sep 15 15:26:48 2010 :: Sock.sinaddr:  216.135.54.194
Wed Sep 15 15:26:58 2010 :: Closing link to Yyaril.
Wed Sep 15 15:32:57 2010 :: Arthelias gained level 72
Wed Sep 15 15:33:09 2010 :: Isolayn gained level 6
Wed Sep 15 15:36:49 2010 :: c-24-13-28-15.hsd1.in.comcast.net input spamming!
Wed Sep 15 15:46:27 2010 :: Isolayn killed by the large pug at 3114
Wed Sep 15 15:47:13 2010 :: Sinjin has quit.
Wed Sep 15 15:47:16 2010 :: EOF encountered on read.
Wed Sep 15 16:03:51 2010 :: Sock.sinaddr:  89.152.31.153
Wed Sep 15 16:03:57 2010 :: Loading Solinari.
Wed Sep 15 16:03:57 2010 :: Look out, Solinari@a89-152-31-153.cpe.netcabo.pt has connected.
Wed Sep 15 16:04:57 2010 :: Solinari has quit.
Wed Sep 15 16:05:12 2010 :: [WARNING] Tencha replies to Arthelias: yea and the sad thing is he plays this mud too but when he gets a laptop
Wed Sep 15 16:06:44 2010 :: Chislev has quit.
Wed Sep 15 16:21:08 2010 :: Sock.sinaddr:  68.155.217.53
Wed Sep 15 16:21:10 2010 :: Loading Cormag.
Wed Sep 15 16:21:12 2010 :: Look out, Cormag@adsl-155-217-53.owb.bellsouth.net has connected.
Wed Sep 15 16:21:20 2010 :: Cormag has quit.
Wed Sep 15 16:21:21 2010 :: Sock.sinaddr:  68.155.217.53
Wed Sep 15 16:21:24 2010 :: Loading Masque.
Wed Sep 15 16:21:26 2010 :: Look out, Masque@adsl-155-217-53.owb.bellsouth.net has connected.
Wed Sep 15 16:23:37 2010 :: Masque has quit.
Wed Sep 15 16:23:39 2010 :: Sock.sinaddr:  68.155.217.53
Wed Sep 15 16:23:40 2010 :: Loading Cormag.
Wed Sep 15 16:23:46 2010 :: Look out, Cormag@adsl-155-217-53.owb.bellsouth.net has connected.
Wed Sep 15 16:24:00 2010 :: Sock.sinaddr:  68.155.217.53
Wed Sep 15 16:24:22 2010 :: Loading Alyrion.
Wed Sep 15 16:24:25 2010 :: Look out, Alyrion@adsl-155-217-53.owb.bellsouth.net has connected.
Wed Sep 15 16:25:14 2010 :: c-24-13-28-15.hsd1.in.comcast.net input spamming!
Wed Sep 15 16:33:35 2010 :: Tencha gained level 72
Wed Sep 15 16:34:13 2010 :: Cormag has quit.
Wed Sep 15 16:34:14 2010 :: Sock.sinaddr:  68.155.217.53
Wed Sep 15 16:34:16 2010 :: Loading Masque.
Wed Sep 15 16:34:17 2010 :: Look out, Masque@adsl-155-217-53.owb.bellsouth.net has connected.
Wed Sep 15 16:35:46 2010 :: Sock.sinaddr:  24.13.28.15
Wed Sep 15 16:35:46 2010 :: Loading Nayato.
Wed Sep 15 16:35:46 2010 :: Look out, Nayato@c-24-13-28-15.hsd1.in.comcast.net has connected.
Wed Sep 15 16:37:03 2010 :: Nayato has quit.
Wed Sep 15 16:37:20 2010 :: Sock.sinaddr:  66.57.202.149
Wed Sep 15 16:37:28 2010 :: Loading Reorx.
Wed Sep 15 16:37:30 2010 :: Look out, Reorx@cpe-066-057-202-149.sc.res.rr.com has connected.
Wed Sep 15 16:37:52 2010 :: Reorx has quit.
Wed Sep 15 16:43:34 2010 :: Zendfrel gained level 74
Wed Sep 15 16:47:03 2010 :: Isolayn gained level 7
Wed Sep 15 16:47:36 2010 :: Alyrion has quit.
Wed Sep 15 16:49:36 2010 :: Isolayn has quit.
Wed Sep 15 16:56:41 2010 :: Arthelias has quit.
Wed Sep 15 16:59:39 2010 :: Masque has quit.
Wed Sep 15 17:06:17 2010 :: Sock.sinaddr:  74.171.93.18
Wed Sep 15 17:06:17 2010 :: Sock.sinaddr:  74.171.93.18
Wed Sep 15 17:06:19 2010 :: Loading Sinjin.
Wed Sep 15 17:06:20 2010 :: Look out, Sinjin@adsl-074-171-093-018.sip.ags.bellsouth.net has connected.
Wed Sep 15 17:14:22 2010 :: Sock.sinaddr:  70.157.120.21
Wed Sep 15 17:14:25 2010 :: Loading Kalgar.
Wed Sep 15 17:14:27 2010 :: Look out, Kalgar@adsl-157-120-21.owb.bellsouth.net has connected.
Wed Sep 15 17:17:01 2010 :: Sock.sinaddr:  71.226.99.92
Wed Sep 15 17:17:25 2010 :: Loading Wilson.
Wed Sep 15 17:17:31 2010 :: Look out, Wilson@c-71-226-99-92.hsd1.sc.comcast.net has connected.
Wed Sep 15 17:27:43 2010 :: Sock.sinaddr:  67.170.235.37
Wed Sep 15 17:27:46 2010 :: Loading Habbakuk.
Wed Sep 15 17:27:48 2010 :: Look out, Habbakuk@c-67-170-235-37.hsd1.ca.comcast.net has connected.
Wed Sep 15 17:28:25 2010 :: Habbakuk has quit.
Wed Sep 15 17:28:25 2010 :: [*****] BUG: Norm-Apply: 0
Wed Sep 15 17:28:25 2010 :: [*****] BUG: location = 26
Wed Sep 15 17:28:25 2010 :: [*****] BUG: type = 85
Wed Sep 15 17:28:25 2010 :: [*****] BUG: Norm-Apply: 0
Wed Sep 15 17:28:25 2010 :: [*****] BUG: location = 26
Wed Sep 15 17:28:25 2010 :: [*****] BUG: type = 338
Wed Sep 15 17:31:04 2010 :: Sock.sinaddr:  98.180.54.156
Wed Sep 15 17:31:06 2010 :: Closing link to Kalael.
Wed Sep 15 17:31:07 2010 :: Sock.sinaddr:  98.180.54.156
Wed Sep 15 17:31:11 2010 :: Loading Kalaela.
Wed Sep 15 17:31:11 2010 :: Look out, Kalaela@ip98-180-54-156.ga.at.cox.net has connected.
Wed Sep 15 17:36:56 2010 :: Wilson has quit.
Wed Sep 15 17:39:46 2010 :: Sinjin has quit.
Wed Sep 15 17:39:50 2010 :: EOF encountered on read.
Wed Sep 15 17:41:05 2010 :: Sock.sinaddr:  71.181.100.205
Wed Sep 15 17:41:09 2010 :: Loading Tencha.
Wed Sep 15 17:41:13 2010 :: Closing link to Tencha.
Wed Sep 15 17:41:13 2010 :: Tencha@71.181.100.205 reconnected.
Wed Sep 15 17:43:26 2010 :: Sock.sinaddr:  98.180.54.156
Wed Sep 15 17:43:27 2010 :: Loading Kalaela.
Wed Sep 15 17:43:29 2010 :: Closing link to Kalaela.
Wed Sep 15 17:43:29 2010 :: Kalaela@ip98-180-54-156.ga.at.cox.net reconnected.
Wed Sep 15 17:44:51 2010 :: Kalaela has quit.
Wed Sep 15 17:46:06 2010 :: Sock.sinaddr:  99.204.72.98
Wed Sep 15 17:46:25 2010 :: Loading Isini.
Wed Sep 15 17:46:26 2010 :: Look out, Isini@99-204-72-98.pools.spcsdns.net has connected.
Wed Sep 15 17:46:51 2010 :: Sock.sinaddr:  71.181.100.205
Wed Sep 15 17:46:54 2010 :: Loading Tencha.
Wed Sep 15 17:46:59 2010 :: Closing link to Tencha.
Wed Sep 15 17:46:59 2010 :: Tencha@71.181.100.205 reconnected.
Wed Sep 15 17:49:06 2010 :: Bimbly has quit.
Wed Sep 15 17:50:35 2010 :: Isini has quit.
Wed Sep 15 17:50:39 2010 :: Sock.sinaddr:  99.204.72.98
Wed Sep 15 17:50:40 2010 :: Loading Svalski.
Wed Sep 15 17:50:40 2010 :: Look out, Svalski@99-204-72-98.pools.spcsdns.net has connected.
Wed Sep 15 17:57:29 2010 :: EOF encountered on read.
Wed Sep 15 17:57:29 2010 :: Closing link to Svalski.
Wed Sep 15 17:57:33 2010 :: Sock.sinaddr:  99.204.72.98
Wed Sep 15 17:57:33 2010 :: Loading Svalski.
Wed Sep 15 17:57:34 2010 :: Svalski@99-204-72-98.pools.spcsdns.net reconnected.
Wed Sep 15 18:00:16 2010 :: Sock.sinaddr:  67.189.84.147
Wed Sep 15 18:00:19 2010 :: Loading Mishakal.
Wed Sep 15 18:00:20 2010 :: Look out, Mishakal@c-67-189-84-147.hsd1.wa.comcast.net has connected.
Wed Sep 15 18:03:07 2010 :: Sock.sinaddr:  67.189.84.147
Wed Sep 15 18:03:17 2010 :: Loading Kheldar.
Wed Sep 15 18:03:19 2010 :: Look out, Kheldar@c-67-189-84-147.hsd1.wa.comcast.net has connected.
Wed Sep 15 18:10:49 2010 :: Tencha gained level 73
Wed Sep 15 18:15:24 2010 :: Zendfrel gained level 75
Wed Sep 15 18:34:33 2010 :: Sock.sinaddr:  208.3.137.36
Wed Sep 15 18:34:36 2010 :: Loading Andrina.
Wed Sep 15 18:34:38 2010 :: Look out, Andrina@208.3.137.36 has connected.
Wed Sep 15 18:34:57 2010 :: Andrina has quit.
Wed Sep 15 18:37:04 2010 :: [*****] BUG: Buffer overflow. Closing.

Write_to_descriptor: Resource temporarily unavailable
Wed Sep 15 18:37:04 2010 :: Closing link to Tencha.
Wed Sep 15 18:38:04 2010 :: Sock.sinaddr:  71.181.100.205
Wed Sep 15 18:38:06 2010 :: Sock.sinaddr:  71.181.100.205
Wed Sep 15 18:38:12 2010 :: Loading Tencha.
Wed Sep 15 18:38:14 2010 :: Tencha@71.181.100.205 reconnected.
Wed Sep 15 18:42:14 2010 :: Log Mishakal: string obj scorch short a {CSilver {wTriangle{x
Wed Sep 15 18:43:08 2010 :: Log Mishakal: string obj scorch long The silver triangle of Draco Paladin lays here ready to be tattooed upon the skin.
Wed Sep 15 18:43:21 2010 :: Log Mishakal: string obj scorch name silver triangle
Wed Sep 15 18:47:42 2010 :: Kheldar has quit.
Wed Sep 15 18:48:25 2010 :: Mishakal has quit.
Wed Sep 15 18:49:01 2010 :: Nuitari has quit.
Wed Sep 15 18:55:57 2010 :: Sock.sinaddr:  66.254.234.129
Wed Sep 15 18:55:58 2010 :: Loading Rayo.
Wed Sep 15 18:55:59 2010 :: Look out, Rayo@nd-66-254-234-129.nat.nd.edu has connected.
Wed Sep 15 18:56:03 2010 :: Rayo has quit.
Wed Sep 15 19:04:09 2010 :: Sock.sinaddr:  24.13.28.15
Wed Sep 15 19:04:09 2010 :: Loading Nuitari.
Wed Sep 15 19:04:09 2010 :: Look out, Nuitari@c-24-13-28-15.hsd1.in.comcast.net has connected.
Wed Sep 15 19:04:16 2010 :: Sock.sinaddr:  24.13.28.15
Wed Sep 15 19:04:17 2010 :: Loading Arthelias.
Wed Sep 15 19:04:17 2010 :: Arthelias. Bad Password. IP: c-24-13-28-15.hsd1.in.comcast.net> giggle
Wed Sep 15 19:04:17 2010 :: Closing link to Arthelias.
Wed Sep 15 19:04:28 2010 :: Sock.sinaddr:  24.13.28.15
Wed Sep 15 19:04:28 2010 :: Loading Arthelias.
Wed Sep 15 19:04:28 2010 :: Look out, Arthelias@c-24-13-28-15.hsd1.in.comcast.net has connected.
Wed Sep 15 19:10:25 2010 :: Sock.sinaddr:  66.57.202.149
Wed Sep 15 19:15:07 2010 :: Arthelias has quit.
Wed Sep 15 19:16:21 2010 :: Svalski gained level 83
Wed Sep 15 19:16:42 2010 :: Sock.sinaddr:  24.13.28.15
Wed Sep 15 19:16:42 2010 :: Loading Arthelias.
Wed Sep 15 19:16:43 2010 :: Look out, Arthelias@c-24-13-28-15.hsd1.in.comcast.net has connected.
Wed Sep 15 19:20:59 2010 :: c-24-13-28-15.hsd1.in.comcast.net input spamming!
Wed Sep 15 19:22:57 2010 :: Arthelias gained level 73
Wed Sep 15 19:25:52 2010 :: Loading Reorx.
Wed Sep 15 19:25:55 2010 :: Look out, Reorx@cpe-066-057-202-149.sc.res.rr.com has connected.
Wed Sep 15 19:26:06 2010 :: Reorx has quit.
Read_from_descriptor: Connection reset by peer
Wed Sep 15 19:27:59 2010 :: Closing link to Svalski.
Wed Sep 15 19:28:05 2010 :: Sock.sinaddr:  99.204.72.98
Wed Sep 15 19:28:06 2010 :: Loading Svalski.
Wed Sep 15 19:28:06 2010 :: Svalski@99-204-72-98.pools.spcsdns.net reconnected.
Wed Sep 15 19:31:44 2010 :: Log Nuitari: trans svalski
Wed Sep 15 19:32:20 2010 :: Kalgar has quit.
Wed Sep 15 19:33:17 2010 :: Log Nuitari: string obj mask short ({YEnchanted{X) Sigil of Truth
Wed Sep 15 19:33:31 2010 :: Log Nuitari: string obj mask long A sigil of arcane power is branded here.
Wed Sep 15 19:33:36 2010 :: Log Nuitari: string obj mask name sigil truth
Wed Sep 15 19:34:13 2010 :: Tencha gained level 74
Wed Sep 15 19:34:26 2010 :: Log Nuitari: string obj helm short ({rTattooed{X) Arcane symbols
Wed Sep 15 19:34:45 2010 :: Log Nuitari: string obj helm long A series of arcane runes and sigils cover the head scales.
Wed Sep 15 19:34:52 2010 :: Log Nuitari: string obj helm name arcane symbols
Wed Sep 15 19:36:11 2010 :: Log Nuitari: string obj tun short {yDraconian{X {yArmor{X
Wed Sep 15 19:36:24 2010 :: Log Nuitari: string obj tun long Hard golden scales protect the chest of this draconian.
Wed Sep 15 19:36:30 2010 :: Log Nuitari: string obj tun name draconian armor
Wed Sep 15 19:37:33 2010 :: Log Nuitari: string obj golden short ({CHoly{X) Ring of the {DSkull{X
Wed Sep 15 19:38:15 2010 :: Log Nuitari: string obj ring long A silver band with the inscription "Death is patient. It flows both from without and from within. Be vigilant in all and skeptical of all."
Wed Sep 15 19:38:20 2010 :: Log Nuitari: string obj ring name ring skull
Wed Sep 15 19:38:58 2010 :: Zendfrel gained level 76
Wed Sep 15 19:39:48 2010 :: Log Nuitari: string obj golden short ({YEnchanted{X) Arcane Ring of the {rThorn{X
Wed Sep 15 19:40:24 2010 :: Log Nuitari: string obj golden long A gold band with the inscription "One who follows the heart finds it will bleed. Feel nothing but victory." lies here.
Wed Sep 15 19:40:31 2010 :: Log Nuitari: string obj golden name ring thorn
Wed Sep 15 19:41:15 2010 :: Log Nuitari: string obj mist short ({YEnchanted{X) A floating Constellation{X
Wed Sep 15 19:41:41 2010 :: Log Nuitari: string obj mist long A group of stones float here in the shape of the constellation "Queen of Darkness"
Wed Sep 15 19:41:47 2010 :: Log Nuitari: string obj mist name constellation
Wed Sep 15 19:43:14 2010 :: Log Nuitari: string obj make short ({YVIII{X) A {GMake{X {GOver{X Coupon
Wed Sep 15 19:43:34 2010 :: Log Nuitari: string obj make long Used by Svalski with Nuitari, good for 8 more restrings.
Wed Sep 15 19:44:15 2010 :: c-24-13-28-15.hsd1.in.comcast.net input spamming!
Wed Sep 15 19:56:56 2010 :: pool-96-255-236-130.washdc.fios.verizon.net input spamming!
Wed Sep 15 19:57:34 2010 :: EOF encountered on read.
Wed Sep 15 19:57:34 2010 :: Closing link to Zendfrel.
Wed Sep 15 19:57:42 2010 :: Sock.sinaddr:  96.255.236.130
Wed Sep 15 19:57:51 2010 :: Loading Zendfrel.
Wed Sep 15 19:57:53 2010 :: Zendfrel@pool-96-255-236-130.washdc.fios.verizon.net reconnected.
Wed Sep 15 20:03:16 2010 :: Sock.sinaddr:  67.189.84.147
Wed Sep 15 20:03:19 2010 :: Loading Mishakal.
Wed Sep 15 20:03:21 2010 :: Look out, Mishakal@c-67-189-84-147.hsd1.wa.comcast.net has connected.
Wed Sep 15 20:06:40 2010 :: Sock.sinaddr:  67.189.84.147
Wed Sep 15 20:06:45 2010 :: Loading Kheldar.
Wed Sep 15 20:06:46 2010 :: Look out, Kheldar@c-67-189-84-147.hsd1.wa.comcast.net has connected.
Wed Sep 15 20:09:34 2010 :: c-67-189-84-147.hsd1.wa.comcast.net input spamming!
Wed Sep 15 20:09:46 2010 :: c-67-189-84-147.hsd1.wa.comcast.net input spamming!
Wed Sep 15 20:15:59 2010 :: 99-204-72-98.pools.spcsdns.net input spamming!
Wed Sep 15 20:22:05 2010 :: Sock.sinaddr:  67.170.235.37
Wed Sep 15 20:22:12 2010 :: Loading Habbakuk.
Wed Sep 15 20:22:14 2010 :: Look out, Habbakuk@c-67-170-235-37.hsd1.ca.comcast.net has connected.
Wed Sep 15 20:22:41 2010 :: Habbakuk has quit.
Wed Sep 15 20:22:41 2010 :: [*****] BUG: Norm-Apply: 0
Wed Sep 15 20:22:41 2010 :: [*****] BUG: location = 26
Wed Sep 15 20:22:41 2010 :: [*****] BUG: type = 85
Wed Sep 15 20:22:41 2010 :: [*****] BUG: Norm-Apply: 0
Wed Sep 15 20:22:41 2010 :: [*****] BUG: location = 26
Wed Sep 15 20:22:41 2010 :: [*****] BUG: type = 338
Wed Sep 15 20:25:03 2010 :: Log Mishakal: switch spirit
Wed Sep 15 20:29:18 2010 :: Log Mishakal: string obj thorn short a {cSolamnic {WSword-breaker{x
Wed Sep 15 20:30:22 2010 :: Log Mishakal: string obj thorn long A notched blade, bearing the mark of the Solamnics, sits here upon the ground.
Wed Sep 15 20:30:35 2010 :: Log Mishakal: string obj thorn name sword breaker
Wed Sep 15 20:34:17 2010 :: c-24-13-28-15.hsd1.in.comcast.net input spamming!
Wed Sep 15 20:36:42 2010 :: Log Mishakal: string obj polearm short ({yAncestral{x) a {cSolamnic {WBardiche{x
Wed Sep 15 20:37:22 2010 :: Log Mishakal: string obj polearm long A well-used polearm leans here in the corner.
Wed Sep 15 20:37:32 2010 :: Log Mishakal: string obj polearm name solamnic bardiche
Wed Sep 15 20:45:31 2010 :: Sock.sinaddr:  24.13.28.15
Wed Sep 15 20:45:32 2010 :: Loading Nuitari.
Wed Sep 15 20:45:32 2010 :: Closing link to Nuitari.
Wed Sep 15 20:45:32 2010 :: Nuitari@c-24-13-28-15.hsd1.in.comcast.net reconnected.
Wed Sep 15 20:46:12 2010 :: Sock.sinaddr:  68.155.217.53
Wed Sep 15 20:46:25 2010 :: Closing link to Alrion.
Wed Sep 15 20:46:27 2010 :: Sock.sinaddr:  68.155.217.53
Wed Sep 15 20:46:33 2010 :: Loading Alyrion.
Wed Sep 15 20:46:36 2010 :: Look out, Alyrion@adsl-155-217-53.owb.bellsouth.net has connected.
Wed Sep 15 20:46:44 2010 :: Alyrion has quit.
Wed Sep 15 20:53:55 2010 :: Svalski has quit.
Wed Sep 15 20:57:09 2010 :: Arthelias gained level 74
Wed Sep 15 20:58:55 2010 :: Sock.sinaddr:  74.171.93.18
Wed Sep 15 20:58:55 2010 :: Sock.sinaddr:  74.171.93.18
Wed Sep 15 20:58:58 2010 :: Loading Sinjin.
Wed Sep 15 20:58:58 2010 :: Look out, Sinjin@adsl-074-171-093-018.sip.ags.bellsouth.net has connected.
Wed Sep 15 20:59:17 2010 :: Mishakal has quit.
Wed Sep 15 20:59:21 2010 :: Kheldar has quit.
Wed Sep 15 21:02:03 2010 :: Log Nuitari: trans arth
Wed Sep 15 21:05:47 2010 :: Nuitari has quit.
Wed Sep 15 21:05:52 2010 :: Arthelias has quit.
Wed Sep 15 21:15:18 2010 :: Sock.sinaddr:  99.204.72.98
Wed Sep 15 21:15:18 2010 :: Loading Svalski.
Wed Sep 15 21:15:18 2010 :: Look out, Svalski@99-204-72-98.pools.spcsdns.net has connected.
Wed Sep 15 21:35:14 2010 :: Tencha gained level 75
Wed Sep 15 21:36:13 2010 :: Zendfrel gained level 77
Wed Sep 15 21:39:02 2010 :: Sinjin has quit.
Wed Sep 15 21:39:05 2010 :: EOF encountered on read.
Wed Sep 15 21:47:37 2010 :: Tencha has quit.
Wed Sep 15 21:53:08 2010 :: Sock.sinaddr:  99.204.72.98
Wed Sep 15 21:53:08 2010 :: Loading Svalski.
Wed Sep 15 21:53:12 2010 :: Closing link to Svalski.
Wed Sep 15 21:53:12 2010 :: Svalski@99-204-72-98.pools.spcsdns.net reconnected.
Wed Sep 15 22:07:47 2010 :: pool-96-255-236-130.washdc.fios.verizon.net input spamming!
Wed Sep 15 22:11:26 2010 :: Sock.sinaddr:  216.153.43.36
Wed Sep 15 22:11:28 2010 :: Loading Jace.
Wed Sep 15 22:11:29 2010 :: Look out, Jace@host36-69-153-216.isdn.net has connected.
Wed Sep 15 22:13:47 2010 :: Sock.sinaddr:  216.153.43.36
Wed Sep 15 22:13:49 2010 :: Loading Jace.
Wed Sep 15 22:13:51 2010 :: Closing link to Jace.
Wed Sep 15 22:13:51 2010 :: Jace@host36-69-153-216.isdn.net reconnected.
Wed Sep 15 22:18:23 2010 :: EOF encountered on read.
Wed Sep 15 22:18:23 2010 :: Closing link to Svalski.
Wed Sep 15 22:18:24 2010 :: Sock.sinaddr:  99.204.72.98
Wed Sep 15 22:18:24 2010 :: Loading Svalski.
Wed Sep 15 22:18:24 2010 :: Svalski@99-204-72-98.pools.spcsdns.net reconnected.
Wed Sep 15 22:27:10 2010 :: pool-96-255-236-130.washdc.fios.verizon.net input spamming!
Wed Sep 15 22:31:43 2010 :: Sock.sinaddr:  216.153.43.36
Wed Sep 15 22:31:45 2010 :: Loading Jace.
Wed Sep 15 22:31:47 2010 :: Closing link to Jace.
Wed Sep 15 22:31:47 2010 :: Jace@host36-69-153-216.isdn.net reconnected.
Wed Sep 15 22:36:10 2010 :: pool-96-255-236-130.washdc.fios.verizon.net input spamming!
Wed Sep 15 22:43:40 2010 :: Zendfrel gained level 78
Wed Sep 15 22:48:02 2010 :: Sock.sinaddr:  24.88.107.233
Wed Sep 15 22:48:08 2010 :: Loading Chislev.
Wed Sep 15 22:48:10 2010 :: Look out, Chislev@cpe-024-088-107-233.sc.res.rr.com has connected.
Wed Sep 15 23:01:32 2010 :: Sock.sinaddr:  74.171.93.18
Wed Sep 15 23:01:32 2010 :: Sock.sinaddr:  74.171.93.18
Wed Sep 15 23:01:33 2010 :: Loading Sinjin.
Wed Sep 15 23:01:34 2010 :: Look out, Sinjin@adsl-074-171-093-018.sip.ags.bellsouth.net has connected.
Wed Sep 15 23:01:43 2010 :: Sinjin has quit.
Wed Sep 15 23:01:45 2010 :: EOF encountered on read.
Wed Sep 15 23:03:45 2010 :: Sock.sinaddr:  97.95.73.29
Wed Sep 15 23:03:48 2010 :: Loading Hiddukel.
Wed Sep 15 23:03:49 2010 :: Look out, Hiddukel@97-95-73-29.dhcp.eucl.wi.charter.com has connected.
Wed Sep 15 23:05:23 2010 :: Log Hiddukel: lastonimm
Wed Sep 15 23:06:36 2010 :: Log Hiddukel: restore all
Wed Sep 15 23:06:46 2010 :: Log Hiddukel: asave changed
Wed Sep 15 23:06:46 2010 :: Log Hiddukel: copyover
