Mon Nov  8 10:32:32 2010 :: ROM is ready to rock on port 6100.
Mon Nov  8 10:32:32 2010 :: Could not backup players. Please report to Paladine.
Mon Nov  8 16:34:04 2010 :: Sock.sinaddr:  84.91.41.142
Mon Nov  8 16:34:04 2010 :: Loading Telmus.
Mon Nov  8 16:34:05 2010 :: Look out, Telmus@sm2-84-91-41-142.netvisao.pt has connected.
Mon Nov  8 16:35:03 2010 :: Sock.sinaddr:  208.3.137.36
Mon Nov  8 16:35:06 2010 :: Loading Phiaera.
Mon Nov  8 16:35:08 2010 :: Look out, Phiaera@208.3.137.36 has connected.
Mon Nov  8 16:35:30 2010 :: Sock.sinaddr:  84.91.41.142
Mon Nov  8 16:35:37 2010 :: Loading Antonius.
Mon Nov  8 16:35:41 2010 :: Look out, Antonius@sm2-84-91-41-142.netvisao.pt has connected.
Mon Nov  8 16:35:44 2010 :: Sock.sinaddr:  188.83.14.115
Mon Nov  8 16:35:48 2010 :: EOF encountered on read.
Mon Nov  8 16:35:48 2010 :: Closing link to Argoth.
Mon Nov  8 16:35:51 2010 :: Sock.sinaddr:  188.83.14.115
Mon Nov  8 16:35:52 2010 :: Loading Fenix.
Mon Nov  8 16:35:52 2010 :: Look out, Fenix@bl18-14-115.dsl.telepac.pt has connected.
Mon Nov  8 16:36:47 2010 :: Antonius has initialized Protocol 75!
Mon Nov  8 16:37:00 2010 :: EOF encountered on read.
Mon Nov  8 16:37:00 2010 :: Closing link to Antonius.
Mon Nov  8 16:37:23 2010 :: Sock.sinaddr:  84.91.41.142
Mon Nov  8 16:37:24 2010 :: Loading Antonius.
Mon Nov  8 16:37:24 2010 :: Antonius@sm2-84-91-41-142.netvisao.pt reconnected.
Mon Nov  8 16:37:35 2010 :: Phiaera has quit.
Mon Nov  8 16:37:37 2010 :: Sock.sinaddr:  208.3.137.36
Mon Nov  8 16:37:39 2010 :: Loading Andrina.
Mon Nov  8 16:37:41 2010 :: Look out, Andrina@208.3.137.36 has connected.
Mon Nov  8 16:37:48 2010 :: Antonius has quit.
Mon Nov  8 16:41:26 2010 :: Andrina has quit.
Mon Nov  8 16:42:36 2010 :: Sock.sinaddr:  173.19.55.136
Mon Nov  8 16:42:39 2010 :: Loading Jalus.
Mon Nov  8 16:42:40 2010 :: Jalus. Bad Password. IP: 173-19-55-136.client.mchsi.com> q
Mon Nov  8 16:42:40 2010 :: Closing link to Jalus.
Mon Nov  8 16:45:12 2010 :: Fenix has quit.
Mon Nov  8 16:45:20 2010 :: Sock.sinaddr:  188.83.14.115
Mon Nov  8 16:45:22 2010 :: Loading Elzix.
Mon Nov  8 16:45:23 2010 :: Look out, Elzix@bl18-14-115.dsl.telepac.pt has connected.
Mon Nov  8 16:53:22 2010 :: Sock.sinaddr:  4.225.149.240
Mon Nov  8 16:53:24 2010 :: Loading Bently.
Mon Nov  8 16:53:25 2010 :: Look out, Bently@dialup-4.225.149.240.Dial1.Cincinnati1.Level3.net has connected.
Mon Nov  8 16:53:30 2010 :: Bently has quit.
Mon Nov  8 16:53:37 2010 :: Sock.sinaddr:  4.225.149.240
Mon Nov  8 16:53:39 2010 :: Loading Xavier.
Mon Nov  8 16:53:40 2010 :: Look out, Xavier@dialup-4.225.149.240.Dial1.Cincinnati1.Level3.net has connected.
Mon Nov  8 17:03:00 2010 :: [WARNING] Telmus gtells: acho que mudaram isso
Mon Nov  8 17:04:48 2010 :: dialup-4.225.149.240.Dial1.Cincinnati1.Level3.net input spamming!
Mon Nov  8 17:06:16 2010 :: [WARNING] Elzix gtells: mudaram isso
Mon Nov  8 17:06:32 2010 :: Sock.sinaddr:  4.225.149.240
Mon Nov  8 17:06:33 2010 :: Loading Bently.
Mon Nov  8 17:06:34 2010 :: Look out, Bently@dialup-4.225.149.240.Dial1.Cincinnati1.Level3.net has connected.
Mon Nov  8 17:06:50 2010 :: Bently has quit.
Mon Nov  8 17:11:36 2010 :: Sock.sinaddr:  108.28.11.58
Mon Nov  8 17:11:44 2010 :: Loading Zendfrel.
Mon Nov  8 17:11:46 2010 :: Look out, Zendfrel@pool-108-28-11-58.washdc.fios.verizon.net has connected.
Mon Nov  8 17:19:58 2010 :: Sock.sinaddr:  24.13.28.15
Mon Nov  8 17:19:58 2010 :: Loading Nuitari.
Mon Nov  8 17:19:58 2010 :: Look out, Nuitari@c-24-13-28-15.hsd1.in.comcast.net has connected.
Mon Nov  8 17:20:18 2010 :: Log Nuitari: load obj 10667
Mon Nov  8 17:20:40 2010 :: Log Nuitari: load obj 9553
Mon Nov  8 17:20:41 2010 :: Log Nuitari: load obj 9553
Mon Nov  8 17:20:41 2010 :: Log Nuitari: load obj 9553
Mon Nov  8 17:20:42 2010 :: Log Nuitari: load obj 9553
Mon Nov  8 17:20:42 2010 :: Log Nuitari: load obj 9553
Mon Nov  8 17:20:45 2010 :: Log Nuitari: sgive bow xav
Mon Nov  8 17:20:45 2010 :: Log Nuitari: sgive bow xav
Mon Nov  8 17:20:46 2010 :: Log Nuitari: sgive bow xav
Mon Nov  8 17:20:46 2010 :: Log Nuitari: sgive bow xav
Mon Nov  8 17:20:46 2010 :: Log Nuitari: sgive bow xav
Mon Nov  8 17:27:21 2010 :: Xavier has quit.
Mon Nov  8 17:27:27 2010 :: Sock.sinaddr:  4.225.149.240
Mon Nov  8 17:27:31 2010 :: Loading Bently.
Mon Nov  8 17:27:31 2010 :: Look out, Bently@dialup-4.225.149.240.Dial1.Cincinnati1.Level3.net has connected.
Mon Nov  8 17:29:24 2010 :: Elzix has quit.
Mon Nov  8 17:29:34 2010 :: Sock.sinaddr:  188.83.14.115
Mon Nov  8 17:29:34 2010 :: Sock.sinaddr:  24.13.28.15
Mon Nov  8 17:29:35 2010 :: Loading Nayato.
Mon Nov  8 17:29:35 2010 :: Look out, Nayato@c-24-13-28-15.hsd1.in.comcast.net has connected.
Mon Nov  8 17:29:39 2010 :: Loading Raylin.
Mon Nov  8 17:29:39 2010 :: Look out, Raylin@bl18-14-115.dsl.telepac.pt has connected.
Mon Nov  8 17:29:50 2010 :: Bently has quit.
Mon Nov  8 17:29:52 2010 :: Sock.sinaddr:  4.225.149.240
Mon Nov  8 17:29:53 2010 :: Loading Xavier.
Mon Nov  8 17:29:54 2010 :: Look out, Xavier@dialup-4.225.149.240.Dial1.Cincinnati1.Level3.net has connected.
Mon Nov  8 17:31:56 2010 :: Sock.sinaddr:  161.6.150.102
Mon Nov  8 17:32:00 2010 :: Loading Delacom.
Mon Nov  8 17:32:02 2010 :: Look out, Delacom@ip102-150.wlan-zone1.WKU.EDU has connected.
Mon Nov  8 17:32:08 2010 :: Sock.sinaddr:  98.215.80.136
Mon Nov  8 17:32:13 2010 :: Loading Zarrel.
Mon Nov  8 17:32:17 2010 :: Look out, Zarrel@c-98-215-80-136.hsd1.il.comcast.net has connected.
Mon Nov  8 17:34:07 2010 :: Nayato has quit.
Mon Nov  8 17:34:13 2010 :: Sock.sinaddr:  24.13.28.15
Mon Nov  8 17:34:14 2010 :: Loading Mumul.
Mon Nov  8 17:34:14 2010 :: Look out, Mumul@c-24-13-28-15.hsd1.in.comcast.net has connected.
Mon Nov  8 17:34:55 2010 :: Sock.sinaddr:  24.13.28.15
Mon Nov  8 17:34:55 2010 :: Loading Nayato.
Mon Nov  8 17:34:56 2010 :: Look out, Nayato@c-24-13-28-15.hsd1.in.comcast.net has connected.
Mon Nov  8 17:35:11 2010 :: Nayato has quit.
Mon Nov  8 17:37:32 2010 :: Mumul has quit.
Mon Nov  8 17:37:33 2010 :: Sock.sinaddr:  24.13.28.15
Mon Nov  8 17:37:34 2010 :: Loading Mumul.
Mon Nov  8 17:37:34 2010 :: Look out, Mumul@c-24-13-28-15.hsd1.in.comcast.net has connected.
Mon Nov  8 17:37:43 2010 :: Mumul has quit.
Mon Nov  8 17:37:47 2010 :: Nuitari has quit.
Mon Nov  8 17:38:33 2010 :: Xavier has quit.
Mon Nov  8 17:38:36 2010 :: Sock.sinaddr:  4.225.149.240
Mon Nov  8 17:38:38 2010 :: Loading Bently.
Mon Nov  8 17:38:39 2010 :: Look out, Bently@dialup-4.225.149.240.Dial1.Cincinnati1.Level3.net has connected.
Mon Nov  8 17:38:40 2010 :: Raylin has quit.
Mon Nov  8 17:38:47 2010 :: Sock.sinaddr:  188.83.14.115
Mon Nov  8 17:38:49 2010 :: Loading Elzix.
Mon Nov  8 17:38:49 2010 :: Look out, Elzix@bl18-14-115.dsl.telepac.pt has connected.
Mon Nov  8 17:43:47 2010 :: Zendfrel has quit.
Mon Nov  8 17:46:42 2010 :: Delacom has quit.
Mon Nov  8 17:56:59 2010 :: Sock.sinaddr:  208.3.137.36
Mon Nov  8 17:57:01 2010 :: Loading Phiaera.
Mon Nov  8 17:57:02 2010 :: Look out, Phiaera@208.3.137.36 has connected.
Mon Nov  8 17:58:41 2010 :: Sock.sinaddr:  98.93.120.90
Mon Nov  8 17:59:03 2010 :: Loading Cormag.
Mon Nov  8 17:59:05 2010 :: Look out, Cormag@adsl-93-120-90.owb.bellsouth.net has connected.
Mon Nov  8 18:01:16 2010 :: Sock.sinaddr:  4.225.149.240
Mon Nov  8 18:01:17 2010 :: Loading Xavier.
Mon Nov  8 18:01:18 2010 :: Look out, Xavier@dialup-4.225.149.240.Dial1.Cincinnati1.Level3.net has connected.
Mon Nov  8 18:01:22 2010 :: Bently has quit.
Mon Nov  8 18:05:26 2010 :: Phiaera has quit.
Mon Nov  8 18:05:30 2010 :: Sock.sinaddr:  208.3.137.36
Mon Nov  8 18:05:33 2010 :: Loading Xavier.
Mon Nov  8 18:05:36 2010 :: EOF encountered on read.
Mon Nov  8 18:05:36 2010 :: Closing link to Xavier.
Mon Nov  8 18:05:55 2010 :: Sock.sinaddr:  208.3.137.36
Mon Nov  8 18:05:58 2010 :: Loading Andrina.
Mon Nov  8 18:05:59 2010 :: Look out, Andrina@208.3.137.36 has connected.
Mon Nov  8 18:07:41 2010 :: Sock.sinaddr:  4.225.149.240
Mon Nov  8 18:07:42 2010 :: Loading Cormag.
Mon Nov  8 18:07:43 2010 :: Cormag. Bad Password. IP: dialup-4.225.149.240.Dial1.Cincinnati1.Level3.net> Cody369
Mon Nov  8 18:07:43 2010 :: Closing link to Cormag.
Mon Nov  8 18:07:46 2010 :: Sock.sinaddr:  4.225.149.240
Mon Nov  8 18:07:48 2010 :: Loading Bently.
Mon Nov  8 18:07:49 2010 :: Look out, Bently@dialup-4.225.149.240.Dial1.Cincinnati1.Level3.net has connected.
Mon Nov  8 18:07:51 2010 :: Bently has quit.
Mon Nov  8 18:09:00 2010 :: dialup-4.225.149.240.Dial1.Cincinnati1.Level3.net input spamming!
Mon Nov  8 18:09:10 2010 :: Xavier has quit.
Mon Nov  8 18:09:15 2010 :: Sock.sinaddr:  4.225.149.240
Mon Nov  8 18:09:16 2010 :: Loading Bently.
Mon Nov  8 18:09:17 2010 :: Look out, Bently@dialup-4.225.149.240.Dial1.Cincinnati1.Level3.net has connected.
Mon Nov  8 18:11:49 2010 :: Bently has quit.
Mon Nov  8 18:11:50 2010 :: Sock.sinaddr:  4.225.149.240
Mon Nov  8 18:11:51 2010 :: Loading Xavier.
Mon Nov  8 18:11:52 2010 :: Look out, Xavier@dialup-4.225.149.240.Dial1.Cincinnati1.Level3.net has connected.
Mon Nov  8 18:21:26 2010 :: Sock.sinaddr:  4.225.149.240
Mon Nov  8 18:21:27 2010 :: Loading Bently.
Mon Nov  8 18:21:29 2010 :: Look out, Bently@dialup-4.225.149.240.Dial1.Cincinnati1.Level3.net has connected.
Mon Nov  8 18:22:17 2010 :: Xavier has quit.
Mon Nov  8 18:23:20 2010 :: Bently has quit.
Mon Nov  8 18:23:21 2010 :: Sock.sinaddr:  4.225.149.240
Mon Nov  8 18:23:24 2010 :: Sock.sinaddr:  4.225.149.240
Mon Nov  8 18:23:25 2010 :: Loading Xavier.
Mon Nov  8 18:23:27 2010 :: Look out, Xavier@dialup-4.225.149.240.Dial1.Cincinnati1.Level3.net has connected.
Mon Nov  8 18:26:15 2010 :: Sock.sinaddr:  4.225.149.240
Mon Nov  8 18:26:18 2010 :: Loading Bently.
Mon Nov  8 18:26:19 2010 :: Look out, Bently@dialup-4.225.149.240.Dial1.Cincinnati1.Level3.net has connected.
Mon Nov  8 18:26:21 2010 :: Andrina has quit.
Mon Nov  8 18:26:35 2010 :: Xavier has quit.
Mon Nov  8 18:27:30 2010 :: Cormag has quit.
Mon Nov  8 18:27:31 2010 :: Sock.sinaddr:  98.93.120.90
Mon Nov  8 18:27:33 2010 :: Loading Shay.
Mon Nov  8 18:27:34 2010 :: Look out, Shay@adsl-93-120-90.owb.bellsouth.net has connected.
Mon Nov  8 18:31:27 2010 :: Shay has quit.
Mon Nov  8 18:31:28 2010 :: Sock.sinaddr:  98.93.120.90
Mon Nov  8 18:31:32 2010 :: Loading Destery.
Mon Nov  8 18:31:34 2010 :: Look out, Destery@adsl-93-120-90.owb.bellsouth.net has connected.
Mon Nov  8 18:40:05 2010 :: Destery gained level 30
Mon Nov  8 18:42:17 2010 :: adsl-93-120-90.owb.bellsouth.net input spamming!
Mon Nov  8 18:43:57 2010 :: adsl-93-120-90.owb.bellsouth.net input spamming!
Mon Nov  8 18:44:22 2010 :: Elzix has quit.
Mon Nov  8 18:45:17 2010 :: Bently gained level 22
Mon Nov  8 18:46:44 2010 :: Telmus has quit.
Mon Nov  8 18:46:59 2010 :: Bently gained level 23
Mon Nov  8 18:47:03 2010 :: Sock.sinaddr:  84.91.41.142
Mon Nov  8 18:47:38 2010 :: Destery gained level 31
Mon Nov  8 18:49:20 2010 :: Loading Antonius.
Mon Nov  8 18:49:24 2010 :: Look out, Antonius@sm2-84-91-41-142.netvisao.pt has connected.
Mon Nov  8 18:49:28 2010 :: Antonius has initialized Protocol 75!
Mon Nov  8 18:49:59 2010 :: Bently gained level 24
Mon Nov  8 18:50:24 2010 :: EOF encountered on read.
Mon Nov  8 18:50:24 2010 :: Closing link to Antonius.
Mon Nov  8 18:50:36 2010 :: Sock.sinaddr:  84.91.41.142
Mon Nov  8 18:50:36 2010 :: Loading Antonius.
Mon Nov  8 18:50:37 2010 :: Antonius@sm2-84-91-41-142.netvisao.pt reconnected.
Mon Nov  8 18:53:01 2010 :: Destery gained level 32
Mon Nov  8 18:53:01 2010 :: Bently gained level 25
Mon Nov  8 18:56:03 2010 :: Antonius has quit.
Mon Nov  8 18:56:16 2010 :: Bently killed by a sailor at 17783
Mon Nov  8 18:58:05 2010 :: adsl-93-120-90.owb.bellsouth.net input spamming!
Mon Nov  8 19:00:48 2010 :: Destery has quit.
Mon Nov  8 19:00:49 2010 :: Sock.sinaddr:  98.93.120.90
Mon Nov  8 19:00:52 2010 :: Loading Manikel.
Mon Nov  8 19:00:53 2010 :: Manikel. Bad Password. IP: adsl-93-120-90.owb.bellsouth.net> kick
Mon Nov  8 19:00:53 2010 :: Closing link to Manikel.
Mon Nov  8 19:00:55 2010 :: Sock.sinaddr:  98.93.120.90
Mon Nov  8 19:01:10 2010 :: Loading Manikel.
Mon Nov  8 19:01:10 2010 :: Look out, Manikel@adsl-93-120-90.owb.bellsouth.net has connected.
Mon Nov  8 19:01:14 2010 :: Manikel has quit.
Mon Nov  8 19:01:15 2010 :: Sock.sinaddr:  98.93.120.90
Mon Nov  8 19:01:35 2010 :: Loading Masque.
Mon Nov  8 19:01:36 2010 :: Look out, Masque@adsl-93-120-90.owb.bellsouth.net has connected.
Mon Nov  8 19:01:40 2010 :: Masque has quit.
Mon Nov  8 19:01:52 2010 :: Sock.sinaddr:  98.93.120.90
Mon Nov  8 19:02:00 2010 :: Loading Destery.
Mon Nov  8 19:02:01 2010 :: Look out, Destery@adsl-93-120-90.owb.bellsouth.net has connected.
Mon Nov  8 19:04:43 2010 :: Sock.sinaddr:  66.57.202.149
Mon Nov  8 19:04:45 2010 :: Loading Reorx.
Mon Nov  8 19:04:47 2010 :: Look out, Reorx@cpe-066-057-202-149.sc.res.rr.com has connected.
Mon Nov  8 19:04:52 2010 :: Reorx has quit.
Mon Nov  8 19:07:10 2010 :: Sock.sinaddr:  24.88.107.233
Mon Nov  8 19:07:13 2010 :: Loading Chemosh.
Mon Nov  8 19:07:14 2010 :: Look out, Chemosh@cpe-024-088-107-233.sc.res.rr.com has connected.
Mon Nov  8 19:07:21 2010 :: Bently gained level 26
Mon Nov  8 19:08:12 2010 :: Destery gained level 33
Mon Nov  8 19:09:33 2010 :: Destery has quit.
Mon Nov  8 19:09:35 2010 :: Sock.sinaddr:  98.93.120.90
Mon Nov  8 19:09:36 2010 :: Loading Cormag.
Mon Nov  8 19:09:37 2010 :: Look out, Cormag@adsl-93-120-90.owb.bellsouth.net has connected.
Mon Nov  8 19:10:02 2010 :: Cormag has quit.
Mon Nov  8 19:10:04 2010 :: Sock.sinaddr:  98.93.120.90
Mon Nov  8 19:10:15 2010 :: Loading Destery.
Mon Nov  8 19:10:16 2010 :: Look out, Destery@adsl-93-120-90.owb.bellsouth.net has connected.
Mon Nov  8 19:11:56 2010 :: dialup-4.225.149.240.Dial1.Cincinnati1.Level3.net input spamming!
Mon Nov  8 19:12:55 2010 :: Bently gained level 27
Mon Nov  8 19:13:30 2010 :: Destery has quit.
Mon Nov  8 19:13:31 2010 :: Sock.sinaddr:  98.93.120.90
Mon Nov  8 19:13:33 2010 :: Loading Shay.
Mon Nov  8 19:13:34 2010 :: Look out, Shay@adsl-93-120-90.owb.bellsouth.net has connected.
Mon Nov  8 19:16:04 2010 :: Sock.sinaddr:  161.6.150.102
Mon Nov  8 19:16:06 2010 :: Loading Delacom.
Mon Nov  8 19:16:10 2010 :: Look out, Delacom@ip102-150.wlan-zone1.WKU.EDU has connected.
Mon Nov  8 19:17:42 2010 :: Sock.sinaddr:  74.47.152.176
Mon Nov  8 19:17:51 2010 :: EOF encountered on read.
Mon Nov  8 19:17:56 2010 :: Bently gained level 28
Mon Nov  8 19:19:23 2010 :: Zarrel has quit.
Mon Nov  8 19:19:25 2010 :: Sock.sinaddr:  98.215.80.136
Mon Nov  8 19:19:32 2010 :: Loading Zeath.
Mon Nov  8 19:19:35 2010 :: Look out, Zeath@c-98-215-80-136.hsd1.il.comcast.net has connected.
Mon Nov  8 19:23:28 2010 :: Zeath gained level 39
Mon Nov  8 19:25:07 2010 :: Bently gained level 29
Mon Nov  8 19:25:07 2010 :: Shay gained level 38
Mon Nov  8 19:28:23 2010 :: adsl-93-120-90.owb.bellsouth.net input spamming!
Mon Nov  8 19:31:10 2010 :: Shay killed by a beggar at 17815
Mon Nov  8 19:33:05 2010 :: [WARNING] Bently gtells: {Y>>>{DNIFF{Y<<< {G hows that new mud coming by the way? the one where u left with sirrion and his cousin to make, and steal the entire idea and concept of krynn with all ur tp vets
Mon Nov  8 19:33:07 2010 :: adsl-93-120-90.owb.bellsouth.net input spamming!
Mon Nov  8 19:38:39 2010 :: adsl-93-120-90.owb.bellsouth.net input spamming!
Mon Nov  8 19:38:57 2010 :: Sock.sinaddr:  4.225.144.41
Mon Nov  8 19:38:59 2010 :: Loading Bently.
Mon Nov  8 19:39:02 2010 :: Closing link to Bently.
Mon Nov  8 19:39:02 2010 :: Bently@dialup-4.225.144.41.Dial1.Cincinnati1.Level3.net reconnected.
Mon Nov  8 19:39:45 2010 :: Delacom has quit.
Mon Nov  8 19:40:19 2010 :: adsl-93-120-90.owb.bellsouth.net input spamming!
Mon Nov  8 19:41:59 2010 :: adsl-93-120-90.owb.bellsouth.net input spamming!
Mon Nov  8 19:43:39 2010 :: adsl-93-120-90.owb.bellsouth.net input spamming!
Mon Nov  8 19:47:48 2010 :: Sock.sinaddr:  188.83.14.115
Mon Nov  8 19:48:01 2010 :: Loading Elzix.
Mon Nov  8 19:48:02 2010 :: Look out, Elzix@bl18-14-115.dsl.telepac.pt has connected.
Mon Nov  8 19:48:26 2010 :: Elzix has quit.
Mon Nov  8 19:48:31 2010 :: Bently gained level 30
Mon Nov  8 19:57:24 2010 :: adsl-93-120-90.owb.bellsouth.net input spamming!
Mon Nov  8 19:59:03 2010 :: adsl-93-120-90.owb.bellsouth.net input spamming!
Mon Nov  8 20:02:37 2010 :: Bently has quit.
Mon Nov  8 20:03:15 2010 :: adsl-93-120-90.owb.bellsouth.net input spamming!
Mon Nov  8 20:06:22 2010 :: Shay has quit.
Mon Nov  8 20:06:24 2010 :: Sock.sinaddr:  98.93.120.90
Mon Nov  8 20:06:42 2010 :: Loading Masque.
Mon Nov  8 20:06:43 2010 :: Look out, Masque@adsl-93-120-90.owb.bellsouth.net has connected.
Mon Nov  8 20:10:58 2010 :: Zeath has quit.
Mon Nov  8 20:10:59 2010 :: Sock.sinaddr:  98.215.80.136
Mon Nov  8 20:11:07 2010 :: Loading Zarrel.
Mon Nov  8 20:11:11 2010 :: Look out, Zarrel@c-98-215-80-136.hsd1.il.comcast.net has connected.
Mon Nov  8 20:13:31 2010 :: EOF encountered on read.
Mon Nov  8 20:13:31 2010 :: Closing link to Masque.
Mon Nov  8 20:13:32 2010 :: Sock.sinaddr:  98.93.120.90
Mon Nov  8 20:13:48 2010 :: Loading Masque.
Mon Nov  8 20:13:49 2010 :: Masque@adsl-93-120-90.owb.bellsouth.net reconnected.
Mon Nov  8 20:14:55 2010 :: EOF encountered on read.
Mon Nov  8 20:14:55 2010 :: Closing link to Masque.
Mon Nov  8 20:15:02 2010 :: Sock.sinaddr:  98.93.120.90
Mon Nov  8 20:15:06 2010 :: Loading Keldon.
Mon Nov  8 20:15:07 2010 :: Look out, Keldon@adsl-93-120-90.owb.bellsouth.net has connected.
Mon Nov  8 20:15:30 2010 :: Keldon has quit.
Mon Nov  8 20:15:32 2010 :: Sock.sinaddr:  98.93.120.90
Mon Nov  8 20:15:34 2010 :: Loading Masque.
Mon Nov  8 20:15:35 2010 :: Masque@adsl-93-120-90.owb.bellsouth.net reconnected.
Mon Nov  8 20:16:10 2010 :: EOF encountered on read.
Mon Nov  8 20:16:10 2010 :: Closing link to Masque.
Mon Nov  8 20:16:11 2010 :: Sock.sinaddr:  98.93.120.90
Mon Nov  8 20:16:16 2010 :: Loading Masque.
Mon Nov  8 20:16:16 2010 :: Masque@adsl-93-120-90.owb.bellsouth.net reconnected.
Mon Nov  8 20:24:39 2010 :: Sock.sinaddr:  204.95.56.20
Mon Nov  8 20:24:44 2010 :: Loading Cherun.
Mon Nov  8 20:24:45 2010 :: Look out, Cherun@204.95.56.20 has connected.
Mon Nov  8 20:27:32 2010 :: Cherun has quit.
Mon Nov  8 20:29:54 2010 :: Sock.sinaddr:  24.13.28.15
Mon Nov  8 20:29:55 2010 :: Loading Nuitari.
Mon Nov  8 20:29:55 2010 :: Look out, Nuitari@c-24-13-28-15.hsd1.in.comcast.net has connected.
Mon Nov  8 20:41:19 2010 :: Masque gained level 46
Mon Nov  8 20:44:46 2010 :: Zarrel gained level 45
Mon Nov  8 20:45:03 2010 :: Nuitari has quit.
Mon Nov  8 20:56:34 2010 :: EOF encountered on read.
Mon Nov  8 20:56:34 2010 :: Closing link to Masque.
Mon Nov  8 20:56:40 2010 :: Sock.sinaddr:  98.93.120.90
Mon Nov  8 20:56:53 2010 :: Loading Masque.
Mon Nov  8 20:56:58 2010 :: Masque@adsl-93-120-90.owb.bellsouth.net reconnected.
Mon Nov  8 21:02:40 2010 :: EOF encountered on read.
Mon Nov  8 21:02:40 2010 :: Closing link to Masque.
Mon Nov  8 21:02:42 2010 :: Sock.sinaddr:  98.93.120.90
Mon Nov  8 21:02:44 2010 :: Loading Shivask.
Mon Nov  8 21:02:45 2010 :: Look out, Shivask@adsl-93-120-90.owb.bellsouth.net has connected.
Mon Nov  8 21:02:58 2010 :: Shivask has quit.
Mon Nov  8 21:03:03 2010 :: Sock.sinaddr:  98.93.120.90
Mon Nov  8 21:03:09 2010 :: Loading Masque.
Mon Nov  8 21:03:10 2010 :: Masque@adsl-93-120-90.owb.bellsouth.net reconnected.
Mon Nov  8 21:05:21 2010 :: EOF encountered on read.
Mon Nov  8 21:05:21 2010 :: Closing link to Masque.
Mon Nov  8 21:05:22 2010 :: Sock.sinaddr:  98.93.120.90
Mon Nov  8 21:05:24 2010 :: Loading Masque.
Mon Nov  8 21:05:25 2010 :: Masque@adsl-93-120-90.owb.bellsouth.net reconnected.
Mon Nov  8 21:14:15 2010 :: Sock.sinaddr:  74.171.93.18
Mon Nov  8 21:14:18 2010 :: Loading Sinjin.
Mon Nov  8 21:14:19 2010 :: Look out, Sinjin@adsl-074-171-093-018.sip.ags.bellsouth.net has connected.
Read_from_descriptor: Connection reset by peer
Mon Nov  8 21:24:57 2010 :: Closing link to Chemosh.
Mon Nov  8 21:25:00 2010 :: Sock.sinaddr:  24.88.107.233
Mon Nov  8 21:25:02 2010 :: Loading Chemosh.
Mon Nov  8 21:25:03 2010 :: Chemosh@cpe-024-088-107-233.sc.res.rr.com reconnected.
Mon Nov  8 21:25:35 2010 :: Sock.sinaddr:  24.88.107.233
Mon Nov  8 21:25:39 2010 :: Loading Theriss.
Mon Nov  8 21:25:41 2010 :: Look out, Theriss@cpe-024-088-107-233.sc.res.rr.com has connected.
Mon Nov  8 21:29:22 2010 :: Masque has quit.
Mon Nov  8 21:38:16 2010 :: Sock.sinaddr:  24.88.107.233
Mon Nov  8 21:38:27 2010 :: Loading Mhalrick.
Mon Nov  8 21:38:44 2010 :: Look out, Mhalrick@cpe-024-088-107-233.sc.res.rr.com has connected.
Mon Nov  8 21:39:51 2010 :: Sinjin has quit.
Mon Nov  8 21:39:51 2010 :: [*****] BUG: update_char: Trying to work with an invalidated character.

Mon Nov  8 21:39:57 2010 :: Sock.sinaddr:  74.171.93.18
Mon Nov  8 21:39:59 2010 :: Loading Sinjin.
Mon Nov  8 21:40:00 2010 :: Look out, Sinjin@adsl-074-171-093-018.sip.ags.bellsouth.net has connected.
Mon Nov  8 21:55:43 2010 :: Theriss has quit.
Mon Nov  8 21:55:46 2010 :: Sock.sinaddr:  24.88.107.233
Mon Nov  8 21:55:51 2010 :: Loading Xanzabar.
Mon Nov  8 21:55:53 2010 :: Look out, Xanzabar@cpe-024-088-107-233.sc.res.rr.com has connected.
Mon Nov  8 22:01:08 2010 :: Zarrel has quit.
Mon Nov  8 22:01:09 2010 :: Sock.sinaddr:  98.215.80.136
Mon Nov  8 22:01:19 2010 :: Loading Zeath.
Mon Nov  8 22:02:57 2010 :: Look out, Zeath@c-98-215-80-136.hsd1.il.comcast.net has connected.
Mon Nov  8 22:14:08 2010 :: Sock.sinaddr:  66.254.236.53
Mon Nov  8 22:14:09 2010 :: Loading Rayo.
Mon Nov  8 22:14:10 2010 :: Look out, Rayo@nd-66-254-236-53.nat.nd.edu has connected.
Mon Nov  8 22:14:15 2010 :: Rayo has quit.
Mon Nov  8 22:20:30 2010 :: Log Chemosh: laston sebastian
Mon Nov  8 22:20:38 2010 :: Sinjin has quit.
Mon Nov  8 22:20:48 2010 :: Xanzabar has quit.
Mon Nov  8 22:24:20 2010 :: Sock.sinaddr:  98.93.120.90
Mon Nov  8 22:24:22 2010 :: Loading Cormag.
Mon Nov  8 22:24:24 2010 :: Look out, Cormag@adsl-93-120-90.owb.bellsouth.net has connected.
Mon Nov  8 22:24:33 2010 :: Cormag has quit.
Mon Nov  8 22:24:35 2010 :: Sock.sinaddr:  98.93.120.90
Mon Nov  8 22:25:38 2010 :: Loading Masque.
Mon Nov  8 22:25:40 2010 :: Look out, Masque@adsl-93-120-90.owb.bellsouth.net has connected.
Mon Nov  8 22:26:33 2010 :: Masque has quit.
Mon Nov  8 22:30:53 2010 :: Sock.sinaddr:  75.81.220.12
Mon Nov  8 22:31:09 2010 :: Loading Alia.
Mon Nov  8 22:31:11 2010 :: Look out, Alia@cpe-75-81-220-12.we.res.rr.com has connected.
Mon Nov  8 22:42:16 2010 :: Zeath has quit.
Mon Nov  8 23:08:30 2010 :: Mhalrick has quit.
Read_from_descriptor: Connection timed out
Mon Nov  8 23:26:51 2010 :: Closing link to Chemosh.
Mon Nov  8 23:41:58 2010 :: Sock.sinaddr:  24.88.107.233
Mon Nov  8 23:42:00 2010 :: Loading Chemosh.
Mon Nov  8 23:42:02 2010 :: Chemosh@cpe-024-088-107-233.sc.res.rr.com reconnected.
Mon Nov  8 23:42:22 2010 :: Sock.sinaddr:  24.88.107.233
Mon Nov  8 23:42:25 2010 :: Loading Mhalrick.
Mon Nov  8 23:42:27 2010 :: Look out, Mhalrick@cpe-024-088-107-233.sc.res.rr.com has connected.
Mon Nov  8 23:42:50 2010 :: Log Chemosh: apurge mhal
Mon Nov  8 23:42:54 2010 :: Log Chemosh: switch celest
Mon Nov  8 23:44:35 2010 :: Log Chemosh: transfer mhalrick 17841
Mon Nov  8 23:48:07 2010 :: Log Chemosh: switch celest
Mon Nov  8 23:48:20 2010 :: Sock.sinaddr:  71.204.82.101
Mon Nov  8 23:48:24 2010 :: Loading Shinn.
Mon Nov  8 23:48:26 2010 :: Look out, Shinn@c-71-204-82-101.hsd1.ga.comcast.net has connected.
Mon Nov  8 23:49:10 2010 :: Shinn has quit.
Mon Nov  8 23:49:35 2010 :: EOF encountered on read.
Mon Nov  8 23:49:35 2010 :: Closing link to Mhalrick.
Mon Nov  8 23:49:49 2010 :: Sock.sinaddr:  24.88.107.233
Mon Nov  8 23:50:09 2010 :: Loading Mhalrick.
Mon Nov  8 23:50:10 2010 :: Mhalrick@cpe-024-088-107-233.sc.res.rr.com reconnected.
Mon Nov  8 23:52:49 2010 :: Log Chemosh: transfer mhalrick 19003
Mon Nov  8 23:56:15 2010 :: Sock.sinaddr:  204.209.44.14
Write_to_descriptor: Broken pipe
Write_to_descriptor: Broken pipe
Write_to_descriptor: Broken pipe
Write_to_descriptor: Broken pipe
Write_to_descriptor: Broken pipe
Write_to_descriptor: Broken pipe
Write_to_descriptor: Broken pipe
Mon Nov  8 23:56:15 2010 :: EOF encountered on read.
Mon Nov  8 23:56:15 2010 :: EOF encountered on read.
Tue Nov  9 00:03:19 2010 :: Log Chemosh: transfer mhalrick 19105
Tue Nov  9 00:03:59 2010 :: Alia gained level 43
Tue Nov  9 00:04:56 2010 :: Mhalrick gained level 51
Tue Nov  9 00:09:03 2010 :: Alia killed by a shadow at 4858
Tue Nov  9 00:10:57 2010 :: cpe-024-088-107-233.sc.res.rr.com input spamming!
Tue Nov  9 00:14:21 2010 :: Sock.sinaddr:  98.215.80.136
Tue Nov  9 00:14:51 2010 :: Loading Zeath.
Tue Nov  9 00:14:56 2010 :: Look out, Zeath@c-98-215-80-136.hsd1.il.comcast.net has connected.
Tue Nov  9 00:15:39 2010 :: Zeath has initialized Protocol 75!
Tue Nov  9 00:16:11 2010 :: Sock.sinaddr:  75.135.169.112
Tue Nov  9 00:16:12 2010 :: EOF encountered on read.
Tue Nov  9 00:18:54 2010 :: EOF encountered on read.
Tue Nov  9 00:18:54 2010 :: Closing link to Zeath.
Tue Nov  9 00:24:52 2010 :: Alia gained level 44
Tue Nov  9 00:28:21 2010 :: Mhalrick gained level 52
Tue Nov  9 00:30:09 2010 :: [*****] BUG: Extract_obj: obj 10 not found.
Tue Nov  9 00:30:09 2010 :: [*****] BUG: Extract_obj: obj 10 not found.
Tue Nov  9 00:30:09 2010 :: [*****] BUG: Extract_obj: obj 10 not found.
Tue Nov  9 00:30:09 2010 :: [*****] BUG: Extract_obj: obj 10 not found.
Tue Nov  9 00:30:09 2010 :: [*****] BUG: Extract_obj: obj 10 not found.
Tue Nov  9 00:30:09 2010 :: [*****] BUG: Extract_obj: obj 10 not found.
Tue Nov  9 00:30:09 2010 :: [*****] BUG: Extract_obj: obj 10 not found.
Tue Nov  9 00:30:09 2010 :: [*****] BUG: Extract_obj: obj 10 not found.
Tue Nov  9 00:30:09 2010 :: [*****] BUG: Extract_obj: obj 10 not found.
Tue Nov  9 00:30:09 2010 :: [*****] BUG: Extract_obj: obj 10 not found.
Tue Nov  9 00:30:09 2010 :: [*****] BUG: Extract_obj: obj 10 not found.
Tue Nov  9 00:34:08 2010 :: Alia gained level 45
Tue Nov  9 00:34:39 2010 :: Zeath has quit.
Tue Nov  9 00:45:56 2010 :: [*****] BUG: Extract_obj: obj 10 not found.
Tue Nov  9 00:45:56 2010 :: [*****] BUG: Extract_obj: obj 10 not found.
Tue Nov  9 00:45:56 2010 :: [*****] BUG: Extract_obj: obj 10 not found.
Tue Nov  9 00:45:56 2010 :: [*****] BUG: Extract_obj: obj 17 not found.
Tue Nov  9 00:45:56 2010 :: [*****] BUG: Extract_obj: obj 10 not found.
Tue Nov  9 00:45:56 2010 :: [*****] BUG: Extract_obj: obj 10 not found.
Tue Nov  9 00:45:56 2010 :: [*****] BUG: Extract_obj: obj 16 not found.
Tue Nov  9 00:45:56 2010 :: [*****] BUG: Extract_obj: obj 10 not found.
Tue Nov  9 00:45:56 2010 :: [*****] BUG: Extract_obj: obj 16 not found.
Tue Nov  9 00:45:56 2010 :: [*****] BUG: Extract_obj: obj 10 not found.
Tue Nov  9 00:45:56 2010 :: [*****] BUG: Extract_obj: obj 10 not found.
Tue Nov  9 00:45:56 2010 :: [*****] BUG: Extract_obj: obj 15 not found.
Tue Nov  9 00:45:56 2010 :: [*****] BUG: Extract_obj: obj 13 not found.
Tue Nov  9 00:45:56 2010 :: [*****] BUG: Extract_obj: obj 10 not found.
Tue Nov  9 00:46:27 2010 :: Alia gained level 46
Tue Nov  9 00:50:48 2010 :: Mhalrick gained level 53
Tue Nov  9 00:54:56 2010 :: cpe-024-088-107-233.sc.res.rr.com input spamming!
Tue Nov  9 00:57:19 2010 :: Alia gained level 47
Tue Nov  9 01:02:04 2010 :: cpe-024-088-107-233.sc.res.rr.com input spamming!
Tue Nov  9 01:05:19 2010 :: Sock.sinaddr:  67.191.180.95
Tue Nov  9 01:05:22 2010 :: Loading Skravir.
Tue Nov  9 01:05:23 2010 :: Look out, Skravir@c-67-191-180-95.hsd1.ga.comcast.net has connected.
Tue Nov  9 01:05:30 2010 :: Skravir has quit.
Tue Nov  9 01:07:45 2010 :: Log Chemosh: switch celest
Tue Nov  9 01:21:20 2010 :: Mhalrick gained level 54
Tue Nov  9 01:21:42 2010 :: Alia gained level 48
Tue Nov  9 01:33:40 2010 :: Alia gained level 49
Tue Nov  9 01:39:19 2010 :: Mhalrick gained level 55
Tue Nov  9 01:41:25 2010 :: [*****] BUG: Extract_obj: obj 10 not found.
Tue Nov  9 01:41:25 2010 :: [*****] BUG: Extract_obj: obj 16 not found.
Tue Nov  9 01:41:25 2010 :: [*****] BUG: Extract_obj: obj 10 not found.
Tue Nov  9 01:41:25 2010 :: [*****] BUG: Extract_obj: obj 13 not found.
Tue Nov  9 01:41:25 2010 :: [*****] BUG: Extract_obj: obj 10 not found.
Tue Nov  9 01:41:25 2010 :: [*****] BUG: Extract_obj: obj 13 not found.
Tue Nov  9 01:41:25 2010 :: [*****] BUG: Extract_obj: obj 17 not found.
Tue Nov  9 01:41:25 2010 :: [*****] BUG: Extract_obj: obj 10 not found.
Tue Nov  9 01:41:25 2010 :: [*****] BUG: Extract_obj: obj 10 not found.
Tue Nov  9 01:41:25 2010 :: [*****] BUG: Extract_obj: obj 10 not found.
Tue Nov  9 01:41:25 2010 :: [*****] BUG: Extract_obj: obj 10 not found.
Tue Nov  9 01:41:25 2010 :: [*****] BUG: Extract_obj: obj 17 not found.
Tue Nov  9 01:41:25 2010 :: [*****] BUG: Extract_obj: obj 10 not found.
Tue Nov  9 01:41:25 2010 :: [*****] BUG: Extract_obj: obj 16 not found.
Tue Nov  9 01:41:25 2010 :: [*****] BUG: Extract_obj: obj 10 not found.
Tue Nov  9 01:41:25 2010 :: [*****] BUG: Extract_obj: obj 10 not found.
Tue Nov  9 01:41:25 2010 :: [*****] BUG: Extract_obj: obj 15 not found.
Tue Nov  9 01:41:25 2010 :: [*****] BUG: Extract_obj: obj 10 not found.
Tue Nov  9 01:41:52 2010 :: Log Chemosh: laston kolf
Tue Nov  9 01:46:17 2010 :: Alia gained level 50
Tue Nov  9 01:58:33 2010 :: Mhalrick gained level 56
Tue Nov  9 02:00:09 2010 :: Alia gained level 51
Tue Nov  9 02:01:48 2010 :: Alia has quit.
Tue Nov  9 02:02:20 2010 :: Log Chemosh: transfer mhalrick 1977
Tue Nov  9 02:02:51 2010 :: Sock.sinaddr:  24.100.164.44
Tue Nov  9 02:02:52 2010 :: Loading Kolf.
Tue Nov  9 02:02:53 2010 :: Look out, Kolf@24.100.164.44 has connected.
Tue Nov  9 02:03:53 2010 :: Log Chemosh: transfer mhal 3147
Tue Nov  9 02:04:54 2010 :: Log Chemosh: transfer mhal 1977
Tue Nov  9 02:05:02 2010 :: Kolf has quit.
Tue Nov  9 02:12:20 2010 :: Log Chemosh: apurge mhal
Tue Nov  9 02:14:05 2010 :: Sock.sinaddr:  24.13.28.15
Tue Nov  9 02:14:06 2010 :: Loading Nuitari.
Tue Nov  9 02:14:06 2010 :: Look out, Nuitari@c-24-13-28-15.hsd1.in.comcast.net has connected.
Tue Nov  9 02:14:31 2010 :: Log Chemosh: switch celest
Tue Nov  9 02:14:57 2010 :: Sock.sinaddr:  24.13.28.15
Tue Nov  9 02:14:57 2010 :: Loading Backarus.
Tue Nov  9 02:14:57 2010 :: Look out, Backarus@c-24-13-28-15.hsd1.in.comcast.net has connected.
Tue Nov  9 02:23:43 2010 :: Backarus has quit.
Tue Nov  9 02:23:45 2010 :: Nuitari has quit.
Tue Nov  9 02:53:05 2010 :: Mhalrick has quit.
Tue Nov  9 02:53:09 2010 :: Chemosh has quit.
Tue Nov  9 04:15:42 2010 :: Sock.sinaddr:  89.152.20.157
Tue Nov  9 04:15:43 2010 :: Loading Solinari.
Tue Nov  9 04:15:43 2010 :: Look out, Solinari@a89-152-20-157.cpe.netcabo.pt has connected.
Tue Nov  9 04:16:26 2010 :: Log Solinari: switch ce
Tue Nov  9 04:49:14 2010 :: Sock.sinaddr:  89.152.20.157
Tue Nov  9 04:49:15 2010 :: Loading Solinari.
Tue Nov  9 04:49:15 2010 :: Closing link to Solinari.
Tue Nov  9 04:49:15 2010 :: Solinari@a89-152-20-157.cpe.netcabo.pt reconnected.
Tue Nov  9 05:16:25 2010 :: Solinari has quit.
Tue Nov  9 05:20:15 2010 :: Sock.sinaddr:  89.152.20.157
Tue Nov  9 05:20:15 2010 :: Loading Solinari.
Tue Nov  9 05:20:15 2010 :: Look out, Solinari@a89-152-20-157.cpe.netcabo.pt has connected.
Tue Nov  9 05:23:02 2010 :: Solinari has quit.
Tue Nov  9 05:24:52 2010 :: Sock.sinaddr:  161.6.150.102
Tue Nov  9 05:24:54 2010 :: Loading Delacom.
Tue Nov  9 05:24:55 2010 :: Look out, Delacom@ip102-150.wlan-zone1.WKU.EDU has connected.
Tue Nov  9 05:25:00 2010 :: Delacom has quit.
Tue Nov  9 05:26:42 2010 :: Sock.sinaddr:  193.136.60.13
Tue Nov  9 05:26:44 2010 :: Closing link to Argoth.
Tue Nov  9 05:26:50 2010 :: Sock.sinaddr:  193.136.60.13
Tue Nov  9 05:26:51 2010 :: Loading Kulox.
Tue Nov  9 05:26:51 2010 :: Look out, Kulox@priv-gw.isep.ipp.pt has connected.
Tue Nov  9 05:31:25 2010 :: Kulox has quit.
Tue Nov  9 05:31:30 2010 :: Sock.sinaddr:  193.136.60.13
Tue Nov  9 05:31:30 2010 :: Loading Mayerik.
Tue Nov  9 05:31:30 2010 :: Look out, Mayerik@priv-gw.isep.ipp.pt has connected.
Tue Nov  9 05:43:52 2010 :: Sock.sinaddr:  98.93.120.90
Tue Nov  9 05:43:55 2010 :: Loading Cormag.
Tue Nov  9 05:43:58 2010 :: Look out, Cormag@adsl-93-120-90.owb.bellsouth.net has connected.
Tue Nov  9 05:57:43 2010 :: [*****] BUG: Extract_obj: obj 10 not found.
Tue Nov  9 05:57:43 2010 :: [*****] BUG: Extract_obj: obj 15 not found.
Tue Nov  9 05:57:43 2010 :: [*****] BUG: Extract_obj: obj 10 not found.
Tue Nov  9 05:57:43 2010 :: [*****] BUG: Extract_obj: obj 16 not found.
Tue Nov  9 05:57:43 2010 :: [*****] BUG: Extract_obj: obj 10 not found.
Tue Nov  9 05:57:43 2010 :: [*****] BUG: Extract_obj: obj 10 not found.
Tue Nov  9 05:57:43 2010 :: [*****] BUG: Extract_obj: obj 10 not found.
Tue Nov  9 05:57:43 2010 :: [*****] BUG: Extract_obj: obj 10 not found.
Tue Nov  9 05:57:43 2010 :: [*****] BUG: Extract_obj: obj 15 not found.
Tue Nov  9 05:57:43 2010 :: [*****] BUG: Extract_obj: obj 16 not found.
Tue Nov  9 05:57:43 2010 :: [*****] BUG: Extract_obj: obj 13 not found.
Tue Nov  9 05:57:43 2010 :: [*****] BUG: Extract_obj: obj 10 not found.
Tue Nov  9 06:00:43 2010 :: Cormag has quit.
Tue Nov  9 06:05:35 2010 :: Sock.sinaddr:  98.93.120.90
Tue Nov  9 06:05:37 2010 :: Loading Cormag.
Tue Nov  9 06:05:38 2010 :: Look out, Cormag@adsl-93-120-90.owb.bellsouth.net has connected.
Tue Nov  9 06:15:36 2010 :: EOF encountered on read.
Tue Nov  9 06:15:36 2010 :: Closing link to Cormag.
Tue Nov  9 06:15:37 2010 :: Sock.sinaddr:  98.93.120.90
Tue Nov  9 06:15:45 2010 :: Loading Cormag.
Tue Nov  9 06:15:47 2010 :: Cormag@adsl-93-120-90.owb.bellsouth.net reconnected.
Tue Nov  9 06:23:22 2010 :: EOF encountered on read.
Tue Nov  9 06:23:22 2010 :: Closing link to Cormag.
Tue Nov  9 06:23:23 2010 :: Sock.sinaddr:  98.93.120.90
Tue Nov  9 06:23:25 2010 :: Loading Cormag.
Tue Nov  9 06:23:26 2010 :: Cormag@adsl-93-120-90.owb.bellsouth.net reconnected.
Tue Nov  9 06:34:58 2010 :: EOF encountered on read.
Tue Nov  9 06:34:58 2010 :: Closing link to Cormag.
Tue Nov  9 06:34:59 2010 :: Sock.sinaddr:  98.93.120.90
Tue Nov  9 06:35:00 2010 :: Loading Cormag.
Tue Nov  9 06:35:01 2010 :: Cormag@adsl-93-120-90.owb.bellsouth.net reconnected.
Tue Nov  9 06:43:05 2010 :: Sock.sinaddr:  89.152.20.157
Tue Nov  9 06:43:05 2010 :: Loading Solinari.
Tue Nov  9 06:43:05 2010 :: Look out, Solinari@a89-152-20-157.cpe.netcabo.pt has connected.
Tue Nov  9 06:44:54 2010 :: Sock.sinaddr:  4.225.144.49
Tue Nov  9 06:44:57 2010 :: Loading Xavier.
Tue Nov  9 06:44:59 2010 :: Look out, Xavier@dialup-4.225.144.49.Dial1.Cincinnati1.Level3.net has connected.
Tue Nov  9 06:48:23 2010 :: Xavier has quit.
Tue Nov  9 06:48:43 2010 :: Sock.sinaddr:  4.225.144.49
Tue Nov  9 06:48:54 2010 :: Loading Bently.
Tue Nov  9 06:48:59 2010 :: Look out, Bently@dialup-4.225.144.49.Dial1.Cincinnati1.Level3.net has connected.
Tue Nov  9 06:56:27 2010 :: EOF encountered on read.
Tue Nov  9 06:56:27 2010 :: Closing link to Cormag.
Tue Nov  9 06:58:24 2010 :: Sock.sinaddr:  98.93.120.90
Tue Nov  9 06:58:25 2010 :: Loading Cormag.
Tue Nov  9 06:58:26 2010 :: Cormag. Bad Password. IP: adsl-93-120-90.owb.bellsouth.net> 123
Tue Nov  9 06:58:26 2010 :: Closing link to Cormag.
Tue Nov  9 06:58:28 2010 :: Sock.sinaddr:  98.93.120.90
Tue Nov  9 06:58:35 2010 :: Loading Cormag.
Tue Nov  9 06:58:36 2010 :: Cormag@adsl-93-120-90.owb.bellsouth.net reconnected.
Tue Nov  9 07:04:32 2010 :: Mayerik has quit.
Tue Nov  9 07:04:34 2010 :: Cormag has quit.
Tue Nov  9 07:04:35 2010 :: Sock.sinaddr:  98.93.120.90
Tue Nov  9 07:04:38 2010 :: Loading Masque.
Tue Nov  9 07:04:39 2010 :: Look out, Masque@adsl-93-120-90.owb.bellsouth.net has connected.
Tue Nov  9 07:09:49 2010 :: Masque has quit.
Tue Nov  9 07:09:51 2010 :: Sock.sinaddr:  98.93.120.90
Tue Nov  9 07:09:53 2010 :: Loading Shay.
Tue Nov  9 07:09:54 2010 :: Look out, Shay@adsl-93-120-90.owb.bellsouth.net has connected.
Tue Nov  9 07:15:53 2010 :: EOF encountered on read.
Tue Nov  9 07:15:53 2010 :: Closing link to Shay.
Tue Nov  9 07:15:55 2010 :: Sock.sinaddr:  98.93.120.90
Tue Nov  9 07:15:58 2010 :: Loading Shay.
Tue Nov  9 07:15:59 2010 :: Shay@adsl-93-120-90.owb.bellsouth.net reconnected.
Tue Nov  9 07:18:19 2010 :: dialup-4.225.144.49.Dial1.Cincinnati1.Level3.net input spamming!
Tue Nov  9 07:19:38 2010 :: Bently gained level 31
Tue Nov  9 07:23:11 2010 :: Shay gained level 39
Tue Nov  9 07:25:43 2010 :: Shay killed by a beggar at 17813
Tue Nov  9 07:32:15 2010 :: EOF encountered on read.
Tue Nov  9 07:32:15 2010 :: Closing link to Shay.
Tue Nov  9 07:32:16 2010 :: Sock.sinaddr:  98.93.120.90
Tue Nov  9 07:32:18 2010 :: Loading Shay.
Tue Nov  9 07:32:18 2010 :: Shay@adsl-93-120-90.owb.bellsouth.net reconnected.
Tue Nov  9 07:33:15 2010 :: Bently gained level 32
Tue Nov  9 07:35:02 2010 :: Shay killed by a beggar at 17816
Tue Nov  9 07:35:32 2010 :: Bently has quit.
Tue Nov  9 07:42:00 2010 :: Shay has quit.
Tue Nov  9 07:42:02 2010 :: Sock.sinaddr:  98.93.120.90
Tue Nov  9 07:42:03 2010 :: Loading Cormag.
Tue Nov  9 07:42:04 2010 :: Look out, Cormag@adsl-93-120-90.owb.bellsouth.net has connected.
Tue Nov  9 08:10:56 2010 :: EOF encountered on read.
Tue Nov  9 08:10:56 2010 :: Closing link to Cormag.
Tue Nov  9 08:10:57 2010 :: Sock.sinaddr:  98.93.120.90
Tue Nov  9 08:10:59 2010 :: Loading Cormag.
Tue Nov  9 08:11:00 2010 :: Cormag@adsl-93-120-90.owb.bellsouth.net reconnected.
Tue Nov  9 08:15:52 2010 :: Cormag has quit.
Tue Nov  9 08:15:53 2010 :: Sock.sinaddr:  98.93.120.90
Tue Nov  9 08:15:54 2010 :: Loading Josai.
Tue Nov  9 08:15:55 2010 :: Look out, Josai@adsl-93-120-90.owb.bellsouth.net has connected.
Tue Nov  9 08:16:10 2010 :: Josai has quit.
Tue Nov  9 08:16:13 2010 :: Sock.sinaddr:  98.93.120.90
Tue Nov  9 08:16:16 2010 :: Loading Shivask.
Tue Nov  9 08:16:17 2010 :: Look out, Shivask@adsl-93-120-90.owb.bellsouth.net has connected.
Tue Nov  9 08:16:33 2010 :: Shivask has quit.
Tue Nov  9 08:16:37 2010 :: Sock.sinaddr:  98.93.120.90
Tue Nov  9 08:16:46 2010 :: Loading Cormag.
Tue Nov  9 08:16:47 2010 :: Look out, Cormag@adsl-93-120-90.owb.bellsouth.net has connected.
Tue Nov  9 08:16:51 2010 :: Cormag has quit.
Tue Nov  9 08:16:53 2010 :: Sock.sinaddr:  98.93.120.90
Tue Nov  9 08:16:58 2010 :: Loading Dusk.
Tue Nov  9 08:16:59 2010 :: Look out, Dusk@adsl-93-120-90.owb.bellsouth.net has connected.
Tue Nov  9 08:17:14 2010 :: Dusk has quit.
Tue Nov  9 08:17:25 2010 :: Sock.sinaddr:  98.93.120.90
Tue Nov  9 08:17:40 2010 :: Loading Keldon.
Tue Nov  9 08:17:41 2010 :: Keldon. Bad Password. IP: adsl-93-120-90.owb.bellsouth.net> keldon
Tue Nov  9 08:17:41 2010 :: Closing link to Keldon.
Tue Nov  9 08:17:43 2010 :: Sock.sinaddr:  98.93.120.90
Tue Nov  9 08:17:47 2010 :: Loading Keldon.
Tue Nov  9 08:17:47 2010 :: Look out, Keldon@adsl-93-120-90.owb.bellsouth.net has connected.
Tue Nov  9 08:18:46 2010 :: Keldon has quit.
Tue Nov  9 08:18:48 2010 :: Sock.sinaddr:  98.93.120.90
Tue Nov  9 08:18:50 2010 :: Loading Cormag.
Tue Nov  9 08:18:51 2010 :: Look out, Cormag@adsl-93-120-90.owb.bellsouth.net has connected.
Tue Nov  9 08:47:08 2010 :: EOF encountered on read.
Tue Nov  9 08:47:08 2010 :: Closing link to Cormag.
Tue Nov  9 08:47:09 2010 :: Sock.sinaddr:  98.93.120.90
Tue Nov  9 08:47:10 2010 :: Loading Cormag.
Tue Nov  9 08:47:11 2010 :: Look out, Cormag@adsl-93-120-90.owb.bellsouth.net has connected.
