Tue Feb 23 12:45:46 2010 :: ROM is ready to rock on port 6100.
Tue Feb 23 12:45:46 2010 :: Automatic Player Backup is commencing now.
tar: Removing leading `../' from member names
Tue Feb 23 12:45:46 2010 :: Player backup created successfully.
Tue Feb 23 18:45:51 2010 :: Sock.sinaddr:  24.214.179.178
Read_from_descriptor: Connection reset by peer
Tue Feb 23 18:45:54 2010 :: Sock.sinaddr:  75.135.168.120
Tue Feb 23 18:45:57 2010 :: Loading Hiddukel.
Tue Feb 23 18:45:58 2010 :: Look out, Hiddukel@75-135-168-120.dhcp.eucl.wi.charter.com has connected.
Tue Feb 23 18:50:10 2010 :: Sock.sinaddr:  99.73.106.1
Tue Feb 23 18:50:17 2010 :: Loading Nathyn.
Tue Feb 23 18:50:22 2010 :: Nathyn. Bad Password. IP: adsl-99-73-106-1.dsl.emhril.sbcglobal.net> AlphaWolf12
Tue Feb 23 18:50:22 2010 :: Closing link to Nathyn.
Tue Feb 23 18:50:26 2010 :: Sock.sinaddr:  99.73.106.1
Tue Feb 23 18:50:33 2010 :: EOF encountered on read.
Tue Feb 23 18:50:40 2010 :: Sock.sinaddr:  24.214.179.178
Tue Feb 23 18:50:44 2010 :: Sock.sinaddr:  24.214.179.178
Tue Feb 23 18:50:56 2010 :: Loading Arlanthis.
Tue Feb 23 18:51:03 2010 :: Look out, Arlanthis@user-24-214-179-178.knology.net has connected.
Tue Feb 23 18:58:17 2010 :: Sock.sinaddr:  24.88.104.88
Tue Feb 23 18:58:20 2010 :: Loading Kiri.
Tue Feb 23 18:58:21 2010 :: Look out, Kiri@cpe-024-088-104-088.sc.res.rr.com has connected.
Tue Feb 23 19:03:50 2010 :: Sock.sinaddr:  85.240.29.84
Tue Feb 23 19:03:54 2010 :: Loading Nuantho.
Tue Feb 23 19:03:55 2010 :: Look out, Nuantho@bl7-29-84.dsl.telepac.pt has connected.
Tue Feb 23 19:04:17 2010 :: Sock.sinaddr:  24.48.137.3
Tue Feb 23 19:04:19 2010 :: Loading Darkahn.
Tue Feb 23 19:04:20 2010 :: Look out, Darkahn@24.48.137.3.usa2net.net has connected.
Tue Feb 23 19:04:53 2010 :: Darkahn has quit.
Tue Feb 23 19:11:08 2010 :: Arlanthis has quit.
Tue Feb 23 19:11:08 2010 :: [*****] BUG: update_char: Trying to work with an invalidated character.

Tue Feb 23 19:11:50 2010 :: Nuantho has quit.
Tue Feb 23 19:13:56 2010 :: Sock.sinaddr:  24.88.104.88
Tue Feb 23 19:13:59 2010 :: Loading Cyrus.
Tue Feb 23 19:14:01 2010 :: Look out, Cyrus@cpe-024-088-104-088.sc.res.rr.com has connected.
Tue Feb 23 19:16:34 2010 :: Sock.sinaddr:  24.214.179.178
Tue Feb 23 19:16:34 2010 :: Sock.sinaddr:  24.214.179.178
Tue Feb 23 19:16:41 2010 :: Loading Arlanthis.
Tue Feb 23 19:16:43 2010 :: Look out, Arlanthis@user-24-214-179-178.knology.net has connected.
Tue Feb 23 19:18:49 2010 :: Sock.sinaddr:  24.13.28.15
Tue Feb 23 19:18:49 2010 :: Loading Nuitari.
Tue Feb 23 19:18:50 2010 :: Look out, Nuitari@c-24-13-28-15.hsd1.in.comcast.net has connected.
Tue Feb 23 19:22:57 2010 :: Cyrus has quit.
Tue Feb 23 19:23:51 2010 :: Sock.sinaddr:  99.73.106.1
Tue Feb 23 19:24:01 2010 :: Closing link to Kyde.
Tue Feb 23 19:24:02 2010 :: Sock.sinaddr:  99.73.106.1
Tue Feb 23 19:24:09 2010 :: Loading Nathyn.
Tue Feb 23 19:24:14 2010 :: Nathyn. Bad Password. IP: adsl-99-73-106-1.dsl.emhril.sbcglobal.net> AlphaWolf12
Tue Feb 23 19:24:14 2010 :: Closing link to Nathyn.
Tue Feb 23 19:24:41 2010 :: Sock.sinaddr:  99.73.106.1
Tue Feb 23 19:24:42 2010 :: Sock.sinaddr:  97.95.232.19
Tue Feb 23 19:24:45 2010 :: Loading Blink.
Tue Feb 23 19:24:46 2010 :: Look out, Blink@97-95-232-19.dhcp.sffl.va.charter.com has connected.
Tue Feb 23 19:25:47 2010 :: Sock.sinaddr:  24.48.137.3
Tue Feb 23 19:25:48 2010 :: Loading Darkahn.
Tue Feb 23 19:25:50 2010 :: Look out, Darkahn@24.48.137.3.usa2net.net has connected.
Tue Feb 23 19:25:53 2010 :: Darkahn has quit.
Tue Feb 23 19:26:28 2010 :: Blink has quit.
Tue Feb 23 19:28:49 2010 :: Sock.sinaddr:  99.73.106.1
Tue Feb 23 19:28:55 2010 :: Loading Nathyn.
Tue Feb 23 19:28:59 2010 :: Nathyn. Bad Password. IP: adsl-99-73-106-1.dsl.emhril.sbcglobal.net> AlphaWuf12
Tue Feb 23 19:28:59 2010 :: Closing link to Nathyn.
Tue Feb 23 19:29:00 2010 :: Sock.sinaddr:  99.73.106.1
Tue Feb 23 19:29:04 2010 :: Loading Nathyn.
Tue Feb 23 19:29:09 2010 :: Look out, Nathyn@adsl-99-73-106-1.dsl.emhril.sbcglobal.net has connected.
Tue Feb 23 19:29:43 2010 :: Sock.sinaddr:  72.51.172.167
Tue Feb 23 19:29:44 2010 :: Loading Kolf.
Tue Feb 23 19:29:45 2010 :: Look out, Kolf@host-72-51-172-167.newwavecomm.net has connected.
Tue Feb 23 19:30:13 2010 :: Sock.sinaddr:  24.13.28.15
Tue Feb 23 19:30:14 2010 :: Loading Nayato.
Tue Feb 23 19:30:14 2010 :: Look out, Nayato@c-24-13-28-15.hsd1.in.comcast.net has connected.
Tue Feb 23 19:35:06 2010 :: Sock.sinaddr:  4.225.150.183
Tue Feb 23 19:44:12 2010 :: Trylan@dialup-4.225.150.183.Dial1.Cincinnati1.Level3.net new player.
Tue Feb 23 19:44:49 2010 :: Sock.sinaddr:  172.129.249.85
Tue Feb 23 19:44:51 2010 :: Loading Delacom.
Tue Feb 23 19:44:52 2010 :: Look out, Delacom@AC81F955.ipt.aol.com has connected.
Tue Feb 23 19:45:01 2010 :: Delacom has quit.
Tue Feb 23 19:45:03 2010 :: Sock.sinaddr:  172.129.249.85
Tue Feb 23 19:45:07 2010 :: Loading Rulyndine.
Tue Feb 23 19:45:08 2010 :: Look out, Rulyndine@AC81F955.ipt.aol.com has connected.
Tue Feb 23 19:45:54 2010 :: Kiri has quit.
Tue Feb 23 19:45:54 2010 :: [*****] BUG: Norm-Apply: 0
Tue Feb 23 19:45:54 2010 :: [*****] BUG: location = 26
Tue Feb 23 19:45:54 2010 :: [*****] BUG: type = 338
Tue Feb 23 19:47:24 2010 :: Nathyn gained level 5
Tue Feb 23 19:48:14 2010 :: Nayato has quit.
Tue Feb 23 19:48:29 2010 :: Nuitari has quit.
Tue Feb 23 19:48:41 2010 :: Rulyndine has quit.
Tue Feb 23 19:48:42 2010 :: Sock.sinaddr:  172.129.249.85
Tue Feb 23 19:48:47 2010 :: Loading Atifrandam.
Tue Feb 23 19:48:48 2010 :: Atifrandam. Bad Password. IP: AC81F955.ipt.aol.com> agnelakt
Tue Feb 23 19:48:48 2010 :: Closing link to Atifrandam.
Tue Feb 23 19:48:49 2010 :: Sock.sinaddr:  172.129.249.85
Tue Feb 23 19:48:56 2010 :: Loading Atifrandam.
Tue Feb 23 19:48:58 2010 :: Look out, Atifrandam@AC81F955.ipt.aol.com has connected.
Tue Feb 23 19:49:17 2010 :: Atifrandam has quit.
Tue Feb 23 19:49:19 2010 :: Sock.sinaddr:  172.129.249.85
Tue Feb 23 19:49:22 2010 :: Loading Rulyndine.
Tue Feb 23 19:49:25 2010 :: Look out, Rulyndine@AC81F955.ipt.aol.com has connected.
Tue Feb 23 19:54:04 2010 :: Kolf has quit.
Tue Feb 23 19:55:46 2010 :: Sock.sinaddr:  66.32.21.80
Tue Feb 23 19:55:47 2010 :: Loading Rayo.
Tue Feb 23 19:55:48 2010 :: Look out, Rayo@user-11205ag.dsl.mindspring.com has connected.
Tue Feb 23 19:56:16 2010 :: Sock.sinaddr:  68.111.118.103
Tue Feb 23 19:56:16 2010 :: Rayo has quit.
Tue Feb 23 19:56:22 2010 :: Loading Dekyos.
Tue Feb 23 19:56:24 2010 :: Look out, Dekyos@ip68-111-118-103.fv.ks.cox.net has connected.
Tue Feb 23 19:56:43 2010 :: Dekyos has quit.
Tue Feb 23 20:11:07 2010 :: Sock.sinaddr:  66.57.202.149
Tue Feb 23 20:11:09 2010 :: Loading Kiri.
Tue Feb 23 20:11:11 2010 :: Look out, Kiri@cpe-066-057-202-149.sc.res.rr.com has connected.
Tue Feb 23 20:17:58 2010 :: EOF encountered on read.
Tue Feb 23 20:17:58 2010 :: EOF encountered on read.
Tue Feb 23 20:17:58 2010 :: Closing link to Nathyn.
Tue Feb 23 20:21:38 2010 :: Sock.sinaddr:  66.57.202.149
Tue Feb 23 20:22:17 2010 :: Loading Mikhal.
Tue Feb 23 20:22:22 2010 :: Look out, Mikhal@cpe-066-057-202-149.sc.res.rr.com has connected.
Tue Feb 23 20:23:29 2010 :: Sock.sinaddr:  66.57.202.149
Tue Feb 23 20:23:35 2010 :: Loading Cyrus.
Tue Feb 23 20:23:37 2010 :: Look out, Cyrus@cpe-066-057-202-149.sc.res.rr.com has connected.
Tue Feb 23 20:23:54 2010 :: Rulyndine has quit.
Tue Feb 23 20:23:56 2010 :: Sock.sinaddr:  172.129.249.85
Tue Feb 23 20:23:58 2010 :: Loading Delacom.
Tue Feb 23 20:23:59 2010 :: Look out, Delacom@AC81F955.ipt.aol.com has connected.
Tue Feb 23 20:28:39 2010 :: Sock.sinaddr:  110.20.44.102
Tue Feb 23 20:28:46 2010 :: Loading Pashintra.
Tue Feb 23 20:28:46 2010 :: Look out, Pashintra@110.20.44.102.optusnet.com.au has connected.
Tue Feb 23 20:30:49 2010 :: EOF encountered on read.
Tue Feb 23 20:30:49 2010 :: Closing link to Pashintra.
Tue Feb 23 20:30:51 2010 :: Sock.sinaddr:  110.20.44.102
Tue Feb 23 20:31:48 2010 :: Loading Pashintra.
Tue Feb 23 20:31:51 2010 :: Pashintra@110.20.44.102.optusnet.com.au reconnected.
Tue Feb 23 20:33:45 2010 :: Nathyn has quit.
Tue Feb 23 20:37:53 2010 :: Sock.sinaddr:  72.145.140.49
Tue Feb 23 20:37:54 2010 :: Loading Zivilyn.
Tue Feb 23 20:37:56 2010 :: Look out, Zivilyn@adsl-145-140-49.asm.bellsouth.net has connected.
Tue Feb 23 20:38:21 2010 :: Log Zivilyn: addapply
Tue Feb 23 20:41:05 2010 :: Zivilyn has quit.
Tue Feb 23 20:41:09 2010 :: Cyrus has quit.
Tue Feb 23 20:41:29 2010 :: Sock.sinaddr:  72.51.172.167
Tue Feb 23 20:41:30 2010 :: Loading Kolf.
Tue Feb 23 20:41:31 2010 :: Look out, Kolf@host-72-51-172-167.newwavecomm.net has connected.
Tue Feb 23 20:41:34 2010 :: Kolf has quit.
Tue Feb 23 20:47:40 2010 :: Delacom has quit.
Tue Feb 23 20:47:41 2010 :: Sock.sinaddr:  172.129.249.85
Tue Feb 23 20:47:44 2010 :: Loading Rulyndine.
Tue Feb 23 20:47:45 2010 :: Look out, Rulyndine@AC81F955.ipt.aol.com has connected.
Tue Feb 23 20:50:06 2010 :: Sock.sinaddr:  76.11.242.17
Tue Feb 23 20:50:12 2010 :: Loading Delacroix.
Tue Feb 23 20:50:12 2010 :: Look out, Delacroix@host-76-11-242-17.newwavecomm.net has connected.
Tue Feb 23 20:53:47 2010 :: Sock.sinaddr:  66.57.202.149
Tue Feb 23 20:54:18 2010 :: Loading Cyrus.
Tue Feb 23 20:54:20 2010 :: Look out, Cyrus@cpe-066-057-202-149.sc.res.rr.com has connected.
Tue Feb 23 20:55:42 2010 :: [*****] BUG: Unequip_char: already unequipped.
Tue Feb 23 20:55:42 2010 :: [*****] BUG: Unequip_char: already unequipped.
Tue Feb 23 20:55:42 2010 :: [*****] BUG: Unequip_char: already unequipped.
Tue Feb 23 20:55:42 2010 :: [*****] BUG: Unequip_char: already unequipped.
Tue Feb 23 20:55:42 2010 :: [*****] BUG: Unequip_char: already unequipped.
Tue Feb 23 20:55:42 2010 :: [*****] BUG: Unequip_char: already unequipped.
Tue Feb 23 20:55:42 2010 :: [*****] BUG: Unequip_char: already unequipped.
Tue Feb 23 20:55:42 2010 :: [*****] BUG: Unequip_char: already unequipped.
Tue Feb 23 20:55:42 2010 :: [*****] BUG: Unequip_char: already unequipped.
Tue Feb 23 20:55:42 2010 :: [*****] BUG: Unequip_char: already unequipped.
Tue Feb 23 20:55:42 2010 :: [*****] BUG: Unequip_char: already unequipped.
Tue Feb 23 20:55:42 2010 :: [*****] BUG: Unequip_char: already unequipped.
Tue Feb 23 20:55:42 2010 :: [*****] BUG: Unequip_char: already unequipped.
Tue Feb 23 20:55:42 2010 :: [*****] BUG: Unequip_char: already unequipped.
Tue Feb 23 20:55:42 2010 :: [*****] BUG: Unequip_char: already unequipped.
Tue Feb 23 20:55:42 2010 :: [*****] BUG: Unequip_char: already unequipped.
Tue Feb 23 20:55:42 2010 :: [*****] BUG: Unequip_char: already unequipped.
Tue Feb 23 20:55:42 2010 :: [*****] BUG: Unequip_char: already unequipped.
Tue Feb 23 20:55:42 2010 :: [*****] BUG: Unequip_char: already unequipped.
Tue Feb 23 20:55:42 2010 :: [*****] BUG: Unequip_char: already unequipped.
Tue Feb 23 20:55:42 2010 :: [*****] BUG: Unequip_char: already unequipped.
Tue Feb 23 20:55:42 2010 :: [*****] BUG: Unequip_char: already unequipped.
Tue Feb 23 20:55:42 2010 :: [*****] BUG: Unequip_char: already unequipped.
Tue Feb 23 20:55:42 2010 :: [*****] BUG: Unequip_char: already unequipped.
Tue Feb 23 20:55:42 2010 :: [*****] BUG: Unequip_char: already unequipped.
Tue Feb 23 20:55:42 2010 :: [*****] BUG: Unequip_char: already unequipped.
Tue Feb 23 20:55:42 2010 :: [*****] BUG: Unequip_char: already unequipped.
Tue Feb 23 20:55:42 2010 :: [*****] BUG: Unequip_char: already unequipped.
Tue Feb 23 20:55:42 2010 :: [*****] BUG: Unequip_char: already unequipped.
Tue Feb 23 20:55:42 2010 :: [*****] BUG: Unequip_char: already unequipped.
Tue Feb 23 20:55:42 2010 :: [*****] BUG: Unequip_char: already unequipped.
Tue Feb 23 20:55:42 2010 :: [*****] BUG: Unequip_char: already unequipped.
Tue Feb 23 20:55:42 2010 :: [*****] BUG: Unequip_char: already unequipped.
Tue Feb 23 20:55:42 2010 :: [*****] BUG: Unequip_char: already unequipped.
Tue Feb 23 20:55:42 2010 :: [*****] BUG: Unequip_char: already unequipped.
Tue Feb 23 20:55:42 2010 :: [*****] BUG: Unequip_char: already unequipped.
Tue Feb 23 20:55:42 2010 :: [*****] BUG: Unequip_char: already unequipped.
Tue Feb 23 20:55:42 2010 :: [*****] BUG: Unequip_char: already unequipped.
Tue Feb 23 20:55:42 2010 :: [*****] BUG: Unequip_char: already unequipped.
Tue Feb 23 20:55:42 2010 :: [*****] BUG: Unequip_char: already unequipped.
Tue Feb 23 20:55:42 2010 :: [*****] BUG: Unequip_char: already unequipped.
Tue Feb 23 20:55:42 2010 :: [*****] BUG: Unequip_char: already unequipped.
Tue Feb 23 20:55:42 2010 :: [*****] BUG: Unequip_char: already unequipped.
Tue Feb 23 20:55:42 2010 :: [*****] BUG: Unequip_char: already unequipped.
Tue Feb 23 20:55:42 2010 :: [*****] BUG: Unequip_char: already unequipped.
Tue Feb 23 20:55:42 2010 :: [*****] BUG: Unequip_char: already unequipped.
Tue Feb 23 20:55:42 2010 :: [*****] BUG: Unequip_char: already unequipped.
Tue Feb 23 20:55:42 2010 :: [*****] BUG: Unequip_char: already unequipped.
Tue Feb 23 20:55:42 2010 :: [*****] BUG: Unequip_char: already unequipped.
Tue Feb 23 20:55:42 2010 :: [*****] BUG: Unequip_char: already unequipped.
Tue Feb 23 20:55:42 2010 :: [*****] BUG: Unequip_char: already unequipped.
Tue Feb 23 20:55:42 2010 :: [*****] BUG: Unequip_char: already unequipped.
Tue Feb 23 20:55:42 2010 :: [*****] BUG: Unequip_char: already unequipped.
Tue Feb 23 20:55:42 2010 :: [*****] BUG: Unequip_char: already unequipped.
Tue Feb 23 20:55:42 2010 :: [*****] BUG: Unequip_char: already unequipped.
Tue Feb 23 20:55:42 2010 :: [*****] BUG: Unequip_char: already unequipped.
Tue Feb 23 20:55:42 2010 :: [*****] BUG: Unequip_char: already unequipped.
Tue Feb 23 20:55:42 2010 :: [*****] BUG: Unequip_char: already unequipped.
Tue Feb 23 20:55:42 2010 :: [*****] BUG: Unequip_char: already unequipped.
Tue Feb 23 20:55:42 2010 :: [*****] BUG: Unequip_char: already unequipped.
Tue Feb 23 20:55:42 2010 :: [*****] BUG: Unequip_char: already unequipped.
Tue Feb 23 20:55:42 2010 :: [*****] BUG: Unequip_char: already unequipped.
Tue Feb 23 20:55:42 2010 :: [*****] BUG: Unequip_char: already unequipped.
Tue Feb 23 20:55:42 2010 :: [*****] BUG: Unequip_char: already unequipped.
Tue Feb 23 20:55:42 2010 :: [*****] BUG: Unequip_char: already unequipped.
Tue Feb 23 20:55:42 2010 :: [*****] BUG: Unequip_char: already unequipped.
Tue Feb 23 20:55:42 2010 :: [*****] BUG: Unequip_char: already unequipped.
Tue Feb 23 20:55:42 2010 :: [*****] BUG: Unequip_char: already unequipped.
Tue Feb 23 20:55:42 2010 :: [*****] BUG: Unequip_char: already unequipped.
Tue Feb 23 20:55:42 2010 :: [*****] BUG: Unequip_char: already unequipped.
Tue Feb 23 20:55:42 2010 :: [*****] BUG: Unequip_char: already unequipped.
Tue Feb 23 20:55:42 2010 :: [*****] BUG: Unequip_char: already unequipped.
Tue Feb 23 20:55:42 2010 :: [*****] BUG: Unequip_char: already unequipped.
Tue Feb 23 20:55:42 2010 :: [*****] BUG: Unequip_char: already unequipped.
Tue Feb 23 20:55:42 2010 :: [*****] BUG: Unequip_char: already unequipped.
Tue Feb 23 20:55:42 2010 :: [*****] BUG: Unequip_char: already unequipped.
Tue Feb 23 20:55:42 2010 :: [*****] BUG: Unequip_char: already unequipped.
Tue Feb 23 20:55:42 2010 :: [*****] BUG: Unequip_char: already unequipped.
Tue Feb 23 20:55:42 2010 :: [*****] BUG: Unequip_char: already unequipped.
Tue Feb 23 20:55:42 2010 :: [*****] BUG: Unequip_char: already unequipped.
Tue Feb 23 20:55:42 2010 :: [*****] BUG: Unequip_char: already unequipped.
Tue Feb 23 20:55:42 2010 :: [*****] BUG: Unequip_char: already unequipped.
Tue Feb 23 20:55:42 2010 :: [*****] BUG: Unequip_char: already unequipped.
Tue Feb 23 20:55:42 2010 :: [*****] BUG: Unequip_char: already unequipped.
Tue Feb 23 20:55:42 2010 :: [*****] BUG: Unequip_char: already unequipped.
Tue Feb 23 20:55:42 2010 :: [*****] BUG: Unequip_char: already unequipped.
Tue Feb 23 20:55:42 2010 :: [*****] BUG: Unequip_char: already unequipped.
Tue Feb 23 20:55:42 2010 :: [*****] BUG: Unequip_char: already unequipped.
Tue Feb 23 20:55:42 2010 :: [*****] BUG: Unequip_char: already unequipped.
Tue Feb 23 20:55:42 2010 :: [*****] BUG: Unequip_char: already unequipped.
Tue Feb 23 20:55:42 2010 :: [*****] BUG: Unequip_char: already unequipped.
Tue Feb 23 20:55:42 2010 :: [*****] BUG: Unequip_char: already unequipped.
Tue Feb 23 20:55:42 2010 :: [*****] BUG: Unequip_char: already unequipped.
Tue Feb 23 20:55:42 2010 :: [*****] BUG: Unequip_char: already unequipped.
Tue Feb 23 20:55:42 2010 :: [*****] BUG: Unequip_char: already unequipped.
Tue Feb 23 20:55:42 2010 :: [*****] BUG: Unequip_char: already unequipped.
Tue Feb 23 20:55:42 2010 :: [*****] BUG: Unequip_char: already unequipped.
Tue Feb 23 20:55:42 2010 :: [*****] BUG: Unequip_char: already unequipped.
Tue Feb 23 20:55:42 2010 :: [*****] BUG: Unequip_char: already unequipped.
Tue Feb 23 20:55:42 2010 :: [*****] BUG: Unequip_char: already unequipped.
Tue Feb 23 20:55:42 2010 :: [*****] BUG: Unequip_char: already unequipped.
Tue Feb 23 20:55:42 2010 :: [*****] BUG: Unequip_char: already unequipped.
Tue Feb 23 20:55:42 2010 :: [*****] BUG: Unequip_char: already unequipped.
Tue Feb 23 20:55:42 2010 :: [*****] BUG: Unequip_char: already unequipped.
Tue Feb 23 20:55:42 2010 :: [*****] BUG: Unequip_char: already unequipped.
Tue Feb 23 20:55:42 2010 :: [*****] BUG: Unequip_char: already unequipped.
Tue Feb 23 20:55:42 2010 :: [*****] BUG: Unequip_char: already unequipped.
Tue Feb 23 20:55:42 2010 :: [*****] BUG: Unequip_char: already unequipped.
Tue Feb 23 20:55:42 2010 :: [*****] BUG: Unequip_char: already unequipped.
Tue Feb 23 20:55:42 2010 :: [*****] BUG: Unequip_char: already unequipped.
Tue Feb 23 20:55:42 2010 :: [*****] BUG: Unequip_char: already unequipped.
Tue Feb 23 20:55:42 2010 :: [*****] BUG: Unequip_char: already unequipped.
Tue Feb 23 20:55:42 2010 :: [*****] BUG: Unequip_char: already unequipped.
Tue Feb 23 20:55:42 2010 :: [*****] BUG: Unequip_char: already unequipped.
Tue Feb 23 20:55:42 2010 :: [*****] BUG: Unequip_char: already unequipped.
Tue Feb 23 20:55:42 2010 :: [*****] BUG: Unequip_char: already unequipped.
Tue Feb 23 20:55:42 2010 :: [*****] BUG: Unequip_char: already unequipped.
Tue Feb 23 20:55:42 2010 :: [*****] BUG: Unequip_char: already unequipped.
Tue Feb 23 20:55:42 2010 :: [*****] BUG: Unequip_char: already unequipped.
Tue Feb 23 20:55:42 2010 :: [*****] BUG: Unequip_char: already unequipped.
Tue Feb 23 20:55:42 2010 :: [*****] BUG: Unequip_char: already unequipped.
Tue Feb 23 20:55:42 2010 :: [*****] BUG: Unequip_char: already unequipped.
Tue Feb 23 20:55:42 2010 :: [*****] BUG: Unequip_char: already unequipped.
Tue Feb 23 20:55:42 2010 :: [*****] BUG: Unequip_char: already unequipped.
Tue Feb 23 20:55:42 2010 :: [*****] BUG: Unequip_char: already unequipped.
Tue Feb 23 20:55:42 2010 :: [*****] BUG: Unequip_char: already unequipped.
Tue Feb 23 20:55:42 2010 :: [*****] BUG: Unequip_char: already unequipped.
Tue Feb 23 20:55:42 2010 :: [*****] BUG: Unequip_char: already unequipped.
Tue Feb 23 20:57:40 2010 :: Sock.sinaddr:  83.57.195.95
Read_from_descriptor: Connection reset by peer
Tue Feb 23 20:57:50 2010 :: Closing link to Mikhal.
Tue Feb 23 20:57:53 2010 :: Sock.sinaddr:  66.57.202.149
Tue Feb 23 20:57:57 2010 :: Loading Mikhal.
Tue Feb 23 20:57:58 2010 :: Mikhal@cpe-066-057-202-149.sc.res.rr.com reconnected.
Tue Feb 23 20:58:13 2010 :: EOF encountered on read.
Tue Feb 23 21:00:28 2010 :: Log Kiri: switch crys
Tue Feb 23 21:13:29 2010 :: Sock.sinaddr:  174.32.54.213
Tue Feb 23 21:13:30 2010 :: Sock.sinaddr:  174.32.54.213
Tue Feb 23 21:13:30 2010 :: Sock.sinaddr:  174.32.54.213
Tue Feb 23 21:13:30 2010 :: Sock.sinaddr:  174.32.54.213
Tue Feb 23 21:13:39 2010 :: Loading Morgion.
Tue Feb 23 21:13:40 2010 :: Look out, Morgion@host174320021354.direcway.com has connected.
Tue Feb 23 21:14:46 2010 :: Sock.sinaddr:  99.73.106.1
Tue Feb 23 21:14:52 2010 :: Loading Nathyn.
Tue Feb 23 21:14:57 2010 :: Look out, Nathyn@adsl-99-73-106-1.dsl.emhril.sbcglobal.net has connected.
Tue Feb 23 21:15:53 2010 :: Sock.sinaddr:  72.51.172.167
Tue Feb 23 21:15:55 2010 :: Loading Kolf.
Tue Feb 23 21:15:56 2010 :: Look out, Kolf@host-72-51-172-167.newwavecomm.net has connected.
Tue Feb 23 21:15:56 2010 :: EOF encountered on read.
Tue Feb 23 21:15:56 2010 :: Closing link to Nathyn.
Tue Feb 23 21:16:54 2010 :: Sock.sinaddr:  99.73.106.1
Tue Feb 23 21:17:11 2010 :: Loading Nathyn.
Tue Feb 23 21:17:18 2010 :: Nathyn@adsl-99-73-106-1.dsl.emhril.sbcglobal.net reconnected.
Tue Feb 23 21:17:49 2010 :: Nathyn gained level 6
Tue Feb 23 21:23:33 2010 :: Cyrus has quit.
Tue Feb 23 21:23:42 2010 :: Sock.sinaddr:  66.57.202.149
Tue Feb 23 21:23:46 2010 :: Loading Dietrich.
Tue Feb 23 21:23:47 2010 :: Look out, Dietrich@cpe-066-057-202-149.sc.res.rr.com has connected.
Tue Feb 23 21:24:34 2010 :: Log Morgion: string obj harp short the harp of Valor
Tue Feb 23 21:24:35 2010 :: AC81F955.ipt.aol.com input spamming!
Tue Feb 23 21:24:53 2010 :: Nathyn killed by the wolf at 3754
Tue Feb 23 21:25:13 2010 :: Log Morgion: string obj harp long A harp with the name 'Arlanthis' scribed into it lies here.
Tue Feb 23 21:25:20 2010 :: Log Morgion: string obj harp name harp valor
Tue Feb 23 21:25:54 2010 :: AC81F955.ipt.aol.com input spamming!
Tue Feb 23 21:27:08 2010 :: Log Morgion: reward arlanthis 500 behawvior
Tue Feb 23 21:27:11 2010 :: Log Morgion: reward arlanthis 500 behavior
Tue Feb 23 21:28:16 2010 :: Arlanthis has quit.
Tue Feb 23 21:28:19 2010 :: Sock.sinaddr:  24.214.179.178
Tue Feb 23 21:28:23 2010 :: Loading Trellis.
Tue Feb 23 21:28:25 2010 :: Look out, Trellis@user-24-214-179-178.knology.net has connected.
Tue Feb 23 21:29:25 2010 :: host-76-11-242-17.newwavecomm.net input spamming!
Tue Feb 23 21:32:00 2010 :: Pashintra has quit.
Tue Feb 23 21:32:14 2010 :: Kiri has quit.
Tue Feb 23 21:32:14 2010 :: [*****] BUG: Norm-Apply: 0
Tue Feb 23 21:32:14 2010 :: [*****] BUG: location = 26
Tue Feb 23 21:32:14 2010 :: [*****] BUG: type = 338
Tue Feb 23 21:32:23 2010 :: Dietrich has quit.
Tue Feb 23 21:33:53 2010 :: Sock.sinaddr:  174.32.54.213
Tue Feb 23 21:33:57 2010 :: Loading Horrace.
Tue Feb 23 21:33:58 2010 :: Look out, Horrace@host174320021354.direcway.com has connected.
Tue Feb 23 21:36:06 2010 :: Delacroix has quit.
Tue Feb 23 21:37:54 2010 :: Kolf has quit.
Tue Feb 23 21:37:58 2010 :: EOF encountered on read.
Tue Feb 23 21:37:58 2010 :: Closing link to Nathyn.
Tue Feb 23 21:39:42 2010 :: Mikhal has quit.
Tue Feb 23 21:45:40 2010 :: Sock.sinaddr:  151.213.228.211
Tue Feb 23 21:45:46 2010 :: Sock.sinaddr:  151.213.228.211
Tue Feb 23 21:45:49 2010 :: Sock.sinaddr:  151.213.228.211
Tue Feb 23 21:45:54 2010 :: Loading Sargonnas.
Tue Feb 23 21:45:56 2010 :: Look out, Sargonnas@h211.228.213.151.dynamic.ip.windstream.net has connected.
Tue Feb 23 21:46:50 2010 :: EOF encountered on read.
Tue Feb 23 21:46:50 2010 :: Sock.sinaddr:  151.213.228.211
Tue Feb 23 21:46:52 2010 :: Loading Kaldim.
Tue Feb 23 21:46:54 2010 :: Look out, Kaldim@h211.228.213.151.dynamic.ip.windstream.net has connected.
Tue Feb 23 21:47:39 2010 :: Closing link to Talorian.
Tue Feb 23 21:47:40 2010 :: Sock.sinaddr:  151.213.228.211
Tue Feb 23 21:47:46 2010 :: Closing link to Talorian.
Tue Feb 23 21:47:47 2010 :: Sock.sinaddr:  151.213.228.211
Tue Feb 23 21:47:50 2010 :: Loading Tolarian.
Tue Feb 23 21:47:53 2010 :: Look out, Tolarian@h211.228.213.151.dynamic.ip.windstream.net has connected.
Tue Feb 23 21:48:06 2010 :: Sock.sinaddr:  75.81.220.12
Tue Feb 23 21:48:08 2010 :: Loading Casumi.
Tue Feb 23 21:48:10 2010 :: Look out, Casumi@cpe-75-81-220-12.we.res.rr.com has connected.
Tue Feb 23 21:53:14 2010 :: Casumi has quit.
Tue Feb 23 21:53:19 2010 :: Sock.sinaddr:  75.81.220.12
Tue Feb 23 21:53:31 2010 :: Closing link to Sophira.
Tue Feb 23 21:53:33 2010 :: Sock.sinaddr:  75.81.220.12
Tue Feb 23 21:53:36 2010 :: Loading Sophia.
Tue Feb 23 21:53:37 2010 :: Look out, Sophia@cpe-75-81-220-12.we.res.rr.com has connected.
Tue Feb 23 21:54:08 2010 :: Nathyn has quit.
Tue Feb 23 21:54:40 2010 :: Sophia has quit.
Tue Feb 23 21:54:43 2010 :: Sock.sinaddr:  75.81.220.12
Tue Feb 23 21:54:49 2010 :: Loading Brianna.
Tue Feb 23 21:54:52 2010 :: Look out, Brianna@cpe-75-81-220-12.we.res.rr.com has connected.
Tue Feb 23 21:56:07 2010 :: Brianna has quit.
Tue Feb 23 21:56:10 2010 :: Sock.sinaddr:  75.81.220.12
Tue Feb 23 21:56:12 2010 :: Loading Sophia.
Tue Feb 23 21:56:13 2010 :: Look out, Sophia@cpe-75-81-220-12.we.res.rr.com has connected.
Tue Feb 23 22:15:33 2010 :: Sophia has quit.
Tue Feb 23 22:17:30 2010 :: Trellis has quit.
Tue Feb 23 22:17:33 2010 :: Sock.sinaddr:  24.214.179.178
Tue Feb 23 22:17:38 2010 :: Loading Arlanthis.
Tue Feb 23 22:17:40 2010 :: Look out, Arlanthis@user-24-214-179-178.knology.net has connected.
Tue Feb 23 22:19:17 2010 :: Sock.sinaddr:  72.51.172.167
Tue Feb 23 22:19:19 2010 :: Loading Kolf.
Tue Feb 23 22:19:20 2010 :: Look out, Kolf@host-72-51-172-167.newwavecomm.net has connected.
Tue Feb 23 22:19:25 2010 :: Kolf has quit.
Tue Feb 23 22:25:10 2010 :: Sock.sinaddr:  75.81.220.12
Tue Feb 23 22:25:13 2010 :: Loading Sophia.
Tue Feb 23 22:25:15 2010 :: Look out, Sophia@cpe-75-81-220-12.we.res.rr.com has connected.
Tue Feb 23 22:25:31 2010 :: Sock.sinaddr:  173.152.46.85
Tue Feb 23 22:25:49 2010 :: Loading Ciara.
Tue Feb 23 22:25:51 2010 :: Look out, Ciara@173-152-46-85.pools.spcsdns.net has connected.
Tue Feb 23 22:28:32 2010 :: Ciara has quit.
Tue Feb 23 22:30:27 2010 :: Sophia has quit.
Tue Feb 23 22:38:10 2010 :: Sock.sinaddr:  75.81.220.12
Tue Feb 23 22:38:13 2010 :: Loading Casumi.
Tue Feb 23 22:38:15 2010 :: Look out, Casumi@cpe-75-81-220-12.we.res.rr.com has connected.
Tue Feb 23 22:38:25 2010 :: Casumi has quit.
Tue Feb 23 22:38:27 2010 :: Sock.sinaddr:  75.81.220.12
Tue Feb 23 22:38:31 2010 :: Loading Arisia.
Tue Feb 23 22:38:32 2010 :: Look out, Arisia@cpe-75-81-220-12.we.res.rr.com has connected.
Tue Feb 23 22:42:21 2010 :: Sock.sinaddr:  72.51.172.167
Tue Feb 23 22:42:22 2010 :: Loading Kolf.
Tue Feb 23 22:42:23 2010 :: Look out, Kolf@host-72-51-172-167.newwavecomm.net has connected.
Tue Feb 23 22:46:28 2010 :: Sock.sinaddr:  174.32.54.213
Tue Feb 23 22:46:35 2010 :: Loading Lazarus.
Tue Feb 23 22:46:36 2010 :: Look out, Lazarus@host174320021354.direcway.com has connected.
Tue Feb 23 22:48:16 2010 :: EOF encountered on read.
Tue Feb 23 22:48:16 2010 :: Closing link to Tolarian.
Tue Feb 23 22:48:20 2010 :: Sock.sinaddr:  151.213.228.211
Tue Feb 23 22:48:24 2010 :: Loading Tolarian.
Tue Feb 23 22:48:25 2010 :: Tolarian@h211.228.213.151.dynamic.ip.windstream.net reconnected.
Tue Feb 23 22:49:02 2010 :: Sock.sinaddr:  76.20.233.114
Tue Feb 23 22:49:04 2010 :: Loading Shinn.
Tue Feb 23 22:49:06 2010 :: Look out, Shinn@c-76-20-233-114.hsd1.ga.comcast.net has connected.
Tue Feb 23 22:51:02 2010 :: Kolf has quit.
Tue Feb 23 22:52:22 2010 :: Log Morgion: notitle horrace
Tue Feb 23 22:56:57 2010 :: Sock.sinaddr:  98.209.106.68
Tue Feb 23 22:57:01 2010 :: Loading Glorfilith.
Tue Feb 23 22:57:02 2010 :: Look out, Glorfilith@c-98-209-106-68.hsd1.mi.comcast.net has connected.
Tue Feb 23 22:57:37 2010 :: Lazarus has quit.
Tue Feb 23 22:59:15 2010 :: Glorfilith has quit.
Tue Feb 23 23:00:06 2010 :: Sock.sinaddr:  66.57.223.132
Tue Feb 23 23:00:11 2010 :: Loading Washaki.
Tue Feb 23 23:00:13 2010 :: Look out, Washaki@cpe-066-057-223-132.sc.res.rr.com has connected.
Tue Feb 23 23:00:57 2010 :: Washaki has quit.
Tue Feb 23 23:00:59 2010 :: Sock.sinaddr:  66.57.223.132
Tue Feb 23 23:01:05 2010 :: Loading Lilith.
Tue Feb 23 23:01:08 2010 :: Look out, Lilith@cpe-066-057-223-132.sc.res.rr.com has connected.
Tue Feb 23 23:01:32 2010 :: Rulyndine has quit.
Tue Feb 23 23:01:33 2010 :: Sock.sinaddr:  172.129.249.85
Tue Feb 23 23:01:36 2010 :: Loading Delacom.
Tue Feb 23 23:01:36 2010 :: Lilith has quit.
Tue Feb 23 23:01:37 2010 :: Look out, Delacom@AC81F955.ipt.aol.com has connected.
Tue Feb 23 23:01:57 2010 :: Delacom has quit.
Tue Feb 23 23:01:58 2010 :: Sock.sinaddr:  172.129.249.85
Tue Feb 23 23:02:02 2010 :: Loading Rulyndine.
Tue Feb 23 23:02:03 2010 :: Look out, Rulyndine@AC81F955.ipt.aol.com has connected.
Tue Feb 23 23:02:21 2010 :: Log Sargonnas: last megus
Tue Feb 23 23:08:59 2010 :: Sock.sinaddr:  72.51.172.167
Tue Feb 23 23:08:59 2010 :: Loading Kolf.
Tue Feb 23 23:09:01 2010 :: Look out, Kolf@host-72-51-172-167.newwavecomm.net has connected.
Tue Feb 23 23:09:49 2010 :: Log Sargonnas: last keltar
Tue Feb 23 23:11:52 2010 :: Rulyndine has quit.
Tue Feb 23 23:11:53 2010 :: Sock.sinaddr:  172.129.249.85
Tue Feb 23 23:11:56 2010 :: Loading Gevem.
Tue Feb 23 23:11:59 2010 :: Look out, Gevem@AC81F955.ipt.aol.com has connected.
Tue Feb 23 23:12:28 2010 :: Kolf has quit.
Tue Feb 23 23:12:55 2010 :: Gevem has quit.
Tue Feb 23 23:12:56 2010 :: Sock.sinaddr:  172.129.249.85
Tue Feb 23 23:13:08 2010 :: Closing link to Grehan.
Tue Feb 23 23:13:10 2010 :: Sock.sinaddr:  172.129.249.85
Tue Feb 23 23:13:15 2010 :: Loading Grevan.
Tue Feb 23 23:13:19 2010 :: Look out, Grevan@AC81F955.ipt.aol.com has connected.
Tue Feb 23 23:14:18 2010 :: Grevan has quit.
Tue Feb 23 23:14:21 2010 :: Sock.sinaddr:  172.129.249.85
Tue Feb 23 23:14:23 2010 :: Loading Rulyndine.
Tue Feb 23 23:14:25 2010 :: Look out, Rulyndine@AC81F955.ipt.aol.com has connected.
Tue Feb 23 23:16:06 2010 :: Tolarian gained level 6
Tue Feb 23 23:18:00 2010 :: Sock.sinaddr:  151.213.228.211
Tue Feb 23 23:18:06 2010 :: Loading Terris.
Tue Feb 23 23:18:08 2010 :: Look out, Terris@h211.228.213.151.dynamic.ip.windstream.net has connected.
Tue Feb 23 23:21:44 2010 :: Sock.sinaddr:  206.174.18.71
Tue Feb 23 23:21:48 2010 :: Loading Allyria.
Tue Feb 23 23:21:49 2010 :: Look out, Allyria@71-18-174-206.gci.net has connected.
Tue Feb 23 23:23:44 2010 :: Sock.sinaddr:  72.51.172.167
Tue Feb 23 23:23:45 2010 :: Loading Kolf.
Tue Feb 23 23:23:46 2010 :: Look out, Kolf@host-72-51-172-167.newwavecomm.net has connected.
Tue Feb 23 23:31:13 2010 :: Sock.sinaddr:  24.154.97.210
Tue Feb 23 23:31:17 2010 :: Loading Majere.
Tue Feb 23 23:31:17 2010 :: Look out, Majere@dynamic-acs-24-154-97-210.zoominternet.net has connected.
Tue Feb 23 23:33:14 2010 :: Majere has quit.
Tue Feb 23 23:53:46 2010 :: Kaldim has quit.
Wed Feb 24 00:01:27 2010 :: Sock.sinaddr:  24.214.179.178
Wed Feb 24 00:01:27 2010 :: Sock.sinaddr:  24.214.179.178
Wed Feb 24 00:01:33 2010 :: Loading Arlanthis.
Wed Feb 24 00:01:37 2010 :: Closing link to Arlanthis.
Wed Feb 24 00:01:37 2010 :: Arlanthis@user-24-214-179-178.knology.net reconnected.
Wed Feb 24 00:03:02 2010 :: Arisia has quit.
Wed Feb 24 00:03:27 2010 :: Horrace gained level 46
Wed Feb 24 00:11:28 2010 :: Terris has quit.
Wed Feb 24 00:11:38 2010 :: Sock.sinaddr:  151.213.228.211
Wed Feb 24 00:15:11 2010 :: Tolarian has quit.
Wed Feb 24 00:15:22 2010 :: Sock.sinaddr:  151.213.228.211
Wed Feb 24 00:24:10 2010 :: Arlanthis has quit.
Wed Feb 24 00:24:10 2010 :: [*****] BUG: update_char: Trying to work with an invalidated character.

Wed Feb 24 00:28:15 2010 :: Sock.sinaddr:  24.13.28.15
Wed Feb 24 00:28:15 2010 :: Loading Nuitari.
Wed Feb 24 00:28:15 2010 :: Look out, Nuitari@c-24-13-28-15.hsd1.in.comcast.net has connected.
Wed Feb 24 00:28:27 2010 :: Sock.sinaddr:  24.13.28.15
Wed Feb 24 00:28:27 2010 :: Loading Nayato.
Wed Feb 24 00:28:27 2010 :: Look out, Nayato@c-24-13-28-15.hsd1.in.comcast.net has connected.
Wed Feb 24 00:28:45 2010 :: Shinn has quit.
Wed Feb 24 00:29:23 2010 :: Sock.sinaddr:  204.209.44.14
Write_to_descriptor: Broken pipe
Write_to_descriptor: Broken pipe
Write_to_descriptor: Broken pipe
Write_to_descriptor: Broken pipe
Write_to_descriptor: Broken pipe
Write_to_descriptor: Broken pipe
Write_to_descriptor: Broken pipe
Wed Feb 24 00:29:23 2010 :: EOF encountered on read.
Wed Feb 24 00:29:23 2010 :: EOF encountered on read.
Wed Feb 24 00:35:06 2010 :: Rulyndine has quit.
Wed Feb 24 00:35:47 2010 :: Sock.sinaddr:  172.129.249.85
Wed Feb 24 00:35:55 2010 :: Loading Delacom.
Wed Feb 24 00:35:58 2010 :: Look out, Delacom@AC81F955.ipt.aol.com has connected.
Wed Feb 24 00:43:30 2010 :: Horrace has quit.
Wed Feb 24 00:44:19 2010 :: Morgion has quit.
Wed Feb 24 00:44:23 2010 :: EOF encountered on read.
Wed Feb 24 00:44:23 2010 :: EOF encountered on read.
Wed Feb 24 00:44:24 2010 :: EOF encountered on read.
Wed Feb 24 01:00:40 2010 :: Log Sargonnas: snoop allyria
Wed Feb 24 01:01:07 2010 :: Sock.sinaddr:  24.88.107.233
Wed Feb 24 01:01:11 2010 :: Loading Kiri.
Wed Feb 24 01:01:13 2010 :: Look out, Kiri@cpe-024-088-107-233.sc.res.rr.com has connected.
Wed Feb 24 01:01:43 2010 :: Sock.sinaddr:  151.213.228.211
Wed Feb 24 01:01:46 2010 :: Loading Kaldim.
Wed Feb 24 01:01:47 2010 :: Look out, Kaldim@h211.228.213.151.dynamic.ip.windstream.net has connected.
Wed Feb 24 01:01:51 2010 :: Sock.sinaddr:  24.88.107.233
Wed Feb 24 01:01:53 2010 :: Loading Dietrich.
Wed Feb 24 01:01:55 2010 :: Look out, Dietrich@cpe-024-088-107-233.sc.res.rr.com has connected.
Wed Feb 24 01:04:43 2010 :: Dietrich has quit.
Wed Feb 24 01:05:02 2010 :: Log Sargonnas: last megus
Wed Feb 24 01:05:07 2010 :: Sock.sinaddr:  151.213.228.211
Wed Feb 24 01:05:11 2010 :: Closing link to Megus.
Wed Feb 24 01:05:12 2010 :: Sock.sinaddr:  151.213.228.211
Wed Feb 24 01:05:16 2010 :: Closing link to Keltar.
Wed Feb 24 01:17:20 2010 :: c-24-13-28-15.hsd1.in.comcast.net input spamming!
Wed Feb 24 01:17:22 2010 :: Nayato has quit.
Wed Feb 24 01:17:25 2010 :: Kolf has quit.
Wed Feb 24 01:23:28 2010 :: Sock.sinaddr:  92.9.239.206
Wed Feb 24 01:24:31 2010 :: Loading Zooka.
Wed Feb 24 01:24:33 2010 :: Zooka. Bad Password. IP: host-92-9-239-206.as43234.net> abc123
Wed Feb 24 01:24:33 2010 :: Closing link to Zooka.
Wed Feb 24 01:24:38 2010 :: Sock.sinaddr:  92.9.239.206
Wed Feb 24 01:24:46 2010 :: Loading Zooki.
Wed Feb 24 01:24:49 2010 :: Look out, Zooki@host-92-9-239-206.as43234.net has connected.
Wed Feb 24 01:27:09 2010 :: Zooki has quit.
Wed Feb 24 01:27:26 2010 :: Sock.sinaddr:  92.9.239.206
Wed Feb 24 01:27:33 2010 :: Loading Derka.
Wed Feb 24 01:27:35 2010 :: Look out, Derka@host-92-9-239-206.as43234.net has connected.
Wed Feb 24 01:28:19 2010 :: [WARNING] Allyria tells Kaldim: 1 MUD day to be exact
Wed Feb 24 01:31:46 2010 :: Derka has quit.
Wed Feb 24 01:33:14 2010 :: Delacom has quit.
Wed Feb 24 01:33:15 2010 :: Sock.sinaddr:  172.129.249.85
Wed Feb 24 01:33:21 2010 :: Loading Rulyndine.
Wed Feb 24 01:33:22 2010 :: Look out, Rulyndine@AC81F955.ipt.aol.com has connected.
Wed Feb 24 01:36:01 2010 :: Nuitari has quit.
Wed Feb 24 01:45:07 2010 :: Rulyndine has quit.
Wed Feb 24 01:45:08 2010 :: Sock.sinaddr:  172.129.249.85
Wed Feb 24 01:45:11 2010 :: Loading Delacom.
Wed Feb 24 01:45:16 2010 :: Look out, Delacom@AC81F955.ipt.aol.com has connected.
Wed Feb 24 01:45:22 2010 :: Delacom has quit.
Wed Feb 24 01:45:23 2010 :: Sock.sinaddr:  172.129.249.85
Wed Feb 24 01:45:27 2010 :: Loading Gevem.
Wed Feb 24 01:45:31 2010 :: Look out, Gevem@AC81F955.ipt.aol.com has connected.
Wed Feb 24 01:47:13 2010 :: Gevem has quit.
Wed Feb 24 01:47:14 2010 :: Sock.sinaddr:  172.129.249.85
Wed Feb 24 01:47:20 2010 :: Loading Rulyndine.
Wed Feb 24 01:47:22 2010 :: Look out, Rulyndine@AC81F955.ipt.aol.com has connected.
Wed Feb 24 01:48:46 2010 :: Log Sargonnas: string char kaldim title - {DNight Warrior{x of the {BLily{x
Wed Feb 24 01:55:59 2010 :: Log Allyria: mark
Wed Feb 24 01:56:03 2010 :: Log Allyria: mark kaldim high
Wed Feb 24 01:56:50 2010 :: Log Allyria: mark kaldim hatred
Wed Feb 24 02:00:01 2010 :: Log Sargonnas: mark kaldim hatred
Wed Feb 24 02:00:53 2010 :: Log Sargonnas: rstrip kaldim
Wed Feb 24 02:01:15 2010 :: Log Sargonnas: snoop self
Wed Feb 24 02:02:22 2010 :: Log Sargonnas: snoop all
Wed Feb 24 02:02:27 2010 :: Log Sargonnas: snoop self
Wed Feb 24 02:02:30 2010 :: Log Sargonnas: snoop allyria
Wed Feb 24 02:03:27 2010 :: AC81F955.ipt.aol.com input spamming!
Read_from_descriptor: Connection timed out
Wed Feb 24 02:05:36 2010 :: Closing link to Hiddukel.
Wed Feb 24 02:14:28 2010 :: Rulyndine gained level 69
Wed Feb 24 02:19:46 2010 :: Allyria has quit.
Wed Feb 24 02:20:55 2010 :: Rulyndine has quit.
Wed Feb 24 02:39:41 2010 :: Log Sargonnas: switch snail
Wed Feb 24 02:40:17 2010 :: Log Sargonnas: grab clear kaldim
Wed Feb 24 02:42:26 2010 :: Log Sargonnas: grab clear sho
Wed Feb 24 02:42:35 2010 :: Log Sargonnas: grab clear kaldim
Wed Feb 24 02:42:42 2010 :: Kiri has quit.
Wed Feb 24 02:42:42 2010 :: [*****] BUG: Norm-Apply: 0
Wed Feb 24 02:42:42 2010 :: [*****] BUG: location = 26
Wed Feb 24 02:42:42 2010 :: [*****] BUG: type = 338
Wed Feb 24 02:42:44 2010 :: Log Sargonnas: clone clear
Wed Feb 24 02:42:45 2010 :: Log Sargonnas: clone clear
Wed Feb 24 02:42:45 2010 :: Log Sargonnas: clone clear
Wed Feb 24 02:42:45 2010 :: Log Sargonnas: clone clear
Wed Feb 24 02:42:45 2010 :: Log Sargonnas: clone clear
Wed Feb 24 02:42:46 2010 :: Log Sargonnas: clone clear
Wed Feb 24 02:42:46 2010 :: Log Sargonnas: clone clear
Wed Feb 24 02:42:46 2010 :: Log Sargonnas: clone clear
Wed Feb 24 02:42:46 2010 :: Log Sargonnas: clone clear
Wed Feb 24 02:42:47 2010 :: Log Sargonnas: clone clear
Wed Feb 24 02:42:47 2010 :: Log Sargonnas: clone clear
Wed Feb 24 02:42:49 2010 :: Log Sargonnas: clone clear
Wed Feb 24 02:42:49 2010 :: Log Sargonnas: clone clear
Wed Feb 24 02:42:49 2010 :: Log Sargonnas: clone clear
Wed Feb 24 02:42:53 2010 :: Log Sargonnas: sgive clear kaldim
Wed Feb 24 02:42:53 2010 :: Log Sargonnas: sgive clear kaldim
Wed Feb 24 02:42:53 2010 :: Log Sargonnas: sgive clear kaldim
Wed Feb 24 02:42:54 2010 :: Log Sargonnas: sgive clear kaldim
Wed Feb 24 02:42:54 2010 :: Log Sargonnas: sgive clear kaldim
Wed Feb 24 02:42:54 2010 :: Log Sargonnas: sgive clear kaldim
Wed Feb 24 02:42:54 2010 :: Log Sargonnas: sgive clear kaldim
Wed Feb 24 02:42:55 2010 :: Log Sargonnas: sgive clear kaldim
Wed Feb 24 02:42:55 2010 :: Log Sargonnas: sgive clear kaldim
Wed Feb 24 02:42:55 2010 :: Log Sargonnas: sgive clear kaldim
Wed Feb 24 02:42:55 2010 :: Log Sargonnas: sgive clear kaldim
Wed Feb 24 02:42:56 2010 :: Log Sargonnas: sgive clear kaldim
Wed Feb 24 02:42:56 2010 :: Log Sargonnas: sgive clear kaldim
Wed Feb 24 02:42:56 2010 :: Log Sargonnas: sgive clear kaldim
Wed Feb 24 02:42:56 2010 :: Log Sargonnas: sgive clear kaldim
Wed Feb 24 02:42:57 2010 :: Log Sargonnas: sgive clear kaldim
Wed Feb 24 02:42:57 2010 :: Log Sargonnas: sgive clear kaldim
Wed Feb 24 02:42:57 2010 :: Log Sargonnas: sgive clear kaldim
Wed Feb 24 02:42:57 2010 :: Log Sargonnas: sgive clear kaldim
Wed Feb 24 02:42:58 2010 :: Log Sargonnas: sgive clear kaldim
Wed Feb 24 02:42:58 2010 :: Log Sargonnas: sgive clear kaldim
Wed Feb 24 02:42:58 2010 :: Log Sargonnas: sgive clear kaldim
Wed Feb 24 02:42:58 2010 :: Log Sargonnas: sgive clear kaldim
Wed Feb 24 02:43:15 2010 :: Log Sargonnas: grab bar kaldim
Wed Feb 24 02:43:21 2010 :: Log Sargonnas: sgive bar kaldim
Wed Feb 24 02:43:25 2010 :: Log Sargonnas: grab fruit kaldim
Wed Feb 24 02:43:27 2010 :: Log Sargonnas: clone fruit
Wed Feb 24 02:43:27 2010 :: Log Sargonnas: clone fruit
Wed Feb 24 02:43:28 2010 :: Log Sargonnas: clone fruit
Wed Feb 24 02:43:28 2010 :: Log Sargonnas: clone fruit
Wed Feb 24 02:43:28 2010 :: Log Sargonnas: clone fruit
Wed Feb 24 02:43:28 2010 :: Log Sargonnas: clone fruit
Wed Feb 24 02:43:29 2010 :: Log Sargonnas: clone fruit
Wed Feb 24 02:43:29 2010 :: Log Sargonnas: clone fruit
Wed Feb 24 02:43:29 2010 :: Log Sargonnas: clone fruit
Wed Feb 24 02:43:29 2010 :: Log Sargonnas: clone fruit
Wed Feb 24 02:43:30 2010 :: Log Sargonnas: clone fruit
Wed Feb 24 02:43:30 2010 :: Log Sargonnas: clone fruit
Wed Feb 24 02:43:30 2010 :: Log Sargonnas: clone fruit
Wed Feb 24 02:43:30 2010 :: Log Sargonnas: clone fruit
Wed Feb 24 02:43:33 2010 :: Log Sargonnas: sgive fruit kaldim
Wed Feb 24 02:43:33 2010 :: Log Sargonnas: sgive fruit kaldim
Wed Feb 24 02:43:33 2010 :: Log Sargonnas: sgive fruit kaldim
Wed Feb 24 02:43:34 2010 :: Log Sargonnas: sgive fruit kaldim
Wed Feb 24 02:43:34 2010 :: Log Sargonnas: sgive fruit kaldim
Wed Feb 24 02:43:34 2010 :: Log Sargonnas: sgive fruit kaldim
Wed Feb 24 02:43:34 2010 :: Log Sargonnas: sgive fruit kaldim
Wed Feb 24 02:43:35 2010 :: Log Sargonnas: sgive fruit kaldim
Wed Feb 24 02:43:35 2010 :: Log Sargonnas: sgive fruit kaldim
Wed Feb 24 02:43:35 2010 :: Log Sargonnas: sgive fruit kaldim
Wed Feb 24 02:43:35 2010 :: Log Sargonnas: sgive fruit kaldim
Wed Feb 24 02:43:36 2010 :: Log Sargonnas: sgive fruit kaldim
Wed Feb 24 02:43:36 2010 :: Log Sargonnas: sgive fruit kaldim
Wed Feb 24 02:43:36 2010 :: Log Sargonnas: sgive fruit kaldim
Wed Feb 24 02:43:36 2010 :: Log Sargonnas: sgive fruit kaldim
Wed Feb 24 02:43:37 2010 :: Log Sargonnas: sgive fruit kaldim
Wed Feb 24 02:43:37 2010 :: Log Sargonnas: sgive fruit kaldim
Wed Feb 24 02:43:37 2010 :: Log Sargonnas: sgive fruit kaldim
Wed Feb 24 02:43:37 2010 :: Log Sargonnas: sgive fruit kaldim
Wed Feb 24 02:43:38 2010 :: Log Sargonnas: sgive fruit kaldim
Wed Feb 24 02:56:20 2010 :: Sock.sinaddr:  188.80.47.235
Wed Feb 24 02:56:23 2010 :: Loading Dessan.
Wed Feb 24 02:56:23 2010 :: Look out, Dessan@bl15-47-235.dsl.telepac.pt has connected.
Wed Feb 24 02:57:59 2010 :: Dessan has quit.
Wed Feb 24 03:07:01 2010 :: Log Sargonnas: restore kal
Wed Feb 24 03:08:17 2010 :: Sock.sinaddr:  151.213.228.211
Wed Feb 24 03:08:23 2010 :: Loading Tolarian.
Wed Feb 24 03:08:26 2010 :: Look out, Tolarian@h211.228.213.151.dynamic.ip.windstream.net has connected.
Wed Feb 24 03:08:45 2010 :: Log Sargonnas: reward tolarian 1500
Wed Feb 24 03:08:49 2010 :: Log Sargonnas: reward tolarian 1500 help
Wed Feb 24 03:08:49 2010 :: Tolarian gained level 7
Wed Feb 24 03:10:41 2010 :: Log Sargonnas: sgive girth tolarian
Wed Feb 24 03:18:57 2010 :: Log Sargonnas: transfer kaldim shep
Wed Feb 24 03:20:29 2010 :: Log Sargonnas: transfer kaldim horse
Wed Feb 24 03:20:48 2010 :: Log Sargonnas: transfer tolarian shep
Wed Feb 24 03:22:02 2010 :: Log Sargonnas: transfer tolarian 5793
Wed Feb 24 03:23:48 2010 :: Log Sargonnas: transfer tolarian shep
Wed Feb 24 04:02:28 2010 :: Sock.sinaddr:  188.80.47.235
Wed Feb 24 04:02:31 2010 :: Loading Dessan.
Wed Feb 24 04:02:31 2010 :: Look out, Dessan@bl15-47-235.dsl.telepac.pt has connected.
Wed Feb 24 04:03:48 2010 :: Tolarian has quit.
Wed Feb 24 04:04:05 2010 :: Log Sargonnas: restore kaldim
Wed Feb 24 04:10:38 2010 :: Sock.sinaddr:  188.80.47.235
Wed Feb 24 04:10:41 2010 :: Loading Dessan.
Wed Feb 24 04:10:44 2010 :: Sock.sinaddr:  173.151.84.250
Wed Feb 24 04:10:44 2010 :: Closing link to Dessan.
Wed Feb 24 04:10:44 2010 :: Dessan@bl15-47-235.dsl.telepac.pt reconnected.
Wed Feb 24 04:10:54 2010 :: Loading Niro.
Wed Feb 24 04:10:56 2010 :: Look out, Niro@173-151-84-250.pools.spcsdns.net has connected.
Wed Feb 24 04:12:04 2010 :: Sock.sinaddr:  188.80.47.235
Wed Feb 24 04:12:07 2010 :: Loading Dessan.
Wed Feb 24 04:12:08 2010 :: Closing link to Dessan.
Wed Feb 24 04:12:08 2010 :: Dessan@bl15-47-235.dsl.telepac.pt reconnected.
Wed Feb 24 04:12:33 2010 :: Dessan has quit.
Wed Feb 24 04:12:38 2010 :: Niro has quit.
Wed Feb 24 04:12:41 2010 :: Sock.sinaddr:  173.151.84.250
Wed Feb 24 04:12:44 2010 :: Loading Ikarus.
Wed Feb 24 04:12:45 2010 :: Look out, Ikarus@173-151-84-250.pools.spcsdns.net has connected.
Wed Feb 24 04:14:49 2010 :: Log Sargonnas: transfer ikarus kaldim
Wed Feb 24 04:16:40 2010 :: Log Sargonnas: restore kaldim
Wed Feb 24 04:17:07 2010 :: Log Sargonnas: restore kaldim
Wed Feb 24 04:17:16 2010 :: Log Sargonnas: restore kaldim
Wed Feb 24 04:18:16 2010 :: Log Sargonnas: sload 9418
Wed Feb 24 04:18:19 2010 :: Log Sargonnas: sload mob 9418
Wed Feb 24 04:18:23 2010 :: Log Sargonnas: switch cloth
Wed Feb 24 04:18:59 2010 :: Log Sargonnas: purge
Wed Feb 24 04:31:21 2010 :: [*****] BUG: Buffer overflow. Closing.

Write_to_descriptor: Resource temporarily unavailable
Wed Feb 24 04:31:21 2010 :: Closing link to Ikarus.
Wed Feb 24 04:32:06 2010 :: Sock.sinaddr:  173.151.84.250
Wed Feb 24 04:32:23 2010 :: Closing link to Ikraus.
Wed Feb 24 04:32:27 2010 :: Sock.sinaddr:  173.151.84.250
Wed Feb 24 04:32:31 2010 :: Loading Ikarus.
Wed Feb 24 04:32:33 2010 :: Ikarus@173-151-84-250.pools.spcsdns.net reconnected.
Wed Feb 24 04:43:22 2010 :: Log Sargonnas: restore kaldim
Wed Feb 24 04:48:39 2010 :: [*****] BUG: buffer overflow past size 16384
Wed Feb 24 04:50:21 2010 :: Log Sargonnas: sload mob 9418
Wed Feb 24 04:50:25 2010 :: Log Sargonnas: switch cloth
Wed Feb 24 04:50:53 2010 :: Log Sargonnas: purge
Wed Feb 24 05:05:49 2010 :: Ikarus has quit.
Wed Feb 24 05:10:00 2010 :: Sock.sinaddr:  68.102.11.193
Wed Feb 24 05:10:00 2010 :: Loading Karein.
Wed Feb 24 05:10:01 2010 :: Look out, Karein@ip68-102-11-193.ks.ok.cox.net has connected.
Wed Feb 24 05:11:23 2010 :: Sock.sinaddr:  24.13.28.15
Wed Feb 24 05:11:24 2010 :: Loading Nuitari.
Wed Feb 24 05:11:24 2010 :: Look out, Nuitari@c-24-13-28-15.hsd1.in.comcast.net has connected.
Wed Feb 24 05:11:56 2010 :: Karein has quit.
Wed Feb 24 05:12:04 2010 :: Sock.sinaddr:  68.102.11.193
Wed Feb 24 05:12:06 2010 :: Loading Jessie.
Wed Feb 24 05:12:06 2010 :: Look out, Jessie@ip68-102-11-193.ks.ok.cox.net has connected.
Wed Feb 24 05:12:38 2010 :: Jessie has quit.
Wed Feb 24 05:14:49 2010 :: Nuitari has quit.
Wed Feb 24 05:30:06 2010 :: Kaldim has quit.
Wed Feb 24 05:30:13 2010 :: Sargonnas has quit.
Wed Feb 24 05:43:41 2010 :: Sock.sinaddr:  172.129.249.85
Wed Feb 24 05:43:44 2010 :: Loading Delacom.
Wed Feb 24 05:43:46 2010 :: Delacom. Bad Password. IP: AC81F955.ipt.aol.com> n
Wed Feb 24 05:43:46 2010 :: Closing link to Delacom.
Wed Feb 24 05:43:48 2010 :: Sock.sinaddr:  172.129.249.85
Wed Feb 24 05:43:51 2010 :: Loading Rulyndine.
Wed Feb 24 05:43:52 2010 :: Look out, Rulyndine@AC81F955.ipt.aol.com has connected.
Wed Feb 24 05:51:38 2010 :: Rulyndine has quit.
Wed Feb 24 05:59:19 2010 :: Sock.sinaddr:  172.129.249.85
Wed Feb 24 05:59:23 2010 :: Loading Rulyndine.
Wed Feb 24 05:59:24 2010 :: Look out, Rulyndine@AC81F955.ipt.aol.com has connected.
Wed Feb 24 06:42:02 2010 :: Sock.sinaddr:  72.51.172.167
Wed Feb 24 06:42:04 2010 :: Loading Kolf.
Wed Feb 24 06:42:05 2010 :: Look out, Kolf@host-72-51-172-167.newwavecomm.net has connected.
Wed Feb 24 06:42:08 2010 :: Kolf has quit.
Wed Feb 24 06:42:10 2010 :: Sock.sinaddr:  72.51.172.167
Wed Feb 24 06:42:11 2010 :: Loading Kolf.
Wed Feb 24 06:42:12 2010 :: Look out, Kolf@host-72-51-172-167.newwavecomm.net has connected.
Wed Feb 24 06:42:19 2010 :: Kolf has quit.
Wed Feb 24 06:58:23 2010 :: Sock.sinaddr:  170.185.173.19
Wed Feb 24 06:58:27 2010 :: Loading Xavier.
Wed Feb 24 06:58:28 2010 :: Look out, Xavier@ohio.kyschools.us has connected.
Wed Feb 24 07:00:57 2010 :: Xavier has quit.
Wed Feb 24 07:00:57 2010 :: Sock.sinaddr:  170.185.173.19
Wed Feb 24 07:00:58 2010 :: Loading Azjol.
Wed Feb 24 07:01:00 2010 :: Look out, Azjol@ohio.kyschools.us has connected.
Wed Feb 24 07:01:07 2010 :: Azjol has quit.
Wed Feb 24 07:01:08 2010 :: Sock.sinaddr:  170.185.173.19
Wed Feb 24 07:01:09 2010 :: Loading Xavier.
Wed Feb 24 07:01:11 2010 :: Look out, Xavier@ohio.kyschools.us has connected.
Wed Feb 24 07:21:06 2010 :: Sock.sinaddr:  110.20.9.105
Wed Feb 24 07:21:10 2010 :: Loading Pashintra.
Wed Feb 24 07:21:12 2010 :: Look out, Pashintra@110.20.9.105.optusnet.com.au has connected.
Wed Feb 24 07:32:07 2010 :: Rulyndine gained level 70
Wed Feb 24 07:37:08 2010 :: Rulyndine has quit.
Wed Feb 24 07:37:56 2010 :: Sock.sinaddr:  173.161.99.6
Wed Feb 24 07:38:02 2010 :: Loading Hirinthas.
Wed Feb 24 07:38:02 2010 :: Look out, Hirinthas@173-161-99-6-Illinois.hfc.comcastbusiness.net has connected.
Wed Feb 24 07:48:43 2010 :: Xavier has quit.
Wed Feb 24 07:50:22 2010 :: Sock.sinaddr:  172.129.249.85
Wed Feb 24 07:50:25 2010 :: Loading Rulyndine.
Wed Feb 24 07:50:26 2010 :: Look out, Rulyndine@AC81F955.ipt.aol.com has connected.
Wed Feb 24 07:53:53 2010 :: Sock.sinaddr:  204.209.44.14
Wed Feb 24 07:58:00 2010 :: [WARNING] Pashintra replies to Hirinthas: i tried to ensure that Ic'ly he understood that a pairing was not a chANCE to convert me to dark by his actions. it does concern me that ppl who play black robes sometimes... get a little headstrong lol. bent in their own way. i used toplay a few dl muds for a few years before here hehe
Wed Feb 24 07:58:42 2010 :: Sock.sinaddr:  67.170.235.37
Wed Feb 24 07:58:44 2010 :: [WARNING] Hirinthas replies to Pashintra: This mud is unique in the fact that nothing has changed in at least six years. Makes for dull conversation when you reach the pinnacle of your characters performance.
Wed Feb 24 07:58:45 2010 :: Loading Habbakuk.
Wed Feb 24 07:58:48 2010 :: Look out, Habbakuk@c-67-170-235-37.hsd1.ca.comcast.net has connected.
Wed Feb 24 07:59:33 2010 :: [WARNING] Pashintra replies to Hirinthas: no additions, nothing i feel for the mud
Wed Feb 24 07:59:46 2010 :: [WARNING] Hirinthas replies to Pashintra: Hopefully I'll be able to become an Immortal and be able to better influence roleplay. I've been a DM with some of my friends around town now for about four years. I figure that's plenty of time and understanding of muds and rp in general, not to include that I've been a builder before so I could help build new areas for RP.
Wed Feb 24 08:00:08 2010 :: Trylan@mudconnector.com new player.
Wed Feb 24 08:00:28 2010 :: Sock.sinaddr:  170.185.173.19
Wed Feb 24 08:00:31 2010 :: Loading Xavier.
Wed Feb 24 08:00:33 2010 :: Look out, Xavier@ohio.kyschools.us has connected.
Wed Feb 24 08:00:50 2010 :: Xavier has quit.
Wed Feb 24 08:05:24 2010 :: Rulyndine has quit.
Wed Feb 24 08:05:25 2010 :: Sock.sinaddr:  172.129.249.85
Wed Feb 24 08:05:29 2010 :: Loading Atifrandam.
Wed Feb 24 08:05:30 2010 :: Look out, Atifrandam@AC81F955.ipt.aol.com has connected.
Wed Feb 24 08:06:39 2010 :: Sock.sinaddr:  161.6.50.86
Wed Feb 24 08:06:43 2010 :: EOF encountered on read.
Wed Feb 24 08:08:04 2010 :: Log Habbakuk: asperson hirinthas note list
Wed Feb 24 08:08:18 2010 :: Habbakuk has quit.
Wed Feb 24 08:08:18 2010 :: [*****] BUG: Norm-Apply: 0
Wed Feb 24 08:08:18 2010 :: [*****] BUG: location = 26
Wed Feb 24 08:08:18 2010 :: [*****] BUG: type = 85
Wed Feb 24 08:08:18 2010 :: [*****] BUG: Norm-Apply: 0
Wed Feb 24 08:08:18 2010 :: [*****] BUG: location = 26
Wed Feb 24 08:08:18 2010 :: [*****] BUG: type = 338
Wed Feb 24 08:11:56 2010 :: Atifrandam has quit.
Wed Feb 24 08:11:58 2010 :: Sock.sinaddr:  172.129.249.85
Wed Feb 24 08:12:01 2010 :: Loading Rulyndine.
Wed Feb 24 08:12:02 2010 :: Look out, Rulyndine@AC81F955.ipt.aol.com has connected.
Wed Feb 24 08:12:30 2010 :: [WARNING] Pashintra replies to Hirinthas: you sound like me in 2005 lol... atm im just usuing another muds client, its average
Wed Feb 24 08:13:12 2010 :: [WARNING] Hirinthas replies to Pashintra: I use cMud. for $20.00 USD, it's actually pretty damn good.
Wed Feb 24 08:13:47 2010 :: Rulyndine has quit.
Wed Feb 24 08:13:49 2010 :: Sock.sinaddr:  172.129.249.85
Wed Feb 24 08:13:51 2010 :: Loading Delacom.
Wed Feb 24 08:13:52 2010 :: Look out, Delacom@AC81F955.ipt.aol.com has connected.
Wed Feb 24 08:15:07 2010 :: Delacom has quit.
Wed Feb 24 08:15:08 2010 :: Sock.sinaddr:  172.129.249.85
Wed Feb 24 08:15:13 2010 :: Loading Atifrandam.
Wed Feb 24 08:15:14 2010 :: Look out, Atifrandam@AC81F955.ipt.aol.com has connected.
Wed Feb 24 08:15:35 2010 :: [WARNING] Hirinthas replies to Pashintra: Now, as far as another muds client, I am unsure of how to help.
Wed Feb 24 08:16:33 2010 :: Atifrandam has quit.
Wed Feb 24 08:16:34 2010 :: Sock.sinaddr:  172.129.249.85
Wed Feb 24 08:16:37 2010 :: Loading Rulyndine.
Wed Feb 24 08:16:39 2010 :: Look out, Rulyndine@AC81F955.ipt.aol.com has connected.
Wed Feb 24 08:18:13 2010 :: Rulyndine has quit.
Wed Feb 24 08:18:15 2010 :: Sock.sinaddr:  172.129.249.85
Wed Feb 24 08:18:18 2010 :: Loading Rulyndine.
Wed Feb 24 08:18:19 2010 :: Look out, Rulyndine@AC81F955.ipt.aol.com has connected.
Wed Feb 24 08:18:28 2010 :: Rulyndine has quit.
Wed Feb 24 08:18:29 2010 :: Sock.sinaddr:  172.129.249.85
Wed Feb 24 08:18:32 2010 :: Loading Atifrandam.
Wed Feb 24 08:18:34 2010 :: Look out, Atifrandam@AC81F955.ipt.aol.com has connected.
Wed Feb 24 08:19:08 2010 :: Atifrandam has quit.
Wed Feb 24 08:19:09 2010 :: Sock.sinaddr:  172.129.249.85
Wed Feb 24 08:19:14 2010 :: Loading Rulyndine.
Wed Feb 24 08:19:15 2010 :: Look out, Rulyndine@AC81F955.ipt.aol.com has connected.
Wed Feb 24 08:23:06 2010 :: Rulyndine has quit.
Wed Feb 24 08:23:07 2010 :: Sock.sinaddr:  172.129.249.85
Wed Feb 24 08:23:12 2010 :: Loading Grevan.
Wed Feb 24 08:23:16 2010 :: Look out, Grevan@AC81F955.ipt.aol.com has connected.
Wed Feb 24 08:27:33 2010 :: Grevan has quit.
Wed Feb 24 08:27:34 2010 :: Sock.sinaddr:  172.129.249.85
Wed Feb 24 08:27:38 2010 :: Loading Rulyndine.
Wed Feb 24 08:27:39 2010 :: Look out, Rulyndine@AC81F955.ipt.aol.com has connected.
Wed Feb 24 08:31:03 2010 :: Rulyndine has quit.
Wed Feb 24 08:37:20 2010 :: Pashintra has quit.
Wed Feb 24 08:37:20 2010 :: [*****] BUG: update_char: Trying to work with an invalidated character.

Wed Feb 24 08:38:05 2010 :: Trylan gained level 2
Wed Feb 24 08:38:28 2010 :: Trylan has quit.
Wed Feb 24 08:38:57 2010 :: Sock.sinaddr:  110.20.9.105
Wed Feb 24 08:39:11 2010 :: Loading Pashintra.
Wed Feb 24 08:39:13 2010 :: Look out, Pashintra@110.20.9.105.optusnet.com.au has connected.
Wed Feb 24 08:40:09 2010 :: EOF encountered on read.
Wed Feb 24 08:40:09 2010 :: Closing link to Pashintra.
Wed Feb 24 08:40:13 2010 :: Sock.sinaddr:  110.20.9.105
Wed Feb 24 08:40:26 2010 :: Loading Pashintra.
Wed Feb 24 08:40:27 2010 :: Pashintra@110.20.9.105.optusnet.com.au reconnected.
Wed Feb 24 08:49:07 2010 :: Sock.sinaddr:  170.185.173.19
Wed Feb 24 08:49:12 2010 :: Loading Trylan.
Wed Feb 24 08:49:15 2010 :: Look out, Trylan@ohio.kyschools.us has connected.
Wed Feb 24 08:50:14 2010 :: Sock.sinaddr:  170.185.173.19
Wed Feb 24 08:50:15 2010 :: Loading Xavier.
Wed Feb 24 08:50:17 2010 :: Look out, Xavier@ohio.kyschools.us has connected.
Wed Feb 24 09:13:12 2010 :: Sock.sinaddr:  213.22.117.193
Wed Feb 24 09:13:13 2010 :: Loading Valakas.
Wed Feb 24 09:13:13 2010 :: Look out, Valakas@a213-22-117-193.cpe.netcabo.pt has connected.
Wed Feb 24 09:16:00 2010 :: Trylan gained level 3
Wed Feb 24 09:17:24 2010 :: EOF encountered on read.
Wed Feb 24 09:17:24 2010 :: Closing link to Pashintra.
Wed Feb 24 09:17:25 2010 :: Sock.sinaddr:  110.20.9.105
Wed Feb 24 09:17:31 2010 :: Loading Pashintra.
Wed Feb 24 09:17:48 2010 :: Pashintra@110.20.9.105.optusnet.com.au reconnected.
Wed Feb 24 09:19:49 2010 :: Log Pashintra: devote lunitari
Wed Feb 24 09:20:38 2010 :: [WARNING] Pashintra gtells: curses that connection of mine, bloody lagging in a MUD wtf..
Wed Feb 24 09:26:58 2010 :: Sock.sinaddr:  83.57.195.95
Wed Feb 24 09:27:29 2010 :: EOF encountered on read.
Wed Feb 24 09:33:13 2010 :: Trylan gained level 4
Wed Feb 24 09:34:34 2010 :: Sock.sinaddr:  75.81.220.12
Wed Feb 24 09:34:38 2010 :: Loading Arisia.
Wed Feb 24 09:34:40 2010 :: Look out, Arisia@cpe-75-81-220-12.we.res.rr.com has connected.
Wed Feb 24 09:35:35 2010 :: Sock.sinaddr:  170.185.173.19
Wed Feb 24 09:36:03 2010 :: Onie@ohio.kyschools.us new player.
Wed Feb 24 09:36:16 2010 :: Sock.sinaddr:  24.13.28.15
Wed Feb 24 09:36:16 2010 :: Loading Nuitari.
Wed Feb 24 09:36:16 2010 :: Look out, Nuitari@c-24-13-28-15.hsd1.in.comcast.net has connected.
Wed Feb 24 09:36:33 2010 :: Sock.sinaddr:  24.13.28.15
Wed Feb 24 09:36:33 2010 :: Loading Luther.
Wed Feb 24 09:36:33 2010 :: Look out, Luther@c-24-13-28-15.hsd1.in.comcast.net has connected.
Wed Feb 24 09:36:53 2010 :: EOF encountered on read.
Wed Feb 24 09:36:53 2010 :: Closing link to Onie.
Wed Feb 24 09:37:08 2010 :: Trylan has quit.
Wed Feb 24 09:37:10 2010 :: Xavier has quit.
Wed Feb 24 09:38:09 2010 :: Arisia has quit.
Wed Feb 24 09:38:11 2010 :: Sock.sinaddr:  75.81.220.12
Wed Feb 24 09:38:14 2010 :: Loading Casumi.
Wed Feb 24 09:38:15 2010 :: Look out, Casumi@cpe-75-81-220-12.we.res.rr.com has connected.
Wed Feb 24 09:39:40 2010 :: Sock.sinaddr:  170.185.173.19
Wed Feb 24 09:39:41 2010 :: Loading Xavier.
Wed Feb 24 09:39:42 2010 :: Look out, Xavier@ohio.kyschools.us has connected.
Wed Feb 24 09:40:26 2010 :: Casumi has quit.
Wed Feb 24 09:40:41 2010 :: Sock.sinaddr:  213.22.117.193
Wed Feb 24 09:40:42 2010 :: Loading Valakas.
Wed Feb 24 09:40:44 2010 :: Closing link to Valakas.
Wed Feb 24 09:40:44 2010 :: Valakas@a213-22-117-193.cpe.netcabo.pt reconnected.
Wed Feb 24 09:43:41 2010 :: Pashintra has quit.
Wed Feb 24 09:50:18 2010 :: EOF encountered on read.
Wed Feb 24 09:50:18 2010 :: Closing link to Valakas.
Wed Feb 24 09:50:19 2010 :: Sock.sinaddr:  213.22.117.193
Wed Feb 24 09:50:19 2010 :: Loading Valakas.
Wed Feb 24 09:50:19 2010 :: Valakas@a213-22-117-193.cpe.netcabo.pt reconnected.
Wed Feb 24 10:02:52 2010 :: Sock.sinaddr:  24.13.28.15
Wed Feb 24 10:02:52 2010 :: Loading Nayato.
Wed Feb 24 10:02:53 2010 :: Look out, Nayato@c-24-13-28-15.hsd1.in.comcast.net has connected.
Wed Feb 24 10:02:53 2010 :: Nayato has quit.
Wed Feb 24 10:05:30 2010 :: Log Nuitari: grab true hirin
Wed Feb 24 10:07:56 2010 :: [*****] BUG: buffer overflow past size 16384
Wed Feb 24 10:10:53 2010 :: Sock.sinaddr:  170.185.173.19
Wed Feb 24 10:10:56 2010 :: Loading Chidak.
Wed Feb 24 10:10:58 2010 :: Look out, Chidak@ohio.kyschools.us has connected.
Wed Feb 24 10:14:10 2010 :: Chidak has quit.
Wed Feb 24 10:15:48 2010 :: Valakas has quit.
Wed Feb 24 10:23:41 2010 :: Sock.sinaddr:  76.20.233.114
Wed Feb 24 10:23:44 2010 :: Loading Shinn.
Wed Feb 24 10:23:45 2010 :: Look out, Shinn@c-76-20-233-114.hsd1.ga.comcast.net has connected.
Wed Feb 24 10:24:08 2010 :: Shinn has quit.
Wed Feb 24 10:24:10 2010 :: Sock.sinaddr:  76.20.233.114
Wed Feb 24 10:24:15 2010 :: Loading Dagarith.
Wed Feb 24 10:24:18 2010 :: Look out, Dagarith@c-76-20-233-114.hsd1.ga.comcast.net has connected.
Wed Feb 24 10:25:33 2010 :: Xavier has quit.
Wed Feb 24 10:26:03 2010 :: Luther has quit.
Wed Feb 24 10:26:29 2010 :: c-76-20-233-114.hsd1.ga.comcast.net input spamming!
Wed Feb 24 10:32:53 2010 :: Log Nuitari: reward hirin 1000 nice
Wed Feb 24 10:32:56 2010 :: Nuitari has quit.
Wed Feb 24 10:33:20 2010 :: Sock.sinaddr:  173.161.99.6
Wed Feb 24 10:33:25 2010 :: Loading Caelthalas.
Wed Feb 24 10:33:25 2010 :: Look out, Caelthalas@173-161-99-6-Illinois.hfc.comcastbusiness.net has connected.
Wed Feb 24 10:57:40 2010 :: Sock.sinaddr:  174.32.54.213
Wed Feb 24 10:57:40 2010 :: Sock.sinaddr:  174.32.54.213
Wed Feb 24 10:57:40 2010 :: Sock.sinaddr:  174.32.54.213
Wed Feb 24 10:57:40 2010 :: Sock.sinaddr:  174.32.54.213
Wed Feb 24 10:57:54 2010 :: Closing link to Foxmulder.
Wed Feb 24 10:58:00 2010 :: Sock.sinaddr:  174.32.54.213
Wed Feb 24 10:58:05 2010 :: Loading Morgion.
Wed Feb 24 10:58:07 2010 :: Look out, Morgion@host174320021354.direcway.com has connected.
Wed Feb 24 10:59:22 2010 :: [WARNING] Caelthalas replies to Morgion: Didn't need it today with cMud on this machine.
Wed Feb 24 10:59:45 2010 :: Hirinthas gained level 48
Wed Feb 24 11:11:04 2010 :: Caelthalas gained level 44
Wed Feb 24 11:26:14 2010 :: Caelthalas has quit.
Wed Feb 24 11:51:24 2010 :: Sock.sinaddr:  76.20.233.114
Wed Feb 24 11:51:27 2010 :: Loading Shinn.
Wed Feb 24 11:51:29 2010 :: Look out, Shinn@c-76-20-233-114.hsd1.ga.comcast.net has connected.
Wed Feb 24 11:51:39 2010 :: Shinn has quit.
Wed Feb 24 11:53:07 2010 :: Sock.sinaddr:  75.70.233.126
Wed Feb 24 11:53:08 2010 :: Loading Huginn.
Wed Feb 24 11:53:08 2010 :: Look out, Huginn@c-75-70-233-126.hsd1.co.comcast.net has connected.
Wed Feb 24 12:04:40 2010 :: Sock.sinaddr:  76.20.233.114
Wed Feb 24 12:04:42 2010 :: Loading Shinn.
Wed Feb 24 12:04:45 2010 :: Look out, Shinn@c-76-20-233-114.hsd1.ga.comcast.net has connected.
Wed Feb 24 12:06:41 2010 :: Shinn has quit.
Wed Feb 24 12:14:05 2010 :: Sock.sinaddr:  76.20.233.114
Wed Feb 24 12:14:09 2010 :: Loading Shinn.
Wed Feb 24 12:14:10 2010 :: Look out, Shinn@c-76-20-233-114.hsd1.ga.comcast.net has connected.
Wed Feb 24 12:14:25 2010 :: Shinn has quit.
Wed Feb 24 12:15:28 2010 :: EOF encountered on read.
Wed Feb 24 12:15:28 2010 :: Closing link to Morgion.
Wed Feb 24 12:15:30 2010 :: Sock.sinaddr:  174.32.54.213
Wed Feb 24 12:15:44 2010 :: EOF encountered on read.
Wed Feb 24 12:15:47 2010 :: Sock.sinaddr:  174.32.54.213
Wed Feb 24 12:19:01 2010 :: Sock.sinaddr:  174.32.54.213
Wed Feb 24 12:20:42 2010 :: Loading Morgion.
Wed Feb 24 12:20:44 2010 :: Morgion@host174320021354.direcway.com reconnected.
Wed Feb 24 12:23:22 2010 :: Sock.sinaddr:  170.185.173.19
Wed Feb 24 12:25:23 2010 :: Sock.sinaddr:  66.212.64.252
Wed Feb 24 12:25:29 2010 :: Loading Phiaera.
Wed Feb 24 12:25:30 2010 :: Look out, Phiaera@252-64-212-66.spl.org has connected.
Wed Feb 24 12:25:53 2010 :: Sock.sinaddr:  170.185.173.19
Wed Feb 24 12:26:00 2010 :: Loading Trylan.
Wed Feb 24 12:26:05 2010 :: Trylan. Bad Password. IP: ohio.kyschools.us> krtynn
Wed Feb 24 12:26:05 2010 :: Closing link to Trylan.
Wed Feb 24 12:26:56 2010 :: Sock.sinaddr:  170.185.173.19
Wed Feb 24 12:27:02 2010 :: Loading Trylan.
Wed Feb 24 12:27:05 2010 :: Look out, Trylan@ohio.kyschools.us has connected.
Wed Feb 24 12:29:39 2010 :: Sock.sinaddr:  76.20.233.114
Wed Feb 24 12:29:41 2010 :: Loading Shinn.
Wed Feb 24 12:29:43 2010 :: Look out, Shinn@c-76-20-233-114.hsd1.ga.comcast.net has connected.
Wed Feb 24 12:30:09 2010 :: Shinn has quit.
Wed Feb 24 12:30:41 2010 :: Dagarith has quit.
Wed Feb 24 12:30:46 2010 :: Sock.sinaddr:  76.20.233.114
Read_from_descriptor: Connection reset by peer
Wed Feb 24 12:30:49 2010 :: Sock.sinaddr:  76.20.233.114
Wed Feb 24 12:30:52 2010 :: Loading Shinn.
Wed Feb 24 12:30:54 2010 :: Look out, Shinn@c-76-20-233-114.hsd1.ga.comcast.net has connected.
Wed Feb 24 12:37:58 2010 :: Trylan has quit.
Wed Feb 24 12:38:26 2010 :: Sock.sinaddr:  97.95.232.19
Wed Feb 24 12:38:28 2010 :: Loading Blink.
Wed Feb 24 12:38:30 2010 :: Look out, Blink@97-95-232-19.dhcp.sffl.va.charter.com has connected.
Wed Feb 24 12:40:22 2010 :: Blink has quit.
Wed Feb 24 12:41:17 2010 :: Sock.sinaddr:  66.57.202.149
Wed Feb 24 12:41:21 2010 :: Loading Mikhal.
Wed Feb 24 12:41:21 2010 :: Mikhal. Bad Password. IP: cpe-066-057-202-149.sc.res.rr.com> 
Wed Feb 24 12:41:21 2010 :: Closing link to Mikhal.
Wed Feb 24 12:41:25 2010 :: Sock.sinaddr:  66.57.202.149
Wed Feb 24 12:41:27 2010 :: Loading Mikhal.
Wed Feb 24 12:41:31 2010 :: Look out, Mikhal@cpe-066-057-202-149.sc.res.rr.com has connected.
Wed Feb 24 12:45:32 2010 :: Sock.sinaddr:  174.32.54.213
Wed Feb 24 12:45:42 2010 :: Loading Morgion.
Wed Feb 24 12:46:02 2010 :: Loading Horrace.
Wed Feb 24 12:46:05 2010 :: Look out, Horrace@host174320021354.direcway.com has connected.
Wed Feb 24 12:47:30 2010 :: Log Morgion: echo {DA storm forms just overhead. It is as ominous as Black Magic itself!{x
Wed Feb 24 12:48:12 2010 :: Log Morgion: echo It starts to rain.
Wed Feb 24 12:52:43 2010 :: Sock.sinaddr:  170.185.173.19
Wed Feb 24 12:52:46 2010 :: Loading Xavier.
Wed Feb 24 12:52:49 2010 :: Look out, Xavier@ohio.kyschools.us has connected.
Wed Feb 24 12:53:37 2010 :: Log Morgion: echo The wind hisses through the courtyard: {DMurder someone!{x
Read_from_descriptor: Connection reset by peer
Wed Feb 24 12:54:20 2010 :: Closing link to Morgion.
Read_from_descriptor: Connection reset by peer
Wed Feb 24 12:54:37 2010 :: Closing link to Horrace.
Wed Feb 24 12:58:08 2010 :: Sock.sinaddr:  174.32.54.213
Wed Feb 24 12:58:08 2010 :: Sock.sinaddr:  174.32.54.213
Wed Feb 24 12:58:08 2010 :: Sock.sinaddr:  174.32.54.213
Wed Feb 24 12:58:08 2010 :: Sock.sinaddr:  174.32.54.213
Wed Feb 24 12:58:27 2010 :: Loading Morgion.
Wed Feb 24 12:58:28 2010 :: Morgion@host174320021354.direcway.com reconnected.
Wed Feb 24 12:59:58 2010 :: Sock.sinaddr:  174.32.54.213
Wed Feb 24 13:00:08 2010 :: Xavier has quit.
Wed Feb 24 13:00:11 2010 :: Loading Horrace.
Wed Feb 24 13:00:13 2010 :: Horrace@host174320021354.direcway.com reconnected.
Wed Feb 24 13:01:07 2010 :: Sock.sinaddr:  170.185.173.19
Wed Feb 24 13:01:14 2010 :: Loading Xavier.
Wed Feb 24 13:01:15 2010 :: Look out, Xavier@ohio.kyschools.us has connected.
Wed Feb 24 13:11:40 2010 :: Sock.sinaddr:  173.147.6.29
Wed Feb 24 13:11:43 2010 :: Loading Ikarus.
Wed Feb 24 13:11:45 2010 :: Look out, Ikarus@173-147-6-29.pools.spcsdns.net has connected.
Wed Feb 24 13:12:03 2010 :: Ikarus has quit.
Wed Feb 24 13:12:10 2010 :: Sock.sinaddr:  173.147.6.29
Wed Feb 24 13:12:14 2010 :: Loading Niro.
Wed Feb 24 13:12:15 2010 :: Look out, Niro@173-147-6-29.pools.spcsdns.net has connected.
Read_from_descriptor: Connection reset by peer
Read_from_descriptor: Connection reset by peer
Read_from_descriptor: Connection reset by peer
Wed Feb 24 13:20:42 2010 :: Log Morgion: reward hirinthas 500 roleplay
Wed Feb 24 13:21:42 2010 :: Hirinthas has quit.
Wed Feb 24 13:21:46 2010 :: Phiaera has quit.
Wed Feb 24 13:21:51 2010 :: Log Morgion: reward horrace 500 roleplay
Wed Feb 24 13:21:57 2010 :: Sock.sinaddr:  66.212.64.252
Wed Feb 24 13:22:13 2010 :: Loading Kirei.
Wed Feb 24 13:22:15 2010 :: Look out, Kirei@252-64-212-66.spl.org has connected.
Wed Feb 24 13:22:27 2010 :: Sock.sinaddr:  66.212.64.252
Wed Feb 24 13:22:27 2010 :: EOF encountered on read.
Wed Feb 24 13:22:27 2010 :: Closing link to Kirei.
Wed Feb 24 13:22:31 2010 :: Shinn has quit.
Wed Feb 24 13:22:33 2010 :: Sock.sinaddr:  76.20.233.114
Wed Feb 24 13:22:35 2010 :: Loading Deirou.
Wed Feb 24 13:22:36 2010 :: Loading Kirei.
Wed Feb 24 13:22:38 2010 :: Kirei@252-64-212-66.spl.org reconnected.
Wed Feb 24 13:22:38 2010 :: Look out, Deirou@c-76-20-233-114.hsd1.ga.comcast.net has connected.
Wed Feb 24 13:23:28 2010 :: Log Morgion: echo >>>HOW TO PLAY<<< Players are given a jumbled group of letters and are asked to uncramble them to spell the correct answer. Each correct answer earns you 100 steel! *There is no penalty for incorrect answers. [Example: Question 99: orMgnio] Answer: say Morgion
Wed Feb 24 13:25:24 2010 :: Log Morgion: echo >>>SCRAMBLER Begins in 1 minute!<<<
Wed Feb 24 13:27:07 2010 :: [*****] BUG: buffer overflow past size 16384
Wed Feb 24 13:27:24 2010 :: 173-147-6-29.pools.spcsdns.net input spamming!
Wed Feb 24 13:28:45 2010 :: 173-147-6-29.pools.spcsdns.net input spamming!
Wed Feb 24 13:29:23 2010 :: Huginn has quit.
Wed Feb 24 13:29:34 2010 :: Deirou gained level 22
Wed Feb 24 13:30:06 2010 :: 173-147-6-29.pools.spcsdns.net input spamming!
Wed Feb 24 13:30:49 2010 :: Kirei gained level 15
Wed Feb 24 13:33:30 2010 :: Sock.sinaddr:  170.185.173.19
Wed Feb 24 13:33:42 2010 :: Log Morgion: string obj doom short {DHell {BFrozen Rain{x
Wed Feb 24 13:33:50 2010 :: EOF encountered on read.
Wed Feb 24 13:34:42 2010 :: Mikhal has quit.
Wed Feb 24 13:35:11 2010 :: Sock.sinaddr:  170.185.173.19
Wed Feb 24 13:35:12 2010 :: Deirou has quit.
Wed Feb 24 13:35:16 2010 :: Sock.sinaddr:  76.20.233.114
Wed Feb 24 13:35:18 2010 :: Loading Shinn.
Wed Feb 24 13:35:20 2010 :: Look out, Shinn@c-76-20-233-114.hsd1.ga.comcast.net has connected.
Wed Feb 24 13:36:21 2010 :: 173-147-6-29.pools.spcsdns.net input spamming!
Wed Feb 24 13:36:49 2010 :: Rasja@ohio.kyschools.us new player.
Wed Feb 24 13:38:51 2010 :: EOF encountered on read.
Wed Feb 24 13:38:51 2010 :: Closing link to Rasja.
Wed Feb 24 13:39:59 2010 :: 173-147-6-29.pools.spcsdns.net input spamming!
Wed Feb 24 13:40:25 2010 :: Xavier has quit.
Wed Feb 24 13:40:26 2010 :: Sock.sinaddr:  170.185.173.19
Wed Feb 24 13:40:27 2010 :: Loading Azjol.
Wed Feb 24 13:40:28 2010 :: Look out, Azjol@ohio.kyschools.us has connected.
Wed Feb 24 13:41:08 2010 :: Azjol has quit.
Wed Feb 24 13:41:08 2010 :: Sock.sinaddr:  170.185.173.19
Wed Feb 24 13:41:10 2010 :: Loading Xavier.
Wed Feb 24 13:41:12 2010 :: Look out, Xavier@ohio.kyschools.us has connected.
Wed Feb 24 13:41:21 2010 :: 173-147-6-29.pools.spcsdns.net input spamming!
Wed Feb 24 13:42:10 2010 :: Shinn has quit.
Wed Feb 24 13:42:12 2010 :: Sock.sinaddr:  76.20.233.114
Wed Feb 24 13:42:16 2010 :: Loading Deirou.
Wed Feb 24 13:42:19 2010 :: Look out, Deirou@c-76-20-233-114.hsd1.ga.comcast.net has connected.
Wed Feb 24 13:42:20 2010 :: Xavier has quit.
Wed Feb 24 13:44:30 2010 :: Kirei gained level 16
Wed Feb 24 13:47:16 2010 :: Log Morgion: echo >>>HOW TO PLAY<<< Players are given a jumbled group of letters and are asked to uncramble them to spell the correct answer. Each correct answer earns you 100 steel! *There is no penalty for incorrect answers. [Example: Question 99: orMgnio] Answer: say Morgion
Wed Feb 24 13:47:35 2010 :: Log Morgion: echo >>>WINNING<<< The player with the most correctly unscrambled words wins the game and takes 100 steel for each correct answer, but also a bonus prize featured for that week. >>>This week's prize: a Quest note, Good Luck!!
Wed Feb 24 13:51:28 2010 :: 173-147-6-29.pools.spcsdns.net input spamming!
Wed Feb 24 13:53:22 2010 :: Sock.sinaddr:  83.57.195.95
Wed Feb 24 13:53:54 2010 :: Kirei gained level 17
Wed Feb 24 13:53:54 2010 :: Deirou gained level 23
Wed Feb 24 13:54:20 2010 :: EOF encountered on read.
Wed Feb 24 13:57:15 2010 :: Kirei gained level 18
Wed Feb 24 14:01:42 2010 :: Kirei gained level 19
Wed Feb 24 14:06:48 2010 :: Horrace has quit.
Wed Feb 24 14:06:59 2010 :: Sock.sinaddr:  174.32.54.213
Wed Feb 24 14:10:58 2010 :: Sock.sinaddr:  24.214.179.178
Wed Feb 24 14:10:58 2010 :: Sock.sinaddr:  24.214.179.178
Wed Feb 24 14:11:03 2010 :: Loading Arlanthis.
Wed Feb 24 14:11:05 2010 :: Look out, Arlanthis@user-24-214-179-178.knology.net has connected.
Wed Feb 24 14:11:13 2010 :: Deirou gained level 24
Wed Feb 24 14:12:21 2010 :: Kirei gained level 20
Wed Feb 24 14:12:45 2010 :: [WARNING] Arlanthis replies to Niro: When the whole mud fought against each other and shit
Wed Feb 24 14:21:04 2010 :: Kirei gained level 21
Wed Feb 24 14:25:49 2010 :: Deirou gained level 25
Wed Feb 24 14:26:58 2010 :: Kirei gained level 22
Wed Feb 24 14:28:07 2010 :: Deirou has quit.
Wed Feb 24 14:28:28 2010 :: Kirei has quit.
Wed Feb 24 14:29:14 2010 :: Sock.sinaddr:  76.11.169.74
Wed Feb 24 14:29:18 2010 :: Loading Skravir.
Wed Feb 24 14:29:19 2010 :: Look out, Skravir@host-76-11-169-74.newwavecomm.net has connected.
Wed Feb 24 14:29:28 2010 :: Skravir has quit.
Wed Feb 24 14:29:50 2010 :: Sock.sinaddr:  72.145.140.49
Wed Feb 24 14:29:52 2010 :: Loading Zivilyn.
Wed Feb 24 14:29:54 2010 :: Look out, Zivilyn@adsl-145-140-49.asm.bellsouth.net has connected.
Wed Feb 24 14:32:36 2010 :: Sock.sinaddr:  72.145.140.49
Wed Feb 24 14:32:37 2010 :: Loading Gulgor.
Wed Feb 24 14:32:39 2010 :: Look out, Gulgor@adsl-145-140-49.asm.bellsouth.net has connected.
Wed Feb 24 14:36:42 2010 :: Sock.sinaddr:  72.51.172.167
Wed Feb 24 14:36:46 2010 :: Loading Kolf.
Wed Feb 24 14:36:48 2010 :: Look out, Kolf@host-72-51-172-167.newwavecomm.net has connected.
Wed Feb 24 14:37:22 2010 :: Log Zivilyn: snoop morg
Wed Feb 24 14:37:26 2010 :: Log Zivilyn: snoop gulgor
Wed Feb 24 14:37:29 2010 :: Log Zivilyn: snoop self
Wed Feb 24 14:37:32 2010 :: Log Zivilyn: snoop morgion
Wed Feb 24 14:37:47 2010 :: Kolf has quit.
Wed Feb 24 14:43:25 2010 :: Log Zivilyn: clone colo
Wed Feb 24 14:43:54 2010 :: Sock.sinaddr:  66.212.64.252
Wed Feb 24 14:44:03 2010 :: Loading Mirinya.
Wed Feb 24 14:44:05 2010 :: Look out, Mirinya@252-64-212-66.spl.org has connected.
Wed Feb 24 14:45:49 2010 :: Sock.sinaddr:  99.204.203.41
Wed Feb 24 14:46:00 2010 :: Loading Ikarus.
Wed Feb 24 14:46:01 2010 :: Look out, Ikarus@99-204-203-41.pools.spcsdns.net has connected.
Wed Feb 24 14:46:58 2010 :: Ikarus has quit.
Wed Feb 24 14:47:00 2010 :: Sock.sinaddr:  99.204.203.41
Wed Feb 24 14:47:01 2010 :: Loading Niro.
Wed Feb 24 14:47:04 2010 :: Closing link to Niro.
Wed Feb 24 14:47:04 2010 :: Niro@99-204-203-41.pools.spcsdns.net reconnected.
Read_from_descriptor: Connection reset by peer
Wed Feb 24 14:48:40 2010 :: Closing link to Niro.
Wed Feb 24 14:49:23 2010 :: Sock.sinaddr:  99.204.203.41
Wed Feb 24 14:49:24 2010 :: Loading Niro.
Wed Feb 24 14:49:26 2010 :: Niro@99-204-203-41.pools.spcsdns.net reconnected.
Wed Feb 24 14:54:58 2010 :: Sock.sinaddr:  66.57.202.149
Wed Feb 24 14:55:01 2010 :: Loading Mikhal.
Wed Feb 24 14:55:04 2010 :: Look out, Mikhal@cpe-066-057-202-149.sc.res.rr.com has connected.
Wed Feb 24 15:08:49 2010 :: Sock.sinaddr:  122.105.248.170
Wed Feb 24 15:08:55 2010 :: Loading Inglor.
Wed Feb 24 15:08:56 2010 :: Look out, Inglor@d122-105-248-170.sbr18.nsw.optusnet.com.au has connected.
Wed Feb 24 15:23:09 2010 :: Log Zivilyn: snoop miri
Wed Feb 24 15:29:04 2010 :: Sock.sinaddr:  66.32.21.80
Wed Feb 24 15:29:06 2010 :: Loading Rayo.
Wed Feb 24 15:29:07 2010 :: Look out, Rayo@user-11205ag.dsl.mindspring.com has connected.
Wed Feb 24 15:30:03 2010 :: 99-204-203-41.pools.spcsdns.net input spamming!
Wed Feb 24 15:35:22 2010 :: 99-204-203-41.pools.spcsdns.net input spamming!
Wed Feb 24 15:37:27 2010 :: Mirinya has quit.
Wed Feb 24 15:37:37 2010 :: Sock.sinaddr:  68.155.212.151
Wed Feb 24 15:39:08 2010 :: Sock.sinaddr:  66.212.64.252
Wed Feb 24 15:39:12 2010 :: Loading Aiko.
Wed Feb 24 15:39:13 2010 :: Look out, Aiko@252-64-212-66.spl.org has connected.
Wed Feb 24 15:39:47 2010 :: Rasja@adsl-155-212-151.owb.bellsouth.net new player.
Wed Feb 24 15:42:58 2010 :: Sock.sinaddr:  72.51.172.167
Wed Feb 24 15:42:59 2010 :: Loading Kolf.
Wed Feb 24 15:43:01 2010 :: Look out, Kolf@host-72-51-172-167.newwavecomm.net has connected.
Wed Feb 24 15:44:06 2010 :: Rayo has quit.
Wed Feb 24 15:45:42 2010 :: Log Zivilyn: snoop aiko
Wed Feb 24 15:50:55 2010 :: Kolf has quit.
Wed Feb 24 15:51:58 2010 :: Mikhal has quit.
Wed Feb 24 15:57:36 2010 :: 99-204-203-41.pools.spcsdns.net input spamming!
Wed Feb 24 15:58:01 2010 :: Rasja gained level 2
Wed Feb 24 15:58:52 2010 :: Rasja has quit.
Wed Feb 24 15:58:57 2010 :: 99-204-203-41.pools.spcsdns.net input spamming!
Wed Feb 24 16:00:19 2010 :: 99-204-203-41.pools.spcsdns.net input spamming!
Wed Feb 24 16:02:34 2010 :: Sock.sinaddr:  206.174.18.71
Wed Feb 24 16:02:37 2010 :: Loading Allyria.
Wed Feb 24 16:02:38 2010 :: Look out, Allyria@71-18-174-206.gci.net has connected.
Wed Feb 24 16:07:25 2010 :: Morgion has quit.
Wed Feb 24 16:07:33 2010 :: EOF encountered on read.
Wed Feb 24 16:07:34 2010 :: EOF encountered on read.
Wed Feb 24 16:07:35 2010 :: EOF encountered on read.
Wed Feb 24 16:07:36 2010 :: EOF encountered on read.
Wed Feb 24 16:08:35 2010 :: Sock.sinaddr:  68.155.212.151
Wed Feb 24 16:08:44 2010 :: Closing link to Kruin.
Wed Feb 24 16:08:53 2010 :: Sock.sinaddr:  68.155.212.151
Wed Feb 24 16:13:34 2010 :: Kayore@adsl-155-212-151.owb.bellsouth.net new player.
Wed Feb 24 16:16:17 2010 :: Allyria has quit.
Wed Feb 24 16:21:23 2010 :: Sock.sinaddr:  85.90.84.132
Wed Feb 24 16:21:31 2010 :: Loading Sebastian.
Wed Feb 24 16:21:31 2010 :: Look out, Sebastian@85.90.84.132 has connected.
Wed Feb 24 16:22:12 2010 :: Sock.sinaddr:  174.32.54.213
Wed Feb 24 16:22:16 2010 :: Loading Morgion.
Wed Feb 24 16:22:18 2010 :: Look out, Morgion@host174320021354.direcway.com has connected.
Wed Feb 24 16:23:41 2010 :: Kayore gained level 2
Wed Feb 24 16:24:37 2010 :: Log Morgion: string
Wed Feb 24 16:26:17 2010 :: Kayore gained level 3
Wed Feb 24 16:26:22 2010 :: Aiko has quit.
Wed Feb 24 16:26:33 2010 :: Sock.sinaddr:  66.212.64.252
Wed Feb 24 16:26:36 2010 :: Loading Alyxia.
Wed Feb 24 16:26:38 2010 :: Look out, Alyxia@252-64-212-66.spl.org has connected.
Wed Feb 24 16:27:02 2010 :: Log Zivilyn: snoop alyxia
Wed Feb 24 16:27:22 2010 :: Log Morgion: string char alyxia title - {WKnight{w of the {YCrown{x
Wed Feb 24 16:27:28 2010 :: Log Morgion: notitle alyxia
Wed Feb 24 16:27:29 2010 :: Log Morgion: string char alyxia title - {WKnight{w of the {YCrown{x
Wed Feb 24 16:27:31 2010 :: Kayore gained level 4
Wed Feb 24 16:31:01 2010 :: Kayore gained level 5
Wed Feb 24 16:33:18 2010 :: Sock.sinaddr:  110.20.56.232
Wed Feb 24 16:33:27 2010 :: Loading Pashintra.
Wed Feb 24 16:33:28 2010 :: Look out, Pashintra@110.20.56.232.optusnet.com.au has connected.
Wed Feb 24 16:35:24 2010 :: EOF encountered on read.
Wed Feb 24 16:35:24 2010 :: Closing link to Kayore.
Wed Feb 24 16:35:28 2010 :: Sock.sinaddr:  85.90.84.132
Wed Feb 24 16:36:02 2010 :: Loading Hirinthas.
Wed Feb 24 16:36:02 2010 :: Look out, Hirinthas@85.90.84.132 has connected.
Wed Feb 24 16:40:28 2010 :: Pashintra has quit.
Wed Feb 24 16:43:23 2010 :: Hirinthas has quit.
Wed Feb 24 16:48:58 2010 :: Gulgor has quit.
Wed Feb 24 16:51:13 2010 :: Kayore has quit.
Wed Feb 24 16:59:56 2010 :: Sock.sinaddr:  72.145.140.49
Wed Feb 24 17:00:00 2010 :: Loading Aerogos.
Wed Feb 24 17:00:02 2010 :: Look out, Aerogos@adsl-145-140-49.asm.bellsouth.net has connected.
Wed Feb 24 17:04:38 2010 :: Sock.sinaddr:  66.57.202.149
Wed Feb 24 17:04:40 2010 :: Loading Mikhal.
Wed Feb 24 17:04:43 2010 :: Look out, Mikhal@cpe-066-057-202-149.sc.res.rr.com has connected.
Wed Feb 24 17:05:50 2010 :: Mikhal has quit.
Wed Feb 24 17:07:55 2010 :: Log Zivilyn: snoop inglor
Wed Feb 24 17:15:51 2010 :: Log Zivilyn: pecho Alyxia You get the feeling someone is watching you.
Wed Feb 24 17:18:23 2010 :: Log Zivilyn: snoop morgion
Wed Feb 24 17:21:22 2010 :: Sock.sinaddr:  24.48.137.3
Wed Feb 24 17:21:26 2010 :: Loading Darkahn.
Wed Feb 24 17:21:28 2010 :: Look out, Darkahn@24.48.137.3.usa2net.net has connected.
Wed Feb 24 17:21:58 2010 :: Darkahn has quit.
Wed Feb 24 17:24:43 2010 :: Aerogos has quit.
Wed Feb 24 17:28:01 2010 :: Sock.sinaddr:  76.11.242.17
Wed Feb 24 17:28:07 2010 :: Loading Delacroix.
Wed Feb 24 17:28:07 2010 :: Look out, Delacroix@host-76-11-242-17.newwavecomm.net has connected.
Wed Feb 24 17:28:08 2010 :: Log Zivilyn: pecho inglor Sebastian turns his head to Inglor.  He snarls, standing up from his seat and leaning forward over the desk.  Blood begins to pour from his eyes, and in a foul tone, he says, "{rYour blood will boil.{x"
Wed Feb 24 17:29:14 2010 :: Sock.sinaddr:  99.204.203.41
Wed Feb 24 17:29:18 2010 :: Loading Niro.
Wed Feb 24 17:29:21 2010 :: Closing link to Niro.
Wed Feb 24 17:29:21 2010 :: Niro@99-204-203-41.pools.spcsdns.net reconnected.
Wed Feb 24 17:31:17 2010 :: 99-204-203-41.pools.spcsdns.net input spamming!
Wed Feb 24 17:32:38 2010 :: 99-204-203-41.pools.spcsdns.net input spamming!
Wed Feb 24 17:32:43 2010 :: Morgion has quit.
Wed Feb 24 17:33:59 2010 :: Delacroix has quit.
Wed Feb 24 17:33:59 2010 :: Log Zivilyn: pecho inglor Sebastian's face splits open at the seams, and his skin falls away from the body like a silk cloth.  A flood of blood rushes out of the skin like it were a blood bag, and left standing there is a bulky black knight.  Red lights flare up in the eye sockets, as an echoing voice calls out, "{DBurn...{x".
Wed Feb 24 17:34:00 2010 :: 99-204-203-41.pools.spcsdns.net input spamming!
Wed Feb 24 17:36:44 2010 :: 99-204-203-41.pools.spcsdns.net input spamming!
Wed Feb 24 17:38:00 2010 :: Log Zivilyn: echo The imaginary death knight that only Inglor can see crosses his arms and taps his foot, waiting patiently.
Wed Feb 24 17:39:56 2010 :: Log Zivilyn: pecho inglor The black knight fumbles through his script, "{DWhere was I.... Oh, yes!{x"  IC:  The black knight leans over the desk again, with ferver, and proclaims louder, "{DBURN!!{x"
Wed Feb 24 17:41:47 2010 :: Sock.sinaddr:  66.57.202.149
Wed Feb 24 17:41:53 2010 :: Loading Mikhal.
Wed Feb 24 17:41:56 2010 :: Look out, Mikhal@cpe-066-057-202-149.sc.res.rr.com has connected.
Wed Feb 24 17:42:04 2010 :: Mikhal has quit.
Wed Feb 24 17:42:07 2010 :: Sock.sinaddr:  172.130.148.128
Wed Feb 24 17:42:15 2010 :: Loading Rulyndine.
Wed Feb 24 17:42:17 2010 :: Look out, Rulyndine@AC829480.ipt.aol.com has connected.
Wed Feb 24 17:42:21 2010 :: Sock.sinaddr:  83.57.195.95
Wed Feb 24 17:43:00 2010 :: EOF encountered on read.
Wed Feb 24 17:45:15 2010 :: Log Zivilyn: pecho inglor The red eyes within narrow, and the uneasy feeling of a toothy smile upon the unseen face from within the helm is present.  Like a rush, reality hits, revealing Sebastian not a death knight, but Sebastian.  A whisper in the evil one's voice resounds, "{DVengeful...{x"
Wed Feb 24 17:46:55 2010 :: Rulyndine has quit.
Wed Feb 24 17:46:57 2010 :: Sock.sinaddr:  172.130.148.128
Wed Feb 24 17:47:00 2010 :: Loading Delacom.
Wed Feb 24 17:47:02 2010 :: Delacom. Bad Password. IP: AC829480.ipt.aol.com> angelkar
Wed Feb 24 17:47:02 2010 :: Closing link to Delacom.
Wed Feb 24 17:47:04 2010 :: Sock.sinaddr:  172.130.148.128
Wed Feb 24 17:47:06 2010 :: Loading Delacom.
Wed Feb 24 17:47:08 2010 :: Look out, Delacom@AC829480.ipt.aol.com has connected.
Wed Feb 24 17:57:37 2010 :: [*****] BUG: Sig handler SIGTERM.
Wed Feb 24 17:57:37 2010 :: Saved zones:
Wed Feb 24 17:57:37 2010 :: None.
Wed Feb 24 11:57:37 2010 :: ROM is ready to rock on port 6100.
Wed Feb 24 11:57:37 2010 :: Copyover recovery initiated
Wed Feb 24 11:57:37 2010 :: Loading Delacom.
Wed Feb 24 11:57:37 2010 :: Loading Niro.
Wed Feb 24 11:57:37 2010 :: Loading Alyxia.
Wed Feb 24 11:57:37 2010 :: Loading Sebastian.
Wed Feb 24 11:57:37 2010 :: Loading Inglor.
Wed Feb 24 11:57:37 2010 :: Loading Zivilyn.
Wed Feb 24 11:57:37 2010 :: Loading Arlanthis.
