Incomplete termcap entry

Incomplete termcap entry

==1376572== Memcheck, a memory error detector
==1376572== Copyright (C) 2002-2022, and GNU GPL'd, by Julian Seward et al.
==1376572== Using Valgrind-3.22.0 and LibVEX; rerun with -h for copyright info
==1376572== Command: ./startup
==1376572== 
==1376579== 
==1376579== HEAP SUMMARY:
==1376579==     in use at exit: 74,849 bytes in 507 blocks
==1376579==   total heap usage: 1,300 allocs, 793 frees, 175,917 bytes allocated
==1376579== 
==1376579== LEAK SUMMARY:
==1376579==    definitely lost: 396 bytes in 2 blocks
==1376579==    indirectly lost: 2,996 bytes in 35 blocks
==1376579==      possibly lost: 0 bytes in 0 blocks
==1376579==    still reachable: 71,457 bytes in 470 blocks
==1376579==         suppressed: 0 bytes in 0 blocks
==1376579== Rerun with --leak-check=full to see details of leaked memory
==1376579== 
==1376579== For lists of detected and suppressed errors, rerun with: -s
==1376579== ERROR SUMMARY: 0 errors from 0 contexts (suppressed: 0 from 0)
==1376593== 
==1376593== HEAP SUMMARY:
==1376593==     in use at exit: 154,980 bytes in 758 blocks
==1376593==   total heap usage: 8,467 allocs, 7,709 frees, 1,122,379 bytes allocated
==1376593== 
==1376593== LEAK SUMMARY:
==1376593==    definitely lost: 516 bytes in 7 blocks
==1376593==    indirectly lost: 2,996 bytes in 35 blocks
==1376593==      possibly lost: 0 bytes in 0 blocks
==1376593==    still reachable: 151,468 bytes in 716 blocks
==1376593==         suppressed: 0 bytes in 0 blocks
==1376593== Rerun with --leak-check=full to see details of leaked memory
==1376593== 
==1376593== For lists of detected and suppressed errors, rerun with: -s
==1376593== ERROR SUMMARY: 0 errors from 0 contexts (suppressed: 0 from 0)
==1376572== 
==1376572== Process terminating with default action of signal 15 (SIGTERM)
==1376572==    at 0x52F07F1: sigprocmask (in /usr/lib64/libc-2.28.so)
==1376572==    by 0x52F0234: __sigjmp_save (in /usr/lib64/libc-2.28.so)
==1376572==    by 0x130B97: ??? (in /usr/bin/tcsh)
==1376572==    by 0x1310A8: ??? (in /usr/bin/tcsh)
==1376572==    by 0x11245E: ??? (in /usr/bin/tcsh)
==1376572==    by 0x111234: ??? (in /usr/bin/tcsh)
==1376572==    by 0x52DC7E4: (below main) (in /usr/lib64/libc-2.28.so)
==1376572== 
==1376572== HEAP SUMMARY:
==1376572==     in use at exit: 149,796 bytes in 1,119 blocks
==1376572==   total heap usage: 1,826,796,012 allocs, 1,826,794,893 frees, 121,504,229,470 bytes allocated
==1376572== 
==1376572== LEAK SUMMARY:
==1376572==    definitely lost: 204 bytes in 4 blocks
==1376572==    indirectly lost: 0 bytes in 0 blocks
==1376572==      possibly lost: 0 bytes in 0 blocks
==1376572==    still reachable: 149,592 bytes in 1,115 blocks
==1376572==         suppressed: 0 bytes in 0 blocks
==1376572== Rerun with --leak-check=full to see details of leaked memory
==1376572== 
==1376572== For lists of detected and suppressed errors, rerun with: -s
==1376572== ERROR SUMMARY: 0 errors from 0 contexts (suppressed: 0 from 0)
Segmentation fault (core dumped)
Segmentation fault (core dumped)
Segmentation fault (core dumped)
