group.are
rom.are
help.are
void.are
mariner.are
darktemp.are
forge.are
nature.are
lemish.are
holyorde.are
palroads.are
immort.are
nevermi2.are
garnetmo.are
solace.are
zebdeep.are
hallknow.are
darkenwo.are
palanthu.are
school.are
kalaman.are
searoads.are
abanfor.are
southroa.are
dargaard.are
garret.are
solanthu.are
istar.are
marsh.are
grimdel.are
qualino.are
shoikan.are
urione.are
newport.are
silvanes.are
haven.are
thorbard.are
nevermin.are
neraka.are
xaktsaro.are
knigotak.are
plaindus.are
neraka2.are
merclan.are
crystal.are
clerist.are
undead.are
khalkist.are
qualfore.are
flotsam.are
kender1.are
wayreth.are
vingaard.are
thorbar2.are
urione2.are
queshu.are
silvanos.are
portcall.are
tourney.are
forgocav.are
$
