Fri Jan 28 16:28:59 2005 :: ROM is ready to rock on port 6100.
Fri Jan 28 16:29:01 2005 :: Sock.sinaddr:  68.84.161.110
Fri Jan 28 16:29:03 2005 :: Sock.sinaddr:  68.32.96.221
New_descriptor: getpeername: Transport endpoint is not connected
Write_to_descriptor: Connection reset by peer
Write_to_descriptor: Broken pipe
Write_to_descriptor: Broken pipe
Write_to_descriptor: Broken pipe
Write_to_descriptor: Broken pipe
Write_to_descriptor: Broken pipe
Write_to_descriptor: Broken pipe
Write_to_descriptor: Broken pipe
Fri Jan 28 16:29:07 2005 :: Sock.sinaddr:  69.105.125.16
Fri Jan 28 16:29:07 2005 :: EOF encountered on read.
Fri Jan 28 16:29:07 2005 :: Loading Velox.
Fri Jan 28 16:29:09 2005 :: Sock.sinaddr:  82.154.59.200
Write_to_descriptor: Broken pipe
Write_to_descriptor: Broken pipe
Write_to_descriptor: Broken pipe
Write_to_descriptor: Broken pipe
Write_to_descriptor: Broken pipe
Write_to_descriptor: Broken pipe
Fri Jan 28 16:29:09 2005 :: Look out, Velox@pcp0010321099pcs.500ash01.tn.comcast.net has connected.
Fri Jan 28 16:29:09 2005 :: Loading Simon.
Fri Jan 28 16:29:11 2005 :: Sock.sinaddr:  66.32.134.76
Fri Jan 28 16:29:11 2005 :: EOF encountered on read.
Fri Jan 28 16:29:13 2005 :: Sock.sinaddr:  213.149.101.2
Fri Jan 28 16:29:13 2005 :: Loading Ulath.
Fri Jan 28 16:29:13 2005 :: Look out, Simon@pcp09048423pcs.rocsth01.mi.comcast.net has connected.
Fri Jan 28 16:29:14 2005 :: Sock.sinaddr:  82.154.59.200
Fri Jan 28 16:29:14 2005 :: Look out, Ulath@user-11211ic.dsl.mindspring.com has connected.
Fri Jan 28 16:29:16 2005 :: Sock.sinaddr:  65.119.216.2
Fri Jan 28 16:29:19 2005 :: Sock.sinaddr:  213.13.64.26
Fri Jan 28 16:29:19 2005 :: Loading Fenix.
Fri Jan 28 16:29:19 2005 :: Loading Elaira.
Fri Jan 28 16:29:21 2005 :: Loading Marlok.
Fri Jan 28 16:29:21 2005 :: Look out, Fenix@82.154.59.200 has connected.
Fri Jan 28 16:29:21 2005 :: Look out, Marlok@dial-b3-64-26.telepac.pt has connected.
Fri Jan 28 16:29:22 2005 :: Loading Terrace.
Fri Jan 28 16:29:23 2005 :: Look out, Terrace@cerberus2.centralpenn.edu has connected.
Fri Jan 28 16:29:30 2005 :: Sock.sinaddr:  172.197.37.198
Fri Jan 28 16:29:32 2005 :: Loading Takhisis.
Fri Jan 28 16:29:33 2005 :: Look out, Elaira@213.149.101.2 has connected.
Fri Jan 28 16:29:35 2005 :: Look out, Takhisis@adsl-69-105-125-16.dsl.pltn13.pacbell.net has connected.
Fri Jan 28 16:29:39 2005 :: Closing link to Terindel.
Fri Jan 28 16:29:51 2005 :: Sock.sinaddr:  172.197.37.198
Fri Jan 28 16:29:56 2005 :: Loading Tarindel.
Fri Jan 28 16:29:58 2005 :: Look out, Tarindel@ACC525C6.ipt.aol.com has connected.
Fri Jan 28 16:30:04 2005 :: Sock.sinaddr:  24.247.64.232
Fri Jan 28 16:30:10 2005 :: Loading Hiddukel.
Fri Jan 28 16:30:11 2005 :: Look out, Hiddukel@24.247.64.232.up.mi.chartermi.net has connected.
Fri Jan 28 16:33:00 2005 :: Tarindel gained level 6
Fri Jan 28 16:35:42 2005 :: Sock.sinaddr:  69.110.148.75
Fri Jan 28 16:35:45 2005 :: Loading Drakov.
Fri Jan 28 16:35:48 2005 :: Look out, Drakov@adsl-69-110-148-75.dsl.pltn13.pacbell.net has connected.
Fri Jan 28 16:36:46 2005 :: Drakov has quit.
Fri Jan 28 16:37:54 2005 :: Sock.sinaddr:  63.227.106.12
Fri Jan 28 16:37:57 2005 :: Loading Mishakal.
Fri Jan 28 16:37:57 2005 :: Look out, Mishakal@63-227-106-12.albq.qwest.net has connected.
Fri Jan 28 16:40:46 2005 :: Ulath has quit.
Fri Jan 28 16:41:53 2005 :: Log Hiddukel: addapply
Fri Jan 28 16:44:06 2005 :: Log Hiddukel: asp terrace help immortal
Fri Jan 28 16:44:43 2005 :: [WARNING] Simon tells Takhisis: Some people on this Mud are brain dead, I swear
Fri Jan 28 16:45:31 2005 :: Log Hiddukel: laston habbakuk
Fri Jan 28 16:46:31 2005 :: Terrace has quit.
Fri Jan 28 16:46:33 2005 :: Sock.sinaddr:  65.119.216.2
Fri Jan 28 16:48:32 2005 :: Habbakuk@cerberus2.centralpenn.edu new player.
Fri Jan 28 16:49:00 2005 :: Log Hiddukel: trans habb
Fri Jan 28 16:49:02 2005 :: Log Hiddukel: empower habb 103
Fri Jan 28 16:49:25 2005 :: Log Hiddukel: notitle habb
Fri Jan 28 16:50:15 2005 :: [WARNING] Simon replies to Mishakal: Some people on this mud are brain dead, I've discovered
Fri Jan 28 16:50:56 2005 :: Elaira gained level 9
Fri Jan 28 16:50:56 2005 :: Velox gained level 14
Fri Jan 28 16:52:42 2005 :: Log Hiddukel: trans habb
Fri Jan 28 16:53:03 2005 :: Tarindel gained level 7
Fri Jan 28 16:53:30 2005 :: Elaira gained level 10
Fri Jan 28 16:55:10 2005 :: Log Takhisis: allow
Fri Jan 28 16:55:29 2005 :: Sock.sinaddr:  69.110.148.75
Fri Jan 28 16:55:33 2005 :: Loading Drakov.
Fri Jan 28 16:55:35 2005 :: Look out, Drakov@adsl-69-110-148-75.dsl.pltn13.pacbell.net has connected.
Fri Jan 28 16:57:00 2005 :: Log Hiddukel: asave changed
Fri Jan 28 16:57:07 2005 :: Log Hiddukel: gecho ** Rebooting the MUD
Fri Jan 28 16:57:09 2005 :: Log Hiddukel: reboot
Fri Jan 28 16:57:09 2005 :: Closing link to Drakov.
Fri Jan 28 16:57:09 2005 :: Closing link to Habbakuk.
Fri Jan 28 16:57:09 2005 :: Closing link to Mishakal.
Fri Jan 28 16:57:09 2005 :: Closing link to Hiddukel.
Fri Jan 28 16:57:09 2005 :: Closing link to Tarindel.
Fri Jan 28 16:57:09 2005 :: Closing link to Marlok.
Fri Jan 28 16:57:09 2005 :: Closing link to Fenix.
Fri Jan 28 16:57:09 2005 :: Closing link to Elaira.
Fri Jan 28 16:57:09 2005 :: Closing link to Takhisis.
Fri Jan 28 16:57:09 2005 :: Closing link to Velox.
Fri Jan 28 16:57:09 2005 :: Closing link to Simon.
Fri Jan 28 16:57:10 2005 :: Normal termination of game.
