Wed Feb  2 12:57:50 2005 :: ROM is ready to rock on port 6100.
Wed Feb  2 12:57:53 2005 :: Sock.sinaddr:  12.75.27.56
Wed Feb  2 12:57:55 2005 :: Sock.sinaddr:  172.167.82.101
Write_to_descriptor: Broken pipe
Write_to_descriptor: Broken pipe
Write_to_descriptor: Broken pipe
Write_to_descriptor: Broken pipe
Write_to_descriptor: Broken pipe
Write_to_descriptor: Broken pipe
Write_to_descriptor: Broken pipe
Wed Feb  2 12:57:55 2005 :: EOF encountered on read.
Wed Feb  2 12:57:55 2005 :: Loading Gilean.
Wed Feb  2 12:57:57 2005 :: Sock.sinaddr:  172.173.234.81
Wed Feb  2 12:57:57 2005 :: EOF encountered on read.
Wed Feb  2 12:57:57 2005 :: Look out, Gilean@12.75.27.56 has connected.
Wed Feb  2 12:57:59 2005 :: Sock.sinaddr:  71.8.33.88
Wed Feb  2 12:58:04 2005 :: Loading Loknar.
Wed Feb  2 12:58:07 2005 :: Sock.sinaddr:  24.154.73.227
Wed Feb  2 12:58:07 2005 :: Look out, Loknar@ACADEA51.ipt.aol.com has connected.
Wed Feb  2 12:58:10 2005 :: Sock.sinaddr:  68.32.96.221
Wed Feb  2 12:58:12 2005 :: Loading Aganus.
Wed Feb  2 12:58:12 2005 :: Look out, Aganus@pcp0010321099pcs.500ash01.tn.comcast.net has connected.
Wed Feb  2 12:58:13 2005 :: Loading Majere.
Wed Feb  2 12:58:14 2005 :: Look out, Majere@acs-24-154-73-227.zoominternet.net has connected.
Wed Feb  2 12:58:20 2005 :: Log Gilean: check
Wed Feb  2 12:58:25 2005 :: Log Gilean: check process
Wed Feb  2 12:58:50 2005 :: Sock.sinaddr:  172.167.82.101
Wed Feb  2 12:58:58 2005 :: Log Gilean: check process
Wed Feb  2 13:00:04 2005 :: Sock.sinaddr:  204.58.123.10
Wed Feb  2 13:00:27 2005 :: Loading Ulath.
Wed Feb  2 13:00:27 2005 :: Look out, Ulath@204.58.123.10 has connected.
Wed Feb  2 13:01:07 2005 :: Karnos@ACA75265.ipt.aol.com new player.
Wed Feb  2 13:12:46 2005 :: Log Gilean: asave area
Wed Feb  2 13:14:01 2005 :: Karnos gained level 2
Wed Feb  2 13:16:35 2005 :: Log Gilean: asp score maj
Wed Feb  2 13:16:40 2005 :: Log Gilean: asper majere sco
Wed Feb  2 13:16:58 2005 :: Karnos gained level 3
Wed Feb  2 13:17:16 2005 :: Aganus gained level 8
Wed Feb  2 13:20:28 2005 :: Karnos gained level 4
Wed Feb  2 13:25:51 2005 :: Sock.sinaddr:  172.162.233.17
Wed Feb  2 13:26:54 2005 :: Log Gilean: load obj 1914
Wed Feb  2 13:27:34 2005 :: Loading Shinn.
Wed Feb  2 13:27:36 2005 :: Look out, Shinn@ACA2E911.ipt.aol.com has connected.
Wed Feb  2 13:27:44 2005 :: Log Gilean: slay knight
Wed Feb  2 13:30:58 2005 :: Sock.sinaddr:  68.53.61.162
Wed Feb  2 13:31:03 2005 :: Loading Solinari.
Wed Feb  2 13:31:03 2005 :: Look out, Solinari@pcp08895676pcs.hcksrd01.tn.comcast.net has connected.
Wed Feb  2 13:33:09 2005 :: Log Gilean: gecho Quick copyover coming, please standby and grab all items from the ground
Wed Feb  2 13:33:25 2005 :: Log Gilean: restore all
Wed Feb  2 13:33:26 2005 :: Log Gilean: force all save
Wed Feb  2 13:33:38 2005 :: Log Gilean: asave changed
Wed Feb  2 13:33:38 2005 :: Log Gilean: copyover
Wed Feb  2 13:33:38 2005 :: ROM is ready to rock on port 6100.
Wed Feb  2 13:33:38 2005 :: Copyover recovery initiated
Wed Feb  2 13:33:38 2005 :: Loading Solinari.
Wed Feb  2 13:33:38 2005 :: Loading Shinn.
Wed Feb  2 13:33:38 2005 :: Loading Ulath.
Wed Feb  2 13:33:38 2005 :: Loading Karnos.
Wed Feb  2 13:33:38 2005 :: Loading Aganus.
Wed Feb  2 13:33:38 2005 :: Loading Majere.
Wed Feb  2 13:33:38 2005 :: Loading Loknar.
Wed Feb  2 13:33:38 2005 :: Loading Gilean.
Wed Feb  2 13:33:46 2005 :: Sock.sinaddr:  71.8.33.88
Wed Feb  2 13:33:52 2005 :: Loading Kitaira.
Wed Feb  2 13:33:58 2005 :: Look out, Kitaira@cable-71-8-33-88.grd.al.charter.com has connected.
Wed Feb  2 13:34:06 2005 :: Gilean has quit.
Wed Feb  2 13:34:19 2005 :: Sock.sinaddr:  12.75.27.56
Wed Feb  2 13:34:21 2005 :: Loading Gilean.
Wed Feb  2 13:34:22 2005 :: Look out, Gilean@12.75.27.56 has connected.
Wed Feb  2 13:34:26 2005 :: Log Gilean: check
Wed Feb  2 13:34:31 2005 :: Log Gilean: check process
Wed Feb  2 13:35:05 2005 :: Gilean has quit.
Wed Feb  2 13:36:25 2005 :: Karnos has quit.
Wed Feb  2 13:36:30 2005 :: Sock.sinaddr:  172.167.82.101
Wed Feb  2 13:36:35 2005 :: Loading Atule.
Wed Feb  2 13:36:37 2005 :: Look out, Atule@ACA75265.ipt.aol.com has connected.
Wed Feb  2 13:38:26 2005 :: Aganus has quit.
Wed Feb  2 13:38:34 2005 :: Sock.sinaddr:  68.32.96.221
Wed Feb  2 13:38:36 2005 :: Loading Sori.
Wed Feb  2 13:38:36 2005 :: Look out, Sori@pcp0010321099pcs.500ash01.tn.comcast.net has connected.
Wed Feb  2 13:40:56 2005 :: Kitaira gained level 3
Wed Feb  2 13:41:57 2005 :: Kitaira gained level 4
Wed Feb  2 13:46:37 2005 :: Kitaira gained level 5
Wed Feb  2 13:47:05 2005 :: Majere has quit.
Wed Feb  2 13:49:32 2005 :: Ulath has quit.
Wed Feb  2 13:51:23 2005 :: Sori has quit.
Wed Feb  2 13:52:29 2005 :: Sock.sinaddr:  68.32.96.221
Wed Feb  2 13:53:22 2005 :: Closing link to Veloc.
Wed Feb  2 13:53:23 2005 :: Sock.sinaddr:  68.32.96.221
Wed Feb  2 13:53:25 2005 :: Loading Velox.
Wed Feb  2 13:53:27 2005 :: Look out, Velox@pcp0010321099pcs.500ash01.tn.comcast.net has connected.
Wed Feb  2 13:55:39 2005 :: Kitaira gained level 6
Wed Feb  2 13:58:10 2005 :: Log Solinari: string obj pearl name lockpick
Wed Feb  2 13:58:31 2005 :: Log Solinari: string obj lockpick short A Kender Lockpick
Wed Feb  2 13:59:24 2005 :: Log Solinari: string obj lockpick long A small lockpick, just about the right size for the hands of a Kender.
Wed Feb  2 14:00:35 2005 :: Solinari has quit.
Wed Feb  2 14:02:08 2005 :: Shinn has quit.
Wed Feb  2 14:02:13 2005 :: Sock.sinaddr:  172.162.233.17
Wed Feb  2 14:02:19 2005 :: Loading Kokath.
Wed Feb  2 14:02:22 2005 :: Look out, Kokath@ACA2E911.ipt.aol.com has connected.
Wed Feb  2 14:05:04 2005 :: Kokath has quit.
Wed Feb  2 14:05:06 2005 :: Sock.sinaddr:  81.193.222.53
Wed Feb  2 14:05:08 2005 :: Sock.sinaddr:  172.162.233.17
Wed Feb  2 14:05:08 2005 :: Loading Elzix.
Wed Feb  2 14:05:10 2005 :: Look out, Elzix@81.193.222.53 has connected.
Wed Feb  2 14:05:13 2005 :: Loading Teyen.
Wed Feb  2 14:05:15 2005 :: Look out, Teyen@ACA2E911.ipt.aol.com has connected.
Wed Feb  2 14:09:04 2005 :: Sock.sinaddr:  142.166.92.51
Write_to_descriptor: Connection reset by peer
Write_to_descriptor: Broken pipe
Write_to_descriptor: Broken pipe
Write_to_descriptor: Broken pipe
Write_to_descriptor: Broken pipe
Wed Feb  2 14:09:04 2005 :: EOF encountered on read.
Wed Feb  2 14:09:07 2005 :: EOF encountered on read.
Wed Feb  2 14:10:04 2005 :: Kitaira has quit.
Wed Feb  2 14:14:40 2005 :: Sock.sinaddr:  67.67.139.14
Wed Feb  2 14:14:52 2005 :: Loading Tattiana.
Wed Feb  2 14:14:53 2005 :: Look out, Tattiana@adsl-67-67-139-14.dsl.tulsok.swbell.net has connected.
Wed Feb  2 14:15:19 2005 :: Tattiana has quit.
Wed Feb  2 14:16:26 2005 :: Sock.sinaddr:  218.101.86.46
Wed Feb  2 14:16:31 2005 :: Loading Pieter.
Wed Feb  2 14:16:33 2005 :: Look out, Pieter@218-101-86-46.dialup.clear.net.nz has connected.
Wed Feb  2 14:16:44 2005 :: Pieter has quit.
Wed Feb  2 14:17:26 2005 :: Teyen has quit.
Wed Feb  2 14:17:30 2005 :: Sock.sinaddr:  172.162.233.17
Wed Feb  2 14:17:46 2005 :: Loading Raykimm.
Wed Feb  2 14:17:50 2005 :: Look out, Raykimm@ACA2E911.ipt.aol.com has connected.
Wed Feb  2 14:19:32 2005 :: Sock.sinaddr:  204.58.123.10
Wed Feb  2 14:19:55 2005 :: Loading Schlor.
Wed Feb  2 14:19:55 2005 :: Look out, Schlor@204.58.123.10 has connected.
Wed Feb  2 14:23:56 2005 :: Atule gained level 22
Wed Feb  2 14:24:52 2005 :: Sock.sinaddr:  64.168.130.114
Wed Feb  2 14:24:55 2005 :: Loading Kiri.
Wed Feb  2 14:24:56 2005 :: Look out, Kiri@adsl-64-168-130-114.dsl.snfc21.pacbell.net has connected.
Wed Feb  2 14:26:26 2005 :: Loknar gained level 18
Wed Feb  2 14:26:26 2005 :: Velox gained level 18
Wed Feb  2 14:30:29 2005 :: Raykimm has quit.
Wed Feb  2 14:30:36 2005 :: Sock.sinaddr:  172.162.233.17
Wed Feb  2 14:30:41 2005 :: Loading Dasap.
Wed Feb  2 14:30:43 2005 :: Look out, Dasap@ACA2E911.ipt.aol.com has connected.
Wed Feb  2 14:33:35 2005 :: Sock.sinaddr:  65.40.188.246
Wed Feb  2 14:33:48 2005 :: Loading Amocoru.
Wed Feb  2 14:33:49 2005 :: Look out, Amocoru@mo-65-40-188-246.dyn.sprint-hsd.net has connected.
Wed Feb  2 14:36:23 2005 :: Amocoru has quit.
Wed Feb  2 14:38:05 2005 :: Dasap has quit.
Wed Feb  2 14:38:09 2005 :: Sock.sinaddr:  172.162.233.17
Wed Feb  2 14:38:15 2005 :: Loading Teyen.
Wed Feb  2 14:38:17 2005 :: Look out, Teyen@ACA2E911.ipt.aol.com has connected.
Wed Feb  2 14:38:20 2005 :: Sock.sinaddr:  172.134.8.249
Wed Feb  2 14:38:28 2005 :: Sock.sinaddr:  218.101.86.46
Wed Feb  2 14:38:30 2005 :: Loading Silvaro.
Wed Feb  2 14:38:34 2005 :: Look out, Silvaro@AC8608F9.ipt.aol.com has connected.
Wed Feb  2 14:38:40 2005 :: Schlor has quit.
Wed Feb  2 14:38:42 2005 :: Loading Pieter.
Wed Feb  2 14:38:43 2005 :: Look out, Pieter@218-101-86-46.dialup.clear.net.nz has connected.
Wed Feb  2 14:38:44 2005 :: Loknar killed by an antelope at 934
Wed Feb  2 14:45:11 2005 :: Kiri has quit.
Wed Feb  2 14:50:36 2005 :: Teyen has quit.
Wed Feb  2 14:50:41 2005 :: Sock.sinaddr:  172.162.233.17
Wed Feb  2 14:50:52 2005 :: Loading Kokath.
Wed Feb  2 14:50:55 2005 :: Look out, Kokath@ACA2E911.ipt.aol.com has connected.
Wed Feb  2 14:51:19 2005 :: Sock.sinaddr:  69.168.161.252
Wed Feb  2 14:51:29 2005 :: EOF encountered on read.
Wed Feb  2 14:52:02 2005 :: Sock.sinaddr:  69.168.161.252
Wed Feb  2 14:52:27 2005 :: Velox gained level 19
Wed Feb  2 14:57:14 2005 :: Sock.sinaddr:  83.132.120.9
Wed Feb  2 14:57:17 2005 :: Loading Phytos.
Wed Feb  2 14:57:17 2005 :: Look out, Phytos@83.132.120.9 has connected.
Wed Feb  2 15:01:13 2005 :: Velox has quit.
Wed Feb  2 15:01:13 2005 :: Sock.sinaddr:  65.40.188.246
Wed Feb  2 15:01:19 2005 :: Loading Fosco.
Wed Feb  2 15:01:20 2005 :: Fosco. Bad Password. IP: mo-65-40-188-246.dyn.sprint-hsd.net> dark420
Wed Feb  2 15:01:20 2005 :: Closing link to Fosco.
Wed Feb  2 15:01:24 2005 :: Sock.sinaddr:  65.40.188.246
Wed Feb  2 15:01:28 2005 :: Loading Fosco.
Wed Feb  2 15:01:29 2005 :: Look out, Fosco@mo-65-40-188-246.dyn.sprint-hsd.net has connected.
Read_from_descriptor: Connection reset by peer
Wed Feb  2 15:02:24 2005 :: Closing link to Fosco.
Wed Feb  2 15:04:44 2005 :: Silvaro has quit.
Wed Feb  2 15:07:02 2005 :: Sock.sinaddr:  64.168.130.114
Wed Feb  2 15:07:04 2005 :: Loading Kiri.
Wed Feb  2 15:07:05 2005 :: Look out, Kiri@adsl-64-168-130-114.dsl.snfc21.pacbell.net has connected.
Wed Feb  2 15:07:48 2005 :: Felleran@69-168-161-252.clvdoh.adelphia.net new player.
Wed Feb  2 15:12:07 2005 :: Kiri has quit.
Wed Feb  2 15:14:58 2005 :: Sock.sinaddr:  67.67.139.14
Wed Feb  2 15:15:05 2005 :: Loading Tattiana.
Wed Feb  2 15:15:07 2005 :: Look out, Tattiana@adsl-67-67-139-14.dsl.tulsok.swbell.net has connected.
Wed Feb  2 15:15:18 2005 :: Sock.sinaddr:  218.101.86.46
Wed Feb  2 15:15:34 2005 :: Loading Pieter.
Wed Feb  2 15:16:30 2005 :: Sock.sinaddr:  83.132.120.9
Wed Feb  2 15:16:32 2005 :: EOF encountered on read.
Wed Feb  2 15:16:32 2005 :: Closing link to Phytos.
Wed Feb  2 15:17:09 2005 :: Loading Phytos.
Wed Feb  2 15:17:09 2005 :: Phytos@83.132.120.9 reconnected.
Wed Feb  2 15:17:18 2005 :: Closing link to Pieter.
Wed Feb  2 15:17:18 2005 :: Pieter@218-101-86-46.dialup.clear.net.nz reconnected.
Wed Feb  2 15:17:52 2005 :: EOF encountered on read.
Wed Feb  2 15:17:52 2005 :: Closing link to Phytos.
Wed Feb  2 15:17:53 2005 :: Sock.sinaddr:  83.132.120.9
Wed Feb  2 15:17:56 2005 :: Loading Phytos.
Wed Feb  2 15:17:56 2005 :: Phytos@83.132.120.9 reconnected.
Wed Feb  2 15:18:48 2005 :: Fosco has quit.
Read_from_descriptor: Connection reset by peer
Wed Feb  2 15:20:37 2005 :: Closing link to Kokath.
Wed Feb  2 15:20:49 2005 :: Sock.sinaddr:  172.162.233.17
Wed Feb  2 15:21:14 2005 :: EOF encountered on read.
Wed Feb  2 15:21:14 2005 :: Closing link to Phytos.
Wed Feb  2 15:21:34 2005 :: Loading Kokath.
Wed Feb  2 15:21:35 2005 :: Kokath@ACA2E911.ipt.aol.com reconnected.
Wed Feb  2 15:22:02 2005 :: Sock.sinaddr:  83.132.120.9
Wed Feb  2 15:22:05 2005 :: Loading Phytos.
Wed Feb  2 15:22:05 2005 :: Phytos@83.132.120.9 reconnected.
Wed Feb  2 15:23:56 2005 :: Sock.sinaddr:  81.193.222.53
Wed Feb  2 15:24:00 2005 :: Loading Elzix.
Wed Feb  2 15:24:14 2005 :: Closing link to Elzix.
Wed Feb  2 15:24:14 2005 :: Elzix@bl4-222-53.dsl.telepac.pt reconnected.
Wed Feb  2 15:24:22 2005 :: EOF encountered on read.
Wed Feb  2 15:24:22 2005 :: Closing link to Phytos.
Wed Feb  2 15:25:00 2005 :: EOF encountered on read.
Wed Feb  2 15:25:00 2005 :: Closing link to Felleran.
Wed Feb  2 15:25:01 2005 :: Sock.sinaddr:  83.132.120.9
Wed Feb  2 15:25:04 2005 :: Loading Phytos.
Wed Feb  2 15:25:04 2005 :: Phytos@83.132.120.9 reconnected.
Wed Feb  2 15:25:10 2005 :: EOF encountered on read.
Wed Feb  2 15:25:10 2005 :: Closing link to Phytos.
Wed Feb  2 15:25:11 2005 :: Sock.sinaddr:  83.132.120.9
Wed Feb  2 15:25:15 2005 :: Loading Phytos.
Wed Feb  2 15:25:15 2005 :: Phytos@83.132.120.9 reconnected.
Wed Feb  2 15:25:19 2005 :: EOF encountered on read.
Wed Feb  2 15:25:19 2005 :: Closing link to Phytos.
Wed Feb  2 15:26:38 2005 :: Sock.sinaddr:  218.101.86.46
Wed Feb  2 15:26:47 2005 :: Tattiana has quit.
Read_from_descriptor: Connection reset by peer
Wed Feb  2 15:28:14 2005 :: Closing link to Atule.
Wed Feb  2 15:28:15 2005 :: Kokath has quit.
Wed Feb  2 15:28:49 2005 :: Sock.sinaddr:  172.162.233.17
Wed Feb  2 15:28:53 2005 :: Sock.sinaddr:  63.227.106.12
Wed Feb  2 15:28:57 2005 :: Loading Mishakal.
Wed Feb  2 15:28:57 2005 :: Look out, Mishakal@63-227-106-12.albq.qwest.net has connected.
Wed Feb  2 15:29:08 2005 :: Loading Kokath.
Wed Feb  2 15:29:10 2005 :: Look out, Kokath@ACA2E911.ipt.aol.com has connected.
Wed Feb  2 15:29:15 2005 :: Sock.sinaddr:  172.167.82.101
Wed Feb  2 15:29:23 2005 :: Loading Atule.
Wed Feb  2 15:29:25 2005 :: Atule@ACA75265.ipt.aol.com reconnected.
Wed Feb  2 15:29:50 2005 :: Sock.sinaddr:  63.227.106.12
Wed Feb  2 15:29:53 2005 :: Loading Serie.
Wed Feb  2 15:29:53 2005 :: Look out, Serie@63-227-106-12.albq.qwest.net has connected.
Read_from_descriptor: Connection reset by peer
Wed Feb  2 15:30:17 2005 :: Closing link to Pieter.
Read_from_descriptor: Connection reset by peer
Wed Feb  2 15:31:03 2005 :: Closing link to Kokath.
Wed Feb  2 15:31:38 2005 :: Sock.sinaddr:  172.162.233.17
Wed Feb  2 15:31:42 2005 :: Loading Kokath.
Wed Feb  2 15:31:44 2005 :: Kokath@ACA2E911.ipt.aol.com reconnected.
Wed Feb  2 15:35:14 2005 :: Loknar killed by a mourner at 17854
Wed Feb  2 15:35:35 2005 :: Kokath killed by a mourner at 17854
Write_to_descriptor: Resource temporarily unavailable
Wed Feb  2 15:36:41 2005 :: Closing link to Loknar.
Wed Feb  2 15:37:28 2005 :: Sock.sinaddr:  172.173.234.81
Wed Feb  2 15:38:09 2005 :: Sock.sinaddr:  67.180.229.197
Wed Feb  2 15:38:09 2005 :: EOF encountered on read.
Wed Feb  2 15:38:21 2005 :: EOF encountered on read.
Wed Feb  2 15:38:44 2005 :: Loading Loknar.
Wed Feb  2 15:38:44 2005 :: Loknar@ACADEA51.ipt.aol.com reconnected.
Wed Feb  2 15:41:41 2005 :: Phytos has quit.
Wed Feb  2 15:41:41 2005 :: [*****] BUG: update_char: Trying to work with an invalidated character.

Wed Feb  2 15:46:56 2005 :: Pieter has quit.
Wed Feb  2 15:55:12 2005 :: Elzix has quit.
Wed Feb  2 15:55:12 2005 :: [*****] BUG: update_char: Trying to work with an invalidated character.

Wed Feb  2 15:55:57 2005 :: Atule has quit.
Wed Feb  2 15:56:42 2005 :: Loknar has quit.
Wed Feb  2 15:57:27 2005 :: Kokath has quit.
Wed Feb  2 15:58:12 2005 :: Serie has quit.
Wed Feb  2 16:06:43 2005 :: Sock.sinaddr:  66.32.126.152
Wed Feb  2 16:06:45 2005 :: Loading Schlor.
Wed Feb  2 16:06:46 2005 :: Look out, Schlor@user-1120vko.dsl.mindspring.com has connected.
Wed Feb  2 16:08:38 2005 :: Schlor has quit.
Read_from_descriptor: Connection timed out
Wed Feb  2 16:11:11 2005 :: Closing link to Mishakal.
Wed Feb  2 16:15:11 2005 :: Sock.sinaddr:  64.207.66.236
Wed Feb  2 16:15:16 2005 :: Loading Gulthar.
Wed Feb  2 16:15:18 2005 :: Look out, Gulthar@66-236-wless-1.lbb-2.door.net has connected.
Wed Feb  2 16:17:26 2005 :: Sock.sinaddr:  24.74.43.150
Wed Feb  2 16:17:30 2005 :: Loading Julianna.
Wed Feb  2 16:17:31 2005 :: Look out, Julianna@clt74-43-150.carolina.rr.com has connected.
Wed Feb  2 16:29:48 2005 :: Sock.sinaddr:  69.110.148.75
Wed Feb  2 16:29:50 2005 :: Loading Drakov.
Wed Feb  2 16:29:52 2005 :: Look out, Drakov@adsl-69-110-148-75.dsl.pltn13.pacbell.net has connected.
Wed Feb  2 16:37:23 2005 :: Sock.sinaddr:  63.227.106.12
Wed Feb  2 16:37:26 2005 :: Loading Mishakal.
Wed Feb  2 16:37:26 2005 :: Mishakal@63-227-106-12.albq.qwest.net reconnected.
Wed Feb  2 16:37:44 2005 :: Sock.sinaddr:  63.227.106.12
Wed Feb  2 16:37:47 2005 :: Loading Serie.
Wed Feb  2 16:37:48 2005 :: Look out, Serie@63-227-106-12.albq.qwest.net has connected.
Wed Feb  2 16:40:53 2005 :: 63-227-106-12.albq.qwest.net input spamming!
Wed Feb  2 16:41:46 2005 :: Sock.sinaddr:  131.204.201.17
Wed Feb  2 16:41:52 2005 :: EOF encountered on read.
Wed Feb  2 16:43:15 2005 :: Sock.sinaddr:  131.204.201.17
Wed Feb  2 16:44:12 2005 :: Sock.sinaddr:  213.13.64.237
Wed Feb  2 16:44:15 2005 :: Loading Zerix.
Wed Feb  2 16:44:15 2005 :: Look out, Zerix@dial-b3-64-237.telepac.pt has connected.
Wed Feb  2 16:46:19 2005 :: Sock.sinaddr:  172.173.230.45
Wed Feb  2 16:46:22 2005 :: Siora@131.204.201.17 new player.
Wed Feb  2 16:46:24 2005 :: Loading Kokath.
Wed Feb  2 16:46:27 2005 :: Look out, Kokath@ACADE62D.ipt.aol.com has connected.
Wed Feb  2 16:50:06 2005 :: Kokath has quit.
Wed Feb  2 16:50:14 2005 :: Sock.sinaddr:  172.173.230.45
Wed Feb  2 16:50:17 2005 :: Loading Shinn.
Wed Feb  2 16:50:19 2005 :: Look out, Shinn@ACADE62D.ipt.aol.com has connected.
Wed Feb  2 16:50:57 2005 :: Sock.sinaddr:  218.101.86.92
Wed Feb  2 16:51:10 2005 :: Closing link to Piter.
Wed Feb  2 16:51:15 2005 :: Sock.sinaddr:  218.101.86.92
Wed Feb  2 16:51:20 2005 :: Loading Pieter.
Wed Feb  2 16:51:22 2005 :: Look out, Pieter@218-101-86-92.dialup.clear.net.nz has connected.
Wed Feb  2 16:55:15 2005 :: Julianna gained level 23
Wed Feb  2 17:01:10 2005 :: Sock.sinaddr:  172.167.82.101
Wed Feb  2 17:01:23 2005 :: Loading Atule.
Wed Feb  2 17:01:27 2005 :: Look out, Atule@ACA75265.ipt.aol.com has connected.
Wed Feb  2 17:09:48 2005 :: Gulthar gained level 18
Wed Feb  2 17:11:49 2005 :: Julianna has quit.
Wed Feb  2 17:15:32 2005 :: Sock.sinaddr:  24.168.180.50
Wed Feb  2 17:15:41 2005 :: Drakov has quit.
Wed Feb  2 17:19:05 2005 :: Atrafuri@rdu168-180-050.nc.rr.com new player.
Wed Feb  2 17:21:06 2005 :: Atule has quit.
Wed Feb  2 17:21:17 2005 :: Sock.sinaddr:  172.167.82.101
Wed Feb  2 17:21:27 2005 :: Loading Dartan.
Wed Feb  2 17:21:30 2005 :: Look out, Dartan@ACA75265.ipt.aol.com has connected.
Wed Feb  2 17:23:22 2005 :: Sock.sinaddr:  218.101.84.150
Wed Feb  2 17:23:51 2005 :: Loading Pieter.
Wed Feb  2 17:23:56 2005 :: Closing link to Pieter.
Wed Feb  2 17:23:56 2005 :: Pieter@218-101-84-150.dialup.clear.net.nz reconnected.
Wed Feb  2 17:25:53 2005 :: Sock.sinaddr:  69.110.148.75
Wed Feb  2 17:25:57 2005 :: Loading Drakov.
Wed Feb  2 17:26:00 2005 :: Look out, Drakov@adsl-69-110-148-75.dsl.pltn13.pacbell.net has connected.
Wed Feb  2 17:30:37 2005 :: Log Dartan: delete
Wed Feb  2 17:30:43 2005 :: Log Dartan: delete
Wed Feb  2 17:30:58 2005 :: Sock.sinaddr:  172.167.82.101
Wed Feb  2 17:31:04 2005 :: Sock.sinaddr:  67.67.139.14
Wed Feb  2 17:31:07 2005 :: Loading Tattiana.
Wed Feb  2 17:31:08 2005 :: Look out, Tattiana@adsl-67-67-139-14.dsl.tulsok.swbell.net has connected.
Wed Feb  2 17:33:29 2005 :: Dartan@ACA75265.ipt.aol.com new player.
Wed Feb  2 17:38:23 2005 :: Atrafuri gained level 2
Wed Feb  2 17:47:47 2005 :: Drakov has quit.
Wed Feb  2 17:54:39 2005 :: Atrafuri has quit.
Wed Feb  2 17:55:28 2005 :: Shinn has quit.
Wed Feb  2 17:55:33 2005 :: Sock.sinaddr:  172.173.230.45
Wed Feb  2 17:55:36 2005 :: Loading Kokath.
Wed Feb  2 17:55:38 2005 :: Look out, Kokath@ACADE62D.ipt.aol.com has connected.
Wed Feb  2 17:55:47 2005 :: Kokath has quit.
Wed Feb  2 17:55:51 2005 :: Sock.sinaddr:  172.173.230.45
Wed Feb  2 17:55:58 2005 :: Loading Dasap.
Wed Feb  2 17:56:00 2005 :: Look out, Dasap@ACADE62D.ipt.aol.com has connected.
Wed Feb  2 17:58:35 2005 :: Dartan gained level 2
Wed Feb  2 17:58:40 2005 :: Sock.sinaddr:  82.17.137.193
Wed Feb  2 17:58:44 2005 :: Loading Sunder.
Wed Feb  2 17:58:48 2005 :: Look out, Sunder@spc1-roch2-3-0-cust193.bagu.broadband.ntl.com has connected.
Wed Feb  2 17:58:55 2005 :: Dartan has quit.
Wed Feb  2 17:59:32 2005 :: Sock.sinaddr:  195.23.188.219
Wed Feb  2 17:59:34 2005 :: Loading Reorx.
Wed Feb  2 17:59:35 2005 :: Look out, Reorx@195-23-188-219.net.novis.pt has connected.
Wed Feb  2 17:59:41 2005 :: Tattiana has quit.
Wed Feb  2 18:01:03 2005 :: Sunder has quit.
Wed Feb  2 18:01:04 2005 :: Sock.sinaddr:  82.17.137.193
Wed Feb  2 18:01:07 2005 :: Loading Talen.
Wed Feb  2 18:01:10 2005 :: Look out, Talen@spc1-roch2-3-0-cust193.bagu.broadband.ntl.com has connected.
Wed Feb  2 18:01:48 2005 :: Log Mishakal: transfer dasap
Wed Feb  2 18:02:41 2005 :: Talen has quit.
Wed Feb  2 18:02:42 2005 :: Sock.sinaddr:  82.17.137.193
Wed Feb  2 18:02:46 2005 :: Loading Zalus.
Wed Feb  2 18:02:49 2005 :: Look out, Zalus@spc1-roch2-3-0-cust193.bagu.broadband.ntl.com has connected.
Wed Feb  2 18:02:56 2005 :: Sock.sinaddr:  68.84.161.110
Wed Feb  2 18:02:59 2005 :: Loading Simon.
Wed Feb  2 18:02:59 2005 :: Look out, Simon@pcp09048423pcs.rocsth01.mi.comcast.net has connected.
Wed Feb  2 18:04:22 2005 :: Log Mishakal: string obj robes short ({CEnchanted{x) {YGolden{x rib bands
Wed Feb  2 18:04:26 2005 :: Log Mishakal: string obj robe short ({CEnchanted{x) {YGolden{x rib bands
Wed Feb  2 18:05:39 2005 :: Sock.sinaddr:  66.32.126.152
Wed Feb  2 18:05:41 2005 :: Loading Schlor.
Wed Feb  2 18:05:42 2005 :: Look out, Schlor@user-1120vko.dsl.mindspring.com has connected.
Wed Feb  2 18:05:55 2005 :: Log Mishakal: string obj robe long Large golden bars, forged to be attached directly to bone, lie here.
Wed Feb  2 18:06:09 2005 :: Log Mishakal: string obj robe name golden rib bands
Wed Feb  2 18:09:03 2005 :: Log Mishakal: string obj swordbelt short ({CEnchanted{x) {YGolden{x Spine {YRing{x
Wed Feb  2 18:09:09 2005 :: Log Mishakal: string obj belt short ({CEnchanted{x) {YGolden{x Spine {YRing{x
Wed Feb  2 18:10:21 2005 :: Sock.sinaddr:  68.84.161.110
Wed Feb  2 18:10:26 2005 :: Loading Simon.
Wed Feb  2 18:10:28 2005 :: Closing link to Simon.
Wed Feb  2 18:10:28 2005 :: Simon@pcp09048423pcs.rocsth01.mi.comcast.net reconnected.
Wed Feb  2 18:10:47 2005 :: Log Mishakal: string obj belt long A large golden ring, forged to be used as a sword belt, lies here.
Wed Feb  2 18:10:55 2005 :: Log Mishakal: string obj belt name golden spine ring
Wed Feb  2 18:11:44 2005 :: Log Mishakal: transfer dasap 3145
Wed Feb  2 18:13:54 2005 :: Gulthar gained level 19
Wed Feb  2 18:16:01 2005 :: Reorx has quit.
Wed Feb  2 18:16:28 2005 :: Sock.sinaddr:  64.168.130.114
Wed Feb  2 18:16:30 2005 :: Loading Kiri.
Wed Feb  2 18:16:34 2005 :: Look out, Kiri@adsl-64-168-130-114.dsl.snfc21.pacbell.net has connected.
Wed Feb  2 18:17:58 2005 :: Sock.sinaddr:  64.168.130.114
Wed Feb  2 18:18:02 2005 :: Loading Silianti.
Wed Feb  2 18:18:05 2005 :: Look out, Silianti@adsl-64-168-130-114.dsl.snfc21.pacbell.net has connected.
Wed Feb  2 18:21:44 2005 :: Dasap has quit.
Wed Feb  2 18:21:48 2005 :: Sock.sinaddr:  172.173.230.45
Wed Feb  2 18:21:51 2005 :: Loading Shinn.
Wed Feb  2 18:21:52 2005 :: Look out, Shinn@ACADE62D.ipt.aol.com has connected.
Wed Feb  2 18:23:08 2005 :: 66-236-wless-1.lbb-2.door.net input spamming!
Wed Feb  2 18:23:28 2005 :: 66-236-wless-1.lbb-2.door.net input spamming!
Wed Feb  2 18:23:39 2005 :: 66-236-wless-1.lbb-2.door.net input spamming!
Wed Feb  2 18:23:52 2005 :: 66-236-wless-1.lbb-2.door.net input spamming!
Wed Feb  2 18:24:01 2005 :: 66-236-wless-1.lbb-2.door.net input spamming!
Wed Feb  2 18:24:07 2005 :: 66-236-wless-1.lbb-2.door.net input spamming!
Wed Feb  2 18:24:19 2005 :: 66-236-wless-1.lbb-2.door.net input spamming!
Wed Feb  2 18:24:26 2005 :: 66-236-wless-1.lbb-2.door.net input spamming!
Wed Feb  2 18:24:50 2005 :: 66-236-wless-1.lbb-2.door.net input spamming!
Wed Feb  2 18:25:05 2005 :: 66-236-wless-1.lbb-2.door.net input spamming!
Wed Feb  2 18:25:20 2005 :: 66-236-wless-1.lbb-2.door.net input spamming!
Wed Feb  2 18:25:28 2005 :: 66-236-wless-1.lbb-2.door.net input spamming!
Wed Feb  2 18:25:35 2005 :: 66-236-wless-1.lbb-2.door.net input spamming!
Wed Feb  2 18:25:58 2005 :: 66-236-wless-1.lbb-2.door.net input spamming!
Wed Feb  2 18:26:04 2005 :: 66-236-wless-1.lbb-2.door.net input spamming!
Wed Feb  2 18:26:18 2005 :: 66-236-wless-1.lbb-2.door.net input spamming!
Wed Feb  2 18:26:32 2005 :: 66-236-wless-1.lbb-2.door.net input spamming!
Wed Feb  2 18:26:47 2005 :: 66-236-wless-1.lbb-2.door.net input spamming!
Wed Feb  2 18:27:08 2005 :: 66-236-wless-1.lbb-2.door.net input spamming!
Wed Feb  2 18:27:14 2005 :: 66-236-wless-1.lbb-2.door.net input spamming!
Wed Feb  2 18:27:25 2005 :: 66-236-wless-1.lbb-2.door.net input spamming!
Wed Feb  2 18:27:32 2005 :: 66-236-wless-1.lbb-2.door.net input spamming!
Wed Feb  2 18:27:43 2005 :: 66-236-wless-1.lbb-2.door.net input spamming!
Wed Feb  2 18:27:51 2005 :: 66-236-wless-1.lbb-2.door.net input spamming!
Wed Feb  2 18:27:57 2005 :: 66-236-wless-1.lbb-2.door.net input spamming!
Wed Feb  2 18:28:11 2005 :: 66-236-wless-1.lbb-2.door.net input spamming!
Wed Feb  2 18:28:18 2005 :: 66-236-wless-1.lbb-2.door.net input spamming!
Wed Feb  2 18:28:26 2005 :: 66-236-wless-1.lbb-2.door.net input spamming!
Wed Feb  2 18:28:27 2005 :: Sock.sinaddr:  69.110.148.75
Wed Feb  2 18:28:29 2005 :: Loading Drakov.
Wed Feb  2 18:28:32 2005 :: Look out, Drakov@adsl-69-110-148-75.dsl.pltn13.pacbell.net has connected.
Wed Feb  2 18:28:40 2005 :: 66-236-wless-1.lbb-2.door.net input spamming!
Wed Feb  2 18:28:54 2005 :: 66-236-wless-1.lbb-2.door.net input spamming!
Wed Feb  2 18:29:10 2005 :: 66-236-wless-1.lbb-2.door.net input spamming!
Wed Feb  2 18:29:16 2005 :: 66-236-wless-1.lbb-2.door.net input spamming!
Wed Feb  2 18:29:31 2005 :: 66-236-wless-1.lbb-2.door.net input spamming!
Wed Feb  2 18:29:47 2005 :: 66-236-wless-1.lbb-2.door.net input spamming!
Wed Feb  2 18:30:03 2005 :: 66-236-wless-1.lbb-2.door.net input spamming!
Wed Feb  2 18:30:18 2005 :: 66-236-wless-1.lbb-2.door.net input spamming!
Wed Feb  2 18:30:24 2005 :: 66-236-wless-1.lbb-2.door.net input spamming!
Wed Feb  2 18:30:30 2005 :: 66-236-wless-1.lbb-2.door.net input spamming!
Wed Feb  2 18:30:40 2005 :: 66-236-wless-1.lbb-2.door.net input spamming!
Wed Feb  2 18:30:50 2005 :: 66-236-wless-1.lbb-2.door.net input spamming!
Wed Feb  2 18:30:58 2005 :: 66-236-wless-1.lbb-2.door.net input spamming!
Wed Feb  2 18:31:04 2005 :: 66-236-wless-1.lbb-2.door.net input spamming!
Wed Feb  2 18:31:16 2005 :: 66-236-wless-1.lbb-2.door.net input spamming!
Wed Feb  2 18:31:24 2005 :: 66-236-wless-1.lbb-2.door.net input spamming!
Wed Feb  2 18:31:35 2005 :: 66-236-wless-1.lbb-2.door.net input spamming!
Wed Feb  2 18:31:41 2005 :: 66-236-wless-1.lbb-2.door.net input spamming!
Wed Feb  2 18:31:48 2005 :: 66-236-wless-1.lbb-2.door.net input spamming!
Wed Feb  2 18:32:09 2005 :: Sock.sinaddr:  81.193.222.53
Wed Feb  2 18:32:11 2005 :: Loading Fenix.
Wed Feb  2 18:32:12 2005 :: Look out, Fenix@81.193.222.53 has connected.
Wed Feb  2 18:32:18 2005 :: 66-236-wless-1.lbb-2.door.net input spamming!
Wed Feb  2 18:32:24 2005 :: 66-236-wless-1.lbb-2.door.net input spamming!
Wed Feb  2 18:32:30 2005 :: 66-236-wless-1.lbb-2.door.net input spamming!
Wed Feb  2 18:32:37 2005 :: 66-236-wless-1.lbb-2.door.net input spamming!
Wed Feb  2 18:32:43 2005 :: 66-236-wless-1.lbb-2.door.net input spamming!
Wed Feb  2 18:32:58 2005 :: 66-236-wless-1.lbb-2.door.net input spamming!
Wed Feb  2 18:33:05 2005 :: 66-236-wless-1.lbb-2.door.net input spamming!
Wed Feb  2 18:33:13 2005 :: 66-236-wless-1.lbb-2.door.net input spamming!
Wed Feb  2 18:33:19 2005 :: 66-236-wless-1.lbb-2.door.net input spamming!
Wed Feb  2 18:33:26 2005 :: 66-236-wless-1.lbb-2.door.net input spamming!
Wed Feb  2 18:33:40 2005 :: Pieter has quit.
Wed Feb  2 18:34:22 2005 :: 66-236-wless-1.lbb-2.door.net input spamming!
Wed Feb  2 18:34:29 2005 :: 66-236-wless-1.lbb-2.door.net input spamming!
Wed Feb  2 18:34:35 2005 :: 66-236-wless-1.lbb-2.door.net input spamming!
Wed Feb  2 18:34:50 2005 :: 66-236-wless-1.lbb-2.door.net input spamming!
Wed Feb  2 18:35:14 2005 :: 66-236-wless-1.lbb-2.door.net input spamming!
Wed Feb  2 18:35:20 2005 :: 66-236-wless-1.lbb-2.door.net input spamming!
Wed Feb  2 18:35:26 2005 :: 66-236-wless-1.lbb-2.door.net input spamming!
Wed Feb  2 18:35:41 2005 :: 66-236-wless-1.lbb-2.door.net input spamming!
Wed Feb  2 18:35:48 2005 :: 66-236-wless-1.lbb-2.door.net input spamming!
Wed Feb  2 18:36:01 2005 :: 66-236-wless-1.lbb-2.door.net input spamming!
Wed Feb  2 18:36:24 2005 :: 66-236-wless-1.lbb-2.door.net input spamming!
Wed Feb  2 18:36:46 2005 :: 66-236-wless-1.lbb-2.door.net input spamming!
Wed Feb  2 18:36:52 2005 :: 66-236-wless-1.lbb-2.door.net input spamming!
Wed Feb  2 18:36:58 2005 :: 66-236-wless-1.lbb-2.door.net input spamming!
Wed Feb  2 18:37:18 2005 :: 66-236-wless-1.lbb-2.door.net input spamming!
Wed Feb  2 18:37:24 2005 :: 66-236-wless-1.lbb-2.door.net input spamming!
Wed Feb  2 18:37:45 2005 :: 66-236-wless-1.lbb-2.door.net input spamming!
Wed Feb  2 18:37:53 2005 :: 66-236-wless-1.lbb-2.door.net input spamming!
Wed Feb  2 18:38:00 2005 :: 66-236-wless-1.lbb-2.door.net input spamming!
Wed Feb  2 18:38:12 2005 :: 66-236-wless-1.lbb-2.door.net input spamming!
Wed Feb  2 18:38:19 2005 :: 66-236-wless-1.lbb-2.door.net input spamming!
Wed Feb  2 18:38:25 2005 :: 66-236-wless-1.lbb-2.door.net input spamming!
Wed Feb  2 18:38:36 2005 :: 66-236-wless-1.lbb-2.door.net input spamming!
Wed Feb  2 18:38:49 2005 :: 66-236-wless-1.lbb-2.door.net input spamming!
Wed Feb  2 18:39:04 2005 :: 66-236-wless-1.lbb-2.door.net input spamming!
Wed Feb  2 18:39:11 2005 :: 66-236-wless-1.lbb-2.door.net input spamming!
Wed Feb  2 18:39:28 2005 :: 66-236-wless-1.lbb-2.door.net input spamming!
Wed Feb  2 18:39:35 2005 :: 66-236-wless-1.lbb-2.door.net input spamming!
Wed Feb  2 18:39:41 2005 :: 66-236-wless-1.lbb-2.door.net input spamming!
Wed Feb  2 18:39:54 2005 :: 66-236-wless-1.lbb-2.door.net input spamming!
Wed Feb  2 18:40:00 2005 :: 66-236-wless-1.lbb-2.door.net input spamming!
Wed Feb  2 18:40:06 2005 :: 66-236-wless-1.lbb-2.door.net input spamming!
Wed Feb  2 18:40:20 2005 :: 66-236-wless-1.lbb-2.door.net input spamming!
Wed Feb  2 18:40:26 2005 :: 66-236-wless-1.lbb-2.door.net input spamming!
Wed Feb  2 18:40:46 2005 :: 66-236-wless-1.lbb-2.door.net input spamming!
Wed Feb  2 18:40:52 2005 :: 66-236-wless-1.lbb-2.door.net input spamming!
Wed Feb  2 18:41:05 2005 :: 66-236-wless-1.lbb-2.door.net input spamming!
Wed Feb  2 18:41:20 2005 :: 66-236-wless-1.lbb-2.door.net input spamming!
Wed Feb  2 18:41:26 2005 :: 66-236-wless-1.lbb-2.door.net input spamming!
Wed Feb  2 18:41:37 2005 :: 66-236-wless-1.lbb-2.door.net input spamming!
Wed Feb  2 18:41:50 2005 :: 66-236-wless-1.lbb-2.door.net input spamming!
Wed Feb  2 18:49:49 2005 :: Log Kiri: pen
Wed Feb  2 18:52:09 2005 :: Zerix has quit.
Wed Feb  2 18:52:12 2005 :: Sock.sinaddr:  213.13.64.237
Wed Feb  2 18:52:14 2005 :: Loading Zerix.
Wed Feb  2 18:52:15 2005 :: Look out, Zerix@dial-b3-64-237.telepac.pt has connected.
Wed Feb  2 18:52:51 2005 :: Zerix has quit.
Wed Feb  2 18:56:41 2005 :: Schlor has quit.
Wed Feb  2 18:57:48 2005 :: Log Kiri: echo You sense a presence behind you. An unnoteworthy knight, sitting at your desk and waiting for your reactions, simply watching.
Wed Feb  2 18:58:43 2005 :: Simon has quit.
Wed Feb  2 18:59:03 2005 :: Log Kiri: laston cordani
Wed Feb  2 18:59:31 2005 :: Log Kiri: laston baalzamon
Wed Feb  2 18:59:57 2005 :: Sock.sinaddr:  68.126.81.245
Wed Feb  2 19:00:02 2005 :: Loading Takhisis.
Wed Feb  2 19:00:03 2005 :: Look out, Takhisis@adsl-68-126-81-245.dsl.pltn13.pacbell.net has connected.
Wed Feb  2 19:01:09 2005 :: Shinn has quit.
Wed Feb  2 19:02:02 2005 :: Sock.sinaddr:  68.126.81.245
Wed Feb  2 19:02:05 2005 :: Loading Silynt.
Wed Feb  2 19:02:06 2005 :: Look out, Silynt@adsl-68-126-81-245.dsl.pltn13.pacbell.net has connected.
Wed Feb  2 19:03:39 2005 :: Gulthar gained level 20
Wed Feb  2 19:08:45 2005 :: Log Kiri: echo Jolsan shifts in the chair slightly, making it creak.
Wed Feb  2 19:10:44 2005 :: Log Mishakal: purge duck
Wed Feb  2 19:10:53 2005 :: Zalus has quit.
Wed Feb  2 19:11:33 2005 :: Sock.sinaddr:  24.74.43.150
Wed Feb  2 19:11:37 2005 :: Loading Julianna.
Wed Feb  2 19:11:38 2005 :: Look out, Julianna@clt74-43-150.carolina.rr.com has connected.
Wed Feb  2 19:12:52 2005 :: Log Kiri: echo Jolsan says 'Some believe my goal is to make you better people, not just nicer ones, but truly extraordinary people: human beings who always know what is good and loving. Serie you have uncommon serenity, wisdom, love, inner strength, and most of all, humilty.
Wed Feb  2 19:14:03 2005 :: Gulthar has quit.
Wed Feb  2 19:14:06 2005 :: Log Kiri: echo Jolsan says 'I love people who have the freedom to choose good or evil, right or wrong, love or selfishness. Because in those choices they do not become blind followers..'
Wed Feb  2 19:17:19 2005 :: Log Kiri: echo Jolsan says 'Just as a child must participate in his maturation by making choices and seeing the consequences, so that process must continue in us as adults.
Wed Feb  2 19:20:10 2005 :: Fenix has quit.
Wed Feb  2 19:21:29 2005 :: Log Kiri: echo Jolsan speaks softly, his eyes compassionate as he looks at you. 'Coming to know me is worth suffering for. The tragedy is to suffer and fail to learn who I am. You cannot possibly know the extent of which I love you Serie. Once you accept your decisions the suffering becomes meaningless..'
Wed Feb  2 19:22:03 2005 :: Sock.sinaddr:  193.136.33.200
Wed Feb  2 19:22:06 2005 :: Loading Chemosh.
Wed Feb  2 19:22:06 2005 :: Look out, Chemosh@aulas-i-p2.fe.up.pt has connected.
Wed Feb  2 19:24:01 2005 :: Log Kiri: echo Jolsan says '<q> my goal was for you to cherish life absolutely. It is my gift to you, a time for you to learn what life is, what love is, and most importantly of all, who I am.'
Wed Feb  2 19:26:11 2005 :: Log Kiri: echo Jolsan says 'Suffering is a tool..it is wise for you to not want to lose it's meaning but to let it dominate you..'
Wed Feb  2 19:27:04 2005 :: Log Kiri: echo Jolsan motions for you to speak.
Wed Feb  2 19:33:11 2005 :: Log Kiri: echo Jolsan says '<q> What do you feel like you should save the most?'
Wed Feb  2 19:33:37 2005 :: Sock.sinaddr:  172.141.70.205
Wed Feb  2 19:33:43 2005 :: Loading Dartan.
Wed Feb  2 19:33:45 2005 :: Look out, Dartan@AC8D46CD.ipt.aol.com has connected.
Wed Feb  2 19:35:03 2005 :: Sock.sinaddr:  193.136.33.200
Wed Feb  2 19:35:04 2005 :: Loading Robert.
Wed Feb  2 19:35:05 2005 :: Look out, Robert@aulas-i-p2.fe.up.pt has connected.
Wed Feb  2 19:35:05 2005 :: Dartan gained level 3
Wed Feb  2 19:35:07 2005 :: EOF encountered on read.
Wed Feb  2 19:35:07 2005 :: Closing link to Robert.
Wed Feb  2 19:36:48 2005 :: Sock.sinaddr:  216.106.79.147
Wed Feb  2 19:36:50 2005 :: Drakov has quit.
Wed Feb  2 19:36:50 2005 :: Loading Vuler.
Wed Feb  2 19:36:52 2005 :: Look out, Vuler@p145.wvmo.socket.net has connected.
Wed Feb  2 19:38:01 2005 :: Vuler has quit.
Wed Feb  2 19:39:54 2005 :: Log Kiri: echo Jolsan sighs deeply. 'Serie, you cannot do the work of the gods...There will be justice..that is my duty. But there must be balance. Events happen that tip that balance but by my will and the will of the other gods of the light it will be maintained.'
Wed Feb  2 19:44:10 2005 :: Sock.sinaddr:  69.110.148.75
Wed Feb  2 19:44:13 2005 :: Loading Drakov.
Wed Feb  2 19:44:15 2005 :: Look out, Drakov@adsl-69-110-148-75.dsl.pltn13.pacbell.net has connected.
Wed Feb  2 19:44:19 2005 :: Dartan gained level 4
Wed Feb  2 19:44:19 2005 :: Log Kiri: echo Jolsan says 'If the forces of good were to fight as evil, they would fling the balance in our direction...then when it shifted it would be all the greater a tragedy.'
Wed Feb  2 19:48:15 2005 :: EOF encountered on read.
Wed Feb  2 19:48:15 2005 :: Closing link to Silynt.
Wed Feb  2 19:48:15 2005 :: EOF encountered on read.
Wed Feb  2 19:48:15 2005 :: Closing link to Takhisis.
Wed Feb  2 19:49:18 2005 :: Sock.sinaddr:  193.136.33.200
Wed Feb  2 19:49:20 2005 :: Loading Robert.
Wed Feb  2 19:49:20 2005 :: Look out, Robert@aulas-i-p2.fe.up.pt has connected.
Wed Feb  2 19:50:59 2005 :: Log Kiri: echo Jolsan sighs 'You can do your part, no one has taken your land from you yet...'
Wed Feb  2 19:51:25 2005 :: Dartan gained level 5
Wed Feb  2 19:53:57 2005 :: Julianna has quit.
Wed Feb  2 19:54:06 2005 :: Dartan gained level 6
Wed Feb  2 19:54:46 2005 :: Log Kiri: echo Jolsan gives you a reassuring smile. 'Lord Kaillen is my follower. Have faith that I will ensure the future of your children. Do you not know enough of Solamnia to instruct your children? Sturm Brightblade, a Knight who walks my halls was lacking proper instruction..yet rose to great glory.
Wed Feb  2 19:57:29 2005 :: Sock.sinaddr:  172.152.233.35
Wed Feb  2 19:57:51 2005 :: Loading Loknar.
Wed Feb  2 19:57:53 2005 :: Look out, Loknar@AC98E923.ipt.aol.com has connected.
Wed Feb  2 19:57:58 2005 :: Log Kiri: echo Jolsan raises an eyebrow. 'Oh?'
Wed Feb  2 19:58:30 2005 :: Dartan has quit.
Wed Feb  2 19:59:20 2005 :: Sock.sinaddr:  172.141.70.205
Wed Feb  2 19:59:24 2005 :: Loading Atule.
Wed Feb  2 19:59:26 2005 :: Look out, Atule@AC8D46CD.ipt.aol.com has connected.
Wed Feb  2 20:00:13 2005 :: Sock.sinaddr:  24.222.38.85
Wed Feb  2 20:02:47 2005 :: Teren@blk-222-38-85.eastlink.ca new player.
Wed Feb  2 20:03:28 2005 :: Robert has quit.
Wed Feb  2 20:03:37 2005 :: Log Kiri: echo Jolsan says 'But you can teach them what you know and schooling can handle the rest...Time will tell Serie.'
Wed Feb  2 20:04:09 2005 :: Silynt has quit.
Wed Feb  2 20:05:40 2005 :: Drakov has quit.
Wed Feb  2 20:06:44 2005 :: Log Kiri: echo Jolsan rises and walks towards you, taking your hand in his, he gives it a kiss. 'Serie you could never fail me, no matter what your choices.'
Read_from_descriptor: Connection reset by peer
Wed Feb  2 20:08:05 2005 :: Closing link to Loknar.
Wed Feb  2 20:08:33 2005 :: Sock.sinaddr:  172.135.19.181
Wed Feb  2 20:08:41 2005 :: Loading Loknar.
Wed Feb  2 20:08:44 2005 :: Loknar@AC8713B5.ipt.aol.com reconnected.
Wed Feb  2 20:10:11 2005 :: Log Kiri: echo Jolsan exits the room quietly, nodding at you as he leaves.
Wed Feb  2 20:12:09 2005 :: Teren gained level 2
Wed Feb  2 20:17:22 2005 :: Teren gained level 3
Wed Feb  2 20:21:58 2005 :: Sock.sinaddr:  66.32.126.152
Wed Feb  2 20:22:00 2005 :: Loading Ulath.
Wed Feb  2 20:22:00 2005 :: Look out, Ulath@user-1120vko.dsl.mindspring.com has connected.
Wed Feb  2 20:23:07 2005 :: Atule gained level 23
Wed Feb  2 20:23:20 2005 :: Silianti has quit.
Wed Feb  2 20:24:25 2005 :: Kiri has quit.
Wed Feb  2 20:29:42 2005 :: Ulath has quit.
Wed Feb  2 20:29:51 2005 :: Loknar has quit.
Wed Feb  2 20:29:57 2005 :: Sock.sinaddr:  172.135.19.181
Wed Feb  2 20:30:04 2005 :: Loading Shyft.
Wed Feb  2 20:30:08 2005 :: Look out, Shyft@AC8713B5.ipt.aol.com has connected.
Wed Feb  2 20:32:35 2005 :: Sock.sinaddr:  218.101.90.6
Wed Feb  2 20:32:40 2005 :: Loading Pieter.
Wed Feb  2 20:32:42 2005 :: Look out, Pieter@218-101-90-6.dialup.clear.net.nz has connected.
Wed Feb  2 20:36:56 2005 :: Shyft killed by a chained criminal at 3710
Wed Feb  2 20:37:29 2005 :: Teren gained level 4
Read_from_descriptor: Connection reset by peer
Wed Feb  2 20:37:48 2005 :: Closing link to Shyft.
Wed Feb  2 20:37:51 2005 :: Sock.sinaddr:  172.135.19.181
Wed Feb  2 20:38:44 2005 :: Mortis@AC8713B5.ipt.aol.com new player.
Wed Feb  2 20:40:10 2005 :: Teren has quit.
Wed Feb  2 20:47:24 2005 :: Mortis gained level 2
Wed Feb  2 20:48:04 2005 :: Atule has quit.
Read_from_descriptor: Connection reset by peer
Wed Feb  2 20:54:23 2005 :: Closing link to Mortis.
Wed Feb  2 20:54:26 2005 :: Sock.sinaddr:  172.135.19.181
Wed Feb  2 20:54:33 2005 :: Loading Shyft.
Wed Feb  2 20:54:38 2005 :: Shyft@AC8713B5.ipt.aol.com reconnected.
Read_from_descriptor: Connection reset by peer
Wed Feb  2 20:54:52 2005 :: Closing link to Shyft.
Wed Feb  2 20:54:57 2005 :: Sock.sinaddr:  172.135.19.181
Wed Feb  2 20:55:04 2005 :: Loading Mortis.
Wed Feb  2 20:55:08 2005 :: Mortis@AC8713B5.ipt.aol.com reconnected.
Read_from_descriptor: Connection reset by peer
Wed Feb  2 20:56:13 2005 :: Closing link to Mortis.
Wed Feb  2 20:58:12 2005 :: Sock.sinaddr:  68.53.61.162
Wed Feb  2 20:58:20 2005 :: Loading Solinari.
Wed Feb  2 20:58:20 2005 :: Look out, Solinari@pcp08895676pcs.hcksrd01.tn.comcast.net has connected.
Wed Feb  2 21:00:31 2005 :: Sock.sinaddr:  172.141.70.205
Wed Feb  2 21:00:35 2005 :: Loading Atule.
Wed Feb  2 21:00:36 2005 :: Look out, Atule@AC8D46CD.ipt.aol.com has connected.
Wed Feb  2 21:03:02 2005 :: Sock.sinaddr:  69.110.148.75
Wed Feb  2 21:06:27 2005 :: Loading Drakov.
Wed Feb  2 21:06:29 2005 :: Look out, Drakov@adsl-69-110-148-75.dsl.pltn13.pacbell.net has connected.
Wed Feb  2 21:09:37 2005 :: Sock.sinaddr:  172.128.235.222
Wed Feb  2 21:10:12 2005 :: Loading Loknar.
Wed Feb  2 21:10:18 2005 :: Look out, Loknar@AC80EBDE.ipt.aol.com has connected.
Wed Feb  2 21:12:20 2005 :: Mortis has quit.
Wed Feb  2 21:14:21 2005 :: [WARNING] Mishakal imms: Bear in mind, Sol, I'm the biggest hypocrite on this mud :-P I'm a lazy sob, but I'll make sure everyone else has their ducks in order.  Go do your homework :-P
Wed Feb  2 21:17:34 2005 :: Sock.sinaddr:  66.32.126.152
Wed Feb  2 21:17:35 2005 :: Loading Schlor.
Wed Feb  2 21:17:36 2005 :: Look out, Schlor@user-1120vko.dsl.mindspring.com has connected.
Wed Feb  2 21:17:39 2005 :: Sock.sinaddr:  64.168.130.114
Wed Feb  2 21:17:41 2005 :: Loading Kiri.
Wed Feb  2 21:17:42 2005 :: Look out, Kiri@adsl-64-168-130-114.dsl.snfc21.pacbell.net has connected.
Wed Feb  2 21:18:03 2005 :: Sock.sinaddr:  64.168.130.114
Wed Feb  2 21:18:07 2005 :: Loading Silianti.
Wed Feb  2 21:18:09 2005 :: Look out, Silianti@adsl-64-168-130-114.dsl.snfc21.pacbell.net has connected.
Wed Feb  2 21:24:30 2005 :: Sock.sinaddr:  218.101.90.213
Wed Feb  2 21:24:34 2005 :: Loading Pieter.
Wed Feb  2 21:24:38 2005 :: Closing link to Pieter.
Wed Feb  2 21:24:38 2005 :: Pieter@218-101-90-213.dialup.clear.net.nz reconnected.
Wed Feb  2 21:30:08 2005 :: Sock.sinaddr:  68.97.166.196
Wed Feb  2 21:30:13 2005 :: Loading Bracer.
Wed Feb  2 21:30:16 2005 :: Look out, Bracer@ip68-97-166-196.ok.ok.cox.net has connected.
Wed Feb  2 21:31:03 2005 :: Log Solinari: switch dragon
Wed Feb  2 21:31:11 2005 :: Log Mishakal: apurge solinari
Wed Feb  2 21:31:21 2005 :: Log Kiri: clone bag
Wed Feb  2 21:33:27 2005 :: Log Kiri: smite solinari
Wed Feb  2 21:33:52 2005 :: Log Solinari: switch dragon
Wed Feb  2 21:39:35 2005 :: Sock.sinaddr:  67.180.229.197
Wed Feb  2 21:39:40 2005 :: Loading Falon.
Wed Feb  2 21:39:41 2005 :: Look out, Falon@c-67-180-229-197.client.comcast.net has connected.
Wed Feb  2 21:40:18 2005 :: Solinari has quit.
Wed Feb  2 21:41:25 2005 :: Sock.sinaddr:  12.215.168.246
Wed Feb  2 21:41:35 2005 :: Loading Lunitari.
Wed Feb  2 21:41:39 2005 :: Look out, Lunitari@12-215-168-246.client.mchsi.com has connected.
Wed Feb  2 21:43:31 2005 :: Schlor has quit.
Wed Feb  2 21:43:35 2005 :: Sock.sinaddr:  66.32.126.152
Wed Feb  2 21:43:37 2005 :: Loading Ulath.
Wed Feb  2 21:43:37 2005 :: Look out, Ulath@user-1120vko.dsl.mindspring.com has connected.
Wed Feb  2 21:45:06 2005 :: Sock.sinaddr:  12.215.168.246
Wed Feb  2 21:45:11 2005 :: Loading Danon.
Wed Feb  2 21:45:15 2005 :: Look out, Danon@12-215-168-246.client.mchsi.com has connected.
Wed Feb  2 21:46:30 2005 :: Sock.sinaddr:  24.247.64.232
Wed Feb  2 21:46:35 2005 :: Loading Hiddukel.
Wed Feb  2 21:46:36 2005 :: Look out, Hiddukel@24.247.64.232.up.mi.chartermi.net has connected.
Wed Feb  2 21:47:58 2005 :: Log Mishakal: purge deerhound
Wed Feb  2 21:49:08 2005 :: Log Hiddukel: asave area
Wed Feb  2 21:54:20 2005 :: Sock.sinaddr:  67.49.185.248
Wed Feb  2 21:54:24 2005 :: Loading Tyrail.
Wed Feb  2 21:54:25 2005 :: Look out, Tyrail@cpe-67-49-185-248.hawaii.rr.com has connected.
Wed Feb  2 21:54:59 2005 :: [WARNING] Ulath replies to Hiddukel: oka  mud question real quick...
Wed Feb  2 21:56:36 2005 :: Log Mishakal: echo A little girl hops out of the shadows, pigtails bouncing at her shoulders.
Wed Feb  2 21:58:22 2005 :: Log Mishakal: echo The girl grins impishly, tossing her pigtails aside.  She peers up at Tyrail.
Wed Feb  2 22:00:07 2005 :: Log Mishakal: echo The girl giggles, but there's something distinctly off about her mannerism.  {w'How long are you just gonna sit there?'{x
Wed Feb  2 22:01:10 2005 :: Falon has quit.
Wed Feb  2 22:01:34 2005 :: Log Mishakal: echo The girl makes a disparaging sound.  {w'Booooring.'{x
Read_from_descriptor: Connection reset by peer
Wed Feb  2 22:02:09 2005 :: Closing link to Loknar.
Wed Feb  2 22:03:01 2005 :: Log Hiddukel: laston fellious
Wed Feb  2 22:03:11 2005 :: Log Mishakal: echo The girl hops nimbly up on the edge of the fountain, still grinning.  {w'Well, when something exciting happens, you let me know - oh, guess not.  I'll just let myself know.  HA!'{x  She whips a couple pieces of parchment out of her small tunic and waves them over her head.
Wed Feb  2 22:03:43 2005 :: Atule has quit.
Wed Feb  2 22:06:03 2005 :: Log Mishakal: echo She hops back down off of the fountain, pocketing the parchments once more.  Hands folded behind her back, she paces towards you, grinning like she has the greatest secret in the world.  {w'Every day is playtime, don't ya know.'{x
Wed Feb  2 22:06:10 2005 :: Sock.sinaddr:  24.154.73.227
Wed Feb  2 22:06:15 2005 :: Loading Majere.
Wed Feb  2 22:06:16 2005 :: Look out, Majere@acs-24-154-73-227.zoominternet.net has connected.
Wed Feb  2 22:07:32 2005 :: Log Hiddukel: illegal bracer
Wed Feb  2 22:09:20 2005 :: Log Mishakal: echo The little girl eyes Tyrail oddly for a moment, some shrewd, unnatural intelligence in her eyes.  {w'Betcha don't know the name of *this* game...'{x
Wed Feb  2 22:09:53 2005 :: [WARNING] Lunitari replies to Fellious: You can find temples devoted to various gods throughout the MUD. And for recall, it doesnt work past level 10, you must either get a potion or use a scroll
Wed Feb  2 22:11:46 2005 :: [WARNING] Ulath replies to Kiri: next time you're in a crappy mood and you want to smite/slay/etc.  go wizi so no one pesters you and take it out on a bunch of high level mobs.  i could have been a newb here and not wanted to come back.  just some advice from someone who used to run a mud too
Wed Feb  2 22:11:53 2005 :: Log Mishakal: echo The girl giggles.  {w'It's so.  When the jester dances, the court never sees the thief in the corner.'{x  She drops a flourished bow, like the tiniest little court performer you've ever seen, then looks up, a strange malice flickering in her gaze that wasn't there before.
Wed Feb  2 22:14:05 2005 :: Log Lunitari: string char danon title Relgoethe - Knight of the {YCrown{x
Wed Feb  2 22:14:09 2005 :: Log Mishakal: echo The girl does a little quickstep.  {w'Oh, here and there.  You know how it goes.  Well, Tyrail, see you around!'{x  She turns, skipping off down the street.
Wed Feb  2 22:18:06 2005 :: Loknar has quit.
Wed Feb  2 22:22:09 2005 :: Log Hiddukel: check snoop
Wed Feb  2 22:22:09 2005 :: [*****] BUG: Sig handler SIGSEGV
Wed Feb  2 22:22:09 2005 :: Saved zones:
Wed Feb  2 22:22:09 2005 :: None.
Wed Feb  2 22:22:09 2005 :: ROM is ready to rock on port 6100.
Wed Feb  2 22:22:09 2005 :: Copyover recovery initiated
Wed Feb  2 22:22:09 2005 :: Loading Majere.
Wed Feb  2 22:22:09 2005 :: Loading Tyrail.
Wed Feb  2 22:22:09 2005 :: Loading Hiddukel.
Wed Feb  2 22:22:09 2005 :: Loading Danon.
Wed Feb  2 22:22:09 2005 :: Loading Ulath.
Wed Feb  2 22:22:09 2005 :: Loading Lunitari.
Wed Feb  2 22:22:09 2005 :: Loading Fellious.
Wed Feb  2 22:22:09 2005 :: Loading Pieter.
Wed Feb  2 22:22:09 2005 :: Loading Silianti.
Wed Feb  2 22:22:09 2005 :: Loading Kiri.
Wed Feb  2 22:22:09 2005 :: Loading Drakov.
Wed Feb  2 22:22:09 2005 :: Loading Chemosh.
Wed Feb  2 22:22:09 2005 :: Loading Serie.
Wed Feb  2 22:22:09 2005 :: Loading Mishakal.
Wed Feb  2 22:22:14 2005 :: Log Hiddukel: check snoop
Read_from_descriptor: Connection reset by peer
Wed Feb  2 22:28:24 2005 :: Closing link to Pieter.
Wed Feb  2 22:35:03 2005 :: Fellious gained level 12
Wed Feb  2 22:39:49 2005 :: Sock.sinaddr:  71.8.33.88
Wed Feb  2 22:39:55 2005 :: Loading Kitaira.
Wed Feb  2 22:39:55 2005 :: Look out, Kitaira@cable-71-8-33-88.grd.al.charter.com has connected.
Wed Feb  2 22:44:55 2005 :: Pieter has quit.
Wed Feb  2 22:47:02 2005 :: Ulath has quit.
Wed Feb  2 22:49:03 2005 :: Drakov has quit.
Wed Feb  2 22:53:48 2005 :: Sock.sinaddr:  69.110.148.75
Wed Feb  2 22:53:51 2005 :: Loading Drakov.
Wed Feb  2 22:53:54 2005 :: Look out, Drakov@adsl-69-110-148-75.dsl.pltn13.pacbell.net has connected.
Wed Feb  2 22:55:14 2005 :: Sock.sinaddr:  218.101.88.208
Wed Feb  2 22:55:18 2005 :: Sock.sinaddr:  218.101.88.208
Wed Feb  2 22:55:21 2005 :: Loading Pieter.
Wed Feb  2 22:55:23 2005 :: Look out, Pieter@218-101-88-208.dialup.clear.net.nz has connected.
Wed Feb  2 22:58:07 2005 :: Log Majere: snoop serie
Wed Feb  2 22:58:11 2005 :: Drakov has quit.
Wed Feb  2 23:11:39 2005 :: Kitaira has quit.
Wed Feb  2 23:32:06 2005 :: EOF encountered on read.
Wed Feb  2 23:32:06 2005 :: Closing link to Pieter.
Wed Feb  2 23:32:07 2005 :: EOF encountered on read.
Wed Feb  2 23:34:57 2005 :: Sock.sinaddr:  172.170.203.159
Wed Feb  2 23:35:01 2005 :: Loading Kilgor.
Wed Feb  2 23:35:02 2005 :: Look out, Kilgor@ACAACB9F.ipt.aol.com has connected.
Wed Feb  2 23:36:15 2005 :: Kilgor has quit.
Wed Feb  2 23:38:16 2005 :: Sock.sinaddr:  172.170.203.159
Wed Feb  2 23:38:18 2005 :: Loading Kilgor.
Wed Feb  2 23:38:19 2005 :: Look out, Kilgor@ACAACB9F.ipt.aol.com has connected.
Wed Feb  2 23:38:34 2005 :: Sock.sinaddr:  137.229.133.144
Wed Feb  2 23:38:38 2005 :: Loading Jarek.
Wed Feb  2 23:38:39 2005 :: Look out, Jarek@137.229.133.144 has connected.
Wed Feb  2 23:48:00 2005 :: Pieter has quit.
Wed Feb  2 23:50:55 2005 :: Fellious killed by a peasant at 9818
Wed Feb  2 23:56:58 2005 :: Log Mishakal: echo Barney appears doing a dance in an I Dream of Jeanie costume.
Thu Feb  3 00:09:11 2005 :: Log Majere: snoop self
Thu Feb  3 00:09:14 2005 :: Log Majere: snoop silianti
Thu Feb  3 00:10:15 2005 :: Sock.sinaddr:  70.178.81.73
Thu Feb  3 00:10:17 2005 :: Loading Dekyos.
Thu Feb  3 00:10:17 2005 :: Look out, Dekyos@ip70-178-81-73.ma.dl.cox.net has connected.
Read_from_descriptor: Connection reset by peer
Thu Feb  3 00:14:12 2005 :: Closing link to Chemosh.
Thu Feb  3 00:22:11 2005 :: ip68-97-166-196.ok.ok.cox.net input spamming!
Thu Feb  3 00:22:58 2005 :: Sock.sinaddr:  71.8.33.88
Thu Feb  3 00:23:05 2005 :: Loading Kitaira.
Thu Feb  3 00:23:05 2005 :: Look out, Kitaira@cable-71-8-33-88.grd.al.charter.com has connected.
Thu Feb  3 00:25:03 2005 :: Log Kiri: swit solamnic
Thu Feb  3 00:28:42 2005 :: Log Majere: snoop self
Thu Feb  3 00:29:32 2005 :: Kitaira has quit.
Thu Feb  3 00:31:06 2005 :: Sock.sinaddr:  67.180.229.197
Thu Feb  3 00:31:10 2005 :: Loading Falon.
Thu Feb  3 00:31:14 2005 :: Look out, Falon@c-67-180-229-197.client.comcast.net has connected.
Thu Feb  3 00:32:22 2005 :: Kilgor has quit.
Thu Feb  3 00:34:29 2005 :: Falon has quit.
Thu Feb  3 00:37:03 2005 :: Jarek has quit.
Thu Feb  3 00:37:15 2005 :: Sock.sinaddr:  137.229.133.144
Thu Feb  3 00:37:18 2005 :: Loading Kylam.
Thu Feb  3 00:37:20 2005 :: Sock.sinaddr:  67.167.158.54
Thu Feb  3 00:37:22 2005 :: Look out, Kylam@137.229.133.144 has connected.
Thu Feb  3 00:37:22 2005 :: Loading Yaksha.
Thu Feb  3 00:37:23 2005 :: Look out, Yaksha@c-67-167-158-54.client.comcast.net has connected.
Thu Feb  3 00:39:42 2005 :: Yaksha has quit.
Thu Feb  3 00:48:10 2005 :: [WARNING] Kylam says: That stick in the mud?
Thu Feb  3 00:52:03 2005 :: Silianti has quit.
Thu Feb  3 00:52:40 2005 :: [WARNING] Dekyos tells Hiddukel: then again I'm not your standard meta-gaming MUD top 10 browser either
Thu Feb  3 00:54:03 2005 :: Tyrail has quit.
Thu Feb  3 00:54:25 2005 :: Sock.sinaddr:  218.101.84.251
Thu Feb  3 00:54:30 2005 :: Loading Pieter.
Thu Feb  3 00:54:32 2005 :: Look out, Pieter@218-101-84-251.dialup.clear.net.nz has connected.
Thu Feb  3 00:55:19 2005 :: Kylam gained level 25
Thu Feb  3 00:55:21 2005 :: Pieter has quit.
Thu Feb  3 00:56:53 2005 :: Kiri has quit.
Thu Feb  3 00:59:00 2005 :: Sock.sinaddr:  218.101.84.251
Thu Feb  3 00:59:17 2005 :: Loading Pieter.
Thu Feb  3 00:59:18 2005 :: Look out, Pieter@218-101-84-251.dialup.clear.net.nz has connected.
Thu Feb  3 01:09:23 2005 :: Log Majere: snoop kylam
Thu Feb  3 01:09:40 2005 :: Fellious has quit.
Thu Feb  3 01:12:56 2005 :: Log Majere: snoop self
Thu Feb  3 01:12:58 2005 :: Log Majere: snoop danon
Thu Feb  3 01:24:32 2005 :: Sock.sinaddr:  12.215.168.246
Thu Feb  3 01:24:54 2005 :: Loading Lunitari.
Thu Feb  3 01:24:58 2005 :: Closing link to Lunitari.
Thu Feb  3 01:24:58 2005 :: Lunitari@12-215-168-246.client.mchsi.com reconnected.
Thu Feb  3 01:25:05 2005 :: Sock.sinaddr:  12.215.168.246
Thu Feb  3 01:25:09 2005 :: Loading Danon.
Thu Feb  3 01:25:13 2005 :: Closing link to Danon.
Thu Feb  3 01:25:13 2005 :: Danon@12-215-168-246.client.mchsi.com reconnected.
Thu Feb  3 01:25:28 2005 :: Sock.sinaddr:  204.209.44.14
Write_to_descriptor: Broken pipe
Write_to_descriptor: Broken pipe
Write_to_descriptor: Broken pipe
Write_to_descriptor: Broken pipe
Write_to_descriptor: Broken pipe
Write_to_descriptor: Broken pipe
Write_to_descriptor: Broken pipe
Thu Feb  3 01:25:28 2005 :: EOF encountered on read.
Thu Feb  3 01:25:30 2005 :: EOF encountered on read.
Thu Feb  3 01:25:54 2005 :: Log Majere: snoop serie
Thu Feb  3 01:58:51 2005 :: Log Majere: snoop self
Thu Feb  3 02:03:52 2005 :: Log Majere: clone brownie
Thu Feb  3 02:03:53 2005 :: Log Majere: clone brownie
Thu Feb  3 02:09:57 2005 :: Sock.sinaddr:  24.154.73.227
Thu Feb  3 02:09:59 2005 :: Loading Roman.
Thu Feb  3 02:10:00 2005 :: Look out, Roman@acs-24-154-73-227.zoominternet.net has connected.
Thu Feb  3 02:19:47 2005 :: Log Majere: snoop danon
Read_from_descriptor: Connection reset by peer
Thu Feb  3 02:19:58 2005 :: Closing link to Kylam.
Thu Feb  3 02:19:59 2005 :: Dekyos has quit.
Thu Feb  3 02:22:58 2005 :: Sock.sinaddr:  137.229.133.144
Thu Feb  3 02:23:02 2005 :: Loading Kylam.
Thu Feb  3 02:23:05 2005 :: Kylam@137.229.133.144 reconnected.
Thu Feb  3 02:24:04 2005 :: Danon has quit.
Thu Feb  3 02:25:01 2005 :: Lunitari has quit.
Thu Feb  3 02:31:52 2005 :: Log Majere: asperson kylam skill
Thu Feb  3 02:39:10 2005 :: Serie has quit.
Thu Feb  3 02:46:18 2005 :: Sock.sinaddr:  63.227.106.12
Thu Feb  3 02:46:21 2005 :: Loading Mishakal.
Thu Feb  3 02:46:27 2005 :: Closing link to Mishakal.
Thu Feb  3 02:46:27 2005 :: Mishakal@63-227-106-12.albq.qwest.net reconnected.
Thu Feb  3 02:47:01 2005 :: Sock.sinaddr:  63.227.106.12
Thu Feb  3 02:47:04 2005 :: Loading Rina.
Thu Feb  3 02:47:04 2005 :: Look out, Rina@63-227-106-12.albq.qwest.net has connected.
Thu Feb  3 03:02:06 2005 :: Log Majere: asperson kylam pra
Thu Feb  3 03:02:31 2005 :: Kylam gained level 26
Thu Feb  3 03:15:54 2005 :: Kylam has quit.
Thu Feb  3 03:17:40 2005 :: Log Hiddukel: restore all
Thu Feb  3 03:26:38 2005 :: Log Hiddukel: laston tattiana
Thu Feb  3 03:56:33 2005 :: Sock.sinaddr:  193.136.33.200
Thu Feb  3 03:56:35 2005 :: Loading Reorx.
Thu Feb  3 03:56:36 2005 :: Look out, Reorx@aulas-i-p2.fe.up.pt has connected.
Thu Feb  3 03:58:22 2005 :: Sock.sinaddr:  67.180.229.197
Thu Feb  3 03:58:27 2005 :: Loading Falon.
Thu Feb  3 03:58:28 2005 :: Look out, Falon@c-67-180-229-197.client.comcast.net has connected.
Thu Feb  3 03:58:39 2005 :: Falon has quit.
Thu Feb  3 03:59:25 2005 :: Pieter has quit.
Thu Feb  3 04:00:16 2005 :: Sock.sinaddr:  193.136.33.200
Thu Feb  3 04:00:18 2005 :: Loading Viriato.
Thu Feb  3 04:00:18 2005 :: Look out, Viriato@aulas-i-p2.fe.up.pt has connected.
Thu Feb  3 04:19:28 2005 :: Sock.sinaddr:  193.136.33.200
Write_to_descriptor: Broken pipe
Write_to_descriptor: Broken pipe
Write_to_descriptor: Broken pipe
Thu Feb  3 04:19:30 2005 :: EOF encountered on read.
Thu Feb  3 04:49:13 2005 :: Hiddukel has quit.
Thu Feb  3 04:51:44 2005 :: Reorx has quit.
Thu Feb  3 04:51:57 2005 :: Viriato has quit.
Thu Feb  3 04:53:20 2005 :: Sock.sinaddr:  193.136.33.200
Thu Feb  3 04:53:23 2005 :: Loading Reorx.
Thu Feb  3 04:53:23 2005 :: Look out, Reorx@aulas-i-p2.fe.up.pt has connected.
Thu Feb  3 04:53:32 2005 :: Sock.sinaddr:  193.136.33.200
Thu Feb  3 04:53:34 2005 :: Loading Viriato.
Thu Feb  3 04:53:35 2005 :: Look out, Viriato@aulas-i-p2.fe.up.pt has connected.
Thu Feb  3 05:15:12 2005 :: Viriato has quit.
Thu Feb  3 05:15:50 2005 :: Reorx has quit.
Thu Feb  3 05:24:49 2005 :: Rina has quit.
Thu Feb  3 05:24:57 2005 :: Roman has quit.
Thu Feb  3 05:31:50 2005 :: Mishakal has quit.
Thu Feb  3 05:32:56 2005 :: Majere has quit.
Thu Feb  3 05:55:12 2005 :: Sock.sinaddr:  137.229.133.144
Thu Feb  3 05:55:15 2005 :: Loading Jarek.
Thu Feb  3 05:55:17 2005 :: Look out, Jarek@137.229.133.144 has connected.
Thu Feb  3 05:55:21 2005 :: Jarek has quit.
Thu Feb  3 06:02:32 2005 :: Sock.sinaddr:  137.229.133.144
Thu Feb  3 06:02:34 2005 :: Loading Jarek.
Thu Feb  3 06:02:35 2005 :: Look out, Jarek@137.229.133.144 has connected.
Thu Feb  3 06:07:16 2005 :: Sock.sinaddr:  82.17.137.193
Thu Feb  3 06:07:24 2005 :: Loading Sunder.
Thu Feb  3 06:07:29 2005 :: Look out, Sunder@spc1-roch2-3-0-cust193.bagu.broadband.ntl.com has connected.
Thu Feb  3 06:08:05 2005 :: Sunder has quit.
Thu Feb  3 06:10:24 2005 :: Sock.sinaddr:  81.193.222.53
Thu Feb  3 06:10:26 2005 :: Loading Fenix.
Thu Feb  3 06:10:27 2005 :: Look out, Fenix@81.193.222.53 has connected.
Thu Feb  3 06:12:24 2005 :: Jarek has quit.
Thu Feb  3 06:13:55 2005 :: Sock.sinaddr:  193.136.33.131
Write_to_descriptor: Broken pipe
Write_to_descriptor: Broken pipe
Write_to_descriptor: Broken pipe
Write_to_descriptor: Broken pipe
Write_to_descriptor: Broken pipe
Write_to_descriptor: Broken pipe
Write_to_descriptor: Broken pipe
Thu Feb  3 06:14:04 2005 :: Sock.sinaddr:  193.136.33.131
Thu Feb  3 06:14:04 2005 :: EOF encountered on read.
Thu Feb  3 06:14:11 2005 :: Loading Telmus.
Thu Feb  3 06:14:12 2005 :: Look out, Telmus@193.136.33.131 has connected.
Thu Feb  3 06:15:57 2005 :: Fenix has quit.
Thu Feb  3 06:26:57 2005 :: Sock.sinaddr:  81.193.222.53
Thu Feb  3 06:26:59 2005 :: Loading Fenix.
Thu Feb  3 06:26:59 2005 :: Look out, Fenix@81.193.222.53 has connected.
Thu Feb  3 06:36:28 2005 :: Sock.sinaddr:  67.67.139.14
Thu Feb  3 06:36:30 2005 :: Loading Tattiana.
Thu Feb  3 06:36:34 2005 :: Look out, Tattiana@adsl-67-67-139-14.dsl.tulsok.swbell.net has connected.
Thu Feb  3 06:37:51 2005 :: Telmus has quit.
Thu Feb  3 06:42:57 2005 :: Sock.sinaddr:  65.119.216.2
Read_from_descriptor: Connection reset by peer
Thu Feb  3 06:49:08 2005 :: Fenix has quit.
Thu Feb  3 06:49:22 2005 :: Sock.sinaddr:  65.119.216.2
Thu Feb  3 06:50:08 2005 :: Sock.sinaddr:  65.119.216.2
Thu Feb  3 06:50:20 2005 :: Loading Habbakuk.
Thu Feb  3 06:50:26 2005 :: Look out, Habbakuk@cerberus2.centralpenn.edu has connected.
Thu Feb  3 06:50:47 2005 :: Tattiana has quit.
Thu Feb  3 06:50:53 2005 :: EOF encountered on read.
Thu Feb  3 06:54:14 2005 :: Habbakuk has quit.
Thu Feb  3 07:04:12 2005 :: Sock.sinaddr:  193.136.33.200
Thu Feb  3 07:04:14 2005 :: Loading Lanathar.
Thu Feb  3 07:04:14 2005 :: Look out, Lanathar@aulas-i-p2.fe.up.pt has connected.
Thu Feb  3 07:05:02 2005 :: aulas-i-p2.fe.up.pt input spamming!
Thu Feb  3 07:06:39 2005 :: Lanathar has quit.
Thu Feb  3 07:06:46 2005 :: Sock.sinaddr:  193.136.33.200
Thu Feb  3 07:06:50 2005 :: Closing link to Lerneth.
Thu Feb  3 07:06:59 2005 :: Sock.sinaddr:  193.136.33.200
Thu Feb  3 07:07:04 2005 :: Closing link to Warusk.
Thu Feb  3 07:07:12 2005 :: Sock.sinaddr:  193.136.33.200
Thu Feb  3 07:07:13 2005 :: Loading Halig.
Thu Feb  3 07:07:14 2005 :: Look out, Halig@aulas-i-p2.fe.up.pt has connected.
Thu Feb  3 07:08:08 2005 :: Sock.sinaddr:  193.136.33.200
Thu Feb  3 07:08:10 2005 :: Loading Reorx.
Thu Feb  3 07:08:10 2005 :: Look out, Reorx@aulas-i-p2.fe.up.pt has connected.
Thu Feb  3 07:08:16 2005 :: Halig has quit.
Thu Feb  3 07:08:27 2005 :: Sock.sinaddr:  193.136.33.200
Thu Feb  3 07:08:28 2005 :: Loading Viriato.
Thu Feb  3 07:08:29 2005 :: Look out, Viriato@aulas-i-p2.fe.up.pt has connected.
Thu Feb  3 07:08:42 2005 :: aulas-i-p2.fe.up.pt input spamming!
Thu Feb  3 07:10:17 2005 :: Sock.sinaddr:  81.193.222.53
Thu Feb  3 07:10:19 2005 :: Loading Fenix.
Thu Feb  3 07:10:19 2005 :: Look out, Fenix@81.193.222.53 has connected.
Thu Feb  3 07:10:34 2005 :: Sock.sinaddr:  193.136.33.200
Thu Feb  3 07:10:36 2005 :: Loading Draecan.
Thu Feb  3 07:10:36 2005 :: Look out, Draecan@aulas-i-p2.fe.up.pt has connected.
Thu Feb  3 07:11:46 2005 :: Draecan has quit.
Thu Feb  3 07:11:50 2005 :: Sock.sinaddr:  193.136.33.200
Thu Feb  3 07:11:52 2005 :: Loading Halig.
Thu Feb  3 07:11:53 2005 :: Look out, Halig@aulas-i-p2.fe.up.pt has connected.
Thu Feb  3 07:21:32 2005 :: Halig has quit.
Thu Feb  3 07:21:42 2005 :: Sock.sinaddr:  193.136.33.200
Thu Feb  3 07:21:44 2005 :: Loading Draecan.
Thu Feb  3 07:21:44 2005 :: Look out, Draecan@aulas-i-p2.fe.up.pt has connected.
Thu Feb  3 07:22:36 2005 :: [WARNING] Fenix gtells: o gilean mudou
Thu Feb  3 07:23:39 2005 :: Sock.sinaddr:  83.132.120.9
Thu Feb  3 07:23:41 2005 :: Loading Phytos.
Thu Feb  3 07:23:41 2005 :: Look out, Phytos@83.132.120.9 has connected.
Thu Feb  3 07:23:56 2005 :: Viriato has quit.
Thu Feb  3 07:24:07 2005 :: Fenix has quit.
Thu Feb  3 07:24:14 2005 :: Sock.sinaddr:  81.193.222.53
Thu Feb  3 07:24:17 2005 :: Loading Protous.
Thu Feb  3 07:24:17 2005 :: Look out, Protous@81.193.222.53 has connected.
Thu Feb  3 07:31:52 2005 :: Phytos has quit.
Thu Feb  3 07:40:49 2005 :: Sock.sinaddr:  204.58.123.10
Thu Feb  3 07:41:10 2005 :: Loading Freyda.
Thu Feb  3 07:41:11 2005 :: Look out, Freyda@204.58.123.10 has connected.
Thu Feb  3 07:41:38 2005 :: Protous has quit.
Thu Feb  3 07:41:48 2005 :: Sock.sinaddr:  81.193.222.53
Thu Feb  3 07:41:51 2005 :: Loading Elzix.
Thu Feb  3 07:41:51 2005 :: Look out, Elzix@81.193.222.53 has connected.
Write_to_descriptor: Resource temporarily unavailable
Thu Feb  3 07:51:00 2005 :: Closing link to Freyda.
Thu Feb  3 07:52:05 2005 :: Log Reorx: purge
Thu Feb  3 07:52:31 2005 :: Sock.sinaddr:  204.58.123.10
Thu Feb  3 07:52:54 2005 :: Loading Freyda.
Thu Feb  3 07:52:54 2005 :: Freyda@204.58.123.10 reconnected.
Read_from_descriptor: Connection reset by peer
Thu Feb  3 07:58:26 2005 :: Closing link to Freyda.
Thu Feb  3 07:58:56 2005 :: Sock.sinaddr:  204.58.123.10
Thu Feb  3 07:59:18 2005 :: Loading Freyda.
Thu Feb  3 07:59:18 2005 :: Freyda@204.58.123.10 reconnected.
Thu Feb  3 08:03:38 2005 :: aulas-i-p2.fe.up.pt input spamming!
Thu Feb  3 08:05:30 2005 :: Sock.sinaddr:  83.132.120.9
Thu Feb  3 08:05:32 2005 :: Loading Phytos.
Thu Feb  3 08:05:32 2005 :: Look out, Phytos@83.132.120.9 has connected.
Thu Feb  3 08:05:49 2005 :: EOF encountered on read.
Thu Feb  3 08:05:49 2005 :: Closing link to Draecan.
Thu Feb  3 08:05:50 2005 :: Sock.sinaddr:  193.136.33.200
Thu Feb  3 08:05:52 2005 :: Loading Draecan.
Thu Feb  3 08:05:52 2005 :: Draecan@aulas-i-p2.fe.up.pt reconnected.
Thu Feb  3 08:07:33 2005 :: Sock.sinaddr:  69.110.148.75
Thu Feb  3 08:07:41 2005 :: Loading Drakov.
Thu Feb  3 08:07:49 2005 :: Look out, Drakov@adsl-69-110-148-75.dsl.pltn13.pacbell.net has connected.
Thu Feb  3 08:13:57 2005 :: Phytos gained level 29
Thu Feb  3 08:14:57 2005 :: Log Reorx: purge
Thu Feb  3 08:17:55 2005 :: Sock.sinaddr:  24.74.43.150
Thu Feb  3 08:18:01 2005 :: Loading Julianna.
Thu Feb  3 08:18:03 2005 :: Julianna. Bad Password. IP: clt74-43-150.carolina.rr.com> dargon
Thu Feb  3 08:18:03 2005 :: Closing link to Julianna.
Thu Feb  3 08:18:03 2005 :: Log Reorx: purge
Thu Feb  3 08:18:05 2005 :: Sock.sinaddr:  24.74.43.150
Thu Feb  3 08:18:08 2005 :: Loading Julianna.
Thu Feb  3 08:18:09 2005 :: Julianna. Bad Password. IP: clt74-43-150.carolina.rr.com> dragonn
Thu Feb  3 08:18:09 2005 :: Closing link to Julianna.
Thu Feb  3 08:18:12 2005 :: Sock.sinaddr:  24.74.43.150
Thu Feb  3 08:18:14 2005 :: Loading Julianna.
Thu Feb  3 08:18:15 2005 :: Look out, Julianna@clt74-43-150.carolina.rr.com has connected.
Thu Feb  3 08:20:05 2005 :: Julianna has quit.
Thu Feb  3 08:28:14 2005 :: Phytos has quit.
Thu Feb  3 08:28:25 2005 :: Sock.sinaddr:  83.132.120.9
Thu Feb  3 08:28:28 2005 :: Loading Pilatus.
Thu Feb  3 08:28:28 2005 :: Look out, Pilatus@83.132.120.9 has connected.
Thu Feb  3 08:34:15 2005 :: Pilatus has quit.
Thu Feb  3 08:36:12 2005 :: Freyda has quit.
Thu Feb  3 08:37:20 2005 :: Sock.sinaddr:  204.58.123.10
Thu Feb  3 08:37:42 2005 :: Loading Schlor.
Thu Feb  3 08:37:42 2005 :: Look out, Schlor@204.58.123.10 has connected.
Thu Feb  3 08:37:42 2005 :: Log Reorx: mark Draecan
Thu Feb  3 08:38:00 2005 :: Log Reorx: mark Draecan Battle
Thu Feb  3 08:38:08 2005 :: Log Reorx: mark Elzix Battle
Thu Feb  3 08:40:22 2005 :: Sock.sinaddr:  193.136.33.200
Thu Feb  3 08:40:24 2005 :: Loading Chemosh.
Thu Feb  3 08:40:24 2005 :: Chemosh@aulas-i-p2.fe.up.pt reconnected.
Thu Feb  3 08:41:43 2005 :: Sock.sinaddr:  81.193.21.214
Thu Feb  3 08:41:46 2005 :: Loading Elzix.
Thu Feb  3 08:41:48 2005 :: Closing link to Elzix.
Thu Feb  3 08:41:48 2005 :: Elzix@bl4-21-214.dsl.telepac.pt reconnected.
Thu Feb  3 08:42:26 2005 :: Sock.sinaddr:  12.75.26.235
Thu Feb  3 08:42:28 2005 :: Loading Gilean.
Thu Feb  3 08:42:29 2005 :: Look out, Gilean@235.detroit-01rh15-16rt.mi.dial-access.att.net has connected.
Thu Feb  3 08:46:50 2005 :: Sock.sinaddr:  193.136.33.200
Thu Feb  3 08:46:53 2005 :: Loading Magetta.
Thu Feb  3 08:46:53 2005 :: Look out, Magetta@aulas-i-p2.fe.up.pt has connected.
Thu Feb  3 08:47:06 2005 :: Sock.sinaddr:  193.136.33.200
Thu Feb  3 08:47:08 2005 :: Loading Nospheratus.
Thu Feb  3 08:47:08 2005 :: Look out, Nospheratus@aulas-i-p2.fe.up.pt has connected.
Thu Feb  3 08:47:12 2005 :: Sock.sinaddr:  193.136.33.200
Thu Feb  3 08:47:14 2005 :: Loading Garduk.
Thu Feb  3 08:47:14 2005 :: Look out, Garduk@aulas-i-p2.fe.up.pt has connected.
Thu Feb  3 08:47:30 2005 :: Garduk has quit.
Thu Feb  3 08:49:44 2005 :: Log Chemosh: string obj jau short {D(Velvet){x Bracers
Thu Feb  3 08:49:44 2005 :: Log Chemosh: string obj jau long A set of soft velvet Bracers lie here gathering dust.
Thu Feb  3 08:49:45 2005 :: Log Chemosh: string obj jau name velvet bracers
Thu Feb  3 08:51:13 2005 :: Magetta has quit.
Thu Feb  3 08:51:38 2005 :: Log Chemosh: string obj make long Only one reswtring to go! Chem.
Thu Feb  3 08:52:32 2005 :: Schlor has quit.
Thu Feb  3 08:52:36 2005 :: Log Chemosh: switch guildmaster
Thu Feb  3 08:52:57 2005 :: Log Chemosh: switch rabb
Thu Feb  3 08:54:53 2005 :: Log Chemosh: string obj pear short A GIANT PEAR!
Thu Feb  3 08:54:53 2005 :: Log Chemosh: string obj pear long  GOOD LORD IT'S A GIANT PEAR, BIG AS A HOUSE!
Thu Feb  3 08:54:53 2005 :: Log Chemosh: string obj pear name PEAR
Thu Feb  3 08:57:01 2005 :: Elzix has quit.
Thu Feb  3 08:59:39 2005 :: Drakov has quit.
Thu Feb  3 09:01:25 2005 :: Log Gilean: check process
Thu Feb  3 09:01:59 2005 :: Sock.sinaddr:  24.157.235.212
Thu Feb  3 09:02:03 2005 :: EOF encountered on read.
Thu Feb  3 09:02:20 2005 :: Sock.sinaddr:  24.157.235.212
Thu Feb  3 09:02:58 2005 :: Sock.sinaddr:  12.75.26.162
Thu Feb  3 09:03:01 2005 :: Loading Gilean.
Thu Feb  3 09:03:03 2005 :: Closing link to Gilean.
Thu Feb  3 09:03:03 2005 :: Gilean@162.detroit-01rh15-16rt.mi.dial-access.att.net reconnected.
Thu Feb  3 09:03:34 2005 :: EOF encountered on read.
Thu Feb  3 09:03:34 2005 :: Closing link to Angela.
Thu Feb  3 09:03:35 2005 :: Sock.sinaddr:  24.157.235.212
Thu Feb  3 09:04:43 2005 :: Sock.sinaddr:  65.119.216.2
Thu Feb  3 09:05:39 2005 :: Loading Habbakuk.
Thu Feb  3 09:05:43 2005 :: Look out, Habbakuk@cerberus2.centralpenn.edu has connected.
Thu Feb  3 09:05:49 2005 :: Sock.sinaddr:  193.136.33.200
Thu Feb  3 09:05:51 2005 :: Loading Sievel.
Thu Feb  3 09:05:51 2005 :: Look out, Sievel@aulas-i-p2.fe.up.pt has connected.
Thu Feb  3 09:07:16 2005 :: Log Gilean: asp habb note list
Thu Feb  3 09:07:27 2005 :: Kagome@CPE00045a999ace-CM014080212791.cpe.net.cable.rogers.com new player.
Thu Feb  3 09:07:35 2005 :: Log Gilean: asp habb note read 114
Thu Feb  3 09:07:48 2005 :: Sock.sinaddr:  193.136.33.200
Thu Feb  3 09:07:50 2005 :: Loading Legato.
Thu Feb  3 09:07:50 2005 :: Look out, Legato@aulas-i-p2.fe.up.pt has connected.
Thu Feb  3 09:08:00 2005 :: Log Gilean: asp habb note read 115
Thu Feb  3 09:08:28 2005 :: Log Gilean: asp habb note read 116
Thu Feb  3 09:10:01 2005 :: Sock.sinaddr:  193.136.33.200
Thu Feb  3 09:10:03 2005 :: Loading Viriato.
Thu Feb  3 09:10:03 2005 :: Look out, Viriato@aulas-i-p2.fe.up.pt has connected.
Thu Feb  3 09:11:14 2005 :: Draecan has quit.
Thu Feb  3 09:11:18 2005 :: Sock.sinaddr:  193.136.33.200
Thu Feb  3 09:11:20 2005 :: Loading Halig.
Thu Feb  3 09:11:21 2005 :: Look out, Halig@aulas-i-p2.fe.up.pt has connected.
Thu Feb  3 09:12:01 2005 :: Sock.sinaddr:  12.75.26.162
Thu Feb  3 09:12:03 2005 :: Loading Kaillen.
Thu Feb  3 09:12:03 2005 :: Look out, Kaillen@162.detroit-01rh15-16rt.mi.dial-access.att.net has connected.
Thu Feb  3 09:12:54 2005 :: [WARNING] Reorx replies to Kagome: have you played any mud before?
Thu Feb  3 09:14:41 2005 :: Sock.sinaddr:  207.191.177.130
Thu Feb  3 09:14:46 2005 :: Loading Solinari.
Thu Feb  3 09:14:48 2005 :: Look out, Solinari@207.191.177.130 has connected.
Thu Feb  3 09:15:23 2005 :: aulas-i-p2.fe.up.pt input spamming!
Thu Feb  3 09:15:30 2005 :: aulas-i-p2.fe.up.pt input spamming!
Thu Feb  3 09:16:04 2005 :: Sievel has quit.
Thu Feb  3 09:16:30 2005 :: Sock.sinaddr:  193.136.33.200
Thu Feb  3 09:17:07 2005 :: Sock.sinaddr:  81.193.21.214
Thu Feb  3 09:17:09 2005 :: Loading Elzix.
Thu Feb  3 09:17:10 2005 :: Look out, Elzix@bl4-21-214.dsl.telepac.pt has connected.
Thu Feb  3 09:17:21 2005 :: Loading Svethen.
Thu Feb  3 09:17:24 2005 :: Look out, Svethen@aulas-i-p2.fe.up.pt has connected.
Thu Feb  3 09:18:26 2005 :: [WARNING] Kagome says: let me go through mudscoll myself
Thu Feb  3 09:25:21 2005 :: Kagome gained level 2
Thu Feb  3 09:27:47 2005 :: Kagome gained level 3
Thu Feb  3 09:30:21 2005 :: Elzix has quit.
Thu Feb  3 09:30:29 2005 :: Sock.sinaddr:  81.193.21.214
Thu Feb  3 09:30:31 2005 :: Loading Protous.
Thu Feb  3 09:30:31 2005 :: Look out, Protous@bl4-21-214.dsl.telepac.pt has connected.
Thu Feb  3 09:33:00 2005 :: [WARNING] Habbakuk imms: im not looking for quick power either. And i told him to take his time, because what i see on this mud, is people often switch clans and this and that, turn evil then good, and back around they flip flop with the same charatcher
Thu Feb  3 09:33:18 2005 :: Kagome gained level 4
Thu Feb  3 09:34:54 2005 :: Sock.sinaddr:  69.104.57.47
Thu Feb  3 09:34:57 2005 :: Loading Takhisis.
Thu Feb  3 09:34:58 2005 :: Look out, Takhisis@adsl-69-104-57-47.dsl.pltn13.pacbell.net has connected.
Thu Feb  3 09:39:55 2005 :: Kagome gained level 5
Thu Feb  3 09:40:43 2005 :: Log Gilean: force soli help note
Thu Feb  3 09:45:43 2005 :: Halig has quit.
Thu Feb  3 09:47:35 2005 :: Log Gilean: asp soli note list
Thu Feb  3 09:49:07 2005 :: Log Gilean: asp soli note remove 3
Thu Feb  3 09:49:09 2005 :: Log Gilean: asp soli note list
Thu Feb  3 09:49:58 2005 :: Protous has quit.
Thu Feb  3 09:50:49 2005 :: Kaillen has quit.
Thu Feb  3 09:50:58 2005 :: Sock.sinaddr:  81.193.21.214
Thu Feb  3 09:51:00 2005 :: Loading Fenix.
Thu Feb  3 09:51:00 2005 :: Look out, Fenix@bl4-21-214.dsl.telepac.pt has connected.
Thu Feb  3 09:51:30 2005 :: Legato killed by an Ice Dragon at 1895
Thu Feb  3 09:56:13 2005 :: Log Solinari: switch drag
Thu Feb  3 09:56:21 2005 :: Log Gilean: laston jolrael
Thu Feb  3 09:57:08 2005 :: Log Gilean: laston falcor
Thu Feb  3 09:57:14 2005 :: Log Gilean: laston falcor
Thu Feb  3 09:57:21 2005 :: Log Gilean: laston kuran
Thu Feb  3 09:57:45 2005 :: Log Gilean: laston josan
Thu Feb  3 09:57:50 2005 :: Log Gilean: laston werner
Thu Feb  3 09:57:53 2005 :: Habbakuk has quit.
Thu Feb  3 09:58:15 2005 :: Log Gilean: laston farlin
Thu Feb  3 09:59:10 2005 :: Sock.sinaddr:  12.75.26.162
Thu Feb  3 09:59:34 2005 :: Log Reorx: switch exe
Thu Feb  3 09:59:37 2005 :: Falcor@162.detroit-01rh15-16rt.mi.dial-access.att.net new player.
Thu Feb  3 10:00:21 2005 :: Log Falcor: delete
Thu Feb  3 10:00:21 2005 :: Log Falcor: delete
Thu Feb  3 10:00:24 2005 :: Log Reorx: switch exe
Thu Feb  3 10:00:40 2005 :: Solinari has quit.
Thu Feb  3 10:01:55 2005 :: Log Reorx: swi exe
Thu Feb  3 10:02:20 2005 :: Log Reorx: purge
Thu Feb  3 10:03:27 2005 :: Sock.sinaddr:  68.209.218.5
Thu Feb  3 10:03:30 2005 :: Loading Sebastian.
Thu Feb  3 10:03:31 2005 :: Look out, Sebastian@adsl-068-209-218-005.sip.bna.bellsouth.net has connected.
Thu Feb  3 10:03:47 2005 :: Sebastian has quit.
Thu Feb  3 10:05:46 2005 :: Log Gilean: asave area
Thu Feb  3 10:06:07 2005 :: Log Kagome: delete
Thu Feb  3 10:06:11 2005 :: Log Kagome: delete
Write_to_descriptor: Resource temporarily unavailable
Thu Feb  3 10:06:29 2005 :: Closing link to Reorx.
Thu Feb  3 10:06:33 2005 :: Sock.sinaddr:  193.136.33.200
Thu Feb  3 10:06:34 2005 :: Loading Reorx.
Thu Feb  3 10:06:34 2005 :: Reorx@aulas-i-p2.fe.up.pt reconnected.
Thu Feb  3 10:07:29 2005 :: Log Gilean: purge
Thu Feb  3 10:07:41 2005 :: Log Gilean: load obj 1945
Thu Feb  3 10:09:03 2005 :: 162.detroit-01rh15-16rt.mi.dial-access.att.net input spamming!
Thu Feb  3 10:09:08 2005 :: Sock.sinaddr:  24.15.234.127
Thu Feb  3 10:09:32 2005 :: Log Reorx: switch grove
Thu Feb  3 10:12:01 2005 :: Aliana@c-24-15-234-127.client.comcast.net new player.
Thu Feb  3 10:13:14 2005 :: Log Gilean: gecho Quick copyover coming.. please pick up any needed items off the ground.
Thu Feb  3 10:13:32 2005 :: Log Gilean: restore all
Thu Feb  3 10:13:32 2005 :: Log Gilean: force all save
Thu Feb  3 10:13:45 2005 :: Log Gilean: asave changed
Thu Feb  3 10:13:45 2005 :: Log Gilean: copyover
Thu Feb  3 10:13:45 2005 :: Closing link to Aliana.
Thu Feb  3 10:13:45 2005 :: ROM is ready to rock on port 6100.
Thu Feb  3 10:13:45 2005 :: Copyover recovery initiated
Thu Feb  3 10:13:45 2005 :: Loading Reorx.
Thu Feb  3 10:13:45 2005 :: Loading Fenix.
Thu Feb  3 10:13:45 2005 :: Loading Takhisis.
Thu Feb  3 10:13:45 2005 :: Loading Svethen.
Thu Feb  3 10:13:45 2005 :: Loading Viriato.
Thu Feb  3 10:13:45 2005 :: Loading Legato.
Thu Feb  3 10:13:45 2005 :: Loading Gilean.
Thu Feb  3 10:13:45 2005 :: Loading Nospheratus.
Thu Feb  3 10:13:45 2005 :: Loading Chemosh.
Thu Feb  3 10:16:28 2005 :: Log Gilean: disable
Thu Feb  3 10:16:32 2005 :: Sock.sinaddr:  24.15.234.127
Thu Feb  3 10:16:34 2005 :: EOF encountered on read.
Thu Feb  3 10:16:35 2005 :: Sock.sinaddr:  24.15.234.127
Thu Feb  3 10:16:49 2005 :: EOF encountered on read.
Thu Feb  3 10:16:49 2005 :: Closing link to Aliana.
Thu Feb  3 10:16:56 2005 :: Sock.sinaddr:  24.15.234.127
Thu Feb  3 10:17:28 2005 :: EOF encountered on read.
Thu Feb  3 10:17:28 2005 :: Closing link to Delete.
Thu Feb  3 10:22:11 2005 :: Viriato has quit.
Thu Feb  3 10:23:42 2005 :: Fenix has quit.
Thu Feb  3 10:25:32 2005 :: Log Gilean: load obj 1219
Thu Feb  3 10:25:38 2005 :: Sock.sinaddr:  193.136.33.133
Thu Feb  3 10:25:43 2005 :: Log Gilean: asave area
Thu Feb  3 10:25:48 2005 :: Loading Phytos.
Thu Feb  3 10:25:50 2005 :: Look out, Phytos@193.136.33.133 has connected.
Thu Feb  3 10:26:09 2005 :: Log Gilean: check
Thu Feb  3 10:30:37 2005 :: Legato has quit.
Thu Feb  3 10:33:11 2005 :: Takhisis has quit.
Thu Feb  3 10:34:42 2005 :: Sock.sinaddr:  81.193.21.214
Thu Feb  3 10:34:44 2005 :: Loading Fenix.
Thu Feb  3 10:34:45 2005 :: Look out, Fenix@bl4-21-214.dsl.telepac.pt has connected.
Thu Feb  3 10:37:51 2005 :: Sock.sinaddr:  85.64.214.91
Thu Feb  3 10:38:08 2005 :: Loading Rian.
Thu Feb  3 10:38:17 2005 :: Rian. Bad Password. IP: 85-64-214-91.barak.net.il> fantsy
Thu Feb  3 10:38:17 2005 :: Closing link to Rian.
Thu Feb  3 10:38:36 2005 :: Sock.sinaddr:  85.64.214.91
Thu Feb  3 10:38:58 2005 :: EOF encountered on read.
Thu Feb  3 10:38:58 2005 :: Closing link to Rotem.
Thu Feb  3 10:39:01 2005 :: Nospheratus has quit.
Thu Feb  3 10:39:02 2005 :: Sock.sinaddr:  85.64.214.91
Thu Feb  3 10:39:10 2005 :: Loading Rian.
Thu Feb  3 10:39:16 2005 :: EOF encountered on read.
Thu Feb  3 10:39:16 2005 :: Closing link to Rian.
Thu Feb  3 10:39:20 2005 :: Sock.sinaddr:  85.64.214.91
Thu Feb  3 10:39:29 2005 :: Loading Rian.
Thu Feb  3 10:39:33 2005 :: Look out, Rian@85-64-214-91.barak.net.il has connected.
Thu Feb  3 10:40:23 2005 :: Svethen has quit.
Thu Feb  3 10:40:41 2005 :: Log Reorx: purge
Thu Feb  3 10:43:46 2005 :: Sock.sinaddr:  193.136.33.200
Thu Feb  3 10:43:49 2005 :: Loading Nospheratus.
Thu Feb  3 10:43:49 2005 :: Look out, Nospheratus@aulas-i-p2.fe.up.pt has connected.
Thu Feb  3 10:43:56 2005 :: Sock.sinaddr:  193.136.33.200
Thu Feb  3 10:43:58 2005 :: Loading Robert.
Thu Feb  3 10:43:58 2005 :: Look out, Robert@aulas-i-p2.fe.up.pt has connected.
Thu Feb  3 10:45:21 2005 :: Sock.sinaddr:  193.136.33.133
Thu Feb  3 10:45:24 2005 :: Loading Phosvec.
Thu Feb  3 10:45:24 2005 :: Look out, Phosvec@193.136.33.133 has connected.
Thu Feb  3 10:45:28 2005 :: Reorx has quit.
Thu Feb  3 10:47:51 2005 :: Sock.sinaddr:  193.136.33.200
Thu Feb  3 10:47:54 2005 :: Loading Legato.
Thu Feb  3 10:47:54 2005 :: Look out, Legato@aulas-i-p2.fe.up.pt has connected.
Thu Feb  3 10:48:19 2005 :: Fenix has quit.
Thu Feb  3 10:52:15 2005 :: Sock.sinaddr:  66.32.126.152
Thu Feb  3 10:52:17 2005 :: Loading Schlor.
Thu Feb  3 10:52:17 2005 :: Look out, Schlor@user-1120vko.dsl.mindspring.com has connected.
Thu Feb  3 10:53:25 2005 :: Gilean has quit.
Thu Feb  3 10:53:29 2005 :: Sock.sinaddr:  12.75.26.162
Thu Feb  3 10:53:30 2005 :: Loading Gilean.
Thu Feb  3 10:53:31 2005 :: Look out, Gilean@162.detroit-01rh15-16rt.mi.dial-access.att.net has connected.
Thu Feb  3 10:53:38 2005 :: Gilean has quit.
Thu Feb  3 10:53:44 2005 :: Sock.sinaddr:  12.75.26.162
Thu Feb  3 10:53:45 2005 :: Loading Gilean.
Thu Feb  3 10:53:45 2005 :: Look out, Gilean@162.detroit-01rh15-16rt.mi.dial-access.att.net has connected.
Thu Feb  3 10:54:33 2005 :: Sock.sinaddr:  12.75.26.162
Thu Feb  3 10:54:35 2005 :: Loading Thaedryn.
Thu Feb  3 10:54:35 2005 :: Look out, Thaedryn@162.detroit-01rh15-16rt.mi.dial-access.att.net has connected.
Thu Feb  3 10:54:38 2005 :: Sock.sinaddr:  193.136.33.200
Thu Feb  3 10:54:42 2005 :: Log Gilean: trans thaedry
Thu Feb  3 10:54:45 2005 :: EOF encountered on read.
Thu Feb  3 10:54:47 2005 :: Thaedryn has quit.
Thu Feb  3 10:54:51 2005 :: Sock.sinaddr:  12.75.26.162
Thu Feb  3 10:54:53 2005 :: Loading Thaedryn.
Thu Feb  3 10:54:53 2005 :: Look out, Thaedryn@162.detroit-01rh15-16rt.mi.dial-access.att.net has connected.
Thu Feb  3 10:55:45 2005 :: Thaedryn has quit.
Thu Feb  3 10:55:49 2005 :: Sock.sinaddr:  12.75.26.162
Thu Feb  3 10:55:51 2005 :: Loading Kaillen.
Thu Feb  3 10:55:51 2005 :: Look out, Kaillen@162.detroit-01rh15-16rt.mi.dial-access.att.net has connected.
Thu Feb  3 10:55:59 2005 :: Kaillen has quit.
Thu Feb  3 10:57:03 2005 :: Sock.sinaddr:  81.193.21.214
Thu Feb  3 10:57:05 2005 :: Loading Elzix.
Thu Feb  3 10:57:06 2005 :: Look out, Elzix@bl4-21-214.dsl.telepac.pt has connected.
Thu Feb  3 10:57:18 2005 :: [WARNING] Chemosh imms: could someone be hacking the mud?
Thu Feb  3 10:57:52 2005 :: Sock.sinaddr:  193.136.33.133
Thu Feb  3 10:57:55 2005 :: Loading Phosvec.
Thu Feb  3 10:57:57 2005 :: Closing link to Phosvec.
Thu Feb  3 10:57:57 2005 :: Phosvec@193.136.33.133 reconnected.
Thu Feb  3 11:00:36 2005 :: Schlor has quit.
Thu Feb  3 11:01:07 2005 :: Gilean has quit.
Thu Feb  3 11:11:34 2005 :: Phytos gained level 30
Thu Feb  3 11:17:25 2005 :: Sock.sinaddr:  193.136.33.133
Thu Feb  3 11:17:27 2005 :: Loading Phosvec.
Thu Feb  3 11:17:31 2005 :: Closing link to Phosvec.
Thu Feb  3 11:17:31 2005 :: Phosvec@193.136.33.133 reconnected.
Thu Feb  3 11:21:50 2005 :: Sock.sinaddr:  193.136.33.133
Thu Feb  3 11:22:03 2005 :: Closing link to Phtytos.
Thu Feb  3 11:22:06 2005 :: Sock.sinaddr:  193.136.33.133
Thu Feb  3 11:22:13 2005 :: Loading Phytos.
Thu Feb  3 11:22:17 2005 :: Closing link to Phytos.
Thu Feb  3 11:22:17 2005 :: Phytos@193.136.33.133 reconnected.
Thu Feb  3 11:32:55 2005 :: Sock.sinaddr:  66.32.126.152
Thu Feb  3 11:32:57 2005 :: Loading Ulath.
Thu Feb  3 11:32:58 2005 :: Look out, Ulath@user-1120vko.dsl.mindspring.com has connected.
Thu Feb  3 11:34:10 2005 :: Sock.sinaddr:  193.136.33.133
Thu Feb  3 11:34:13 2005 :: Loading Phosvec.
Thu Feb  3 11:34:39 2005 :: Closing link to Phosvec.
Thu Feb  3 11:34:39 2005 :: Phosvec@193.136.33.133 reconnected.
Thu Feb  3 11:35:04 2005 :: EOF encountered on read.
Thu Feb  3 11:35:04 2005 :: Closing link to Phytos.
Thu Feb  3 11:35:05 2005 :: Sock.sinaddr:  193.136.33.133
Thu Feb  3 11:35:39 2005 :: Ulath has quit.
Thu Feb  3 11:35:58 2005 :: EOF encountered on read.
Thu Feb  3 11:36:02 2005 :: Sock.sinaddr:  193.136.33.133
Thu Feb  3 11:36:04 2005 :: Loading Phytos.
Thu Feb  3 11:36:04 2005 :: Phytos@193.136.33.133 reconnected.
Thu Feb  3 11:38:23 2005 :: EOF encountered on read.
Thu Feb  3 11:38:23 2005 :: Closing link to Phosvec.
Thu Feb  3 11:38:33 2005 :: Sock.sinaddr:  193.136.33.133
Thu Feb  3 11:38:35 2005 :: Loading Phosvec.
Thu Feb  3 11:38:35 2005 :: Phosvec@193.136.33.133 reconnected.
Thu Feb  3 11:38:47 2005 :: Sock.sinaddr:  209.194.231.82
Thu Feb  3 11:38:50 2005 :: Loading Akiran.
Thu Feb  3 11:38:52 2005 :: Look out, Akiran@209.194.231.82 has connected.
Thu Feb  3 11:39:16 2005 :: Sock.sinaddr:  193.136.33.133
Thu Feb  3 11:39:18 2005 :: Loading Phytos.
Thu Feb  3 11:39:20 2005 :: Closing link to Phytos.
Thu Feb  3 11:39:20 2005 :: Phytos@193.136.33.133 reconnected.
Thu Feb  3 11:41:11 2005 :: Robert has quit.
Thu Feb  3 11:42:23 2005 :: Phytos has quit.
Thu Feb  3 11:42:56 2005 :: Legato has quit.
Thu Feb  3 11:42:58 2005 :: Sock.sinaddr:  193.136.33.200
Thu Feb  3 11:43:01 2005 :: Loading Legato.
Thu Feb  3 11:43:01 2005 :: Look out, Legato@aulas-i-p2.fe.up.pt has connected.
Thu Feb  3 11:43:06 2005 :: Nospheratus has quit.
Thu Feb  3 11:43:19 2005 :: Sock.sinaddr:  193.136.33.131
Thu Feb  3 11:43:21 2005 :: Loading Phytos.
Thu Feb  3 11:43:21 2005 :: Look out, Phytos@193.136.33.131 has connected.
Thu Feb  3 11:44:04 2005 :: Sock.sinaddr:  193.136.33.131
Thu Feb  3 11:44:06 2005 :: Loading Phosvec.
Thu Feb  3 11:44:09 2005 :: Closing link to Phosvec.
Thu Feb  3 11:44:09 2005 :: Phosvec@193.136.33.131 reconnected.
Thu Feb  3 11:44:57 2005 :: Sock.sinaddr:  193.136.33.131
Thu Feb  3 11:44:59 2005 :: Loading Telmus.
Thu Feb  3 11:44:59 2005 :: Look out, Telmus@193.136.33.131 has connected.
Thu Feb  3 11:45:20 2005 :: EOF encountered on read.
Thu Feb  3 11:45:20 2005 :: Closing link to Legato.
Thu Feb  3 11:45:21 2005 :: Sock.sinaddr:  193.136.33.200
Thu Feb  3 11:45:23 2005 :: Loading Legato.
Thu Feb  3 11:45:24 2005 :: Legato@aulas-i-p2.fe.up.pt reconnected.
Thu Feb  3 11:45:26 2005 :: Legato has quit.
Thu Feb  3 11:45:27 2005 :: Sock.sinaddr:  193.136.33.200
Thu Feb  3 11:45:29 2005 :: Loading Legato.
Thu Feb  3 11:45:29 2005 :: Sock.sinaddr:  193.136.33.200
Thu Feb  3 11:45:29 2005 :: Look out, Legato@aulas-i-p2.fe.up.pt has connected.
Thu Feb  3 11:45:31 2005 :: Loading Nospheratus.
Thu Feb  3 11:45:31 2005 :: Look out, Nospheratus@aulas-i-p2.fe.up.pt has connected.
Thu Feb  3 11:54:26 2005 :: Sock.sinaddr:  193.136.33.131
Thu Feb  3 11:54:28 2005 :: Loading Caspius.
Thu Feb  3 11:54:28 2005 :: Look out, Caspius@193.136.33.131 has connected.
Thu Feb  3 11:55:54 2005 :: Sock.sinaddr:  12.215.168.246
Thu Feb  3 11:56:00 2005 :: Loading Lunitari.
Thu Feb  3 11:56:02 2005 :: Look out, Lunitari@12-215-168-246.client.mchsi.com has connected.
Thu Feb  3 11:56:57 2005 :: 193.136.33.131 input spamming!
Thu Feb  3 11:57:28 2005 :: Sock.sinaddr:  24.157.235.212
Thu Feb  3 11:58:08 2005 :: EOF encountered on read.
Thu Feb  3 11:58:08 2005 :: Closing link to Sango.
Thu Feb  3 11:58:09 2005 :: Sock.sinaddr:  24.157.235.212
Thu Feb  3 11:59:16 2005 :: Kagome@CPE00045a999ace-CM014080212791.cpe.net.cable.rogers.com new player.
Thu Feb  3 12:00:58 2005 :: 193.136.33.131 input spamming!
Thu Feb  3 12:03:18 2005 :: Kagome gained level 2
Thu Feb  3 12:03:27 2005 :: Nospheratus has quit.
Thu Feb  3 12:04:51 2005 :: Kagome gained level 3
Thu Feb  3 12:07:25 2005 :: Kagome gained level 4
Thu Feb  3 12:09:34 2005 :: Lunitari has quit.
Thu Feb  3 12:10:04 2005 :: Akiran has quit.
Thu Feb  3 12:11:02 2005 :: Elzix has quit.
Thu Feb  3 12:11:04 2005 :: Sock.sinaddr:  207.191.177.130
Thu Feb  3 12:11:11 2005 :: Sock.sinaddr:  81.193.21.214
Thu Feb  3 12:11:13 2005 :: Loading Solinari.
Thu Feb  3 12:11:13 2005 :: Loading Fenix.
Thu Feb  3 12:11:13 2005 :: Look out, Fenix@bl4-21-214.dsl.telepac.pt has connected.
Thu Feb  3 12:11:15 2005 :: Look out, Solinari@207.191.177.130 has connected.
Thu Feb  3 12:11:49 2005 :: Sock.sinaddr:  207.191.177.130
Thu Feb  3 12:12:04 2005 :: Closing link to Veloc.
Thu Feb  3 12:12:26 2005 :: Sock.sinaddr:  207.191.177.130
Thu Feb  3 12:12:32 2005 :: Loading Velox.
Thu Feb  3 12:12:34 2005 :: Look out, Velox@207.191.177.130 has connected.
Thu Feb  3 12:14:06 2005 :: Kagome gained level 5
Thu Feb  3 12:17:42 2005 :: Solinari has quit.
Thu Feb  3 12:17:57 2005 :: Sock.sinaddr:  207.191.177.130
Thu Feb  3 12:18:02 2005 :: EOF encountered on read.
Thu Feb  3 12:18:02 2005 :: Caspius has quit.
Thu Feb  3 12:18:05 2005 :: Sock.sinaddr:  207.191.177.130
Thu Feb  3 12:18:09 2005 :: Loading Solinari.
Thu Feb  3 12:18:09 2005 :: Look out, Solinari@207.191.177.130 has connected.
Thu Feb  3 12:19:52 2005 :: Log Solinari: switch dragon
Thu Feb  3 12:20:02 2005 :: Log Solinari: switch drag
Thu Feb  3 12:21:27 2005 :: Kagome gained level 6
Thu Feb  3 12:21:44 2005 :: Fenix has quit.
Thu Feb  3 12:25:07 2005 :: Sock.sinaddr:  12.75.26.251
Thu Feb  3 12:25:09 2005 :: Loading Gilean.
Thu Feb  3 12:25:09 2005 :: Look out, Gilean@251.detroit-01rh15-16rt.mi.dial-access.att.net has connected.
Thu Feb  3 12:25:19 2005 :: Legato has quit.
Thu Feb  3 12:27:32 2005 :: Log Gilean: asave area
Thu Feb  3 12:27:37 2005 :: Log Gilean: purge
Thu Feb  3 12:28:07 2005 :: Log Gilean: trans soli
Thu Feb  3 12:28:52 2005 :: [WARNING] Solinari says: I've noticed that, for some time, every time Ulath logged on, went LD, came back from LD, or left, that the mud would lag...
Thu Feb  3 12:29:09 2005 :: Phytos has quit.
Thu Feb  3 12:29:21 2005 :: Phosvec has quit.
Thu Feb  3 12:29:40 2005 :: Telmus has quit.
Thu Feb  3 12:30:08 2005 :: Log Gilean: gecho Copyover coming...be prepared
Thu Feb  3 12:30:12 2005 :: [WARNING] Solinari says: Ok... then, the other day, Velox (a freind of mine from school who I got to play here some time ago) said that when he saw Ulath log on, the mud crashed...
Thu Feb  3 12:30:36 2005 :: Log Gilean: restore all
Thu Feb  3 12:30:36 2005 :: Log Gilean: force all save
Thu Feb  3 12:30:49 2005 :: Log Gilean: asave changed
Thu Feb  3 12:30:49 2005 :: Log Gilean: copyover
Thu Feb  3 12:30:49 2005 :: ROM is ready to rock on port 6100.
Thu Feb  3 12:30:49 2005 :: Copyover recovery initiated
Thu Feb  3 12:30:49 2005 :: Loading Gilean.
Thu Feb  3 12:30:49 2005 :: Loading Solinari.
Thu Feb  3 12:30:49 2005 :: Loading Velox.
Thu Feb  3 12:30:49 2005 :: Loading Kagome.
Thu Feb  3 12:30:49 2005 :: Loading Rian.
Thu Feb  3 12:30:49 2005 :: Loading Chemosh.
Thu Feb  3 12:31:10 2005 :: Sock.sinaddr:  193.136.33.200
Thu Feb  3 12:31:17 2005 :: Loading Svethen.
Thu Feb  3 12:31:19 2005 :: Look out, Svethen@aulas-i-p2.fe.up.pt has connected.
Thu Feb  3 12:32:55 2005 :: Sock.sinaddr:  193.136.33.200
Thu Feb  3 12:32:57 2005 :: Loading Nospheratus.
Thu Feb  3 12:32:58 2005 :: Look out, Nospheratus@aulas-i-p2.fe.up.pt has connected.
Thu Feb  3 12:33:56 2005 :: [WARNING] Solinari says: I have no clue... but it's a concern I have when someone is loggging on and the mud lags...
Thu Feb  3 12:34:07 2005 :: Velox has quit.
Thu Feb  3 12:34:42 2005 :: Log Gilean: snoop sveth
Thu Feb  3 12:35:30 2005 :: aulas-i-p2.fe.up.pt input spamming!
Thu Feb  3 12:36:07 2005 :: Rian killed by a Palanthas guard at 3115
Thu Feb  3 12:36:24 2005 :: Log Gilean: snoop gil
Thu Feb  3 12:36:41 2005 :: Solinari has quit.
Thu Feb  3 12:37:31 2005 :: Kagome killed by {xA Mercenary Guard at 13201
Thu Feb  3 12:37:40 2005 :: Log Kagome: delete
Thu Feb  3 12:37:44 2005 :: Nospheratus has quit.
Thu Feb  3 12:37:50 2005 :: Sock.sinaddr:  193.136.33.200
Thu Feb  3 12:37:52 2005 :: Loading Sirob.
Thu Feb  3 12:37:53 2005 :: Look out, Sirob@aulas-i-p2.fe.up.pt has connected.
Thu Feb  3 12:38:22 2005 :: Log Kagome: delete
Thu Feb  3 12:38:25 2005 :: Log Kagome: delete
Thu Feb  3 12:38:42 2005 :: Log Gilean: gecho sorry folks...gotta try it again
Thu Feb  3 12:38:58 2005 :: Log Gilean: check process
Thu Feb  3 12:39:13 2005 :: Log Gilean: gecho Gonna reboot... will be back up within 2 min
Thu Feb  3 12:39:43 2005 :: Log Gilean: reboot
Thu Feb  3 12:39:43 2005 :: Closing link to Sirob.
Thu Feb  3 12:39:43 2005 :: Closing link to Svethen.
Thu Feb  3 12:39:43 2005 :: Closing link to Chemosh.
Thu Feb  3 12:39:43 2005 :: Closing link to Rian.
Thu Feb  3 12:39:43 2005 :: Closing link to Gilean.
Thu Feb  3 12:39:43 2005 :: Normal termination of game.
