Wed Mar 23 18:29:25 2005 :: ROM is ready to rock on port 6100.
Wed Mar 23 18:29:26 2005 :: Sock.sinaddr:  64.168.130.114
New_descriptor: getpeername: Transport endpoint is not connected
Write_to_descriptor: Connection reset by peer
Write_to_descriptor: Broken pipe
Write_to_descriptor: Broken pipe
Write_to_descriptor: Broken pipe
Write_to_descriptor: Broken pipe
Write_to_descriptor: Broken pipe
Write_to_descriptor: Broken pipe
Write_to_descriptor: Broken pipe
Wed Mar 23 18:29:28 2005 :: EOF encountered on read.
Wed Mar 23 18:29:30 2005 :: Sock.sinaddr:  65.70.79.65
Wed Mar 23 18:29:30 2005 :: EOF encountered on read.
Wed Mar 23 18:29:31 2005 :: Sock.sinaddr:  172.164.237.180
Wed Mar 23 18:29:33 2005 :: Sock.sinaddr:  82.17.137.160
Wed Mar 23 18:29:33 2005 :: Loading Tattiana.
Wed Mar 23 18:29:33 2005 :: Loading Vilae.
Wed Mar 23 18:29:36 2005 :: Sock.sinaddr:  64.19.104.76
Wed Mar 23 18:29:36 2005 :: Look out, Tattiana@adsl-65-70-79-65.dsl.tulsok.swbell.net has connected.
Wed Mar 23 18:29:38 2005 :: Sock.sinaddr:  68.53.61.162
Wed Mar 23 18:29:38 2005 :: Loading Gorz.
Wed Mar 23 18:29:40 2005 :: Sock.sinaddr:  65.100.122.35
Wed Mar 23 18:29:40 2005 :: Loading Aerogos.
Wed Mar 23 18:29:40 2005 :: Look out, Vilae@adsl-64-168-130-114.dsl.snfc21.pacbell.net has connected.
Wed Mar 23 18:29:42 2005 :: Sock.sinaddr:  69.29.125.94
Wed Mar 23 18:29:42 2005 :: Look out, Gorz@spc1-roch2-3-0-cust160.bagu.broadband.ntl.com has connected.
Wed Mar 23 18:29:44 2005 :: Sock.sinaddr:  217.129.210.93
Wed Mar 23 18:29:44 2005 :: Look out, Aerogos@ACA4EDB4.ipt.aol.com has connected.
Wed Mar 23 18:29:46 2005 :: Sock.sinaddr:  65.100.122.35
New_descriptor: getpeername: Transport endpoint is not connected
Write_to_descriptor: Connection reset by peer
Write_to_descriptor: Broken pipe
Write_to_descriptor: Broken pipe
Write_to_descriptor: Broken pipe
Write_to_descriptor: Broken pipe
Write_to_descriptor: Broken pipe
Write_to_descriptor: Broken pipe
Write_to_descriptor: Broken pipe
Wed Mar 23 18:29:48 2005 :: EOF encountered on read.
Wed Mar 23 18:29:48 2005 :: Loading Flutis.
Wed Mar 23 18:29:48 2005 :: Loading Serie.
Wed Mar 23 18:29:48 2005 :: Loading Solinari.
Wed Mar 23 18:29:50 2005 :: Sock.sinaddr:  68.248.157.80
Wed Mar 23 18:29:50 2005 :: EOF encountered on read.
Wed Mar 23 18:29:50 2005 :: Look out, Flutis@sm-217-129-210-93.netvisao.pt has connected.
Wed Mar 23 18:29:52 2005 :: Sock.sinaddr:  65.70.79.65
Wed Mar 23 18:29:52 2005 :: Loading Versonies.
Wed Mar 23 18:29:52 2005 :: Look out, Serie@65-100-122-35.albq.qwest.net has connected.
Wed Mar 23 18:29:52 2005 :: Look out, Solinari@pcp08895676pcs.hcksrd01.tn.comcast.net has connected.
Wed Mar 23 18:29:54 2005 :: Sock.sinaddr:  82.154.160.104
Wed Mar 23 18:29:54 2005 :: Loading Skyler.
Wed Mar 23 18:29:54 2005 :: Loading Mishakal.
Wed Mar 23 18:29:56 2005 :: Sock.sinaddr:  24.247.34.51
Write_to_descriptor: Broken pipe
Write_to_descriptor: Broken pipe
Write_to_descriptor: Broken pipe
Write_to_descriptor: Broken pipe
Write_to_descriptor: Broken pipe
Write_to_descriptor: Broken pipe
Write_to_descriptor: Broken pipe
Wed Mar 23 18:29:56 2005 :: EOF encountered on read.
Wed Mar 23 18:29:56 2005 :: Loading Reorx.
Wed Mar 23 18:29:56 2005 :: Look out, Skyler@adsl-65-70-79-65.dsl.tulsok.swbell.net has connected.
Wed Mar 23 18:29:59 2005 :: Sock.sinaddr:  193.136.33.131
Wed Mar 23 18:29:59 2005 :: EOF encountered on read.
Wed Mar 23 18:29:59 2005 :: Look out, Reorx@bl5-160-104.dsl.telepac.pt has connected.
Wed Mar 23 18:29:59 2005 :: Look out, Mishakal@65-100-122-35.albq.qwest.net has connected.
Wed Mar 23 18:29:59 2005 :: Look out, Versonies@d2-94.rb.ot.centurytel.net has connected.
Wed Mar 23 18:30:01 2005 :: Loading Caspius.
Wed Mar 23 18:30:01 2005 :: Look out, Caspius@193.136.33.131 has connected.
Wed Mar 23 18:30:03 2005 :: Sock.sinaddr:  24.247.34.51
Wed Mar 23 18:30:07 2005 :: Loading Hiddukel.
Wed Mar 23 18:30:08 2005 :: Sock.sinaddr:  172.169.123.30
Wed Mar 23 18:30:10 2005 :: Look out, Hiddukel@24.247.34.51.up.mi.chartermi.net has connected.
Wed Mar 23 18:30:11 2005 :: Loading Shinn.
Wed Mar 23 18:30:12 2005 :: Sock.sinaddr:  82.154.160.104
Wed Mar 23 18:30:14 2005 :: Loading Viriato.
Wed Mar 23 18:30:14 2005 :: Look out, Shinn@ACA97B1E.ipt.aol.com has connected.
Wed Mar 23 18:30:14 2005 :: Look out, Viriato@bl5-160-104.dsl.telepac.pt has connected.
Wed Mar 23 18:30:18 2005 :: Sock.sinaddr:  68.53.61.162
Wed Mar 23 18:30:20 2005 :: Log Versonies: delete
Wed Mar 23 18:30:21 2005 :: Log Versonies: delete
Wed Mar 23 18:30:23 2005 :: Loading Daniel.
Wed Mar 23 18:30:24 2005 :: Look out, Daniel@pcp08895676pcs.hcksrd01.tn.comcast.net has connected.
Wed Mar 23 18:30:25 2005 :: Sock.sinaddr:  69.29.125.94
Wed Mar 23 18:30:27 2005 :: Sock.sinaddr:  69.233.32.149
Wed Mar 23 18:30:36 2005 :: Loading Drakov.
Wed Mar 23 18:30:38 2005 :: Ilivia@adsl-68-248-157-80.dsl.ipltin.ameritech.net new player.
Wed Mar 23 18:30:38 2005 :: Look out, Drakov@ppp-69-233-32-149.dsl.pltn13.pacbell.net has connected.
Read_from_descriptor: Connection reset by peer
Wed Mar 23 18:30:43 2005 :: Closing link to Versonies.
Wed Mar 23 18:30:45 2005 :: Sock.sinaddr:  69.29.125.94
Wed Mar 23 18:30:51 2005 :: Loading Galon.
Wed Mar 23 18:30:53 2005 :: [WARNING] Serie says: {r.:{bO{WO{bC{r:.{w Someone broke the mud :-P
Wed Mar 23 18:30:55 2005 :: Look out, Galon@d2-94.rb.ot.centurytel.net has connected.
Wed Mar 23 18:30:58 2005 :: Sock.sinaddr:  24.217.224.212
Wed Mar 23 18:31:04 2005 :: Sock.sinaddr:  85.138.16.71
Wed Mar 23 18:31:04 2005 :: Log Galon: delete
Wed Mar 23 18:31:06 2005 :: Loading Robert.
Wed Mar 23 18:31:06 2005 :: Log Galon: delete
Wed Mar 23 18:31:07 2005 :: Look out, Robert@85.138.16.71 has connected.
Wed Mar 23 18:31:08 2005 :: Loading Renfrew.
Wed Mar 23 18:31:09 2005 :: Look out, Renfrew@fl2-24.217.224.212.charter-stl.com has connected.
Wed Mar 23 18:31:12 2005 :: [WARNING] Drakov replies to Caspius: mud crashed
Wed Mar 23 18:31:14 2005 :: Sock.sinaddr:  69.29.125.94
Wed Mar 23 18:31:35 2005 :: Denrick@dialup76-blk1-apxnas-ppp.intelleqcom.net new player.
Wed Mar 23 18:32:20 2005 :: [WARNING] Reorx imms: thats strange... cause i got disconected from the mud... not link death
Wed Mar 23 18:32:35 2005 :: Sock.sinaddr:  68.209.218.5
Wed Mar 23 18:32:37 2005 :: Loading Sebastian.
Wed Mar 23 18:32:37 2005 :: Look out, Sebastian@adsl-068-209-218-005.sip.bna.bellsouth.net has connected.
Wed Mar 23 18:33:28 2005 :: [WARNING] Serie tells Ilivia: I don't know, the mud just crashed somehow
Wed Mar 23 18:33:41 2005 :: Galon@d2-94.rb.ot.centurytel.net new player.
Wed Mar 23 18:34:28 2005 :: Sock.sinaddr:  68.248.157.80
Wed Mar 23 18:34:30 2005 :: Loading Zeak.
Wed Mar 23 18:34:31 2005 :: Look out, Zeak@adsl-68-248-157-80.dsl.ipltin.ameritech.net has connected.
Wed Mar 23 18:34:53 2005 :: Log Denrick: delete
Wed Mar 23 18:34:56 2005 :: Log Denrick: delete
Wed Mar 23 18:35:18 2005 :: Sock.sinaddr:  64.19.104.76
Wed Mar 23 18:35:52 2005 :: Sock.sinaddr:  69.104.143.98
Wed Mar 23 18:35:54 2005 :: Loading Takhisis.
Wed Mar 23 18:35:55 2005 :: Look out, Takhisis@adsl-69-104-143-98.dsl.pltn13.pacbell.net has connected.
Wed Mar 23 18:36:05 2005 :: Barazz@dialup76-blk1-apxnas-ppp.intelleqcom.net new player.
Wed Mar 23 18:37:24 2005 :: Viriato has quit.
Wed Mar 23 18:37:46 2005 :: Zeak has quit.
Wed Mar 23 18:37:47 2005 :: Sock.sinaddr:  68.248.157.80
Wed Mar 23 18:37:49 2005 :: Loading Laraz.
Wed Mar 23 18:37:50 2005 :: Look out, Laraz@adsl-68-248-157-80.dsl.ipltin.ameritech.net has connected.
Wed Mar 23 18:38:11 2005 :: [WARNING] Reorx imms: can the mud be infected by a virus?
Wed Mar 23 18:38:14 2005 :: Sock.sinaddr:  24.166.183.170
Wed Mar 23 18:38:16 2005 :: Loading Damican.
Wed Mar 23 18:38:17 2005 :: Look out, Damican@CPE-24-166-183-170.kc.rr.com has connected.
Wed Mar 23 18:39:04 2005 :: Damican has quit.
Wed Mar 23 18:39:06 2005 :: Sock.sinaddr:  24.166.183.170
Wed Mar 23 18:40:28 2005 :: Barazz gained level 2
Wed Mar 23 18:40:43 2005 :: Masanori@CPE-24-166-183-170.kc.rr.com new player.
Wed Mar 23 18:43:22 2005 :: Sock.sinaddr:  172.138.184.107
Wed Mar 23 18:43:25 2005 :: Loading Terris.
Wed Mar 23 18:43:27 2005 :: Look out, Terris@AC8AB86B.ipt.aol.com has connected.
Wed Mar 23 18:43:32 2005 :: Barazz gained level 3
Wed Mar 23 18:43:59 2005 :: Serie has quit.
Wed Mar 23 18:44:05 2005 :: Masanori gained level 2
Wed Mar 23 18:44:05 2005 :: Galon gained level 2
Wed Mar 23 18:44:24 2005 :: Log Mishakal: reward aerogos 500 roleplay
Wed Mar 23 18:44:32 2005 :: Log Mishakal: reward shinn 500 roleplay
Wed Mar 23 18:44:45 2005 :: Log Mishakal: reward renfrew 500 roleplay
Wed Mar 23 18:44:45 2005 :: Renfrew gained level 14
Wed Mar 23 18:45:09 2005 :: Log Masanori: devote
Wed Mar 23 18:45:11 2005 :: Mishakal has quit.
Wed Mar 23 18:45:12 2005 :: Log Masanori: devote paladine
Wed Mar 23 18:45:22 2005 :: Sock.sinaddr:  66.32.105.107
Wed Mar 23 18:45:24 2005 :: Loading Schlor.
Wed Mar 23 18:45:24 2005 :: Look out, Schlor@user-1120qbb.dsl.mindspring.com has connected.
Wed Mar 23 18:46:03 2005 :: Caspius attempting to PK Robert at 17638 while he/she is AFK!
Wed Mar 23 18:46:37 2005 :: Sock.sinaddr:  68.32.96.221
Wed Mar 23 18:46:39 2005 :: Loading Virote.
Wed Mar 23 18:46:40 2005 :: Look out, Virote@pcp0010321099pcs.500ash01.tn.comcast.net has connected.
Wed Mar 23 18:47:14 2005 :: Galon gained level 3
Wed Mar 23 18:48:23 2005 :: Sock.sinaddr:  85.138.16.71
Wed Mar 23 18:48:25 2005 :: Loading Robert.
Wed Mar 23 18:48:29 2005 :: Closing link to Robert.
Wed Mar 23 18:48:29 2005 :: Robert@85.138.16.71 reconnected.
Wed Mar 23 18:48:45 2005 :: Barazz gained level 4
Wed Mar 23 18:49:07 2005 :: Masanori has quit.
Wed Mar 23 18:49:09 2005 :: Sock.sinaddr:  24.166.183.170
Wed Mar 23 18:49:49 2005 :: Tetsunosuke@CPE-24-166-183-170.kc.rr.com new player.
Wed Mar 23 18:50:18 2005 :: Galon gained level 4
Wed Mar 23 18:52:21 2005 :: Daniel has quit.
Wed Mar 23 18:52:30 2005 :: Sock.sinaddr:  24.166.183.170
Wed Mar 23 18:52:40 2005 :: Solinari has quit.
Wed Mar 23 18:52:51 2005 :: Sebastian has quit.
Wed Mar 23 18:54:40 2005 :: Sock.sinaddr:  82.154.160.104
Wed Mar 23 18:54:42 2005 :: Loading Tabel.
Wed Mar 23 18:54:42 2005 :: Look out, Tabel@bl5-160-104.dsl.telepac.pt has connected.
Wed Mar 23 18:55:37 2005 :: Barazz gained level 5
Wed Mar 23 18:58:39 2005 :: Takhisis has quit.
Wed Mar 23 18:59:16 2005 :: Shinn has quit.
Wed Mar 23 19:01:59 2005 :: Robert has quit.
Wed Mar 23 19:02:13 2005 :: Skyler has quit.
Wed Mar 23 19:02:21 2005 :: Schlor has quit.
Wed Mar 23 19:02:26 2005 :: Tattiana has quit.
Wed Mar 23 19:02:48 2005 :: Gorz has quit.
Wed Mar 23 19:03:10 2005 :: Barazz gained level 6
Wed Mar 23 19:04:27 2005 :: Log Galon: delete
Wed Mar 23 19:04:29 2005 :: Log Galon: delete
Wed Mar 23 19:04:32 2005 :: Sock.sinaddr:  69.29.125.94
Wed Mar 23 19:06:19 2005 :: Galon@d2-94.rb.ot.centurytel.net new player.
Wed Mar 23 19:06:27 2005 :: Tabel has quit.
Wed Mar 23 19:07:56 2005 :: Reorx has quit.
Wed Mar 23 19:08:38 2005 :: Virote has quit.
Wed Mar 23 19:08:40 2005 :: Sock.sinaddr:  68.32.96.221
Wed Mar 23 19:08:48 2005 :: Loading Ferris.
Wed Mar 23 19:08:49 2005 :: Look out, Ferris@pcp0010321099pcs.500ash01.tn.comcast.net has connected.
Wed Mar 23 19:11:43 2005 :: Aerogos has quit.
Wed Mar 23 19:11:47 2005 :: Laraz gained level 23
Wed Mar 23 19:13:44 2005 :: Barazz has quit.
Wed Mar 23 19:16:13 2005 :: Ferris has quit.
Wed Mar 23 19:16:42 2005 :: Sock.sinaddr:  68.32.96.221
Wed Mar 23 19:16:45 2005 :: Loading Virote.
Wed Mar 23 19:16:46 2005 :: Look out, Virote@pcp0010321099pcs.500ash01.tn.comcast.net has connected.
Wed Mar 23 19:17:24 2005 :: Sock.sinaddr:  68.53.61.162
Wed Mar 23 19:17:27 2005 :: Loading Solinari.
Wed Mar 23 19:17:29 2005 :: Look out, Solinari@pcp08895676pcs.hcksrd01.tn.comcast.net has connected.
Wed Mar 23 19:20:05 2005 :: Sock.sinaddr:  218.101.84.85
Wed Mar 23 19:20:10 2005 :: Loading Pieter.
Wed Mar 23 19:20:12 2005 :: Look out, Pieter@218-101-84-85.dialup.clear.net.nz has connected.
Wed Mar 23 19:20:58 2005 :: Sock.sinaddr:  12.96.43.234
Wed Mar 23 19:21:41 2005 :: Loading Darkahn.
Wed Mar 23 19:21:42 2005 :: Look out, Darkahn@12.96.43.234.usa2net.net has connected.
Wed Mar 23 19:26:02 2005 :: Laraz has quit.
Wed Mar 23 19:26:25 2005 :: Sock.sinaddr:  67.49.185.248
Wed Mar 23 19:26:27 2005 :: Loading Kalorg.
Wed Mar 23 19:26:28 2005 :: Look out, Kalorg@cpe-67-49-185-248.hawaii.res.rr.com has connected.
Wed Mar 23 19:27:07 2005 :: Sock.sinaddr:  65.70.79.65
Wed Mar 23 19:27:09 2005 :: Loading Skyler.
Wed Mar 23 19:27:09 2005 :: Look out, Skyler@adsl-65-70-79-65.dsl.tulsok.swbell.net has connected.
Wed Mar 23 19:27:37 2005 :: Kalorg has quit.
Wed Mar 23 19:29:41 2005 :: Skyler has quit.
Wed Mar 23 19:30:40 2005 :: Drakov gained level 83
Wed Mar 23 19:32:41 2005 :: Renfrew gained level 15
Wed Mar 23 19:33:38 2005 :: Galon gained level 2
Wed Mar 23 19:37:10 2005 :: Galon has quit.
Wed Mar 23 19:41:24 2005 :: Flutis has quit.
Wed Mar 23 19:41:31 2005 :: Sock.sinaddr:  217.129.210.93
Wed Mar 23 19:41:32 2005 :: Loading Kjaer.
Wed Mar 23 19:41:32 2005 :: Look out, Kjaer@sm-217-129-210-93.netvisao.pt has connected.
Wed Mar 23 19:42:15 2005 :: Virote has quit.
Wed Mar 23 19:42:15 2005 :: Sock.sinaddr:  68.32.96.221
Wed Mar 23 19:42:18 2005 :: Loading Velox.
Wed Mar 23 19:42:19 2005 :: Look out, Velox@pcp0010321099pcs.500ash01.tn.comcast.net has connected.
Wed Mar 23 19:43:16 2005 :: Log Velox: delete
Wed Mar 23 19:43:18 2005 :: Log Velox: delete
Wed Mar 23 19:43:20 2005 :: Sock.sinaddr:  68.32.96.221
Wed Mar 23 19:43:24 2005 :: Loading Slarcon.
Wed Mar 23 19:43:25 2005 :: Look out, Slarcon@pcp0010321099pcs.500ash01.tn.comcast.net has connected.
Wed Mar 23 19:43:42 2005 :: Log Slarcon: delete
Wed Mar 23 19:43:43 2005 :: Log Slarcon: delete
Wed Mar 23 19:43:58 2005 :: Sock.sinaddr:  68.32.96.221
Wed Mar 23 19:44:04 2005 :: Loading Lues.
Wed Mar 23 19:44:06 2005 :: Look out, Lues@pcp0010321099pcs.500ash01.tn.comcast.net has connected.
Wed Mar 23 19:48:27 2005 :: Kjaer has quit.
Wed Mar 23 19:50:11 2005 :: Pieter has quit.
Wed Mar 23 19:50:28 2005 :: Sock.sinaddr:  218.101.86.186
Wed Mar 23 19:50:31 2005 :: Loading Pieter.
Wed Mar 23 19:50:33 2005 :: Look out, Pieter@218-101-86-186.dialup.clear.net.nz has connected.
Wed Mar 23 19:50:56 2005 :: Sock.sinaddr:  217.129.210.93
Wed Mar 23 19:50:58 2005 :: Loading Azriel.
Wed Mar 23 19:50:58 2005 :: Look out, Azriel@sm-217-129-210-93.netvisao.pt has connected.
Wed Mar 23 19:53:47 2005 :: Sock.sinaddr:  65.26.111.90
Wed Mar 23 19:53:52 2005 :: Loading Gallion.
Wed Mar 23 19:53:57 2005 :: Look out, Gallion@CPE-65-26-111-90.kc.rr.com has connected.
Wed Mar 23 19:54:06 2005 :: Azriel killed by a minotaur at 17730
Wed Mar 23 19:55:41 2005 :: Log Hiddukel: addapply
Wed Mar 23 19:56:30 2005 :: Lues has quit.
Wed Mar 23 19:58:19 2005 :: Sock.sinaddr:  68.32.96.221
Wed Mar 23 19:58:21 2005 :: Loading Kaden.
Wed Mar 23 19:58:22 2005 :: Look out, Kaden@pcp0010321099pcs.500ash01.tn.comcast.net has connected.
Wed Mar 23 19:58:29 2005 :: Log Kaden: delete
Wed Mar 23 19:58:35 2005 :: Log Kaden: delete
Wed Mar 23 19:59:06 2005 :: Log Hiddukel: addapply
Wed Mar 23 19:59:46 2005 :: Sock.sinaddr:  68.32.96.221
Wed Mar 23 20:01:22 2005 :: Slaicor@pcp0010321099pcs.500ash01.tn.comcast.net new player.
Wed Mar 23 20:06:42 2005 :: Sock.sinaddr:  68.106.178.158
Wed Mar 23 20:06:46 2005 :: Loading Grunthor.
Wed Mar 23 20:06:48 2005 :: Look out, Grunthor@ip68-106-178-158.hr.hr.cox.net has connected.
Wed Mar 23 20:08:59 2005 :: Pieter has quit.
Wed Mar 23 20:11:57 2005 :: Renfrew has quit.
Wed Mar 23 20:12:17 2005 :: Azriel has quit.
Wed Mar 23 20:12:49 2005 :: Terris has quit.
Wed Mar 23 20:13:00 2005 :: Slaicor gained level 2
Wed Mar 23 20:13:06 2005 :: Sock.sinaddr:  172.138.184.107
Wed Mar 23 20:13:10 2005 :: Loading Kaldim.
Wed Mar 23 20:13:11 2005 :: Look out, Kaldim@AC8AB86B.ipt.aol.com has connected.
Wed Mar 23 20:16:03 2005 :: Sock.sinaddr:  217.129.210.93
Wed Mar 23 20:16:05 2005 :: Loading Mortius.
Wed Mar 23 20:16:05 2005 :: Look out, Mortius@sm-217-129-210-93.netvisao.pt has connected.
Wed Mar 23 20:16:06 2005 :: Mortius gets skill joust
Wed Mar 23 20:16:45 2005 :: Mortius has quit.
Wed Mar 23 20:16:50 2005 :: Gallion has quit.
Wed Mar 23 20:17:00 2005 :: Sock.sinaddr:  217.129.210.93
Wed Mar 23 20:17:10 2005 :: Loading Keirozius.
Wed Mar 23 20:17:13 2005 :: Look out, Keirozius@sm-217-129-210-93.netvisao.pt has connected.
Wed Mar 23 20:17:14 2005 :: Keirozius gets skill heroic demise
Wed Mar 23 20:17:14 2005 :: Keirozius gets skill joust
Wed Mar 23 20:17:35 2005 :: Sock.sinaddr:  65.26.111.90
Wed Mar 23 20:17:39 2005 :: Loading Quinitel.
Wed Mar 23 20:17:41 2005 :: Look out, Quinitel@CPE-65-26-111-90.kc.rr.com has connected.
Wed Mar 23 20:18:35 2005 :: Sock.sinaddr:  216.198.61.189
Wed Mar 23 20:18:51 2005 :: Slaicor gained level 3
Wed Mar 23 20:19:25 2005 :: Loading Tinist.
Wed Mar 23 20:19:28 2005 :: Look out, Tinist@SA5399-109-27.stic.net has connected.
Wed Mar 23 20:20:00 2005 :: Tinist has quit.
Wed Mar 23 20:21:03 2005 :: Solinari has quit.
Wed Mar 23 20:22:47 2005 :: Sock.sinaddr:  218.101.86.113
Wed Mar 23 20:22:51 2005 :: Loading Pieter.
Wed Mar 23 20:22:53 2005 :: Look out, Pieter@218-101-86-113.dialup.clear.net.nz has connected.
Wed Mar 23 20:23:06 2005 :: Slaicor gained level 4
Wed Mar 23 20:23:47 2005 :: Keirozius has quit.
Wed Mar 23 20:26:28 2005 :: Sock.sinaddr:  24.217.224.212
Wed Mar 23 20:26:30 2005 :: Loading Renfrew.
Wed Mar 23 20:26:31 2005 :: Look out, Renfrew@fl2-24.217.224.212.charter-stl.com has connected.
Wed Mar 23 20:27:32 2005 :: Quinitel has quit.
Wed Mar 23 20:27:33 2005 :: Sock.sinaddr:  65.26.111.90
Wed Mar 23 20:27:36 2005 :: Loading Linduin.
Wed Mar 23 20:27:38 2005 :: Look out, Linduin@CPE-65-26-111-90.kc.rr.com has connected.
Wed Mar 23 20:28:25 2005 :: Slaicor gained level 5
Wed Mar 23 20:28:43 2005 :: Kaldim has quit.
Wed Mar 23 20:28:49 2005 :: Sock.sinaddr:  172.138.184.107
Wed Mar 23 20:28:52 2005 :: Loading Terris.
Wed Mar 23 20:28:53 2005 :: Look out, Terris@AC8AB86B.ipt.aol.com has connected.
Wed Mar 23 20:37:06 2005 :: Drakov has quit.
Wed Mar 23 20:40:08 2005 :: Caspius has quit.
Wed Mar 23 20:40:08 2005 :: Grunthor gained level 22
Wed Mar 23 20:40:21 2005 :: Sock.sinaddr:  193.136.33.131
Wed Mar 23 20:40:23 2005 :: Loading Phosvec.
Wed Mar 23 20:40:23 2005 :: Look out, Phosvec@193.136.33.131 has connected.
Wed Mar 23 20:40:34 2005 :: Sock.sinaddr:  12.75.26.215
Wed Mar 23 20:40:36 2005 :: Loading Gilean.
Wed Mar 23 20:40:36 2005 :: Look out, Gilean@215.detroit-01rh15-16rt.mi.dial-access.att.net has connected.
Wed Mar 23 20:42:03 2005 :: Log Hiddukel: desock 21
Wed Mar 23 20:42:03 2005 :: Closing link to Marlacon.
Wed Mar 23 20:42:38 2005 :: Renfrew gained level 16
Wed Mar 23 20:43:17 2005 :: Renfrew has quit.
Wed Mar 23 20:43:26 2005 :: Slaicor gained level 6
Wed Mar 23 20:44:20 2005 :: Pieter has quit.
Wed Mar 23 20:47:35 2005 :: Sock.sinaddr:  218.101.88.171
Wed Mar 23 20:47:38 2005 :: Loading Pieter.
Wed Mar 23 20:47:41 2005 :: Look out, Pieter@218-101-88-171.dialup.clear.net.nz has connected.
Wed Mar 23 20:50:17 2005 :: [WARNING] Grunthor gtells: i am gonna get off the mud for now, too many people on aim to do both at the same time
Wed Mar 23 20:50:32 2005 :: Grunthor has quit.
Wed Mar 23 20:50:43 2005 :: Linduin has quit.
Wed Mar 23 20:50:44 2005 :: Sock.sinaddr:  65.26.111.90
Wed Mar 23 20:50:47 2005 :: Loading Gallion.
Wed Mar 23 20:50:48 2005 :: Gallion. Bad Password. IP: CPE-65-26-111-90.kc.rr.com> 123456
Wed Mar 23 20:50:48 2005 :: Closing link to Gallion.
Wed Mar 23 20:50:50 2005 :: Sock.sinaddr:  65.26.111.90
Wed Mar 23 20:50:53 2005 :: Loading Gallion.
Wed Mar 23 20:50:56 2005 :: Look out, Gallion@CPE-65-26-111-90.kc.rr.com has connected.
Wed Mar 23 20:56:21 2005 :: Sock.sinaddr:  12.75.26.215
Wed Mar 23 20:56:22 2005 :: Loading Kaillen.
Wed Mar 23 20:56:23 2005 :: Look out, Kaillen@215.detroit-01rh15-16rt.mi.dial-access.att.net has connected.
Wed Mar 23 20:58:47 2005 :: Sock.sinaddr:  69.233.32.149
Wed Mar 23 20:58:50 2005 :: Loading Drakov.
Wed Mar 23 20:58:52 2005 :: Look out, Drakov@ppp-69-233-32-149.dsl.pltn13.pacbell.net has connected.
Wed Mar 23 21:03:41 2005 :: Slaicor gained level 7
Wed Mar 23 21:06:27 2005 :: Sock.sinaddr:  65.70.79.65
Wed Mar 23 21:06:29 2005 :: Loading Tattiana.
Wed Mar 23 21:06:31 2005 :: Look out, Tattiana@adsl-65-70-79-65.dsl.tulsok.swbell.net has connected.
Wed Mar 23 21:07:54 2005 :: Tattiana has quit.
Wed Mar 23 21:08:30 2005 :: Sock.sinaddr:  66.32.105.107
Wed Mar 23 21:08:32 2005 :: Loading Schlor.
Wed Mar 23 21:08:33 2005 :: Look out, Schlor@user-1120qbb.dsl.mindspring.com has connected.
Wed Mar 23 21:10:08 2005 :: Vilae has quit.
Wed Mar 23 21:10:25 2005 :: Slaicor gained level 8
Wed Mar 23 21:14:02 2005 :: Slaicor gained level 9
Wed Mar 23 21:15:56 2005 :: Drakov has quit.
Wed Mar 23 21:16:34 2005 :: Sock.sinaddr:  24.217.224.212
Wed Mar 23 21:16:36 2005 :: Loading Renfrew.
Wed Mar 23 21:16:37 2005 :: Look out, Renfrew@fl2-24.217.224.212.charter-stl.com has connected.
Wed Mar 23 21:20:04 2005 :: Sock.sinaddr:  69.233.32.149
Wed Mar 23 21:20:06 2005 :: Loading Drakov.
Wed Mar 23 21:20:09 2005 :: Look out, Drakov@ppp-69-233-32-149.dsl.pltn13.pacbell.net has connected.
Wed Mar 23 21:22:28 2005 :: Slaicor gained level 10
Wed Mar 23 21:22:34 2005 :: Drakov has quit.
Wed Mar 23 21:27:57 2005 :: Sock.sinaddr:  70.178.81.73
Wed Mar 23 21:27:58 2005 :: Loading Dekyos.
Wed Mar 23 21:27:59 2005 :: Look out, Dekyos@ip70-178-81-73.ma.dl.cox.net has connected.
Wed Mar 23 21:29:29 2005 :: Log Hiddukel: laston tulip
Wed Mar 23 21:30:42 2005 :: Sock.sinaddr:  206.186.33.35
Wed Mar 23 21:30:45 2005 :: Loading Asauder.
Wed Mar 23 21:30:46 2005 :: Look out, Asauder@digital25.granite.mb.ca has connected.
Wed Mar 23 21:30:56 2005 :: Log Hiddukel: laston agathon
Wed Mar 23 21:35:30 2005 :: Renfrew has quit.
Wed Mar 23 21:36:49 2005 :: Sock.sinaddr:  24.74.110.71
Wed Mar 23 21:37:02 2005 :: Loading Veli.
Wed Mar 23 21:37:03 2005 :: Look out, Veli@clt74-110-071.carolina.rr.com has connected.
Wed Mar 23 21:38:43 2005 :: Slaicor gained level 11
Wed Mar 23 21:40:16 2005 :: Log Gilean: asp pieter note list
Wed Mar 23 21:40:50 2005 :: Pieter killed by Pieter at 11616
Wed Mar 23 21:42:15 2005 :: Log Gilean: snoop pieter
Wed Mar 23 21:44:38 2005 :: Sock.sinaddr:  67.164.117.26
Wed Mar 23 21:44:41 2005 :: Loading Falon.
Wed Mar 23 21:44:42 2005 :: Look out, Falon@c-67-164-117-26.client.comcast.net has connected.
Wed Mar 23 21:44:45 2005 :: Log Gilean: asp pieter note list
Wed Mar 23 21:46:40 2005 :: Terris has quit.
Wed Mar 23 21:48:44 2005 :: Falon has quit.
Wed Mar 23 21:50:53 2005 :: Sock.sinaddr:  24.217.224.212
Wed Mar 23 21:50:56 2005 :: Loading Renfrew.
Wed Mar 23 21:50:57 2005 :: Look out, Renfrew@fl2-24.217.224.212.charter-stl.com has connected.
Wed Mar 23 21:51:45 2005 :: Darkahn has quit.
Wed Mar 23 21:53:35 2005 :: Log Gilean: snoop self
Wed Mar 23 21:53:48 2005 :: Sock.sinaddr:  68.84.161.110
Wed Mar 23 21:53:50 2005 :: Loading Simon.
Wed Mar 23 21:53:50 2005 :: Look out, Simon@pcp09048423pcs.rocsth01.mi.comcast.net has connected.
Wed Mar 23 21:53:57 2005 :: Simon has quit.
Wed Mar 23 21:54:01 2005 :: Sock.sinaddr:  68.84.161.110
Wed Mar 23 21:54:03 2005 :: Sock.sinaddr:  12.96.43.234
Wed Mar 23 21:54:03 2005 :: Loading Waynroth.
Wed Mar 23 21:54:05 2005 :: Loading Darkahn.
Wed Mar 23 21:54:06 2005 :: Look out, Waynroth@pcp09048423pcs.rocsth01.mi.comcast.net has connected.
Wed Mar 23 21:54:07 2005 :: Look out, Darkahn@12.96.43.234.usa2net.net has connected.
Wed Mar 23 22:01:02 2005 :: Asauder has quit.
Wed Mar 23 22:02:05 2005 :: Slaicor gained level 12
Wed Mar 23 22:02:41 2005 :: Sock.sinaddr:  69.233.32.149
Wed Mar 23 22:02:43 2005 :: Loading Drakov.
Wed Mar 23 22:02:46 2005 :: Look out, Drakov@ppp-69-233-32-149.dsl.pltn13.pacbell.net has connected.
Wed Mar 23 22:03:19 2005 :: Sock.sinaddr:  68.106.178.158
Wed Mar 23 22:03:32 2005 :: Closing link to Punks.
Wed Mar 23 22:03:34 2005 :: Sock.sinaddr:  68.106.178.158
Wed Mar 23 22:03:37 2005 :: Loading Grunthor.
Wed Mar 23 22:03:39 2005 :: Look out, Grunthor@ip68-106-178-158.hr.hr.cox.net has connected.
Wed Mar 23 22:04:57 2005 :: Waynroth has quit.
Wed Mar 23 22:05:01 2005 :: Sock.sinaddr:  68.84.161.110
Wed Mar 23 22:05:03 2005 :: Loading Simon.
Wed Mar 23 22:05:04 2005 :: Look out, Simon@pcp09048423pcs.rocsth01.mi.comcast.net has connected.
Wed Mar 23 22:05:24 2005 :: Sock.sinaddr:  24.81.132.64
Wed Mar 23 22:05:33 2005 :: Loading Rebecca.
Wed Mar 23 22:05:34 2005 :: Look out, Rebecca@S0106000c41488c1b.vc.shawcable.net has connected.
Wed Mar 23 22:05:38 2005 :: Slaicor gained level 13
Wed Mar 23 22:07:50 2005 :: Veli gained level 19
Wed Mar 23 22:08:01 2005 :: Schlor has quit.
Wed Mar 23 22:08:02 2005 :: Sock.sinaddr:  64.112.206.6
Wed Mar 23 22:08:04 2005 :: Phosvec has quit.
Wed Mar 23 22:08:09 2005 :: Loading Glorfilith.
Wed Mar 23 22:08:13 2005 :: Look out, Glorfilith@roam-6.sienahts.edu has connected.
Wed Mar 23 22:08:15 2005 :: Sock.sinaddr:  193.136.33.131
Wed Mar 23 22:08:17 2005 :: Loading Caspius.
Wed Mar 23 22:08:18 2005 :: Look out, Caspius@193.136.33.131 has connected.
Wed Mar 23 22:08:35 2005 :: [WARNING] Darkahn replies to Simon: Just got all my stuff I've ever got on the MUD stole by Dekyos while I was afk.
Wed Mar 23 22:09:30 2005 :: Slaicor gained level 14
Wed Mar 23 22:10:14 2005 :: Sock.sinaddr:  65.70.79.65
Wed Mar 23 22:10:16 2005 :: Loading Skyler.
Wed Mar 23 22:10:16 2005 :: Look out, Skyler@adsl-65-70-79-65.dsl.tulsok.swbell.net has connected.
Wed Mar 23 22:10:51 2005 :: [*****] BUG: Buffer overflow. Closing.

Write_to_descriptor: Resource temporarily unavailable
Wed Mar 23 22:10:51 2005 :: Closing link to Veli.
Wed Mar 23 22:13:03 2005 :: Log Rebecca: devote takhisis
Wed Mar 23 22:16:30 2005 :: Sock.sinaddr:  24.154.73.227
Wed Mar 23 22:16:34 2005 :: Loading Majere.
Wed Mar 23 22:16:37 2005 :: Slaicor gained level 15
Wed Mar 23 22:16:37 2005 :: Look out, Majere@acs-24-154-73-227.zoominternet.net has connected.
Wed Mar 23 22:19:08 2005 :: Slaicor gained level 16
Read_from_descriptor: Connection reset by peer
Wed Mar 23 22:19:31 2005 :: Closing link to Majere.
Wed Mar 23 22:20:49 2005 :: Sock.sinaddr:  24.154.73.227
Wed Mar 23 22:20:51 2005 :: Loading Majere.
Wed Mar 23 22:20:52 2005 :: Majere@acs-24-154-73-227.zoominternet.net reconnected.
Wed Mar 23 22:21:35 2005 :: Grunthor gained level 23
Wed Mar 23 22:22:06 2005 :: Slaicor has quit.
Wed Mar 23 22:22:12 2005 :: Sock.sinaddr:  68.32.96.221
Wed Mar 23 22:22:14 2005 :: Loading Virote.
Wed Mar 23 22:22:15 2005 :: Look out, Virote@pcp0010321099pcs.500ash01.tn.comcast.net has connected.
Wed Mar 23 22:22:34 2005 :: Renfrew has quit.
Wed Mar 23 22:22:55 2005 :: [WARNING] Darkahn tells Dekyos: Doesn't mean she doesn't consider yer actions on the MUD exactly right.
Wed Mar 23 22:24:47 2005 :: Log Majere: snoop dek
Wed Mar 23 22:25:11 2005 :: Veli has quit.
Wed Mar 23 22:27:46 2005 :: Sock.sinaddr:  69.134.115.188
Wed Mar 23 22:28:13 2005 :: Rebecca has quit.
Wed Mar 23 22:28:16 2005 :: Sock.sinaddr:  24.81.132.64
Wed Mar 23 22:28:20 2005 :: Loading Talwin.
Wed Mar 23 22:28:22 2005 :: Look out, Talwin@S0106000c41488c1b.vc.shawcable.net has connected.
Wed Mar 23 22:28:23 2005 :: Formair@cpe-069-134-115-188.carolina.rr.com new player.
Wed Mar 23 22:28:36 2005 :: [WARNING] Dekyos tells Simon: he said I'm a prick to everyone else on the mud, and he said you by name, lol
Wed Mar 23 22:29:23 2005 :: EOF encountered on read.
Wed Mar 23 22:29:23 2005 :: Closing link to Formair.
Wed Mar 23 22:29:42 2005 :: [WARNING] Simon replies to Dekyos: Stole everything he's ever got in the Mud
Wed Mar 23 22:30:10 2005 :: Log Gilean: snoop simon
Wed Mar 23 22:30:26 2005 :: Darkahn has quit.
Wed Mar 23 22:33:11 2005 :: Log Gilean: snoop gil
Wed Mar 23 22:34:29 2005 :: EOF encountered on read.
Wed Mar 23 22:34:29 2005 :: Closing link to Glorfilith.
Wed Mar 23 22:38:05 2005 :: Simon has quit.
Wed Mar 23 22:38:47 2005 :: Sock.sinaddr:  68.84.161.110
Wed Mar 23 22:38:49 2005 :: Loading Simon.
Wed Mar 23 22:38:50 2005 :: Look out, Simon@pcp09048423pcs.rocsth01.mi.comcast.net has connected.
Wed Mar 23 22:44:50 2005 :: Sock.sinaddr:  67.164.117.26
Wed Mar 23 22:44:53 2005 :: Loading Falon.
Wed Mar 23 22:44:55 2005 :: Look out, Falon@c-67-164-117-26.client.comcast.net has connected.
Wed Mar 23 22:50:46 2005 :: Glorfilith has quit.
Wed Mar 23 22:51:27 2005 :: Falon has quit.
Wed Mar 23 22:52:17 2005 :: Kaillen has quit.
Wed Mar 23 22:52:45 2005 :: Skyler has quit.
Wed Mar 23 22:53:40 2005 :: Sock.sinaddr:  65.70.79.65
Wed Mar 23 22:53:41 2005 :: Loading Tastai.
Wed Mar 23 22:53:42 2005 :: Look out, Tastai@adsl-65-70-79-65.dsl.tulsok.swbell.net has connected.
Wed Mar 23 22:59:17 2005 :: Grunthor killed by Kalaman Gateguard at 3801
Wed Mar 23 23:00:44 2005 :: Dekyos has quit.
Wed Mar 23 23:01:20 2005 :: Grunthor has quit.
Wed Mar 23 23:02:35 2005 :: [*****] BUG: Damage: 1230: more than 1200 points!
Wed Mar 23 23:05:12 2005 :: Simon gained level 83
Wed Mar 23 23:05:25 2005 :: Tastai has quit.
Wed Mar 23 23:10:24 2005 :: [*****] BUG: Damage: 1282: more than 1200 points!
Wed Mar 23 23:10:27 2005 :: Log Majere: string obj hood name dark silk hood
Wed Mar 23 23:10:38 2005 :: Log Majere: string obj hood short a dark {Dsilk{x hood
Wed Mar 23 23:10:49 2005 :: Log Majere: string obj hood long A piece of solk has been discarded here.
Wed Mar 23 23:11:58 2005 :: Log Majere: string obj mask name light silk mask
Wed Mar 23 23:12:08 2005 :: Log Majere: string obj mask short a light {Dsilk{x mask
Wed Mar 23 23:12:20 2005 :: Log Majere: string obj mask long A mask of fine silk lies here.
Wed Mar 23 23:13:53 2005 :: Log Majere: string obj ankle name ankle guard
Wed Mar 23 23:14:09 2005 :: Log Majere: string obj ankle short an {Donyx{x ankle guard
Wed Mar 23 23:15:04 2005 :: Log Majere: string obj ankle long A hard, black piece of material lies here.
Wed Mar 23 23:15:07 2005 :: Log Majere: clone ankle
Wed Mar 23 23:16:04 2005 :: Log Majere: string obj boots name black leather boots
Wed Mar 23 23:16:13 2005 :: Log Majere: string obj boots short black {Dleather{x boots
Wed Mar 23 23:16:16 2005 :: Pieter has quit.
Wed Mar 23 23:16:18 2005 :: Sock.sinaddr:  65.100.122.35
Wed Mar 23 23:16:21 2005 :: Loading Mishakal.
Wed Mar 23 23:16:21 2005 :: Look out, Mishakal@65-100-122-35.albq.qwest.net has connected.
Wed Mar 23 23:16:30 2005 :: Log Majere: string obj boots long A pair of tarvel-worn boots made from black leather lies here.
Wed Mar 23 23:17:59 2005 :: Sock.sinaddr:  65.100.122.35
Wed Mar 23 23:18:01 2005 :: Loading Serie.
Wed Mar 23 23:18:02 2005 :: Look out, Serie@65-100-122-35.albq.qwest.net has connected.
Wed Mar 23 23:18:41 2005 :: Log Majere: string obj vamb name light silk sleeves
Wed Mar 23 23:18:55 2005 :: Log Majere: string obj sleeves short light {Dsilk{x sleeves
Wed Mar 23 23:19:11 2005 :: Log Majere: string obj sleeves long A pair of sleeves made from fine silk lies here.
Wed Mar 23 23:19:56 2005 :: Log Majere: string obj mantle name a long black cloak
Wed Mar 23 23:20:05 2005 :: Log Majere: string obj cloak short a long {Dblack{x cloak
Wed Mar 23 23:20:09 2005 :: Sock.sinaddr:  64.168.130.114
Wed Mar 23 23:20:11 2005 :: Loading Vilae.
Wed Mar 23 23:20:13 2005 :: Look out, Vilae@adsl-64-168-130-114.dsl.snfc21.pacbell.net has connected.
Wed Mar 23 23:20:26 2005 :: Log Majere: string obj cloak long A long, dark piece of cloth lies here.
Wed Mar 23 23:21:03 2005 :: Log Majere: asperson tal eq
Wed Mar 23 23:22:28 2005 :: Log Majere: string obj skin name a light silk overcoat
Wed Mar 23 23:22:41 2005 :: Log Majere: string obj overcoat short a light {Dsilk{x overcoat
Wed Mar 23 23:22:55 2005 :: Log Majere: string obj overcoat long An overcoat made from fine silk lies here.
Wed Mar 23 23:23:54 2005 :: Log Majere: string obj bra name black leather bracer
Wed Mar 23 23:24:04 2005 :: Log Majere: string obj bra short a {Dblack{x leather bracer
Wed Mar 23 23:24:13 2005 :: Log Majere: string obj bra long A bracer made from tough leather lies here.
Wed Mar 23 23:24:18 2005 :: Log Majere: grab bra tal
Wed Mar 23 23:24:20 2005 :: Log Majere: clone bra
Wed Mar 23 23:24:30 2005 :: Sock.sinaddr:  12.96.43.234
Wed Mar 23 23:24:32 2005 :: Loading Darkahn.
Wed Mar 23 23:24:32 2005 :: Look out, Darkahn@12.96.43.234.usa2net.net has connected.
Wed Mar 23 23:25:12 2005 :: Log Majere: string obj cloak name red crescent amulet
Wed Mar 23 23:25:23 2005 :: Log Majere: string obj amulet short a {Rred{x crescent amulet
Wed Mar 23 23:25:37 2005 :: Log Majere: string obj amu long An amulet bearing the image of a crescent Red Moon lies here.
Wed Mar 23 23:26:55 2005 :: Log Majere: string obj sword name long black staff
Wed Mar 23 23:27:02 2005 :: Log Majere: string obj staff short a long {Dblack{x staff
Wed Mar 23 23:27:19 2005 :: Sock.sinaddr:  24.18.41.24
Wed Mar 23 23:27:22 2005 :: Loading Lando.
Wed Mar 23 23:27:22 2005 :: Look out, Lando@c-24-18-41-24.client.comcast.net has connected.
Wed Mar 23 23:27:38 2005 :: Log Majere: string obj staff long A staff of ebony, nearly as long as a person is tall, lies here.
Wed Mar 23 23:29:00 2005 :: Log Majere: asperson talwin eq
Read_from_descriptor: Connection reset by peer
Wed Mar 23 23:29:00 2005 :: Closing link to Simon.
Wed Mar 23 23:29:03 2005 :: Sock.sinaddr:  68.84.161.110
Wed Mar 23 23:29:05 2005 :: Loading Waynroth.
Wed Mar 23 23:29:06 2005 :: Look out, Waynroth@pcp09048423pcs.rocsth01.mi.comcast.net has connected.
Wed Mar 23 23:29:21 2005 :: Log Majere: string obj shield name an aura of magic
Wed Mar 23 23:29:34 2005 :: Log Majere: string obj buck name an aura of magic
Wed Mar 23 23:29:52 2005 :: Log Majere: string obj aura short ({wFaint{x) an aura of {bmagic{x
Wed Mar 23 23:30:09 2005 :: Lando has quit.
Wed Mar 23 23:32:33 2005 :: Log Majere: string obj stone name lightstone
Wed Mar 23 23:32:41 2005 :: Log Majere: string obj lightstone short a lightstone
Wed Mar 23 23:32:56 2005 :: Log Majere: string obj stone long A small stone that lets off a great light lies here.
Wed Mar 23 23:33:04 2005 :: Sock.sinaddr:  12.75.26.215
Wed Mar 23 23:33:06 2005 :: Loading Kaillen.
Wed Mar 23 23:33:06 2005 :: Look out, Kaillen@215.detroit-01rh15-16rt.mi.dial-access.att.net has connected.
Wed Mar 23 23:33:18 2005 :: Log Majere: string obj light long A small stone that lets off a great light lies here.
Wed Mar 23 23:34:09 2005 :: Log Majere: string obj make short ({RPartially-Used{x) {AMakeover{x
Wed Mar 23 23:34:24 2005 :: Log Majere: string obj make long Good for 12 Restrings. - Lobbes Maj
Wed Mar 23 23:34:32 2005 :: Log Gilean: snoop mishakal
Wed Mar 23 23:37:28 2005 :: Kaillen has quit.
Wed Mar 23 23:39:48 2005 :: Log Gilean: snoop gil
Read_from_descriptor: Connection reset by peer
Wed Mar 23 23:39:57 2005 :: Closing link to Waynroth.
Wed Mar 23 23:39:59 2005 :: Sock.sinaddr:  68.84.161.110
Wed Mar 23 23:40:01 2005 :: Loading Simon.
Wed Mar 23 23:40:01 2005 :: Simon@pcp09048423pcs.rocsth01.mi.comcast.net reconnected.
Read_from_descriptor: Connection reset by peer
Wed Mar 23 23:40:14 2005 :: Closing link to Simon.
Wed Mar 23 23:40:17 2005 :: Sock.sinaddr:  68.84.161.110
Wed Mar 23 23:40:19 2005 :: Loading Waynroth.
Wed Mar 23 23:40:19 2005 :: Waynroth@pcp09048423pcs.rocsth01.mi.comcast.net reconnected.
Read_from_descriptor: Connection reset by peer
Wed Mar 23 23:42:45 2005 :: Closing link to Waynroth.
Wed Mar 23 23:42:48 2005 :: Sock.sinaddr:  68.84.161.110
Wed Mar 23 23:42:50 2005 :: Loading Simon.
Wed Mar 23 23:42:50 2005 :: Simon@pcp09048423pcs.rocsth01.mi.comcast.net reconnected.
Wed Mar 23 23:43:05 2005 :: Simon has quit.
Wed Mar 23 23:43:09 2005 :: Sock.sinaddr:  68.84.161.110
Wed Mar 23 23:43:11 2005 :: Loading Waynroth.
Wed Mar 23 23:43:11 2005 :: Waynroth@pcp09048423pcs.rocsth01.mi.comcast.net reconnected.
Wed Mar 23 23:45:28 2005 :: Virote has quit.
Wed Mar 23 23:46:28 2005 :: Sock.sinaddr:  68.32.96.221
Wed Mar 23 23:46:30 2005 :: Loading Ferris.
Wed Mar 23 23:46:31 2005 :: Look out, Ferris@pcp0010321099pcs.500ash01.tn.comcast.net has connected.
Wed Mar 23 23:48:01 2005 :: Gilean has quit.
Wed Mar 23 23:51:16 2005 :: Waynroth has quit.
Wed Mar 23 23:51:20 2005 :: Sock.sinaddr:  68.84.161.110
Wed Mar 23 23:51:21 2005 :: Loading Simon.
Wed Mar 23 23:51:22 2005 :: Look out, Simon@pcp09048423pcs.rocsth01.mi.comcast.net has connected.
Wed Mar 23 23:59:32 2005 :: Serie has quit.
Thu Mar 24 00:00:37 2005 :: Log Mishakal: string obj make name makeover voucher
Thu Mar 24 00:02:54 2005 :: Log Mishakal: string obj ring short a thin {wsilver{x band
Thu Mar 24 00:03:03 2005 :: Log Mishakal: string obj ring long A ring of silver lies here.
Thu Mar 24 00:04:16 2005 :: Gallion has quit.
Thu Mar 24 00:04:19 2005 :: Log Mishakal: string obj ring name thin silver band
Thu Mar 24 00:04:25 2005 :: Log Mishakal: string obj ring short a thin {wsilver{x band
Thu Mar 24 00:04:32 2005 :: Log Mishakal: string obj ring long A ring of silver lies here.
Thu Mar 24 00:04:34 2005 :: Log Mishakal: string obj ring name thin silver band
Thu Mar 24 00:04:43 2005 :: Log Mishakal: string obj voucher long This voucher is good for 11 more restrings. -Mishakal
Thu Mar 24 00:06:26 2005 :: Caspius gained level 85
Thu Mar 24 00:06:43 2005 :: Log Mishakal: string obj dust short a long {Dblack{x cloak
Thu Mar 24 00:07:01 2005 :: Log Mishakal: string obj dust lng A long, dark piece of cloth lies here.
Thu Mar 24 00:07:06 2005 :: Log Mishakal: string obj dust long A long, dark piece of cloth lies here.
Thu Mar 24 00:07:18 2005 :: Sock.sinaddr:  24.18.41.24
Thu Mar 24 00:07:20 2005 :: Loading Lando.
Thu Mar 24 00:07:20 2005 :: Log Mishakal: string obj black short a light {Dsilk{x mantle
Thu Mar 24 00:07:21 2005 :: Look out, Lando@c-24-18-41-24.client.comcast.net has connected.
Thu Mar 24 00:07:30 2005 :: Lando has quit.
Thu Mar 24 00:07:46 2005 :: Sock.sinaddr:  67.164.117.26
Thu Mar 24 00:07:52 2005 :: Loading Falon.
Thu Mar 24 00:07:54 2005 :: Look out, Falon@c-67-164-117-26.client.comcast.net has connected.
Thu Mar 24 00:07:58 2005 :: Log Mishakal: string obj black long A mantle made from fine silk lies here.
Thu Mar 24 00:08:02 2005 :: Log Mishakal: string obj black name light silk mantle
Thu Mar 24 00:08:10 2005 :: Log Mishakal: string obj cloak name long black cloak
Thu Mar 24 00:08:27 2005 :: Log Mishakal: string obj voucher long This voucher is good for 8 more restrings. -Mishakal
Thu Mar 24 00:08:54 2005 :: Log Mishakal: string obj gloves short light {Dsilk{x gloves
Thu Mar 24 00:09:05 2005 :: Log Mishakal: string obj gloves long A pair of gloves made from fine silk lies here.
Thu Mar 24 00:09:11 2005 :: Log Mishakal: string obj gloves name light silk gloves
Thu Mar 24 00:09:15 2005 :: Log Mishakal: string obj voucher long This voucher is good for 7 more restrings. -Mishakal
Thu Mar 24 00:09:52 2005 :: Log Mishakal: string obj aura short ({wFaint{x) an aura of magic
Thu Mar 24 00:12:40 2005 :: Falon has quit.
Thu Mar 24 00:12:44 2005 :: Sock.sinaddr:  67.164.117.26
Thu Mar 24 00:12:59 2005 :: Loading Tavita.
Thu Mar 24 00:13:01 2005 :: Look out, Tavita@c-67-164-117-26.client.comcast.net has connected.
Thu Mar 24 00:20:15 2005 :: Majere has quit.
Thu Mar 24 00:29:12 2005 :: Talwin has quit.
Thu Mar 24 00:34:03 2005 :: Tavita has quit.
Thu Mar 24 00:34:26 2005 :: Darkahn has quit.
Read_from_descriptor: Connection reset by peer
Thu Mar 24 00:35:11 2005 :: Closing link to Vilae.
Thu Mar 24 00:35:21 2005 :: Sock.sinaddr:  64.168.130.114
Thu Mar 24 00:35:24 2005 :: Loading Vilae.
Thu Mar 24 00:35:26 2005 :: Vilae@adsl-64-168-130-114.dsl.snfc21.pacbell.net reconnected.
Thu Mar 24 00:36:35 2005 :: Sock.sinaddr:  67.164.117.26
Thu Mar 24 00:36:41 2005 :: Sock.sinaddr:  64.168.130.114
Thu Mar 24 00:36:43 2005 :: Loading Toshin.
Thu Mar 24 00:36:45 2005 :: Look out, Toshin@c-67-164-117-26.client.comcast.net has connected.
Thu Mar 24 00:36:51 2005 :: EOF encountered on read.
Thu Mar 24 00:36:57 2005 :: Sock.sinaddr:  64.168.130.114
Thu Mar 24 00:37:38 2005 :: Toshin has quit.
Thu Mar 24 00:39:10 2005 :: Sock.sinaddr:  24.247.34.51
Read_from_descriptor: Connection reset by peer
Thu Mar 24 00:41:48 2005 :: Sock.sinaddr:  70.150.91.131
Thu Mar 24 00:41:52 2005 :: Loading Jushao.
Thu Mar 24 00:41:53 2005 :: Look out, Jushao@host-70-150-91-131.gforcecable.com has connected.
Thu Mar 24 00:46:21 2005 :: Ferris has quit.
Thu Mar 24 00:46:22 2005 :: Sock.sinaddr:  68.32.96.221
Thu Mar 24 00:46:26 2005 :: Loading Virote.
Thu Mar 24 00:46:27 2005 :: Look out, Virote@pcp0010321099pcs.500ash01.tn.comcast.net has connected.
Thu Mar 24 00:48:21 2005 :: Sock.sinaddr:  24.81.132.64
Thu Mar 24 00:48:24 2005 :: Loading Talwin.
Thu Mar 24 00:48:25 2005 :: Look out, Talwin@S0106000c41488c1b.vc.shawcable.net has connected.
Thu Mar 24 00:50:04 2005 :: [*****] BUG: Buffer overflow. Closing.

Write_to_descriptor: Resource temporarily unavailable
Thu Mar 24 00:50:04 2005 :: Closing link to Drakov.
Thu Mar 24 00:50:18 2005 :: Log Hiddukel: gecho ** Reboot will commence in 30 seconds : We will be down for approximately 10 seconds before it loads back up **
Thu Mar 24 00:51:01 2005 :: Log Hiddukel: restore all
Thu Mar 24 00:51:08 2005 :: Log Hiddukel: asave changed
Thu Mar 24 00:51:10 2005 :: Log Hiddukel: reboot
Thu Mar 24 00:51:10 2005 :: Closing link to Talwin.
Thu Mar 24 00:51:10 2005 :: Closing link to Virote.
Thu Mar 24 00:51:10 2005 :: Closing link to Jushao.
Thu Mar 24 00:51:10 2005 :: Closing link to Vilae.
Thu Mar 24 00:51:10 2005 :: Closing link to Simon.
Thu Mar 24 00:51:10 2005 :: Closing link to Mishakal.
Thu Mar 24 00:51:10 2005 :: Closing link to Caspius.
Thu Mar 24 00:51:10 2005 :: Closing link to Hiddukel.
Thu Mar 24 00:51:11 2005 :: Normal termination of game.
