Tue Mar 29 21:25:52 2005 :: ROM is ready to rock on port 6100.
Tue Mar 29 21:25:57 2005 :: Sock.sinaddr:  67.49.185.248
Tue Mar 29 21:26:00 2005 :: Sock.sinaddr:  172.134.23.232
New_descriptor: getpeername: Transport endpoint is not connected
Write_to_descriptor: Connection reset by peer
Write_to_descriptor: Broken pipe
Write_to_descriptor: Broken pipe
Write_to_descriptor: Broken pipe
Write_to_descriptor: Broken pipe
Write_to_descriptor: Broken pipe
Write_to_descriptor: Broken pipe
Write_to_descriptor: Broken pipe
Tue Mar 29 21:26:07 2005 :: Sock.sinaddr:  172.153.37.238
Tue Mar 29 21:26:07 2005 :: EOF encountered on read.
Tue Mar 29 21:26:07 2005 :: Loading Telash.
Tue Mar 29 21:26:10 2005 :: Sock.sinaddr:  65.26.111.90
Tue Mar 29 21:26:10 2005 :: Look out, Telash@cpe-67-49-185-248.hawaii.res.rr.com has connected.
Write_to_descriptor: Connection reset by peer
Tue Mar 29 21:26:10 2005 :: Closing link to Telash.
Tue Mar 29 21:26:14 2005 :: Sock.sinaddr:  193.136.33.131
Tue Mar 29 21:26:14 2005 :: Loading Griswald.
Tue Mar 29 21:26:18 2005 :: Sock.sinaddr:  68.73.153.250
Tue Mar 29 21:26:18 2005 :: Look out, Griswald@CPE-65-26-111-90.kc.rr.com has connected.
Tue Mar 29 21:26:21 2005 :: Sock.sinaddr:  12.96.43.234
Tue Mar 29 21:26:21 2005 :: Loading Zeak.
Tue Mar 29 21:26:21 2005 :: Loading Phosvec.
Tue Mar 29 21:26:21 2005 :: Loading Aerogos.
Tue Mar 29 21:26:21 2005 :: Loading Terris.
Tue Mar 29 21:26:25 2005 :: Sock.sinaddr:  24.217.224.212
Write_to_descriptor: Broken pipe
Write_to_descriptor: Broken pipe
Write_to_descriptor: Broken pipe
Write_to_descriptor: Broken pipe
Write_to_descriptor: Broken pipe
Write_to_descriptor: Broken pipe
Write_to_descriptor: Broken pipe
Tue Mar 29 21:26:25 2005 :: Look out, Zeak@adsl-68-73-153-250.dsl.ipltin.ameritech.net has connected.
Tue Mar 29 21:26:25 2005 :: Look out, Phosvec@193.136.33.131 has connected.
Tue Mar 29 21:26:29 2005 :: Sock.sinaddr:  24.81.132.64
Write_to_descriptor: Broken pipe
Write_to_descriptor: Broken pipe
Write_to_descriptor: Broken pipe
Write_to_descriptor: Broken pipe
Write_to_descriptor: Broken pipe
Write_to_descriptor: Broken pipe
Write_to_descriptor: Broken pipe
Tue Mar 29 21:26:29 2005 :: EOF encountered on read.
Tue Mar 29 21:26:29 2005 :: EOF encountered on read.
Tue Mar 29 21:26:29 2005 :: Look out, Aerogos@AC9925EE.ipt.aol.com has connected.
Tue Mar 29 21:26:29 2005 :: Look out, Terris@AC8617E8.ipt.aol.com has connected.
Tue Mar 29 21:26:34 2005 :: Sock.sinaddr:  67.49.185.248
Tue Mar 29 21:26:34 2005 :: EOF encountered on read.
Tue Mar 29 21:26:34 2005 :: Loading Darkahn.
Tue Mar 29 21:26:37 2005 :: Sock.sinaddr:  24.217.224.212
Write_to_descriptor: Broken pipe
Write_to_descriptor: Broken pipe
Write_to_descriptor: Broken pipe
Write_to_descriptor: Broken pipe
Write_to_descriptor: Broken pipe
Write_to_descriptor: Broken pipe
Write_to_descriptor: Broken pipe
Tue Mar 29 21:26:37 2005 :: Loading Telash.
Tue Mar 29 21:26:37 2005 :: Look out, Darkahn@12.96.43.234.usa2net.net has connected.
Tue Mar 29 21:26:41 2005 :: Sock.sinaddr:  24.81.132.64
Tue Mar 29 21:26:41 2005 :: EOF encountered on read.
Tue Mar 29 21:26:44 2005 :: Sock.sinaddr:  24.217.224.212
New_descriptor: getpeername: Transport endpoint is not connected
Write_to_descriptor: Connection reset by peer
Write_to_descriptor: Broken pipe
Write_to_descriptor: Broken pipe
Write_to_descriptor: Broken pipe
Write_to_descriptor: Broken pipe
Write_to_descriptor: Broken pipe
Write_to_descriptor: Broken pipe
Write_to_descriptor: Broken pipe
Tue Mar 29 21:26:47 2005 :: Look out, Telash@cpe-67-49-185-248.hawaii.res.rr.com has connected.
Tue Mar 29 21:26:52 2005 :: Sock.sinaddr:  69.224.19.236
Tue Mar 29 21:26:52 2005 :: EOF encountered on read.
Tue Mar 29 21:26:52 2005 :: Loading Talwin.
Tue Mar 29 21:26:56 2005 :: Sock.sinaddr:  12.75.26.79
Tue Mar 29 21:26:56 2005 :: Loading Renfrew.
Tue Mar 29 21:26:56 2005 :: Look out, Talwin@S0106000c41488c1b.vc.shawcable.net has connected.
Tue Mar 29 21:27:00 2005 :: Sock.sinaddr:  24.4.169.240
Tue Mar 29 21:27:00 2005 :: Loading Gilean.
Tue Mar 29 21:27:03 2005 :: Sock.sinaddr:  68.53.61.162
Tue Mar 29 21:27:03 2005 :: Look out, Gilean@79.detroit-01rh15-16rt.mi.dial-access.att.net has connected.
Tue Mar 29 21:27:03 2005 :: Look out, Renfrew@fl2-24.217.224.212.charter-stl.com has connected.
Tue Mar 29 21:27:05 2005 :: Sock.sinaddr:  172.209.169.252
Tue Mar 29 21:27:09 2005 :: Loading Ralastine.
Tue Mar 29 21:27:09 2005 :: Ralastine. Bad Password. IP: ACD1A9FC.ipt.aol.com> y
Tue Mar 29 21:27:09 2005 :: Closing link to Ralastine.
Tue Mar 29 21:27:10 2005 :: Loading Drakov.
Tue Mar 29 21:27:12 2005 :: Look out, Drakov@adsl-69-224-19-236.dsl.pltn13.pacbell.net has connected.
Tue Mar 29 21:27:13 2005 :: EOF encountered on read.
Tue Mar 29 21:27:13 2005 :: Closing link to Zolrukel.
Tue Mar 29 21:27:15 2005 :: Sock.sinaddr:  68.53.61.162
Tue Mar 29 21:27:20 2005 :: Loading Solinari.
Tue Mar 29 21:27:22 2005 :: Look out, Solinari@pcp08895676pcs.hcksrd01.tn.comcast.net has connected.
Tue Mar 29 21:27:26 2005 :: Sock.sinaddr:  67.49.185.248
Tue Mar 29 21:27:29 2005 :: Loading Kalorg.
Tue Mar 29 21:27:29 2005 :: Look out, Kalorg@cpe-67-49-185-248.hawaii.res.rr.com has connected.
Tue Mar 29 21:27:45 2005 :: Sock.sinaddr:  68.53.61.162
Tue Mar 29 21:27:51 2005 :: Loading Daniel.
Tue Mar 29 21:27:52 2005 :: Sock.sinaddr:  172.209.169.252
Tue Mar 29 21:27:57 2005 :: Look out, Daniel@pcp08895676pcs.hcksrd01.tn.comcast.net has connected.
Tue Mar 29 21:28:04 2005 :: Loading Ralastine.
Tue Mar 29 21:28:07 2005 :: Look out, Ralastine@ACD1A9FC.ipt.aol.com has connected.
Tue Mar 29 21:28:32 2005 :: Log Gilean: gecho Hold on folks...dunno what just happened, but we're gonna see if a copyover gets things back to normal.
Tue Mar 29 21:28:49 2005 :: Log Gilean: restore all
Tue Mar 29 21:28:49 2005 :: Log Gilean: force all save
Read_from_descriptor: Connection reset by peer
Tue Mar 29 21:28:58 2005 :: Closing link to Darkahn.
Tue Mar 29 21:29:02 2005 :: Log Gilean: asave changed
Tue Mar 29 21:29:02 2005 :: Log Gilean: copyover
Tue Mar 29 21:29:02 2005 :: ROM is ready to rock on port 6100.
Tue Mar 29 21:29:02 2005 :: Copyover recovery initiated
Tue Mar 29 21:29:02 2005 :: Loading Ralastine.
Tue Mar 29 21:29:02 2005 :: Loading Daniel.
Tue Mar 29 21:29:02 2005 :: Loading Kalorg.
Tue Mar 29 21:29:02 2005 :: Loading Solinari.
Tue Mar 29 21:29:02 2005 :: Loading Gilean.
Tue Mar 29 21:29:02 2005 :: Loading Drakov.
Tue Mar 29 21:29:02 2005 :: Loading Renfrew.
Tue Mar 29 21:29:02 2005 :: Loading Talwin.
Tue Mar 29 21:29:02 2005 :: Loading Telash.
Tue Mar 29 21:29:02 2005 :: Loading Zeak.
Tue Mar 29 21:29:02 2005 :: Loading Phosvec.
Tue Mar 29 21:29:02 2005 :: Loading Griswald.
Tue Mar 29 21:29:02 2005 :: Loading Aerogos.
Tue Mar 29 21:29:02 2005 :: Loading Terris.
Tue Mar 29 21:29:08 2005 :: Sock.sinaddr:  12.96.43.234
Tue Mar 29 21:29:13 2005 :: Loading Darkahn.
Tue Mar 29 21:29:13 2005 :: Look out, Darkahn@12.96.43.234.usa2net.net has connected.
Tue Mar 29 21:29:51 2005 :: Sock.sinaddr:  24.4.169.240
Tue Mar 29 21:30:32 2005 :: Talwin has quit.
Tue Mar 29 21:30:35 2005 :: Sock.sinaddr:  24.81.132.64
Tue Mar 29 21:30:38 2005 :: Loading Nicholas.
Tue Mar 29 21:30:40 2005 :: Look out, Nicholas@S0106000c41488c1b.vc.shawcable.net has connected.
Tue Mar 29 21:30:41 2005 :: Sock.sinaddr:  172.209.169.252
Tue Mar 29 21:30:50 2005 :: Loading Ziphid.
Tue Mar 29 21:30:54 2005 :: Sock.sinaddr:  64.168.130.114
Tue Mar 29 21:30:54 2005 :: Look out, Ziphid@ACD1A9FC.ipt.aol.com has connected.
Tue Mar 29 21:30:57 2005 :: Log Gilean: gecho Ok folks...I dunno what, but something got all janky and seems to be causing a glitch. Hang tight, and I'm gonna try a reboot. Thanks for the patience and we'll be back up in about 2 min.
Tue Mar 29 21:30:58 2005 :: Loading Aleksei.
Tue Mar 29 21:30:59 2005 :: Look out, Aleksei@adsl-64-168-130-114.dsl.snfc21.pacbell.net has connected.
Tue Mar 29 21:31:20 2005 :: Zolrukel@c-24-4-169-240.client.comcast.net new player.
Tue Mar 29 21:31:32 2005 :: Log Gilean: shutdown
Tue Mar 29 21:31:32 2005 :: Closing link to Aleksei.
Tue Mar 29 21:31:32 2005 :: Closing link to Ziphid.
Tue Mar 29 21:31:32 2005 :: Closing link to Nicholas.
Tue Mar 29 21:31:32 2005 :: Closing link to Zolrukel.
Tue Mar 29 21:31:32 2005 :: Closing link to Darkahn.
Tue Mar 29 21:31:32 2005 :: Closing link to Terris.
Tue Mar 29 21:31:32 2005 :: Closing link to Aerogos.
Tue Mar 29 21:31:32 2005 :: Closing link to Griswald.
Tue Mar 29 21:31:32 2005 :: Closing link to Phosvec.
Tue Mar 29 21:31:32 2005 :: Closing link to Zeak.
Tue Mar 29 21:31:32 2005 :: Closing link to Telash.
Tue Mar 29 21:31:32 2005 :: Closing link to Renfrew.
Tue Mar 29 21:31:32 2005 :: Closing link to Drakov.
Tue Mar 29 21:31:32 2005 :: Closing link to Gilean.
Tue Mar 29 21:31:32 2005 :: Closing link to Solinari.
Tue Mar 29 21:31:32 2005 :: Closing link to Kalorg.
Tue Mar 29 21:31:32 2005 :: Closing link to Daniel.
Tue Mar 29 21:31:32 2005 :: Closing link to Ralastine.
Tue Mar 29 21:31:33 2005 :: Normal termination of game.
