Wed May 18 23:57:27 2005 :: ROM is ready to rock on port 6100.
Wed May 18 23:57:28 2005 :: Sock.sinaddr:  67.49.185.248
Wed May 18 23:57:30 2005 :: Sock.sinaddr:  67.34.246.142
Wed May 18 23:57:31 2005 :: Loading Kurakoth.
Wed May 18 23:57:31 2005 :: Look out, Kurakoth@adsl-34-246-142.asm.bellsouth.net has connected.
Wed May 18 23:57:32 2005 :: Loading Tyrail.
Wed May 18 23:57:34 2005 :: Look out, Tyrail@cpe-67-49-185-248.hawaii.res.rr.com has connected.
Wed May 18 23:57:34 2005 :: Sock.sinaddr:  219.88.162.99
Wed May 18 23:57:36 2005 :: Sock.sinaddr:  63.230.96.180
Wed May 18 23:57:38 2005 :: Sock.sinaddr:  172.170.43.216
Wed May 18 23:57:40 2005 :: Loading Mishakal.
Wed May 18 23:57:40 2005 :: Sock.sinaddr:  66.227.175.220
Wed May 18 23:57:40 2005 :: Look out, Mishakal@63-230-96-180.albq.qwest.net has connected.
Wed May 18 23:57:45 2005 :: Loading Koran.
Wed May 18 23:57:47 2005 :: Look out, Koran@ACAA2BD8.ipt.aol.com has connected.
Wed May 18 23:57:50 2005 :: Sock.sinaddr:  63.230.96.180
Wed May 18 23:57:50 2005 :: Loading Hiddukel.
Wed May 18 23:57:52 2005 :: Look out, Hiddukel@66-227-175-220.dhcp.klmz.mi.charter.com has connected.
Wed May 18 23:57:53 2005 :: Loading Aleina.
Wed May 18 23:57:53 2005 :: [*****] BUG: Fread_obj: bad vnum 1274.
Wed May 18 23:57:53 2005 :: [*****] BUG: Fread_obj: incomplete object.
Wed May 18 23:57:53 2005 :: [*****] BUG: Fread_obj: bad vnum 1274.
Wed May 18 23:57:53 2005 :: [*****] BUG: Fread_obj: incomplete object.
Wed May 18 23:57:53 2005 :: [*****] BUG: Fread_obj: bad vnum 1274.
Wed May 18 23:57:53 2005 :: [*****] BUG: Fread_obj: incomplete object.
Wed May 18 23:57:54 2005 :: Look out, Aleina@63-230-96-180.albq.qwest.net has connected.
Wed May 18 23:59:09 2005 :: Log Hiddukel: gecho ** Shit.. forgot to compile the code, with new changes .. another REBOOT will be coming **
Wed May 18 23:59:10 2005 :: Loading Cane.
Wed May 18 23:59:14 2005 :: Look out, Cane@219-88-162-99.jetstream.xtra.co.nz has connected.
Wed May 18 23:59:28 2005 :: Log Hiddukel: gecho ** Ok... same as before **
Wed May 18 23:59:35 2005 :: Log Hiddukel: gecho ** Cross your fingers **
Wed May 18 23:59:38 2005 :: Log Hiddukel: reboot
Wed May 18 23:59:38 2005 :: Closing link to Aleina.
Wed May 18 23:59:38 2005 :: Closing link to Hiddukel.
Wed May 18 23:59:38 2005 :: Closing link to Koran.
Wed May 18 23:59:38 2005 :: Closing link to Mishakal.
Wed May 18 23:59:38 2005 :: Closing link to Cane.
Wed May 18 23:59:38 2005 :: Closing link to Kurakoth.
Wed May 18 23:59:38 2005 :: Closing link to Tyrail.
Wed May 18 23:59:39 2005 :: Normal termination of game.
